5.1211 	WARNING 	User requested fullscreen with size [1024  768], but screen is actually [1920, 1080]. Using actual size
5.6708 	EXP 	Created window1 = Window(allowGUI=True, allowStencil=False, autoLog=True, backendConf=UNKNOWN, backgroundFit=<method-wrapper '__getattribute__' of attributeSetter object at 0x000002880BE7FD60>, backgroundImage=<method-wrapper '__getattribute__' of attributeSetter object at 0x000002880BE7FD00>, bitsMode=UNKNOWN, blendMode='avg', bpc=(8, 8, 8), color=array([0, 0, 0]), colorSpace='rgb', depthBits=8, fullscr=<method-wrapper '__getattribute__' of attributeSetter object at 0x000002880BE7FB20>, gamma=None, gammaErrorPolicy='raise', lms=UNKNOWN, monitor=<psychopy.monitors.calibTools.Monitor object at 0x000002880C3CAD00>, multiSample=False, name='window1', numSamples=2, pos=(1920, 789), screen=0, size=array([1920, 1080]), stencilBits=0, stereo=False, title='PsychoPy', units='height', useFBO=True, useRetina=False, viewOri=0.0, viewPos=None, viewScale=None, waitBlanking=True, winType='pyglet')
5.6709 	EXP 	window1: mouseVisible = True
5.6710 	EXP 	window1: backgroundImage = ''
5.6710 	EXP 	window1: backgroundFit = 'none'
5.6721 	EXP 	window1: Attempting to measure frame rate of screen (0) ...
5.6721 	EXP 	window1: recordFrameIntervals = False
5.8373 	EXP 	window1: recordFrameIntervals = True
6.0207 	EXP 	Screen (0) actual frame rate measured at 59.81Hz
6.0207 	EXP 	window1: recordFrameIntervals = False
6.0209 	EXP 	window1: mouseVisible = False
7.6690 	EXP 	untitled: status = STARTED
7.6691 	EXP 	window1: mouseVisible = True
7.6779 	EXP 	Created image = ImageStim(__class__=<class 'psychopy.visual.image.ImageStim'>, anchor=('center', 'center'), autoLog=True, color=array([1., 1., 1.]), colorSpace='rgb', contrast=1.0, depth=0.0, draggable=False, flipHoriz=False, flipVert=False, image='default.png', interpolate=True, mask=None, maskParams=None, name='image', opacity=1.0, ori=0.0, pos=array([-0.5,  0. ]), size=array([0.6, 1. ]), texRes=128.0, units='height', win=Window(...))
7.6779 	EXP 	window1: mouseVisible = True
7.6855 	EXP 	Created image_2 = ImageStim(__class__=<class 'psychopy.visual.image.ImageStim'>, anchor=('center', 'center'), autoLog=True, color=array([1., 1., 1.]), colorSpace='rgb', contrast=1.0, depth=-1.0, draggable=False, flipHoriz=False, flipVert=False, image='default.png', interpolate=True, mask=None, maskParams=None, name='image_2', opacity=1.0, ori=0.0, pos=array([0.5, 0. ]), size=array([0.6, 1. ]), texRes=128.0, units='height', win=Window(...))
7.6857 	EXP 	window1: mouseVisible = True
7.7042 	EXP 	Created text = TextStim(__class__=<class 'psychopy.visual.text.TextStim'>, alignHoriz=method-wrapper(...), alignText='center', alignVert=method-wrapper(...), anchorHoriz='center', anchorVert='center', antialias=True, autoDraw=False, autoLog=True, bold=False, color=array([1., 1., 1.]), colorSpace='rgb', contrast=1.0, depth=0.0, draggable=False, flipHoriz=False, flipVert=False, font='Open Sans', fontFiles=[], height=0.05, italic=False, languageStyle='LTR', name='text', opacity=1.0, ori=0.0, pos=array([0., 0.]), rgb=UNKNOWN, text='', units='height', win=Window(...), wrapWidth=1)
7.7043 	EXP 	window1: mouseVisible = True
7.7051 	EXP 	Created text_2 = TextStim(__class__=<class 'psychopy.visual.text.TextStim'>, alignHoriz=method-wrapper(...), alignText='center', alignVert=method-wrapper(...), anchorHoriz='center', anchorVert='center', antialias=True, autoDraw=False, autoLog=True, bold=False, color=array([1., 1., 1.]), colorSpace='rgb', contrast=1.0, depth=-1.0, draggable=False, flipHoriz=False, flipVert=False, font='Open Sans', fontFiles=[], height=0.05, italic=False, languageStyle='LTR', name='text_2', opacity=1.0, ori=0.0, pos=array([ 0. , -0.1]), rgb=UNKNOWN, text='', units='height', win=Window(...), wrapWidth=1)
7.7052 	EXP 	window1: mouseVisible = True
7.7058 	EXP 	Created text_3 = TextStim(__class__=<class 'psychopy.visual.text.TextStim'>, alignHoriz=method-wrapper(...), alignText='center', alignVert=method-wrapper(...), anchorHoriz='center', anchorVert='center', antialias=True, autoDraw=False, autoLog=True, bold=False, color=array([1., 1., 1.]), colorSpace='rgb', contrast=1.0, depth=-2.0, draggable=False, flipHoriz=False, flipVert=False, font='Open Sans', fontFiles=[], height=0.05, italic=False, languageStyle='LTR', name='text_3', opacity=1.0, ori=0.0, pos=array([ 0. , -0.2]), rgb=UNKNOWN, text='', units='height', win=Window(...), wrapWidth=1)
7.7059 	EXP 	window1: mouseVisible = True
7.7066 	EXP 	Created text_4 = TextStim(__class__=<class 'psychopy.visual.text.TextStim'>, alignHoriz=method-wrapper(...), alignText='center', alignVert=method-wrapper(...), anchorHoriz='center', anchorVert='center', antialias=True, autoDraw=False, autoLog=True, bold=False, color=array([1., 1., 1.]), colorSpace='rgb', contrast=1.0, depth=-3.0, draggable=False, flipHoriz=False, flipVert=False, font='Open Sans', fontFiles=[], height=0.05, italic=False, languageStyle='LTR', name='text_4', opacity=1.0, ori=0.0, pos=array([ 0. , -0.3]), rgb=UNKNOWN, text='', units='height', win=Window(...), wrapWidth=1)
7.7066 	EXP 	window1: mouseVisible = True
7.7073 	EXP 	Created text_5 = TextStim(__class__=<class 'psychopy.visual.text.TextStim'>, alignHoriz=method-wrapper(...), alignText='center', alignVert=method-wrapper(...), anchorHoriz='center', anchorVert='center', antialias=True, autoDraw=False, autoLog=True, bold=False, color=array([1., 1., 1.]), colorSpace='rgb', contrast=1.0, depth=-4.0, draggable=False, flipHoriz=False, flipVert=False, font='Open Sans', fontFiles=[], height=0.05, italic=False, languageStyle='LTR', name='text_5', opacity=1.0, ori=0.0, pos=array([ 0. , -0.4]), rgb=UNKNOWN, text='', units='height', win=Window(...), wrapWidth=1)
7.7074 	EXP 	window1: mouseVisible = True
7.7080 	EXP 	Created text_6 = TextStim(__class__=<class 'psychopy.visual.text.TextStim'>, alignHoriz=method-wrapper(...), alignText='center', alignVert=method-wrapper(...), anchorHoriz='center', anchorVert='center', antialias=True, autoDraw=False, autoLog=True, bold=False, color=array([1., 1., 1.]), colorSpace='rgb', contrast=1.0, depth=-5.0, draggable=False, flipHoriz=False, flipVert=False, font='Open Sans', fontFiles=[], height=0.05, italic=False, languageStyle='LTR', name='text_6', opacity=1.0, ori=0.0, pos=array([ 0. , -0.5]), rgb=UNKNOWN, text='', units='height', win=Window(...), wrapWidth=1)
0.0082 	EXP 	Imported trials_coche.csv as conditions, 9 conditions, 14 params
0.0085 	EXP 	Created sequence: random, trialTypes=9, nReps=1, seed=None
0.0087 	EXP 	New trial (rep=0, index=0): OrderedDict([('imagen1', 'C:\\Users\\david\\OneDrive\\Documentos\\imagenes_coche\\pngs\\17.png'), ('imagen2', 'C:\\Users\\david\\OneDrive\\Documentos\\imagenes_coche\\pngs\\18.png'), ('hm1', -1), ('cp1', -1), ('ai1', 1), ('pa1', 0), ('vr1', 1), ('cl1', 0), ('hm2', 1), ('cp2', 1), ('ai2', -1), ('pa2', 0), ('vr2', -1), ('cl2', 0)])
0.0090 	DEPRECATION 	Couldn't find image C:\Users\david\OneDrive\Documentos\imagenes_coche\pngs\17.png; check path? (tried: C:\Users\david\OneDrive\Documentos\imagenes_coche\pngs\17.png)
0.0668 	EXP 	window1: mouseVisible = True
