8.6688 	WARNING 	User requested fullscreen with size [1024  768], but screen is actually [1920, 1080]. Using actual size
9.5061 	EXP 	Created window1 = Window(allowGUI=True, allowStencil=False, autoLog=True, backendConf=UNKNOWN, backgroundFit=<method-wrapper '__getattribute__' of attributeSetter object at 0x000002AC91DFFE50>, backgroundImage=<method-wrapper '__getattribute__' of attributeSetter object at 0x000002AC91DFFDF0>, bitsMode=UNKNOWN, blendMode='avg', bpc=(8, 8, 8), color=array([0, 0, 0]), colorSpace='rgb', depthBits=8, fullscr=<method-wrapper '__getattribute__' of attributeSetter object at 0x000002AC91DFFC10>, gamma=None, gammaErrorPolicy='raise', lms=UNKNOWN, monitor=<psychopy.monitors.calibTools.Monitor object at 0x000002AC923CCD90>, multiSample=False, name='window1', numSamples=2, pos=(1920, 789), screen=0, size=array([1920, 1080]), stencilBits=0, stereo=False, title='PsychoPy', units='height', useFBO=True, useRetina=False, viewOri=0.0, viewPos=None, viewScale=None, waitBlanking=True, winType='pyglet')
9.5062 	EXP 	window1: mouseVisible = True
9.5062 	EXP 	window1: backgroundImage = ''
9.5062 	EXP 	window1: backgroundFit = 'none'
9.5076 	EXP 	window1: Attempting to measure frame rate of screen (0) ...
9.5076 	EXP 	window1: recordFrameIntervals = False
9.6731 	EXP 	window1: recordFrameIntervals = True
9.8564 	EXP 	Screen (0) actual frame rate measured at 60.52Hz
9.8565 	EXP 	window1: recordFrameIntervals = False
9.8565 	EXP 	window1: mouseVisible = False
12.3888 	EXP 	untitled: status = STARTED
12.3890 	EXP 	window1: mouseVisible = True
12.4034 	EXP 	Created image = ImageStim(__class__=<class 'psychopy.visual.image.ImageStim'>, anchor=('center', 'center'), autoLog=True, color=array([1., 1., 1.]), colorSpace='rgb', contrast=1.0, depth=0.0, draggable=False, flipHoriz=False, flipVert=False, image='default.png', interpolate=True, mask=None, maskParams=None, name='image', opacity=1.0, ori=0.0, pos=array([-0.5,  0. ]), size=array([0.6, 1. ]), texRes=128.0, units='height', win=Window(...))
12.4036 	EXP 	window1: mouseVisible = True
12.4119 	EXP 	Created image_2 = ImageStim(__class__=<class 'psychopy.visual.image.ImageStim'>, anchor=('center', 'center'), autoLog=True, color=array([1., 1., 1.]), colorSpace='rgb', contrast=1.0, depth=-1.0, draggable=False, flipHoriz=False, flipVert=False, image='default.png', interpolate=True, mask=None, maskParams=None, name='image_2', opacity=1.0, ori=0.0, pos=array([0.5, 0. ]), size=array([0.6, 1. ]), texRes=128.0, units='height', win=Window(...))
12.4120 	EXP 	window1: mouseVisible = True
12.4640 	EXP 	Created text = TextStim(__class__=<class 'psychopy.visual.text.TextStim'>, alignHoriz=method-wrapper(...), alignText='center', alignVert=method-wrapper(...), anchorHoriz='center', anchorVert='center', antialias=True, autoDraw=False, autoLog=True, bold=False, color=array([1., 1., 1.]), colorSpace='rgb', contrast=1.0, depth=0.0, draggable=False, flipHoriz=False, flipVert=False, font='Open Sans', fontFiles=[], height=0.05, italic=False, languageStyle='LTR', name='text', opacity=1.0, ori=0.0, pos=array([0. , 0.3]), rgb=UNKNOWN, text='', units='height', win=Window(...), wrapWidth=1)
12.4641 	EXP 	window1: mouseVisible = True
12.4649 	EXP 	Created text_2 = TextStim(__class__=<class 'psychopy.visual.text.TextStim'>, alignHoriz=method-wrapper(...), alignText='center', alignVert=method-wrapper(...), anchorHoriz='center', anchorVert='center', antialias=True, autoDraw=False, autoLog=True, bold=False, color=array([1., 1., 1.]), colorSpace='rgb', contrast=1.0, depth=-1.0, draggable=False, flipHoriz=False, flipVert=False, font='Open Sans', fontFiles=[], height=0.05, italic=False, languageStyle='LTR', name='text_2', opacity=1.0, ori=0.0, pos=array([0. , 0.2]), rgb=UNKNOWN, text='', units='height', win=Window(...), wrapWidth=1)
12.4650 	EXP 	window1: mouseVisible = True
12.4656 	EXP 	Created text_3 = TextStim(__class__=<class 'psychopy.visual.text.TextStim'>, alignHoriz=method-wrapper(...), alignText='center', alignVert=method-wrapper(...), anchorHoriz='center', anchorVert='center', antialias=True, autoDraw=False, autoLog=True, bold=False, color=array([1., 1., 1.]), colorSpace='rgb', contrast=1.0, depth=-2.0, draggable=False, flipHoriz=False, flipVert=False, font='Open Sans', fontFiles=[], height=0.05, italic=False, languageStyle='LTR', name='text_3', opacity=1.0, ori=0.0, pos=array([0. , 0.1]), rgb=UNKNOWN, text='', units='height', win=Window(...), wrapWidth=1)
12.4657 	EXP 	window1: mouseVisible = True
12.4662 	EXP 	Created text_4 = TextStim(__class__=<class 'psychopy.visual.text.TextStim'>, alignHoriz=method-wrapper(...), alignText='center', alignVert=method-wrapper(...), anchorHoriz='center', anchorVert='center', antialias=True, autoDraw=False, autoLog=True, bold=False, color=array([1., 1., 1.]), colorSpace='rgb', contrast=1.0, depth=-3.0, draggable=False, flipHoriz=False, flipVert=False, font='Open Sans', fontFiles=[], height=0.05, italic=False, languageStyle='LTR', name='text_4', opacity=1.0, ori=0.0, pos=array([0., 0.]), rgb=UNKNOWN, text='', units='height', win=Window(...), wrapWidth=1)
12.4663 	EXP 	window1: mouseVisible = True
12.4668 	EXP 	Created text_5 = TextStim(__class__=<class 'psychopy.visual.text.TextStim'>, alignHoriz=method-wrapper(...), alignText='center', alignVert=method-wrapper(...), anchorHoriz='center', anchorVert='center', antialias=True, autoDraw=False, autoLog=True, bold=False, color=array([1., 1., 1.]), colorSpace='rgb', contrast=1.0, depth=-4.0, draggable=False, flipHoriz=False, flipVert=False, font='Open Sans', fontFiles=[], height=0.05, italic=False, languageStyle='LTR', name='text_5', opacity=1.0, ori=0.0, pos=array([ 0. , -0.1]), rgb=UNKNOWN, text='', units='height', win=Window(...), wrapWidth=1)
12.4669 	EXP 	window1: mouseVisible = True
12.4674 	EXP 	Created text_6 = TextStim(__class__=<class 'psychopy.visual.text.TextStim'>, alignHoriz=method-wrapper(...), alignText='center', alignVert=method-wrapper(...), anchorHoriz='center', anchorVert='center', antialias=True, autoDraw=False, autoLog=True, bold=False, color=array([1., 1., 1.]), colorSpace='rgb', contrast=1.0, depth=-5.0, draggable=False, flipHoriz=False, flipVert=False, font='Open Sans', fontFiles=[], height=0.05, italic=False, languageStyle='LTR', name='text_6', opacity=1.0, ori=0.0, pos=array([ 0. , -0.2]), rgb=UNKNOWN, text='', units='height', win=Window(...), wrapWidth=1)
12.4675 	EXP 	window1: mouseVisible = True
12.5476 	EXP 	Created text_7 = TextStim(__class__=<class 'psychopy.visual.text.TextStim'>, alignHoriz=method-wrapper(...), alignText='center', alignVert=method-wrapper(...), anchorHoriz='center', anchorVert='center', antialias=True, autoDraw=False, autoLog=True, bold=False, color=array([1., 1., 1.]), colorSpace='rgb', contrast=1.0, depth=-6.0, draggable=False, flipHoriz=False, flipVert=False, font='Open Sans', fontFiles=[], height=0.05, italic=False, languageStyle='LTR', name='text_7', opacity=1.0, ori=0.0, pos=array([ 0. , -0.4]), rgb=UNKNOWN, text='Para salir, pulsa "space"', units='height', win=Window(...), wrapWidth=1)
0.0162 	EXP 	Imported trials_coche.csv as conditions, 40 conditions, 14 params
0.0174 	EXP 	Created sequence: random, trialTypes=40, nReps=1, seed=None
0.0175 	EXP 	New trial (rep=0, index=0): OrderedDict([('imagen1', 'C:\\Users\\david\\OneDrive\\Documentos\\GitHub\\OpenBrains\\coche_autonomo\\pngs\\5.png'), ('imagen2', 'C:\\Users\\david\\OneDrive\\Documentos\\GitHub\\OpenBrains\\coche_autonomo\\pngs\\6.png'), ('hm1', 0), ('cp1', 1), ('ai1', 1), ('pa1', 0), ('vr1', -1), ('cl1', 0), ('hm2', 0), ('cp2', -1), ('ai2', -1), ('pa2', 0), ('vr2', 1), ('cl2', 0)])
0.1779 	EXP 	image: image = 'C:\\Users\\david\\OneDrive\\Documentos\\GitHub\\OpenBrains\\coche_autonomo\\pngs\\5.png'
0.1779 	EXP 	image_2: image = 'C:\\Users\\david\\OneDrive\\Documentos\\GitHub\\OpenBrains\\coche_autonomo\\pngs\\6.png'
0.1779 	EXP 	image: autoDraw = True
0.1779 	EXP 	image_2: autoDraw = True
4.6166 	EXP 	New trial (rep=0, index=1): OrderedDict([('imagen1', 'C:\\Users\\david\\OneDrive\\Documentos\\GitHub\\OpenBrains\\coche_autonomo\\pngs\\57.png'), ('imagen2', 'C:\\Users\\david\\OneDrive\\Documentos\\GitHub\\OpenBrains\\coche_autonomo\\pngs\\58.png'), ('hm1', 0), ('cp1', -1), ('ai1', 1), ('pa1', 0), ('vr1', 1), ('cl1', 0), ('hm2', 0), ('cp2', 1), ('ai2', -1), ('pa2', 0), ('vr2', -1), ('cl2', 0)])
4.7473 	DATA 	Keypress: right
4.7550 	EXP 	image: autoDraw = False
4.7550 	EXP 	image_2: autoDraw = False
4.7550 	EXP 	image: image = 'C:\\Users\\david\\OneDrive\\Documentos\\GitHub\\OpenBrains\\coche_autonomo\\pngs\\57.png'
4.7550 	EXP 	image_2: image = 'C:\\Users\\david\\OneDrive\\Documentos\\GitHub\\OpenBrains\\coche_autonomo\\pngs\\58.png'
4.7550 	EXP 	image: autoDraw = True
4.7550 	EXP 	image_2: autoDraw = True
6.5025 	EXP 	New trial (rep=0, index=2): OrderedDict([('imagen1', 'C:\\Users\\david\\OneDrive\\Documentos\\GitHub\\OpenBrains\\coche_autonomo\\pngs\\15.png'), ('imagen2', 'C:\\Users\\david\\OneDrive\\Documentos\\GitHub\\OpenBrains\\coche_autonomo\\pngs\\16.png'), ('hm1', 0), ('cp1', 1), ('ai1', 1), ('pa1', 0), ('vr1', 1), ('cl1', 0), ('hm2', 0), ('cp2', -1), ('ai2', -1), ('pa2', 0), ('vr2', -1), ('cl2', 0)])
6.6444 	DATA 	Keypress: right
6.6648 	EXP 	image: autoDraw = False
6.6648 	EXP 	image_2: autoDraw = False
6.6648 	EXP 	image: image = 'C:\\Users\\david\\OneDrive\\Documentos\\GitHub\\OpenBrains\\coche_autonomo\\pngs\\15.png'
6.6648 	EXP 	image_2: image = 'C:\\Users\\david\\OneDrive\\Documentos\\GitHub\\OpenBrains\\coche_autonomo\\pngs\\16.png'
6.6648 	EXP 	image: autoDraw = True
6.6648 	EXP 	image_2: autoDraw = True
10.1224 	EXP 	New trial (rep=0, index=3): OrderedDict([('imagen1', 'C:\\Users\\david\\OneDrive\\Documentos\\GitHub\\OpenBrains\\coche_autonomo\\pngs\\23.png'), ('imagen2', 'C:\\Users\\david\\OneDrive\\Documentos\\GitHub\\OpenBrains\\coche_autonomo\\pngs\\24.png'), ('hm1', 1), ('cp1', 1), ('ai1', 1), ('pa1', 0), ('vr1', 1), ('cl1', 0), ('hm2', -1), ('cp2', -1), ('ai2', -1), ('pa2', 0), ('vr2', -1), ('cl2', 0)])
10.2563 	DATA 	Keypress: right
10.2644 	EXP 	image: autoDraw = False
10.2644 	EXP 	image_2: autoDraw = False
10.2644 	EXP 	image: image = 'C:\\Users\\david\\OneDrive\\Documentos\\GitHub\\OpenBrains\\coche_autonomo\\pngs\\23.png'
10.2644 	EXP 	image_2: image = 'C:\\Users\\david\\OneDrive\\Documentos\\GitHub\\OpenBrains\\coche_autonomo\\pngs\\24.png'
10.2644 	EXP 	image: autoDraw = True
10.2644 	EXP 	image_2: autoDraw = True
14.5275 	EXP 	New trial (rep=0, index=4): OrderedDict([('imagen1', 'C:\\Users\\david\\OneDrive\\Documentos\\GitHub\\OpenBrains\\coche_autonomo\\pngs\\73.png'), ('imagen2', 'C:\\Users\\david\\OneDrive\\Documentos\\GitHub\\OpenBrains\\coche_autonomo\\pngs\\74.png'), ('hm1', 0), ('cp1', -1), ('ai1', 1), ('pa1', 0), ('vr1', 1), ('cl1', 1), ('hm2', 0), ('cp2', 1), ('ai2', -1), ('pa2', 0), ('vr2', -1), ('cl2', -1)])
14.6638 	DATA 	Keypress: right
14.6837 	EXP 	image: autoDraw = False
14.6837 	EXP 	image_2: autoDraw = False
14.6837 	EXP 	image: image = 'C:\\Users\\david\\OneDrive\\Documentos\\GitHub\\OpenBrains\\coche_autonomo\\pngs\\73.png'
14.6837 	EXP 	image_2: image = 'C:\\Users\\david\\OneDrive\\Documentos\\GitHub\\OpenBrains\\coche_autonomo\\pngs\\74.png'
14.6837 	EXP 	image: autoDraw = True
14.6837 	EXP 	image_2: autoDraw = True
16.5120 	EXP 	New trial (rep=0, index=5): OrderedDict([('imagen1', 'C:\\Users\\david\\OneDrive\\Documentos\\GitHub\\OpenBrains\\coche_autonomo\\pngs\\9.png'), ('imagen2', 'C:\\Users\\david\\OneDrive\\Documentos\\GitHub\\OpenBrains\\coche_autonomo\\pngs\\10.png'), ('hm1', 0), ('cp1', -1), ('ai1', 1), ('pa1', 0), ('vr1', 1), ('cl1', 0), ('hm2', 0), ('cp2', 1), ('ai2', -1), ('pa2', 0), ('vr2', -1), ('cl2', 0)])
16.6415 	DATA 	Keypress: right
16.6499 	EXP 	image: autoDraw = False
16.6499 	EXP 	image_2: autoDraw = False
16.6499 	EXP 	image: image = 'C:\\Users\\david\\OneDrive\\Documentos\\GitHub\\OpenBrains\\coche_autonomo\\pngs\\9.png'
16.6499 	EXP 	image_2: image = 'C:\\Users\\david\\OneDrive\\Documentos\\GitHub\\OpenBrains\\coche_autonomo\\pngs\\10.png'
16.6499 	EXP 	image: autoDraw = True
16.6499 	EXP 	image_2: autoDraw = True
21.9518 	EXP 	New trial (rep=0, index=6): OrderedDict([('imagen1', 'C:\\Users\\david\\OneDrive\\Documentos\\GitHub\\OpenBrains\\coche_autonomo\\pngs\\67.png'), ('imagen2', 'C:\\Users\\david\\OneDrive\\Documentos\\GitHub\\OpenBrains\\coche_autonomo\\pngs\\68.png'), ('hm1', 0), ('cp1', -1), ('ai1', 1), ('pa1', 0), ('vr1', -1), ('cl1', -1), ('hm2', 0), ('cp2', 1), ('ai2', -1), ('pa2', 0), ('vr2', 1), ('cl2', 1)])
22.1024 	DATA 	Keypress: right
22.1208 	EXP 	image: autoDraw = False
22.1208 	EXP 	image_2: autoDraw = False
22.1208 	EXP 	image: image = 'C:\\Users\\david\\OneDrive\\Documentos\\GitHub\\OpenBrains\\coche_autonomo\\pngs\\67.png'
22.1208 	EXP 	image_2: image = 'C:\\Users\\david\\OneDrive\\Documentos\\GitHub\\OpenBrains\\coche_autonomo\\pngs\\68.png'
22.1208 	EXP 	image: autoDraw = True
22.1208 	EXP 	image_2: autoDraw = True
23.1186 	EXP 	New trial (rep=0, index=7): OrderedDict([('imagen1', 'C:\\Users\\david\\OneDrive\\Documentos\\GitHub\\OpenBrains\\coche_autonomo\\pngs\\43.png'), ('imagen2', 'C:\\Users\\david\\OneDrive\\Documentos\\GitHub\\OpenBrains\\coche_autonomo\\pngs\\44.png'), ('hm1', 0), ('cp1', -1), ('ai1', 1), ('pa1', -1), ('vr1', -1), ('cl1', 0), ('hm2', 0), ('cp2', 1), ('ai2', -1), ('pa2', 1), ('vr2', 1), ('cl2', 0)])
23.2537 	DATA 	Keypress: right
23.2629 	EXP 	image: autoDraw = False
23.2629 	EXP 	image_2: autoDraw = False
23.2629 	EXP 	image: image = 'C:\\Users\\david\\OneDrive\\Documentos\\GitHub\\OpenBrains\\coche_autonomo\\pngs\\43.png'
23.2629 	EXP 	image_2: image = 'C:\\Users\\david\\OneDrive\\Documentos\\GitHub\\OpenBrains\\coche_autonomo\\pngs\\44.png'
23.2629 	EXP 	image: autoDraw = True
23.2629 	EXP 	image_2: autoDraw = True
23.9371 	DATA 	Keypress: right
23.9534 	EXP 	New trial (rep=0, index=8): OrderedDict([('imagen1', 'C:\\Users\\david\\OneDrive\\Documentos\\GitHub\\OpenBrains\\coche_autonomo\\pngs\\45.png'), ('imagen2', 'C:\\Users\\david\\OneDrive\\Documentos\\GitHub\\OpenBrains\\coche_autonomo\\pngs\\46.png'), ('hm1', 0), ('cp1', 1), ('ai1', 1), ('pa1', 1), ('vr1', -1), ('cl1', 0), ('hm2', 0), ('cp2', -1), ('ai2', -1), ('pa2', -1), ('vr2', 1), ('cl2', 0)])
24.1294 	EXP 	image: autoDraw = False
24.1294 	EXP 	image_2: autoDraw = False
24.1294 	EXP 	image: image = 'C:\\Users\\david\\OneDrive\\Documentos\\GitHub\\OpenBrains\\coche_autonomo\\pngs\\45.png'
24.1294 	EXP 	image_2: image = 'C:\\Users\\david\\OneDrive\\Documentos\\GitHub\\OpenBrains\\coche_autonomo\\pngs\\46.png'
24.1294 	EXP 	image: autoDraw = True
24.1294 	EXP 	image_2: autoDraw = True
25.2212 	EXP 	New trial (rep=0, index=9): OrderedDict([('imagen1', 'C:\\Users\\david\\OneDrive\\Documentos\\GitHub\\OpenBrains\\coche_autonomo\\pngs\\71.png'), ('imagen2', 'C:\\Users\\david\\OneDrive\\Documentos\\GitHub\\OpenBrains\\coche_autonomo\\pngs\\72.png'), ('hm1', 0), ('cp1', 1), ('ai1', 1), ('pa1', 0), ('vr1', 1), ('cl1', 1), ('hm2', 0), ('cp2', -1), ('ai2', -1), ('pa2', 0), ('vr2', -1), ('cl2', -1)])
25.3579 	DATA 	Keypress: right
25.3765 	EXP 	image: autoDraw = False
25.3765 	EXP 	image_2: autoDraw = False
25.3765 	EXP 	image: image = 'C:\\Users\\david\\OneDrive\\Documentos\\GitHub\\OpenBrains\\coche_autonomo\\pngs\\71.png'
25.3765 	EXP 	image_2: image = 'C:\\Users\\david\\OneDrive\\Documentos\\GitHub\\OpenBrains\\coche_autonomo\\pngs\\72.png'
25.3765 	EXP 	image: autoDraw = True
25.3765 	EXP 	image_2: autoDraw = True
26.0887 	EXP 	New trial (rep=0, index=10): OrderedDict([('imagen1', 'C:\\Users\\david\\OneDrive\\Documentos\\GitHub\\OpenBrains\\coche_autonomo\\pngs\\61.png'), ('imagen2', 'C:\\Users\\david\\OneDrive\\Documentos\\GitHub\\OpenBrains\\coche_autonomo\\pngs\\62.png'), ('hm1', 0), ('cp1', 1), ('ai1', 1), ('pa1', 0), ('vr1', -1), ('cl1', 0), ('hm2', 0), ('cp2', -1), ('ai2', -1), ('pa2', 0), ('vr2', 1), ('cl2', 0)])
26.2335 	DATA 	Keypress: right
26.2555 	EXP 	image: autoDraw = False
26.2555 	EXP 	image_2: autoDraw = False
26.2555 	EXP 	image: image = 'C:\\Users\\david\\OneDrive\\Documentos\\GitHub\\OpenBrains\\coche_autonomo\\pngs\\61.png'
26.2555 	EXP 	image_2: image = 'C:\\Users\\david\\OneDrive\\Documentos\\GitHub\\OpenBrains\\coche_autonomo\\pngs\\62.png'
26.2555 	EXP 	image: autoDraw = True
26.2555 	EXP 	image_2: autoDraw = True
26.9559 	EXP 	New trial (rep=0, index=11): OrderedDict([('imagen1', 'C:\\Users\\david\\OneDrive\\Documentos\\GitHub\\OpenBrains\\coche_autonomo\\pngs\\53.png'), ('imagen2', 'C:\\Users\\david\\OneDrive\\Documentos\\GitHub\\OpenBrains\\coche_autonomo\\pngs\\54.png'), ('hm1', 0), ('cp1', 1), ('ai1', 1), ('pa1', -1), ('vr1', -1), ('cl1', 0), ('hm2', 0), ('cp2', -1), ('ai2', -1), ('pa2', 1), ('vr2', 1), ('cl2', 0)])
27.0976 	DATA 	Keypress: right
27.1061 	EXP 	image: autoDraw = False
27.1061 	EXP 	image_2: autoDraw = False
27.1061 	EXP 	image: image = 'C:\\Users\\david\\OneDrive\\Documentos\\GitHub\\OpenBrains\\coche_autonomo\\pngs\\53.png'
27.1061 	EXP 	image_2: image = 'C:\\Users\\david\\OneDrive\\Documentos\\GitHub\\OpenBrains\\coche_autonomo\\pngs\\54.png'
27.1061 	EXP 	image: autoDraw = True
27.1061 	EXP 	image_2: autoDraw = True
28.0110 	EXP 	New trial (rep=0, index=12): OrderedDict([('imagen1', 'C:\\Users\\david\\OneDrive\\Documentos\\GitHub\\OpenBrains\\coche_autonomo\\pngs\\35.png'), ('imagen2', 'C:\\Users\\david\\OneDrive\\Documentos\\GitHub\\OpenBrains\\coche_autonomo\\pngs\\36.png'), ('hm1', 0), ('cp1', -1), ('ai1', 1), ('pa1', 0), ('vr1', -1), ('cl1', 0), ('hm2', 0), ('cp2', 1), ('ai2', -1), ('pa2', 0), ('vr2', 1), ('cl2', 0)])
28.1410 	DATA 	Keypress: right
28.1567 	EXP 	image: autoDraw = False
28.1567 	EXP 	image_2: autoDraw = False
28.1567 	EXP 	image: image = 'C:\\Users\\david\\OneDrive\\Documentos\\GitHub\\OpenBrains\\coche_autonomo\\pngs\\35.png'
28.1567 	EXP 	image_2: image = 'C:\\Users\\david\\OneDrive\\Documentos\\GitHub\\OpenBrains\\coche_autonomo\\pngs\\36.png'
28.1567 	EXP 	image: autoDraw = True
28.1567 	EXP 	image_2: autoDraw = True
29.0415 	EXP 	New trial (rep=0, index=13): OrderedDict([('imagen1', 'C:\\Users\\david\\OneDrive\\Documentos\\GitHub\\OpenBrains\\coche_autonomo\\pngs\\19.png'), ('imagen2', 'C:\\Users\\david\\OneDrive\\Documentos\\GitHub\\OpenBrains\\coche_autonomo\\pngs\\20.png'), ('hm1', -1), ('cp1', -1), ('ai1', 1), ('pa1', 0), ('vr1', -1), ('cl1', 0), ('hm2', 1), ('cp2', 1), ('ai2', -1), ('pa2', 0), ('vr2', 1), ('cl2', 0)])
29.1698 	DATA 	Keypress: right
29.1771 	EXP 	image: autoDraw = False
29.1771 	EXP 	image_2: autoDraw = False
29.1771 	EXP 	image: image = 'C:\\Users\\david\\OneDrive\\Documentos\\GitHub\\OpenBrains\\coche_autonomo\\pngs\\19.png'
29.1771 	EXP 	image_2: image = 'C:\\Users\\david\\OneDrive\\Documentos\\GitHub\\OpenBrains\\coche_autonomo\\pngs\\20.png'
29.1771 	EXP 	image: autoDraw = True
29.1771 	EXP 	image_2: autoDraw = True
32.4278 	EXP 	New trial (rep=0, index=14): OrderedDict([('imagen1', 'C:\\Users\\david\\OneDrive\\Documentos\\GitHub\\OpenBrains\\coche_autonomo\\pngs\\7.png'), ('imagen2', 'C:\\Users\\david\\OneDrive\\Documentos\\GitHub\\OpenBrains\\coche_autonomo\\pngs\\8.png'), ('hm1', 0), ('cp1', 1), ('ai1', 1), ('pa1', 0), ('vr1', 1), ('cl1', 0), ('hm2', 0), ('cp2', -1), ('ai2', -1), ('pa2', 0), ('vr2', -1), ('cl2', 0)])
32.5554 	DATA 	Keypress: left
32.5634 	EXP 	image: autoDraw = False
32.5634 	EXP 	image_2: autoDraw = False
32.5634 	EXP 	image: image = 'C:\\Users\\david\\OneDrive\\Documentos\\GitHub\\OpenBrains\\coche_autonomo\\pngs\\7.png'
32.5634 	EXP 	image_2: image = 'C:\\Users\\david\\OneDrive\\Documentos\\GitHub\\OpenBrains\\coche_autonomo\\pngs\\8.png'
32.5634 	EXP 	image: autoDraw = True
32.5634 	EXP 	image_2: autoDraw = True
33.7298 	DATA 	Keypress: right
33.7461 	EXP 	New trial (rep=0, index=15): OrderedDict([('imagen1', 'C:\\Users\\david\\OneDrive\\Documentos\\GitHub\\OpenBrains\\coche_autonomo\\pngs\\55.png'), ('imagen2', 'C:\\Users\\david\\OneDrive\\Documentos\\GitHub\\OpenBrains\\coche_autonomo\\pngs\\56.png'), ('hm1', 0), ('cp1', 1), ('ai1', 1), ('pa1', -1), ('vr1', 1), ('cl1', 0), ('hm2', 0), ('cp2', -1), ('ai2', -1), ('pa2', 1), ('vr2', -1), ('cl2', 0)])
33.8884 	EXP 	image: autoDraw = False
33.8884 	EXP 	image_2: autoDraw = False
33.8884 	EXP 	image: image = 'C:\\Users\\david\\OneDrive\\Documentos\\GitHub\\OpenBrains\\coche_autonomo\\pngs\\55.png'
33.8884 	EXP 	image_2: image = 'C:\\Users\\david\\OneDrive\\Documentos\\GitHub\\OpenBrains\\coche_autonomo\\pngs\\56.png'
33.8884 	EXP 	image: autoDraw = True
33.8884 	EXP 	image_2: autoDraw = True
35.3643 	EXP 	New trial (rep=0, index=16): OrderedDict([('imagen1', 'C:\\Users\\david\\OneDrive\\Documentos\\GitHub\\OpenBrains\\coche_autonomo\\pngs\\41.png'), ('imagen2', 'C:\\Users\\david\\OneDrive\\Documentos\\GitHub\\OpenBrains\\coche_autonomo\\pngs\\42.png'), ('hm1', 0), ('cp1', -1), ('ai1', 1), ('pa1', -1), ('vr1', 1), ('cl1', 0), ('hm2', 0), ('cp2', 1), ('ai2', -1), ('pa2', 1), ('vr2', -1), ('cl2', 0)])
35.5015 	DATA 	Keypress: right
35.5210 	EXP 	image: autoDraw = False
35.5210 	EXP 	image_2: autoDraw = False
35.5210 	EXP 	image: image = 'C:\\Users\\david\\OneDrive\\Documentos\\GitHub\\OpenBrains\\coche_autonomo\\pngs\\41.png'
35.5210 	EXP 	image_2: image = 'C:\\Users\\david\\OneDrive\\Documentos\\GitHub\\OpenBrains\\coche_autonomo\\pngs\\42.png'
35.5210 	EXP 	image: autoDraw = True
35.5210 	EXP 	image_2: autoDraw = True
36.4988 	EXP 	New trial (rep=0, index=17): OrderedDict([('imagen1', 'C:\\Users\\david\\OneDrive\\Documentos\\GitHub\\OpenBrains\\coche_autonomo\\pngs\\17.png'), ('imagen2', 'C:\\Users\\david\\OneDrive\\Documentos\\GitHub\\OpenBrains\\coche_autonomo\\pngs\\18.png'), ('hm1', -1), ('cp1', -1), ('ai1', 1), ('pa1', 0), ('vr1', 1), ('cl1', 0), ('hm2', 1), ('cp2', 1), ('ai2', -1), ('pa2', 0), ('vr2', -1), ('cl2', 0)])
36.6302 	DATA 	Keypress: right
36.6378 	EXP 	image: autoDraw = False
36.6378 	EXP 	image_2: autoDraw = False
36.6378 	EXP 	image: image = 'C:\\Users\\david\\OneDrive\\Documentos\\GitHub\\OpenBrains\\coche_autonomo\\pngs\\17.png'
36.6378 	EXP 	image_2: image = 'C:\\Users\\david\\OneDrive\\Documentos\\GitHub\\OpenBrains\\coche_autonomo\\pngs\\18.png'
36.6378 	EXP 	image: autoDraw = True
36.6378 	EXP 	image_2: autoDraw = True
38.8181 	EXP 	New trial (rep=0, index=18): OrderedDict([('imagen1', 'C:\\Users\\david\\OneDrive\\Documentos\\GitHub\\OpenBrains\\coche_autonomo\\pngs\\65.png'), ('imagen2', 'C:\\Users\\david\\OneDrive\\Documentos\\GitHub\\OpenBrains\\coche_autonomo\\pngs\\66.png'), ('hm1', 0), ('cp1', -1), ('ai1', 1), ('pa1', 0), ('vr1', 1), ('cl1', -1), ('hm2', 0), ('cp2', 1), ('ai2', -1), ('pa2', 0), ('vr2', -1), ('cl2', 1)])
38.9496 	DATA 	Keypress: left
38.9582 	EXP 	image: autoDraw = False
38.9582 	EXP 	image_2: autoDraw = False
38.9582 	EXP 	image: image = 'C:\\Users\\david\\OneDrive\\Documentos\\GitHub\\OpenBrains\\coche_autonomo\\pngs\\65.png'
38.9582 	EXP 	image_2: image = 'C:\\Users\\david\\OneDrive\\Documentos\\GitHub\\OpenBrains\\coche_autonomo\\pngs\\66.png'
38.9582 	EXP 	image: autoDraw = True
38.9582 	EXP 	image_2: autoDraw = True
40.0194 	EXP 	New trial (rep=0, index=19): OrderedDict([('imagen1', 'C:\\Users\\david\\OneDrive\\Documentos\\GitHub\\OpenBrains\\coche_autonomo\\pngs\\37.png'), ('imagen2', 'C:\\Users\\david\\OneDrive\\Documentos\\GitHub\\OpenBrains\\coche_autonomo\\pngs\\38.png'), ('hm1', 0), ('cp1', 1), ('ai1', 1), ('pa1', 0), ('vr1', -1), ('cl1', 0), ('hm2', 0), ('cp2', -1), ('ai2', -1), ('pa2', 0), ('vr2', 1), ('cl2', 0)])
40.1516 	DATA 	Keypress: right
40.1600 	EXP 	image: autoDraw = False
40.1600 	EXP 	image_2: autoDraw = False
40.1600 	EXP 	image: image = 'C:\\Users\\david\\OneDrive\\Documentos\\GitHub\\OpenBrains\\coche_autonomo\\pngs\\37.png'
40.1600 	EXP 	image_2: image = 'C:\\Users\\david\\OneDrive\\Documentos\\GitHub\\OpenBrains\\coche_autonomo\\pngs\\38.png'
40.1600 	EXP 	image: autoDraw = True
40.1600 	EXP 	image_2: autoDraw = True
41.6032 	EXP 	New trial (rep=0, index=20): OrderedDict([('imagen1', 'C:\\Users\\david\\OneDrive\\Documentos\\GitHub\\OpenBrains\\coche_autonomo\\pngs\\13.png'), ('imagen2', 'C:\\Users\\david\\OneDrive\\Documentos\\GitHub\\OpenBrains\\coche_autonomo\\pngs\\14.png'), ('hm1', 0), ('cp1', 1), ('ai1', 1), ('pa1', 0), ('vr1', -1), ('cl1', 0), ('hm2', 0), ('cp2', -1), ('ai2', -1), ('pa2', 0), ('vr2', 1), ('cl2', 0)])
41.7416 	DATA 	Keypress: right
41.7493 	EXP 	image: autoDraw = False
41.7493 	EXP 	image_2: autoDraw = False
41.7493 	EXP 	image: image = 'C:\\Users\\david\\OneDrive\\Documentos\\GitHub\\OpenBrains\\coche_autonomo\\pngs\\13.png'
41.7493 	EXP 	image_2: image = 'C:\\Users\\david\\OneDrive\\Documentos\\GitHub\\OpenBrains\\coche_autonomo\\pngs\\14.png'
41.7493 	EXP 	image: autoDraw = True
41.7493 	EXP 	image_2: autoDraw = True
44.5400 	EXP 	New trial (rep=0, index=21): OrderedDict([('imagen1', 'C:\\Users\\david\\OneDrive\\Documentos\\GitHub\\OpenBrains\\coche_autonomo\\pngs\\69.png'), ('imagen2', 'C:\\Users\\david\\OneDrive\\Documentos\\GitHub\\OpenBrains\\coche_autonomo\\pngs\\70.png'), ('hm1', 0), ('cp1', 1), ('ai1', 1), ('pa1', 0), ('vr1', -1), ('cl1', 1), ('hm2', 0), ('cp2', -1), ('ai2', -1), ('pa2', 0), ('vr2', 1), ('cl2', -1)])
44.6749 	DATA 	Keypress: right
44.6830 	EXP 	image: autoDraw = False
44.6830 	EXP 	image_2: autoDraw = False
44.6830 	EXP 	image: image = 'C:\\Users\\david\\OneDrive\\Documentos\\GitHub\\OpenBrains\\coche_autonomo\\pngs\\69.png'
44.6830 	EXP 	image_2: image = 'C:\\Users\\david\\OneDrive\\Documentos\\GitHub\\OpenBrains\\coche_autonomo\\pngs\\70.png'
44.6830 	EXP 	image: autoDraw = True
44.6830 	EXP 	image_2: autoDraw = True
46.7424 	EXP 	New trial (rep=0, index=22): OrderedDict([('imagen1', 'C:\\Users\\david\\OneDrive\\Documentos\\GitHub\\OpenBrains\\coche_autonomo\\pngs\\27.png'), ('imagen2', 'C:\\Users\\david\\OneDrive\\Documentos\\GitHub\\OpenBrains\\coche_autonomo\\pngs\\28.png'), ('hm1', 1), ('cp1', -1), ('ai1', 1), ('pa1', 0), ('vr1', -1), ('cl1', 0), ('hm2', -1), ('cp2', 1), ('ai2', -1), ('pa2', 0), ('vr2', 1), ('cl2', 0)])
46.8800 	DATA 	Keypress: right
46.9005 	EXP 	image: autoDraw = False
46.9005 	EXP 	image_2: autoDraw = False
46.9005 	EXP 	image: image = 'C:\\Users\\david\\OneDrive\\Documentos\\GitHub\\OpenBrains\\coche_autonomo\\pngs\\27.png'
46.9005 	EXP 	image_2: image = 'C:\\Users\\david\\OneDrive\\Documentos\\GitHub\\OpenBrains\\coche_autonomo\\pngs\\28.png'
46.9005 	EXP 	image: autoDraw = True
46.9005 	EXP 	image_2: autoDraw = True
49.3944 	EXP 	New trial (rep=0, index=23): OrderedDict([('imagen1', 'C:\\Users\\david\\OneDrive\\Documentos\\GitHub\\OpenBrains\\coche_autonomo\\pngs\\39.png'), ('imagen2', 'C:\\Users\\david\\OneDrive\\Documentos\\GitHub\\OpenBrains\\coche_autonomo\\pngs\\40.png'), ('hm1', 0), ('cp1', 1), ('ai1', 1), ('pa1', 0), ('vr1', 1), ('cl1', 0), ('hm2', 0), ('cp2', -1), ('ai2', -1), ('pa2', 0), ('vr2', -1), ('cl2', 0)])
49.5234 	DATA 	Keypress: right
49.5320 	EXP 	image: autoDraw = False
49.5320 	EXP 	image_2: autoDraw = False
49.5320 	EXP 	image: image = 'C:\\Users\\david\\OneDrive\\Documentos\\GitHub\\OpenBrains\\coche_autonomo\\pngs\\39.png'
49.5320 	EXP 	image_2: image = 'C:\\Users\\david\\OneDrive\\Documentos\\GitHub\\OpenBrains\\coche_autonomo\\pngs\\40.png'
49.5320 	EXP 	image: autoDraw = True
49.5320 	EXP 	image_2: autoDraw = True
50.2459 	EXP 	New trial (rep=0, index=24): OrderedDict([('imagen1', 'C:\\Users\\david\\OneDrive\\Documentos\\GitHub\\OpenBrains\\coche_autonomo\\pngs\\77.png'), ('imagen2', 'C:\\Users\\david\\OneDrive\\Documentos\\GitHub\\OpenBrains\\coche_autonomo\\pngs\\78.png'), ('hm1', 0), ('cp1', 1), ('ai1', 1), ('pa1', 0), ('vr1', -1), ('cl1', -1), ('hm2', 0), ('cp2', -1), ('ai2', -1), ('pa2', 0), ('vr2', 1), ('cl2', 1)])
50.3807 	DATA 	Keypress: right
50.3999 	EXP 	image: autoDraw = False
50.3999 	EXP 	image_2: autoDraw = False
50.3999 	EXP 	image: image = 'C:\\Users\\david\\OneDrive\\Documentos\\GitHub\\OpenBrains\\coche_autonomo\\pngs\\77.png'
50.3999 	EXP 	image_2: image = 'C:\\Users\\david\\OneDrive\\Documentos\\GitHub\\OpenBrains\\coche_autonomo\\pngs\\78.png'
50.3999 	EXP 	image: autoDraw = True
50.3999 	EXP 	image_2: autoDraw = True
51.2294 	EXP 	New trial (rep=0, index=25): OrderedDict([('imagen1', 'C:\\Users\\david\\OneDrive\\Documentos\\GitHub\\OpenBrains\\coche_autonomo\\pngs\\79.png'), ('imagen2', 'C:\\Users\\david\\OneDrive\\Documentos\\GitHub\\OpenBrains\\coche_autonomo\\pngs\\80.png'), ('hm1', 0), ('cp1', 1), ('ai1', 1), ('pa1', 0), ('vr1', 1), ('cl1', -1), ('hm2', 0), ('cp2', -1), ('ai2', -1), ('pa2', 0), ('vr2', -1), ('cl2', 1)])
51.3606 	DATA 	Keypress: right
51.3799 	EXP 	image: autoDraw = False
51.3799 	EXP 	image_2: autoDraw = False
51.3799 	EXP 	image: image = 'C:\\Users\\david\\OneDrive\\Documentos\\GitHub\\OpenBrains\\coche_autonomo\\pngs\\79.png'
51.3799 	EXP 	image_2: image = 'C:\\Users\\david\\OneDrive\\Documentos\\GitHub\\OpenBrains\\coche_autonomo\\pngs\\80.png'
51.3799 	EXP 	image: autoDraw = True
51.3799 	EXP 	image_2: autoDraw = True
52.1356 	EXP 	New trial (rep=0, index=26): OrderedDict([('imagen1', 'C:\\Users\\david\\OneDrive\\Documentos\\GitHub\\OpenBrains\\coche_autonomo\\pngs\\3.png'), ('imagen2', 'C:\\Users\\david\\OneDrive\\Documentos\\GitHub\\OpenBrains\\coche_autonomo\\pngs\\4.png'), ('hm1', 0), ('cp1', -1), ('ai1', 1), ('pa1', 0), ('vr1', -1), ('cl1', 0), ('hm2', 0), ('cp2', 1), ('ai2', -1), ('pa2', 0), ('vr2', 1), ('cl2', 0)])
52.2720 	DATA 	Keypress: right
52.2806 	EXP 	image: autoDraw = False
52.2806 	EXP 	image_2: autoDraw = False
52.2806 	EXP 	image: image = 'C:\\Users\\david\\OneDrive\\Documentos\\GitHub\\OpenBrains\\coche_autonomo\\pngs\\3.png'
52.2806 	EXP 	image_2: image = 'C:\\Users\\david\\OneDrive\\Documentos\\GitHub\\OpenBrains\\coche_autonomo\\pngs\\4.png'
52.2806 	EXP 	image: autoDraw = True
52.2806 	EXP 	image_2: autoDraw = True
53.6152 	EXP 	New trial (rep=0, index=27): OrderedDict([('imagen1', 'C:\\Users\\david\\OneDrive\\Documentos\\GitHub\\OpenBrains\\coche_autonomo\\pngs\\21.png'), ('imagen2', 'C:\\Users\\david\\OneDrive\\Documentos\\GitHub\\OpenBrains\\coche_autonomo\\pngs\\22.png'), ('hm1', 1), ('cp1', 1), ('ai1', 1), ('pa1', 0), ('vr1', -1), ('cl1', 0), ('hm2', -1), ('cp2', -1), ('ai2', -1), ('pa2', 0), ('vr2', 1), ('cl2', 0)])
53.7541 	DATA 	Keypress: right
53.7741 	EXP 	image: autoDraw = False
53.7741 	EXP 	image_2: autoDraw = False
53.7741 	EXP 	image: image = 'C:\\Users\\david\\OneDrive\\Documentos\\GitHub\\OpenBrains\\coche_autonomo\\pngs\\21.png'
53.7741 	EXP 	image_2: image = 'C:\\Users\\david\\OneDrive\\Documentos\\GitHub\\OpenBrains\\coche_autonomo\\pngs\\22.png'
53.7741 	EXP 	image: autoDraw = True
53.7741 	EXP 	image_2: autoDraw = True
55.7534 	EXP 	New trial (rep=0, index=28): OrderedDict([('imagen1', 'C:\\Users\\david\\OneDrive\\Documentos\\GitHub\\OpenBrains\\coche_autonomo\\pngs\\11.png'), ('imagen2', 'C:\\Users\\david\\OneDrive\\Documentos\\GitHub\\OpenBrains\\coche_autonomo\\pngs\\12.png'), ('hm1', 0), ('cp1', -1), ('ai1', 1), ('pa1', 0), ('vr1', -1), ('cl1', 0), ('hm2', 0), ('cp2', 1), ('ai2', -1), ('pa2', 0), ('vr2', 1), ('cl2', 0)])
55.8856 	DATA 	Keypress: right
55.9054 	EXP 	image: autoDraw = False
55.9054 	EXP 	image_2: autoDraw = False
55.9054 	EXP 	image: image = 'C:\\Users\\david\\OneDrive\\Documentos\\GitHub\\OpenBrains\\coche_autonomo\\pngs\\11.png'
55.9054 	EXP 	image_2: image = 'C:\\Users\\david\\OneDrive\\Documentos\\GitHub\\OpenBrains\\coche_autonomo\\pngs\\12.png'
55.9054 	EXP 	image: autoDraw = True
55.9054 	EXP 	image_2: autoDraw = True
58.1209 	DATA 	Keypress: right
58.1390 	EXP 	New trial (rep=0, index=29): OrderedDict([('imagen1', 'C:\\Users\\david\\OneDrive\\Documentos\\GitHub\\OpenBrains\\coche_autonomo\\pngs\\29.png'), ('imagen2', 'C:\\Users\\david\\OneDrive\\Documentos\\GitHub\\OpenBrains\\coche_autonomo\\pngs\\30.png'), ('hm1', -1), ('cp1', 1), ('ai1', 1), ('pa1', 0), ('vr1', -1), ('cl1', 0), ('hm2', 1), ('cp2', -1), ('ai2', -1), ('pa2', 0), ('vr2', 1), ('cl2', 0)])
58.3019 	EXP 	image: autoDraw = False
58.3019 	EXP 	image_2: autoDraw = False
58.3019 	EXP 	image: image = 'C:\\Users\\david\\OneDrive\\Documentos\\GitHub\\OpenBrains\\coche_autonomo\\pngs\\29.png'
58.3019 	EXP 	image_2: image = 'C:\\Users\\david\\OneDrive\\Documentos\\GitHub\\OpenBrains\\coche_autonomo\\pngs\\30.png'
58.3019 	EXP 	image: autoDraw = True
58.3019 	EXP 	image_2: autoDraw = True
60.7563 	EXP 	New trial (rep=0, index=30): OrderedDict([('imagen1', 'C:\\Users\\david\\OneDrive\\Documentos\\GitHub\\OpenBrains\\coche_autonomo\\pngs\\47.png'), ('imagen2', 'C:\\Users\\david\\OneDrive\\Documentos\\GitHub\\OpenBrains\\coche_autonomo\\pngs\\48.png'), ('hm1', 0), ('cp1', 1), ('ai1', 1), ('pa1', 1), ('vr1', 1), ('cl1', 0), ('hm2', 0), ('cp2', -1), ('ai2', -1), ('pa2', -1), ('vr2', -1), ('cl2', 0)])
60.8949 	DATA 	Keypress: left
60.9148 	EXP 	image: autoDraw = False
60.9148 	EXP 	image_2: autoDraw = False
60.9148 	EXP 	image: image = 'C:\\Users\\david\\OneDrive\\Documentos\\GitHub\\OpenBrains\\coche_autonomo\\pngs\\47.png'
60.9148 	EXP 	image_2: image = 'C:\\Users\\david\\OneDrive\\Documentos\\GitHub\\OpenBrains\\coche_autonomo\\pngs\\48.png'
60.9148 	EXP 	image: autoDraw = True
60.9148 	EXP 	image_2: autoDraw = True
61.8078 	EXP 	New trial (rep=0, index=31): OrderedDict([('imagen1', 'C:\\Users\\david\\OneDrive\\Documentos\\GitHub\\OpenBrains\\coche_autonomo\\pngs\\33.png'), ('imagen2', 'C:\\Users\\david\\OneDrive\\Documentos\\GitHub\\OpenBrains\\coche_autonomo\\pngs\\34.png'), ('hm1', 0), ('cp1', -1), ('ai1', 1), ('pa1', 0), ('vr1', 1), ('cl1', 0), ('hm2', 0), ('cp2', 1), ('ai2', -1), ('pa2', 0), ('vr2', -1), ('cl2', 0)])
61.9437 	DATA 	Keypress: right
61.9627 	EXP 	image: autoDraw = False
61.9627 	EXP 	image_2: autoDraw = False
61.9627 	EXP 	image: image = 'C:\\Users\\david\\OneDrive\\Documentos\\GitHub\\OpenBrains\\coche_autonomo\\pngs\\33.png'
61.9627 	EXP 	image_2: image = 'C:\\Users\\david\\OneDrive\\Documentos\\GitHub\\OpenBrains\\coche_autonomo\\pngs\\34.png'
61.9627 	EXP 	image: autoDraw = True
61.9627 	EXP 	image_2: autoDraw = True
62.7253 	EXP 	New trial (rep=0, index=32): OrderedDict([('imagen1', 'C:\\Users\\david\\OneDrive\\Documentos\\GitHub\\OpenBrains\\coche_autonomo\\pngs\\63.png'), ('imagen2', 'C:\\Users\\david\\OneDrive\\Documentos\\GitHub\\OpenBrains\\coche_autonomo\\pngs\\64.png'), ('hm1', 0), ('cp1', 1), ('ai1', 1), ('pa1', 0), ('vr1', 1), ('cl1', 0), ('hm2', 0), ('cp2', -1), ('ai2', -1), ('pa2', 0), ('vr2', -1), ('cl2', 0)])
62.8640 	DATA 	Keypress: right
62.8838 	EXP 	image: autoDraw = False
62.8838 	EXP 	image_2: autoDraw = False
62.8838 	EXP 	image: image = 'C:\\Users\\david\\OneDrive\\Documentos\\GitHub\\OpenBrains\\coche_autonomo\\pngs\\63.png'
62.8838 	EXP 	image_2: image = 'C:\\Users\\david\\OneDrive\\Documentos\\GitHub\\OpenBrains\\coche_autonomo\\pngs\\64.png'
62.8838 	EXP 	image: autoDraw = True
62.8838 	EXP 	image_2: autoDraw = True
63.7264 	EXP 	New trial (rep=0, index=33): OrderedDict([('imagen1', 'C:\\Users\\david\\OneDrive\\Documentos\\GitHub\\OpenBrains\\coche_autonomo\\pngs\\25.png'), ('imagen2', 'C:\\Users\\david\\OneDrive\\Documentos\\GitHub\\OpenBrains\\coche_autonomo\\pngs\\26.png'), ('hm1', 1), ('cp1', -1), ('ai1', 1), ('pa1', 0), ('vr1', 1), ('cl1', 0), ('hm2', -1), ('cp2', 1), ('ai2', -1), ('pa2', 0), ('vr2', -1), ('cl2', 0)])
63.8622 	DATA 	Keypress: right
63.8831 	EXP 	image: autoDraw = False
63.8831 	EXP 	image_2: autoDraw = False
63.8831 	EXP 	image: image = 'C:\\Users\\david\\OneDrive\\Documentos\\GitHub\\OpenBrains\\coche_autonomo\\pngs\\25.png'
63.8831 	EXP 	image_2: image = 'C:\\Users\\david\\OneDrive\\Documentos\\GitHub\\OpenBrains\\coche_autonomo\\pngs\\26.png'
63.8831 	EXP 	image: autoDraw = True
63.8831 	EXP 	image_2: autoDraw = True
65.9606 	EXP 	New trial (rep=0, index=34): OrderedDict([('imagen1', 'C:\\Users\\david\\OneDrive\\Documentos\\GitHub\\OpenBrains\\coche_autonomo\\pngs\\31.png'), ('imagen2', 'C:\\Users\\david\\OneDrive\\Documentos\\GitHub\\OpenBrains\\coche_autonomo\\pngs\\32.png'), ('hm1', -1), ('cp1', 1), ('ai1', 1), ('pa1', 0), ('vr1', 1), ('cl1', 0), ('hm2', 1), ('cp2', -1), ('ai2', -1), ('pa2', 0), ('vr2', -1), ('cl2', 0)])
66.0948 	DATA 	Keypress: right
66.1124 	EXP 	image: autoDraw = False
66.1124 	EXP 	image_2: autoDraw = False
66.1124 	EXP 	image: image = 'C:\\Users\\david\\OneDrive\\Documentos\\GitHub\\OpenBrains\\coche_autonomo\\pngs\\31.png'
66.1124 	EXP 	image_2: image = 'C:\\Users\\david\\OneDrive\\Documentos\\GitHub\\OpenBrains\\coche_autonomo\\pngs\\32.png'
66.1124 	EXP 	image: autoDraw = True
66.1124 	EXP 	image_2: autoDraw = True
68.7803 	EXP 	New trial (rep=0, index=35): OrderedDict([('imagen1', 'C:\\Users\\david\\OneDrive\\Documentos\\GitHub\\OpenBrains\\coche_autonomo\\pngs\\49.png'), ('imagen2', 'C:\\Users\\david\\OneDrive\\Documentos\\GitHub\\OpenBrains\\coche_autonomo\\pngs\\50.png'), ('hm1', 0), ('cp1', -1), ('ai1', 1), ('pa1', 1), ('vr1', 1), ('cl1', 0), ('hm2', 0), ('cp2', 1), ('ai2', -1), ('pa2', -1), ('vr2', -1), ('cl2', 0)])
68.9152 	DATA 	Keypress: left
68.9340 	EXP 	image: autoDraw = False
68.9340 	EXP 	image_2: autoDraw = False
68.9340 	EXP 	image: image = 'C:\\Users\\david\\OneDrive\\Documentos\\GitHub\\OpenBrains\\coche_autonomo\\pngs\\49.png'
68.9340 	EXP 	image_2: image = 'C:\\Users\\david\\OneDrive\\Documentos\\GitHub\\OpenBrains\\coche_autonomo\\pngs\\50.png'
68.9340 	EXP 	image: autoDraw = True
68.9340 	EXP 	image_2: autoDraw = True
69.8660 	EXP 	New trial (rep=0, index=36): OrderedDict([('imagen1', 'C:\\Users\\david\\OneDrive\\Documentos\\GitHub\\OpenBrains\\coche_autonomo\\pngs\\51.png'), ('imagen2', 'C:\\Users\\david\\OneDrive\\Documentos\\GitHub\\OpenBrains\\coche_autonomo\\pngs\\52.png'), ('hm1', 0), ('cp1', -1), ('ai1', 1), ('pa1', 1), ('vr1', -1), ('cl1', 0), ('hm2', 0), ('cp2', 1), ('ai2', -1), ('pa2', -1), ('vr2', 1), ('cl2', 0)])
69.9975 	DATA 	Keypress: right
70.0164 	EXP 	image: autoDraw = False
70.0164 	EXP 	image_2: autoDraw = False
70.0164 	EXP 	image: image = 'C:\\Users\\david\\OneDrive\\Documentos\\GitHub\\OpenBrains\\coche_autonomo\\pngs\\51.png'
70.0164 	EXP 	image_2: image = 'C:\\Users\\david\\OneDrive\\Documentos\\GitHub\\OpenBrains\\coche_autonomo\\pngs\\52.png'
70.0164 	EXP 	image: autoDraw = True
70.0164 	EXP 	image_2: autoDraw = True
70.7330 	EXP 	New trial (rep=0, index=37): OrderedDict([('imagen1', 'C:\\Users\\david\\OneDrive\\Documentos\\GitHub\\OpenBrains\\coche_autonomo\\pngs\\1.png'), ('imagen2', 'C:\\Users\\david\\OneDrive\\Documentos\\GitHub\\OpenBrains\\coche_autonomo\\pngs\\2.png'), ('hm1', 0), ('cp1', -1), ('ai1', 1), ('pa1', 0), ('vr1', 1), ('cl1', 0), ('hm2', 0), ('cp2', 1), ('ai2', -1), ('pa2', 0), ('vr2', -1), ('cl2', 0)])
70.8678 	DATA 	Keypress: right
70.8871 	EXP 	image: autoDraw = False
70.8871 	EXP 	image_2: autoDraw = False
70.8871 	EXP 	image: image = 'C:\\Users\\david\\OneDrive\\Documentos\\GitHub\\OpenBrains\\coche_autonomo\\pngs\\1.png'
70.8871 	EXP 	image_2: image = 'C:\\Users\\david\\OneDrive\\Documentos\\GitHub\\OpenBrains\\coche_autonomo\\pngs\\2.png'
70.8871 	EXP 	image: autoDraw = True
70.8871 	EXP 	image_2: autoDraw = True
72.4183 	DATA 	Keypress: right
72.4343 	EXP 	New trial (rep=0, index=38): OrderedDict([('imagen1', 'C:\\Users\\david\\OneDrive\\Documentos\\GitHub\\OpenBrains\\coche_autonomo\\pngs\\75.png'), ('imagen2', 'C:\\Users\\david\\OneDrive\\Documentos\\GitHub\\OpenBrains\\coche_autonomo\\pngs\\76.png'), ('hm1', 0), ('cp1', -1), ('ai1', 1), ('pa1', 0), ('vr1', -1), ('cl1', 1), ('hm2', 0), ('cp2', 1), ('ai2', -1), ('pa2', 0), ('vr2', 1), ('cl2', -1)])
72.5854 	EXP 	image: autoDraw = False
72.5854 	EXP 	image_2: autoDraw = False
72.5854 	EXP 	image: image = 'C:\\Users\\david\\OneDrive\\Documentos\\GitHub\\OpenBrains\\coche_autonomo\\pngs\\75.png'
72.5854 	EXP 	image_2: image = 'C:\\Users\\david\\OneDrive\\Documentos\\GitHub\\OpenBrains\\coche_autonomo\\pngs\\76.png'
72.5854 	EXP 	image: autoDraw = True
72.5854 	EXP 	image_2: autoDraw = True
73.7685 	EXP 	New trial (rep=0, index=39): OrderedDict([('imagen1', 'C:\\Users\\david\\OneDrive\\Documentos\\GitHub\\OpenBrains\\coche_autonomo\\pngs\\59.png'), ('imagen2', 'C:\\Users\\david\\OneDrive\\Documentos\\GitHub\\OpenBrains\\coche_autonomo\\pngs\\60.png'), ('hm1', 0), ('cp1', -1), ('ai1', 1), ('pa1', 0), ('vr1', -1), ('cl1', 0), ('hm2', 0), ('cp2', 1), ('ai2', -1), ('pa2', 0), ('vr2', 1), ('cl2', 0)])
73.9024 	DATA 	Keypress: right
73.9103 	EXP 	image: autoDraw = False
73.9103 	EXP 	image_2: autoDraw = False
73.9103 	EXP 	image: image = 'C:\\Users\\david\\OneDrive\\Documentos\\GitHub\\OpenBrains\\coche_autonomo\\pngs\\59.png'
73.9103 	EXP 	image_2: image = 'C:\\Users\\david\\OneDrive\\Documentos\\GitHub\\OpenBrains\\coche_autonomo\\pngs\\60.png'
73.9103 	EXP 	image: autoDraw = True
73.9103 	EXP 	image_2: autoDraw = True
74.8481 	DATA 	Keypress: right
74.8518 	EXP 	image: autoDraw = False
74.8518 	EXP 	image_2: autoDraw = False
74.8518 	EXP 	text: height = 0.05
74.8518 	EXP 	text: height = 0.05
74.8518 	EXP 	text: height = 0.05
74.8518 	EXP 	text: text = 'Salvar hombres vs mujeres = 0.0%'
74.8518 	EXP 	text_2: height = 0.05
74.8518 	EXP 	text_2: height = 0.05
74.8518 	EXP 	text_2: height = 0.05
74.8518 	EXP 	text_2: text = 'Salvar conductor vs peatón = 50.0%'
74.8518 	EXP 	text_3: height = 0.05
74.8518 	EXP 	text_3: height = 0.05
74.8518 	EXP 	text_3: height = 0.05
74.8518 	EXP 	text_3: text = 'Dejar que el coche vaya recto = 10.0%'
74.8518 	EXP 	text_4: height = 0.05
74.8518 	EXP 	text_4: height = 0.05
74.8518 	EXP 	text_4: height = 0.05
74.8518 	EXP 	text_4: text = 'Salvar personas vs animales = 50.0%'
74.8518 	EXP 	text_5: height = 0.05
74.8518 	EXP 	text_5: height = 0.05
74.8518 	EXP 	text_5: height = 0.05
74.8518 	EXP 	text_5: text = 'Salvar a quien respeta la ley = 50.0%'
74.8518 	EXP 	text_6: height = 0.05
74.8518 	EXP 	text_6: height = 0.05
74.8518 	EXP 	text_6: height = 0.05
74.8518 	EXP 	text_6: text = 'Salvar a cívicos vs ladrones = 50.0%'
74.8518 	EXP 	text: autoDraw = True
74.8518 	EXP 	text_2: autoDraw = True
74.8518 	EXP 	text_3: autoDraw = True
74.8518 	EXP 	text_4: autoDraw = True
74.8518 	EXP 	text_5: autoDraw = True
74.8518 	EXP 	text_6: autoDraw = True
74.8518 	EXP 	text_7: autoDraw = True
144.7063 	DATA 	Keypress: space
144.7214 	EXP 	text: autoDraw = False
144.7214 	EXP 	text_2: autoDraw = False
144.7214 	EXP 	text_3: autoDraw = False
144.7214 	EXP 	text_4: autoDraw = False
144.7214 	EXP 	text_5: autoDraw = False
144.7214 	EXP 	text_6: autoDraw = False
144.7214 	EXP 	text_7: autoDraw = False
144.7216 	EXP 	untitled: status = STOPPED
144.8067 	EXP 	window1: mouseVisible = True
