4.6282 	WARNING 	User requested fullscreen with size [1024  768], but screen is actually [1920, 1080]. Using actual size
5.1929 	EXP 	Created window1 = Window(allowGUI=True, allowStencil=False, autoLog=True, backendConf=UNKNOWN, backgroundFit=<method-wrapper '__getattribute__' of attributeSetter object at 0x000001CABCE7FE50>, backgroundImage=<method-wrapper '__getattribute__' of attributeSetter object at 0x000001CABCE7FDF0>, bitsMode=UNKNOWN, blendMode='avg', bpc=(8, 8, 8), color=array([0, 0, 0]), colorSpace='rgb', depthBits=8, fullscr=<method-wrapper '__getattribute__' of attributeSetter object at 0x000001CABCE7FC10>, gamma=None, gammaErrorPolicy='raise', lms=UNKNOWN, monitor=<psychopy.monitors.calibTools.Monitor object at 0x000001CABD45CD90>, multiSample=False, name='window1', numSamples=2, pos=(1920, 789), screen=0, size=array([1920, 1080]), stencilBits=0, stereo=False, title='PsychoPy', units='height', useFBO=True, useRetina=False, viewOri=0.0, viewPos=None, viewScale=None, waitBlanking=True, winType='pyglet')
5.1931 	EXP 	window1: mouseVisible = True
5.1931 	EXP 	window1: backgroundImage = ''
5.1931 	EXP 	window1: backgroundFit = 'none'
5.1950 	EXP 	window1: Attempting to measure frame rate of screen (0) ...
5.1950 	EXP 	window1: recordFrameIntervals = False
5.3589 	EXP 	window1: recordFrameIntervals = True
5.5428 	EXP 	Screen (0) actual frame rate measured at 59.67Hz
5.5429 	EXP 	window1: recordFrameIntervals = False
5.5429 	EXP 	window1: mouseVisible = False
7.1925 	EXP 	untitled: status = STARTED
7.1927 	EXP 	window1: mouseVisible = True
7.2016 	EXP 	Created image = ImageStim(__class__=<class 'psychopy.visual.image.ImageStim'>, anchor=('center', 'center'), autoLog=True, color=array([1., 1., 1.]), colorSpace='rgb', contrast=1.0, depth=0.0, draggable=False, flipHoriz=False, flipVert=False, image='default.png', interpolate=True, mask=None, maskParams=None, name='image', opacity=1.0, ori=0.0, pos=array([-0.5,  0. ]), size=array([0.6, 1. ]), texRes=128.0, units='height', win=Window(...))
7.2017 	EXP 	window1: mouseVisible = True
7.2091 	EXP 	Created image_2 = ImageStim(__class__=<class 'psychopy.visual.image.ImageStim'>, anchor=('center', 'center'), autoLog=True, color=array([1., 1., 1.]), colorSpace='rgb', contrast=1.0, depth=-1.0, draggable=False, flipHoriz=False, flipVert=False, image='default.png', interpolate=True, mask=None, maskParams=None, name='image_2', opacity=1.0, ori=0.0, pos=array([0.5, 0. ]), size=array([0.6, 1. ]), texRes=128.0, units='height', win=Window(...))
7.2093 	EXP 	window1: mouseVisible = True
7.2286 	EXP 	Created text = TextStim(__class__=<class 'psychopy.visual.text.TextStim'>, alignHoriz=method-wrapper(...), alignText='center', alignVert=method-wrapper(...), anchorHoriz='center', anchorVert='center', antialias=True, autoDraw=False, autoLog=True, bold=False, color=array([1., 1., 1.]), colorSpace='rgb', contrast=1.0, depth=0.0, draggable=False, flipHoriz=False, flipVert=False, font='Open Sans', fontFiles=[], height=0.05, italic=False, languageStyle='LTR', name='text', opacity=1.0, ori=0.0, pos=array([0. , 0.3]), rgb=UNKNOWN, text='', units='height', win=Window(...), wrapWidth=1)
7.2287 	EXP 	window1: mouseVisible = True
7.2296 	EXP 	Created text_2 = TextStim(__class__=<class 'psychopy.visual.text.TextStim'>, alignHoriz=method-wrapper(...), alignText='center', alignVert=method-wrapper(...), anchorHoriz='center', anchorVert='center', antialias=True, autoDraw=False, autoLog=True, bold=False, color=array([1., 1., 1.]), colorSpace='rgb', contrast=1.0, depth=-1.0, draggable=False, flipHoriz=False, flipVert=False, font='Open Sans', fontFiles=[], height=0.05, italic=False, languageStyle='LTR', name='text_2', opacity=1.0, ori=0.0, pos=array([0. , 0.2]), rgb=UNKNOWN, text='', units='height', win=Window(...), wrapWidth=1)
7.2297 	EXP 	window1: mouseVisible = True
7.2303 	EXP 	Created text_3 = TextStim(__class__=<class 'psychopy.visual.text.TextStim'>, alignHoriz=method-wrapper(...), alignText='center', alignVert=method-wrapper(...), anchorHoriz='center', anchorVert='center', antialias=True, autoDraw=False, autoLog=True, bold=False, color=array([1., 1., 1.]), colorSpace='rgb', contrast=1.0, depth=-2.0, draggable=False, flipHoriz=False, flipVert=False, font='Open Sans', fontFiles=[], height=0.05, italic=False, languageStyle='LTR', name='text_3', opacity=1.0, ori=0.0, pos=array([0. , 0.1]), rgb=UNKNOWN, text='', units='height', win=Window(...), wrapWidth=1)
7.2304 	EXP 	window1: mouseVisible = True
7.2310 	EXP 	Created text_4 = TextStim(__class__=<class 'psychopy.visual.text.TextStim'>, alignHoriz=method-wrapper(...), alignText='center', alignVert=method-wrapper(...), anchorHoriz='center', anchorVert='center', antialias=True, autoDraw=False, autoLog=True, bold=False, color=array([1., 1., 1.]), colorSpace='rgb', contrast=1.0, depth=-3.0, draggable=False, flipHoriz=False, flipVert=False, font='Open Sans', fontFiles=[], height=0.05, italic=False, languageStyle='LTR', name='text_4', opacity=1.0, ori=0.0, pos=array([0., 0.]), rgb=UNKNOWN, text='', units='height', win=Window(...), wrapWidth=1)
7.2311 	EXP 	window1: mouseVisible = True
7.2317 	EXP 	Created text_5 = TextStim(__class__=<class 'psychopy.visual.text.TextStim'>, alignHoriz=method-wrapper(...), alignText='center', alignVert=method-wrapper(...), anchorHoriz='center', anchorVert='center', antialias=True, autoDraw=False, autoLog=True, bold=False, color=array([1., 1., 1.]), colorSpace='rgb', contrast=1.0, depth=-4.0, draggable=False, flipHoriz=False, flipVert=False, font='Open Sans', fontFiles=[], height=0.05, italic=False, languageStyle='LTR', name='text_5', opacity=1.0, ori=0.0, pos=array([ 0. , -0.1]), rgb=UNKNOWN, text='', units='height', win=Window(...), wrapWidth=1)
7.2318 	EXP 	window1: mouseVisible = True
7.2324 	EXP 	Created text_6 = TextStim(__class__=<class 'psychopy.visual.text.TextStim'>, alignHoriz=method-wrapper(...), alignText='center', alignVert=method-wrapper(...), anchorHoriz='center', anchorVert='center', antialias=True, autoDraw=False, autoLog=True, bold=False, color=array([1., 1., 1.]), colorSpace='rgb', contrast=1.0, depth=-5.0, draggable=False, flipHoriz=False, flipVert=False, font='Open Sans', fontFiles=[], height=0.05, italic=False, languageStyle='LTR', name='text_6', opacity=1.0, ori=0.0, pos=array([ 0. , -0.2]), rgb=UNKNOWN, text='', units='height', win=Window(...), wrapWidth=1)
7.2325 	EXP 	window1: mouseVisible = True
7.2694 	EXP 	Created text_7 = TextStim(__class__=<class 'psychopy.visual.text.TextStim'>, alignHoriz=method-wrapper(...), alignText='center', alignVert=method-wrapper(...), anchorHoriz='center', anchorVert='center', antialias=True, autoDraw=False, autoLog=True, bold=False, color=array([1., 1., 1.]), colorSpace='rgb', contrast=1.0, depth=-6.0, draggable=False, flipHoriz=False, flipVert=False, font='Open Sans', fontFiles=[], height=0.05, italic=False, languageStyle='LTR', name='text_7', opacity=1.0, ori=0.0, pos=array([0., 0.]), rgb=UNKNOWN, text='Para salir, pulsa "space"', units='height', win=Window(...), wrapWidth=1)
0.0088 	EXP 	Imported trials_coche.csv as conditions, 9 conditions, 14 params
0.0091 	EXP 	Created sequence: random, trialTypes=9, nReps=1, seed=None
0.0092 	EXP 	New trial (rep=0, index=0): OrderedDict([('imagen1', 'C:\\Users\\david\\OneDrive\\Documentos\\GitHub\\OpenBrains\\coche_autonomo\\pngs\\9.png'), ('imagen2', 'C:\\Users\\david\\OneDrive\\Documentos\\GitHub\\OpenBrains\\coche_autonomo\\pngs\\10.png'), ('hm1', 0), ('cp1', -1), ('ai1', 1), ('pa1', 0), ('vr1', 1), ('cl1', 0), ('hm2', 0), ('cp2', 1), ('ai2', -1), ('pa2', 0), ('vr2', -1), ('cl2', 0)])
0.1607 	EXP 	image: image = 'C:\\Users\\david\\OneDrive\\Documentos\\GitHub\\OpenBrains\\coche_autonomo\\pngs\\9.png'
0.1607 	EXP 	image_2: image = 'C:\\Users\\david\\OneDrive\\Documentos\\GitHub\\OpenBrains\\coche_autonomo\\pngs\\10.png'
0.1607 	EXP 	image: autoDraw = True
0.1607 	EXP 	image_2: autoDraw = True
1.9109 	EXP 	New trial (rep=0, index=1): OrderedDict([('imagen1', 'C:\\Users\\david\\OneDrive\\Documentos\\GitHub\\OpenBrains\\coche_autonomo\\pngs\\5.png'), ('imagen2', 'C:\\Users\\david\\OneDrive\\Documentos\\GitHub\\OpenBrains\\coche_autonomo\\pngs\\6.png'), ('hm1', 0), ('cp1', 1), ('ai1', 1), ('pa1', 0), ('vr1', -1), ('cl1', 0), ('hm2', 0), ('cp2', -1), ('ai2', -1), ('pa2', 0), ('vr2', 1), ('cl2', 0)])
2.0368 	DATA 	Keypress: left
2.0463 	EXP 	image: autoDraw = False
2.0463 	EXP 	image_2: autoDraw = False
2.0463 	EXP 	image: image = 'C:\\Users\\david\\OneDrive\\Documentos\\GitHub\\OpenBrains\\coche_autonomo\\pngs\\5.png'
2.0463 	EXP 	image_2: image = 'C:\\Users\\david\\OneDrive\\Documentos\\GitHub\\OpenBrains\\coche_autonomo\\pngs\\6.png'
2.0463 	EXP 	image: autoDraw = True
2.0463 	EXP 	image_2: autoDraw = True
2.9441 	EXP 	New trial (rep=0, index=2): OrderedDict([('imagen1', 'C:\\Users\\david\\OneDrive\\Documentos\\GitHub\\OpenBrains\\coche_autonomo\\pngs\\17.png'), ('imagen2', 'C:\\Users\\david\\OneDrive\\Documentos\\GitHub\\OpenBrains\\coche_autonomo\\pngs\\18.png'), ('hm1', -1), ('cp1', -1), ('ai1', 1), ('pa1', 0), ('vr1', 1), ('cl1', 0), ('hm2', 1), ('cp2', 1), ('ai2', -1), ('pa2', 0), ('vr2', -1), ('cl2', 0)])
3.0702 	DATA 	Keypress: left
3.0798 	EXP 	image: autoDraw = False
3.0798 	EXP 	image_2: autoDraw = False
3.0798 	EXP 	image: image = 'C:\\Users\\david\\OneDrive\\Documentos\\GitHub\\OpenBrains\\coche_autonomo\\pngs\\17.png'
3.0798 	EXP 	image_2: image = 'C:\\Users\\david\\OneDrive\\Documentos\\GitHub\\OpenBrains\\coche_autonomo\\pngs\\18.png'
3.0798 	EXP 	image: autoDraw = True
3.0798 	EXP 	image_2: autoDraw = True
3.5300 	EXP 	New trial (rep=0, index=3): OrderedDict([('imagen1', 'C:\\Users\\david\\OneDrive\\Documentos\\GitHub\\OpenBrains\\coche_autonomo\\pngs\\13.png'), ('imagen2', 'C:\\Users\\david\\OneDrive\\Documentos\\GitHub\\OpenBrains\\coche_autonomo\\pngs\\14.png'), ('hm1', 0), ('cp1', 1), ('ai1', 1), ('pa1', 0), ('vr1', -1), ('cl1', 0), ('hm2', 0), ('cp2', -1), ('ai2', -1), ('pa2', 0), ('vr2', 1), ('cl2', 0)])
3.6551 	DATA 	Keypress: left
3.6648 	EXP 	image: autoDraw = False
3.6648 	EXP 	image_2: autoDraw = False
3.6648 	EXP 	image: image = 'C:\\Users\\david\\OneDrive\\Documentos\\GitHub\\OpenBrains\\coche_autonomo\\pngs\\13.png'
3.6648 	EXP 	image_2: image = 'C:\\Users\\david\\OneDrive\\Documentos\\GitHub\\OpenBrains\\coche_autonomo\\pngs\\14.png'
3.6648 	EXP 	image: autoDraw = True
3.6648 	EXP 	image_2: autoDraw = True
4.0456 	EXP 	New trial (rep=0, index=4): OrderedDict([('imagen1', 'C:\\Users\\david\\OneDrive\\Documentos\\GitHub\\OpenBrains\\coche_autonomo\\pngs\\7.png'), ('imagen2', 'C:\\Users\\david\\OneDrive\\Documentos\\GitHub\\OpenBrains\\coche_autonomo\\pngs\\8.png'), ('hm1', 0), ('cp1', 1), ('ai1', 1), ('pa1', 0), ('vr1', 1), ('cl1', 0), ('hm2', 0), ('cp2', -1), ('ai2', -1), ('pa2', 0), ('vr2', -1), ('cl2', 0)])
4.1736 	DATA 	Keypress: left
4.1936 	EXP 	image: autoDraw = False
4.1936 	EXP 	image_2: autoDraw = False
4.1936 	EXP 	image: image = 'C:\\Users\\david\\OneDrive\\Documentos\\GitHub\\OpenBrains\\coche_autonomo\\pngs\\7.png'
4.1936 	EXP 	image_2: image = 'C:\\Users\\david\\OneDrive\\Documentos\\GitHub\\OpenBrains\\coche_autonomo\\pngs\\8.png'
4.1936 	EXP 	image: autoDraw = True
4.1936 	EXP 	image_2: autoDraw = True
4.5117 	EXP 	New trial (rep=0, index=5): OrderedDict([('imagen1', 'C:\\Users\\david\\OneDrive\\Documentos\\GitHub\\OpenBrains\\coche_autonomo\\pngs\\3.png'), ('imagen2', 'C:\\Users\\david\\OneDrive\\Documentos\\GitHub\\OpenBrains\\coche_autonomo\\pngs\\4.png'), ('hm1', 0), ('cp1', -1), ('ai1', 1), ('pa1', 0), ('vr1', -1), ('cl1', 0), ('hm2', 0), ('cp2', 1), ('ai2', -1), ('pa2', 0), ('vr2', 1), ('cl2', 0)])
4.6421 	DATA 	Keypress: left
4.6507 	EXP 	image: autoDraw = False
4.6507 	EXP 	image_2: autoDraw = False
4.6507 	EXP 	image: image = 'C:\\Users\\david\\OneDrive\\Documentos\\GitHub\\OpenBrains\\coche_autonomo\\pngs\\3.png'
4.6507 	EXP 	image_2: image = 'C:\\Users\\david\\OneDrive\\Documentos\\GitHub\\OpenBrains\\coche_autonomo\\pngs\\4.png'
4.6507 	EXP 	image: autoDraw = True
4.6507 	EXP 	image_2: autoDraw = True
4.9633 	EXP 	New trial (rep=0, index=6): OrderedDict([('imagen1', 'C:\\Users\\david\\OneDrive\\Documentos\\GitHub\\OpenBrains\\coche_autonomo\\pngs\\15.png'), ('imagen2', 'C:\\Users\\david\\OneDrive\\Documentos\\GitHub\\OpenBrains\\coche_autonomo\\pngs\\16.png'), ('hm1', 0), ('cp1', 1), ('ai1', 1), ('pa1', 0), ('vr1', 1), ('cl1', 0), ('hm2', 0), ('cp2', -1), ('ai2', -1), ('pa2', 0), ('vr2', -1), ('cl2', 0)])
5.0878 	DATA 	Keypress: left
5.0968 	EXP 	image: autoDraw = False
5.0968 	EXP 	image_2: autoDraw = False
5.0968 	EXP 	image: image = 'C:\\Users\\david\\OneDrive\\Documentos\\GitHub\\OpenBrains\\coche_autonomo\\pngs\\15.png'
5.0968 	EXP 	image_2: image = 'C:\\Users\\david\\OneDrive\\Documentos\\GitHub\\OpenBrains\\coche_autonomo\\pngs\\16.png'
5.0968 	EXP 	image: autoDraw = True
5.0968 	EXP 	image_2: autoDraw = True
5.4481 	EXP 	New trial (rep=0, index=7): OrderedDict([('imagen1', 'C:\\Users\\david\\OneDrive\\Documentos\\GitHub\\OpenBrains\\coche_autonomo\\pngs\\11.png'), ('imagen2', 'C:\\Users\\david\\OneDrive\\Documentos\\GitHub\\OpenBrains\\coche_autonomo\\pngs\\12.png'), ('hm1', 0), ('cp1', -1), ('ai1', 1), ('pa1', 0), ('vr1', -1), ('cl1', 0), ('hm2', 0), ('cp2', 1), ('ai2', -1), ('pa2', 0), ('vr2', 1), ('cl2', 0)])
5.5740 	DATA 	Keypress: left
5.5834 	EXP 	image: autoDraw = False
5.5834 	EXP 	image_2: autoDraw = False
5.5834 	EXP 	image: image = 'C:\\Users\\david\\OneDrive\\Documentos\\GitHub\\OpenBrains\\coche_autonomo\\pngs\\11.png'
5.5834 	EXP 	image_2: image = 'C:\\Users\\david\\OneDrive\\Documentos\\GitHub\\OpenBrains\\coche_autonomo\\pngs\\12.png'
5.5834 	EXP 	image: autoDraw = True
5.5834 	EXP 	image_2: autoDraw = True
5.8977 	EXP 	New trial (rep=0, index=8): OrderedDict([('imagen1', 'C:\\Users\\david\\OneDrive\\Documentos\\GitHub\\OpenBrains\\coche_autonomo\\pngs\\19.png'), ('imagen2', 'C:\\Users\\david\\OneDrive\\Documentos\\GitHub\\OpenBrains\\coche_autonomo\\pngs\\20.png'), ('hm1', -1), ('cp1', -1), ('ai1', 1), ('pa1', 0), ('vr1', -1), ('cl1', 0), ('hm2', 1), ('cp2', 1), ('ai2', -1), ('pa2', 0), ('vr2', 1), ('cl2', 0)])
6.0251 	DATA 	Keypress: left
6.0340 	EXP 	image: autoDraw = False
6.0340 	EXP 	image_2: autoDraw = False
6.0340 	EXP 	image: image = 'C:\\Users\\david\\OneDrive\\Documentos\\GitHub\\OpenBrains\\coche_autonomo\\pngs\\19.png'
6.0340 	EXP 	image_2: image = 'C:\\Users\\david\\OneDrive\\Documentos\\GitHub\\OpenBrains\\coche_autonomo\\pngs\\20.png'
6.0340 	EXP 	image: autoDraw = True
6.0340 	EXP 	image_2: autoDraw = True
6.4284 	DATA 	Keypress: left
6.4306 	EXP 	image: autoDraw = False
6.4306 	EXP 	image_2: autoDraw = False
6.4306 	EXP 	text: height = 0.05
6.4306 	EXP 	text: height = 0.05
6.4306 	EXP 	text: height = 0.05
6.4306 	EXP 	text: text = 'Salvar hombres  vs mujeres = 37.5%'
6.4306 	EXP 	text_2: height = 0.05
6.4306 	EXP 	text_2: height = 0.05
6.4306 	EXP 	text_2: height = 0.05
6.4306 	EXP 	text_2: text = 'Salvar conductor  vs peatón = 48.75%'
6.4306 	EXP 	text_3: height = 0.05
6.4306 	EXP 	text_3: height = 0.05
6.4306 	EXP 	text_3: height = 0.05
6.4306 	EXP 	text_3: text = 'Dejar que el coche vaya recto = 61.25%'
6.4306 	EXP 	text_4: height = 0.05
6.4306 	EXP 	text_4: height = 0.05
6.4306 	EXP 	text_4: height = 0.05
6.4306 	EXP 	text_4: text = 'Salvar personas  vs animales = 50.0%'
6.4306 	EXP 	text_5: height = 0.05
6.4306 	EXP 	text_5: height = 0.05
6.4306 	EXP 	text_5: height = 0.05
6.4306 	EXP 	text_5: text = 'Salvar a quien respeta la ley = 48.75%'
6.4306 	EXP 	text_6: height = 0.05
6.4306 	EXP 	text_6: height = 0.05
6.4306 	EXP 	text_6: height = 0.05
6.4306 	EXP 	text_6: text = 'Salvar a cívicos vs ladrones = 50.0%'
6.4306 	EXP 	text: autoDraw = True
6.4306 	EXP 	text_2: autoDraw = True
6.4306 	EXP 	text_3: autoDraw = True
6.4306 	EXP 	text_4: autoDraw = True
6.4306 	EXP 	text_5: autoDraw = True
6.4306 	EXP 	text_6: autoDraw = True
6.4306 	EXP 	text_7: autoDraw = True
19.1610 	DATA 	Keypress: space
19.1762 	EXP 	text: autoDraw = False
19.1762 	EXP 	text_2: autoDraw = False
19.1762 	EXP 	text_3: autoDraw = False
19.1762 	EXP 	text_4: autoDraw = False
19.1762 	EXP 	text_5: autoDraw = False
19.1762 	EXP 	text_6: autoDraw = False
19.1762 	EXP 	text_7: autoDraw = False
19.1763 	EXP 	untitled: status = STOPPED
19.2266 	EXP 	window1: mouseVisible = True
