5.8262 	WARNING 	User requested fullscreen with size [1024  768], but screen is actually [1920, 1080]. Using actual size
6.4444 	EXP 	Created window1 = Window(allowGUI=True, allowStencil=False, autoLog=True, backendConf=UNKNOWN, backgroundFit=<method-wrapper '__getattribute__' of attributeSetter object at 0x00000219C87D5CA0>, backgroundImage=<method-wrapper '__getattribute__' of attributeSetter object at 0x00000219C87D5C40>, bitsMode=UNKNOWN, blendMode='avg', bpc=(8, 8, 8), color=array([0, 0, 0]), colorSpace='rgb', depthBits=8, fullscr=<method-wrapper '__getattribute__' of attributeSetter object at 0x00000219C87D5A60>, gamma=None, gammaErrorPolicy='raise', lms=UNKNOWN, monitor=<psychopy.monitors.calibTools.Monitor object at 0x00000219C8D64BE0>, multiSample=False, name='window1', numSamples=2, pos=(1920, 789), screen=0, size=array([1920, 1080]), stencilBits=0, stereo=False, title='PsychoPy', units='height', useFBO=True, useRetina=False, viewOri=0.0, viewPos=None, viewScale=None, waitBlanking=True, winType='pyglet')
6.4445 	EXP 	window1: mouseVisible = True
6.4445 	EXP 	window1: backgroundImage = ''
6.4445 	EXP 	window1: backgroundFit = 'none'
6.4455 	EXP 	window1: Attempting to measure frame rate of screen (0) ...
6.4455 	EXP 	window1: recordFrameIntervals = False
6.6117 	EXP 	window1: recordFrameIntervals = True
6.7959 	EXP 	Screen (0) actual frame rate measured at 59.74Hz
6.7959 	EXP 	window1: recordFrameIntervals = False
6.7959 	EXP 	window1: mouseVisible = False
8.9808 	EXP 	untitled: status = STARTED
8.9810 	EXP 	window1: mouseVisible = True
10.1541 	EXP 	Created image_11 = ImageStim(__class__=<class 'psychopy.visual.image.ImageStim'>, anchor=('center', 'center'), autoLog=True, color=array([1., 1., 1.]), colorSpace='rgb', contrast=1.0, depth=0.0, draggable=False, flipHoriz=False, flipVert=False, image='pngs/pexels-riciardus-228094.jpg', interpolate=True, mask=None, maskParams=None, name='image_11', opacity=0.6, ori=0.0, pos=array([0., 0.]), size=array([2., 1.]), texRes=128.0, units='height', win=Window(...))
10.1544 	EXP 	window1: mouseVisible = True
10.2538 	EXP 	Created text_19 = TextStim(__class__=<class 'psychopy.visual.text.TextStim'>, alignHoriz=method-wrapper(...), alignText='center', alignVert=method-wrapper(...), anchorHoriz='center', anchorVert='center', antialias=True, autoDraw=False, autoLog=True, bold=False, color=array([-1., -1., -1.]), colorSpace='rgb', contrast=1.0, depth=-1.0, draggable=False, flipHoriz=False, flipVert=False, font='Open Sans', fontFiles=[], height=0.08, italic=False, languageStyle='LTR', name='text_19', opacity=1.0, ori=0.0, pos=array([-0.2 ,  0.18]), rgb=UNKNOWN, text='Experimento del coche autónomo', units='height', win=Window(...), wrapWidth=1)
10.2539 	EXP 	window1: mouseVisible = True
10.2766 	EXP 	Created text_8 = TextStim(__class__=<class 'psychopy.visual.text.TextStim'>, alignHoriz=method-wrapper(...), alignText='center', alignVert=method-wrapper(...), anchorHoriz='center', anchorVert='center', antialias=True, autoDraw=False, autoLog=True, bold=False, color=array([1., 1., 1.]), colorSpace='rgb', contrast=1.0, depth=0.0, draggable=False, flipHoriz=False, flipVert=False, font='Open Sans', fontFiles=[], height=0.04, italic=False, languageStyle='LTR', name='text_8', opacity=1.0, ori=0.0, pos=array([0., 0.]), rgb=UNKNOWN, text=str(...), units='height', win=Window(...), wrapWidth=1)
10.2769 	EXP 	window1: mouseVisible = True
10.5271 	EXP 	Created image_3 = ImageStim(__class__=<class 'psychopy.visual.image.ImageStim'>, anchor=('center', 'center'), autoLog=True, color=array([1., 1., 1.]), colorSpace='rgb', contrast=1.0, depth=0.0, draggable=False, flipHoriz=False, flipVert=False, image='pngs/41.png', interpolate=True, mask=None, maskParams=None, name='image_3', opacity=1.0, ori=0.0, pos=array([-0.53, -0.1 ]), size=array([0.4, 0.8]), texRes=128.0, units='height', win=Window(...))
10.5272 	EXP 	window1: mouseVisible = True
10.7885 	EXP 	Created image_4 = ImageStim(__class__=<class 'psychopy.visual.image.ImageStim'>, anchor=('center', 'center'), autoLog=True, color=array([1., 1., 1.]), colorSpace='rgb', contrast=1.0, depth=-1.0, draggable=False, flipHoriz=False, flipVert=False, image='pngs/42.png', interpolate=True, mask=None, maskParams=None, name='image_4', opacity=1.0, ori=0.0, pos=array([ 0.53, -0.1 ]), size=array([0.4, 0.8]), texRes=128.0, units='height', win=Window(...))
10.7886 	EXP 	window1: mouseVisible = True
10.7917 	EXP 	Created text_9 = TextStim(__class__=<class 'psychopy.visual.text.TextStim'>, alignHoriz=method-wrapper(...), alignText='center', alignVert=method-wrapper(...), anchorHoriz='center', anchorVert='center', antialias=True, autoDraw=False, autoLog=True, bold=False, color=array([1., 1., 1.]), colorSpace='rgb', contrast=1.0, depth=-3.0, draggable=False, flipHoriz=False, flipVert=False, font='Open Sans', fontFiles=[], height=0.04, italic=False, languageStyle='LTR', name='text_9', opacity=1.0, ori=0.0, pos=array([ 0. , -0.4]), rgb=UNKNOWN, text=str(...), units='height', win=Window(...), wrapWidth=1)
10.7918 	EXP 	window1: mouseVisible = True
10.7958 	EXP 	Created text_10 = TextStim(__class__=<class 'psychopy.visual.text.TextStim'>, alignHoriz=method-wrapper(...), alignText='center', alignVert=method-wrapper(...), anchorHoriz='center', anchorVert='center', antialias=True, autoDraw=False, autoLog=True, bold=False, color=array([1., 1., 1.]), colorSpace='rgb', contrast=1.0, depth=-4.0, draggable=False, flipHoriz=False, flipVert=False, font='Open Sans', fontFiles=[], height=0.04, italic=False, languageStyle='LTR', name='text_10', opacity=1.0, ori=0.0, pos=array([0. , 0.4]), rgb=UNKNOWN, text=str(...), units='height', win=Window(...), wrapWidth=1)
10.7959 	EXP 	window1: mouseVisible = True
10.8062 	EXP 	Created text_11 = TextStim(__class__=<class 'psychopy.visual.text.TextStim'>, alignHoriz=method-wrapper(...), alignText='center', alignVert=method-wrapper(...), anchorHoriz='center', anchorVert='center', antialias=True, autoDraw=False, autoLog=True, bold=False, color=array([1., 1., 1.]), colorSpace='rgb', contrast=1.0, depth=0.0, draggable=False, flipHoriz=False, flipVert=False, font='Open Sans', fontFiles=[], height=0.04, italic=False, languageStyle='LTR', name='text_11', opacity=1.0, ori=0.0, pos=array([-0.4,  0.4]), rgb=UNKNOWN, text='Estos son los significados de los símbolos:', units='height', win=Window(...), wrapWidth=1)
10.8069 	EXP 	window1: mouseVisible = True
10.8124 	EXP 	Created text_12 = TextStim(__class__=<class 'psychopy.visual.text.TextStim'>, alignHoriz=method-wrapper(...), alignText='center', alignVert=method-wrapper(...), anchorHoriz='center', anchorVert='center', antialias=True, autoDraw=False, autoLog=True, bold=False, color=array([1., 1., 1.]), colorSpace='rgb', contrast=1.0, depth=-1.0, draggable=False, flipHoriz=False, flipVert=False, font='Open Sans', fontFiles=[], height=0.04, italic=False, languageStyle='LTR', name='text_12', opacity=1.0, ori=0.0, pos=array([-0.5 ,  0.25]), rgb=UNKNOWN, text='hombre', units='height', win=Window(...), wrapWidth=1)
10.8125 	EXP 	window1: mouseVisible = True
10.8144 	EXP 	Created text_13 = TextStim(__class__=<class 'psychopy.visual.text.TextStim'>, alignHoriz=method-wrapper(...), alignText='center', alignVert=method-wrapper(...), anchorHoriz='center', anchorVert='center', antialias=True, autoDraw=False, autoLog=True, bold=False, color=array([1., 1., 1.]), colorSpace='rgb', contrast=1.0, depth=-2.0, draggable=False, flipHoriz=False, flipVert=False, font='Open Sans', fontFiles=[], height=0.04, italic=False, languageStyle='LTR', name='text_13', opacity=1.0, ori=0.0, pos=array([-0.5,  0. ]), rgb=UNKNOWN, text='mujer', units='height', win=Window(...), wrapWidth=1)
10.8145 	EXP 	window1: mouseVisible = True
10.8162 	EXP 	Created text_14 = TextStim(__class__=<class 'psychopy.visual.text.TextStim'>, alignHoriz=method-wrapper(...), alignText='center', alignVert=method-wrapper(...), anchorHoriz='center', anchorVert='center', antialias=True, autoDraw=False, autoLog=True, bold=False, color=array([1., 1., 1.]), colorSpace='rgb', contrast=1.0, depth=-3.0, draggable=False, flipHoriz=False, flipVert=False, font='Open Sans', fontFiles=[], height=0.04, italic=False, languageStyle='LTR', name='text_14', opacity=1.0, ori=0.0, pos=array([-0.5 , -0.25]), rgb=UNKNOWN, text='delincuente', units='height', win=Window(...), wrapWidth=1)
10.8163 	EXP 	window1: mouseVisible = True
10.8178 	EXP 	Created text_15 = TextStim(__class__=<class 'psychopy.visual.text.TextStim'>, alignHoriz=method-wrapper(...), alignText='center', alignVert=method-wrapper(...), anchorHoriz='center', anchorVert='center', antialias=True, autoDraw=False, autoLog=True, bold=False, color=array([1., 1., 1.]), colorSpace='rgb', contrast=1.0, depth=-4.0, draggable=False, flipHoriz=False, flipVert=False, font='Open Sans', fontFiles=[], height=0.04, italic=False, languageStyle='LTR', name='text_15', opacity=1.0, ori=0.0, pos=array([0.5 , 0.25]), rgb=UNKNOWN, text='animal', units='height', win=Window(...), wrapWidth=1)
10.8179 	EXP 	window1: mouseVisible = True
10.8199 	EXP 	Created text_16 = TextStim(__class__=<class 'psychopy.visual.text.TextStim'>, alignHoriz=method-wrapper(...), alignText='center', alignVert=method-wrapper(...), anchorHoriz='center', anchorVert='center', antialias=True, autoDraw=False, autoLog=True, bold=False, color=array([1., 1., 1.]), colorSpace='rgb', contrast=1.0, depth=-5.0, draggable=False, flipHoriz=False, flipVert=False, font='Open Sans', fontFiles=[], height=0.04, italic=False, languageStyle='LTR', name='text_16', opacity=1.0, ori=0.0, pos=array([0.5, 0. ]), rgb=UNKNOWN, text='peatón puede cruzar', units='height', win=Window(...), wrapWidth=1)
10.8199 	EXP 	window1: mouseVisible = True
10.8218 	EXP 	Created text_17 = TextStim(__class__=<class 'psychopy.visual.text.TextStim'>, alignHoriz=method-wrapper(...), alignText='center', alignVert=method-wrapper(...), anchorHoriz='center', anchorVert='center', antialias=True, autoDraw=False, autoLog=True, bold=False, color=array([1., 1., 1.]), colorSpace='rgb', contrast=1.0, depth=-6.0, draggable=False, flipHoriz=False, flipVert=False, font='Open Sans', fontFiles=[], height=0.04, italic=False, languageStyle='LTR', name='text_17', opacity=1.0, ori=0.0, pos=array([ 0.5 , -0.25]), rgb=UNKNOWN, text='peatón no puede cruzar', units='height', win=Window(...), wrapWidth=1)
10.8219 	EXP 	window1: mouseVisible = True
10.8253 	EXP 	Created image_5 = ImageStim(__class__=<class 'psychopy.visual.image.ImageStim'>, anchor=('center', 'center'), autoLog=True, color=array([1., 1., 1.]), colorSpace='rgb', contrast=1.0, depth=-7.0, draggable=False, flipHoriz=False, flipVert=False, image='pngs/hombre.png', interpolate=True, mask=None, maskParams=None, name='image_5', opacity=1.0, ori=0.0, pos=array([-0.65,  0.25]), size=array([0.12, 0.12]), texRes=128.0, units='height', win=Window(...))
10.8254 	EXP 	window1: mouseVisible = True
10.8289 	EXP 	Created text_18 = TextStim(__class__=<class 'psychopy.visual.text.TextStim'>, alignHoriz=method-wrapper(...), alignText='center', alignVert=method-wrapper(...), anchorHoriz='center', anchorVert='center', antialias=True, autoDraw=False, autoLog=True, bold=False, color=array([1., 1., 1.]), colorSpace='rgb', contrast=1.0, depth=-9.0, draggable=False, flipHoriz=False, flipVert=False, font='Open Sans', fontFiles=[], height=0.04, italic=False, languageStyle='LTR', name='text_18', opacity=1.0, ori=0.0, pos=array([ 0. , -0.4]), rgb=UNKNOWN, text='Pulsa "space" para empezar!', units='height', win=Window(...), wrapWidth=1)
10.8290 	EXP 	window1: mouseVisible = True
10.8325 	EXP 	Created image_6 = ImageStim(__class__=<class 'psychopy.visual.image.ImageStim'>, anchor=('center', 'center'), autoLog=True, color=array([1., 1., 1.]), colorSpace='rgb', contrast=1.0, depth=-10.0, draggable=False, flipHoriz=False, flipVert=False, image='pngs/mujer.png', interpolate=True, mask=None, maskParams=None, name='image_6', opacity=1.0, ori=0.0, pos=array([-0.7,  0. ]), size=array([0.15, 0.15]), texRes=128.0, units='height', win=Window(...))
10.8326 	EXP 	window1: mouseVisible = True
10.8357 	EXP 	Created image_7 = ImageStim(__class__=<class 'psychopy.visual.image.ImageStim'>, anchor=('center', 'center'), autoLog=True, color=array([1., 1., 1.]), colorSpace='rgb', contrast=1.0, depth=-11.0, draggable=False, flipHoriz=False, flipVert=False, image='pngs/delincuente.png', interpolate=True, mask=None, maskParams=None, name='image_7', opacity=1.0, ori=0.0, pos=array([-0.7 , -0.25]), size=array([0.15, 0.12]), texRes=128.0, units='height', win=Window(...))
10.8358 	EXP 	window1: mouseVisible = True
10.8401 	EXP 	Created image_8 = ImageStim(__class__=<class 'psychopy.visual.image.ImageStim'>, anchor=('center', 'center'), autoLog=True, color=array([1., 1., 1.]), colorSpace='rgb', contrast=1.0, depth=-12.0, draggable=False, flipHoriz=False, flipVert=False, image='pngs/animal.png', interpolate=True, mask=None, maskParams=None, name='image_8', opacity=1.0, ori=0.0, pos=array([0.3 , 0.25]), size=array([0.15, 0.15]), texRes=128.0, units='height', win=Window(...))
10.8402 	EXP 	window1: mouseVisible = True
10.8498 	EXP 	Created image_9 = ImageStim(__class__=<class 'psychopy.visual.image.ImageStim'>, anchor=('center', 'center'), autoLog=True, color=array([1., 1., 1.]), colorSpace='rgb', contrast=1.0, depth=-13.0, draggable=False, flipHoriz=False, flipVert=False, image='pngs/peaton_verde.png', interpolate=True, mask=None, maskParams=None, name='image_9', opacity=1.0, ori=0.0, pos=array([0.2, 0. ]), size=array([0.1 , 0.15]), texRes=128.0, units='height', win=Window(...))
10.8504 	EXP 	window1: mouseVisible = True
10.8694 	EXP 	Created image_10 = ImageStim(__class__=<class 'psychopy.visual.image.ImageStim'>, anchor=('center', 'center'), autoLog=True, color=array([1., 1., 1.]), colorSpace='rgb', contrast=1.0, depth=-14.0, draggable=False, flipHoriz=False, flipVert=False, image='pngs/peaton_rojo.png', interpolate=True, mask=None, maskParams=None, name='image_10', opacity=1.0, ori=0.0, pos=array([ 0.2 , -0.25]), size=array([0.1 , 0.15]), texRes=128.0, units='height', win=Window(...))
10.8701 	EXP 	window1: mouseVisible = True
10.8890 	EXP 	Created image = ImageStim(__class__=<class 'psychopy.visual.image.ImageStim'>, anchor=('center', 'center'), autoLog=True, color=array([1., 1., 1.]), colorSpace='rgb', contrast=1.0, depth=0.0, draggable=False, flipHoriz=False, flipVert=False, image='default.png', interpolate=True, mask=None, maskParams=None, name='image', opacity=1.0, ori=0.0, pos=array([-0.5,  0. ]), size=array([0.6, 1. ]), texRes=128.0, units='height', win=Window(...))
10.8893 	EXP 	window1: mouseVisible = True
10.8985 	EXP 	Created image_2 = ImageStim(__class__=<class 'psychopy.visual.image.ImageStim'>, anchor=('center', 'center'), autoLog=True, color=array([1., 1., 1.]), colorSpace='rgb', contrast=1.0, depth=-1.0, draggable=False, flipHoriz=False, flipVert=False, image='default.png', interpolate=True, mask=None, maskParams=None, name='image_2', opacity=1.0, ori=0.0, pos=array([0.5, 0. ]), size=array([0.6, 1. ]), texRes=128.0, units='height', win=Window(...))
10.8986 	EXP 	window1: mouseVisible = True
10.8998 	EXP 	Created text = TextStim(__class__=<class 'psychopy.visual.text.TextStim'>, alignHoriz=method-wrapper(...), alignText='center', alignVert=method-wrapper(...), anchorHoriz='center', anchorVert='center', antialias=True, autoDraw=False, autoLog=True, bold=False, color=array([1., 1., 1.]), colorSpace='rgb', contrast=1.0, depth=0.0, draggable=False, flipHoriz=False, flipVert=False, font='Open Sans', fontFiles=[], height=0.05, italic=False, languageStyle='LTR', name='text', opacity=1.0, ori=0.0, pos=array([0. , 0.3]), rgb=UNKNOWN, text='', units='height', win=Window(...), wrapWidth=1)
10.8999 	EXP 	window1: mouseVisible = True
10.9005 	EXP 	Created text_2 = TextStim(__class__=<class 'psychopy.visual.text.TextStim'>, alignHoriz=method-wrapper(...), alignText='center', alignVert=method-wrapper(...), anchorHoriz='center', anchorVert='center', antialias=True, autoDraw=False, autoLog=True, bold=False, color=array([1., 1., 1.]), colorSpace='rgb', contrast=1.0, depth=-1.0, draggable=False, flipHoriz=False, flipVert=False, font='Open Sans', fontFiles=[], height=0.05, italic=False, languageStyle='LTR', name='text_2', opacity=1.0, ori=0.0, pos=array([0. , 0.2]), rgb=UNKNOWN, text='', units='height', win=Window(...), wrapWidth=1)
10.9006 	EXP 	window1: mouseVisible = True
10.9011 	EXP 	Created text_3 = TextStim(__class__=<class 'psychopy.visual.text.TextStim'>, alignHoriz=method-wrapper(...), alignText='center', alignVert=method-wrapper(...), anchorHoriz='center', anchorVert='center', antialias=True, autoDraw=False, autoLog=True, bold=False, color=array([1., 1., 1.]), colorSpace='rgb', contrast=1.0, depth=-2.0, draggable=False, flipHoriz=False, flipVert=False, font='Open Sans', fontFiles=[], height=0.05, italic=False, languageStyle='LTR', name='text_3', opacity=1.0, ori=0.0, pos=array([0. , 0.1]), rgb=UNKNOWN, text='', units='height', win=Window(...), wrapWidth=1)
10.9012 	EXP 	window1: mouseVisible = True
10.9018 	EXP 	Created text_4 = TextStim(__class__=<class 'psychopy.visual.text.TextStim'>, alignHoriz=method-wrapper(...), alignText='center', alignVert=method-wrapper(...), anchorHoriz='center', anchorVert='center', antialias=True, autoDraw=False, autoLog=True, bold=False, color=array([1., 1., 1.]), colorSpace='rgb', contrast=1.0, depth=-3.0, draggable=False, flipHoriz=False, flipVert=False, font='Open Sans', fontFiles=[], height=0.05, italic=False, languageStyle='LTR', name='text_4', opacity=1.0, ori=0.0, pos=array([0., 0.]), rgb=UNKNOWN, text='', units='height', win=Window(...), wrapWidth=1)
10.9018 	EXP 	window1: mouseVisible = True
10.9024 	EXP 	Created text_5 = TextStim(__class__=<class 'psychopy.visual.text.TextStim'>, alignHoriz=method-wrapper(...), alignText='center', alignVert=method-wrapper(...), anchorHoriz='center', anchorVert='center', antialias=True, autoDraw=False, autoLog=True, bold=False, color=array([1., 1., 1.]), colorSpace='rgb', contrast=1.0, depth=-4.0, draggable=False, flipHoriz=False, flipVert=False, font='Open Sans', fontFiles=[], height=0.05, italic=False, languageStyle='LTR', name='text_5', opacity=1.0, ori=0.0, pos=array([ 0. , -0.1]), rgb=UNKNOWN, text='', units='height', win=Window(...), wrapWidth=1)
10.9025 	EXP 	window1: mouseVisible = True
10.9030 	EXP 	Created text_6 = TextStim(__class__=<class 'psychopy.visual.text.TextStim'>, alignHoriz=method-wrapper(...), alignText='center', alignVert=method-wrapper(...), anchorHoriz='center', anchorVert='center', antialias=True, autoDraw=False, autoLog=True, bold=False, color=array([1., 1., 1.]), colorSpace='rgb', contrast=1.0, depth=-5.0, draggable=False, flipHoriz=False, flipVert=False, font='Open Sans', fontFiles=[], height=0.05, italic=False, languageStyle='LTR', name='text_6', opacity=1.0, ori=0.0, pos=array([ 0. , -0.2]), rgb=UNKNOWN, text='', units='height', win=Window(...), wrapWidth=1)
10.9031 	EXP 	window1: mouseVisible = True
10.9117 	EXP 	Created text_7 = TextStim(__class__=<class 'psychopy.visual.text.TextStim'>, alignHoriz=method-wrapper(...), alignText='center', alignVert=method-wrapper(...), anchorHoriz='center', anchorVert='center', antialias=True, autoDraw=False, autoLog=True, bold=False, color=array([1., 1., 1.]), colorSpace='rgb', contrast=1.0, depth=-6.0, draggable=False, flipHoriz=False, flipVert=False, font='Open Sans', fontFiles=[], height=0.05, italic=False, languageStyle='LTR', name='text_7', opacity=1.0, ori=0.0, pos=array([ 0. , -0.4]), rgb=UNKNOWN, text='Para salir, pulsa "space"', units='height', win=Window(...), wrapWidth=1)
0.0293 	EXP 	image_11: autoDraw = True
0.0293 	EXP 	text_19: autoDraw = True
10.0304 	EXP 	image_11: autoDraw = False
10.0304 	EXP 	text_19: autoDraw = False
10.0304 	EXP 	text_8: autoDraw = True
12.9070 	DATA 	Keypress: space
12.9173 	EXP 	text_8: autoDraw = False
12.9173 	EXP 	image_3: autoDraw = True
12.9173 	EXP 	image_4: autoDraw = True
12.9173 	EXP 	text_9: autoDraw = True
12.9173 	EXP 	text_10: autoDraw = True
17.0109 	DATA 	Keypress: right
17.0206 	EXP 	image_3: autoDraw = False
17.0206 	EXP 	image_4: autoDraw = False
17.0206 	EXP 	text_9: autoDraw = False
17.0206 	EXP 	text_10: autoDraw = False
17.0206 	EXP 	text_11: autoDraw = True
17.0206 	EXP 	text_12: autoDraw = True
17.0206 	EXP 	text_13: autoDraw = True
17.0206 	EXP 	text_14: autoDraw = True
17.0206 	EXP 	text_15: autoDraw = True
17.0206 	EXP 	text_16: autoDraw = True
17.0206 	EXP 	text_17: autoDraw = True
17.0206 	EXP 	image_5: autoDraw = True
17.0206 	EXP 	text_18: autoDraw = True
17.0206 	EXP 	image_6: autoDraw = True
17.0206 	EXP 	image_7: autoDraw = True
17.0206 	EXP 	image_8: autoDraw = True
17.0206 	EXP 	image_9: autoDraw = True
17.0206 	EXP 	image_10: autoDraw = True
25.1350 	EXP 	Imported trials_coche.csv as conditions, 40 conditions, 14 params
25.1354 	EXP 	Created sequence: random, trialTypes=40, nReps=1, seed=None
25.1356 	EXP 	New trial (rep=0, index=0): OrderedDict([('imagen1', 'C:\\Users\\david\\OneDrive\\Documentos\\GitHub\\OpenBrains\\coche_autonomo\\pngs\\37.png'), ('imagen2', 'C:\\Users\\david\\OneDrive\\Documentos\\GitHub\\OpenBrains\\coche_autonomo\\pngs\\38.png'), ('hm1', 0), ('cp1', 1), ('ai1', 1), ('pa1', 0), ('vr1', -1), ('cl1', 0), ('hm2', 0), ('cp2', -1), ('ai2', -1), ('pa2', 0), ('vr2', 1), ('cl2', 0)])
25.2693 	DATA 	Keypress: space
25.2812 	EXP 	text_11: autoDraw = False
25.2812 	EXP 	text_12: autoDraw = False
25.2812 	EXP 	text_13: autoDraw = False
25.2812 	EXP 	text_14: autoDraw = False
25.2812 	EXP 	text_15: autoDraw = False
25.2812 	EXP 	text_16: autoDraw = False
25.2812 	EXP 	text_17: autoDraw = False
25.2812 	EXP 	image_5: autoDraw = False
25.2812 	EXP 	text_18: autoDraw = False
25.2812 	EXP 	image_6: autoDraw = False
25.2812 	EXP 	image_7: autoDraw = False
25.2812 	EXP 	image_8: autoDraw = False
25.2812 	EXP 	image_9: autoDraw = False
25.2812 	EXP 	image_10: autoDraw = False
25.2812 	EXP 	image: image = 'C:\\Users\\david\\OneDrive\\Documentos\\GitHub\\OpenBrains\\coche_autonomo\\pngs\\37.png'
25.2812 	EXP 	image_2: image = 'C:\\Users\\david\\OneDrive\\Documentos\\GitHub\\OpenBrains\\coche_autonomo\\pngs\\38.png'
25.2812 	EXP 	image: autoDraw = True
25.2812 	EXP 	image_2: autoDraw = True
27.5500 	EXP 	New trial (rep=0, index=1): OrderedDict([('imagen1', 'C:\\Users\\david\\OneDrive\\Documentos\\GitHub\\OpenBrains\\coche_autonomo\\pngs\\33.png'), ('imagen2', 'C:\\Users\\david\\OneDrive\\Documentos\\GitHub\\OpenBrains\\coche_autonomo\\pngs\\34.png'), ('hm1', 0), ('cp1', -1), ('ai1', 1), ('pa1', 0), ('vr1', 1), ('cl1', 0), ('hm2', 0), ('cp2', 1), ('ai2', -1), ('pa2', 0), ('vr2', -1), ('cl2', 0)])
27.6760 	DATA 	Keypress: left
27.6843 	EXP 	image: autoDraw = False
27.6843 	EXP 	image_2: autoDraw = False
27.6843 	EXP 	image: image = 'C:\\Users\\david\\OneDrive\\Documentos\\GitHub\\OpenBrains\\coche_autonomo\\pngs\\33.png'
27.6843 	EXP 	image_2: image = 'C:\\Users\\david\\OneDrive\\Documentos\\GitHub\\OpenBrains\\coche_autonomo\\pngs\\34.png'
27.6843 	EXP 	image: autoDraw = True
27.6843 	EXP 	image_2: autoDraw = True
27.9341 	EXP 	New trial (rep=0, index=2): OrderedDict([('imagen1', 'C:\\Users\\david\\OneDrive\\Documentos\\GitHub\\OpenBrains\\coche_autonomo\\pngs\\21.png'), ('imagen2', 'C:\\Users\\david\\OneDrive\\Documentos\\GitHub\\OpenBrains\\coche_autonomo\\pngs\\22.png'), ('hm1', 1), ('cp1', 1), ('ai1', 1), ('pa1', 0), ('vr1', -1), ('cl1', 0), ('hm2', -1), ('cp2', -1), ('ai2', -1), ('pa2', 0), ('vr2', 1), ('cl2', 0)])
28.0706 	DATA 	Keypress: right
28.0801 	EXP 	image: autoDraw = False
28.0801 	EXP 	image_2: autoDraw = False
28.0801 	EXP 	image: image = 'C:\\Users\\david\\OneDrive\\Documentos\\GitHub\\OpenBrains\\coche_autonomo\\pngs\\21.png'
28.0801 	EXP 	image_2: image = 'C:\\Users\\david\\OneDrive\\Documentos\\GitHub\\OpenBrains\\coche_autonomo\\pngs\\22.png'
28.0801 	EXP 	image: autoDraw = True
28.0801 	EXP 	image_2: autoDraw = True
28.3333 	EXP 	New trial (rep=0, index=3): OrderedDict([('imagen1', 'C:\\Users\\david\\OneDrive\\Documentos\\GitHub\\OpenBrains\\coche_autonomo\\pngs\\3.png'), ('imagen2', 'C:\\Users\\david\\OneDrive\\Documentos\\GitHub\\OpenBrains\\coche_autonomo\\pngs\\4.png'), ('hm1', 0), ('cp1', -1), ('ai1', 1), ('pa1', 0), ('vr1', -1), ('cl1', 0), ('hm2', 0), ('cp2', 1), ('ai2', -1), ('pa2', 0), ('vr2', 1), ('cl2', 0)])
28.4643 	DATA 	Keypress: right
28.4838 	EXP 	image: autoDraw = False
28.4838 	EXP 	image_2: autoDraw = False
28.4838 	EXP 	image: image = 'C:\\Users\\david\\OneDrive\\Documentos\\GitHub\\OpenBrains\\coche_autonomo\\pngs\\3.png'
28.4838 	EXP 	image_2: image = 'C:\\Users\\david\\OneDrive\\Documentos\\GitHub\\OpenBrains\\coche_autonomo\\pngs\\4.png'
28.4838 	EXP 	image: autoDraw = True
28.4838 	EXP 	image_2: autoDraw = True
28.7506 	EXP 	New trial (rep=0, index=4): OrderedDict([('imagen1', 'C:\\Users\\david\\OneDrive\\Documentos\\GitHub\\OpenBrains\\coche_autonomo\\pngs\\43.png'), ('imagen2', 'C:\\Users\\david\\OneDrive\\Documentos\\GitHub\\OpenBrains\\coche_autonomo\\pngs\\44.png'), ('hm1', 0), ('cp1', -1), ('ai1', 1), ('pa1', -1), ('vr1', -1), ('cl1', 0), ('hm2', 0), ('cp2', 1), ('ai2', -1), ('pa2', 1), ('vr2', 1), ('cl2', 0)])
28.8799 	DATA 	Keypress: left
28.8876 	EXP 	image: autoDraw = False
28.8876 	EXP 	image_2: autoDraw = False
28.8876 	EXP 	image: image = 'C:\\Users\\david\\OneDrive\\Documentos\\GitHub\\OpenBrains\\coche_autonomo\\pngs\\43.png'
28.8876 	EXP 	image_2: image = 'C:\\Users\\david\\OneDrive\\Documentos\\GitHub\\OpenBrains\\coche_autonomo\\pngs\\44.png'
28.8876 	EXP 	image: autoDraw = True
28.8876 	EXP 	image_2: autoDraw = True
29.0996 	EXP 	New trial (rep=0, index=5): OrderedDict([('imagen1', 'C:\\Users\\david\\OneDrive\\Documentos\\GitHub\\OpenBrains\\coche_autonomo\\pngs\\49.png'), ('imagen2', 'C:\\Users\\david\\OneDrive\\Documentos\\GitHub\\OpenBrains\\coche_autonomo\\pngs\\50.png'), ('hm1', 0), ('cp1', -1), ('ai1', 1), ('pa1', 1), ('vr1', 1), ('cl1', 0), ('hm2', 0), ('cp2', 1), ('ai2', -1), ('pa2', -1), ('vr2', -1), ('cl2', 0)])
29.2230 	DATA 	Keypress: left
29.2413 	EXP 	image: autoDraw = False
29.2413 	EXP 	image_2: autoDraw = False
29.2413 	EXP 	image: image = 'C:\\Users\\david\\OneDrive\\Documentos\\GitHub\\OpenBrains\\coche_autonomo\\pngs\\49.png'
29.2413 	EXP 	image_2: image = 'C:\\Users\\david\\OneDrive\\Documentos\\GitHub\\OpenBrains\\coche_autonomo\\pngs\\50.png'
29.2413 	EXP 	image: autoDraw = True
29.2413 	EXP 	image_2: autoDraw = True
29.4174 	EXP 	New trial (rep=0, index=6): OrderedDict([('imagen1', 'C:\\Users\\david\\OneDrive\\Documentos\\GitHub\\OpenBrains\\coche_autonomo\\pngs\\17.png'), ('imagen2', 'C:\\Users\\david\\OneDrive\\Documentos\\GitHub\\OpenBrains\\coche_autonomo\\pngs\\18.png'), ('hm1', -1), ('cp1', -1), ('ai1', 1), ('pa1', 0), ('vr1', 1), ('cl1', 0), ('hm2', 1), ('cp2', 1), ('ai2', -1), ('pa2', 0), ('vr2', -1), ('cl2', 0)])
29.5430 	DATA 	Keypress: left
29.5520 	EXP 	image: autoDraw = False
29.5520 	EXP 	image_2: autoDraw = False
29.5520 	EXP 	image: image = 'C:\\Users\\david\\OneDrive\\Documentos\\GitHub\\OpenBrains\\coche_autonomo\\pngs\\17.png'
29.5520 	EXP 	image_2: image = 'C:\\Users\\david\\OneDrive\\Documentos\\GitHub\\OpenBrains\\coche_autonomo\\pngs\\18.png'
29.5520 	EXP 	image: autoDraw = True
29.5520 	EXP 	image_2: autoDraw = True
29.7018 	DATA 	Keypress: left
29.7175 	EXP 	New trial (rep=0, index=7): OrderedDict([('imagen1', 'C:\\Users\\david\\OneDrive\\Documentos\\GitHub\\OpenBrains\\coche_autonomo\\pngs\\25.png'), ('imagen2', 'C:\\Users\\david\\OneDrive\\Documentos\\GitHub\\OpenBrains\\coche_autonomo\\pngs\\26.png'), ('hm1', 1), ('cp1', -1), ('ai1', 1), ('pa1', 0), ('vr1', 1), ('cl1', 0), ('hm2', -1), ('cp2', 1), ('ai2', -1), ('pa2', 0), ('vr2', -1), ('cl2', 0)])
29.8549 	EXP 	image: autoDraw = False
29.8549 	EXP 	image_2: autoDraw = False
29.8549 	EXP 	image: image = 'C:\\Users\\david\\OneDrive\\Documentos\\GitHub\\OpenBrains\\coche_autonomo\\pngs\\25.png'
29.8549 	EXP 	image_2: image = 'C:\\Users\\david\\OneDrive\\Documentos\\GitHub\\OpenBrains\\coche_autonomo\\pngs\\26.png'
29.8549 	EXP 	image: autoDraw = True
29.8549 	EXP 	image_2: autoDraw = True
29.9852 	EXP 	New trial (rep=0, index=8): OrderedDict([('imagen1', 'C:\\Users\\david\\OneDrive\\Documentos\\GitHub\\OpenBrains\\coche_autonomo\\pngs\\1.png'), ('imagen2', 'C:\\Users\\david\\OneDrive\\Documentos\\GitHub\\OpenBrains\\coche_autonomo\\pngs\\2.png'), ('hm1', 0), ('cp1', -1), ('ai1', 1), ('pa1', 0), ('vr1', 1), ('cl1', 0), ('hm2', 0), ('cp2', 1), ('ai2', -1), ('pa2', 0), ('vr2', -1), ('cl2', 0)])
30.1230 	DATA 	Keypress: left
30.1313 	EXP 	image: autoDraw = False
30.1313 	EXP 	image_2: autoDraw = False
30.1313 	EXP 	image: image = 'C:\\Users\\david\\OneDrive\\Documentos\\GitHub\\OpenBrains\\coche_autonomo\\pngs\\1.png'
30.1313 	EXP 	image_2: image = 'C:\\Users\\david\\OneDrive\\Documentos\\GitHub\\OpenBrains\\coche_autonomo\\pngs\\2.png'
30.1313 	EXP 	image: autoDraw = True
30.1313 	EXP 	image_2: autoDraw = True
30.2355 	EXP 	New trial (rep=0, index=9): OrderedDict([('imagen1', 'C:\\Users\\david\\OneDrive\\Documentos\\GitHub\\OpenBrains\\coche_autonomo\\pngs\\29.png'), ('imagen2', 'C:\\Users\\david\\OneDrive\\Documentos\\GitHub\\OpenBrains\\coche_autonomo\\pngs\\30.png'), ('hm1', -1), ('cp1', 1), ('ai1', 1), ('pa1', 0), ('vr1', -1), ('cl1', 0), ('hm2', 1), ('cp2', -1), ('ai2', -1), ('pa2', 0), ('vr2', 1), ('cl2', 0)])
30.3620 	DATA 	Keypress: right
30.3705 	EXP 	image: autoDraw = False
30.3705 	EXP 	image_2: autoDraw = False
30.3705 	EXP 	image: image = 'C:\\Users\\david\\OneDrive\\Documentos\\GitHub\\OpenBrains\\coche_autonomo\\pngs\\29.png'
30.3705 	EXP 	image_2: image = 'C:\\Users\\david\\OneDrive\\Documentos\\GitHub\\OpenBrains\\coche_autonomo\\pngs\\30.png'
30.3705 	EXP 	image: autoDraw = True
30.3705 	EXP 	image_2: autoDraw = True
30.5349 	EXP 	New trial (rep=0, index=10): OrderedDict([('imagen1', 'C:\\Users\\david\\OneDrive\\Documentos\\GitHub\\OpenBrains\\coche_autonomo\\pngs\\69.png'), ('imagen2', 'C:\\Users\\david\\OneDrive\\Documentos\\GitHub\\OpenBrains\\coche_autonomo\\pngs\\70.png'), ('hm1', 0), ('cp1', 1), ('ai1', 1), ('pa1', 0), ('vr1', -1), ('cl1', 1), ('hm2', 0), ('cp2', -1), ('ai2', -1), ('pa2', 0), ('vr2', 1), ('cl2', -1)])
30.6552 	DATA 	Keypress: right
30.6625 	EXP 	image: autoDraw = False
30.6625 	EXP 	image_2: autoDraw = False
30.6625 	EXP 	image: image = 'C:\\Users\\david\\OneDrive\\Documentos\\GitHub\\OpenBrains\\coche_autonomo\\pngs\\69.png'
30.6625 	EXP 	image_2: image = 'C:\\Users\\david\\OneDrive\\Documentos\\GitHub\\OpenBrains\\coche_autonomo\\pngs\\70.png'
30.6625 	EXP 	image: autoDraw = True
30.6625 	EXP 	image_2: autoDraw = True
30.8350 	EXP 	New trial (rep=0, index=11): OrderedDict([('imagen1', 'C:\\Users\\david\\OneDrive\\Documentos\\GitHub\\OpenBrains\\coche_autonomo\\pngs\\57.png'), ('imagen2', 'C:\\Users\\david\\OneDrive\\Documentos\\GitHub\\OpenBrains\\coche_autonomo\\pngs\\58.png'), ('hm1', 0), ('cp1', -1), ('ai1', 1), ('pa1', 0), ('vr1', 1), ('cl1', 0), ('hm2', 0), ('cp2', 1), ('ai2', -1), ('pa2', 0), ('vr2', -1), ('cl2', 0)])
30.9605 	DATA 	Keypress: left
30.9686 	EXP 	image: autoDraw = False
30.9686 	EXP 	image_2: autoDraw = False
30.9686 	EXP 	image: image = 'C:\\Users\\david\\OneDrive\\Documentos\\GitHub\\OpenBrains\\coche_autonomo\\pngs\\57.png'
30.9686 	EXP 	image_2: image = 'C:\\Users\\david\\OneDrive\\Documentos\\GitHub\\OpenBrains\\coche_autonomo\\pngs\\58.png'
30.9686 	EXP 	image: autoDraw = True
30.9686 	EXP 	image_2: autoDraw = True
31.1185 	EXP 	New trial (rep=0, index=12): OrderedDict([('imagen1', 'C:\\Users\\david\\OneDrive\\Documentos\\GitHub\\OpenBrains\\coche_autonomo\\pngs\\13.png'), ('imagen2', 'C:\\Users\\david\\OneDrive\\Documentos\\GitHub\\OpenBrains\\coche_autonomo\\pngs\\14.png'), ('hm1', 0), ('cp1', 1), ('ai1', 1), ('pa1', 0), ('vr1', -1), ('cl1', 0), ('hm2', 0), ('cp2', -1), ('ai2', -1), ('pa2', 0), ('vr2', 1), ('cl2', 0)])
31.2450 	DATA 	Keypress: right
31.2543 	EXP 	image: autoDraw = False
31.2543 	EXP 	image_2: autoDraw = False
31.2543 	EXP 	image: image = 'C:\\Users\\david\\OneDrive\\Documentos\\GitHub\\OpenBrains\\coche_autonomo\\pngs\\13.png'
31.2543 	EXP 	image_2: image = 'C:\\Users\\david\\OneDrive\\Documentos\\GitHub\\OpenBrains\\coche_autonomo\\pngs\\14.png'
31.2543 	EXP 	image: autoDraw = True
31.2543 	EXP 	image_2: autoDraw = True
31.4357 	EXP 	New trial (rep=0, index=13): OrderedDict([('imagen1', 'C:\\Users\\david\\OneDrive\\Documentos\\GitHub\\OpenBrains\\coche_autonomo\\pngs\\51.png'), ('imagen2', 'C:\\Users\\david\\OneDrive\\Documentos\\GitHub\\OpenBrains\\coche_autonomo\\pngs\\52.png'), ('hm1', 0), ('cp1', -1), ('ai1', 1), ('pa1', 1), ('vr1', -1), ('cl1', 0), ('hm2', 0), ('cp2', 1), ('ai2', -1), ('pa2', -1), ('vr2', 1), ('cl2', 0)])
31.5559 	DATA 	Keypress: right
31.5728 	EXP 	image: autoDraw = False
31.5728 	EXP 	image_2: autoDraw = False
31.5728 	EXP 	image: image = 'C:\\Users\\david\\OneDrive\\Documentos\\GitHub\\OpenBrains\\coche_autonomo\\pngs\\51.png'
31.5728 	EXP 	image_2: image = 'C:\\Users\\david\\OneDrive\\Documentos\\GitHub\\OpenBrains\\coche_autonomo\\pngs\\52.png'
31.5728 	EXP 	image: autoDraw = True
31.5728 	EXP 	image_2: autoDraw = True
31.6698 	EXP 	New trial (rep=0, index=14): OrderedDict([('imagen1', 'C:\\Users\\david\\OneDrive\\Documentos\\GitHub\\OpenBrains\\coche_autonomo\\pngs\\11.png'), ('imagen2', 'C:\\Users\\david\\OneDrive\\Documentos\\GitHub\\OpenBrains\\coche_autonomo\\pngs\\12.png'), ('hm1', 0), ('cp1', -1), ('ai1', 1), ('pa1', 0), ('vr1', -1), ('cl1', 0), ('hm2', 0), ('cp2', 1), ('ai2', -1), ('pa2', 0), ('vr2', 1), ('cl2', 0)])
31.7966 	DATA 	Keypress: right
31.8048 	EXP 	image: autoDraw = False
31.8048 	EXP 	image_2: autoDraw = False
31.8048 	EXP 	image: image = 'C:\\Users\\david\\OneDrive\\Documentos\\GitHub\\OpenBrains\\coche_autonomo\\pngs\\11.png'
31.8048 	EXP 	image_2: image = 'C:\\Users\\david\\OneDrive\\Documentos\\GitHub\\OpenBrains\\coche_autonomo\\pngs\\12.png'
31.8048 	EXP 	image: autoDraw = True
31.8048 	EXP 	image_2: autoDraw = True
31.9529 	EXP 	New trial (rep=0, index=15): OrderedDict([('imagen1', 'C:\\Users\\david\\OneDrive\\Documentos\\GitHub\\OpenBrains\\coche_autonomo\\pngs\\39.png'), ('imagen2', 'C:\\Users\\david\\OneDrive\\Documentos\\GitHub\\OpenBrains\\coche_autonomo\\pngs\\40.png'), ('hm1', 0), ('cp1', 1), ('ai1', 1), ('pa1', 0), ('vr1', 1), ('cl1', 0), ('hm2', 0), ('cp2', -1), ('ai2', -1), ('pa2', 0), ('vr2', -1), ('cl2', 0)])
32.0951 	DATA 	Keypress: left
32.1029 	EXP 	image: autoDraw = False
32.1029 	EXP 	image_2: autoDraw = False
32.1029 	EXP 	image: image = 'C:\\Users\\david\\OneDrive\\Documentos\\GitHub\\OpenBrains\\coche_autonomo\\pngs\\39.png'
32.1029 	EXP 	image_2: image = 'C:\\Users\\david\\OneDrive\\Documentos\\GitHub\\OpenBrains\\coche_autonomo\\pngs\\40.png'
32.1029 	EXP 	image: autoDraw = True
32.1029 	EXP 	image_2: autoDraw = True
32.2201 	EXP 	New trial (rep=0, index=16): OrderedDict([('imagen1', 'C:\\Users\\david\\OneDrive\\Documentos\\GitHub\\OpenBrains\\coche_autonomo\\pngs\\63.png'), ('imagen2', 'C:\\Users\\david\\OneDrive\\Documentos\\GitHub\\OpenBrains\\coche_autonomo\\pngs\\64.png'), ('hm1', 0), ('cp1', 1), ('ai1', 1), ('pa1', 0), ('vr1', 1), ('cl1', 0), ('hm2', 0), ('cp2', -1), ('ai2', -1), ('pa2', 0), ('vr2', -1), ('cl2', 0)])
32.3401 	DATA 	Keypress: right
32.3474 	EXP 	image: autoDraw = False
32.3474 	EXP 	image_2: autoDraw = False
32.3474 	EXP 	image: image = 'C:\\Users\\david\\OneDrive\\Documentos\\GitHub\\OpenBrains\\coche_autonomo\\pngs\\63.png'
32.3474 	EXP 	image_2: image = 'C:\\Users\\david\\OneDrive\\Documentos\\GitHub\\OpenBrains\\coche_autonomo\\pngs\\64.png'
32.3474 	EXP 	image: autoDraw = True
32.3474 	EXP 	image_2: autoDraw = True
32.5699 	EXP 	New trial (rep=0, index=17): OrderedDict([('imagen1', 'C:\\Users\\david\\OneDrive\\Documentos\\GitHub\\OpenBrains\\coche_autonomo\\pngs\\79.png'), ('imagen2', 'C:\\Users\\david\\OneDrive\\Documentos\\GitHub\\OpenBrains\\coche_autonomo\\pngs\\80.png'), ('hm1', 0), ('cp1', 1), ('ai1', 1), ('pa1', 0), ('vr1', 1), ('cl1', -1), ('hm2', 0), ('cp2', -1), ('ai2', -1), ('pa2', 0), ('vr2', -1), ('cl2', 1)])
32.6969 	DATA 	Keypress: right
32.7055 	EXP 	image: autoDraw = False
32.7055 	EXP 	image_2: autoDraw = False
32.7055 	EXP 	image: image = 'C:\\Users\\david\\OneDrive\\Documentos\\GitHub\\OpenBrains\\coche_autonomo\\pngs\\79.png'
32.7055 	EXP 	image_2: image = 'C:\\Users\\david\\OneDrive\\Documentos\\GitHub\\OpenBrains\\coche_autonomo\\pngs\\80.png'
32.7055 	EXP 	image: autoDraw = True
32.7055 	EXP 	image_2: autoDraw = True
32.8386 	EXP 	New trial (rep=0, index=18): OrderedDict([('imagen1', 'C:\\Users\\david\\OneDrive\\Documentos\\GitHub\\OpenBrains\\coche_autonomo\\pngs\\61.png'), ('imagen2', 'C:\\Users\\david\\OneDrive\\Documentos\\GitHub\\OpenBrains\\coche_autonomo\\pngs\\62.png'), ('hm1', 0), ('cp1', 1), ('ai1', 1), ('pa1', 0), ('vr1', -1), ('cl1', 0), ('hm2', 0), ('cp2', -1), ('ai2', -1), ('pa2', 0), ('vr2', 1), ('cl2', 0)])
32.9608 	DATA 	Keypress: right
32.9781 	EXP 	image: autoDraw = False
32.9781 	EXP 	image_2: autoDraw = False
32.9781 	EXP 	image: image = 'C:\\Users\\david\\OneDrive\\Documentos\\GitHub\\OpenBrains\\coche_autonomo\\pngs\\61.png'
32.9781 	EXP 	image_2: image = 'C:\\Users\\david\\OneDrive\\Documentos\\GitHub\\OpenBrains\\coche_autonomo\\pngs\\62.png'
32.9781 	EXP 	image: autoDraw = True
32.9781 	EXP 	image_2: autoDraw = True
33.1880 	EXP 	New trial (rep=0, index=19): OrderedDict([('imagen1', 'C:\\Users\\david\\OneDrive\\Documentos\\GitHub\\OpenBrains\\coche_autonomo\\pngs\\71.png'), ('imagen2', 'C:\\Users\\david\\OneDrive\\Documentos\\GitHub\\OpenBrains\\coche_autonomo\\pngs\\72.png'), ('hm1', 0), ('cp1', 1), ('ai1', 1), ('pa1', 0), ('vr1', 1), ('cl1', 1), ('hm2', 0), ('cp2', -1), ('ai2', -1), ('pa2', 0), ('vr2', -1), ('cl2', -1)])
33.3201 	DATA 	Keypress: right
33.3394 	EXP 	image: autoDraw = False
33.3394 	EXP 	image_2: autoDraw = False
33.3394 	EXP 	image: image = 'C:\\Users\\david\\OneDrive\\Documentos\\GitHub\\OpenBrains\\coche_autonomo\\pngs\\71.png'
33.3394 	EXP 	image_2: image = 'C:\\Users\\david\\OneDrive\\Documentos\\GitHub\\OpenBrains\\coche_autonomo\\pngs\\72.png'
33.3394 	EXP 	image: autoDraw = True
33.3394 	EXP 	image_2: autoDraw = True
33.4550 	EXP 	New trial (rep=0, index=20): OrderedDict([('imagen1', 'C:\\Users\\david\\OneDrive\\Documentos\\GitHub\\OpenBrains\\coche_autonomo\\pngs\\5.png'), ('imagen2', 'C:\\Users\\david\\OneDrive\\Documentos\\GitHub\\OpenBrains\\coche_autonomo\\pngs\\6.png'), ('hm1', 0), ('cp1', 1), ('ai1', 1), ('pa1', 0), ('vr1', -1), ('cl1', 0), ('hm2', 0), ('cp2', -1), ('ai2', -1), ('pa2', 0), ('vr2', 1), ('cl2', 0)])
33.5837 	DATA 	Keypress: left
33.6005 	EXP 	image: autoDraw = False
33.6005 	EXP 	image_2: autoDraw = False
33.6005 	EXP 	image: image = 'C:\\Users\\david\\OneDrive\\Documentos\\GitHub\\OpenBrains\\coche_autonomo\\pngs\\5.png'
33.6005 	EXP 	image_2: image = 'C:\\Users\\david\\OneDrive\\Documentos\\GitHub\\OpenBrains\\coche_autonomo\\pngs\\6.png'
33.6005 	EXP 	image: autoDraw = True
33.6005 	EXP 	image_2: autoDraw = True
33.7731 	EXP 	New trial (rep=0, index=21): OrderedDict([('imagen1', 'C:\\Users\\david\\OneDrive\\Documentos\\GitHub\\OpenBrains\\coche_autonomo\\pngs\\55.png'), ('imagen2', 'C:\\Users\\david\\OneDrive\\Documentos\\GitHub\\OpenBrains\\coche_autonomo\\pngs\\56.png'), ('hm1', 0), ('cp1', 1), ('ai1', 1), ('pa1', -1), ('vr1', 1), ('cl1', 0), ('hm2', 0), ('cp2', -1), ('ai2', -1), ('pa2', 1), ('vr2', -1), ('cl2', 0)])
33.9139 	DATA 	Keypress: left
33.9326 	EXP 	image: autoDraw = False
33.9326 	EXP 	image_2: autoDraw = False
33.9326 	EXP 	image: image = 'C:\\Users\\david\\OneDrive\\Documentos\\GitHub\\OpenBrains\\coche_autonomo\\pngs\\55.png'
33.9326 	EXP 	image_2: image = 'C:\\Users\\david\\OneDrive\\Documentos\\GitHub\\OpenBrains\\coche_autonomo\\pngs\\56.png'
33.9326 	EXP 	image: autoDraw = True
33.9326 	EXP 	image_2: autoDraw = True
34.1221 	EXP 	New trial (rep=0, index=22): OrderedDict([('imagen1', 'C:\\Users\\david\\OneDrive\\Documentos\\GitHub\\OpenBrains\\coche_autonomo\\pngs\\47.png'), ('imagen2', 'C:\\Users\\david\\OneDrive\\Documentos\\GitHub\\OpenBrains\\coche_autonomo\\pngs\\48.png'), ('hm1', 0), ('cp1', 1), ('ai1', 1), ('pa1', 1), ('vr1', 1), ('cl1', 0), ('hm2', 0), ('cp2', -1), ('ai2', -1), ('pa2', -1), ('vr2', -1), ('cl2', 0)])
34.2488 	DATA 	Keypress: left
34.2573 	EXP 	image: autoDraw = False
34.2573 	EXP 	image_2: autoDraw = False
34.2573 	EXP 	image: image = 'C:\\Users\\david\\OneDrive\\Documentos\\GitHub\\OpenBrains\\coche_autonomo\\pngs\\47.png'
34.2573 	EXP 	image_2: image = 'C:\\Users\\david\\OneDrive\\Documentos\\GitHub\\OpenBrains\\coche_autonomo\\pngs\\48.png'
34.2573 	EXP 	image: autoDraw = True
34.2573 	EXP 	image_2: autoDraw = True
34.4055 	EXP 	New trial (rep=0, index=23): OrderedDict([('imagen1', 'C:\\Users\\david\\OneDrive\\Documentos\\GitHub\\OpenBrains\\coche_autonomo\\pngs\\19.png'), ('imagen2', 'C:\\Users\\david\\OneDrive\\Documentos\\GitHub\\OpenBrains\\coche_autonomo\\pngs\\20.png'), ('hm1', -1), ('cp1', -1), ('ai1', 1), ('pa1', 0), ('vr1', -1), ('cl1', 0), ('hm2', 1), ('cp2', 1), ('ai2', -1), ('pa2', 0), ('vr2', 1), ('cl2', 0)])
34.5350 	DATA 	Keypress: right
34.5426 	EXP 	image: autoDraw = False
34.5426 	EXP 	image_2: autoDraw = False
34.5426 	EXP 	image: image = 'C:\\Users\\david\\OneDrive\\Documentos\\GitHub\\OpenBrains\\coche_autonomo\\pngs\\19.png'
34.5426 	EXP 	image_2: image = 'C:\\Users\\david\\OneDrive\\Documentos\\GitHub\\OpenBrains\\coche_autonomo\\pngs\\20.png'
34.5426 	EXP 	image: autoDraw = True
34.5426 	EXP 	image_2: autoDraw = True
34.7223 	EXP 	New trial (rep=0, index=24): OrderedDict([('imagen1', 'C:\\Users\\david\\OneDrive\\Documentos\\GitHub\\OpenBrains\\coche_autonomo\\pngs\\15.png'), ('imagen2', 'C:\\Users\\david\\OneDrive\\Documentos\\GitHub\\OpenBrains\\coche_autonomo\\pngs\\16.png'), ('hm1', 0), ('cp1', 1), ('ai1', 1), ('pa1', 0), ('vr1', 1), ('cl1', 0), ('hm2', 0), ('cp2', -1), ('ai2', -1), ('pa2', 0), ('vr2', -1), ('cl2', 0)])
34.8498 	DATA 	Keypress: left
34.8585 	EXP 	image: autoDraw = False
34.8585 	EXP 	image_2: autoDraw = False
34.8585 	EXP 	image: image = 'C:\\Users\\david\\OneDrive\\Documentos\\GitHub\\OpenBrains\\coche_autonomo\\pngs\\15.png'
34.8585 	EXP 	image_2: image = 'C:\\Users\\david\\OneDrive\\Documentos\\GitHub\\OpenBrains\\coche_autonomo\\pngs\\16.png'
34.8585 	EXP 	image: autoDraw = True
34.8585 	EXP 	image_2: autoDraw = True
35.0162 	EXP 	New trial (rep=0, index=25): OrderedDict([('imagen1', 'C:\\Users\\david\\OneDrive\\Documentos\\GitHub\\OpenBrains\\coche_autonomo\\pngs\\41.png'), ('imagen2', 'C:\\Users\\david\\OneDrive\\Documentos\\GitHub\\OpenBrains\\coche_autonomo\\pngs\\42.png'), ('hm1', 0), ('cp1', -1), ('ai1', 1), ('pa1', -1), ('vr1', 1), ('cl1', 0), ('hm2', 0), ('cp2', 1), ('ai2', -1), ('pa2', 1), ('vr2', -1), ('cl2', 0)])
35.1438 	DATA 	Keypress: right
35.1611 	EXP 	image: autoDraw = False
35.1611 	EXP 	image_2: autoDraw = False
35.1611 	EXP 	image: image = 'C:\\Users\\david\\OneDrive\\Documentos\\GitHub\\OpenBrains\\coche_autonomo\\pngs\\41.png'
35.1611 	EXP 	image_2: image = 'C:\\Users\\david\\OneDrive\\Documentos\\GitHub\\OpenBrains\\coche_autonomo\\pngs\\42.png'
35.1611 	EXP 	image: autoDraw = True
35.1611 	EXP 	image_2: autoDraw = True
35.3069 	EXP 	New trial (rep=0, index=26): OrderedDict([('imagen1', 'C:\\Users\\david\\OneDrive\\Documentos\\GitHub\\OpenBrains\\coche_autonomo\\pngs\\23.png'), ('imagen2', 'C:\\Users\\david\\OneDrive\\Documentos\\GitHub\\OpenBrains\\coche_autonomo\\pngs\\24.png'), ('hm1', 1), ('cp1', 1), ('ai1', 1), ('pa1', 0), ('vr1', 1), ('cl1', 0), ('hm2', -1), ('cp2', -1), ('ai2', -1), ('pa2', 0), ('vr2', -1), ('cl2', 0)])
35.4395 	DATA 	Keypress: left
35.4574 	EXP 	image: autoDraw = False
35.4574 	EXP 	image_2: autoDraw = False
35.4574 	EXP 	image: image = 'C:\\Users\\david\\OneDrive\\Documentos\\GitHub\\OpenBrains\\coche_autonomo\\pngs\\23.png'
35.4574 	EXP 	image_2: image = 'C:\\Users\\david\\OneDrive\\Documentos\\GitHub\\OpenBrains\\coche_autonomo\\pngs\\24.png'
35.4574 	EXP 	image: autoDraw = True
35.4574 	EXP 	image_2: autoDraw = True
35.6257 	EXP 	New trial (rep=0, index=27): OrderedDict([('imagen1', 'C:\\Users\\david\\OneDrive\\Documentos\\GitHub\\OpenBrains\\coche_autonomo\\pngs\\31.png'), ('imagen2', 'C:\\Users\\david\\OneDrive\\Documentos\\GitHub\\OpenBrains\\coche_autonomo\\pngs\\32.png'), ('hm1', -1), ('cp1', 1), ('ai1', 1), ('pa1', 0), ('vr1', 1), ('cl1', 0), ('hm2', 1), ('cp2', -1), ('ai2', -1), ('pa2', 0), ('vr2', -1), ('cl2', 0)])
35.7747 	DATA 	Keypress: right
35.7834 	EXP 	image: autoDraw = False
35.7834 	EXP 	image_2: autoDraw = False
35.7834 	EXP 	image: image = 'C:\\Users\\david\\OneDrive\\Documentos\\GitHub\\OpenBrains\\coche_autonomo\\pngs\\31.png'
35.7834 	EXP 	image_2: image = 'C:\\Users\\david\\OneDrive\\Documentos\\GitHub\\OpenBrains\\coche_autonomo\\pngs\\32.png'
35.7834 	EXP 	image: autoDraw = True
35.7834 	EXP 	image_2: autoDraw = True
35.9086 	EXP 	New trial (rep=0, index=28): OrderedDict([('imagen1', 'C:\\Users\\david\\OneDrive\\Documentos\\GitHub\\OpenBrains\\coche_autonomo\\pngs\\67.png'), ('imagen2', 'C:\\Users\\david\\OneDrive\\Documentos\\GitHub\\OpenBrains\\coche_autonomo\\pngs\\68.png'), ('hm1', 0), ('cp1', -1), ('ai1', 1), ('pa1', 0), ('vr1', -1), ('cl1', -1), ('hm2', 0), ('cp2', 1), ('ai2', -1), ('pa2', 0), ('vr2', 1), ('cl2', 1)])
36.0509 	DATA 	Keypress: right
36.0596 	EXP 	image: autoDraw = False
36.0596 	EXP 	image_2: autoDraw = False
36.0596 	EXP 	image: image = 'C:\\Users\\david\\OneDrive\\Documentos\\GitHub\\OpenBrains\\coche_autonomo\\pngs\\67.png'
36.0596 	EXP 	image_2: image = 'C:\\Users\\david\\OneDrive\\Documentos\\GitHub\\OpenBrains\\coche_autonomo\\pngs\\68.png'
36.0596 	EXP 	image: autoDraw = True
36.0596 	EXP 	image_2: autoDraw = True
36.2077 	EXP 	New trial (rep=0, index=29): OrderedDict([('imagen1', 'C:\\Users\\david\\OneDrive\\Documentos\\GitHub\\OpenBrains\\coche_autonomo\\pngs\\45.png'), ('imagen2', 'C:\\Users\\david\\OneDrive\\Documentos\\GitHub\\OpenBrains\\coche_autonomo\\pngs\\46.png'), ('hm1', 0), ('cp1', 1), ('ai1', 1), ('pa1', 1), ('vr1', -1), ('cl1', 0), ('hm2', 0), ('cp2', -1), ('ai2', -1), ('pa2', -1), ('vr2', 1), ('cl2', 0)])
36.3394 	DATA 	Keypress: left
36.3598 	EXP 	image: autoDraw = False
36.3598 	EXP 	image_2: autoDraw = False
36.3598 	EXP 	image: image = 'C:\\Users\\david\\OneDrive\\Documentos\\GitHub\\OpenBrains\\coche_autonomo\\pngs\\45.png'
36.3598 	EXP 	image_2: image = 'C:\\Users\\david\\OneDrive\\Documentos\\GitHub\\OpenBrains\\coche_autonomo\\pngs\\46.png'
36.3598 	EXP 	image: autoDraw = True
36.3598 	EXP 	image_2: autoDraw = True
36.5080 	EXP 	New trial (rep=0, index=30): OrderedDict([('imagen1', 'C:\\Users\\david\\OneDrive\\Documentos\\GitHub\\OpenBrains\\coche_autonomo\\pngs\\75.png'), ('imagen2', 'C:\\Users\\david\\OneDrive\\Documentos\\GitHub\\OpenBrains\\coche_autonomo\\pngs\\76.png'), ('hm1', 0), ('cp1', -1), ('ai1', 1), ('pa1', 0), ('vr1', -1), ('cl1', 1), ('hm2', 0), ('cp2', 1), ('ai2', -1), ('pa2', 0), ('vr2', 1), ('cl2', -1)])
36.6327 	DATA 	Keypress: right
36.6505 	EXP 	image: autoDraw = False
36.6505 	EXP 	image_2: autoDraw = False
36.6505 	EXP 	image: image = 'C:\\Users\\david\\OneDrive\\Documentos\\GitHub\\OpenBrains\\coche_autonomo\\pngs\\75.png'
36.6505 	EXP 	image_2: image = 'C:\\Users\\david\\OneDrive\\Documentos\\GitHub\\OpenBrains\\coche_autonomo\\pngs\\76.png'
36.6505 	EXP 	image: autoDraw = True
36.6505 	EXP 	image_2: autoDraw = True
36.9917 	EXP 	New trial (rep=0, index=31): OrderedDict([('imagen1', 'C:\\Users\\david\\OneDrive\\Documentos\\GitHub\\OpenBrains\\coche_autonomo\\pngs\\7.png'), ('imagen2', 'C:\\Users\\david\\OneDrive\\Documentos\\GitHub\\OpenBrains\\coche_autonomo\\pngs\\8.png'), ('hm1', 0), ('cp1', 1), ('ai1', 1), ('pa1', 0), ('vr1', 1), ('cl1', 0), ('hm2', 0), ('cp2', -1), ('ai2', -1), ('pa2', 0), ('vr2', -1), ('cl2', 0)])
37.1284 	DATA 	Keypress: left
37.1365 	EXP 	image: autoDraw = False
37.1365 	EXP 	image_2: autoDraw = False
37.1365 	EXP 	image: image = 'C:\\Users\\david\\OneDrive\\Documentos\\GitHub\\OpenBrains\\coche_autonomo\\pngs\\7.png'
37.1365 	EXP 	image_2: image = 'C:\\Users\\david\\OneDrive\\Documentos\\GitHub\\OpenBrains\\coche_autonomo\\pngs\\8.png'
37.1365 	EXP 	image: autoDraw = True
37.1365 	EXP 	image_2: autoDraw = True
37.3087 	EXP 	New trial (rep=0, index=32): OrderedDict([('imagen1', 'C:\\Users\\david\\OneDrive\\Documentos\\GitHub\\OpenBrains\\coche_autonomo\\pngs\\65.png'), ('imagen2', 'C:\\Users\\david\\OneDrive\\Documentos\\GitHub\\OpenBrains\\coche_autonomo\\pngs\\66.png'), ('hm1', 0), ('cp1', -1), ('ai1', 1), ('pa1', 0), ('vr1', 1), ('cl1', -1), ('hm2', 0), ('cp2', 1), ('ai2', -1), ('pa2', 0), ('vr2', -1), ('cl2', 1)])
37.4396 	DATA 	Keypress: left
37.4564 	EXP 	image: autoDraw = False
37.4564 	EXP 	image_2: autoDraw = False
37.4564 	EXP 	image: image = 'C:\\Users\\david\\OneDrive\\Documentos\\GitHub\\OpenBrains\\coche_autonomo\\pngs\\65.png'
37.4564 	EXP 	image_2: image = 'C:\\Users\\david\\OneDrive\\Documentos\\GitHub\\OpenBrains\\coche_autonomo\\pngs\\66.png'
37.4564 	EXP 	image: autoDraw = True
37.4564 	EXP 	image_2: autoDraw = True
37.7766 	EXP 	New trial (rep=0, index=33): OrderedDict([('imagen1', 'C:\\Users\\david\\OneDrive\\Documentos\\GitHub\\OpenBrains\\coche_autonomo\\pngs\\27.png'), ('imagen2', 'C:\\Users\\david\\OneDrive\\Documentos\\GitHub\\OpenBrains\\coche_autonomo\\pngs\\28.png'), ('hm1', 1), ('cp1', -1), ('ai1', 1), ('pa1', 0), ('vr1', -1), ('cl1', 0), ('hm2', -1), ('cp2', 1), ('ai2', -1), ('pa2', 0), ('vr2', 1), ('cl2', 0)])
37.9088 	DATA 	Keypress: left
37.9287 	EXP 	image: autoDraw = False
37.9287 	EXP 	image_2: autoDraw = False
37.9287 	EXP 	image: image = 'C:\\Users\\david\\OneDrive\\Documentos\\GitHub\\OpenBrains\\coche_autonomo\\pngs\\27.png'
37.9287 	EXP 	image_2: image = 'C:\\Users\\david\\OneDrive\\Documentos\\GitHub\\OpenBrains\\coche_autonomo\\pngs\\28.png'
37.9287 	EXP 	image: autoDraw = True
37.9287 	EXP 	image_2: autoDraw = True
38.1428 	EXP 	New trial (rep=0, index=34): OrderedDict([('imagen1', 'C:\\Users\\david\\OneDrive\\Documentos\\GitHub\\OpenBrains\\coche_autonomo\\pngs\\77.png'), ('imagen2', 'C:\\Users\\david\\OneDrive\\Documentos\\GitHub\\OpenBrains\\coche_autonomo\\pngs\\78.png'), ('hm1', 0), ('cp1', 1), ('ai1', 1), ('pa1', 0), ('vr1', -1), ('cl1', -1), ('hm2', 0), ('cp2', -1), ('ai2', -1), ('pa2', 0), ('vr2', 1), ('cl2', 1)])
38.2777 	DATA 	Keypress: right
38.2973 	EXP 	image: autoDraw = False
38.2973 	EXP 	image_2: autoDraw = False
38.2973 	EXP 	image: image = 'C:\\Users\\david\\OneDrive\\Documentos\\GitHub\\OpenBrains\\coche_autonomo\\pngs\\77.png'
38.2973 	EXP 	image_2: image = 'C:\\Users\\david\\OneDrive\\Documentos\\GitHub\\OpenBrains\\coche_autonomo\\pngs\\78.png'
38.2973 	EXP 	image: autoDraw = True
38.2973 	EXP 	image_2: autoDraw = True
38.6109 	EXP 	New trial (rep=0, index=35): OrderedDict([('imagen1', 'C:\\Users\\david\\OneDrive\\Documentos\\GitHub\\OpenBrains\\coche_autonomo\\pngs\\59.png'), ('imagen2', 'C:\\Users\\david\\OneDrive\\Documentos\\GitHub\\OpenBrains\\coche_autonomo\\pngs\\60.png'), ('hm1', 0), ('cp1', -1), ('ai1', 1), ('pa1', 0), ('vr1', -1), ('cl1', 0), ('hm2', 0), ('cp2', 1), ('ai2', -1), ('pa2', 0), ('vr2', 1), ('cl2', 0)])
38.7579 	DATA 	Keypress: left
38.7742 	EXP 	image: autoDraw = False
38.7742 	EXP 	image_2: autoDraw = False
38.7742 	EXP 	image: image = 'C:\\Users\\david\\OneDrive\\Documentos\\GitHub\\OpenBrains\\coche_autonomo\\pngs\\59.png'
38.7742 	EXP 	image_2: image = 'C:\\Users\\david\\OneDrive\\Documentos\\GitHub\\OpenBrains\\coche_autonomo\\pngs\\60.png'
38.7742 	EXP 	image: autoDraw = True
38.7742 	EXP 	image_2: autoDraw = True
39.0175 	EXP 	New trial (rep=0, index=36): OrderedDict([('imagen1', 'C:\\Users\\david\\OneDrive\\Documentos\\GitHub\\OpenBrains\\coche_autonomo\\pngs\\35.png'), ('imagen2', 'C:\\Users\\david\\OneDrive\\Documentos\\GitHub\\OpenBrains\\coche_autonomo\\pngs\\36.png'), ('hm1', 0), ('cp1', -1), ('ai1', 1), ('pa1', 0), ('vr1', -1), ('cl1', 0), ('hm2', 0), ('cp2', 1), ('ai2', -1), ('pa2', 0), ('vr2', 1), ('cl2', 0)])
39.1572 	DATA 	Keypress: right
39.1647 	EXP 	image: autoDraw = False
39.1647 	EXP 	image_2: autoDraw = False
39.1647 	EXP 	image: image = 'C:\\Users\\david\\OneDrive\\Documentos\\GitHub\\OpenBrains\\coche_autonomo\\pngs\\35.png'
39.1647 	EXP 	image_2: image = 'C:\\Users\\david\\OneDrive\\Documentos\\GitHub\\OpenBrains\\coche_autonomo\\pngs\\36.png'
39.1647 	EXP 	image: autoDraw = True
39.1647 	EXP 	image_2: autoDraw = True
39.3769 	EXP 	New trial (rep=0, index=37): OrderedDict([('imagen1', 'C:\\Users\\david\\OneDrive\\Documentos\\GitHub\\OpenBrains\\coche_autonomo\\pngs\\53.png'), ('imagen2', 'C:\\Users\\david\\OneDrive\\Documentos\\GitHub\\OpenBrains\\coche_autonomo\\pngs\\54.png'), ('hm1', 0), ('cp1', 1), ('ai1', 1), ('pa1', -1), ('vr1', -1), ('cl1', 0), ('hm2', 0), ('cp2', -1), ('ai2', -1), ('pa2', 1), ('vr2', 1), ('cl2', 0)])
39.5019 	DATA 	Keypress: right
39.5191 	EXP 	image: autoDraw = False
39.5191 	EXP 	image_2: autoDraw = False
39.5191 	EXP 	image: image = 'C:\\Users\\david\\OneDrive\\Documentos\\GitHub\\OpenBrains\\coche_autonomo\\pngs\\53.png'
39.5191 	EXP 	image_2: image = 'C:\\Users\\david\\OneDrive\\Documentos\\GitHub\\OpenBrains\\coche_autonomo\\pngs\\54.png'
39.5191 	EXP 	image: autoDraw = True
39.5191 	EXP 	image_2: autoDraw = True
39.7436 	EXP 	New trial (rep=0, index=38): OrderedDict([('imagen1', 'C:\\Users\\david\\OneDrive\\Documentos\\GitHub\\OpenBrains\\coche_autonomo\\pngs\\9.png'), ('imagen2', 'C:\\Users\\david\\OneDrive\\Documentos\\GitHub\\OpenBrains\\coche_autonomo\\pngs\\10.png'), ('hm1', 0), ('cp1', -1), ('ai1', 1), ('pa1', 0), ('vr1', 1), ('cl1', 0), ('hm2', 0), ('cp2', 1), ('ai2', -1), ('pa2', 0), ('vr2', -1), ('cl2', 0)])
39.8640 	DATA 	Keypress: right
39.8715 	EXP 	image: autoDraw = False
39.8715 	EXP 	image_2: autoDraw = False
39.8715 	EXP 	image: image = 'C:\\Users\\david\\OneDrive\\Documentos\\GitHub\\OpenBrains\\coche_autonomo\\pngs\\9.png'
39.8715 	EXP 	image_2: image = 'C:\\Users\\david\\OneDrive\\Documentos\\GitHub\\OpenBrains\\coche_autonomo\\pngs\\10.png'
39.8715 	EXP 	image: autoDraw = True
39.8715 	EXP 	image_2: autoDraw = True
40.1443 	EXP 	New trial (rep=0, index=39): OrderedDict([('imagen1', 'C:\\Users\\david\\OneDrive\\Documentos\\GitHub\\OpenBrains\\coche_autonomo\\pngs\\73.png'), ('imagen2', 'C:\\Users\\david\\OneDrive\\Documentos\\GitHub\\OpenBrains\\coche_autonomo\\pngs\\74.png'), ('hm1', 0), ('cp1', -1), ('ai1', 1), ('pa1', 0), ('vr1', 1), ('cl1', 1), ('hm2', 0), ('cp2', 1), ('ai2', -1), ('pa2', 0), ('vr2', -1), ('cl2', -1)])
40.2698 	DATA 	Keypress: left
40.2782 	EXP 	image: autoDraw = False
40.2782 	EXP 	image_2: autoDraw = False
40.2782 	EXP 	image: image = 'C:\\Users\\david\\OneDrive\\Documentos\\GitHub\\OpenBrains\\coche_autonomo\\pngs\\73.png'
40.2782 	EXP 	image_2: image = 'C:\\Users\\david\\OneDrive\\Documentos\\GitHub\\OpenBrains\\coche_autonomo\\pngs\\74.png'
40.2782 	EXP 	image: autoDraw = True
40.2782 	EXP 	image_2: autoDraw = True
40.5571 	DATA 	Keypress: right
40.5593 	EXP 	image: autoDraw = False
40.5593 	EXP 	image_2: autoDraw = False
40.5593 	EXP 	text: height = 0.05
40.5593 	EXP 	text: height = 0.05
40.5593 	EXP 	text: height = 0.05
40.5593 	EXP 	text: text = 'Salvar hombres antes que mujeres = 37.5%'
40.5593 	EXP 	text_2: height = 0.05
40.5593 	EXP 	text_2: height = 0.05
40.5593 	EXP 	text_2: height = 0.05
40.5593 	EXP 	text_2: text = 'Salvar conductor antes que peatón = 37.5%'
40.5593 	EXP 	text_3: height = 0.05
40.5593 	EXP 	text_3: height = 0.05
40.5593 	EXP 	text_3: height = 0.05
40.5593 	EXP 	text_3: text = 'Dejar que el coche vaya recto = 47.5%'
40.5593 	EXP 	text_4: height = 0.05
40.5593 	EXP 	text_4: height = 0.05
40.5593 	EXP 	text_4: height = 0.05
40.5593 	EXP 	text_4: text = 'Salvar personas antes que animales = 25.0%'
40.5593 	EXP 	text_5: height = 0.05
40.5593 	EXP 	text_5: height = 0.05
40.5593 	EXP 	text_5: height = 0.05
40.5593 	EXP 	text_5: text = 'Salvar a quien respeta la ley = 47.5%'
40.5593 	EXP 	text_6: height = 0.05
40.5593 	EXP 	text_6: height = 0.05
40.5593 	EXP 	text_6: height = 0.05
40.5593 	EXP 	text_6: text = 'Salvar a cívicos antes que ladrones = 50.0%'
40.5593 	EXP 	text: autoDraw = True
40.5593 	EXP 	text_2: autoDraw = True
40.5593 	EXP 	text_3: autoDraw = True
40.5593 	EXP 	text_4: autoDraw = True
40.5593 	EXP 	text_5: autoDraw = True
40.5593 	EXP 	text_6: autoDraw = True
40.5593 	EXP 	text_7: autoDraw = True
54.6455 	DATA 	Keypress: escape
54.7593 	EXP 	untitled: status = STOPPED
54.7749 	EXP 	text: autoDraw = False
54.7749 	EXP 	text_2: autoDraw = False
54.7749 	EXP 	text_3: autoDraw = False
54.7749 	EXP 	text_4: autoDraw = False
54.7749 	EXP 	text_5: autoDraw = False
54.7749 	EXP 	text_6: autoDraw = False
54.7749 	EXP 	text_7: autoDraw = False
54.7751 	EXP 	untitled: status = STOPPED
54.8503 	EXP 	window1: mouseVisible = True
