11.8473 	WARNING 	User requested fullscreen with size [1024  768], but screen is actually [1920, 1080]. Using actual size
12.6705 	EXP 	Created window1 = Window(allowGUI=True, allowStencil=False, autoLog=True, backendConf=UNKNOWN, backgroundFit=<method-wrapper '__getattribute__' of attributeSetter object at 0x0000023435534D30>, backgroundImage=<method-wrapper '__getattribute__' of attributeSetter object at 0x0000023435534CD0>, bitsMode=UNKNOWN, blendMode='avg', bpc=(8, 8, 8), color=array([0, 0, 0]), colorSpace='rgb', depthBits=8, fullscr=<method-wrapper '__getattribute__' of attributeSetter object at 0x0000023435534AF0>, gamma=None, gammaErrorPolicy='raise', lms=UNKNOWN, monitor=<psychopy.monitors.calibTools.Monitor object at 0x0000023435A43CA0>, multiSample=False, name='window1', numSamples=2, pos=(0, 0), screen=0, size=array([1920, 1080]), stencilBits=0, stereo=False, title='PsychoPy', units='height', useFBO=True, useRetina=False, viewOri=0.0, viewPos=None, viewScale=None, waitBlanking=True, winType='pyglet')
12.6706 	EXP 	window1: mouseVisible = True
12.6706 	EXP 	window1: backgroundImage = ''
12.6707 	EXP 	window1: backgroundFit = 'none'
12.6723 	EXP 	window1: Attempting to measure frame rate of screen (0) ...
12.6723 	EXP 	window1: recordFrameIntervals = False
12.8368 	EXP 	window1: recordFrameIntervals = True
13.0210 	EXP 	Screen (0) actual frame rate measured at 60.04Hz
13.0211 	EXP 	window1: recordFrameIntervals = False
13.0215 	EXP 	window1: mouseVisible = False
15.3695 	EXP 	untitled: status = STARTED
15.3698 	EXP 	window1: mouseVisible = True
16.7355 	EXP 	Created image_11 = ImageStim(__class__=<class 'psychopy.visual.image.ImageStim'>, anchor=('center', 'center'), autoLog=True, color=array([1., 1., 1.]), colorSpace='rgb', contrast=1.0, depth=0.0, draggable=False, flipHoriz=False, flipVert=False, image='pngs/pexels-riciardus-228094.jpg', interpolate=True, mask=None, maskParams=None, name='image_11', opacity=0.6, ori=0.0, pos=array([0., 0.]), size=array([2., 1.]), texRes=128.0, units='height', win=Window(...))
16.7361 	EXP 	window1: mouseVisible = True
16.8476 	EXP 	Created text_19 = TextStim(__class__=<class 'psychopy.visual.text.TextStim'>, alignHoriz=method-wrapper(...), alignText='center', alignVert=method-wrapper(...), anchorHoriz='center', anchorVert='center', antialias=True, autoDraw=False, autoLog=True, bold=False, color=array([-1., -1., -1.]), colorSpace='rgb', contrast=1.0, depth=-1.0, draggable=False, flipHoriz=False, flipVert=False, font='Open Sans', fontFiles=[], height=0.08, italic=False, languageStyle='LTR', name='text_19', opacity=1.0, ori=0.0, pos=array([-0.2 ,  0.18]), rgb=UNKNOWN, text='Experimento del coche autónomo', units='height', win=Window(...), wrapWidth=1)
16.8478 	EXP 	window1: mouseVisible = True
16.8741 	EXP 	Created text_8 = TextStim(__class__=<class 'psychopy.visual.text.TextStim'>, alignHoriz=method-wrapper(...), alignText='center', alignVert=method-wrapper(...), anchorHoriz='center', anchorVert='center', antialias=True, autoDraw=False, autoLog=True, bold=False, color=array([1., 1., 1.]), colorSpace='rgb', contrast=1.0, depth=0.0, draggable=False, flipHoriz=False, flipVert=False, font='Open Sans', fontFiles=[], height=0.04, italic=False, languageStyle='LTR', name='text_8', opacity=1.0, ori=0.0, pos=array([0., 0.]), rgb=UNKNOWN, text=str(...), units='height', win=Window(...), wrapWidth=1)
16.8742 	EXP 	window1: mouseVisible = True
17.1879 	EXP 	Created image_3 = ImageStim(__class__=<class 'psychopy.visual.image.ImageStim'>, anchor=('center', 'center'), autoLog=True, color=array([1., 1., 1.]), colorSpace='rgb', contrast=1.0, depth=0.0, draggable=False, flipHoriz=False, flipVert=False, image='pngs/41.png', interpolate=True, mask=None, maskParams=None, name='image_3', opacity=1.0, ori=0.0, pos=array([-0.53, -0.1 ]), size=array([0.4, 0.8]), texRes=128.0, units='height', win=Window(...))
17.1880 	EXP 	window1: mouseVisible = True
17.5306 	EXP 	Created image_4 = ImageStim(__class__=<class 'psychopy.visual.image.ImageStim'>, anchor=('center', 'center'), autoLog=True, color=array([1., 1., 1.]), colorSpace='rgb', contrast=1.0, depth=-1.0, draggable=False, flipHoriz=False, flipVert=False, image='pngs/42.png', interpolate=True, mask=None, maskParams=None, name='image_4', opacity=1.0, ori=0.0, pos=array([ 0.53, -0.1 ]), size=array([0.4, 0.8]), texRes=128.0, units='height', win=Window(...))
17.5308 	EXP 	window1: mouseVisible = True
17.5357 	EXP 	Created text_9 = TextStim(__class__=<class 'psychopy.visual.text.TextStim'>, alignHoriz=method-wrapper(...), alignText='center', alignVert=method-wrapper(...), anchorHoriz='center', anchorVert='center', antialias=True, autoDraw=False, autoLog=True, bold=False, color=array([1., 1., 1.]), colorSpace='rgb', contrast=1.0, depth=-3.0, draggable=False, flipHoriz=False, flipVert=False, font='Open Sans', fontFiles=[], height=0.04, italic=False, languageStyle='LTR', name='text_9', opacity=1.0, ori=0.0, pos=array([ 0.  , -0.25]), rgb=UNKNOWN, text=str(...), units='height', win=Window(...), wrapWidth=1)
17.5358 	EXP 	window1: mouseVisible = True
17.5406 	EXP 	Created text_10 = TextStim(__class__=<class 'psychopy.visual.text.TextStim'>, alignHoriz=method-wrapper(...), alignText='center', alignVert=method-wrapper(...), anchorHoriz='center', anchorVert='center', antialias=True, autoDraw=False, autoLog=True, bold=False, color=array([1., 1., 1.]), colorSpace='rgb', contrast=1.0, depth=-4.0, draggable=False, flipHoriz=False, flipVert=False, font='Open Sans', fontFiles=[], height=0.04, italic=False, languageStyle='LTR', name='text_10', opacity=1.0, ori=0.0, pos=array([0. , 0.4]), rgb=UNKNOWN, text=str(...), units='height', win=Window(...), wrapWidth=1)
17.5407 	EXP 	window1: mouseVisible = True
17.5513 	EXP 	Created text_11 = TextStim(__class__=<class 'psychopy.visual.text.TextStim'>, alignHoriz=method-wrapper(...), alignText='center', alignVert=method-wrapper(...), anchorHoriz='center', anchorVert='center', antialias=True, autoDraw=False, autoLog=True, bold=False, color=array([1., 1., 1.]), colorSpace='rgb', contrast=1.0, depth=0.0, draggable=False, flipHoriz=False, flipVert=False, font='Open Sans', fontFiles=[], height=0.04, italic=False, languageStyle='LTR', name='text_11', opacity=1.0, ori=0.0, pos=array([0. , 0.4]), rgb=UNKNOWN, text=str(...), units='height', win=Window(...), wrapWidth=1)
17.5520 	EXP 	window1: mouseVisible = True
17.5606 	EXP 	Created text_12 = TextStim(__class__=<class 'psychopy.visual.text.TextStim'>, alignHoriz=method-wrapper(...), alignText='center', alignVert=method-wrapper(...), anchorHoriz='center', anchorVert='center', antialias=True, autoDraw=False, autoLog=True, bold=False, color=array([1., 1., 1.]), colorSpace='rgb', contrast=1.0, depth=-1.0, draggable=False, flipHoriz=False, flipVert=False, font='Open Sans', fontFiles=[], height=0.04, italic=False, languageStyle='LTR', name='text_12', opacity=1.0, ori=0.0, pos=array([-0.5 ,  0.25]), rgb=UNKNOWN, text='hombre', units='height', win=Window(...), wrapWidth=1)
17.5608 	EXP 	window1: mouseVisible = True
17.5654 	EXP 	Created text_13 = TextStim(__class__=<class 'psychopy.visual.text.TextStim'>, alignHoriz=method-wrapper(...), alignText='center', alignVert=method-wrapper(...), anchorHoriz='center', anchorVert='center', antialias=True, autoDraw=False, autoLog=True, bold=False, color=array([1., 1., 1.]), colorSpace='rgb', contrast=1.0, depth=-2.0, draggable=False, flipHoriz=False, flipVert=False, font='Open Sans', fontFiles=[], height=0.04, italic=False, languageStyle='LTR', name='text_13', opacity=1.0, ori=0.0, pos=array([-0.5,  0. ]), rgb=UNKNOWN, text='mujer', units='height', win=Window(...), wrapWidth=1)
17.5656 	EXP 	window1: mouseVisible = True
17.5686 	EXP 	Created text_14 = TextStim(__class__=<class 'psychopy.visual.text.TextStim'>, alignHoriz=method-wrapper(...), alignText='center', alignVert=method-wrapper(...), anchorHoriz='center', anchorVert='center', antialias=True, autoDraw=False, autoLog=True, bold=False, color=array([1., 1., 1.]), colorSpace='rgb', contrast=1.0, depth=-3.0, draggable=False, flipHoriz=False, flipVert=False, font='Open Sans', fontFiles=[], height=0.04, italic=False, languageStyle='LTR', name='text_14', opacity=1.0, ori=0.0, pos=array([-0.5 , -0.25]), rgb=UNKNOWN, text='delincuente', units='height', win=Window(...), wrapWidth=1)
17.5687 	EXP 	window1: mouseVisible = True
17.5713 	EXP 	Created text_15 = TextStim(__class__=<class 'psychopy.visual.text.TextStim'>, alignHoriz=method-wrapper(...), alignText='center', alignVert=method-wrapper(...), anchorHoriz='center', anchorVert='center', antialias=True, autoDraw=False, autoLog=True, bold=False, color=array([1., 1., 1.]), colorSpace='rgb', contrast=1.0, depth=-4.0, draggable=False, flipHoriz=False, flipVert=False, font='Open Sans', fontFiles=[], height=0.04, italic=False, languageStyle='LTR', name='text_15', opacity=1.0, ori=0.0, pos=array([0.5 , 0.25]), rgb=UNKNOWN, text='animal', units='height', win=Window(...), wrapWidth=1)
17.5714 	EXP 	window1: mouseVisible = True
17.5739 	EXP 	Created text_16 = TextStim(__class__=<class 'psychopy.visual.text.TextStim'>, alignHoriz=method-wrapper(...), alignText='center', alignVert=method-wrapper(...), anchorHoriz='center', anchorVert='center', antialias=True, autoDraw=False, autoLog=True, bold=False, color=array([1., 1., 1.]), colorSpace='rgb', contrast=1.0, depth=-5.0, draggable=False, flipHoriz=False, flipVert=False, font='Open Sans', fontFiles=[], height=0.04, italic=False, languageStyle='LTR', name='text_16', opacity=1.0, ori=0.0, pos=array([0.5, 0. ]), rgb=UNKNOWN, text='peatón puede cruzar', units='height', win=Window(...), wrapWidth=1)
17.5740 	EXP 	window1: mouseVisible = True
17.5762 	EXP 	Created text_17 = TextStim(__class__=<class 'psychopy.visual.text.TextStim'>, alignHoriz=method-wrapper(...), alignText='center', alignVert=method-wrapper(...), anchorHoriz='center', anchorVert='center', antialias=True, autoDraw=False, autoLog=True, bold=False, color=array([1., 1., 1.]), colorSpace='rgb', contrast=1.0, depth=-6.0, draggable=False, flipHoriz=False, flipVert=False, font='Open Sans', fontFiles=[], height=0.04, italic=False, languageStyle='LTR', name='text_17', opacity=1.0, ori=0.0, pos=array([ 0.5 , -0.25]), rgb=UNKNOWN, text='peatón no puede cruzar', units='height', win=Window(...), wrapWidth=1)
17.5763 	EXP 	window1: mouseVisible = True
17.5803 	EXP 	Created image_5 = ImageStim(__class__=<class 'psychopy.visual.image.ImageStim'>, anchor=('center', 'center'), autoLog=True, color=array([1., 1., 1.]), colorSpace='rgb', contrast=1.0, depth=-7.0, draggable=False, flipHoriz=False, flipVert=False, image='pngs/hombre.png', interpolate=True, mask=None, maskParams=None, name='image_5', opacity=1.0, ori=0.0, pos=array([-0.65,  0.25]), size=array([0.12, 0.12]), texRes=128.0, units='height', win=Window(...))
17.5804 	EXP 	window1: mouseVisible = True
17.5850 	EXP 	Created text_18 = TextStim(__class__=<class 'psychopy.visual.text.TextStim'>, alignHoriz=method-wrapper(...), alignText='center', alignVert=method-wrapper(...), anchorHoriz='center', anchorVert='center', antialias=True, autoDraw=False, autoLog=True, bold=False, color=array([1., 1., 1.]), colorSpace='rgb', contrast=1.0, depth=-9.0, draggable=False, flipHoriz=False, flipVert=False, font='Open Sans', fontFiles=[], height=0.04, italic=False, languageStyle='LTR', name='text_18', opacity=1.0, ori=0.0, pos=array([ 0. , -0.4]), rgb=UNKNOWN, text='¡Pulsa "space" para empezar!', units='height', win=Window(...), wrapWidth=1)
17.5851 	EXP 	window1: mouseVisible = True
17.5893 	EXP 	Created image_6 = ImageStim(__class__=<class 'psychopy.visual.image.ImageStim'>, anchor=('center', 'center'), autoLog=True, color=array([1., 1., 1.]), colorSpace='rgb', contrast=1.0, depth=-10.0, draggable=False, flipHoriz=False, flipVert=False, image='pngs/mujer.png', interpolate=True, mask=None, maskParams=None, name='image_6', opacity=1.0, ori=0.0, pos=array([-0.7,  0. ]), size=array([0.15, 0.15]), texRes=128.0, units='height', win=Window(...))
17.5893 	EXP 	window1: mouseVisible = True
17.5932 	EXP 	Created image_7 = ImageStim(__class__=<class 'psychopy.visual.image.ImageStim'>, anchor=('center', 'center'), autoLog=True, color=array([1., 1., 1.]), colorSpace='rgb', contrast=1.0, depth=-11.0, draggable=False, flipHoriz=False, flipVert=False, image='pngs/delincuente.png', interpolate=True, mask=None, maskParams=None, name='image_7', opacity=1.0, ori=0.0, pos=array([-0.7 , -0.25]), size=array([0.15, 0.12]), texRes=128.0, units='height', win=Window(...))
17.5932 	EXP 	window1: mouseVisible = True
17.6075 	EXP 	Created image_8 = ImageStim(__class__=<class 'psychopy.visual.image.ImageStim'>, anchor=('center', 'center'), autoLog=True, color=array([1., 1., 1.]), colorSpace='rgb', contrast=1.0, depth=-12.0, draggable=False, flipHoriz=False, flipVert=False, image='pngs/animal.png', interpolate=True, mask=None, maskParams=None, name='image_8', opacity=1.0, ori=0.0, pos=array([0.3 , 0.25]), size=array([0.15, 0.15]), texRes=128.0, units='height', win=Window(...))
17.6076 	EXP 	window1: mouseVisible = True
17.6136 	EXP 	Created image_9 = ImageStim(__class__=<class 'psychopy.visual.image.ImageStim'>, anchor=('center', 'center'), autoLog=True, color=array([1., 1., 1.]), colorSpace='rgb', contrast=1.0, depth=-13.0, draggable=False, flipHoriz=False, flipVert=False, image='pngs/peaton_verde.png', interpolate=True, mask=None, maskParams=None, name='image_9', opacity=1.0, ori=0.0, pos=array([0.2, 0. ]), size=array([0.1 , 0.15]), texRes=128.0, units='height', win=Window(...))
17.6137 	EXP 	window1: mouseVisible = True
17.6205 	EXP 	Created image_10 = ImageStim(__class__=<class 'psychopy.visual.image.ImageStim'>, anchor=('center', 'center'), autoLog=True, color=array([1., 1., 1.]), colorSpace='rgb', contrast=1.0, depth=-14.0, draggable=False, flipHoriz=False, flipVert=False, image='pngs/peaton_rojo.png', interpolate=True, mask=None, maskParams=None, name='image_10', opacity=1.0, ori=0.0, pos=array([ 0.2 , -0.25]), size=array([0.1 , 0.15]), texRes=128.0, units='height', win=Window(...))
17.6206 	EXP 	window1: mouseVisible = True
17.6329 	EXP 	Created image = ImageStim(__class__=<class 'psychopy.visual.image.ImageStim'>, anchor=('center', 'center'), autoLog=True, color=array([1., 1., 1.]), colorSpace='rgb', contrast=1.0, depth=0.0, draggable=False, flipHoriz=False, flipVert=False, image='default.png', interpolate=True, mask=None, maskParams=None, name='image', opacity=1.0, ori=0.0, pos=array([-0.5,  0. ]), size=array([0.6, 1. ]), texRes=128.0, units='height', win=Window(...))
17.6330 	EXP 	window1: mouseVisible = True
17.6440 	EXP 	Created image_2 = ImageStim(__class__=<class 'psychopy.visual.image.ImageStim'>, anchor=('center', 'center'), autoLog=True, color=array([1., 1., 1.]), colorSpace='rgb', contrast=1.0, depth=-1.0, draggable=False, flipHoriz=False, flipVert=False, image='default.png', interpolate=True, mask=None, maskParams=None, name='image_2', opacity=1.0, ori=0.0, pos=array([0.5, 0. ]), size=array([0.6, 1. ]), texRes=128.0, units='height', win=Window(...))
17.6442 	EXP 	window1: mouseVisible = True
17.6453 	EXP 	Created text = TextStim(__class__=<class 'psychopy.visual.text.TextStim'>, alignHoriz=method-wrapper(...), alignText='center', alignVert=method-wrapper(...), anchorHoriz='center', anchorVert='center', antialias=True, autoDraw=False, autoLog=True, bold=False, color=array([1., 1., 1.]), colorSpace='rgb', contrast=1.0, depth=0.0, draggable=False, flipHoriz=False, flipVert=False, font='Open Sans', fontFiles=[], height=0.04, italic=False, languageStyle='LTR', name='text', opacity=1.0, ori=0.0, pos=array([0. , 0.3]), rgb=UNKNOWN, text='', units='height', win=Window(...), wrapWidth=1)
17.6455 	EXP 	window1: mouseVisible = True
17.6465 	EXP 	Created text_2 = TextStim(__class__=<class 'psychopy.visual.text.TextStim'>, alignHoriz=method-wrapper(...), alignText='center', alignVert=method-wrapper(...), anchorHoriz='center', anchorVert='center', antialias=True, autoDraw=False, autoLog=True, bold=False, color=array([1., 1., 1.]), colorSpace='rgb', contrast=1.0, depth=-1.0, draggable=False, flipHoriz=False, flipVert=False, font='Open Sans', fontFiles=[], height=0.04, italic=False, languageStyle='LTR', name='text_2', opacity=1.0, ori=0.0, pos=array([0. , 0.2]), rgb=UNKNOWN, text='', units='height', win=Window(...), wrapWidth=1)
17.6466 	EXP 	window1: mouseVisible = True
17.6476 	EXP 	Created text_3 = TextStim(__class__=<class 'psychopy.visual.text.TextStim'>, alignHoriz=method-wrapper(...), alignText='center', alignVert=method-wrapper(...), anchorHoriz='center', anchorVert='center', antialias=True, autoDraw=False, autoLog=True, bold=False, color=array([1., 1., 1.]), colorSpace='rgb', contrast=1.0, depth=-2.0, draggable=False, flipHoriz=False, flipVert=False, font='Open Sans', fontFiles=[], height=0.04, italic=False, languageStyle='LTR', name='text_3', opacity=1.0, ori=0.0, pos=array([0. , 0.1]), rgb=UNKNOWN, text='', units='height', win=Window(...), wrapWidth=1)
17.6477 	EXP 	window1: mouseVisible = True
17.6487 	EXP 	Created text_4 = TextStim(__class__=<class 'psychopy.visual.text.TextStim'>, alignHoriz=method-wrapper(...), alignText='center', alignVert=method-wrapper(...), anchorHoriz='center', anchorVert='center', antialias=True, autoDraw=False, autoLog=True, bold=False, color=array([1., 1., 1.]), colorSpace='rgb', contrast=1.0, depth=-3.0, draggable=False, flipHoriz=False, flipVert=False, font='Open Sans', fontFiles=[], height=0.04, italic=False, languageStyle='LTR', name='text_4', opacity=1.0, ori=0.0, pos=array([0., 0.]), rgb=UNKNOWN, text='', units='height', win=Window(...), wrapWidth=1)
17.6488 	EXP 	window1: mouseVisible = True
17.6498 	EXP 	Created text_5 = TextStim(__class__=<class 'psychopy.visual.text.TextStim'>, alignHoriz=method-wrapper(...), alignText='center', alignVert=method-wrapper(...), anchorHoriz='center', anchorVert='center', antialias=True, autoDraw=False, autoLog=True, bold=False, color=array([1., 1., 1.]), colorSpace='rgb', contrast=1.0, depth=-4.0, draggable=False, flipHoriz=False, flipVert=False, font='Open Sans', fontFiles=[], height=0.04, italic=False, languageStyle='LTR', name='text_5', opacity=1.0, ori=0.0, pos=array([ 0. , -0.1]), rgb=UNKNOWN, text='', units='height', win=Window(...), wrapWidth=1)
17.6499 	EXP 	window1: mouseVisible = True
17.6510 	EXP 	Created text_6 = TextStim(__class__=<class 'psychopy.visual.text.TextStim'>, alignHoriz=method-wrapper(...), alignText='center', alignVert=method-wrapper(...), anchorHoriz='center', anchorVert='center', antialias=True, autoDraw=False, autoLog=True, bold=False, color=array([1., 1., 1.]), colorSpace='rgb', contrast=1.0, depth=-5.0, draggable=False, flipHoriz=False, flipVert=False, font='Open Sans', fontFiles=[], height=0.04, italic=False, languageStyle='LTR', name='text_6', opacity=1.0, ori=0.0, pos=array([ 0. , -0.2]), rgb=UNKNOWN, text='', units='height', win=Window(...), wrapWidth=1)
17.6511 	EXP 	window1: mouseVisible = True
17.6543 	EXP 	Created text_7 = TextStim(__class__=<class 'psychopy.visual.text.TextStim'>, alignHoriz=method-wrapper(...), alignText='center', alignVert=method-wrapper(...), anchorHoriz='center', anchorVert='center', antialias=True, autoDraw=False, autoLog=True, bold=False, color=array([1., 1., 1.]), colorSpace='rgb', contrast=1.0, depth=-6.0, draggable=False, flipHoriz=False, flipVert=False, font='Open Sans', fontFiles=[], height=0.04, italic=False, languageStyle='LTR', name='text_7', opacity=1.0, ori=0.0, pos=array([ 0. , -0.4]), rgb=UNKNOWN, text='Para salir, pulsa "space"', units='height', win=Window(...), wrapWidth=1)
0.0362 	EXP 	image_11: autoDraw = True
0.0362 	EXP 	text_19: autoDraw = True
5.0257 	EXP 	image_11: autoDraw = False
5.0257 	EXP 	text_19: autoDraw = False
5.0257 	EXP 	text_8: autoDraw = True
27.8518 	DATA 	Keypress: space
27.8648 	EXP 	text_8: autoDraw = False
27.8648 	EXP 	image_3: autoDraw = True
27.8648 	EXP 	image_4: autoDraw = True
27.8648 	EXP 	text_9: autoDraw = True
27.8648 	EXP 	text_10: autoDraw = True
44.4941 	DATA 	Keypress: right
44.5018 	EXP 	image_3: autoDraw = False
44.5018 	EXP 	image_4: autoDraw = False
44.5018 	EXP 	text_9: autoDraw = False
44.5018 	EXP 	text_10: autoDraw = False
44.5018 	EXP 	text_11: autoDraw = True
44.5018 	EXP 	text_12: autoDraw = True
44.5018 	EXP 	text_13: autoDraw = True
44.5018 	EXP 	text_14: autoDraw = True
44.5018 	EXP 	text_15: autoDraw = True
44.5018 	EXP 	text_16: autoDraw = True
44.5018 	EXP 	text_17: autoDraw = True
44.5018 	EXP 	image_5: autoDraw = True
44.5018 	EXP 	text_18: autoDraw = True
44.5018 	EXP 	image_6: autoDraw = True
44.5018 	EXP 	image_7: autoDraw = True
44.5018 	EXP 	image_8: autoDraw = True
44.5018 	EXP 	image_9: autoDraw = True
44.5018 	EXP 	image_10: autoDraw = True
60.7118 	DATA 	Keypress: space
60.7299 	EXP 	Imported trials_coche.csv as conditions, 40 conditions, 14 params
60.7392 	EXP 	Created sequence: random, trialTypes=40, nReps=1, seed=None
60.7395 	EXP 	New trial (rep=0, index=0): OrderedDict([('imagen1', 'C:\\Users\\david\\OneDrive\\Documentos\\GitHub\\OpenBrains\\coche_autonomo\\pngs\\19.png'), ('imagen2', 'C:\\Users\\david\\OneDrive\\Documentos\\GitHub\\OpenBrains\\coche_autonomo\\pngs\\20.png'), ('hm1', -1), ('cp1', -1), ('ai1', 1), ('pa1', 0), ('vr1', -1), ('cl1', 0), ('hm2', 1), ('cp2', 1), ('ai2', -1), ('pa2', 0), ('vr2', 1), ('cl2', 0)])
60.9112 	EXP 	text_11: autoDraw = False
60.9112 	EXP 	text_12: autoDraw = False
60.9112 	EXP 	text_13: autoDraw = False
60.9112 	EXP 	text_14: autoDraw = False
60.9112 	EXP 	text_15: autoDraw = False
60.9112 	EXP 	text_16: autoDraw = False
60.9112 	EXP 	text_17: autoDraw = False
60.9112 	EXP 	image_5: autoDraw = False
60.9112 	EXP 	text_18: autoDraw = False
60.9112 	EXP 	image_6: autoDraw = False
60.9112 	EXP 	image_7: autoDraw = False
60.9112 	EXP 	image_8: autoDraw = False
60.9112 	EXP 	image_9: autoDraw = False
60.9112 	EXP 	image_10: autoDraw = False
60.9112 	EXP 	image: image = 'C:\\Users\\david\\OneDrive\\Documentos\\GitHub\\OpenBrains\\coche_autonomo\\pngs\\19.png'
60.9112 	EXP 	image_2: image = 'C:\\Users\\david\\OneDrive\\Documentos\\GitHub\\OpenBrains\\coche_autonomo\\pngs\\20.png'
60.9112 	EXP 	image: autoDraw = True
60.9112 	EXP 	image_2: autoDraw = True
75.4764 	EXP 	New trial (rep=0, index=1): OrderedDict([('imagen1', 'C:\\Users\\david\\OneDrive\\Documentos\\GitHub\\OpenBrains\\coche_autonomo\\pngs\\7.png'), ('imagen2', 'C:\\Users\\david\\OneDrive\\Documentos\\GitHub\\OpenBrains\\coche_autonomo\\pngs\\8.png'), ('hm1', 0), ('cp1', 1), ('ai1', 1), ('pa1', 0), ('vr1', 1), ('cl1', 0), ('hm2', 0), ('cp2', -1), ('ai2', -1), ('pa2', 0), ('vr2', -1), ('cl2', 0)])
75.6273 	DATA 	Keypress: left
75.6352 	EXP 	image: autoDraw = False
75.6352 	EXP 	image_2: autoDraw = False
75.6352 	EXP 	image: image = 'C:\\Users\\david\\OneDrive\\Documentos\\GitHub\\OpenBrains\\coche_autonomo\\pngs\\7.png'
75.6352 	EXP 	image_2: image = 'C:\\Users\\david\\OneDrive\\Documentos\\GitHub\\OpenBrains\\coche_autonomo\\pngs\\8.png'
75.6352 	EXP 	image: autoDraw = True
75.6352 	EXP 	image_2: autoDraw = True
90.4443 	DATA 	Keypress: left
90.4588 	EXP 	New trial (rep=0, index=2): OrderedDict([('imagen1', 'C:\\Users\\david\\OneDrive\\Documentos\\GitHub\\OpenBrains\\coche_autonomo\\pngs\\9.png'), ('imagen2', 'C:\\Users\\david\\OneDrive\\Documentos\\GitHub\\OpenBrains\\coche_autonomo\\pngs\\10.png'), ('hm1', 0), ('cp1', -1), ('ai1', 1), ('pa1', 0), ('vr1', 1), ('cl1', 0), ('hm2', 0), ('cp2', 1), ('ai2', -1), ('pa2', 0), ('vr2', -1), ('cl2', 0)])
90.6408 	EXP 	image: autoDraw = False
90.6408 	EXP 	image_2: autoDraw = False
90.6408 	EXP 	image: image = 'C:\\Users\\david\\OneDrive\\Documentos\\GitHub\\OpenBrains\\coche_autonomo\\pngs\\9.png'
90.6408 	EXP 	image_2: image = 'C:\\Users\\david\\OneDrive\\Documentos\\GitHub\\OpenBrains\\coche_autonomo\\pngs\\10.png'
90.6408 	EXP 	image: autoDraw = True
90.6408 	EXP 	image_2: autoDraw = True
96.5225 	DATA 	Keypress: left
96.5388 	EXP 	New trial (rep=0, index=3): OrderedDict([('imagen1', 'C:\\Users\\david\\OneDrive\\Documentos\\GitHub\\OpenBrains\\coche_autonomo\\pngs\\57.png'), ('imagen2', 'C:\\Users\\david\\OneDrive\\Documentos\\GitHub\\OpenBrains\\coche_autonomo\\pngs\\58.png'), ('hm1', 0), ('cp1', -1), ('ai1', 1), ('pa1', 0), ('vr1', 1), ('cl1', 0), ('hm2', 0), ('cp2', 1), ('ai2', -1), ('pa2', 0), ('vr2', -1), ('cl2', 0)])
96.6921 	EXP 	image: autoDraw = False
96.6921 	EXP 	image_2: autoDraw = False
96.6921 	EXP 	image: image = 'C:\\Users\\david\\OneDrive\\Documentos\\GitHub\\OpenBrains\\coche_autonomo\\pngs\\57.png'
96.6921 	EXP 	image_2: image = 'C:\\Users\\david\\OneDrive\\Documentos\\GitHub\\OpenBrains\\coche_autonomo\\pngs\\58.png'
96.6921 	EXP 	image: autoDraw = True
96.6921 	EXP 	image_2: autoDraw = True
111.9440 	EXP 	New trial (rep=0, index=4): OrderedDict([('imagen1', 'C:\\Users\\david\\OneDrive\\Documentos\\GitHub\\OpenBrains\\coche_autonomo\\pngs\\33.png'), ('imagen2', 'C:\\Users\\david\\OneDrive\\Documentos\\GitHub\\OpenBrains\\coche_autonomo\\pngs\\34.png'), ('hm1', 0), ('cp1', -1), ('ai1', 1), ('pa1', 0), ('vr1', 1), ('cl1', 0), ('hm2', 0), ('cp2', 1), ('ai2', -1), ('pa2', 0), ('vr2', -1), ('cl2', 0)])
112.1097 	DATA 	Keypress: left
112.1168 	EXP 	image: autoDraw = False
112.1168 	EXP 	image_2: autoDraw = False
112.1168 	EXP 	image: image = 'C:\\Users\\david\\OneDrive\\Documentos\\GitHub\\OpenBrains\\coche_autonomo\\pngs\\33.png'
112.1168 	EXP 	image_2: image = 'C:\\Users\\david\\OneDrive\\Documentos\\GitHub\\OpenBrains\\coche_autonomo\\pngs\\34.png'
112.1168 	EXP 	image: autoDraw = True
112.1168 	EXP 	image_2: autoDraw = True
115.1594 	EXP 	New trial (rep=0, index=5): OrderedDict([('imagen1', 'C:\\Users\\david\\OneDrive\\Documentos\\GitHub\\OpenBrains\\coche_autonomo\\pngs\\51.png'), ('imagen2', 'C:\\Users\\david\\OneDrive\\Documentos\\GitHub\\OpenBrains\\coche_autonomo\\pngs\\52.png'), ('hm1', 0), ('cp1', -1), ('ai1', 1), ('pa1', 1), ('vr1', -1), ('cl1', 0), ('hm2', 0), ('cp2', 1), ('ai2', -1), ('pa2', -1), ('vr2', 1), ('cl2', 0)])
115.3342 	DATA 	Keypress: left
115.3524 	EXP 	image: autoDraw = False
115.3524 	EXP 	image_2: autoDraw = False
115.3524 	EXP 	image: image = 'C:\\Users\\david\\OneDrive\\Documentos\\GitHub\\OpenBrains\\coche_autonomo\\pngs\\51.png'
115.3524 	EXP 	image_2: image = 'C:\\Users\\david\\OneDrive\\Documentos\\GitHub\\OpenBrains\\coche_autonomo\\pngs\\52.png'
115.3524 	EXP 	image: autoDraw = True
115.3524 	EXP 	image_2: autoDraw = True
118.7901 	EXP 	New trial (rep=0, index=6): OrderedDict([('imagen1', 'C:\\Users\\david\\OneDrive\\Documentos\\GitHub\\OpenBrains\\coche_autonomo\\pngs\\21.png'), ('imagen2', 'C:\\Users\\david\\OneDrive\\Documentos\\GitHub\\OpenBrains\\coche_autonomo\\pngs\\22.png'), ('hm1', 1), ('cp1', 1), ('ai1', 1), ('pa1', 0), ('vr1', -1), ('cl1', 0), ('hm2', -1), ('cp2', -1), ('ai2', -1), ('pa2', 0), ('vr2', 1), ('cl2', 0)])
118.9562 	DATA 	Keypress: left
118.9714 	EXP 	image: autoDraw = False
118.9714 	EXP 	image_2: autoDraw = False
118.9714 	EXP 	image: image = 'C:\\Users\\david\\OneDrive\\Documentos\\GitHub\\OpenBrains\\coche_autonomo\\pngs\\21.png'
118.9714 	EXP 	image_2: image = 'C:\\Users\\david\\OneDrive\\Documentos\\GitHub\\OpenBrains\\coche_autonomo\\pngs\\22.png'
118.9714 	EXP 	image: autoDraw = True
118.9714 	EXP 	image_2: autoDraw = True
125.3534 	DATA 	Keypress: right
125.3699 	EXP 	New trial (rep=0, index=7): OrderedDict([('imagen1', 'C:\\Users\\david\\OneDrive\\Documentos\\GitHub\\OpenBrains\\coche_autonomo\\pngs\\49.png'), ('imagen2', 'C:\\Users\\david\\OneDrive\\Documentos\\GitHub\\OpenBrains\\coche_autonomo\\pngs\\50.png'), ('hm1', 0), ('cp1', -1), ('ai1', 1), ('pa1', 1), ('vr1', 1), ('cl1', 0), ('hm2', 0), ('cp2', 1), ('ai2', -1), ('pa2', -1), ('vr2', -1), ('cl2', 0)])
125.5399 	EXP 	image: autoDraw = False
125.5399 	EXP 	image_2: autoDraw = False
125.5399 	EXP 	image: image = 'C:\\Users\\david\\OneDrive\\Documentos\\GitHub\\OpenBrains\\coche_autonomo\\pngs\\49.png'
125.5399 	EXP 	image_2: image = 'C:\\Users\\david\\OneDrive\\Documentos\\GitHub\\OpenBrains\\coche_autonomo\\pngs\\50.png'
125.5399 	EXP 	image: autoDraw = True
125.5399 	EXP 	image_2: autoDraw = True
127.9357 	EXP 	New trial (rep=0, index=8): OrderedDict([('imagen1', 'C:\\Users\\david\\OneDrive\\Documentos\\GitHub\\OpenBrains\\coche_autonomo\\pngs\\11.png'), ('imagen2', 'C:\\Users\\david\\OneDrive\\Documentos\\GitHub\\OpenBrains\\coche_autonomo\\pngs\\12.png'), ('hm1', 0), ('cp1', -1), ('ai1', 1), ('pa1', 0), ('vr1', -1), ('cl1', 0), ('hm2', 0), ('cp2', 1), ('ai2', -1), ('pa2', 0), ('vr2', 1), ('cl2', 0)])
128.0869 	DATA 	Keypress: left
128.1042 	EXP 	image: autoDraw = False
128.1042 	EXP 	image_2: autoDraw = False
128.1042 	EXP 	image: image = 'C:\\Users\\david\\OneDrive\\Documentos\\GitHub\\OpenBrains\\coche_autonomo\\pngs\\11.png'
128.1042 	EXP 	image_2: image = 'C:\\Users\\david\\OneDrive\\Documentos\\GitHub\\OpenBrains\\coche_autonomo\\pngs\\12.png'
128.1042 	EXP 	image: autoDraw = True
128.1042 	EXP 	image_2: autoDraw = True
133.1653 	DATA 	Keypress: left
133.1810 	EXP 	New trial (rep=0, index=9): OrderedDict([('imagen1', 'C:\\Users\\david\\OneDrive\\Documentos\\GitHub\\OpenBrains\\coche_autonomo\\pngs\\67.png'), ('imagen2', 'C:\\Users\\david\\OneDrive\\Documentos\\GitHub\\OpenBrains\\coche_autonomo\\pngs\\68.png'), ('hm1', 0), ('cp1', -1), ('ai1', 1), ('pa1', 0), ('vr1', -1), ('cl1', -1), ('hm2', 0), ('cp2', 1), ('ai2', -1), ('pa2', 0), ('vr2', 1), ('cl2', 1)])
133.3380 	EXP 	image: autoDraw = False
133.3380 	EXP 	image_2: autoDraw = False
133.3380 	EXP 	image: image = 'C:\\Users\\david\\OneDrive\\Documentos\\GitHub\\OpenBrains\\coche_autonomo\\pngs\\67.png'
133.3380 	EXP 	image_2: image = 'C:\\Users\\david\\OneDrive\\Documentos\\GitHub\\OpenBrains\\coche_autonomo\\pngs\\68.png'
133.3380 	EXP 	image: autoDraw = True
133.3380 	EXP 	image_2: autoDraw = True
145.5745 	EXP 	New trial (rep=0, index=10): OrderedDict([('imagen1', 'C:\\Users\\david\\OneDrive\\Documentos\\GitHub\\OpenBrains\\coche_autonomo\\pngs\\79.png'), ('imagen2', 'C:\\Users\\david\\OneDrive\\Documentos\\GitHub\\OpenBrains\\coche_autonomo\\pngs\\80.png'), ('hm1', 0), ('cp1', 1), ('ai1', 1), ('pa1', 0), ('vr1', 1), ('cl1', -1), ('hm2', 0), ('cp2', -1), ('ai2', -1), ('pa2', 0), ('vr2', -1), ('cl2', 1)])
145.7365 	DATA 	Keypress: left
145.7440 	EXP 	image: autoDraw = False
145.7440 	EXP 	image_2: autoDraw = False
145.7440 	EXP 	image: image = 'C:\\Users\\david\\OneDrive\\Documentos\\GitHub\\OpenBrains\\coche_autonomo\\pngs\\79.png'
145.7440 	EXP 	image_2: image = 'C:\\Users\\david\\OneDrive\\Documentos\\GitHub\\OpenBrains\\coche_autonomo\\pngs\\80.png'
145.7440 	EXP 	image: autoDraw = True
145.7440 	EXP 	image_2: autoDraw = True
156.9330 	EXP 	New trial (rep=0, index=11): OrderedDict([('imagen1', 'C:\\Users\\david\\OneDrive\\Documentos\\GitHub\\OpenBrains\\coche_autonomo\\pngs\\37.png'), ('imagen2', 'C:\\Users\\david\\OneDrive\\Documentos\\GitHub\\OpenBrains\\coche_autonomo\\pngs\\38.png'), ('hm1', 0), ('cp1', 1), ('ai1', 1), ('pa1', 0), ('vr1', -1), ('cl1', 0), ('hm2', 0), ('cp2', -1), ('ai2', -1), ('pa2', 0), ('vr2', 1), ('cl2', 0)])
157.0889 	DATA 	Keypress: right
157.1068 	EXP 	image: autoDraw = False
157.1068 	EXP 	image_2: autoDraw = False
157.1068 	EXP 	image: image = 'C:\\Users\\david\\OneDrive\\Documentos\\GitHub\\OpenBrains\\coche_autonomo\\pngs\\37.png'
157.1068 	EXP 	image_2: image = 'C:\\Users\\david\\OneDrive\\Documentos\\GitHub\\OpenBrains\\coche_autonomo\\pngs\\38.png'
157.1068 	EXP 	image: autoDraw = True
157.1068 	EXP 	image_2: autoDraw = True
165.8438 	EXP 	New trial (rep=0, index=12): OrderedDict([('imagen1', 'C:\\Users\\david\\OneDrive\\Documentos\\GitHub\\OpenBrains\\coche_autonomo\\pngs\\61.png'), ('imagen2', 'C:\\Users\\david\\OneDrive\\Documentos\\GitHub\\OpenBrains\\coche_autonomo\\pngs\\62.png'), ('hm1', 0), ('cp1', 1), ('ai1', 1), ('pa1', 0), ('vr1', -1), ('cl1', 0), ('hm2', 0), ('cp2', -1), ('ai2', -1), ('pa2', 0), ('vr2', 1), ('cl2', 0)])
165.9942 	DATA 	Keypress: left
166.0012 	EXP 	image: autoDraw = False
166.0012 	EXP 	image_2: autoDraw = False
166.0012 	EXP 	image: image = 'C:\\Users\\david\\OneDrive\\Documentos\\GitHub\\OpenBrains\\coche_autonomo\\pngs\\61.png'
166.0012 	EXP 	image_2: image = 'C:\\Users\\david\\OneDrive\\Documentos\\GitHub\\OpenBrains\\coche_autonomo\\pngs\\62.png'
166.0012 	EXP 	image: autoDraw = True
166.0012 	EXP 	image_2: autoDraw = True
168.8082 	EXP 	New trial (rep=0, index=13): OrderedDict([('imagen1', 'C:\\Users\\david\\OneDrive\\Documentos\\GitHub\\OpenBrains\\coche_autonomo\\pngs\\63.png'), ('imagen2', 'C:\\Users\\david\\OneDrive\\Documentos\\GitHub\\OpenBrains\\coche_autonomo\\pngs\\64.png'), ('hm1', 0), ('cp1', 1), ('ai1', 1), ('pa1', 0), ('vr1', 1), ('cl1', 0), ('hm2', 0), ('cp2', -1), ('ai2', -1), ('pa2', 0), ('vr2', -1), ('cl2', 0)])
168.9681 	DATA 	Keypress: right
168.9852 	EXP 	image: autoDraw = False
168.9852 	EXP 	image_2: autoDraw = False
168.9852 	EXP 	image: image = 'C:\\Users\\david\\OneDrive\\Documentos\\GitHub\\OpenBrains\\coche_autonomo\\pngs\\63.png'
168.9852 	EXP 	image_2: image = 'C:\\Users\\david\\OneDrive\\Documentos\\GitHub\\OpenBrains\\coche_autonomo\\pngs\\64.png'
168.9852 	EXP 	image: autoDraw = True
168.9852 	EXP 	image_2: autoDraw = True
170.9745 	DATA 	Keypress: right
170.9903 	EXP 	New trial (rep=0, index=14): OrderedDict([('imagen1', 'C:\\Users\\david\\OneDrive\\Documentos\\GitHub\\OpenBrains\\coche_autonomo\\pngs\\23.png'), ('imagen2', 'C:\\Users\\david\\OneDrive\\Documentos\\GitHub\\OpenBrains\\coche_autonomo\\pngs\\24.png'), ('hm1', 1), ('cp1', 1), ('ai1', 1), ('pa1', 0), ('vr1', 1), ('cl1', 0), ('hm2', -1), ('cp2', -1), ('ai2', -1), ('pa2', 0), ('vr2', -1), ('cl2', 0)])
171.1383 	EXP 	image: autoDraw = False
171.1383 	EXP 	image_2: autoDraw = False
171.1383 	EXP 	image: image = 'C:\\Users\\david\\OneDrive\\Documentos\\GitHub\\OpenBrains\\coche_autonomo\\pngs\\23.png'
171.1383 	EXP 	image_2: image = 'C:\\Users\\david\\OneDrive\\Documentos\\GitHub\\OpenBrains\\coche_autonomo\\pngs\\24.png'
171.1383 	EXP 	image: autoDraw = True
171.1383 	EXP 	image_2: autoDraw = True
195.5415 	DATA 	Keypress: right
195.5581 	EXP 	New trial (rep=0, index=15): OrderedDict([('imagen1', 'C:\\Users\\david\\OneDrive\\Documentos\\GitHub\\OpenBrains\\coche_autonomo\\pngs\\75.png'), ('imagen2', 'C:\\Users\\david\\OneDrive\\Documentos\\GitHub\\OpenBrains\\coche_autonomo\\pngs\\76.png'), ('hm1', 0), ('cp1', -1), ('ai1', 1), ('pa1', 0), ('vr1', -1), ('cl1', 1), ('hm2', 0), ('cp2', 1), ('ai2', -1), ('pa2', 0), ('vr2', 1), ('cl2', -1)])
195.7288 	EXP 	image: autoDraw = False
195.7288 	EXP 	image_2: autoDraw = False
195.7288 	EXP 	image: image = 'C:\\Users\\david\\OneDrive\\Documentos\\GitHub\\OpenBrains\\coche_autonomo\\pngs\\75.png'
195.7288 	EXP 	image_2: image = 'C:\\Users\\david\\OneDrive\\Documentos\\GitHub\\OpenBrains\\coche_autonomo\\pngs\\76.png'
195.7288 	EXP 	image: autoDraw = True
195.7288 	EXP 	image_2: autoDraw = True
202.0038 	EXP 	New trial (rep=0, index=16): OrderedDict([('imagen1', 'C:\\Users\\david\\OneDrive\\Documentos\\GitHub\\OpenBrains\\coche_autonomo\\pngs\\31.png'), ('imagen2', 'C:\\Users\\david\\OneDrive\\Documentos\\GitHub\\OpenBrains\\coche_autonomo\\pngs\\32.png'), ('hm1', -1), ('cp1', 1), ('ai1', 1), ('pa1', 0), ('vr1', 1), ('cl1', 0), ('hm2', 1), ('cp2', -1), ('ai2', -1), ('pa2', 0), ('vr2', -1), ('cl2', 0)])
202.1606 	DATA 	Keypress: left
202.1677 	EXP 	image: autoDraw = False
202.1677 	EXP 	image_2: autoDraw = False
202.1677 	EXP 	image: image = 'C:\\Users\\david\\OneDrive\\Documentos\\GitHub\\OpenBrains\\coche_autonomo\\pngs\\31.png'
202.1677 	EXP 	image_2: image = 'C:\\Users\\david\\OneDrive\\Documentos\\GitHub\\OpenBrains\\coche_autonomo\\pngs\\32.png'
202.1677 	EXP 	image: autoDraw = True
202.1677 	EXP 	image_2: autoDraw = True
207.9667 	EXP 	New trial (rep=0, index=17): OrderedDict([('imagen1', 'C:\\Users\\david\\OneDrive\\Documentos\\GitHub\\OpenBrains\\coche_autonomo\\pngs\\45.png'), ('imagen2', 'C:\\Users\\david\\OneDrive\\Documentos\\GitHub\\OpenBrains\\coche_autonomo\\pngs\\46.png'), ('hm1', 0), ('cp1', 1), ('ai1', 1), ('pa1', 1), ('vr1', -1), ('cl1', 0), ('hm2', 0), ('cp2', -1), ('ai2', -1), ('pa2', -1), ('vr2', 1), ('cl2', 0)])
208.1267 	DATA 	Keypress: right
208.1444 	EXP 	image: autoDraw = False
208.1444 	EXP 	image_2: autoDraw = False
208.1444 	EXP 	image: image = 'C:\\Users\\david\\OneDrive\\Documentos\\GitHub\\OpenBrains\\coche_autonomo\\pngs\\45.png'
208.1444 	EXP 	image_2: image = 'C:\\Users\\david\\OneDrive\\Documentos\\GitHub\\OpenBrains\\coche_autonomo\\pngs\\46.png'
208.1444 	EXP 	image: autoDraw = True
208.1444 	EXP 	image_2: autoDraw = True
210.9982 	EXP 	New trial (rep=0, index=18): OrderedDict([('imagen1', 'C:\\Users\\david\\OneDrive\\Documentos\\GitHub\\OpenBrains\\coche_autonomo\\pngs\\27.png'), ('imagen2', 'C:\\Users\\david\\OneDrive\\Documentos\\GitHub\\OpenBrains\\coche_autonomo\\pngs\\28.png'), ('hm1', 1), ('cp1', -1), ('ai1', 1), ('pa1', 0), ('vr1', -1), ('cl1', 0), ('hm2', -1), ('cp2', 1), ('ai2', -1), ('pa2', 0), ('vr2', 1), ('cl2', 0)])
211.1683 	DATA 	Keypress: left
211.1861 	EXP 	image: autoDraw = False
211.1861 	EXP 	image_2: autoDraw = False
211.1861 	EXP 	image: image = 'C:\\Users\\david\\OneDrive\\Documentos\\GitHub\\OpenBrains\\coche_autonomo\\pngs\\27.png'
211.1861 	EXP 	image_2: image = 'C:\\Users\\david\\OneDrive\\Documentos\\GitHub\\OpenBrains\\coche_autonomo\\pngs\\28.png'
211.1861 	EXP 	image: autoDraw = True
211.1861 	EXP 	image_2: autoDraw = True
221.7409 	EXP 	New trial (rep=0, index=19): OrderedDict([('imagen1', 'C:\\Users\\david\\OneDrive\\Documentos\\GitHub\\OpenBrains\\coche_autonomo\\pngs\\29.png'), ('imagen2', 'C:\\Users\\david\\OneDrive\\Documentos\\GitHub\\OpenBrains\\coche_autonomo\\pngs\\30.png'), ('hm1', -1), ('cp1', 1), ('ai1', 1), ('pa1', 0), ('vr1', -1), ('cl1', 0), ('hm2', 1), ('cp2', -1), ('ai2', -1), ('pa2', 0), ('vr2', 1), ('cl2', 0)])
221.9116 	DATA 	Keypress: left
221.9364 	EXP 	image: autoDraw = False
221.9364 	EXP 	image_2: autoDraw = False
221.9364 	EXP 	image: image = 'C:\\Users\\david\\OneDrive\\Documentos\\GitHub\\OpenBrains\\coche_autonomo\\pngs\\29.png'
221.9364 	EXP 	image_2: image = 'C:\\Users\\david\\OneDrive\\Documentos\\GitHub\\OpenBrains\\coche_autonomo\\pngs\\30.png'
221.9364 	EXP 	image: autoDraw = True
221.9364 	EXP 	image_2: autoDraw = True
224.3070 	EXP 	New trial (rep=0, index=20): OrderedDict([('imagen1', 'C:\\Users\\david\\OneDrive\\Documentos\\GitHub\\OpenBrains\\coche_autonomo\\pngs\\53.png'), ('imagen2', 'C:\\Users\\david\\OneDrive\\Documentos\\GitHub\\OpenBrains\\coche_autonomo\\pngs\\54.png'), ('hm1', 0), ('cp1', 1), ('ai1', 1), ('pa1', -1), ('vr1', -1), ('cl1', 0), ('hm2', 0), ('cp2', -1), ('ai2', -1), ('pa2', 1), ('vr2', 1), ('cl2', 0)])
224.4641 	DATA 	Keypress: right
224.4713 	EXP 	image: autoDraw = False
224.4713 	EXP 	image_2: autoDraw = False
224.4713 	EXP 	image: image = 'C:\\Users\\david\\OneDrive\\Documentos\\GitHub\\OpenBrains\\coche_autonomo\\pngs\\53.png'
224.4713 	EXP 	image_2: image = 'C:\\Users\\david\\OneDrive\\Documentos\\GitHub\\OpenBrains\\coche_autonomo\\pngs\\54.png'
224.4713 	EXP 	image: autoDraw = True
224.4713 	EXP 	image_2: autoDraw = True
226.7546 	EXP 	New trial (rep=0, index=21): OrderedDict([('imagen1', 'C:\\Users\\david\\OneDrive\\Documentos\\GitHub\\OpenBrains\\coche_autonomo\\pngs\\13.png'), ('imagen2', 'C:\\Users\\david\\OneDrive\\Documentos\\GitHub\\OpenBrains\\coche_autonomo\\pngs\\14.png'), ('hm1', 0), ('cp1', 1), ('ai1', 1), ('pa1', 0), ('vr1', -1), ('cl1', 0), ('hm2', 0), ('cp2', -1), ('ai2', -1), ('pa2', 0), ('vr2', 1), ('cl2', 0)])
226.9162 	DATA 	Keypress: right
226.9235 	EXP 	image: autoDraw = False
226.9235 	EXP 	image_2: autoDraw = False
226.9235 	EXP 	image: image = 'C:\\Users\\david\\OneDrive\\Documentos\\GitHub\\OpenBrains\\coche_autonomo\\pngs\\13.png'
226.9235 	EXP 	image_2: image = 'C:\\Users\\david\\OneDrive\\Documentos\\GitHub\\OpenBrains\\coche_autonomo\\pngs\\14.png'
226.9235 	EXP 	image: autoDraw = True
226.9235 	EXP 	image_2: autoDraw = True
232.5017 	EXP 	New trial (rep=0, index=22): OrderedDict([('imagen1', 'C:\\Users\\david\\OneDrive\\Documentos\\GitHub\\OpenBrains\\coche_autonomo\\pngs\\5.png'), ('imagen2', 'C:\\Users\\david\\OneDrive\\Documentos\\GitHub\\OpenBrains\\coche_autonomo\\pngs\\6.png'), ('hm1', 0), ('cp1', 1), ('ai1', 1), ('pa1', 0), ('vr1', -1), ('cl1', 0), ('hm2', 0), ('cp2', -1), ('ai2', -1), ('pa2', 0), ('vr2', 1), ('cl2', 0)])
232.6519 	DATA 	Keypress: right
232.6595 	EXP 	image: autoDraw = False
232.6595 	EXP 	image_2: autoDraw = False
232.6595 	EXP 	image: image = 'C:\\Users\\david\\OneDrive\\Documentos\\GitHub\\OpenBrains\\coche_autonomo\\pngs\\5.png'
232.6595 	EXP 	image_2: image = 'C:\\Users\\david\\OneDrive\\Documentos\\GitHub\\OpenBrains\\coche_autonomo\\pngs\\6.png'
232.6595 	EXP 	image: autoDraw = True
232.6595 	EXP 	image_2: autoDraw = True
234.6665 	EXP 	New trial (rep=0, index=23): OrderedDict([('imagen1', 'C:\\Users\\david\\OneDrive\\Documentos\\GitHub\\OpenBrains\\coche_autonomo\\pngs\\17.png'), ('imagen2', 'C:\\Users\\david\\OneDrive\\Documentos\\GitHub\\OpenBrains\\coche_autonomo\\pngs\\18.png'), ('hm1', -1), ('cp1', -1), ('ai1', 1), ('pa1', 0), ('vr1', 1), ('cl1', 0), ('hm2', 1), ('cp2', 1), ('ai2', -1), ('pa2', 0), ('vr2', -1), ('cl2', 0)])
234.8193 	DATA 	Keypress: right
234.8256 	EXP 	image: autoDraw = False
234.8256 	EXP 	image_2: autoDraw = False
234.8256 	EXP 	image: image = 'C:\\Users\\david\\OneDrive\\Documentos\\GitHub\\OpenBrains\\coche_autonomo\\pngs\\17.png'
234.8256 	EXP 	image_2: image = 'C:\\Users\\david\\OneDrive\\Documentos\\GitHub\\OpenBrains\\coche_autonomo\\pngs\\18.png'
234.8256 	EXP 	image: autoDraw = True
234.8256 	EXP 	image_2: autoDraw = True
257.3689 	EXP 	New trial (rep=0, index=24): OrderedDict([('imagen1', 'C:\\Users\\david\\OneDrive\\Documentos\\GitHub\\OpenBrains\\coche_autonomo\\pngs\\35.png'), ('imagen2', 'C:\\Users\\david\\OneDrive\\Documentos\\GitHub\\OpenBrains\\coche_autonomo\\pngs\\36.png'), ('hm1', 0), ('cp1', -1), ('ai1', 1), ('pa1', 0), ('vr1', -1), ('cl1', 0), ('hm2', 0), ('cp2', 1), ('ai2', -1), ('pa2', 0), ('vr2', 1), ('cl2', 0)])
257.5213 	DATA 	Keypress: left
257.5387 	EXP 	image: autoDraw = False
257.5387 	EXP 	image_2: autoDraw = False
257.5387 	EXP 	image: image = 'C:\\Users\\david\\OneDrive\\Documentos\\GitHub\\OpenBrains\\coche_autonomo\\pngs\\35.png'
257.5387 	EXP 	image_2: image = 'C:\\Users\\david\\OneDrive\\Documentos\\GitHub\\OpenBrains\\coche_autonomo\\pngs\\36.png'
257.5387 	EXP 	image: autoDraw = True
257.5387 	EXP 	image_2: autoDraw = True
316.6154 	EXP 	New trial (rep=0, index=25): OrderedDict([('imagen1', 'C:\\Users\\david\\OneDrive\\Documentos\\GitHub\\OpenBrains\\coche_autonomo\\pngs\\15.png'), ('imagen2', 'C:\\Users\\david\\OneDrive\\Documentos\\GitHub\\OpenBrains\\coche_autonomo\\pngs\\16.png'), ('hm1', 0), ('cp1', 1), ('ai1', 1), ('pa1', 0), ('vr1', 1), ('cl1', 0), ('hm2', 0), ('cp2', -1), ('ai2', -1), ('pa2', 0), ('vr2', -1), ('cl2', 0)])
316.7753 	DATA 	Keypress: left
316.7822 	EXP 	image: autoDraw = False
316.7822 	EXP 	image_2: autoDraw = False
316.7822 	EXP 	image: image = 'C:\\Users\\david\\OneDrive\\Documentos\\GitHub\\OpenBrains\\coche_autonomo\\pngs\\15.png'
316.7822 	EXP 	image_2: image = 'C:\\Users\\david\\OneDrive\\Documentos\\GitHub\\OpenBrains\\coche_autonomo\\pngs\\16.png'
316.7822 	EXP 	image: autoDraw = True
316.7822 	EXP 	image_2: autoDraw = True
329.9236 	EXP 	New trial (rep=0, index=26): OrderedDict([('imagen1', 'C:\\Users\\david\\OneDrive\\Documentos\\GitHub\\OpenBrains\\coche_autonomo\\pngs\\41.png'), ('imagen2', 'C:\\Users\\david\\OneDrive\\Documentos\\GitHub\\OpenBrains\\coche_autonomo\\pngs\\42.png'), ('hm1', 0), ('cp1', -1), ('ai1', 1), ('pa1', -1), ('vr1', 1), ('cl1', 0), ('hm2', 0), ('cp2', 1), ('ai2', -1), ('pa2', 1), ('vr2', -1), ('cl2', 0)])
330.0785 	DATA 	Keypress: right
330.0961 	EXP 	image: autoDraw = False
330.0961 	EXP 	image_2: autoDraw = False
330.0961 	EXP 	image: image = 'C:\\Users\\david\\OneDrive\\Documentos\\GitHub\\OpenBrains\\coche_autonomo\\pngs\\41.png'
330.0961 	EXP 	image_2: image = 'C:\\Users\\david\\OneDrive\\Documentos\\GitHub\\OpenBrains\\coche_autonomo\\pngs\\42.png'
330.0961 	EXP 	image: autoDraw = True
330.0961 	EXP 	image_2: autoDraw = True
334.4532 	EXP 	New trial (rep=0, index=27): OrderedDict([('imagen1', 'C:\\Users\\david\\OneDrive\\Documentos\\GitHub\\OpenBrains\\coche_autonomo\\pngs\\43.png'), ('imagen2', 'C:\\Users\\david\\OneDrive\\Documentos\\GitHub\\OpenBrains\\coche_autonomo\\pngs\\44.png'), ('hm1', 0), ('cp1', -1), ('ai1', 1), ('pa1', -1), ('vr1', -1), ('cl1', 0), ('hm2', 0), ('cp2', 1), ('ai2', -1), ('pa2', 1), ('vr2', 1), ('cl2', 0)])
334.6133 	DATA 	Keypress: right
334.6309 	EXP 	image: autoDraw = False
334.6309 	EXP 	image_2: autoDraw = False
334.6309 	EXP 	image: image = 'C:\\Users\\david\\OneDrive\\Documentos\\GitHub\\OpenBrains\\coche_autonomo\\pngs\\43.png'
334.6309 	EXP 	image_2: image = 'C:\\Users\\david\\OneDrive\\Documentos\\GitHub\\OpenBrains\\coche_autonomo\\pngs\\44.png'
334.6309 	EXP 	image: autoDraw = True
334.6309 	EXP 	image_2: autoDraw = True
336.2862 	EXP 	New trial (rep=0, index=28): OrderedDict([('imagen1', 'C:\\Users\\david\\OneDrive\\Documentos\\GitHub\\OpenBrains\\coche_autonomo\\pngs\\77.png'), ('imagen2', 'C:\\Users\\david\\OneDrive\\Documentos\\GitHub\\OpenBrains\\coche_autonomo\\pngs\\78.png'), ('hm1', 0), ('cp1', 1), ('ai1', 1), ('pa1', 0), ('vr1', -1), ('cl1', -1), ('hm2', 0), ('cp2', -1), ('ai2', -1), ('pa2', 0), ('vr2', 1), ('cl2', 1)])
336.4430 	DATA 	Keypress: right
336.4598 	EXP 	image: autoDraw = False
336.4598 	EXP 	image_2: autoDraw = False
336.4598 	EXP 	image: image = 'C:\\Users\\david\\OneDrive\\Documentos\\GitHub\\OpenBrains\\coche_autonomo\\pngs\\77.png'
336.4598 	EXP 	image_2: image = 'C:\\Users\\david\\OneDrive\\Documentos\\GitHub\\OpenBrains\\coche_autonomo\\pngs\\78.png'
336.4598 	EXP 	image: autoDraw = True
336.4598 	EXP 	image_2: autoDraw = True
344.4314 	EXP 	New trial (rep=0, index=29): OrderedDict([('imagen1', 'C:\\Users\\david\\OneDrive\\Documentos\\GitHub\\OpenBrains\\coche_autonomo\\pngs\\55.png'), ('imagen2', 'C:\\Users\\david\\OneDrive\\Documentos\\GitHub\\OpenBrains\\coche_autonomo\\pngs\\56.png'), ('hm1', 0), ('cp1', 1), ('ai1', 1), ('pa1', -1), ('vr1', 1), ('cl1', 0), ('hm2', 0), ('cp2', -1), ('ai2', -1), ('pa2', 1), ('vr2', -1), ('cl2', 0)])
344.5852 	DATA 	Keypress: right
344.6030 	EXP 	image: autoDraw = False
344.6030 	EXP 	image_2: autoDraw = False
344.6030 	EXP 	image: image = 'C:\\Users\\david\\OneDrive\\Documentos\\GitHub\\OpenBrains\\coche_autonomo\\pngs\\55.png'
344.6030 	EXP 	image_2: image = 'C:\\Users\\david\\OneDrive\\Documentos\\GitHub\\OpenBrains\\coche_autonomo\\pngs\\56.png'
344.6030 	EXP 	image: autoDraw = True
344.6030 	EXP 	image_2: autoDraw = True
346.0473 	DATA 	Keypress: right
346.0634 	EXP 	New trial (rep=0, index=30): OrderedDict([('imagen1', 'C:\\Users\\david\\OneDrive\\Documentos\\GitHub\\OpenBrains\\coche_autonomo\\pngs\\47.png'), ('imagen2', 'C:\\Users\\david\\OneDrive\\Documentos\\GitHub\\OpenBrains\\coche_autonomo\\pngs\\48.png'), ('hm1', 0), ('cp1', 1), ('ai1', 1), ('pa1', 1), ('vr1', 1), ('cl1', 0), ('hm2', 0), ('cp2', -1), ('ai2', -1), ('pa2', -1), ('vr2', -1), ('cl2', 0)])
346.2231 	EXP 	image: autoDraw = False
346.2231 	EXP 	image_2: autoDraw = False
346.2231 	EXP 	image: image = 'C:\\Users\\david\\OneDrive\\Documentos\\GitHub\\OpenBrains\\coche_autonomo\\pngs\\47.png'
346.2231 	EXP 	image_2: image = 'C:\\Users\\david\\OneDrive\\Documentos\\GitHub\\OpenBrains\\coche_autonomo\\pngs\\48.png'
346.2231 	EXP 	image: autoDraw = True
346.2231 	EXP 	image_2: autoDraw = True
348.5940 	EXP 	New trial (rep=0, index=31): OrderedDict([('imagen1', 'C:\\Users\\david\\OneDrive\\Documentos\\GitHub\\OpenBrains\\coche_autonomo\\pngs\\71.png'), ('imagen2', 'C:\\Users\\david\\OneDrive\\Documentos\\GitHub\\OpenBrains\\coche_autonomo\\pngs\\72.png'), ('hm1', 0), ('cp1', 1), ('ai1', 1), ('pa1', 0), ('vr1', 1), ('cl1', 1), ('hm2', 0), ('cp2', -1), ('ai2', -1), ('pa2', 0), ('vr2', -1), ('cl2', -1)])
348.7586 	DATA 	Keypress: left
348.7669 	EXP 	image: autoDraw = False
348.7669 	EXP 	image_2: autoDraw = False
348.7669 	EXP 	image: image = 'C:\\Users\\david\\OneDrive\\Documentos\\GitHub\\OpenBrains\\coche_autonomo\\pngs\\71.png'
348.7669 	EXP 	image_2: image = 'C:\\Users\\david\\OneDrive\\Documentos\\GitHub\\OpenBrains\\coche_autonomo\\pngs\\72.png'
348.7669 	EXP 	image: autoDraw = True
348.7669 	EXP 	image_2: autoDraw = True
353.3748 	EXP 	New trial (rep=0, index=32): OrderedDict([('imagen1', 'C:\\Users\\david\\OneDrive\\Documentos\\GitHub\\OpenBrains\\coche_autonomo\\pngs\\73.png'), ('imagen2', 'C:\\Users\\david\\OneDrive\\Documentos\\GitHub\\OpenBrains\\coche_autonomo\\pngs\\74.png'), ('hm1', 0), ('cp1', -1), ('ai1', 1), ('pa1', 0), ('vr1', 1), ('cl1', 1), ('hm2', 0), ('cp2', 1), ('ai2', -1), ('pa2', 0), ('vr2', -1), ('cl2', -1)])
353.5282 	DATA 	Keypress: right
353.5459 	EXP 	image: autoDraw = False
353.5459 	EXP 	image_2: autoDraw = False
353.5459 	EXP 	image: image = 'C:\\Users\\david\\OneDrive\\Documentos\\GitHub\\OpenBrains\\coche_autonomo\\pngs\\73.png'
353.5459 	EXP 	image_2: image = 'C:\\Users\\david\\OneDrive\\Documentos\\GitHub\\OpenBrains\\coche_autonomo\\pngs\\74.png'
353.5459 	EXP 	image: autoDraw = True
353.5459 	EXP 	image_2: autoDraw = True
358.9387 	EXP 	New trial (rep=0, index=33): OrderedDict([('imagen1', 'C:\\Users\\david\\OneDrive\\Documentos\\GitHub\\OpenBrains\\coche_autonomo\\pngs\\1.png'), ('imagen2', 'C:\\Users\\david\\OneDrive\\Documentos\\GitHub\\OpenBrains\\coche_autonomo\\pngs\\2.png'), ('hm1', 0), ('cp1', -1), ('ai1', 1), ('pa1', 0), ('vr1', 1), ('cl1', 0), ('hm2', 0), ('cp2', 1), ('ai2', -1), ('pa2', 0), ('vr2', -1), ('cl2', 0)])
359.0917 	DATA 	Keypress: left
359.0986 	EXP 	image: autoDraw = False
359.0986 	EXP 	image_2: autoDraw = False
359.0986 	EXP 	image: image = 'C:\\Users\\david\\OneDrive\\Documentos\\GitHub\\OpenBrains\\coche_autonomo\\pngs\\1.png'
359.0986 	EXP 	image_2: image = 'C:\\Users\\david\\OneDrive\\Documentos\\GitHub\\OpenBrains\\coche_autonomo\\pngs\\2.png'
359.0986 	EXP 	image: autoDraw = True
359.0986 	EXP 	image_2: autoDraw = True
361.3372 	EXP 	New trial (rep=0, index=34): OrderedDict([('imagen1', 'C:\\Users\\david\\OneDrive\\Documentos\\GitHub\\OpenBrains\\coche_autonomo\\pngs\\65.png'), ('imagen2', 'C:\\Users\\david\\OneDrive\\Documentos\\GitHub\\OpenBrains\\coche_autonomo\\pngs\\66.png'), ('hm1', 0), ('cp1', -1), ('ai1', 1), ('pa1', 0), ('vr1', 1), ('cl1', -1), ('hm2', 0), ('cp2', 1), ('ai2', -1), ('pa2', 0), ('vr2', -1), ('cl2', 1)])
361.4960 	DATA 	Keypress: left
361.5032 	EXP 	image: autoDraw = False
361.5032 	EXP 	image_2: autoDraw = False
361.5032 	EXP 	image: image = 'C:\\Users\\david\\OneDrive\\Documentos\\GitHub\\OpenBrains\\coche_autonomo\\pngs\\65.png'
361.5032 	EXP 	image_2: image = 'C:\\Users\\david\\OneDrive\\Documentos\\GitHub\\OpenBrains\\coche_autonomo\\pngs\\66.png'
361.5032 	EXP 	image: autoDraw = True
361.5032 	EXP 	image_2: autoDraw = True
372.9636 	EXP 	New trial (rep=0, index=35): OrderedDict([('imagen1', 'C:\\Users\\david\\OneDrive\\Documentos\\GitHub\\OpenBrains\\coche_autonomo\\pngs\\25.png'), ('imagen2', 'C:\\Users\\david\\OneDrive\\Documentos\\GitHub\\OpenBrains\\coche_autonomo\\pngs\\26.png'), ('hm1', 1), ('cp1', -1), ('ai1', 1), ('pa1', 0), ('vr1', 1), ('cl1', 0), ('hm2', -1), ('cp2', 1), ('ai2', -1), ('pa2', 0), ('vr2', -1), ('cl2', 0)])
373.1222 	DATA 	Keypress: left
373.1294 	EXP 	image: autoDraw = False
373.1294 	EXP 	image_2: autoDraw = False
373.1294 	EXP 	image: image = 'C:\\Users\\david\\OneDrive\\Documentos\\GitHub\\OpenBrains\\coche_autonomo\\pngs\\25.png'
373.1294 	EXP 	image_2: image = 'C:\\Users\\david\\OneDrive\\Documentos\\GitHub\\OpenBrains\\coche_autonomo\\pngs\\26.png'
373.1294 	EXP 	image: autoDraw = True
373.1294 	EXP 	image_2: autoDraw = True
375.0106 	EXP 	New trial (rep=0, index=36): OrderedDict([('imagen1', 'C:\\Users\\david\\OneDrive\\Documentos\\GitHub\\OpenBrains\\coche_autonomo\\pngs\\59.png'), ('imagen2', 'C:\\Users\\david\\OneDrive\\Documentos\\GitHub\\OpenBrains\\coche_autonomo\\pngs\\60.png'), ('hm1', 0), ('cp1', -1), ('ai1', 1), ('pa1', 0), ('vr1', -1), ('cl1', 0), ('hm2', 0), ('cp2', 1), ('ai2', -1), ('pa2', 0), ('vr2', 1), ('cl2', 0)])
375.1630 	DATA 	Keypress: left
375.1801 	EXP 	image: autoDraw = False
375.1801 	EXP 	image_2: autoDraw = False
375.1801 	EXP 	image: image = 'C:\\Users\\david\\OneDrive\\Documentos\\GitHub\\OpenBrains\\coche_autonomo\\pngs\\59.png'
375.1801 	EXP 	image_2: image = 'C:\\Users\\david\\OneDrive\\Documentos\\GitHub\\OpenBrains\\coche_autonomo\\pngs\\60.png'
375.1801 	EXP 	image: autoDraw = True
375.1801 	EXP 	image_2: autoDraw = True
385.1222 	EXP 	New trial (rep=0, index=37): OrderedDict([('imagen1', 'C:\\Users\\david\\OneDrive\\Documentos\\GitHub\\OpenBrains\\coche_autonomo\\pngs\\3.png'), ('imagen2', 'C:\\Users\\david\\OneDrive\\Documentos\\GitHub\\OpenBrains\\coche_autonomo\\pngs\\4.png'), ('hm1', 0), ('cp1', -1), ('ai1', 1), ('pa1', 0), ('vr1', -1), ('cl1', 0), ('hm2', 0), ('cp2', 1), ('ai2', -1), ('pa2', 0), ('vr2', 1), ('cl2', 0)])
385.2803 	DATA 	Keypress: left
385.2891 	EXP 	image: autoDraw = False
385.2891 	EXP 	image_2: autoDraw = False
385.2891 	EXP 	image: image = 'C:\\Users\\david\\OneDrive\\Documentos\\GitHub\\OpenBrains\\coche_autonomo\\pngs\\3.png'
385.2891 	EXP 	image_2: image = 'C:\\Users\\david\\OneDrive\\Documentos\\GitHub\\OpenBrains\\coche_autonomo\\pngs\\4.png'
385.2891 	EXP 	image: autoDraw = True
385.2891 	EXP 	image_2: autoDraw = True
386.6211 	EXP 	New trial (rep=0, index=38): OrderedDict([('imagen1', 'C:\\Users\\david\\OneDrive\\Documentos\\GitHub\\OpenBrains\\coche_autonomo\\pngs\\39.png'), ('imagen2', 'C:\\Users\\david\\OneDrive\\Documentos\\GitHub\\OpenBrains\\coche_autonomo\\pngs\\40.png'), ('hm1', 0), ('cp1', 1), ('ai1', 1), ('pa1', 0), ('vr1', 1), ('cl1', 0), ('hm2', 0), ('cp2', -1), ('ai2', -1), ('pa2', 0), ('vr2', -1), ('cl2', 0)])
386.7739 	DATA 	Keypress: left
386.7806 	EXP 	image: autoDraw = False
386.7806 	EXP 	image_2: autoDraw = False
386.7806 	EXP 	image: image = 'C:\\Users\\david\\OneDrive\\Documentos\\GitHub\\OpenBrains\\coche_autonomo\\pngs\\39.png'
386.7806 	EXP 	image_2: image = 'C:\\Users\\david\\OneDrive\\Documentos\\GitHub\\OpenBrains\\coche_autonomo\\pngs\\40.png'
386.7806 	EXP 	image: autoDraw = True
386.7806 	EXP 	image_2: autoDraw = True
393.4335 	EXP 	New trial (rep=0, index=39): OrderedDict([('imagen1', 'C:\\Users\\david\\OneDrive\\Documentos\\GitHub\\OpenBrains\\coche_autonomo\\pngs\\69.png'), ('imagen2', 'C:\\Users\\david\\OneDrive\\Documentos\\GitHub\\OpenBrains\\coche_autonomo\\pngs\\70.png'), ('hm1', 0), ('cp1', 1), ('ai1', 1), ('pa1', 0), ('vr1', -1), ('cl1', 1), ('hm2', 0), ('cp2', -1), ('ai2', -1), ('pa2', 0), ('vr2', 1), ('cl2', -1)])
393.5918 	DATA 	Keypress: left
393.6092 	EXP 	image: autoDraw = False
393.6092 	EXP 	image_2: autoDraw = False
393.6092 	EXP 	image: image = 'C:\\Users\\david\\OneDrive\\Documentos\\GitHub\\OpenBrains\\coche_autonomo\\pngs\\69.png'
393.6092 	EXP 	image_2: image = 'C:\\Users\\david\\OneDrive\\Documentos\\GitHub\\OpenBrains\\coche_autonomo\\pngs\\70.png'
393.6092 	EXP 	image: autoDraw = True
393.6092 	EXP 	image_2: autoDraw = True
400.4074 	DATA 	Keypress: left
400.4076 	DATA 	Keypress: right
400.4093 	EXP 	image: autoDraw = False
400.4093 	EXP 	image_2: autoDraw = False
400.4093 	EXP 	text: height = 0.04
400.4093 	EXP 	text: height = 0.04
400.4093 	EXP 	text: height = 0.04
400.4093 	EXP 	text: text = 'Salvar hombres antes que mujeres = 50.0%'
400.4093 	EXP 	text_2: height = 0.04
400.4093 	EXP 	text_2: height = 0.04
400.4093 	EXP 	text_2: height = 0.04
400.4093 	EXP 	text_2: text = 'Salvar conductor antes que peatón = 20.0%'
400.4093 	EXP 	text_3: height = 0.04
400.4093 	EXP 	text_3: height = 0.04
400.4093 	EXP 	text_3: height = 0.04
400.4093 	EXP 	text_3: text = 'Dejar que el coche vaya recto = 60.0%'
400.4093 	EXP 	text_4: height = 0.04
400.4093 	EXP 	text_4: height = 0.04
400.4093 	EXP 	text_4: height = 0.04
400.4093 	EXP 	text_4: text = 'Salvar personas antes que animales = 100.0%'
400.4093 	EXP 	text_5: height = 0.04
400.4093 	EXP 	text_5: height = 0.04
400.4093 	EXP 	text_5: height = 0.04
400.4093 	EXP 	text_5: text = 'Salvar a quien respeta la ley = 50.0%'
400.4093 	EXP 	text_6: height = 0.04
400.4093 	EXP 	text_6: height = 0.04
400.4093 	EXP 	text_6: height = 0.04
400.4093 	EXP 	text_6: text = 'Salvar a cívicos antes que ladrones = 62.5%'
400.4093 	EXP 	text: autoDraw = True
400.4093 	EXP 	text_2: autoDraw = True
400.4093 	EXP 	text_3: autoDraw = True
400.4093 	EXP 	text_4: autoDraw = True
400.4093 	EXP 	text_5: autoDraw = True
400.4093 	EXP 	text_6: autoDraw = True
400.4093 	EXP 	text_7: autoDraw = True
441.1707 	DATA 	Keypress: space
441.1989 	EXP 	text: autoDraw = False
441.1989 	EXP 	text_2: autoDraw = False
441.1989 	EXP 	text_3: autoDraw = False
441.1989 	EXP 	text_4: autoDraw = False
441.1989 	EXP 	text_5: autoDraw = False
441.1989 	EXP 	text_6: autoDraw = False
441.1989 	EXP 	text_7: autoDraw = False
441.1991 	EXP 	untitled: status = STOPPED
441.3587 	EXP 	window1: mouseVisible = True
