11.2060 	WARNING 	User requested fullscreen with size [1024  768], but screen is actually [1920, 1080]. Using actual size
12.1911 	EXP 	Created window1 = Window(allowGUI=False, allowStencil=False, args=UNKNOWN, autoLog=True, bitsMode=UNKNOWN, blendMode='avg', color=array([0., 0., 0.]), colorSpace='rgb', fullscr=<method-wrapper '__getattribute__' of attributeSetter object at 0x000001BECF53A940>, gamma=None, gammaErrorPolicy='raise', kwargs=UNKNOWN, lms=UNKNOWN, monitor=<psychopy.monitors.calibTools.Monitor object at 0x000001BECF3CBB70>, multiSample=False, name='window1', numSamples=2, pos=[0.0, 0.0], screen=0, size=array([1920, 1080]), stereo=False, units='height', useFBO=True, useRetina=False, viewOri=0.0, viewPos=None, viewScale=None, waitBlanking=True, winType='pyglet')
12.1912 	EXP 	window1: recordFrameIntervals = False
12.3573 	EXP 	window1: recordFrameIntervals = True
12.5410 	EXP 	window1: recordFrameIntervals = False
12.7657 	EXP 	Created Instrucciones_texto = TextStim(__class__=<class 'psychopy.visual.text.TextStim'>, alignHoriz='center', alignVert='center', antialias=True, autoLog=True, bold=False, color='white', colorSpace='named', contrast=1.0, depth=0.0, flipHoriz=False, flipVert=False, font='Arial', fontFiles=[], height=0.05, italic=False, languageStyle='LTR', name='Instrucciones_texto', opacity=1.0, ori=0, pos=array([0., 0.]), rgb=array([255., 255., 255.]), text=str(...), units='height', win=Window(...), wrapWidth=1)
12.7946 	EXP 	Created colores1 = TextStim(__class__=<class 'psychopy.visual.text.TextStim'>, alignHoriz='center', alignVert='center', antialias=True, autoLog=True, bold=False, color='black', colorSpace='named', contrast=1.0, depth=0.0, flipHoriz=False, flipVert=False, font='Arial', fontFiles=[], height=0.1, italic=False, languageStyle='LTR', name='colores1', opacity=1.0, ori=0, pos=array([0., 0.]), rgb=array([0., 0., 0.]), text='default text', units='height', win=Window(...), wrapWidth=1)
12.8593 	EXP 	Created text_intructionses2 = TextStim(__class__=<class 'psychopy.visual.text.TextStim'>, alignHoriz='center', alignVert='center', antialias=True, autoLog=True, bold=False, color='white', colorSpace='named', contrast=1.0, depth=0.0, flipHoriz=False, flipVert=False, font='Arial', fontFiles=[], height=0.05, italic=False, languageStyle='LTR', name='text_intructionses2', opacity=1.0, ori=0, pos=array([0., 0.]), rgb=array([255., 255., 255.]), text=str(...), units='height', win=Window(...), wrapWidth=1)
12.8622 	EXP 	Created rectangulo = Rect(__class__=<class 'psychopy.visual.rect.Rect'>, autoDraw=False, autoLog=True, closeShape=True, color=method-wrapper(...), colorSpace=None, contrast=1.0, depth=0.0, fillColor=array([1., 1., 1.]), fillColorSpace='rgb', fillRGB=array([1., 1., 1.]), interpolate=True, lineColor=array([1., 1., 1.]), lineColorSpace='rgb', lineRGB=array([1., 1., 1.]), lineWidth=1, name='rectangulo', opacity=1.0, ori=array(0.), pos=array([0., 0.]), size=array([1., 1.]), units='height', vertices=ndarray(...), win=Window(...))
12.9213 	EXP 	Created text = TextStim(__class__=<class 'psychopy.visual.text.TextStim'>, alignHoriz='center', alignVert='center', antialias=True, autoLog=True, bold=False, color='white', colorSpace='named', contrast=1.0, depth=0.0, flipHoriz=False, flipVert=False, font='Arial', fontFiles=[], height=0.05, italic=False, languageStyle='LTR', name='text', opacity=1.0, ori=0, pos=array([0., 0.]), rgb=array([255., 255., 255.]), text=str(...), units='height', win=Window(...), wrapWidth=1)
12.9255 	EXP 	Created colores2 = TextStim(__class__=<class 'psychopy.visual.text.TextStim'>, alignHoriz='center', alignVert='center', antialias=True, autoLog=True, bold=False, color='white', colorSpace='named', contrast=1.0, depth=0.0, flipHoriz=False, flipVert=False, font='Arial', fontFiles=[], height=0.1, italic=False, languageStyle='LTR', name='colores2', opacity=1.0, ori=0, pos=array([0., 0.]), rgb=array([255., 255., 255.]), text='default text', units='height', win=Window(...), wrapWidth=1)
12.9408 	EXP 	Created despedida = TextStim(__class__=<class 'psychopy.visual.text.TextStim'>, alignHoriz='center', alignVert='center', antialias=True, autoLog=True, bold=False, color='white', colorSpace='named', contrast=1.0, depth=0.0, flipHoriz=False, flipVert=False, font='Arial', fontFiles=[], height=0.05, italic=False, languageStyle='LTR', name='despedida', opacity=1.0, ori=0, pos=array([0., 0.]), rgb=array([255., 255., 255.]), text='¡Muchas gracias por participar!', units='height', win=Window(...), wrapWidth=1)
12.9749 	EXP 	Instrucciones_texto: autoDraw = True
18.0105 	DATA 	Keypress: space
19.5094 	DATA 	Keypress: space
19.5607 	EXP 	Imported colores1_negro.xlsx as conditions, 29 conditions, 1 params
19.5610 	EXP 	Created sequence: random, trialTypes=29, nReps=1, seed=None
19.5612 	EXP 	New trial (rep=0, index=0): OrderedDict([('texto', 'verde')])
19.5716 	EXP 	Instrucciones_texto: autoDraw = False
19.5716 	EXP 	colores1: text = 'verde'
19.6217 	EXP 	colores1: autoDraw = True
21.0633 	EXP 	New trial (rep=0, index=1): OrderedDict([('texto', 'verde')])
21.0667 	DATA 	Keypress: v
21.0707 	EXP 	colores1: autoDraw = False
21.0707 	EXP 	colores1: text = 'verde'
21.1210 	EXP 	colores1: autoDraw = True
21.5751 	EXP 	New trial (rep=0, index=2): OrderedDict([('texto', 'naranja')])
21.5905 	DATA 	Keypress: v
21.5931 	EXP 	colores1: autoDraw = False
21.5931 	EXP 	colores1: text = 'naranja'
21.6371 	EXP 	colores1: autoDraw = True
22.0609 	EXP 	New trial (rep=0, index=3): OrderedDict([('texto', 'azul')])
22.0738 	DATA 	Keypress: n
22.0765 	EXP 	colores1: autoDraw = False
22.0765 	EXP 	colores1: text = 'azul'
22.1199 	EXP 	colores1: autoDraw = True
22.6753 	DATA 	Keypress: a
22.6932 	EXP 	New trial (rep=0, index=4): OrderedDict([('texto', 'naranja')])
22.7148 	EXP 	colores1: autoDraw = False
22.7148 	EXP 	colores1: text = 'naranja'
22.7531 	EXP 	colores1: autoDraw = True
23.3273 	EXP 	New trial (rep=0, index=5): OrderedDict([('texto', 'verde')])
23.3423 	DATA 	Keypress: n
23.3452 	EXP 	colores1: autoDraw = False
23.3452 	EXP 	colores1: text = 'verde'
23.3868 	EXP 	colores1: autoDraw = True
23.8240 	EXP 	New trial (rep=0, index=6): OrderedDict([('texto', 'naranja')])
23.8338 	DATA 	Keypress: v
23.8365 	EXP 	colores1: autoDraw = False
23.8365 	EXP 	colores1: text = 'naranja'
23.8865 	EXP 	colores1: autoDraw = True
24.4606 	EXP 	New trial (rep=0, index=7): OrderedDict([('texto', 'naranja')])
24.4641 	DATA 	Keypress: n
24.4696 	EXP 	colores1: autoDraw = False
24.4696 	EXP 	colores1: text = 'naranja'
24.5029 	EXP 	colores1: autoDraw = True
25.1101 	DATA 	Keypress: n
25.1269 	EXP 	New trial (rep=0, index=8): OrderedDict([('texto', 'verde')])
25.1435 	EXP 	colores1: autoDraw = False
25.1435 	EXP 	colores1: text = 'verde'
25.1856 	EXP 	colores1: autoDraw = True
30.0573 	DATA 	Keypress: v
30.0713 	EXP 	New trial (rep=0, index=9): OrderedDict([('texto', 'verde')])
30.0840 	EXP 	colores1: autoDraw = False
30.0840 	EXP 	colores1: text = 'verde'
30.1174 	EXP 	colores1: autoDraw = True
30.5750 	EXP 	New trial (rep=0, index=10): OrderedDict([('texto', 'azul')])
30.5892 	DATA 	Keypress: v
30.5920 	EXP 	colores1: autoDraw = False
30.5920 	EXP 	colores1: text = 'azul'
30.6341 	EXP 	colores1: autoDraw = True
31.1913 	EXP 	New trial (rep=0, index=11): OrderedDict([('texto', 'azul')])
31.1948 	DATA 	Keypress: a
31.2010 	EXP 	colores1: autoDraw = False
31.2010 	EXP 	colores1: text = 'azul'
31.2343 	EXP 	colores1: autoDraw = True
31.7382 	DATA 	Keypress: a
31.7543 	EXP 	New trial (rep=0, index=12): OrderedDict([('texto', 'azul')])
31.7669 	EXP 	colores1: autoDraw = False
31.7669 	EXP 	colores1: text = 'azul'
31.8008 	EXP 	colores1: autoDraw = True
32.5909 	EXP 	New trial (rep=0, index=13): OrderedDict([('texto', 'naranja')])
32.6103 	DATA 	Keypress: a
32.6131 	EXP 	colores1: autoDraw = False
32.6131 	EXP 	colores1: text = 'naranja'
32.6502 	EXP 	colores1: autoDraw = True
33.1542 	EXP 	New trial (rep=0, index=14): OrderedDict([('texto', 'naranja')])
33.1559 	DATA 	Keypress: n
33.1667 	EXP 	colores1: autoDraw = False
33.1667 	EXP 	colores1: text = 'naranja'
33.1996 	EXP 	colores1: autoDraw = True
33.8571 	EXP 	New trial (rep=0, index=15): OrderedDict([('texto', 'verde')])
33.8729 	DATA 	Keypress: n
33.8757 	EXP 	colores1: autoDraw = False
33.8757 	EXP 	colores1: text = 'verde'
33.9164 	EXP 	colores1: autoDraw = True
34.4036 	DATA 	Keypress: v
34.4223 	EXP 	New trial (rep=0, index=16): OrderedDict([('texto', 'naranja')])
34.4387 	EXP 	colores1: autoDraw = False
34.4387 	EXP 	colores1: text = 'naranja'
34.4828 	EXP 	colores1: autoDraw = True
35.1063 	DATA 	Keypress: n
35.1234 	EXP 	New trial (rep=0, index=17): OrderedDict([('texto', 'naranja')])
35.1331 	EXP 	colores1: autoDraw = False
35.1331 	EXP 	colores1: text = 'naranja'
35.1664 	EXP 	colores1: autoDraw = True
35.6060 	DATA 	Keypress: n
35.6203 	EXP 	New trial (rep=0, index=18): OrderedDict([('texto', 'verde')])
35.6323 	EXP 	colores1: autoDraw = False
35.6323 	EXP 	colores1: text = 'verde'
35.6826 	EXP 	colores1: autoDraw = True
36.3063 	EXP 	New trial (rep=0, index=19): OrderedDict([('texto', 'azul')])
36.3203 	DATA 	Keypress: v
36.3232 	EXP 	colores1: autoDraw = False
36.3232 	EXP 	colores1: text = 'azul'
36.3651 	EXP 	colores1: autoDraw = True
37.5719 	DATA 	Keypress: a
37.5892 	EXP 	New trial (rep=0, index=20): OrderedDict([('texto', 'verde')])
37.6065 	EXP 	colores1: autoDraw = False
37.6065 	EXP 	colores1: text = 'verde'
37.6485 	EXP 	colores1: autoDraw = True
38.5207 	EXP 	New trial (rep=0, index=21): OrderedDict([('texto', 'azul')])
38.5298 	DATA 	Keypress: v
38.5325 	EXP 	colores1: autoDraw = False
38.5325 	EXP 	colores1: text = 'azul'
38.5817 	EXP 	colores1: autoDraw = True
39.1199 	EXP 	New trial (rep=0, index=22): OrderedDict([('texto', 'azul')])
39.1231 	DATA 	Keypress: a
39.1313 	EXP 	colores1: autoDraw = False
39.1313 	EXP 	colores1: text = 'azul'
39.1644 	EXP 	colores1: autoDraw = True
39.6555 	EXP 	New trial (rep=0, index=23): OrderedDict([('texto', 'naranja')])
39.6668 	DATA 	Keypress: a
39.6695 	EXP 	colores1: autoDraw = False
39.6695 	EXP 	colores1: text = 'naranja'
39.7144 	EXP 	colores1: autoDraw = True
40.2214 	DATA 	Keypress: n
40.2378 	EXP 	New trial (rep=0, index=24): OrderedDict([('texto', 'verde')])
40.2566 	EXP 	colores1: autoDraw = False
40.2566 	EXP 	colores1: text = 'verde'
40.2971 	EXP 	colores1: autoDraw = True
40.8511 	EXP 	New trial (rep=0, index=25): OrderedDict([('texto', 'azul')])
40.8569 	DATA 	Keypress: v
40.8639 	EXP 	colores1: autoDraw = False
40.8639 	EXP 	colores1: text = 'azul'
40.8969 	EXP 	colores1: autoDraw = True
42.0208 	EXP 	New trial (rep=0, index=26): OrderedDict([('texto', 'azul')])
42.0244 	DATA 	Keypress: a
42.0303 	EXP 	colores1: autoDraw = False
42.0303 	EXP 	colores1: text = 'azul'
42.0635 	EXP 	colores1: autoDraw = True
42.4709 	EXP 	New trial (rep=0, index=27): OrderedDict([('texto', 'naranja')])
42.4869 	DATA 	Keypress: a
42.4896 	EXP 	colores1: autoDraw = False
42.4896 	EXP 	colores1: text = 'naranja'
42.5298 	EXP 	colores1: autoDraw = True
42.9874 	DATA 	Keypress: n
43.0039 	EXP 	New trial (rep=0, index=28): OrderedDict([('texto', 'verde')])
43.0234 	EXP 	colores1: autoDraw = False
43.0234 	EXP 	colores1: text = 'verde'
43.0631 	EXP 	colores1: autoDraw = True
43.6584 	DATA 	Keypress: v
43.6639 	EXP 	colores1: autoDraw = False
43.6639 	EXP 	text_intructionses2: autoDraw = True
46.4150 	DATA 	Keypress: space
48.2835 	DATA 	Keypress: space
49.5686 	DATA 	Keypress: space
49.6044 	EXP 	Imported colores2_rectangulos.xlsx as conditions, 29 conditions, 1 params
49.6050 	EXP 	Created sequence: random, trialTypes=29, nReps=1, seed=None
49.6054 	EXP 	New trial (rep=0, index=0): OrderedDict([('color', [1, 0.1, -1])])
49.6106 	EXP 	text_intructionses2: autoDraw = False
49.6106 	EXP 	rectangulo: fillColor = '[ 1.   0.1 -1. ] (rgb)'
49.6106 	EXP 	rectangulo: lineColor = '[ 1.   0.1 -1. ] (rgb)'
49.6614 	EXP 	rectangulo: autoDraw = True
50.8333 	EXP 	New trial (rep=0, index=1): OrderedDict([('color', [1, 0.1, -1])])
50.8360 	DATA 	Keypress: n
50.8433 	EXP 	rectangulo: autoDraw = False
50.8433 	EXP 	rectangulo: fillColor = '[ 1.   0.1 -1. ] (rgb)'
50.8433 	EXP 	rectangulo: lineColor = '[ 1.   0.1 -1. ] (rgb)'
50.8776 	EXP 	rectangulo: autoDraw = True
51.5683 	EXP 	New trial (rep=0, index=2): OrderedDict([('color', [-1, 0.04, -1])])
51.5730 	DATA 	Keypress: n
51.5770 	EXP 	rectangulo: autoDraw = False
51.5770 	EXP 	rectangulo: fillColor = '[-1.    0.04 -1.  ] (rgb)'
51.5770 	EXP 	rectangulo: lineColor = '[-1.    0.04 -1.  ] (rgb)'
51.6279 	EXP 	rectangulo: autoDraw = True
52.2178 	DATA 	Keypress: v
52.2347 	EXP 	New trial (rep=0, index=3): OrderedDict([('color', [-1, 0.04, -1])])
52.2437 	EXP 	rectangulo: autoDraw = False
52.2437 	EXP 	rectangulo: fillColor = '[-1.    0.04 -1.  ] (rgb)'
52.2437 	EXP 	rectangulo: lineColor = '[-1.    0.04 -1.  ] (rgb)'
52.2938 	EXP 	rectangulo: autoDraw = True
52.8643 	EXP 	New trial (rep=0, index=4): OrderedDict([('color', [1, 0.1, -1])])
52.8669 	DATA 	Keypress: v
52.8762 	EXP 	rectangulo: autoDraw = False
52.8762 	EXP 	rectangulo: fillColor = '[ 1.   0.1 -1. ] (rgb)'
52.8762 	EXP 	rectangulo: lineColor = '[ 1.   0.1 -1. ] (rgb)'
52.9100 	EXP 	rectangulo: autoDraw = True
53.4504 	EXP 	New trial (rep=0, index=5): OrderedDict([('color', [-1, 0.04, -1])])
53.4588 	DATA 	Keypress: n
53.4617 	EXP 	rectangulo: autoDraw = False
53.4617 	EXP 	rectangulo: fillColor = '[-1.    0.04 -1.  ] (rgb)'
53.4617 	EXP 	rectangulo: lineColor = '[-1.    0.04 -1.  ] (rgb)'
53.5101 	EXP 	rectangulo: autoDraw = True
53.9994 	DATA 	Keypress: v
54.0174 	EXP 	New trial (rep=0, index=6): OrderedDict([('color', [-1, -1, 1])])
54.0264 	EXP 	rectangulo: autoDraw = False
54.0264 	EXP 	rectangulo: fillColor = '[-1. -1.  1.] (rgb)'
54.0264 	EXP 	rectangulo: lineColor = '[-1. -1.  1.] (rgb)'
54.0766 	EXP 	rectangulo: autoDraw = True
54.5632 	EXP 	New trial (rep=0, index=7): OrderedDict([('color', [1, 0.1, -1])])
54.5660 	DATA 	Keypress: a
54.5765 	EXP 	rectangulo: autoDraw = False
54.5765 	EXP 	rectangulo: fillColor = '[ 1.   0.1 -1. ] (rgb)'
54.5765 	EXP 	rectangulo: lineColor = '[ 1.   0.1 -1. ] (rgb)'
54.6100 	EXP 	rectangulo: autoDraw = True
56.2320 	DATA 	Keypress: n
56.2500 	EXP 	New trial (rep=0, index=8): OrderedDict([('color', [-1, 0.04, -1])])
56.2589 	EXP 	rectangulo: autoDraw = False
56.2589 	EXP 	rectangulo: fillColor = '[-1.    0.04 -1.  ] (rgb)'
56.2589 	EXP 	rectangulo: lineColor = '[-1.    0.04 -1.  ] (rgb)'
56.3092 	EXP 	rectangulo: autoDraw = True
56.8466 	EXP 	New trial (rep=0, index=9): OrderedDict([('color', [1, 0.1, -1])])
56.8493 	DATA 	Keypress: v
56.8582 	EXP 	rectangulo: autoDraw = False
56.8582 	EXP 	rectangulo: fillColor = '[ 1.   0.1 -1. ] (rgb)'
56.8582 	EXP 	rectangulo: lineColor = '[ 1.   0.1 -1. ] (rgb)'
56.8921 	EXP 	rectangulo: autoDraw = True
58.2993 	EXP 	New trial (rep=0, index=10): OrderedDict([('color', [1, 0.1, -1])])
58.3042 	DATA 	Keypress: n
58.3076 	EXP 	rectangulo: autoDraw = False
58.3076 	EXP 	rectangulo: fillColor = '[ 1.   0.1 -1. ] (rgb)'
58.3076 	EXP 	rectangulo: lineColor = '[ 1.   0.1 -1. ] (rgb)'
58.3582 	EXP 	rectangulo: autoDraw = True
58.7987 	EXP 	New trial (rep=0, index=11): OrderedDict([('color', [1, 0.1, -1])])
58.8038 	DATA 	Keypress: n
58.8075 	EXP 	rectangulo: autoDraw = False
58.8075 	EXP 	rectangulo: fillColor = '[ 1.   0.1 -1. ] (rgb)'
58.8075 	EXP 	rectangulo: lineColor = '[ 1.   0.1 -1. ] (rgb)'
58.8583 	EXP 	rectangulo: autoDraw = True
59.5476 	DATA 	Keypress: n
59.5655 	EXP 	New trial (rep=0, index=12): OrderedDict([('color', [-1, -1, 1])])
59.5746 	EXP 	rectangulo: autoDraw = False
59.5746 	EXP 	rectangulo: fillColor = '[-1. -1.  1.] (rgb)'
59.5746 	EXP 	rectangulo: lineColor = '[-1. -1.  1.] (rgb)'
59.6248 	EXP 	rectangulo: autoDraw = True
60.1818 	EXP 	New trial (rep=0, index=13): OrderedDict([('color', [-1, 0.04, -1])])
60.1865 	DATA 	Keypress: a
60.1906 	EXP 	rectangulo: autoDraw = False
60.1906 	EXP 	rectangulo: fillColor = '[-1.    0.04 -1.  ] (rgb)'
60.1906 	EXP 	rectangulo: lineColor = '[-1.    0.04 -1.  ] (rgb)'
60.2410 	EXP 	rectangulo: autoDraw = True
60.7317 	EXP 	New trial (rep=0, index=14): OrderedDict([('color', [-1, -1, 1])])
60.7371 	DATA 	Keypress: v
60.7406 	EXP 	rectangulo: autoDraw = False
60.7406 	EXP 	rectangulo: fillColor = '[-1. -1.  1.] (rgb)'
60.7406 	EXP 	rectangulo: lineColor = '[-1. -1.  1.] (rgb)'
60.7910 	EXP 	rectangulo: autoDraw = True
61.4966 	EXP 	New trial (rep=0, index=15): OrderedDict([('color', [-1, 0.04, -1])])
61.5009 	DATA 	Keypress: a
61.5071 	EXP 	rectangulo: autoDraw = False
61.5071 	EXP 	rectangulo: fillColor = '[-1.    0.04 -1.  ] (rgb)'
61.5071 	EXP 	rectangulo: lineColor = '[-1.    0.04 -1.  ] (rgb)'
61.5405 	EXP 	rectangulo: autoDraw = True
61.9817 	EXP 	New trial (rep=0, index=16): OrderedDict([('color', [1, 0.1, -1])])
61.9864 	DATA 	Keypress: v
61.9901 	EXP 	rectangulo: autoDraw = False
61.9901 	EXP 	rectangulo: fillColor = '[ 1.   0.1 -1. ] (rgb)'
61.9901 	EXP 	rectangulo: lineColor = '[ 1.   0.1 -1. ] (rgb)'
62.0411 	EXP 	rectangulo: autoDraw = True
62.5135 	DATA 	Keypress: n
62.5320 	EXP 	New trial (rep=0, index=17): OrderedDict([('color', [-1, 0.04, -1])])
62.5399 	EXP 	rectangulo: autoDraw = False
62.5399 	EXP 	rectangulo: fillColor = '[-1.    0.04 -1.  ] (rgb)'
62.5399 	EXP 	rectangulo: lineColor = '[-1.    0.04 -1.  ] (rgb)'
62.5904 	EXP 	rectangulo: autoDraw = True
63.4940 	EXP 	New trial (rep=0, index=18): OrderedDict([('color', [-1, -1, 1])])
63.4963 	DATA 	Keypress: v
63.5066 	EXP 	rectangulo: autoDraw = False
63.5066 	EXP 	rectangulo: fillColor = '[-1. -1.  1.] (rgb)'
63.5066 	EXP 	rectangulo: lineColor = '[-1. -1.  1.] (rgb)'
63.5399 	EXP 	rectangulo: autoDraw = True
64.1815 	EXP 	New trial (rep=0, index=19): OrderedDict([('color', [-1, -1, 1])])
64.1871 	DATA 	Keypress: a
64.1904 	EXP 	rectangulo: autoDraw = False
64.1904 	EXP 	rectangulo: fillColor = '[-1. -1.  1.] (rgb)'
64.1904 	EXP 	rectangulo: lineColor = '[-1. -1.  1.] (rgb)'
64.2398 	EXP 	rectangulo: autoDraw = True
64.7105 	EXP 	New trial (rep=0, index=20): OrderedDict([('color', [-1, 0.04, -1])])
64.7132 	DATA 	Keypress: a
64.7227 	EXP 	rectangulo: autoDraw = False
64.7227 	EXP 	rectangulo: fillColor = '[-1.    0.04 -1.  ] (rgb)'
64.7227 	EXP 	rectangulo: lineColor = '[-1.    0.04 -1.  ] (rgb)'
64.7561 	EXP 	rectangulo: autoDraw = True
65.3271 	EXP 	New trial (rep=0, index=21): OrderedDict([('color', [-1, -1, 1])])
65.3297 	DATA 	Keypress: v
65.3392 	EXP 	rectangulo: autoDraw = False
65.3392 	EXP 	rectangulo: fillColor = '[-1. -1.  1.] (rgb)'
65.3392 	EXP 	rectangulo: lineColor = '[-1. -1.  1.] (rgb)'
65.3729 	EXP 	rectangulo: autoDraw = True
66.1942 	EXP 	New trial (rep=0, index=22): OrderedDict([('color', [-1, 0.04, -1])])
66.1979 	DATA 	Keypress: a
66.2051 	EXP 	rectangulo: autoDraw = False
66.2051 	EXP 	rectangulo: fillColor = '[-1.    0.04 -1.  ] (rgb)'
66.2051 	EXP 	rectangulo: lineColor = '[-1.    0.04 -1.  ] (rgb)'
66.2395 	EXP 	rectangulo: autoDraw = True
67.2438 	EXP 	New trial (rep=0, index=23): OrderedDict([('color', [1, 0.1, -1])])
67.2465 	DATA 	Keypress: v
67.2553 	EXP 	rectangulo: autoDraw = False
67.2553 	EXP 	rectangulo: fillColor = '[ 1.   0.1 -1. ] (rgb)'
67.2553 	EXP 	rectangulo: lineColor = '[ 1.   0.1 -1. ] (rgb)'
67.2889 	EXP 	rectangulo: autoDraw = True
67.7455 	EXP 	New trial (rep=0, index=24): OrderedDict([('color', [-1, -1, 1])])
67.7491 	DATA 	Keypress: n
67.7550 	EXP 	rectangulo: autoDraw = False
67.7550 	EXP 	rectangulo: fillColor = '[-1. -1.  1.] (rgb)'
67.7550 	EXP 	rectangulo: lineColor = '[-1. -1.  1.] (rgb)'
67.7886 	EXP 	rectangulo: autoDraw = True
68.4115 	DATA 	Keypress: a
68.4296 	EXP 	New trial (rep=0, index=25): OrderedDict([('color', [-1, 0.04, -1])])
68.4379 	EXP 	rectangulo: autoDraw = False
68.4379 	EXP 	rectangulo: fillColor = '[-1.    0.04 -1.  ] (rgb)'
68.4379 	EXP 	rectangulo: lineColor = '[-1.    0.04 -1.  ] (rgb)'
68.4889 	EXP 	rectangulo: autoDraw = True
68.9116 	EXP 	New trial (rep=0, index=26): OrderedDict([('color', [-1, -1, 1])])
68.9171 	DATA 	Keypress: v
68.9211 	EXP 	rectangulo: autoDraw = False
68.9211 	EXP 	rectangulo: fillColor = '[-1. -1.  1.] (rgb)'
68.9211 	EXP 	rectangulo: lineColor = '[-1. -1.  1.] (rgb)'
68.9548 	EXP 	rectangulo: autoDraw = True
69.4589 	EXP 	New trial (rep=0, index=27): OrderedDict([('color', [-1, -1, 1])])
69.4623 	DATA 	Keypress: a
69.4707 	EXP 	rectangulo: autoDraw = False
69.4707 	EXP 	rectangulo: fillColor = '[-1. -1.  1.] (rgb)'
69.4707 	EXP 	rectangulo: lineColor = '[-1. -1.  1.] (rgb)'
69.5046 	EXP 	rectangulo: autoDraw = True
70.1920 	EXP 	New trial (rep=0, index=28): OrderedDict([('color', [1, 0.1, -1])])
70.1943 	DATA 	Keypress: a
70.2040 	EXP 	rectangulo: autoDraw = False
70.2040 	EXP 	rectangulo: fillColor = '[ 1.   0.1 -1. ] (rgb)'
70.2040 	EXP 	rectangulo: lineColor = '[ 1.   0.1 -1. ] (rgb)'
70.2376 	EXP 	rectangulo: autoDraw = True
71.0624 	DATA 	Keypress: n
71.0709 	EXP 	rectangulo: autoDraw = False
71.0709 	EXP 	text: autoDraw = True
76.5116 	EXP 	Imported colores3_mix.xlsx as conditions, 29 conditions, 2 params
76.5121 	EXP 	Created sequence: random, trialTypes=29, nReps=1, seed=None
76.5125 	EXP 	New trial (rep=0, index=0): OrderedDict([('color', [-1, 0.04, -1]), ('texto', 'naranja')])
76.5216 	DATA 	Keypress: space
76.5244 	EXP 	text: autoDraw = False
76.5244 	EXP 	colores2: color = '[-1.    0.04 -1.  ] (rgb)'
76.5244 	EXP 	colores2: text = 'naranja'
76.5518 	EXP 	colores2: autoDraw = True
77.9729 	EXP 	New trial (rep=0, index=1): OrderedDict([('color', [-1, 0.04, -1]), ('texto', 'naranja')])
77.9754 	DATA 	Keypress: v
77.9844 	EXP 	colores2: autoDraw = False
77.9844 	EXP 	colores2: color = '[-1.    0.04 -1.  ] (rgb)'
77.9844 	EXP 	colores2: text = 'naranja'
78.0182 	EXP 	colores2: autoDraw = True
78.6563 	DATA 	Keypress: v
78.6723 	EXP 	New trial (rep=0, index=2): OrderedDict([('color', [-1, -1, 1]), ('texto', 'naranja')])
78.6846 	EXP 	colores2: autoDraw = False
78.6846 	EXP 	colores2: color = '[-1. -1.  1.] (rgb)'
78.6846 	EXP 	colores2: text = 'naranja'
78.7180 	EXP 	colores2: autoDraw = True
79.2417 	EXP 	New trial (rep=0, index=3): OrderedDict([('color', [-1, 0.04, -1]), ('texto', 'azul')])
79.2557 	DATA 	Keypress: a
79.2587 	EXP 	colores2: autoDraw = False
79.2587 	EXP 	colores2: color = '[-1.    0.04 -1.  ] (rgb)'
79.2587 	EXP 	colores2: text = 'azul'
79.3005 	EXP 	colores2: autoDraw = True
79.9072 	DATA 	Keypress: v
79.9245 	EXP 	New trial (rep=0, index=4): OrderedDict([('color', [-1, -1, 1]), ('texto', 'naranja')])
79.9441 	EXP 	colores2: autoDraw = False
79.9441 	EXP 	colores2: color = '[-1. -1.  1.] (rgb)'
79.9441 	EXP 	colores2: text = 'naranja'
79.9842 	EXP 	colores2: autoDraw = True
80.6912 	EXP 	New trial (rep=0, index=5): OrderedDict([('color', [-1, -1, 1]), ('texto', 'naranja')])
80.6958 	DATA 	Keypress: a
80.7007 	EXP 	colores2: autoDraw = False
80.7007 	EXP 	colores2: color = '[-1. -1.  1.] (rgb)'
80.7007 	EXP 	colores2: text = 'naranja'
80.7332 	EXP 	colores2: autoDraw = True
81.4213 	EXP 	New trial (rep=0, index=6): OrderedDict([('color', [-1, 0.04, -1]), ('texto', 'azul')])
81.4272 	DATA 	Keypress: a
81.4338 	EXP 	colores2: autoDraw = False
81.4338 	EXP 	colores2: color = '[-1.    0.04 -1.  ] (rgb)'
81.4338 	EXP 	colores2: text = 'azul'
81.4668 	EXP 	colores2: autoDraw = True
82.1875 	EXP 	New trial (rep=0, index=7): OrderedDict([('color', [-1, -1, 1]), ('texto', 'verde')])
82.1934 	DATA 	Keypress: v
82.1998 	EXP 	colores2: autoDraw = False
82.1998 	EXP 	colores2: color = '[-1. -1.  1.] (rgb)'
82.1998 	EXP 	colores2: text = 'verde'
82.2335 	EXP 	colores2: autoDraw = True
83.0397 	DATA 	Keypress: a
83.0541 	EXP 	New trial (rep=0, index=8): OrderedDict([('color', [1, 0.1, -1]), ('texto', 'verde')])
83.0665 	EXP 	colores2: autoDraw = False
83.0665 	EXP 	colores2: color = '[ 1.   0.1 -1. ] (rgb)'
83.0665 	EXP 	colores2: text = 'verde'
83.0994 	EXP 	colores2: autoDraw = True
83.6879 	EXP 	New trial (rep=0, index=9): OrderedDict([('color', [-1, 0.04, -1]), ('texto', 'naranja')])
83.7031 	DATA 	Keypress: n
83.7060 	EXP 	colores2: autoDraw = False
83.7060 	EXP 	colores2: color = '[-1.    0.04 -1.  ] (rgb)'
83.7060 	EXP 	colores2: text = 'naranja'
83.7496 	EXP 	colores2: autoDraw = True
84.5395 	DATA 	Keypress: v
84.5564 	EXP 	New trial (rep=0, index=10): OrderedDict([('color', [1, 0.1, -1]), ('texto', 'azul')])
84.5726 	EXP 	colores2: autoDraw = False
84.5726 	EXP 	colores2: color = '[ 1.   0.1 -1. ] (rgb)'
84.5726 	EXP 	colores2: text = 'azul'
84.6157 	EXP 	colores2: autoDraw = True
85.5549 	EXP 	New trial (rep=0, index=11): OrderedDict([('color', [1, 0.1, -1]), ('texto', 'verde')])
85.5708 	DATA 	Keypress: n
85.5735 	EXP 	colores2: autoDraw = False
85.5735 	EXP 	colores2: color = '[ 1.   0.1 -1. ] (rgb)'
85.5735 	EXP 	colores2: text = 'verde'
85.6156 	EXP 	colores2: autoDraw = True
86.3031 	EXP 	New trial (rep=0, index=12): OrderedDict([('color', [1, 0.1, -1]), ('texto', 'verde')])
86.3051 	DATA 	Keypress: n
86.3152 	EXP 	colores2: autoDraw = False
86.3152 	EXP 	colores2: color = '[ 1.   0.1 -1. ] (rgb)'
86.3152 	EXP 	colores2: text = 'verde'
86.3484 	EXP 	colores2: autoDraw = True
87.0552 	EXP 	New trial (rep=0, index=13): OrderedDict([('color', [-1, -1, 1]), ('texto', 'naranja')])
87.0754 	DATA 	Keypress: n
87.0782 	EXP 	colores2: autoDraw = False
87.0782 	EXP 	colores2: color = '[-1. -1.  1.] (rgb)'
87.0782 	EXP 	colores2: text = 'naranja'
87.1146 	EXP 	colores2: autoDraw = True
91.4714 	EXP 	New trial (rep=0, index=14): OrderedDict([('color', [-1, -1, 1]), ('texto', 'verde')])
91.4886 	DATA 	Keypress: a
91.4913 	EXP 	colores2: autoDraw = False
91.4913 	EXP 	colores2: color = '[-1. -1.  1.] (rgb)'
91.4913 	EXP 	colores2: text = 'verde'
91.5300 	EXP 	colores2: autoDraw = True
95.4663 	DATA 	Keypress: a
95.4835 	EXP 	New trial (rep=0, index=15): OrderedDict([('color', [-1, 0.04, -1]), ('texto', 'azul')])
95.4955 	EXP 	colores2: autoDraw = False
95.4955 	EXP 	colores2: color = '[-1.    0.04 -1.  ] (rgb)'
95.4955 	EXP 	colores2: text = 'azul'
95.5456 	EXP 	colores2: autoDraw = True
99.7011 	EXP 	New trial (rep=0, index=16): OrderedDict([('color', [1, 0.1, -1]), ('texto', 'azul')])
99.7048 	DATA 	Keypress: v
99.7106 	EXP 	colores2: autoDraw = False
99.7106 	EXP 	colores2: color = '[ 1.   0.1 -1. ] (rgb)'
99.7106 	EXP 	colores2: text = 'azul'
99.7441 	EXP 	colores2: autoDraw = True
104.1294 	EXP 	New trial (rep=0, index=17): OrderedDict([('color', [-1, -1, 1]), ('texto', 'verde')])
104.1353 	DATA 	Keypress: n
104.1420 	EXP 	colores2: autoDraw = False
104.1420 	EXP 	colores2: color = '[-1. -1.  1.] (rgb)'
104.1420 	EXP 	colores2: text = 'verde'
104.1753 	EXP 	colores2: autoDraw = True
104.9967 	DATA 	Keypress: a
105.0123 	EXP 	New trial (rep=0, index=18): OrderedDict([('color', [-1, -1, 1]), ('texto', 'naranja')])
105.0251 	EXP 	colores2: autoDraw = False
105.0251 	EXP 	colores2: color = '[-1. -1.  1.] (rgb)'
105.0251 	EXP 	colores2: text = 'naranja'
105.0585 	EXP 	colores2: autoDraw = True
107.0285 	EXP 	New trial (rep=0, index=19): OrderedDict([('color', [-1, 0.04, -1]), ('texto', 'azul')])
107.0343 	DATA 	Keypress: a
107.0410 	EXP 	colores2: autoDraw = False
107.0410 	EXP 	colores2: color = '[-1.    0.04 -1.  ] (rgb)'
107.0410 	EXP 	colores2: text = 'azul'
107.0744 	EXP 	colores2: autoDraw = True
108.9112 	EXP 	New trial (rep=0, index=20): OrderedDict([('color', [-1, 0.04, -1]), ('texto', 'naranja')])
108.9179 	DATA 	Keypress: v
108.9237 	EXP 	colores2: autoDraw = False
108.9237 	EXP 	colores2: color = '[-1.    0.04 -1.  ] (rgb)'
108.9237 	EXP 	colores2: text = 'naranja'
108.9737 	EXP 	colores2: autoDraw = True
111.4277 	EXP 	New trial (rep=0, index=21): OrderedDict([('color', [1, 0.1, -1]), ('texto', 'azul')])
111.4324 	DATA 	Keypress: v
111.4395 	EXP 	colores2: autoDraw = False
111.4395 	EXP 	colores2: color = '[ 1.   0.1 -1. ] (rgb)'
111.4395 	EXP 	colores2: text = 'azul'
111.4729 	EXP 	colores2: autoDraw = True
112.0479 	EXP 	New trial (rep=0, index=22): OrderedDict([('color', [1, 0.1, -1]), ('texto', 'azul')])
112.0522 	DATA 	Keypress: n
112.0564 	EXP 	colores2: autoDraw = False
112.0564 	EXP 	colores2: color = '[ 1.   0.1 -1. ] (rgb)'
112.0564 	EXP 	colores2: text = 'azul'
112.0904 	EXP 	colores2: autoDraw = True
113.3136 	EXP 	New trial (rep=0, index=23): OrderedDict([('color', [1, 0.1, -1]), ('texto', 'verde')])
113.3308 	DATA 	Keypress: n
113.3336 	EXP 	colores2: autoDraw = False
113.3336 	EXP 	colores2: color = '[ 1.   0.1 -1. ] (rgb)'
113.3336 	EXP 	colores2: text = 'verde'
113.3723 	EXP 	colores2: autoDraw = True
114.2962 	EXP 	New trial (rep=0, index=24): OrderedDict([('color', [1, 0.1, -1]), ('texto', 'verde')])
114.3008 	DATA 	Keypress: n
114.3059 	EXP 	colores2: autoDraw = False
114.3059 	EXP 	colores2: color = '[ 1.   0.1 -1. ] (rgb)'
114.3059 	EXP 	colores2: text = 'verde'
114.3392 	EXP 	colores2: autoDraw = True
114.7936 	EXP 	New trial (rep=0, index=25): OrderedDict([('color', [-1, -1, 1]), ('texto', 'verde')])
114.7960 	DATA 	Keypress: n
114.8053 	EXP 	colores2: autoDraw = False
114.8053 	EXP 	colores2: color = '[-1. -1.  1.] (rgb)'
114.8053 	EXP 	colores2: text = 'verde'
114.8384 	EXP 	colores2: autoDraw = True
115.3432 	EXP 	New trial (rep=0, index=26): OrderedDict([('color', [-1, 0.04, -1]), ('texto', 'azul')])
115.3507 	DATA 	Keypress: a
115.3553 	EXP 	colores2: autoDraw = False
115.3553 	EXP 	colores2: color = '[-1.    0.04 -1.  ] (rgb)'
115.3553 	EXP 	colores2: text = 'azul'
115.4051 	EXP 	colores2: autoDraw = True
116.1291 	EXP 	New trial (rep=0, index=27): OrderedDict([('color', [1, 0.1, -1]), ('texto', 'azul')])
116.1336 	DATA 	Keypress: v
116.1387 	EXP 	colores2: autoDraw = False
116.1387 	EXP 	colores2: color = '[ 1.   0.1 -1. ] (rgb)'
116.1387 	EXP 	colores2: text = 'azul'
116.1719 	EXP 	colores2: autoDraw = True
116.9787 	EXP 	New trial (rep=0, index=28): OrderedDict([('color', [-1, 0.04, -1]), ('texto', 'naranja')])
116.9989 	DATA 	Keypress: n
117.0017 	EXP 	colores2: autoDraw = False
117.0017 	EXP 	colores2: color = '[-1.    0.04 -1.  ] (rgb)'
117.0017 	EXP 	colores2: text = 'naranja'
117.0376 	EXP 	colores2: autoDraw = True
117.6277 	DATA 	Keypress: v
117.6549 	EXP 	colores2: autoDraw = False
117.6549 	EXP 	despedida: autoDraw = True
120.6536 	EXP 	despedida: autoDraw = False
120.6536 	EXP 	despedida: autoDraw = False
120.8289 	EXP 	window1: mouseVisible = True
