10.8418 	WARNING 	User requested fullscreen with size [1024  768], but screen is actually [1920, 1080]. Using actual size
12.0855 	EXP 	Created window1 = Window(allowGUI=False, allowStencil=False, args=UNKNOWN, autoLog=True, bitsMode=UNKNOWN, blendMode='avg', color=array([0., 0., 0.]), colorSpace='rgb', fullscr=<method-wrapper '__getattribute__' of attributeSetter object at 0x000002186F93D748>, gamma=None, gammaErrorPolicy='raise', kwargs=UNKNOWN, lms=UNKNOWN, monitor=<psychopy.monitors.calibTools.Monitor object at 0x000002186F78B978>, multiSample=False, name='window1', numSamples=2, pos=[0.0, 0.0], screen=0, size=array([1920, 1080]), stereo=False, units='height', useFBO=True, useRetina=False, viewOri=0.0, viewPos=None, viewScale=None, waitBlanking=True, winType='pyglet')
12.0855 	EXP 	window1: recordFrameIntervals = False
12.2510 	EXP 	window1: recordFrameIntervals = True
12.4380 	EXP 	window1: recordFrameIntervals = False
12.8552 	EXP 	Created Instrucciones_texto = TextStim(__class__=<class 'psychopy.visual.text.TextStim'>, alignHoriz='center', alignVert='center', antialias=True, autoLog=True, bold=False, color='white', colorSpace='named', contrast=1.0, depth=0.0, flipHoriz=False, flipVert=False, font='Arial', fontFiles=[], height=0.05, italic=False, languageStyle='LTR', name='Instrucciones_texto', opacity=1.0, ori=0, pos=array([0., 0.]), rgb=array([255., 255., 255.]), text=str(...), units='height', win=Window(...), wrapWidth=1)
12.8797 	EXP 	Created colores1 = TextStim(__class__=<class 'psychopy.visual.text.TextStim'>, alignHoriz='center', alignVert='center', antialias=True, autoLog=True, bold=False, color='black', colorSpace='named', contrast=1.0, depth=0.0, flipHoriz=False, flipVert=False, font='Arial', fontFiles=[], height=0.1, italic=False, languageStyle='LTR', name='colores1', opacity=1.0, ori=0, pos=array([0., 0.]), rgb=array([0., 0., 0.]), text='default text', units='height', win=Window(...), wrapWidth=1)
12.9250 	EXP 	Created text_intructionses2 = TextStim(__class__=<class 'psychopy.visual.text.TextStim'>, alignHoriz='center', alignVert='center', antialias=True, autoLog=True, bold=False, color='white', colorSpace='named', contrast=1.0, depth=0.0, flipHoriz=False, flipVert=False, font='Arial', fontFiles=[], height=0.05, italic=False, languageStyle='LTR', name='text_intructionses2', opacity=1.0, ori=0, pos=array([0., 0.]), rgb=array([255., 255., 255.]), text=str(...), units='height', win=Window(...), wrapWidth=1)
12.9278 	EXP 	Created rectangulo = Rect(__class__=<class 'psychopy.visual.rect.Rect'>, autoDraw=False, autoLog=True, closeShape=True, color=method-wrapper(...), colorSpace=None, contrast=1.0, depth=0.0, fillColor=array([1., 1., 1.]), fillColorSpace='rgb', fillRGB=array([1., 1., 1.]), interpolate=True, lineColor=array([1., 1., 1.]), lineColorSpace='rgb', lineRGB=array([1., 1., 1.]), lineWidth=1, name='rectangulo', opacity=1.0, ori=array(0.), pos=array([0., 0.]), size=array([1., 1.]), units='height', vertices=ndarray(...), win=Window(...))
13.0109 	EXP 	Created text = TextStim(__class__=<class 'psychopy.visual.text.TextStim'>, alignHoriz='center', alignVert='center', antialias=True, autoLog=True, bold=False, color='white', colorSpace='named', contrast=1.0, depth=0.0, flipHoriz=False, flipVert=False, font='Arial', fontFiles=[], height=0.05, italic=False, languageStyle='LTR', name='text', opacity=1.0, ori=0, pos=array([0., 0.]), rgb=array([255., 255., 255.]), text=str(...), units='height', win=Window(...), wrapWidth=1)
13.0150 	EXP 	Created colores2 = TextStim(__class__=<class 'psychopy.visual.text.TextStim'>, alignHoriz='center', alignVert='center', antialias=True, autoLog=True, bold=False, color='white', colorSpace='named', contrast=1.0, depth=0.0, flipHoriz=False, flipVert=False, font='Arial', fontFiles=[], height=0.1, italic=False, languageStyle='LTR', name='colores2', opacity=1.0, ori=0, pos=array([0., 0.]), rgb=array([255., 255., 255.]), text='default text', units='height', win=Window(...), wrapWidth=1)
13.0261 	EXP 	Created despedida = TextStim(__class__=<class 'psychopy.visual.text.TextStim'>, alignHoriz='center', alignVert='center', antialias=True, autoLog=True, bold=False, color='white', colorSpace='named', contrast=1.0, depth=0.0, flipHoriz=False, flipVert=False, font='Arial', fontFiles=[], height=0.05, italic=False, languageStyle='LTR', name='despedida', opacity=1.0, ori=0, pos=array([0., 0.]), rgb=array([255., 255., 255.]), text='¡Muchas gracias por participar!', units='height', win=Window(...), wrapWidth=1)
13.0690 	EXP 	Instrucciones_texto: autoDraw = True
37.1548 	EXP 	Imported colores1_negro.xlsx as conditions, 29 conditions, 1 params
37.1551 	EXP 	Created sequence: random, trialTypes=29, nReps=1, seed=None
37.1553 	EXP 	New trial (rep=0, index=0): OrderedDict([('texto', 'naranja')])
37.1947 	DATA 	Keypress: space
37.1994 	EXP 	Instrucciones_texto: autoDraw = False
37.1994 	EXP 	colores1: text = 'naranja'
37.2450 	EXP 	colores1: autoDraw = True
38.5970 	EXP 	New trial (rep=0, index=1): OrderedDict([('texto', 'azul')])
38.6060 	DATA 	Keypress: n
38.6106 	EXP 	colores1: autoDraw = False
38.6106 	EXP 	colores1: text = 'azul'
38.6590 	EXP 	colores1: autoDraw = True
39.5964 	EXP 	New trial (rep=0, index=2): OrderedDict([('texto', 'naranja')])
39.6032 	DATA 	Keypress: a
39.6103 	EXP 	colores1: autoDraw = False
39.6103 	EXP 	colores1: text = 'naranja'
39.6584 	EXP 	colores1: autoDraw = True
40.3130 	EXP 	New trial (rep=0, index=3): OrderedDict([('texto', 'azul')])
40.3208 	DATA 	Keypress: n
40.3272 	EXP 	colores1: autoDraw = False
40.3272 	EXP 	colores1: text = 'azul'
40.3752 	EXP 	colores1: autoDraw = True
40.9635 	EXP 	New trial (rep=0, index=4): OrderedDict([('texto', 'naranja')])
40.9728 	DATA 	Keypress: a
40.9768 	EXP 	colores1: autoDraw = False
40.9768 	EXP 	colores1: text = 'naranja'
41.0246 	EXP 	colores1: autoDraw = True
41.6123 	EXP 	New trial (rep=0, index=5): OrderedDict([('texto', 'verde')])
41.6199 	DATA 	Keypress: n
41.6269 	EXP 	colores1: autoDraw = False
41.6269 	EXP 	colores1: text = 'verde'
41.6742 	EXP 	colores1: autoDraw = True
42.3284 	DATA 	Keypress: v
42.3449 	EXP 	New trial (rep=0, index=6): OrderedDict([('texto', 'azul')])
42.3578 	EXP 	colores1: autoDraw = False
42.3578 	EXP 	colores1: text = 'azul'
42.3907 	EXP 	colores1: autoDraw = True
43.0945 	DATA 	Keypress: a
43.1115 	EXP 	New trial (rep=0, index=7): OrderedDict([('texto', 'naranja')])
43.1256 	EXP 	colores1: autoDraw = False
43.1256 	EXP 	colores1: text = 'naranja'
43.1738 	EXP 	colores1: autoDraw = True
44.2955 	EXP 	New trial (rep=0, index=8): OrderedDict([('texto', 'azul')])
44.3016 	DATA 	Keypress: n
44.3088 	EXP 	colores1: autoDraw = False
44.3088 	EXP 	colores1: text = 'azul'
44.3570 	EXP 	colores1: autoDraw = True
44.9971 	EXP 	New trial (rep=0, index=9): OrderedDict([('texto', 'naranja')])
45.0095 	DATA 	Keypress: a
45.0136 	EXP 	colores1: autoDraw = False
45.0136 	EXP 	colores1: text = 'naranja'
45.0568 	EXP 	colores1: autoDraw = True
45.6283 	EXP 	New trial (rep=0, index=10): OrderedDict([('texto', 'azul')])
45.6354 	DATA 	Keypress: n
45.6418 	EXP 	colores1: autoDraw = False
45.6418 	EXP 	colores1: text = 'azul'
45.6903 	EXP 	colores1: autoDraw = True
46.2634 	DATA 	Keypress: a
46.2790 	EXP 	New trial (rep=0, index=11): OrderedDict([('texto', 'naranja')])
46.2958 	EXP 	colores1: autoDraw = False
46.2958 	EXP 	colores1: text = 'naranja'
46.3400 	EXP 	colores1: autoDraw = True
46.9778 	EXP 	New trial (rep=0, index=12): OrderedDict([('texto', 'verde')])
46.9870 	DATA 	Keypress: n
46.9915 	EXP 	colores1: autoDraw = False
46.9915 	EXP 	colores1: text = 'verde'
47.0397 	EXP 	colores1: autoDraw = True
47.6794 	EXP 	New trial (rep=0, index=13): OrderedDict([('texto', 'verde')])
47.6817 	DATA 	Keypress: v
47.6904 	EXP 	colores1: autoDraw = False
47.6904 	EXP 	colores1: text = 'verde'
47.7239 	EXP 	colores1: autoDraw = True
48.2936 	EXP 	New trial (rep=0, index=14): OrderedDict([('texto', 'naranja')])
48.3037 	DATA 	Keypress: v
48.3077 	EXP 	colores1: autoDraw = False
48.3077 	EXP 	colores1: text = 'naranja'
48.3563 	EXP 	colores1: autoDraw = True
48.9598 	DATA 	Keypress: n
48.9783 	EXP 	New trial (rep=0, index=15): OrderedDict([('texto', 'azul')])
48.9912 	EXP 	colores1: autoDraw = False
48.9912 	EXP 	colores1: text = 'azul'
49.0393 	EXP 	colores1: autoDraw = True
49.6109 	EXP 	New trial (rep=0, index=16): OrderedDict([('texto', 'verde')])
49.6201 	DATA 	Keypress: a
49.6243 	EXP 	colores1: autoDraw = False
49.6243 	EXP 	colores1: text = 'verde'
49.6722 	EXP 	colores1: autoDraw = True
50.7270 	DATA 	Keypress: n
51.0781 	EXP 	New trial (rep=0, index=17): OrderedDict([('texto', 'verde')])
51.0804 	DATA 	Keypress: v
51.0896 	EXP 	colores1: autoDraw = False
51.0896 	EXP 	colores1: text = 'verde'
51.1227 	EXP 	colores1: autoDraw = True
51.7439 	EXP 	New trial (rep=0, index=18): OrderedDict([('texto', 'verde')])
51.7463 	DATA 	Keypress: v
51.7552 	EXP 	colores1: autoDraw = False
51.7552 	EXP 	colores1: text = 'verde'
51.7883 	EXP 	colores1: autoDraw = True
52.3262 	DATA 	Keypress: v
52.3413 	EXP 	New trial (rep=0, index=19): OrderedDict([('texto', 'naranja')])
52.3548 	EXP 	colores1: autoDraw = False
52.3548 	EXP 	colores1: text = 'naranja'
52.4038 	EXP 	colores1: autoDraw = True
53.0084 	EXP 	New trial (rep=0, index=20): OrderedDict([('texto', 'naranja')])
53.0103 	DATA 	Keypress: n
53.0207 	EXP 	colores1: autoDraw = False
53.0207 	EXP 	colores1: text = 'naranja'
53.0545 	EXP 	colores1: autoDraw = True
53.6926 	EXP 	New trial (rep=0, index=21): OrderedDict([('texto', 'azul')])
53.6992 	DATA 	Keypress: n
53.7055 	EXP 	colores1: autoDraw = False
53.7055 	EXP 	colores1: text = 'azul'
53.7540 	EXP 	colores1: autoDraw = True
54.3257 	EXP 	New trial (rep=0, index=22): OrderedDict([('texto', 'verde')])
54.3354 	DATA 	Keypress: a
54.3395 	EXP 	colores1: autoDraw = False
54.3395 	EXP 	colores1: text = 'verde'
54.3874 	EXP 	colores1: autoDraw = True
55.2912 	EXP 	New trial (rep=0, index=23): OrderedDict([('texto', 'verde')])
55.2937 	DATA 	Keypress: v
55.3033 	EXP 	colores1: autoDraw = False
55.3033 	EXP 	colores1: text = 'verde'
55.3366 	EXP 	colores1: autoDraw = True
55.9262 	DATA 	Keypress: v
55.9411 	EXP 	New trial (rep=0, index=24): OrderedDict([('texto', 'azul')])
55.9542 	EXP 	colores1: autoDraw = False
55.9542 	EXP 	colores1: text = 'azul'
55.9865 	EXP 	colores1: autoDraw = True
56.8067 	EXP 	New trial (rep=0, index=25): OrderedDict([('texto', 'naranja')])
56.8134 	DATA 	Keypress: a
56.8205 	EXP 	colores1: autoDraw = False
56.8205 	EXP 	colores1: text = 'naranja'
56.8559 	EXP 	colores1: autoDraw = True
57.6120 	EXP 	New trial (rep=0, index=26): OrderedDict([('texto', 'verde')])
57.6271 	DATA 	Keypress: n
57.6314 	EXP 	colores1: autoDraw = False
57.6314 	EXP 	colores1: text = 'verde'
57.6690 	EXP 	colores1: autoDraw = True
58.4089 	DATA 	Keypress: v
58.4253 	EXP 	New trial (rep=0, index=27): OrderedDict([('texto', 'azul')])
58.4374 	EXP 	colores1: autoDraw = False
58.4374 	EXP 	colores1: text = 'azul'
58.4856 	EXP 	colores1: autoDraw = True
59.0583 	EXP 	New trial (rep=0, index=28): OrderedDict([('texto', 'verde')])
59.0698 	DATA 	Keypress: a
59.0740 	EXP 	colores1: autoDraw = False
59.0740 	EXP 	colores1: text = 'verde'
59.1191 	EXP 	colores1: autoDraw = True
59.6441 	DATA 	Keypress: v
59.6529 	EXP 	colores1: autoDraw = False
59.6529 	EXP 	text_intructionses2: autoDraw = True
69.5758 	EXP 	Imported colores2_rectangulos.xlsx as conditions, 29 conditions, 1 params
69.5761 	EXP 	Created sequence: random, trialTypes=29, nReps=1, seed=None
69.5763 	EXP 	New trial (rep=0, index=0): OrderedDict([('color', [-1, 0.04, -1])])
69.5798 	DATA 	Keypress: space
69.5838 	EXP 	text_intructionses2: autoDraw = False
69.5838 	EXP 	rectangulo: fillColor = '[-1.    0.04 -1.  ] (rgb)'
69.5838 	EXP 	rectangulo: lineColor = '[-1.    0.04 -1.  ] (rgb)'
69.6316 	EXP 	rectangulo: autoDraw = True
71.0379 	EXP 	New trial (rep=0, index=1): OrderedDict([('color', [-1, 0.04, -1])])
71.0415 	DATA 	Keypress: v
71.0488 	EXP 	rectangulo: autoDraw = False
71.0488 	EXP 	rectangulo: fillColor = '[-1.    0.04 -1.  ] (rgb)'
71.0488 	EXP 	rectangulo: lineColor = '[-1.    0.04 -1.  ] (rgb)'
71.0817 	EXP 	rectangulo: autoDraw = True
71.6355 	EXP 	New trial (rep=0, index=2): OrderedDict([('color', [-1, -1, 1])])
71.6381 	DATA 	Keypress: v
71.6478 	EXP 	rectangulo: autoDraw = False
71.6478 	EXP 	rectangulo: fillColor = '[-1. -1.  1.] (rgb)'
71.6478 	EXP 	rectangulo: lineColor = '[-1. -1.  1.] (rgb)'
71.6812 	EXP 	rectangulo: autoDraw = True
72.4847 	EXP 	New trial (rep=0, index=3): OrderedDict([('color', [1, 0.1, -1])])
72.4874 	DATA 	Keypress: a
72.4975 	EXP 	rectangulo: autoDraw = False
72.4975 	EXP 	rectangulo: fillColor = '[ 1.   0.1 -1. ] (rgb)'
72.4975 	EXP 	rectangulo: lineColor = '[ 1.   0.1 -1. ] (rgb)'
72.5305 	EXP 	rectangulo: autoDraw = True
73.1544 	EXP 	New trial (rep=0, index=4): OrderedDict([('color', [1, 0.1, -1])])
73.1576 	DATA 	Keypress: n
73.1656 	EXP 	rectangulo: autoDraw = False
73.1656 	EXP 	rectangulo: fillColor = '[ 1.   0.1 -1. ] (rgb)'
73.1656 	EXP 	rectangulo: lineColor = '[ 1.   0.1 -1. ] (rgb)'
73.1984 	EXP 	rectangulo: autoDraw = True
73.9049 	EXP 	New trial (rep=0, index=5): OrderedDict([('color', [-1, 0.04, -1])])
73.9081 	DATA 	Keypress: n
73.9154 	EXP 	rectangulo: autoDraw = False
73.9154 	EXP 	rectangulo: fillColor = '[-1.    0.04 -1.  ] (rgb)'
73.9154 	EXP 	rectangulo: lineColor = '[-1.    0.04 -1.  ] (rgb)'
73.9476 	EXP 	rectangulo: autoDraw = True
75.1008 	EXP 	New trial (rep=0, index=6): OrderedDict([('color', [-1, -1, 1])])
75.1036 	DATA 	Keypress: v
75.1134 	EXP 	rectangulo: autoDraw = False
75.1134 	EXP 	rectangulo: fillColor = '[-1. -1.  1.] (rgb)'
75.1134 	EXP 	rectangulo: lineColor = '[-1. -1.  1.] (rgb)'
75.1468 	EXP 	rectangulo: autoDraw = True
75.7538 	EXP 	New trial (rep=0, index=7): OrderedDict([('color', [1, 0.1, -1])])
75.7579 	DATA 	Keypress: a
75.7653 	EXP 	rectangulo: autoDraw = False
75.7653 	EXP 	rectangulo: fillColor = '[ 1.   0.1 -1. ] (rgb)'
75.7653 	EXP 	rectangulo: lineColor = '[ 1.   0.1 -1. ] (rgb)'
75.7976 	EXP 	rectangulo: autoDraw = True
76.3857 	EXP 	New trial (rep=0, index=8): OrderedDict([('color', [-1, -1, 1])])
76.3897 	DATA 	Keypress: n
76.3973 	EXP 	rectangulo: autoDraw = False
76.3973 	EXP 	rectangulo: fillColor = '[-1. -1.  1.] (rgb)'
76.3973 	EXP 	rectangulo: lineColor = '[-1. -1.  1.] (rgb)'
76.4302 	EXP 	rectangulo: autoDraw = True
77.3507 	DATA 	Keypress: a
77.3669 	EXP 	New trial (rep=0, index=9): OrderedDict([('color', [-1, 0.04, -1])])
77.3794 	EXP 	rectangulo: autoDraw = False
77.3794 	EXP 	rectangulo: fillColor = '[-1.    0.04 -1.  ] (rgb)'
77.3794 	EXP 	rectangulo: lineColor = '[-1.    0.04 -1.  ] (rgb)'
77.4127 	EXP 	rectangulo: autoDraw = True
78.0018 	EXP 	New trial (rep=0, index=10): OrderedDict([('color', [-1, 0.04, -1])])
78.0057 	DATA 	Keypress: v
78.0134 	EXP 	rectangulo: autoDraw = False
78.0134 	EXP 	rectangulo: fillColor = '[-1.    0.04 -1.  ] (rgb)'
78.0134 	EXP 	rectangulo: lineColor = '[-1.    0.04 -1.  ] (rgb)'
78.0461 	EXP 	rectangulo: autoDraw = True
78.6189 	EXP 	New trial (rep=0, index=11): OrderedDict([('color', [1, 0.1, -1])])
78.6222 	DATA 	Keypress: v
78.6301 	EXP 	rectangulo: autoDraw = False
78.6301 	EXP 	rectangulo: fillColor = '[ 1.   0.1 -1. ] (rgb)'
78.6301 	EXP 	rectangulo: lineColor = '[ 1.   0.1 -1. ] (rgb)'
78.6630 	EXP 	rectangulo: autoDraw = True
79.2014 	DATA 	Keypress: n
79.2187 	EXP 	New trial (rep=0, index=12): OrderedDict([('color', [-1, 0.04, -1])])
79.2298 	EXP 	rectangulo: autoDraw = False
79.2298 	EXP 	rectangulo: fillColor = '[-1.    0.04 -1.  ] (rgb)'
79.2298 	EXP 	rectangulo: lineColor = '[-1.    0.04 -1.  ] (rgb)'
79.2630 	EXP 	rectangulo: autoDraw = True
79.9989 	DATA 	Keypress: v
80.0156 	EXP 	New trial (rep=0, index=13): OrderedDict([('color', [1, 0.1, -1])])
80.0282 	EXP 	rectangulo: autoDraw = False
80.0282 	EXP 	rectangulo: fillColor = '[ 1.   0.1 -1. ] (rgb)'
80.0282 	EXP 	rectangulo: lineColor = '[ 1.   0.1 -1. ] (rgb)'
80.0614 	EXP 	rectangulo: autoDraw = True
80.6679 	EXP 	New trial (rep=0, index=14): OrderedDict([('color', [1, 0.1, -1])])
80.6713 	DATA 	Keypress: n
80.6793 	EXP 	rectangulo: autoDraw = False
80.6793 	EXP 	rectangulo: fillColor = '[ 1.   0.1 -1. ] (rgb)'
80.6793 	EXP 	rectangulo: lineColor = '[ 1.   0.1 -1. ] (rgb)'
80.7118 	EXP 	rectangulo: autoDraw = True
81.3669 	EXP 	New trial (rep=0, index=15): OrderedDict([('color', [1, 0.1, -1])])
81.3694 	DATA 	Keypress: n
81.3781 	EXP 	rectangulo: autoDraw = False
81.3781 	EXP 	rectangulo: fillColor = '[ 1.   0.1 -1. ] (rgb)'
81.3781 	EXP 	rectangulo: lineColor = '[ 1.   0.1 -1. ] (rgb)'
81.4113 	EXP 	rectangulo: autoDraw = True
82.1349 	EXP 	New trial (rep=0, index=16): OrderedDict([('color', [-1, 0.04, -1])])
82.1391 	DATA 	Keypress: n
82.1466 	EXP 	rectangulo: autoDraw = False
82.1466 	EXP 	rectangulo: fillColor = '[-1.    0.04 -1.  ] (rgb)'
82.1466 	EXP 	rectangulo: lineColor = '[-1.    0.04 -1.  ] (rgb)'
82.1782 	EXP 	rectangulo: autoDraw = True
83.3990 	DATA 	Keypress: v
83.4165 	EXP 	New trial (rep=0, index=17): OrderedDict([('color', [-1, -1, 1])])
83.4279 	EXP 	rectangulo: autoDraw = False
83.4279 	EXP 	rectangulo: fillColor = '[-1. -1.  1.] (rgb)'
83.4279 	EXP 	rectangulo: lineColor = '[-1. -1.  1.] (rgb)'
83.4611 	EXP 	rectangulo: autoDraw = True
84.1016 	EXP 	New trial (rep=0, index=18): OrderedDict([('color', [1, 0.1, -1])])
84.1052 	DATA 	Keypress: a
84.1128 	EXP 	rectangulo: autoDraw = False
84.1128 	EXP 	rectangulo: fillColor = '[ 1.   0.1 -1. ] (rgb)'
84.1128 	EXP 	rectangulo: lineColor = '[ 1.   0.1 -1. ] (rgb)'
84.1450 	EXP 	rectangulo: autoDraw = True
84.7805 	EXP 	New trial (rep=0, index=19): OrderedDict([('color', [-1, -1, 1])])
84.7832 	DATA 	Keypress: n
84.7930 	EXP 	rectangulo: autoDraw = False
84.7930 	EXP 	rectangulo: fillColor = '[-1. -1.  1.] (rgb)'
84.7930 	EXP 	rectangulo: lineColor = '[-1. -1.  1.] (rgb)'
84.8262 	EXP 	rectangulo: autoDraw = True
85.4979 	EXP 	New trial (rep=0, index=20): OrderedDict([('color', [-1, -1, 1])])
85.5009 	DATA 	Keypress: a
85.5097 	EXP 	rectangulo: autoDraw = False
85.5097 	EXP 	rectangulo: fillColor = '[-1. -1.  1.] (rgb)'
85.5097 	EXP 	rectangulo: lineColor = '[-1. -1.  1.] (rgb)'
85.5433 	EXP 	rectangulo: autoDraw = True
86.1630 	EXP 	New trial (rep=0, index=21): OrderedDict([('color', [-1, 0.04, -1])])
86.1657 	DATA 	Keypress: a
86.1758 	EXP 	rectangulo: autoDraw = False
86.1758 	EXP 	rectangulo: fillColor = '[-1.    0.04 -1.  ] (rgb)'
86.1758 	EXP 	rectangulo: lineColor = '[-1.    0.04 -1.  ] (rgb)'
86.2089 	EXP 	rectangulo: autoDraw = True
86.8794 	EXP 	New trial (rep=0, index=22): OrderedDict([('color', [-1, 0.04, -1])])
86.8821 	DATA 	Keypress: v
86.8922 	EXP 	rectangulo: autoDraw = False
86.8922 	EXP 	rectangulo: fillColor = '[-1.    0.04 -1.  ] (rgb)'
86.8922 	EXP 	rectangulo: lineColor = '[-1.    0.04 -1.  ] (rgb)'
86.9259 	EXP 	rectangulo: autoDraw = True
87.5298 	EXP 	New trial (rep=0, index=23): OrderedDict([('color', [1, 0.1, -1])])
87.5327 	DATA 	Keypress: v
87.5420 	EXP 	rectangulo: autoDraw = False
87.5420 	EXP 	rectangulo: fillColor = '[ 1.   0.1 -1. ] (rgb)'
87.5420 	EXP 	rectangulo: lineColor = '[ 1.   0.1 -1. ] (rgb)'
87.5758 	EXP 	rectangulo: autoDraw = True
88.1486 	EXP 	New trial (rep=0, index=24): OrderedDict([('color', [-1, -1, 1])])
88.1520 	DATA 	Keypress: n
88.1597 	EXP 	rectangulo: autoDraw = False
88.1597 	EXP 	rectangulo: fillColor = '[-1. -1.  1.] (rgb)'
88.1597 	EXP 	rectangulo: lineColor = '[-1. -1.  1.] (rgb)'
88.1938 	EXP 	rectangulo: autoDraw = True
88.9973 	EXP 	New trial (rep=0, index=25): OrderedDict([('color', [1, 0.1, -1])])
88.9999 	DATA 	Keypress: a
89.0087 	EXP 	rectangulo: autoDraw = False
89.0087 	EXP 	rectangulo: fillColor = '[ 1.   0.1 -1. ] (rgb)'
89.0087 	EXP 	rectangulo: lineColor = '[ 1.   0.1 -1. ] (rgb)'
89.0417 	EXP 	rectangulo: autoDraw = True
89.9123 	DATA 	Keypress: n
89.9286 	EXP 	New trial (rep=0, index=26): OrderedDict([('color', [-1, -1, 1])])
89.9415 	EXP 	rectangulo: autoDraw = False
89.9415 	EXP 	rectangulo: fillColor = '[-1. -1.  1.] (rgb)'
89.9415 	EXP 	rectangulo: lineColor = '[-1. -1.  1.] (rgb)'
89.9747 	EXP 	rectangulo: autoDraw = True
90.8665 	EXP 	New trial (rep=0, index=27): OrderedDict([('color', [-1, -1, 1])])
90.8705 	DATA 	Keypress: a
90.8773 	EXP 	rectangulo: autoDraw = False
90.8773 	EXP 	rectangulo: fillColor = '[-1. -1.  1.] (rgb)'
90.8773 	EXP 	rectangulo: lineColor = '[-1. -1.  1.] (rgb)'
90.9089 	EXP 	rectangulo: autoDraw = True
91.5450 	EXP 	New trial (rep=0, index=28): OrderedDict([('color', [-1, 0.04, -1])])
91.5479 	DATA 	Keypress: a
91.5576 	EXP 	rectangulo: autoDraw = False
91.5576 	EXP 	rectangulo: fillColor = '[-1.    0.04 -1.  ] (rgb)'
91.5576 	EXP 	rectangulo: lineColor = '[-1.    0.04 -1.  ] (rgb)'
91.5913 	EXP 	rectangulo: autoDraw = True
92.1670 	DATA 	Keypress: v
92.1753 	EXP 	rectangulo: autoDraw = False
92.1753 	EXP 	text: autoDraw = True
99.9606 	DATA 	Keypress: space
99.9895 	EXP 	Imported colores3_mix.xlsx as conditions, 29 conditions, 2 params
99.9899 	EXP 	Created sequence: random, trialTypes=29, nReps=1, seed=None
99.9902 	EXP 	New trial (rep=0, index=0): OrderedDict([('color', [-1, -1, 1]), ('texto', 'naranja')])
100.0022 	EXP 	text: autoDraw = False
100.0022 	EXP 	colores2: color = '[-1. -1.  1.] (rgb)'
100.0022 	EXP 	colores2: text = 'naranja'
100.0381 	EXP 	colores2: autoDraw = True
100.6968 	EXP 	New trial (rep=0, index=1): OrderedDict([('color', [-1, 0.04, -1]), ('texto', 'azul')])
100.7067 	DATA 	Keypress: a
100.7105 	EXP 	colores2: autoDraw = False
100.7105 	EXP 	colores2: color = '[-1.    0.04 -1.  ] (rgb)'
100.7105 	EXP 	colores2: text = 'azul'
100.7539 	EXP 	colores2: autoDraw = True
101.4441 	EXP 	New trial (rep=0, index=2): OrderedDict([('color', [-1, 0.04, -1]), ('texto', 'azul')])
101.4475 	DATA 	Keypress: v
101.4556 	EXP 	colores2: autoDraw = False
101.4556 	EXP 	colores2: color = '[-1.    0.04 -1.  ] (rgb)'
101.4556 	EXP 	colores2: text = 'azul'
101.4881 	EXP 	colores2: autoDraw = True
102.1935 	EXP 	New trial (rep=0, index=3): OrderedDict([('color', [1, 0.1, -1]), ('texto', 'verde')])
102.2037 	DATA 	Keypress: v
102.2078 	EXP 	colores2: autoDraw = False
102.2078 	EXP 	colores2: color = '[ 1.   0.1 -1. ] (rgb)'
102.2078 	EXP 	colores2: text = 'verde'
102.2544 	EXP 	colores2: autoDraw = True
102.9259 	EXP 	New trial (rep=0, index=4): OrderedDict([('color', [-1, -1, 1]), ('texto', 'verde')])
102.9282 	DATA 	Keypress: n
102.9372 	EXP 	colores2: autoDraw = False
102.9372 	EXP 	colores2: color = '[-1. -1.  1.] (rgb)'
102.9372 	EXP 	colores2: text = 'verde'
102.9706 	EXP 	colores2: autoDraw = True
104.1424 	DATA 	Keypress: a
104.1585 	EXP 	New trial (rep=0, index=5): OrderedDict([('color', [1, 0.1, -1]), ('texto', 'azul')])
104.1714 	EXP 	colores2: autoDraw = False
104.1714 	EXP 	colores2: color = '[ 1.   0.1 -1. ] (rgb)'
104.1714 	EXP 	colores2: text = 'azul'
104.2031 	EXP 	colores2: autoDraw = True
105.7735 	EXP 	New trial (rep=0, index=6): OrderedDict([('color', [-1, 0.04, -1]), ('texto', 'naranja')])
105.7813 	DATA 	Keypress: n
105.7878 	EXP 	colores2: autoDraw = False
105.7878 	EXP 	colores2: color = '[-1.    0.04 -1.  ] (rgb)'
105.7878 	EXP 	colores2: text = 'naranja'
105.8362 	EXP 	colores2: autoDraw = True
106.5249 	EXP 	New trial (rep=0, index=7): OrderedDict([('color', [-1, -1, 1]), ('texto', 'naranja')])
106.5277 	DATA 	Keypress: v
106.5357 	EXP 	colores2: autoDraw = False
106.5357 	EXP 	colores2: color = '[-1. -1.  1.] (rgb)'
106.5357 	EXP 	colores2: text = 'naranja'
106.5689 	EXP 	colores2: autoDraw = True
107.2741 	EXP 	New trial (rep=0, index=8): OrderedDict([('color', [-1, -1, 1]), ('texto', 'naranja')])
107.2768 	DATA 	Keypress: a
107.2856 	EXP 	colores2: autoDraw = False
107.2856 	EXP 	colores2: color = '[-1. -1.  1.] (rgb)'
107.2856 	EXP 	colores2: text = 'naranja'
107.3191 	EXP 	colores2: autoDraw = True
107.9753 	DATA 	Keypress: a
107.9918 	EXP 	New trial (rep=0, index=9): OrderedDict([('color', [1, 0.1, -1]), ('texto', 'verde')])
108.0094 	EXP 	colores2: autoDraw = False
108.0094 	EXP 	colores2: color = '[ 1.   0.1 -1. ] (rgb)'
108.0094 	EXP 	colores2: text = 'verde'
108.0519 	EXP 	colores2: autoDraw = True
108.6400 	DATA 	Keypress: n
108.6563 	EXP 	New trial (rep=0, index=10): OrderedDict([('color', [-1, 0.04, -1]), ('texto', 'naranja')])
108.6707 	EXP 	colores2: autoDraw = False
108.6707 	EXP 	colores2: color = '[-1.    0.04 -1.  ] (rgb)'
108.6707 	EXP 	colores2: text = 'naranja'
108.7190 	EXP 	colores2: autoDraw = True
109.3253 	EXP 	New trial (rep=0, index=11): OrderedDict([('color', [-1, -1, 1]), ('texto', 'verde')])
109.3401 	DATA 	Keypress: v
109.3443 	EXP 	colores2: autoDraw = False
109.3443 	EXP 	colores2: color = '[-1. -1.  1.] (rgb)'
109.3443 	EXP 	colores2: text = 'verde'
109.3845 	EXP 	colores2: autoDraw = True
110.0574 	EXP 	New trial (rep=0, index=12): OrderedDict([('color', [-1, -1, 1]), ('texto', 'verde')])
110.0598 	DATA 	Keypress: a
110.0690 	EXP 	colores2: autoDraw = False
110.0690 	EXP 	colores2: color = '[-1. -1.  1.] (rgb)'
110.0690 	EXP 	colores2: text = 'verde'
110.1019 	EXP 	colores2: autoDraw = True
110.6555 	EXP 	New trial (rep=0, index=13): OrderedDict([('color', [1, 0.1, -1]), ('texto', 'azul')])
110.6612 	DATA 	Keypress: a
110.6681 	EXP 	colores2: autoDraw = False
110.6681 	EXP 	colores2: color = '[ 1.   0.1 -1. ] (rgb)'
110.6681 	EXP 	colores2: text = 'azul'
110.7013 	EXP 	colores2: autoDraw = True
111.3559 	EXP 	New trial (rep=0, index=14): OrderedDict([('color', [1, 0.1, -1]), ('texto', 'verde')])
111.3631 	DATA 	Keypress: n
111.3814 	EXP 	colores2: autoDraw = False
111.3814 	EXP 	colores2: color = '[ 1.   0.1 -1. ] (rgb)'
111.3814 	EXP 	colores2: text = 'verde'
111.4183 	EXP 	colores2: autoDraw = True
111.9893 	EXP 	New trial (rep=0, index=15): OrderedDict([('color', [-1, 0.04, -1]), ('texto', 'naranja')])
112.0030 	DATA 	Keypress: n
112.0078 	EXP 	colores2: autoDraw = False
112.0078 	EXP 	colores2: color = '[-1.    0.04 -1.  ] (rgb)'
112.0078 	EXP 	colores2: text = 'naranja'
112.0675 	EXP 	colores2: autoDraw = True
112.7066 	EXP 	New trial (rep=0, index=16): OrderedDict([('color', [-1, 0.04, -1]), ('texto', 'naranja')])
112.7098 	DATA 	Keypress: v
112.7187 	EXP 	colores2: autoDraw = False
112.7187 	EXP 	colores2: color = '[-1.    0.04 -1.  ] (rgb)'
112.7187 	EXP 	colores2: text = 'naranja'
112.7517 	EXP 	colores2: autoDraw = True
113.2732 	EXP 	New trial (rep=0, index=17): OrderedDict([('color', [-1, 0.04, -1]), ('texto', 'azul')])
113.2820 	DATA 	Keypress: v
113.2861 	EXP 	colores2: autoDraw = False
113.2861 	EXP 	colores2: color = '[-1.    0.04 -1.  ] (rgb)'
113.2861 	EXP 	colores2: text = 'azul'
113.3335 	EXP 	colores2: autoDraw = True
114.0046 	EXP 	New trial (rep=0, index=18): OrderedDict([('color', [-1, 0.04, -1]), ('texto', 'naranja')])
114.0153 	DATA 	Keypress: v
114.0194 	EXP 	colores2: autoDraw = False
114.0194 	EXP 	colores2: color = '[-1.    0.04 -1.  ] (rgb)'
114.0194 	EXP 	colores2: text = 'naranja'
114.0668 	EXP 	colores2: autoDraw = True
114.6223 	EXP 	New trial (rep=0, index=19): OrderedDict([('color', [1, 0.1, -1]), ('texto', 'verde')])
114.6335 	DATA 	Keypress: v
114.6380 	EXP 	colores2: autoDraw = False
114.6380 	EXP 	colores2: color = '[ 1.   0.1 -1. ] (rgb)'
114.6380 	EXP 	colores2: text = 'verde'
114.6835 	EXP 	colores2: autoDraw = True
115.2550 	EXP 	New trial (rep=0, index=20): OrderedDict([('color', [-1, 0.04, -1]), ('texto', 'azul')])
115.2608 	DATA 	Keypress: n
115.2681 	EXP 	colores2: autoDraw = False
115.2681 	EXP 	colores2: color = '[-1.    0.04 -1.  ] (rgb)'
115.2681 	EXP 	colores2: text = 'azul'
115.3159 	EXP 	colores2: autoDraw = True
115.8368 	EXP 	New trial (rep=0, index=21): OrderedDict([('color', [1, 0.1, -1]), ('texto', 'azul')])
115.8390 	DATA 	Keypress: v
115.8496 	EXP 	colores2: autoDraw = False
115.8496 	EXP 	colores2: color = '[ 1.   0.1 -1. ] (rgb)'
115.8496 	EXP 	colores2: text = 'azul'
115.8827 	EXP 	colores2: autoDraw = True
116.7727 	EXP 	New trial (rep=0, index=22): OrderedDict([('color', [-1, 0.04, -1]), ('texto', 'azul')])
116.7758 	DATA 	Keypress: n
116.7839 	EXP 	colores2: autoDraw = False
116.7839 	EXP 	colores2: color = '[-1.    0.04 -1.  ] (rgb)'
116.7839 	EXP 	colores2: text = 'azul'
116.8162 	EXP 	colores2: autoDraw = True
117.5361 	EXP 	New trial (rep=0, index=23): OrderedDict([('color', [1, 0.1, -1]), ('texto', 'azul')])
117.5388 	DATA 	Keypress: v
117.5485 	EXP 	colores2: autoDraw = False
117.5485 	EXP 	colores2: color = '[ 1.   0.1 -1. ] (rgb)'
117.5485 	EXP 	colores2: text = 'azul'
117.5821 	EXP 	colores2: autoDraw = True
118.2208 	EXP 	New trial (rep=0, index=24): OrderedDict([('color', [1, 0.1, -1]), ('texto', 'verde')])
118.2269 	DATA 	Keypress: n
118.2333 	EXP 	colores2: autoDraw = False
118.2333 	EXP 	colores2: color = '[ 1.   0.1 -1. ] (rgb)'
118.2333 	EXP 	colores2: text = 'verde'
118.2817 	EXP 	colores2: autoDraw = True
118.8543 	DATA 	Keypress: n
118.8704 	EXP 	New trial (rep=0, index=25): OrderedDict([('color', [-1, -1, 1]), ('texto', 'naranja')])
118.8877 	EXP 	colores2: autoDraw = False
118.8877 	EXP 	colores2: color = '[-1. -1.  1.] (rgb)'
118.8877 	EXP 	colores2: text = 'naranja'
118.9324 	EXP 	colores2: autoDraw = True
119.5523 	EXP 	New trial (rep=0, index=26): OrderedDict([('color', [1, 0.1, -1]), ('texto', 'azul')])
119.5580 	DATA 	Keypress: a
119.5650 	EXP 	colores2: autoDraw = False
119.5650 	EXP 	colores2: color = '[ 1.   0.1 -1. ] (rgb)'
119.5650 	EXP 	colores2: text = 'azul'
119.5981 	EXP 	colores2: autoDraw = True
120.6868 	DATA 	Keypress: n
120.7032 	EXP 	New trial (rep=0, index=27): OrderedDict([('color', [-1, -1, 1]), ('texto', 'verde')])
120.7182 	EXP 	colores2: autoDraw = False
120.7182 	EXP 	colores2: color = '[-1. -1.  1.] (rgb)'
120.7182 	EXP 	colores2: text = 'verde'
120.7648 	EXP 	colores2: autoDraw = True
121.6847 	EXP 	New trial (rep=0, index=28): OrderedDict([('color', [-1, -1, 1]), ('texto', 'naranja')])
121.6916 	DATA 	Keypress: a
121.6985 	EXP 	colores2: autoDraw = False
121.6985 	EXP 	colores2: color = '[-1. -1.  1.] (rgb)'
121.6985 	EXP 	colores2: text = 'naranja'
121.7306 	EXP 	colores2: autoDraw = True
122.2866 	DATA 	Keypress: a
122.3138 	EXP 	colores2: autoDraw = False
122.3138 	EXP 	despedida: autoDraw = True
125.3140 	EXP 	despedida: autoDraw = False
125.3140 	EXP 	despedida: autoDraw = False
125.4318 	EXP 	window1: mouseVisible = True
