5.7154 	WARNING 	User requested fullscreen with size [1024  768], but screen is actually [1920, 1080]. Using actual size
6.9887 	EXP 	Created window1 = Window(allowGUI=False, allowStencil=False, args=UNKNOWN, autoLog=True, bitsMode=UNKNOWN, blendMode='avg', color=array([0., 0., 0.]), colorSpace='rgb', fullscr=<method-wrapper '__getattribute__' of attributeSetter object at 0x0000022E01093F28>, gamma=None, gammaErrorPolicy='raise', kwargs=UNKNOWN, lms=UNKNOWN, monitor=<psychopy.monitors.calibTools.Monitor object at 0x0000022E0213C198>, multiSample=False, name='window1', numSamples=2, pos=[0.0, 0.0], screen=0, size=array([1920, 1080]), stereo=False, units='height', useFBO=True, useRetina=False, viewOri=0.0, viewPos=None, viewScale=None, waitBlanking=True, winType='pyglet')
6.9888 	EXP 	window1: recordFrameIntervals = False
7.1528 	EXP 	window1: recordFrameIntervals = True
7.3370 	EXP 	window1: recordFrameIntervals = False
7.6761 	EXP 	Created colores1 = TextStim(__class__=<class 'psychopy.visual.text.TextStim'>, alignHoriz='center', alignVert='center', antialias=True, autoLog=True, bold=False, color='black', colorSpace='named', contrast=1.0, depth=0.0, flipHoriz=False, flipVert=False, font='Arial', fontFiles=[], height=0.1, italic=False, languageStyle='LTR', name='colores1', opacity=1.0, ori=0, pos=array([0., 0.]), rgb=array([0., 0., 0.]), text='default text', units='height', win=Window(...), wrapWidth=1)
7.6786 	EXP 	Created rectangulo = Rect(__class__=<class 'psychopy.visual.rect.Rect'>, autoDraw=False, autoLog=True, closeShape=True, color=method-wrapper(...), colorSpace=None, contrast=1.0, depth=0.0, fillColor=array([1., 1., 1.]), fillColorSpace='rgb', fillRGB=array([1., 1., 1.]), interpolate=True, lineColor=array([1., 1., 1.]), lineColorSpace='rgb', lineRGB=array([1., 1., 1.]), lineWidth=1, name='rectangulo', opacity=1.0, ori=array(0.), pos=array([0., 0.]), size=array([1., 1.]), units='height', vertices=ndarray(...), win=Window(...))
7.6825 	EXP 	Created colores2 = TextStim(__class__=<class 'psychopy.visual.text.TextStim'>, alignHoriz='center', alignVert='center', antialias=True, autoLog=True, bold=False, color='white', colorSpace='named', contrast=1.0, depth=0.0, flipHoriz=False, flipVert=False, font='Arial', fontFiles=[], height=0.1, italic=False, languageStyle='LTR', name='colores2', opacity=1.0, ori=0, pos=array([0., 0.]), rgb=array([255., 255., 255.]), text='default text', units='height', win=Window(...), wrapWidth=1)
7.7112 	EXP 	Imported colores1_negro.xlsx as conditions, 29 conditions, 1 params
7.7115 	EXP 	Created sequence: random, trialTypes=29, nReps=1, seed=None
7.7118 	EXP 	New trial (rep=0, index=0): OrderedDict([('texto', 'verde')])
7.7566 	EXP 	colores1: text = 'verde'
7.7566 	EXP 	colores1: autoDraw = True
9.2924 	EXP 	New trial (rep=0, index=1): OrderedDict([('texto', 'naranja')])
9.3183 	DATA 	Keypress: v
9.3209 	EXP 	colores1: autoDraw = False
9.3209 	EXP 	colores1: text = 'naranja'
9.3209 	EXP 	colores1: autoDraw = True
9.7895 	EXP 	New trial (rep=0, index=2): OrderedDict([('texto', 'azul')])
9.7985 	DATA 	Keypress: v
9.8018 	EXP 	colores1: autoDraw = False
9.8018 	EXP 	colores1: text = 'azul'
9.8018 	EXP 	colores1: autoDraw = True
10.3745 	EXP 	New trial (rep=0, index=3): OrderedDict([('texto', 'naranja')])
10.3872 	DATA 	Keypress: v
10.3899 	EXP 	colores1: autoDraw = False
10.3899 	EXP 	colores1: text = 'naranja'
10.3899 	EXP 	colores1: autoDraw = True
10.9240 	EXP 	New trial (rep=0, index=4): OrderedDict([('texto', 'naranja')])
10.9270 	DATA 	Keypress: v
10.9352 	EXP 	colores1: autoDraw = False
10.9352 	EXP 	colores1: text = 'naranja'
10.9352 	EXP 	colores1: autoDraw = True
11.4910 	EXP 	New trial (rep=0, index=5): OrderedDict([('texto', 'azul')])
11.5047 	DATA 	Keypress: v
11.5075 	EXP 	colores1: autoDraw = False
11.5075 	EXP 	colores1: text = 'azul'
11.5075 	EXP 	colores1: autoDraw = True
12.0253 	EXP 	New trial (rep=0, index=6): OrderedDict([('texto', 'verde')])
12.0434 	DATA 	Keypress: v
12.0461 	EXP 	colores1: autoDraw = False
12.0461 	EXP 	colores1: text = 'verde'
12.0461 	EXP 	colores1: autoDraw = True
12.5419 	DATA 	Keypress: v
12.5589 	EXP 	New trial (rep=0, index=7): OrderedDict([('texto', 'naranja')])
12.5795 	EXP 	colores1: autoDraw = False
12.5795 	EXP 	colores1: text = 'naranja'
12.5795 	EXP 	colores1: autoDraw = True
12.9767 	DATA 	Keypress: v
12.9923 	EXP 	New trial (rep=0, index=8): OrderedDict([('texto', 'naranja')])
13.0013 	EXP 	colores1: autoDraw = False
13.0013 	EXP 	colores1: text = 'naranja'
13.0013 	EXP 	colores1: autoDraw = True
13.5240 	DATA 	Keypress: v
13.5401 	EXP 	New trial (rep=0, index=9): OrderedDict([('texto', 'verde')])
13.5581 	EXP 	colores1: autoDraw = False
13.5581 	EXP 	colores1: text = 'verde'
13.5581 	EXP 	colores1: autoDraw = True
13.9580 	EXP 	New trial (rep=0, index=10): OrderedDict([('texto', 'azul')])
13.9744 	DATA 	Keypress: v
13.9772 	EXP 	colores1: autoDraw = False
13.9772 	EXP 	colores1: text = 'azul'
13.9772 	EXP 	colores1: autoDraw = True
14.3748 	EXP 	New trial (rep=0, index=11): OrderedDict([('texto', 'verde')])
14.3906 	DATA 	Keypress: v
14.3932 	EXP 	colores1: autoDraw = False
14.3932 	EXP 	colores1: text = 'verde'
14.3932 	EXP 	colores1: autoDraw = True
14.7575 	DATA 	Keypress: v
14.7743 	EXP 	New trial (rep=0, index=12): OrderedDict([('texto', 'azul')])
14.7844 	EXP 	colores1: autoDraw = False
14.7844 	EXP 	colores1: text = 'azul'
14.7844 	EXP 	colores1: autoDraw = True
15.2059 	EXP 	New trial (rep=0, index=13): OrderedDict([('texto', 'naranja')])
15.2183 	DATA 	Keypress: v
15.2208 	EXP 	colores1: autoDraw = False
15.2208 	EXP 	colores1: text = 'naranja'
15.2208 	EXP 	colores1: autoDraw = True
15.5908 	EXP 	New trial (rep=0, index=14): OrderedDict([('texto', 'naranja')])
15.5960 	DATA 	Keypress: v
15.6002 	EXP 	colores1: autoDraw = False
15.6002 	EXP 	colores1: text = 'naranja'
15.6002 	EXP 	colores1: autoDraw = True
16.1213 	DATA 	Keypress: v
16.1415 	EXP 	New trial (rep=0, index=15): OrderedDict([('texto', 'verde')])
16.1643 	EXP 	colores1: autoDraw = False
16.1643 	EXP 	colores1: text = 'verde'
16.1643 	EXP 	colores1: autoDraw = True
16.5375 	EXP 	New trial (rep=0, index=16): OrderedDict([('texto', 'naranja')])
16.5488 	DATA 	Keypress: v
16.5515 	EXP 	colores1: autoDraw = False
16.5515 	EXP 	colores1: text = 'naranja'
16.5515 	EXP 	colores1: autoDraw = True
16.9038 	EXP 	New trial (rep=0, index=17): OrderedDict([('texto', 'azul')])
16.9109 	DATA 	Keypress: v
16.9161 	EXP 	colores1: autoDraw = False
16.9161 	EXP 	colores1: text = 'azul'
16.9161 	EXP 	colores1: autoDraw = True
17.3198 	EXP 	New trial (rep=0, index=18): OrderedDict([('texto', 'naranja')])
17.3280 	DATA 	Keypress: v
17.3328 	EXP 	colores1: autoDraw = False
17.3328 	EXP 	colores1: text = 'naranja'
17.3328 	EXP 	colores1: autoDraw = True
17.6900 	DATA 	Keypress: v
17.7064 	EXP 	New trial (rep=0, index=19): OrderedDict([('texto', 'azul')])
17.7229 	EXP 	colores1: autoDraw = False
17.7229 	EXP 	colores1: text = 'azul'
17.7229 	EXP 	colores1: autoDraw = True
18.0904 	DATA 	Keypress: v
18.1072 	EXP 	New trial (rep=0, index=20): OrderedDict([('texto', 'naranja')])
18.1283 	EXP 	colores1: autoDraw = False
18.1283 	EXP 	colores1: text = 'naranja'
18.1283 	EXP 	colores1: autoDraw = True
18.4727 	EXP 	New trial (rep=0, index=21): OrderedDict([('texto', 'verde')])
18.4971 	DATA 	Keypress: v
18.5005 	EXP 	colores1: autoDraw = False
18.5005 	EXP 	colores1: text = 'verde'
18.5005 	EXP 	colores1: autoDraw = True
18.8540 	EXP 	New trial (rep=0, index=22): OrderedDict([('texto', 'verde')])
18.8571 	DATA 	Keypress: v
18.8655 	EXP 	colores1: autoDraw = False
18.8655 	EXP 	colores1: text = 'verde'
18.8655 	EXP 	colores1: autoDraw = True
19.2702 	EXP 	New trial (rep=0, index=23): OrderedDict([('texto', 'azul')])
19.2783 	DATA 	Keypress: v
19.2818 	EXP 	colores1: autoDraw = False
19.2818 	EXP 	colores1: text = 'azul'
19.2818 	EXP 	colores1: autoDraw = True
19.6727 	EXP 	New trial (rep=0, index=24): OrderedDict([('texto', 'verde')])
19.6909 	DATA 	Keypress: v
19.6936 	EXP 	colores1: autoDraw = False
19.6936 	EXP 	colores1: text = 'verde'
19.6936 	EXP 	colores1: autoDraw = True
20.0863 	EXP 	New trial (rep=0, index=25): OrderedDict([('texto', 'verde')])
20.0893 	DATA 	Keypress: v
20.0984 	EXP 	colores1: autoDraw = False
20.0984 	EXP 	colores1: text = 'verde'
20.0984 	EXP 	colores1: autoDraw = True
20.5068 	DATA 	Keypress: v
20.5227 	EXP 	New trial (rep=0, index=26): OrderedDict([('texto', 'azul')])
20.5400 	EXP 	colores1: autoDraw = False
20.5400 	EXP 	colores1: text = 'azul'
20.5400 	EXP 	colores1: autoDraw = True
20.9381 	DATA 	Keypress: v
20.9552 	EXP 	New trial (rep=0, index=27): OrderedDict([('texto', 'azul')])
20.9650 	EXP 	colores1: autoDraw = False
20.9650 	EXP 	colores1: text = 'azul'
20.9650 	EXP 	colores1: autoDraw = True
21.3721 	EXP 	New trial (rep=0, index=28): OrderedDict([('texto', 'verde')])
21.3895 	DATA 	Keypress: v
21.3922 	EXP 	colores1: autoDraw = False
21.3922 	EXP 	colores1: text = 'verde'
21.3922 	EXP 	colores1: autoDraw = True
21.8095 	EXP 	Imported colores2_rectangulos.xlsx as conditions, 29 conditions, 1 params
21.8098 	EXP 	Created sequence: random, trialTypes=29, nReps=1, seed=None
21.8101 	EXP 	New trial (rep=0, index=0): OrderedDict([('color', [-1, -1, 1])])
21.8131 	DATA 	Keypress: v
21.8162 	EXP 	colores1: autoDraw = False
21.8162 	EXP 	rectangulo: fillColor = '[-1. -1.  1.] (rgb)'
21.8162 	EXP 	rectangulo: lineColor = '[-1. -1.  1.] (rgb)'
21.8162 	EXP 	rectangulo: autoDraw = True
23.6342 	DATA 	Keypress: v
23.6527 	EXP 	New trial (rep=0, index=1): OrderedDict([('color', [-1, 0.04, -1])])
23.6648 	EXP 	rectangulo: autoDraw = False
23.6648 	EXP 	rectangulo: fillColor = '[-1.    0.04 -1.  ] (rgb)'
23.6648 	EXP 	rectangulo: lineColor = '[-1.    0.04 -1.  ] (rgb)'
23.6648 	EXP 	rectangulo: autoDraw = True
24.0204 	DATA 	Keypress: v
24.0367 	EXP 	New trial (rep=0, index=2): OrderedDict([('color', [-1, 0.04, -1])])
24.0481 	EXP 	rectangulo: autoDraw = False
24.0481 	EXP 	rectangulo: fillColor = '[-1.    0.04 -1.  ] (rgb)'
24.0481 	EXP 	rectangulo: lineColor = '[-1.    0.04 -1.  ] (rgb)'
24.0481 	EXP 	rectangulo: autoDraw = True
24.4518 	EXP 	New trial (rep=0, index=3): OrderedDict([('color', [1, 0.1, -1])])
24.4547 	DATA 	Keypress: v
24.4640 	EXP 	rectangulo: autoDraw = False
24.4640 	EXP 	rectangulo: fillColor = '[ 1.   0.1 -1. ] (rgb)'
24.4640 	EXP 	rectangulo: lineColor = '[ 1.   0.1 -1. ] (rgb)'
24.4640 	EXP 	rectangulo: autoDraw = True
24.8687 	EXP 	New trial (rep=0, index=4): OrderedDict([('color', [1, 0.1, -1])])
24.8718 	DATA 	Keypress: v
24.8809 	EXP 	rectangulo: autoDraw = False
24.8809 	EXP 	rectangulo: fillColor = '[ 1.   0.1 -1. ] (rgb)'
24.8809 	EXP 	rectangulo: lineColor = '[ 1.   0.1 -1. ] (rgb)'
24.8809 	EXP 	rectangulo: autoDraw = True
25.3036 	EXP 	New trial (rep=0, index=5): OrderedDict([('color', [1, 0.1, -1])])
25.3088 	DATA 	Keypress: v
25.3142 	EXP 	rectangulo: autoDraw = False
25.3142 	EXP 	rectangulo: fillColor = '[ 1.   0.1 -1. ] (rgb)'
25.3142 	EXP 	rectangulo: lineColor = '[ 1.   0.1 -1. ] (rgb)'
25.3142 	EXP 	rectangulo: autoDraw = True
25.7181 	EXP 	New trial (rep=0, index=6): OrderedDict([('color', [-1, 0.04, -1])])
25.7207 	DATA 	Keypress: v
25.7305 	EXP 	rectangulo: autoDraw = False
25.7305 	EXP 	rectangulo: fillColor = '[-1.    0.04 -1.  ] (rgb)'
25.7305 	EXP 	rectangulo: lineColor = '[-1.    0.04 -1.  ] (rgb)'
25.7305 	EXP 	rectangulo: autoDraw = True
26.0864 	EXP 	New trial (rep=0, index=7): OrderedDict([('color', [1, 0.1, -1])])
26.0908 	DATA 	Keypress: v
26.0968 	EXP 	rectangulo: autoDraw = False
26.0968 	EXP 	rectangulo: fillColor = '[ 1.   0.1 -1. ] (rgb)'
26.0968 	EXP 	rectangulo: lineColor = '[ 1.   0.1 -1. ] (rgb)'
26.0968 	EXP 	rectangulo: autoDraw = True
26.5185 	EXP 	New trial (rep=0, index=8): OrderedDict([('color', [1, 0.1, -1])])
26.5220 	DATA 	Keypress: v
26.5304 	EXP 	rectangulo: autoDraw = False
26.5304 	EXP 	rectangulo: fillColor = '[ 1.   0.1 -1. ] (rgb)'
26.5304 	EXP 	rectangulo: lineColor = '[ 1.   0.1 -1. ] (rgb)'
26.5304 	EXP 	rectangulo: autoDraw = True
26.9376 	EXP 	New trial (rep=0, index=9): OrderedDict([('color', [-1, -1, 1])])
26.9433 	DATA 	Keypress: v
26.9469 	EXP 	rectangulo: autoDraw = False
26.9469 	EXP 	rectangulo: fillColor = '[-1. -1.  1.] (rgb)'
26.9469 	EXP 	rectangulo: lineColor = '[-1. -1.  1.] (rgb)'
26.9469 	EXP 	rectangulo: autoDraw = True
27.3861 	EXP 	New trial (rep=0, index=10): OrderedDict([('color', [-1, -1, 1])])
27.3905 	DATA 	Keypress: v
27.3965 	EXP 	rectangulo: autoDraw = False
27.3965 	EXP 	rectangulo: fillColor = '[-1. -1.  1.] (rgb)'
27.3965 	EXP 	rectangulo: lineColor = '[-1. -1.  1.] (rgb)'
27.3965 	EXP 	rectangulo: autoDraw = True
27.8194 	EXP 	New trial (rep=0, index=11): OrderedDict([('color', [-1, 0.04, -1])])
27.8253 	DATA 	Keypress: v
27.8297 	EXP 	rectangulo: autoDraw = False
27.8297 	EXP 	rectangulo: fillColor = '[-1.    0.04 -1.  ] (rgb)'
27.8297 	EXP 	rectangulo: lineColor = '[-1.    0.04 -1.  ] (rgb)'
27.8297 	EXP 	rectangulo: autoDraw = True
28.2370 	EXP 	New trial (rep=0, index=12): OrderedDict([('color', [-1, 0.04, -1])])
28.2429 	DATA 	Keypress: v
28.2466 	EXP 	rectangulo: autoDraw = False
28.2466 	EXP 	rectangulo: fillColor = '[-1.    0.04 -1.  ] (rgb)'
28.2466 	EXP 	rectangulo: lineColor = '[-1.    0.04 -1.  ] (rgb)'
28.2466 	EXP 	rectangulo: autoDraw = True
28.7517 	EXP 	New trial (rep=0, index=13): OrderedDict([('color', [-1, -1, 1])])
28.7552 	DATA 	Keypress: v
28.7630 	EXP 	rectangulo: autoDraw = False
28.7630 	EXP 	rectangulo: fillColor = '[-1. -1.  1.] (rgb)'
28.7630 	EXP 	rectangulo: lineColor = '[-1. -1.  1.] (rgb)'
28.7630 	EXP 	rectangulo: autoDraw = True
29.2502 	EXP 	New trial (rep=0, index=14): OrderedDict([('color', [-1, -1, 1])])
29.2530 	DATA 	Keypress: v
29.2625 	EXP 	rectangulo: autoDraw = False
29.2625 	EXP 	rectangulo: fillColor = '[-1. -1.  1.] (rgb)'
29.2625 	EXP 	rectangulo: lineColor = '[-1. -1.  1.] (rgb)'
29.2625 	EXP 	rectangulo: autoDraw = True
29.7835 	EXP 	New trial (rep=0, index=15): OrderedDict([('color', [1, 0.1, -1])])
29.7867 	DATA 	Keypress: v
29.7956 	EXP 	rectangulo: autoDraw = False
29.7956 	EXP 	rectangulo: fillColor = '[ 1.   0.1 -1. ] (rgb)'
29.7956 	EXP 	rectangulo: lineColor = '[ 1.   0.1 -1. ] (rgb)'
29.7956 	EXP 	rectangulo: autoDraw = True
30.3018 	DATA 	Keypress: v
30.3187 	EXP 	New trial (rep=0, index=16): OrderedDict([('color', [-1, 0.04, -1])])
30.3288 	EXP 	rectangulo: autoDraw = False
30.3288 	EXP 	rectangulo: fillColor = '[-1.    0.04 -1.  ] (rgb)'
30.3288 	EXP 	rectangulo: lineColor = '[-1.    0.04 -1.  ] (rgb)'
30.3288 	EXP 	rectangulo: autoDraw = True
31.0508 	EXP 	New trial (rep=0, index=17): OrderedDict([('color', [-1, -1, 1])])
31.0545 	DATA 	Keypress: v
31.0620 	EXP 	rectangulo: autoDraw = False
31.0620 	EXP 	rectangulo: fillColor = '[-1. -1.  1.] (rgb)'
31.0620 	EXP 	rectangulo: lineColor = '[-1. -1.  1.] (rgb)'
31.0620 	EXP 	rectangulo: autoDraw = True
31.5692 	EXP 	New trial (rep=0, index=18): OrderedDict([('color', [-1, -1, 1])])
31.5743 	DATA 	Keypress: v
31.5785 	EXP 	rectangulo: autoDraw = False
31.5785 	EXP 	rectangulo: fillColor = '[-1. -1.  1.] (rgb)'
31.5785 	EXP 	rectangulo: lineColor = '[-1. -1.  1.] (rgb)'
31.5785 	EXP 	rectangulo: autoDraw = True
32.0821 	DATA 	Keypress: v
32.0985 	EXP 	New trial (rep=0, index=19): OrderedDict([('color', [-1, -1, 1])])
32.1117 	EXP 	rectangulo: autoDraw = False
32.1117 	EXP 	rectangulo: fillColor = '[-1. -1.  1.] (rgb)'
32.1117 	EXP 	rectangulo: lineColor = '[-1. -1.  1.] (rgb)'
32.1117 	EXP 	rectangulo: autoDraw = True
32.6324 	EXP 	New trial (rep=0, index=20): OrderedDict([('color', [-1, 0.04, -1])])
32.6348 	DATA 	Keypress: v
32.6451 	EXP 	rectangulo: autoDraw = False
32.6451 	EXP 	rectangulo: fillColor = '[-1.    0.04 -1.  ] (rgb)'
32.6451 	EXP 	rectangulo: lineColor = '[-1.    0.04 -1.  ] (rgb)'
32.6451 	EXP 	rectangulo: autoDraw = True
33.1528 	EXP 	New trial (rep=0, index=21): OrderedDict([('color', [1, 0.1, -1])])
33.1590 	DATA 	Keypress: v
33.1628 	EXP 	rectangulo: autoDraw = False
33.1628 	EXP 	rectangulo: fillColor = '[ 1.   0.1 -1. ] (rgb)'
33.1628 	EXP 	rectangulo: lineColor = '[ 1.   0.1 -1. ] (rgb)'
33.1628 	EXP 	rectangulo: autoDraw = True
33.6186 	EXP 	New trial (rep=0, index=22): OrderedDict([('color', [-1, 0.04, -1])])
33.6250 	DATA 	Keypress: v
33.6287 	EXP 	rectangulo: autoDraw = False
33.6287 	EXP 	rectangulo: fillColor = '[-1.    0.04 -1.  ] (rgb)'
33.6287 	EXP 	rectangulo: lineColor = '[-1.    0.04 -1.  ] (rgb)'
33.6287 	EXP 	rectangulo: autoDraw = True
34.0492 	DATA 	Keypress: v
34.0664 	EXP 	New trial (rep=0, index=23): OrderedDict([('color', [-1, -1, 1])])
34.0777 	EXP 	rectangulo: autoDraw = False
34.0777 	EXP 	rectangulo: fillColor = '[-1. -1.  1.] (rgb)'
34.0777 	EXP 	rectangulo: lineColor = '[-1. -1.  1.] (rgb)'
34.0777 	EXP 	rectangulo: autoDraw = True
34.5164 	DATA 	Keypress: v
34.5343 	EXP 	New trial (rep=0, index=24): OrderedDict([('color', [-1, 0.04, -1])])
34.5445 	EXP 	rectangulo: autoDraw = False
34.5445 	EXP 	rectangulo: fillColor = '[-1.    0.04 -1.  ] (rgb)'
34.5445 	EXP 	rectangulo: lineColor = '[-1.    0.04 -1.  ] (rgb)'
34.5445 	EXP 	rectangulo: autoDraw = True
34.9680 	EXP 	New trial (rep=0, index=25): OrderedDict([('color', [1, 0.1, -1])])
34.9734 	DATA 	Keypress: v
34.9774 	EXP 	rectangulo: autoDraw = False
34.9774 	EXP 	rectangulo: fillColor = '[ 1.   0.1 -1. ] (rgb)'
34.9774 	EXP 	rectangulo: lineColor = '[ 1.   0.1 -1. ] (rgb)'
34.9774 	EXP 	rectangulo: autoDraw = True
35.3499 	DATA 	Keypress: v
35.3679 	EXP 	New trial (rep=0, index=26): OrderedDict([('color', [1, 0.1, -1])])
35.3774 	EXP 	rectangulo: autoDraw = False
35.3774 	EXP 	rectangulo: fillColor = '[ 1.   0.1 -1. ] (rgb)'
35.3774 	EXP 	rectangulo: lineColor = '[ 1.   0.1 -1. ] (rgb)'
35.3774 	EXP 	rectangulo: autoDraw = True
35.8507 	EXP 	New trial (rep=0, index=27): OrderedDict([('color', [1, 0.1, -1])])
35.8568 	DATA 	Keypress: v
35.8605 	EXP 	rectangulo: autoDraw = False
35.8605 	EXP 	rectangulo: fillColor = '[ 1.   0.1 -1. ] (rgb)'
35.8605 	EXP 	rectangulo: lineColor = '[ 1.   0.1 -1. ] (rgb)'
35.8605 	EXP 	rectangulo: autoDraw = True
36.2976 	EXP 	New trial (rep=0, index=28): OrderedDict([('color', [-1, 0.04, -1])])
36.3004 	DATA 	Keypress: v
36.3100 	EXP 	rectangulo: autoDraw = False
36.3100 	EXP 	rectangulo: fillColor = '[-1.    0.04 -1.  ] (rgb)'
36.3100 	EXP 	rectangulo: lineColor = '[-1.    0.04 -1.  ] (rgb)'
36.3100 	EXP 	rectangulo: autoDraw = True
36.9872 	EXP 	Imported colores3_mix.xlsx as conditions, 29 conditions, 2 params
36.9877 	EXP 	Created sequence: random, trialTypes=29, nReps=1, seed=None
36.9882 	EXP 	New trial (rep=0, index=0): OrderedDict([('color', [-1, -1, 1]), ('texto', 'naranja')])
36.9994 	DATA 	Keypress: v
37.0023 	EXP 	rectangulo: autoDraw = False
37.0023 	EXP 	colores2: color = '[-1. -1.  1.] (rgb)'
37.0023 	EXP 	colores2: text = 'naranja'
37.0023 	EXP 	colores2: autoDraw = True
40.8498 	EXP 	New trial (rep=0, index=1): OrderedDict([('color', [1, 0.1, -1]), ('texto', 'verde')])
40.8688 	DATA 	Keypress: a
40.8720 	EXP 	colores2: autoDraw = False
40.8720 	EXP 	colores2: color = '[ 1.   0.1 -1. ] (rgb)'
40.8720 	EXP 	colores2: text = 'verde'
40.8720 	EXP 	colores2: autoDraw = True
42.5148 	EXP 	New trial (rep=0, index=2): OrderedDict([('color', [-1, -1, 1]), ('texto', 'naranja')])
42.5340 	DATA 	Keypress: n
42.5368 	EXP 	colores2: autoDraw = False
42.5368 	EXP 	colores2: color = '[-1. -1.  1.] (rgb)'
42.5368 	EXP 	colores2: text = 'naranja'
42.5368 	EXP 	colores2: autoDraw = True
43.4142 	EXP 	New trial (rep=0, index=3): OrderedDict([('color', [-1, -1, 1]), ('texto', 'verde')])
43.4294 	DATA 	Keypress: a
43.4320 	EXP 	colores2: autoDraw = False
43.4320 	EXP 	colores2: color = '[-1. -1.  1.] (rgb)'
43.4320 	EXP 	colores2: text = 'verde'
43.4320 	EXP 	colores2: autoDraw = True
44.3287 	EXP 	New trial (rep=0, index=4): OrderedDict([('color', [1, 0.1, -1]), ('texto', 'verde')])
44.3327 	DATA 	Keypress: a
44.3408 	EXP 	colores2: autoDraw = False
44.3408 	EXP 	colores2: color = '[ 1.   0.1 -1. ] (rgb)'
44.3408 	EXP 	colores2: text = 'verde'
44.3408 	EXP 	colores2: autoDraw = True
45.4311 	DATA 	Keypress: n
45.4434 	EXP 	New trial (rep=0, index=5): OrderedDict([('color', [-1, -1, 1]), ('texto', 'naranja')])
45.4565 	EXP 	colores2: autoDraw = False
45.4565 	EXP 	colores2: color = '[-1. -1.  1.] (rgb)'
45.4565 	EXP 	colores2: text = 'naranja'
45.4565 	EXP 	colores2: autoDraw = True
51.0102 	EXP 	New trial (rep=0, index=6): OrderedDict([('color', [1, 0.1, -1]), ('texto', 'azul')])
51.0215 	DATA 	Keypress: a
51.0243 	EXP 	colores2: autoDraw = False
51.0243 	EXP 	colores2: color = '[ 1.   0.1 -1. ] (rgb)'
51.0243 	EXP 	colores2: text = 'azul'
51.0243 	EXP 	colores2: autoDraw = True
52.6248 	DATA 	Keypress: n
52.6483 	EXP 	New trial (rep=0, index=7): OrderedDict([('color', [-1, -1, 1]), ('texto', 'naranja')])
52.6683 	EXP 	colores2: autoDraw = False
52.6683 	EXP 	colores2: color = '[-1. -1.  1.] (rgb)'
52.6683 	EXP 	colores2: text = 'naranja'
52.6683 	EXP 	colores2: autoDraw = True
54.9780 	EXP 	New trial (rep=0, index=8): OrderedDict([('color', [-1, 0.04, -1]), ('texto', 'azul')])
54.9952 	DATA 	Keypress: a
54.9979 	EXP 	colores2: autoDraw = False
54.9979 	EXP 	colores2: color = '[-1.    0.04 -1.  ] (rgb)'
54.9979 	EXP 	colores2: text = 'azul'
54.9979 	EXP 	colores2: autoDraw = True
56.4103 	EXP 	New trial (rep=0, index=9): OrderedDict([('color', [1, 0.1, -1]), ('texto', 'verde')])
56.4276 	DATA 	Keypress: v
56.4304 	EXP 	colores2: autoDraw = False
56.4304 	EXP 	colores2: color = '[ 1.   0.1 -1. ] (rgb)'
56.4304 	EXP 	colores2: text = 'verde'
56.4304 	EXP 	colores2: autoDraw = True
57.7934 	EXP 	New trial (rep=0, index=10): OrderedDict([('color', [-1, -1, 1]), ('texto', 'verde')])
57.7991 	DATA 	Keypress: n
57.8026 	EXP 	colores2: autoDraw = False
57.8026 	EXP 	colores2: color = '[-1. -1.  1.] (rgb)'
57.8026 	EXP 	colores2: text = 'verde'
57.8026 	EXP 	colores2: autoDraw = True
59.6558 	EXP 	New trial (rep=0, index=11): OrderedDict([('color', [1, 0.1, -1]), ('texto', 'verde')])
59.6597 	DATA 	Keypress: a
59.6688 	EXP 	colores2: autoDraw = False
59.6688 	EXP 	colores2: color = '[ 1.   0.1 -1. ] (rgb)'
59.6688 	EXP 	colores2: text = 'verde'
59.6688 	EXP 	colores2: autoDraw = True
60.8589 	EXP 	New trial (rep=0, index=12): OrderedDict([('color', [-1, -1, 1]), ('texto', 'verde')])
60.8642 	DATA 	Keypress: n
60.8682 	EXP 	colores2: autoDraw = False
60.8682 	EXP 	colores2: color = '[-1. -1.  1.] (rgb)'
60.8682 	EXP 	colores2: text = 'verde'
60.8682 	EXP 	colores2: autoDraw = True
61.6587 	EXP 	New trial (rep=0, index=13): OrderedDict([('color', [1, 0.1, -1]), ('texto', 'azul')])
61.6758 	DATA 	Keypress: a
61.6786 	EXP 	colores2: autoDraw = False
61.6786 	EXP 	colores2: color = '[ 1.   0.1 -1. ] (rgb)'
61.6786 	EXP 	colores2: text = 'azul'
61.6786 	EXP 	colores2: autoDraw = True
62.7416 	EXP 	New trial (rep=0, index=14): OrderedDict([('color', [1, 0.1, -1]), ('texto', 'azul')])
62.7470 	DATA 	Keypress: n
62.7507 	EXP 	colores2: autoDraw = False
62.7507 	EXP 	colores2: color = '[ 1.   0.1 -1. ] (rgb)'
62.7507 	EXP 	colores2: text = 'azul'
62.7507 	EXP 	colores2: autoDraw = True
64.0908 	EXP 	New trial (rep=0, index=15): OrderedDict([('color', [-1, 0.04, -1]), ('texto', 'azul')])
64.0958 	DATA 	Keypress: n
64.1006 	EXP 	colores2: autoDraw = False
64.1006 	EXP 	colores2: color = '[-1.    0.04 -1.  ] (rgb)'
64.1006 	EXP 	colores2: text = 'azul'
64.1006 	EXP 	colores2: autoDraw = True
65.2708 	EXP 	New trial (rep=0, index=16): OrderedDict([('color', [1, 0.1, -1]), ('texto', 'verde')])
65.2794 	DATA 	Keypress: v
65.2831 	EXP 	colores2: autoDraw = False
65.2831 	EXP 	colores2: color = '[ 1.   0.1 -1. ] (rgb)'
65.2831 	EXP 	colores2: text = 'verde'
65.2831 	EXP 	colores2: autoDraw = True
66.9369 	DATA 	Keypress: n
66.9547 	EXP 	New trial (rep=0, index=17): OrderedDict([('color', [-1, 0.04, -1]), ('texto', 'azul')])
66.9686 	EXP 	colores2: autoDraw = False
66.9686 	EXP 	colores2: color = '[-1.    0.04 -1.  ] (rgb)'
66.9686 	EXP 	colores2: text = 'azul'
66.9686 	EXP 	colores2: autoDraw = True
67.6215 	EXP 	New trial (rep=0, index=18): OrderedDict([('color', [-1, 0.04, -1]), ('texto', 'naranja')])
67.6427 	DATA 	Keypress: v
67.6457 	EXP 	colores2: autoDraw = False
67.6457 	EXP 	colores2: color = '[-1.    0.04 -1.  ] (rgb)'
67.6457 	EXP 	colores2: text = 'naranja'
67.6457 	EXP 	colores2: autoDraw = True
68.4363 	EXP 	New trial (rep=0, index=19): OrderedDict([('color', [-1, 0.04, -1]), ('texto', 'azul')])
68.4430 	DATA 	Keypress: v
68.4484 	EXP 	colores2: autoDraw = False
68.4484 	EXP 	colores2: color = '[-1.    0.04 -1.  ] (rgb)'
68.4484 	EXP 	colores2: text = 'azul'
68.4484 	EXP 	colores2: autoDraw = True
68.9196 	EXP 	New trial (rep=0, index=20): OrderedDict([('color', [-1, 0.04, -1]), ('texto', 'naranja')])
68.9535 	DATA 	Keypress: v
68.9561 	EXP 	colores2: autoDraw = False
68.9561 	EXP 	colores2: color = '[-1.    0.04 -1.  ] (rgb)'
68.9561 	EXP 	colores2: text = 'naranja'
68.9561 	EXP 	colores2: autoDraw = True
69.3357 	EXP 	New trial (rep=0, index=21): OrderedDict([('color', [-1, 0.04, -1]), ('texto', 'azul')])
69.3453 	DATA 	Keypress: v
69.3502 	EXP 	colores2: autoDraw = False
69.3502 	EXP 	colores2: color = '[-1.    0.04 -1.  ] (rgb)'
69.3502 	EXP 	colores2: text = 'azul'
69.3502 	EXP 	colores2: autoDraw = True
69.7424 	EXP 	New trial (rep=0, index=22): OrderedDict([('color', [-1, 0.04, -1]), ('texto', 'naranja')])
69.7595 	DATA 	Keypress: v
69.7621 	EXP 	colores2: autoDraw = False
69.7621 	EXP 	colores2: color = '[-1.    0.04 -1.  ] (rgb)'
69.7621 	EXP 	colores2: text = 'naranja'
69.7621 	EXP 	colores2: autoDraw = True
70.1704 	DATA 	Keypress: v
70.1859 	EXP 	New trial (rep=0, index=23): OrderedDict([('color', [-1, 0.04, -1]), ('texto', 'naranja')])
70.1993 	EXP 	colores2: autoDraw = False
70.1993 	EXP 	colores2: color = '[-1.    0.04 -1.  ] (rgb)'
70.1993 	EXP 	colores2: text = 'naranja'
70.1993 	EXP 	colores2: autoDraw = True
70.7592 	EXP 	New trial (rep=0, index=24): OrderedDict([('color', [1, 0.1, -1]), ('texto', 'azul')])
70.7732 	DATA 	Keypress: v
70.7758 	EXP 	colores2: autoDraw = False
70.7758 	EXP 	colores2: color = '[ 1.   0.1 -1. ] (rgb)'
70.7758 	EXP 	colores2: text = 'azul'
70.7758 	EXP 	colores2: autoDraw = True
72.1184 	EXP 	New trial (rep=0, index=25): OrderedDict([('color', [-1, 0.04, -1]), ('texto', 'naranja')])
72.1292 	DATA 	Keypress: n
72.1320 	EXP 	colores2: autoDraw = False
72.1320 	EXP 	colores2: color = '[-1.    0.04 -1.  ] (rgb)'
72.1320 	EXP 	colores2: text = 'naranja'
72.1320 	EXP 	colores2: autoDraw = True
72.6703 	EXP 	New trial (rep=0, index=26): OrderedDict([('color', [-1, -1, 1]), ('texto', 'verde')])
72.6873 	DATA 	Keypress: v
72.6901 	EXP 	colores2: autoDraw = False
72.6901 	EXP 	colores2: color = '[-1. -1.  1.] (rgb)'
72.6901 	EXP 	colores2: text = 'verde'
72.6901 	EXP 	colores2: autoDraw = True
73.3864 	DATA 	Keypress: a
73.4052 	EXP 	New trial (rep=0, index=27): OrderedDict([('color', [-1, -1, 1]), ('texto', 'naranja')])
73.4185 	EXP 	colores2: autoDraw = False
73.4185 	EXP 	colores2: color = '[-1. -1.  1.] (rgb)'
73.4185 	EXP 	colores2: text = 'naranja'
73.4185 	EXP 	colores2: autoDraw = True
74.0714 	DATA 	Keypress: a
74.0887 	EXP 	New trial (rep=0, index=28): OrderedDict([('color', [1, 0.1, -1]), ('texto', 'azul')])
74.1069 	EXP 	colores2: autoDraw = False
74.1069 	EXP 	colores2: color = '[ 1.   0.1 -1. ] (rgb)'
74.1069 	EXP 	colores2: text = 'azul'
74.1069 	EXP 	colores2: autoDraw = True
75.6342 	DATA 	Keypress: n
75.6629 	EXP 	colores2: autoDraw = False
75.8530 	EXP 	window1: mouseVisible = True
