5.7857 	WARNING 	User requested fullscreen with size [1024  768], but screen is actually [1920, 1080]. Using actual size
6.7753 	EXP 	Created window1 = Window(allowGUI=False, allowStencil=False, args=UNKNOWN, autoLog=True, bitsMode=UNKNOWN, blendMode='avg', color=array([0., 0., 0.]), colorSpace='rgb', fullscr=<method-wrapper '__getattribute__' of attributeSetter object at 0x000001EB463B99B0>, gamma=None, gammaErrorPolicy='raise', kwargs=UNKNOWN, lms=UNKNOWN, monitor=<psychopy.monitors.calibTools.Monitor object at 0x000001EB4624BC18>, multiSample=False, name='window1', numSamples=2, pos=[0.0, 0.0], screen=0, size=array([1920, 1080]), stereo=False, units='height', useFBO=True, useRetina=False, viewOri=0.0, viewPos=None, viewScale=None, waitBlanking=True, winType='pyglet')
6.7754 	EXP 	window1: recordFrameIntervals = False
6.9395 	EXP 	window1: recordFrameIntervals = True
7.1239 	EXP 	window1: recordFrameIntervals = False
7.3303 	EXP 	Created Instrucciones_texto = TextStim(__class__=<class 'psychopy.visual.text.TextStim'>, alignHoriz='center', alignVert='center', antialias=True, autoLog=True, bold=False, color='white', colorSpace='named', contrast=1.0, depth=0.0, flipHoriz=False, flipVert=False, font='Arial', fontFiles=[], height=0.05, italic=False, languageStyle='LTR', name='Instrucciones_texto', opacity=1.0, ori=0, pos=array([0., 0.]), rgb=array([255., 255., 255.]), text=str(...), units='height', win=Window(...), wrapWidth=1)
7.3508 	EXP 	Created colores1 = TextStim(__class__=<class 'psychopy.visual.text.TextStim'>, alignHoriz='center', alignVert='center', antialias=True, autoLog=True, bold=False, color='black', colorSpace='named', contrast=1.0, depth=0.0, flipHoriz=False, flipVert=False, font='Arial', fontFiles=[], height=0.1, italic=False, languageStyle='LTR', name='colores1', opacity=1.0, ori=0, pos=array([0., 0.]), rgb=array([0., 0., 0.]), text='default text', units='height', win=Window(...), wrapWidth=1)
7.3863 	EXP 	Created text_intructionses2 = TextStim(__class__=<class 'psychopy.visual.text.TextStim'>, alignHoriz='center', alignVert='center', antialias=True, autoLog=True, bold=False, color='white', colorSpace='named', contrast=1.0, depth=0.0, flipHoriz=False, flipVert=False, font='Arial', fontFiles=[], height=0.05, italic=False, languageStyle='LTR', name='text_intructionses2', opacity=1.0, ori=0, pos=array([0., 0.]), rgb=array([255., 255., 255.]), text=str(...), units='height', win=Window(...), wrapWidth=1)
7.3888 	EXP 	Created rectangulo = Rect(__class__=<class 'psychopy.visual.rect.Rect'>, autoDraw=False, autoLog=True, closeShape=True, color=method-wrapper(...), colorSpace=None, contrast=1.0, depth=0.0, fillColor=array([1., 1., 1.]), fillColorSpace='rgb', fillRGB=array([1., 1., 1.]), interpolate=True, lineColor=array([1., 1., 1.]), lineColorSpace='rgb', lineRGB=array([1., 1., 1.]), lineWidth=1, name='rectangulo', opacity=1.0, ori=array(0.), pos=array([0., 0.]), size=array([1., 1.]), units='height', vertices=ndarray(...), win=Window(...))
7.4361 	EXP 	Created text = TextStim(__class__=<class 'psychopy.visual.text.TextStim'>, alignHoriz='center', alignVert='center', antialias=True, autoLog=True, bold=False, color='white', colorSpace='named', contrast=1.0, depth=0.0, flipHoriz=False, flipVert=False, font='Arial', fontFiles=[], height=0.05, italic=False, languageStyle='LTR', name='text', opacity=1.0, ori=0, pos=array([0., 0.]), rgb=array([255., 255., 255.]), text=str(...), units='height', win=Window(...), wrapWidth=1)
7.4396 	EXP 	Created colores2 = TextStim(__class__=<class 'psychopy.visual.text.TextStim'>, alignHoriz='center', alignVert='center', antialias=True, autoLog=True, bold=False, color='white', colorSpace='named', contrast=1.0, depth=0.0, flipHoriz=False, flipVert=False, font='Arial', fontFiles=[], height=0.1, italic=False, languageStyle='LTR', name='colores2', opacity=1.0, ori=0, pos=array([0., 0.]), rgb=array([255., 255., 255.]), text='default text', units='height', win=Window(...), wrapWidth=1)
7.4514 	EXP 	Created despedida = TextStim(__class__=<class 'psychopy.visual.text.TextStim'>, alignHoriz='center', alignVert='center', antialias=True, autoLog=True, bold=False, color='white', colorSpace='named', contrast=1.0, depth=0.0, flipHoriz=False, flipVert=False, font='Arial', fontFiles=[], height=0.05, italic=False, languageStyle='LTR', name='despedida', opacity=1.0, ori=0, pos=array([0., 0.]), rgb=array([255., 255., 255.]), text='¡Muchas gracias por participar!', units='height', win=Window(...), wrapWidth=1)
7.4851 	EXP 	Instrucciones_texto: autoDraw = True
11.4439 	DATA 	Keypress: space
12.3254 	DATA 	Keypress: space
13.2574 	DATA 	Keypress: space
14.3973 	EXP 	Imported colores1_negro.xlsx as conditions, 29 conditions, 2 params
14.3977 	EXP 	Created sequence: random, trialTypes=29, nReps=1, seed=None
14.3979 	EXP 	New trial (rep=0, index=0): OrderedDict([('texto', 'azul'), ('answer', 'a')])
14.4050 	DATA 	Keypress: space
14.4076 	EXP 	Instrucciones_texto: autoDraw = False
14.4076 	EXP 	colores1: text = 'azul'
14.4538 	EXP 	colores1: autoDraw = True
15.7294 	EXP 	New trial (rep=0, index=1): OrderedDict([('texto', 'azul'), ('answer', 'a')])
15.7332 	DATA 	Keypress: n
15.7367 	EXP 	colores1: autoDraw = False
15.7367 	EXP 	colores1: text = 'azul'
15.7869 	EXP 	colores1: autoDraw = True
17.0935 	EXP 	New trial (rep=0, index=2): OrderedDict([('texto', 'azul'), ('answer', 'a')])
17.0972 	DATA 	Keypress: n
17.1032 	EXP 	colores1: autoDraw = False
17.1032 	EXP 	colores1: text = 'azul'
17.1363 	EXP 	colores1: autoDraw = True
17.7599 	DATA 	Keypress: n
17.7763 	EXP 	New trial (rep=0, index=3): OrderedDict([('texto', 'naranja'), ('answer', 'n')])
17.7945 	EXP 	colores1: autoDraw = False
17.7945 	EXP 	colores1: text = 'naranja'
17.8360 	EXP 	colores1: autoDraw = True
18.4398 	DATA 	Keypress: n
18.5717 	EXP 	window1: mouseVisible = True
