4.9199 	WARNING 	User requested fullscreen with size [1024  768], but screen is actually [1920, 1080]. Using actual size
6.1589 	EXP 	Created window1 = Window(allowGUI=False, allowStencil=False, args=UNKNOWN, autoLog=True, bitsMode=UNKNOWN, blendMode='avg', color=array([0., 0., 0.]), colorSpace='rgb', fullscr=<method-wrapper '__getattribute__' of attributeSetter object at 0x0000027F90038C50>, gamma=None, gammaErrorPolicy='raise', kwargs=UNKNOWN, lms=UNKNOWN, monitor=<psychopy.monitors.calibTools.Monitor object at 0x0000027F90109E80>, multiSample=False, name='window1', numSamples=2, pos=[0.0, 0.0], screen=0, size=array([1920, 1080]), stereo=False, units='height', useFBO=True, useRetina=False, viewOri=0.0, viewPos=None, viewScale=None, waitBlanking=True, winType='pyglet')
6.1590 	EXP 	window1: recordFrameIntervals = False
6.3236 	EXP 	window1: recordFrameIntervals = True
6.5063 	EXP 	window1: recordFrameIntervals = False
6.8107 	EXP 	Created colores1 = TextStim(__class__=<class 'psychopy.visual.text.TextStim'>, alignHoriz='center', alignVert='center', antialias=True, autoLog=True, bold=False, color='black', colorSpace='named', contrast=1.0, depth=0.0, flipHoriz=False, flipVert=False, font='Arial', fontFiles=[], height=0.1, italic=False, languageStyle='LTR', name='colores1', opacity=1.0, ori=0, pos=array([0., 0.]), rgb=array([0., 0., 0.]), text='default text', units='height', win=Window(...), wrapWidth=1)
6.8131 	EXP 	Created rectangulo = Rect(__class__=<class 'psychopy.visual.rect.Rect'>, autoDraw=False, autoLog=True, closeShape=True, color=method-wrapper(...), colorSpace=None, contrast=1.0, depth=0.0, fillColor=array([1., 1., 1.]), fillColorSpace='rgb', fillRGB=array([1., 1., 1.]), interpolate=True, lineColor=array([1., 1., 1.]), lineColorSpace='rgb', lineRGB=array([1., 1., 1.]), lineWidth=1, name='rectangulo', opacity=1.0, ori=array(0.), pos=array([0., 0.]), size=array([1., 1.]), units='height', vertices=ndarray(...), win=Window(...))
6.8412 	EXP 	Imported colores_negro.xlsx as conditions, 29 conditions, 1 params
6.8415 	EXP 	Created sequence: random, trialTypes=29, nReps=1, seed=None
6.8417 	EXP 	New trial (rep=0, index=0): OrderedDict([('nombrecolores1', 'azul')])
6.8875 	EXP 	colores1: text = 'azul'
6.8875 	EXP 	colores1: autoDraw = True
11.9131 	EXP 	New trial (rep=0, index=1): OrderedDict([('nombrecolores1', 'verde')])
11.9286 	DATA 	Keypress: a
11.9314 	EXP 	colores1: autoDraw = False
11.9314 	EXP 	colores1: text = 'verde'
11.9314 	EXP 	colores1: autoDraw = True
13.4271 	DATA 	Keypress: v
13.4455 	EXP 	New trial (rep=0, index=2): OrderedDict([('nombrecolores1', 'azul')])
13.4646 	EXP 	colores1: autoDraw = False
13.4646 	EXP 	colores1: text = 'azul'
13.4646 	EXP 	colores1: autoDraw = True
13.9578 	EXP 	New trial (rep=0, index=3): OrderedDict([('nombrecolores1', 'verde')])
13.9650 	DATA 	Keypress: a
13.9715 	EXP 	colores1: autoDraw = False
13.9715 	EXP 	colores1: text = 'verde'
13.9715 	EXP 	colores1: autoDraw = True
14.4941 	EXP 	New trial (rep=0, index=4): OrderedDict([('nombrecolores1', 'verde')])
14.4989 	DATA 	Keypress: v
14.5037 	EXP 	colores1: autoDraw = False
14.5037 	EXP 	colores1: text = 'verde'
14.5037 	EXP 	colores1: autoDraw = True
14.9090 	EXP 	New trial (rep=0, index=5): OrderedDict([('nombrecolores1', 'naranja')])
14.9329 	DATA 	Keypress: v
14.9354 	EXP 	colores1: autoDraw = False
14.9354 	EXP 	colores1: text = 'naranja'
14.9354 	EXP 	colores1: autoDraw = True
15.4772 	EXP 	New trial (rep=0, index=6): OrderedDict([('nombrecolores1', 'azul')])
15.4946 	DATA 	Keypress: n
15.4975 	EXP 	colores1: autoDraw = False
15.4975 	EXP 	colores1: text = 'azul'
15.4975 	EXP 	colores1: autoDraw = True
15.9771 	EXP 	New trial (rep=0, index=7): OrderedDict([('nombrecolores1', 'verde')])
15.9923 	DATA 	Keypress: a
15.9949 	EXP 	colores1: autoDraw = False
15.9949 	EXP 	colores1: text = 'verde'
15.9949 	EXP 	colores1: autoDraw = True
16.8251 	EXP 	New trial (rep=0, index=8): OrderedDict([('nombrecolores1', 'naranja')])
16.8421 	DATA 	Keypress: v
16.8447 	EXP 	colores1: autoDraw = False
16.8447 	EXP 	colores1: text = 'naranja'
16.8447 	EXP 	colores1: autoDraw = True
17.3602 	EXP 	New trial (rep=0, index=9): OrderedDict([('nombrecolores1', 'verde')])
17.3779 	DATA 	Keypress: n
17.3807 	EXP 	colores1: autoDraw = False
17.3807 	EXP 	colores1: text = 'verde'
17.3807 	EXP 	colores1: autoDraw = True
17.9270 	EXP 	New trial (rep=0, index=10): OrderedDict([('nombrecolores1', 'azul')])
17.9445 	DATA 	Keypress: v
17.9473 	EXP 	colores1: autoDraw = False
17.9473 	EXP 	colores1: text = 'azul'
17.9473 	EXP 	colores1: autoDraw = True
18.4592 	DATA 	Keypress: a
18.4739 	EXP 	New trial (rep=0, index=11): OrderedDict([('nombrecolores1', 'naranja')])
18.4875 	EXP 	colores1: autoDraw = False
18.4875 	EXP 	colores1: text = 'naranja'
18.4875 	EXP 	colores1: autoDraw = True
19.1763 	EXP 	New trial (rep=0, index=12): OrderedDict([('nombrecolores1', 'naranja')])
19.1807 	DATA 	Keypress: n
19.1853 	EXP 	colores1: autoDraw = False
19.1853 	EXP 	colores1: text = 'naranja'
19.1853 	EXP 	colores1: autoDraw = True
20.3725 	EXP 	New trial (rep=0, index=13): OrderedDict([('nombrecolores1', 'verde')])
20.3844 	DATA 	Keypress: n
20.3871 	EXP 	colores1: autoDraw = False
20.3871 	EXP 	colores1: text = 'verde'
20.3871 	EXP 	colores1: autoDraw = True
20.9567 	DATA 	Keypress: v
20.9740 	EXP 	New trial (rep=0, index=14): OrderedDict([('nombrecolores1', 'naranja')])
20.9922 	EXP 	colores1: autoDraw = False
20.9922 	EXP 	colores1: text = 'naranja'
20.9922 	EXP 	colores1: autoDraw = True
21.6585 	EXP 	New trial (rep=0, index=15): OrderedDict([('nombrecolores1', 'verde')])
21.6753 	DATA 	Keypress: n
21.6779 	EXP 	colores1: autoDraw = False
21.6779 	EXP 	colores1: text = 'verde'
21.6779 	EXP 	colores1: autoDraw = True
22.1556 	EXP 	New trial (rep=0, index=16): OrderedDict([('nombrecolores1', 'azul')])
22.1630 	DATA 	Keypress: v
22.1675 	EXP 	colores1: autoDraw = False
22.1675 	EXP 	colores1: text = 'azul'
22.1675 	EXP 	colores1: autoDraw = True
22.6911 	DATA 	Keypress: a
22.7086 	EXP 	New trial (rep=0, index=17): OrderedDict([('nombrecolores1', 'azul')])
22.7178 	EXP 	colores1: autoDraw = False
22.7178 	EXP 	colores1: text = 'azul'
22.7178 	EXP 	colores1: autoDraw = True
23.3885 	EXP 	New trial (rep=0, index=18): OrderedDict([('nombrecolores1', 'verde')])
23.4001 	DATA 	Keypress: a
23.4027 	EXP 	colores1: autoDraw = False
23.4027 	EXP 	colores1: text = 'verde'
23.4027 	EXP 	colores1: autoDraw = True
24.2743 	EXP 	New trial (rep=0, index=19): OrderedDict([('nombrecolores1', 'azul')])
24.2904 	DATA 	Keypress: v
24.2932 	EXP 	colores1: autoDraw = False
24.2932 	EXP 	colores1: text = 'azul'
24.2932 	EXP 	colores1: autoDraw = True
25.0391 	EXP 	New trial (rep=0, index=20): OrderedDict([('nombrecolores1', 'verde')])
25.0546 	DATA 	Keypress: a
25.0575 	EXP 	colores1: autoDraw = False
25.0575 	EXP 	colores1: text = 'verde'
25.0575 	EXP 	colores1: autoDraw = True
25.6215 	EXP 	New trial (rep=0, index=21): OrderedDict([('nombrecolores1', 'naranja')])
25.6346 	DATA 	Keypress: v
25.6374 	EXP 	colores1: autoDraw = False
25.6374 	EXP 	colores1: text = 'naranja'
25.6374 	EXP 	colores1: autoDraw = True
26.2221 	DATA 	Keypress: n
26.2377 	EXP 	New trial (rep=0, index=22): OrderedDict([('nombrecolores1', 'naranja')])
26.2494 	EXP 	colores1: autoDraw = False
26.2494 	EXP 	colores1: text = 'naranja'
26.2494 	EXP 	colores1: autoDraw = True
26.9567 	EXP 	New trial (rep=0, index=23): OrderedDict([('nombrecolores1', 'naranja')])
26.9616 	DATA 	Keypress: n
26.9661 	EXP 	colores1: autoDraw = False
26.9661 	EXP 	colores1: text = 'naranja'
26.9661 	EXP 	colores1: autoDraw = True
27.5066 	EXP 	New trial (rep=0, index=24): OrderedDict([('nombrecolores1', 'azul')])
27.5222 	DATA 	Keypress: n
27.5250 	EXP 	colores1: autoDraw = False
27.5250 	EXP 	colores1: text = 'azul'
27.5250 	EXP 	colores1: autoDraw = True
28.0366 	EXP 	New trial (rep=0, index=25): OrderedDict([('nombrecolores1', 'naranja')])
28.0442 	DATA 	Keypress: a
28.0487 	EXP 	colores1: autoDraw = False
28.0487 	EXP 	colores1: text = 'naranja'
28.0487 	EXP 	colores1: autoDraw = True
28.6225 	EXP 	New trial (rep=0, index=26): OrderedDict([('nombrecolores1', 'verde')])
28.6394 	DATA 	Keypress: n
28.6421 	EXP 	colores1: autoDraw = False
28.6421 	EXP 	colores1: text = 'verde'
28.6421 	EXP 	colores1: autoDraw = True
29.1562 	EXP 	New trial (rep=0, index=27): OrderedDict([('nombrecolores1', 'azul')])
29.1743 	DATA 	Keypress: v
29.1771 	EXP 	colores1: autoDraw = False
29.1771 	EXP 	colores1: text = 'azul'
29.1771 	EXP 	colores1: autoDraw = True
29.7699 	DATA 	Keypress: a
29.7868 	EXP 	New trial (rep=0, index=28): OrderedDict([('nombrecolores1', 'naranja')])
29.8046 	EXP 	colores1: autoDraw = False
29.8046 	EXP 	colores1: text = 'naranja'
29.8046 	EXP 	colores1: autoDraw = True
31.2324 	EXP 	Imported colores_rectangulos.xlsx as conditions, 29 conditions, 1 params
31.2328 	EXP 	Created sequence: random, trialTypes=29, nReps=1, seed=None
31.2331 	EXP 	New trial (rep=0, index=0): OrderedDict([('colorrectangulo', [-1, 0.04, -1])])
31.2361 	DATA 	Keypress: n
31.2388 	EXP 	colores1: autoDraw = False
31.2388 	EXP 	rectangulo: fillColor = '[-1.    0.04 -1.  ] (rgb)'
31.2388 	EXP 	rectangulo: lineColor = '[-1.    0.04 -1.  ] (rgb)'
31.2388 	EXP 	rectangulo: autoDraw = True
31.2388 	EXP 	rectangulo: autoDraw = False
35.9045 	EXP 	New trial (rep=0, index=1): OrderedDict([('colorrectangulo', [-1, 0.04, -1])])
35.9097 	DATA 	Keypress: a
35.9129 	EXP 	rectangulo: autoDraw = False
35.9129 	EXP 	rectangulo: fillColor = '[-1.    0.04 -1.  ] (rgb)'
35.9129 	EXP 	rectangulo: lineColor = '[-1.    0.04 -1.  ] (rgb)'
35.9129 	EXP 	rectangulo: autoDraw = True
35.9129 	EXP 	rectangulo: autoDraw = False
37.3871 	EXP 	New trial (rep=0, index=2): OrderedDict([('colorrectangulo', [-1, -1, 1])])
37.3924 	DATA 	Keypress: n
37.3957 	EXP 	rectangulo: autoDraw = False
37.3957 	EXP 	rectangulo: fillColor = '[-1. -1.  1.] (rgb)'
37.3957 	EXP 	rectangulo: lineColor = '[-1. -1.  1.] (rgb)'
37.3957 	EXP 	rectangulo: autoDraw = True
37.3957 	EXP 	rectangulo: autoDraw = False
37.5494 	EXP 	New trial (rep=0, index=3): OrderedDict([('colorrectangulo', [-1, 0.04, -1])])
37.5519 	DATA 	Keypress: a
37.5625 	EXP 	rectangulo: autoDraw = False
37.5625 	EXP 	rectangulo: fillColor = '[-1.    0.04 -1.  ] (rgb)'
37.5625 	EXP 	rectangulo: lineColor = '[-1.    0.04 -1.  ] (rgb)'
37.5625 	EXP 	rectangulo: autoDraw = True
37.5625 	EXP 	rectangulo: autoDraw = False
37.7035 	EXP 	New trial (rep=0, index=4): OrderedDict([('colorrectangulo', [-1, 0.04, -1])])
37.7082 	DATA 	Keypress: v
37.7123 	EXP 	rectangulo: autoDraw = False
37.7123 	EXP 	rectangulo: fillColor = '[-1.    0.04 -1.  ] (rgb)'
37.7123 	EXP 	rectangulo: lineColor = '[-1.    0.04 -1.  ] (rgb)'
37.7123 	EXP 	rectangulo: autoDraw = True
37.7123 	EXP 	rectangulo: autoDraw = False
37.8328 	EXP 	New trial (rep=0, index=5): OrderedDict([('colorrectangulo', [-1, -1, 1])])
37.8355 	DATA 	Keypress: n
37.8454 	EXP 	rectangulo: autoDraw = False
37.8454 	EXP 	rectangulo: fillColor = '[-1. -1.  1.] (rgb)'
37.8454 	EXP 	rectangulo: lineColor = '[-1. -1.  1.] (rgb)'
37.8454 	EXP 	rectangulo: autoDraw = True
37.8454 	EXP 	rectangulo: autoDraw = False
38.7840 	DATA 	Keypress: escape
39.0387 	EXP 	window1: mouseVisible = True
