12.5486 	WARNING 	User requested fullscreen with size [1024  768], but screen is actually [1920, 1080]. Using actual size
16.1093 	EXP 	Created window1 = Window(allowGUI=False, allowStencil=False, args=UNKNOWN, autoLog=True, bitsMode=UNKNOWN, blendMode='avg', color=array([0., 0., 0.]), colorSpace='rgb', fullscr=<method-wrapper '__getattribute__' of attributeSetter object at 0x000001F044263940>, gamma=None, gammaErrorPolicy='raise', kwargs=UNKNOWN, lms=UNKNOWN, monitor=<psychopy.monitors.calibTools.Monitor object at 0x000001F044073C88>, multiSample=False, name='window1', numSamples=2, pos=[0.0, 0.0], screen=0, size=array([1920, 1080]), stereo=False, units='height', useFBO=True, useRetina=False, viewOri=0.0, viewPos=None, viewScale=None, waitBlanking=True, winType='pyglet')
16.1093 	EXP 	window1: recordFrameIntervals = False
16.2744 	EXP 	window1: recordFrameIntervals = True
16.7586 	EXP 	window1: recordFrameIntervals = False
17.5612 	EXP 	Created Instrucciones_texto = TextStim(__class__=<class 'psychopy.visual.text.TextStim'>, alignHoriz='center', alignVert='center', antialias=True, autoLog=True, bold=False, color='white', colorSpace='named', contrast=1.0, depth=0.0, flipHoriz=False, flipVert=False, font='Arial', fontFiles=[], height=0.03, italic=False, languageStyle='LTR', name='Instrucciones_texto', opacity=1.0, ori=0, pos=array([0., 0.]), rgb=array([255., 255., 255.]), text=str(...), units='height', win=Window(...), wrapWidth=1)
17.6608 	EXP 	Created colores1 = TextStim(__class__=<class 'psychopy.visual.text.TextStim'>, alignHoriz='center', alignVert='center', antialias=True, autoLog=True, bold=False, color='black', colorSpace='named', contrast=1.0, depth=0.0, flipHoriz=False, flipVert=False, font='Arial', fontFiles=[], height=0.1, italic=False, languageStyle='LTR', name='colores1', opacity=1.0, ori=0, pos=array([0., 0.]), rgb=array([0., 0., 0.]), text='default text', units='height', win=Window(...), wrapWidth=1)
17.7419 	EXP 	Created text_intructionses2 = TextStim(__class__=<class 'psychopy.visual.text.TextStim'>, alignHoriz='center', alignVert='center', antialias=True, autoLog=True, bold=False, color='white', colorSpace='named', contrast=1.0, depth=0.0, flipHoriz=False, flipVert=False, font='Arial', fontFiles=[], height=0.03, italic=False, languageStyle='LTR', name='text_intructionses2', opacity=1.0, ori=0, pos=array([0., 0.]), rgb=array([255., 255., 255.]), text=str(...), units='height', win=Window(...), wrapWidth=1)
17.7469 	EXP 	Created rectangulo = Rect(__class__=<class 'psychopy.visual.rect.Rect'>, autoDraw=False, autoLog=True, closeShape=True, color=method-wrapper(...), colorSpace=None, contrast=1.0, depth=0.0, fillColor=array([1., 1., 1.]), fillColorSpace='rgb', fillRGB=array([1., 1., 1.]), interpolate=True, lineColor=array([1., 1., 1.]), lineColorSpace='rgb', lineRGB=array([1., 1., 1.]), lineWidth=1, name='rectangulo', opacity=1.0, ori=array(0.), pos=array([0., 0.]), size=array([1., 1.]), units='height', vertices=ndarray(...), win=Window(...))
17.8573 	EXP 	Created text = TextStim(__class__=<class 'psychopy.visual.text.TextStim'>, alignHoriz='center', alignVert='center', antialias=True, autoLog=True, bold=False, color='white', colorSpace='named', contrast=1.0, depth=0.0, flipHoriz=False, flipVert=False, font='Arial', fontFiles=[], height=0.03, italic=False, languageStyle='LTR', name='text', opacity=1.0, ori=0, pos=array([0., 0.]), rgb=array([255., 255., 255.]), text=str(...), units='height', win=Window(...), wrapWidth=1)
17.8663 	EXP 	Created colores2 = TextStim(__class__=<class 'psychopy.visual.text.TextStim'>, alignHoriz='center', alignVert='center', antialias=True, autoLog=True, bold=False, color='white', colorSpace='named', contrast=1.0, depth=0.0, flipHoriz=False, flipVert=False, font='Arial', fontFiles=[], height=0.1, italic=False, languageStyle='LTR', name='colores2', opacity=1.0, ori=0, pos=array([0., 0.]), rgb=array([255., 255., 255.]), text='default text', units='height', win=Window(...), wrapWidth=1)
17.9725 	EXP 	Created despedida = TextStim(__class__=<class 'psychopy.visual.text.TextStim'>, alignHoriz='center', alignVert='center', antialias=True, autoLog=True, bold=False, color='white', colorSpace='named', contrast=1.0, depth=0.0, flipHoriz=False, flipVert=False, font='Arial', fontFiles=[], height=0.05, italic=False, languageStyle='LTR', name='despedida', opacity=1.0, ori=0, pos=array([0., 0.]), rgb=array([255., 255., 255.]), text='¡Muchas gracias por participar!', units='height', win=Window(...), wrapWidth=1)
18.0240 	EXP 	Instrucciones_texto: autoDraw = True
24.1253 	DATA 	Keypress: space
24.2525 	EXP 	Imported colores1_negro.xlsx as conditions, 35 conditions, 2 params
24.2546 	EXP 	Created sequence: random, trialTypes=35, nReps=1, seed=None
24.2552 	EXP 	New trial (rep=0, index=0): OrderedDict([('texto', 'verde'), ('answer', 'v')])
24.3021 	EXP 	Instrucciones_texto: autoDraw = False
24.3021 	EXP 	colores1: text = 'verde'
24.3491 	EXP 	colores1: autoDraw = True
25.4885 	EXP 	New trial (rep=0, index=1): OrderedDict([('texto', 'azul'), ('answer', 'a')])
25.5004 	DATA 	Keypress: v
25.5038 	EXP 	colores1: autoDraw = False
25.5038 	EXP 	colores1: text = 'azul'
25.5502 	EXP 	colores1: autoDraw = True
26.1730 	EXP 	New trial (rep=0, index=2): OrderedDict([('texto', 'lila'), ('answer', 'l')])
26.1855 	DATA 	Keypress: a
26.1892 	EXP 	colores1: autoDraw = False
26.1892 	EXP 	colores1: text = 'lila'
26.2342 	EXP 	colores1: autoDraw = True
26.8079 	EXP 	New trial (rep=0, index=3): OrderedDict([('texto', 'naranja'), ('answer', 'n')])
26.8315 	DATA 	Keypress: l
26.8348 	EXP 	colores1: autoDraw = False
26.8348 	EXP 	colores1: text = 'naranja'
26.8864 	EXP 	colores1: autoDraw = True
27.4173 	EXP 	New trial (rep=0, index=4): OrderedDict([('texto', 'lila'), ('answer', 'l')])
27.4348 	DATA 	Keypress: n
27.4373 	EXP 	colores1: autoDraw = False
27.4373 	EXP 	colores1: text = 'lila'
27.4857 	EXP 	colores1: autoDraw = True
27.9917 	EXP 	New trial (rep=0, index=5): OrderedDict([('texto', 'naranja'), ('answer', 'n')])
28.0145 	DATA 	Keypress: l
28.0185 	EXP 	colores1: autoDraw = False
28.0185 	EXP 	colores1: text = 'naranja'
28.0543 	EXP 	colores1: autoDraw = True
28.4773 	EXP 	New trial (rep=0, index=6): OrderedDict([('texto', 'lila'), ('answer', 'l')])
28.4917 	DATA 	Keypress: n
28.4941 	EXP 	colores1: autoDraw = False
28.4941 	EXP 	colores1: text = 'lila'
28.5368 	EXP 	colores1: autoDraw = True
29.2089 	EXP 	New trial (rep=0, index=7): OrderedDict([('texto', 'naranja'), ('answer', 'n')])
29.2329 	DATA 	Keypress: l
29.2357 	EXP 	colores1: autoDraw = False
29.2357 	EXP 	colores1: text = 'naranja'
29.2878 	EXP 	colores1: autoDraw = True
29.6859 	EXP 	New trial (rep=0, index=8): OrderedDict([('texto', 'lila'), ('answer', 'l')])
29.7009 	DATA 	Keypress: n
29.7035 	EXP 	colores1: autoDraw = False
29.7035 	EXP 	colores1: text = 'lila'
29.7545 	EXP 	colores1: autoDraw = True
30.2152 	EXP 	New trial (rep=0, index=9): OrderedDict([('texto', 'verde'), ('answer', 'v')])
30.2297 	DATA 	Keypress: l
30.2322 	EXP 	colores1: autoDraw = False
30.2322 	EXP 	colores1: text = 'verde'
30.2737 	EXP 	colores1: autoDraw = True
31.1294 	DATA 	Keypress: a
31.2977 	EXP 	New trial (rep=0, index=10): OrderedDict([('texto', 'verde'), ('answer', 'v')])
31.3009 	DATA 	Keypress: v
31.3060 	EXP 	colores1: autoDraw = False
31.3060 	EXP 	colores1: text = 'verde'
31.3394 	EXP 	colores1: autoDraw = True
31.7627 	DATA 	Keypress: v
31.7782 	EXP 	New trial (rep=0, index=11): OrderedDict([('texto', 'azul'), ('answer', 'a')])
31.7908 	EXP 	colores1: autoDraw = False
31.7908 	EXP 	colores1: text = 'azul'
31.8413 	EXP 	colores1: autoDraw = True
32.3518 	EXP 	New trial (rep=0, index=12): OrderedDict([('texto', 'lila'), ('answer', 'l')])
32.3697 	DATA 	Keypress: a
32.3723 	EXP 	colores1: autoDraw = False
32.3723 	EXP 	colores1: text = 'lila'
32.4258 	EXP 	colores1: autoDraw = True
33.0365 	DATA 	Keypress: l
33.0471 	EXP 	New trial (rep=0, index=13): OrderedDict([('texto', 'lila'), ('answer', 'l')])
33.0578 	EXP 	colores1: autoDraw = False
33.0578 	EXP 	colores1: text = 'lila'
33.0925 	EXP 	colores1: autoDraw = True
34.5326 	EXP 	New trial (rep=0, index=14): OrderedDict([('texto', 'naranja'), ('answer', 'n')])
34.5435 	DATA 	Keypress: l
34.5460 	EXP 	colores1: autoDraw = False
34.5460 	EXP 	colores1: text = 'naranja'
34.5928 	EXP 	colores1: autoDraw = True
35.4892 	EXP 	New trial (rep=0, index=15): OrderedDict([('texto', 'lila'), ('answer', 'l')])
35.5020 	DATA 	Keypress: n
35.5046 	EXP 	colores1: autoDraw = False
35.5046 	EXP 	colores1: text = 'lila'
35.5456 	EXP 	colores1: autoDraw = True
36.2164 	DATA 	Keypress: l
36.2362 	EXP 	New trial (rep=0, index=16): OrderedDict([('texto', 'lila'), ('answer', 'l')])
36.2444 	EXP 	colores1: autoDraw = False
36.2444 	EXP 	colores1: text = 'lila'
36.2795 	EXP 	colores1: autoDraw = True
36.7387 	EXP 	New trial (rep=0, index=17): OrderedDict([('texto', 'verde'), ('answer', 'v')])
36.7530 	DATA 	Keypress: l
36.7555 	EXP 	colores1: autoDraw = False
36.7555 	EXP 	colores1: text = 'verde'
36.7958 	EXP 	colores1: autoDraw = True
37.7067 	EXP 	New trial (rep=0, index=18): OrderedDict([('texto', 'azul'), ('answer', 'a')])
37.7246 	DATA 	Keypress: v
37.7302 	EXP 	colores1: autoDraw = False
37.7302 	EXP 	colores1: text = 'azul'
37.7624 	EXP 	colores1: autoDraw = True
38.3047 	DATA 	Keypress: a
38.3176 	EXP 	New trial (rep=0, index=19): OrderedDict([('texto', 'verde'), ('answer', 'v')])
38.3297 	EXP 	colores1: autoDraw = False
38.3297 	EXP 	colores1: text = 'verde'
38.3799 	EXP 	colores1: autoDraw = True
39.0057 	EXP 	New trial (rep=0, index=20): OrderedDict([('texto', 'naranja'), ('answer', 'n')])
39.0159 	DATA 	Keypress: v
39.0183 	EXP 	colores1: autoDraw = False
39.0183 	EXP 	colores1: text = 'naranja'
39.0639 	EXP 	colores1: autoDraw = True
39.7206 	EXP 	New trial (rep=0, index=21): OrderedDict([('texto', 'lila'), ('answer', 'l')])
39.7299 	DATA 	Keypress: n
39.7324 	EXP 	colores1: autoDraw = False
39.7324 	EXP 	colores1: text = 'lila'
39.7816 	EXP 	colores1: autoDraw = True
40.2722 	DATA 	Keypress: v
40.7254 	DATA 	Keypress: l
40.7380 	EXP 	New trial (rep=0, index=22): OrderedDict([('texto', 'verde'), ('answer', 'v')])
40.7502 	EXP 	colores1: autoDraw = False
40.7502 	EXP 	colores1: text = 'verde'
40.7990 	EXP 	colores1: autoDraw = True
42.1213 	EXP 	New trial (rep=0, index=23): OrderedDict([('texto', 'naranja'), ('answer', 'n')])
42.1288 	DATA 	Keypress: v
42.1348 	EXP 	colores1: autoDraw = False
42.1348 	EXP 	colores1: text = 'naranja'
42.1836 	EXP 	colores1: autoDraw = True
43.2224 	EXP 	New trial (rep=0, index=24): OrderedDict([('texto', 'naranja'), ('answer', 'n')])
43.2248 	DATA 	Keypress: n
43.2360 	EXP 	colores1: autoDraw = False
43.2360 	EXP 	colores1: text = 'naranja'
43.2681 	EXP 	colores1: autoDraw = True
43.6232 	EXP 	New trial (rep=0, index=25): OrderedDict([('texto', 'azul'), ('answer', 'a')])
43.6446 	DATA 	Keypress: n
43.6475 	EXP 	colores1: autoDraw = False
43.6475 	EXP 	colores1: text = 'azul'
43.6864 	EXP 	colores1: autoDraw = True
44.2765 	EXP 	New trial (rep=0, index=26): OrderedDict([('texto', 'azul'), ('answer', 'a')])
44.2795 	DATA 	Keypress: a
44.2859 	EXP 	colores1: autoDraw = False
44.2859 	EXP 	colores1: text = 'azul'
44.3211 	EXP 	colores1: autoDraw = True
44.7642 	EXP 	New trial (rep=0, index=27): OrderedDict([('texto', 'naranja'), ('answer', 'n')])
44.7820 	DATA 	Keypress: a
44.7846 	EXP 	colores1: autoDraw = False
44.7846 	EXP 	colores1: text = 'naranja'
44.8201 	EXP 	colores1: autoDraw = True
45.4172 	DATA 	Keypress: n
45.4263 	EXP 	New trial (rep=0, index=28): OrderedDict([('texto', 'naranja'), ('answer', 'n')])
45.4370 	EXP 	colores1: autoDraw = False
45.4370 	EXP 	colores1: text = 'naranja'
45.4707 	EXP 	colores1: autoDraw = True
45.9288 	EXP 	New trial (rep=0, index=29): OrderedDict([('texto', 'azul'), ('answer', 'a')])
45.9422 	DATA 	Keypress: n
45.9447 	EXP 	colores1: autoDraw = False
45.9447 	EXP 	colores1: text = 'azul'
45.9875 	EXP 	colores1: autoDraw = True
46.4929 	EXP 	New trial (rep=0, index=30): OrderedDict([('texto', 'verde'), ('answer', 'v')])
46.5179 	DATA 	Keypress: a
46.5212 	EXP 	colores1: autoDraw = False
46.5212 	EXP 	colores1: text = 'verde'
46.5721 	EXP 	colores1: autoDraw = True
47.1431 	EXP 	New trial (rep=0, index=31): OrderedDict([('texto', 'azul'), ('answer', 'a')])
47.1488 	DATA 	Keypress: v
47.1570 	EXP 	colores1: autoDraw = False
47.1570 	EXP 	colores1: text = 'azul'
47.1887 	EXP 	colores1: autoDraw = True
47.8645 	EXP 	New trial (rep=0, index=32): OrderedDict([('texto', 'verde'), ('answer', 'v')])
47.8770 	DATA 	Keypress: a
47.8796 	EXP 	colores1: autoDraw = False
47.8796 	EXP 	colores1: text = 'verde'
47.9228 	EXP 	colores1: autoDraw = True
48.5316 	DATA 	Keypress: v
48.5476 	EXP 	New trial (rep=0, index=33): OrderedDict([('texto', 'verde'), ('answer', 'v')])
48.5567 	EXP 	colores1: autoDraw = False
48.5567 	EXP 	colores1: text = 'verde'
48.5914 	EXP 	colores1: autoDraw = True
48.9858 	DATA 	Keypress: v
48.9964 	EXP 	New trial (rep=0, index=34): OrderedDict([('texto', 'azul'), ('answer', 'a')])
49.0079 	EXP 	colores1: autoDraw = False
49.0079 	EXP 	colores1: text = 'azul'
49.0572 	EXP 	colores1: autoDraw = True
49.5830 	DATA 	Keypress: a
49.5932 	EXP 	colores1: autoDraw = False
49.5932 	EXP 	text_intructionses2: autoDraw = True
52.1021 	DATA 	Keypress: space
55.3909 	EXP 	Imported colores2_rectangulos.xlsx as conditions, 35 conditions, 2 params
55.3915 	EXP 	Created sequence: random, trialTypes=35, nReps=1, seed=None
55.3919 	EXP 	New trial (rep=0, index=0): OrderedDict([('color', [-1, 0.04, -1]), ('answer', 'v')])
55.3945 	DATA 	Keypress: space
55.3970 	EXP 	text_intructionses2: autoDraw = False
55.3970 	EXP 	rectangulo: fillColor = '[-1.    0.04 -1.  ] (rgb)'
55.3970 	EXP 	rectangulo: lineColor = '[-1.    0.04 -1.  ] (rgb)'
55.4560 	EXP 	rectangulo: autoDraw = True
56.3869 	EXP 	New trial (rep=0, index=1): OrderedDict([('color', [-1, 0.04, -1]), ('answer', 'v')])
56.3894 	DATA 	Keypress: v
56.3984 	EXP 	rectangulo: autoDraw = False
56.3984 	EXP 	rectangulo: fillColor = '[-1.    0.04 -1.  ] (rgb)'
56.3984 	EXP 	rectangulo: lineColor = '[-1.    0.04 -1.  ] (rgb)'
56.4317 	EXP 	rectangulo: autoDraw = True
56.8411 	DATA 	Keypress: v
56.8552 	EXP 	New trial (rep=0, index=2): OrderedDict([('color', [0.004, -1, 0.004]), ('answer', 'l')])
56.8649 	EXP 	rectangulo: autoDraw = False
56.8649 	EXP 	rectangulo: fillColor = '[ 0.004 -1.     0.004] (rgb)'
56.8649 	EXP 	rectangulo: lineColor = '[ 0.004 -1.     0.004] (rgb)'
56.8991 	EXP 	rectangulo: autoDraw = True
57.7790 	EXP 	New trial (rep=0, index=3): OrderedDict([('color', [1, 0.1, -1]), ('answer', 'n')])
57.7851 	DATA 	Keypress: l
57.7879 	EXP 	rectangulo: autoDraw = False
57.7879 	EXP 	rectangulo: fillColor = '[ 1.   0.1 -1. ] (rgb)'
57.7879 	EXP 	rectangulo: lineColor = '[ 1.   0.1 -1. ] (rgb)'
57.8351 	EXP 	rectangulo: autoDraw = True
58.3884 	EXP 	New trial (rep=0, index=4): OrderedDict([('color', [0.004, -1, 0.004]), ('answer', 'l')])
58.3916 	DATA 	Keypress: n
58.4015 	EXP 	rectangulo: autoDraw = False
58.4015 	EXP 	rectangulo: fillColor = '[ 0.004 -1.     0.004] (rgb)'
58.4015 	EXP 	rectangulo: lineColor = '[ 0.004 -1.     0.004] (rgb)'
58.4336 	EXP 	rectangulo: autoDraw = True
58.8260 	DATA 	Keypress: l
58.8397 	EXP 	New trial (rep=0, index=5): OrderedDict([('color', [-1, 0.04, -1]), ('answer', 'v')])
58.8502 	EXP 	rectangulo: autoDraw = False
58.8502 	EXP 	rectangulo: fillColor = '[-1.    0.04 -1.  ] (rgb)'
58.8502 	EXP 	rectangulo: lineColor = '[-1.    0.04 -1.  ] (rgb)'
58.8846 	EXP 	rectangulo: autoDraw = True
59.4558 	EXP 	New trial (rep=0, index=6): OrderedDict([('color', [1, 0.1, -1]), ('answer', 'n')])
59.4583 	DATA 	Keypress: v
59.4695 	EXP 	rectangulo: autoDraw = False
59.4695 	EXP 	rectangulo: fillColor = '[ 1.   0.1 -1. ] (rgb)'
59.4695 	EXP 	rectangulo: lineColor = '[ 1.   0.1 -1. ] (rgb)'
59.5014 	EXP 	rectangulo: autoDraw = True
60.1397 	DATA 	Keypress: l
60.4567 	DATA 	Keypress: n
60.4741 	EXP 	New trial (rep=0, index=7): OrderedDict([('color', [-1, -1, 1]), ('answer', 'a')])
60.4851 	EXP 	rectangulo: autoDraw = False
60.4851 	EXP 	rectangulo: fillColor = '[-1. -1.  1.] (rgb)'
60.4851 	EXP 	rectangulo: lineColor = '[-1. -1.  1.] (rgb)'
60.5191 	EXP 	rectangulo: autoDraw = True
61.0678 	EXP 	New trial (rep=0, index=8): OrderedDict([('color', [1, 0.1, -1]), ('answer', 'n')])
61.0720 	DATA 	Keypress: a
61.0746 	EXP 	rectangulo: autoDraw = False
61.0746 	EXP 	rectangulo: fillColor = '[ 1.   0.1 -1. ] (rgb)'
61.0746 	EXP 	rectangulo: lineColor = '[ 1.   0.1 -1. ] (rgb)'
61.1200 	EXP 	rectangulo: autoDraw = True
62.1966 	EXP 	New trial (rep=0, index=9): OrderedDict([('color', [-1, 0.04, -1]), ('answer', 'v')])
62.2010 	DATA 	Keypress: n
62.2038 	EXP 	rectangulo: autoDraw = False
62.2038 	EXP 	rectangulo: fillColor = '[-1.    0.04 -1.  ] (rgb)'
62.2038 	EXP 	rectangulo: lineColor = '[-1.    0.04 -1.  ] (rgb)'
62.2379 	EXP 	rectangulo: autoDraw = True
63.2021 	EXP 	New trial (rep=0, index=10): OrderedDict([('color', [-1, 0.04, -1]), ('answer', 'v')])
63.2070 	DATA 	Keypress: v
63.2099 	EXP 	rectangulo: autoDraw = False
63.2099 	EXP 	rectangulo: fillColor = '[-1.    0.04 -1.  ] (rgb)'
63.2099 	EXP 	rectangulo: lineColor = '[-1.    0.04 -1.  ] (rgb)'
63.2554 	EXP 	rectangulo: autoDraw = True
63.6774 	EXP 	New trial (rep=0, index=11): OrderedDict([('color', [1, 0.1, -1]), ('answer', 'n')])
63.6807 	DATA 	Keypress: v
63.6883 	EXP 	rectangulo: autoDraw = False
63.6883 	EXP 	rectangulo: fillColor = '[ 1.   0.1 -1. ] (rgb)'
63.6883 	EXP 	rectangulo: lineColor = '[ 1.   0.1 -1. ] (rgb)'
63.7222 	EXP 	rectangulo: autoDraw = True
64.3312 	DATA 	Keypress: n
64.3451 	EXP 	New trial (rep=0, index=12): OrderedDict([('color', [-1, 0.04, -1]), ('answer', 'v')])
64.3556 	EXP 	rectangulo: autoDraw = False
64.3556 	EXP 	rectangulo: fillColor = '[-1.    0.04 -1.  ] (rgb)'
64.3556 	EXP 	rectangulo: lineColor = '[-1.    0.04 -1.  ] (rgb)'
64.3900 	EXP 	rectangulo: autoDraw = True
65.0860 	EXP 	New trial (rep=0, index=13): OrderedDict([('color', [-1, -1, 1]), ('answer', 'a')])
65.0910 	DATA 	Keypress: v
65.0939 	EXP 	rectangulo: autoDraw = False
65.0939 	EXP 	rectangulo: fillColor = '[-1. -1.  1.] (rgb)'
65.0939 	EXP 	rectangulo: lineColor = '[-1. -1.  1.] (rgb)'
65.1408 	EXP 	rectangulo: autoDraw = True
65.7988 	EXP 	New trial (rep=0, index=14): OrderedDict([('color', [1, 0.1, -1]), ('answer', 'n')])
65.8028 	DATA 	Keypress: a
65.8072 	EXP 	rectangulo: autoDraw = False
65.8072 	EXP 	rectangulo: fillColor = '[ 1.   0.1 -1. ] (rgb)'
65.8072 	EXP 	rectangulo: lineColor = '[ 1.   0.1 -1. ] (rgb)'
65.8415 	EXP 	rectangulo: autoDraw = True
66.7405 	EXP 	New trial (rep=0, index=15): OrderedDict([('color', [-1, 0.04, -1]), ('answer', 'v')])
66.7459 	DATA 	Keypress: n
66.7485 	EXP 	rectangulo: autoDraw = False
66.7485 	EXP 	rectangulo: fillColor = '[-1.    0.04 -1.  ] (rgb)'
66.7485 	EXP 	rectangulo: lineColor = '[-1.    0.04 -1.  ] (rgb)'
66.7924 	EXP 	rectangulo: autoDraw = True
67.3897 	EXP 	New trial (rep=0, index=16): OrderedDict([('color', [-1, -1, 1]), ('answer', 'a')])
67.3937 	DATA 	Keypress: v
67.3963 	EXP 	rectangulo: autoDraw = False
67.3963 	EXP 	rectangulo: fillColor = '[-1. -1.  1.] (rgb)'
67.3963 	EXP 	rectangulo: lineColor = '[-1. -1.  1.] (rgb)'
67.4430 	EXP 	rectangulo: autoDraw = True
68.0647 	DATA 	Keypress: a
68.0812 	EXP 	New trial (rep=0, index=17): OrderedDict([('color', [0.004, -1, 0.004]), ('answer', 'l')])
68.0928 	EXP 	rectangulo: autoDraw = False
68.0928 	EXP 	rectangulo: fillColor = '[ 0.004 -1.     0.004] (rgb)'
68.0928 	EXP 	rectangulo: lineColor = '[ 0.004 -1.     0.004] (rgb)'
68.1268 	EXP 	rectangulo: autoDraw = True
68.9827 	EXP 	New trial (rep=0, index=18): OrderedDict([('color', [1, 0.1, -1]), ('answer', 'n')])
68.9869 	DATA 	Keypress: l
68.9957 	EXP 	rectangulo: autoDraw = False
68.9957 	EXP 	rectangulo: fillColor = '[ 1.   0.1 -1. ] (rgb)'
68.9957 	EXP 	rectangulo: lineColor = '[ 1.   0.1 -1. ] (rgb)'
69.0275 	EXP 	rectangulo: autoDraw = True
70.0674 	EXP 	New trial (rep=0, index=19): OrderedDict([('color', [0.004, -1, 0.004]), ('answer', 'l')])
70.0705 	DATA 	Keypress: n
70.0781 	EXP 	rectangulo: autoDraw = False
70.0781 	EXP 	rectangulo: fillColor = '[ 0.004 -1.     0.004] (rgb)'
70.0781 	EXP 	rectangulo: lineColor = '[ 0.004 -1.     0.004] (rgb)'
70.1119 	EXP 	rectangulo: autoDraw = True
70.7514 	EXP 	New trial (rep=0, index=20): OrderedDict([('color', [-1, -1, 1]), ('answer', 'a')])
70.7545 	DATA 	Keypress: l
70.7621 	EXP 	rectangulo: autoDraw = False
70.7621 	EXP 	rectangulo: fillColor = '[-1. -1.  1.] (rgb)'
70.7621 	EXP 	rectangulo: lineColor = '[-1. -1.  1.] (rgb)'
70.7959 	EXP 	rectangulo: autoDraw = True
71.5178 	EXP 	New trial (rep=0, index=21): OrderedDict([('color', [0.004, -1, 0.004]), ('answer', 'l')])
71.5204 	DATA 	Keypress: a
71.5295 	EXP 	rectangulo: autoDraw = False
71.5295 	EXP 	rectangulo: fillColor = '[ 0.004 -1.     0.004] (rgb)'
71.5295 	EXP 	rectangulo: lineColor = '[ 0.004 -1.     0.004] (rgb)'
71.5645 	EXP 	rectangulo: autoDraw = True
72.6718 	DATA 	Keypress: l
72.6870 	EXP 	New trial (rep=0, index=22): OrderedDict([('color', [1, 0.1, -1]), ('answer', 'n')])
72.6986 	EXP 	rectangulo: autoDraw = False
72.6986 	EXP 	rectangulo: fillColor = '[ 1.   0.1 -1. ] (rgb)'
72.6986 	EXP 	rectangulo: lineColor = '[ 1.   0.1 -1. ] (rgb)'
72.7313 	EXP 	rectangulo: autoDraw = True
73.3379 	DATA 	Keypress: n
73.3540 	EXP 	New trial (rep=0, index=23): OrderedDict([('color', [-1, -1, 1]), ('answer', 'a')])
73.3668 	EXP 	rectangulo: autoDraw = False
73.3668 	EXP 	rectangulo: fillColor = '[-1. -1.  1.] (rgb)'
73.3668 	EXP 	rectangulo: lineColor = '[-1. -1.  1.] (rgb)'
73.3987 	EXP 	rectangulo: autoDraw = True
73.9224 	DATA 	Keypress: a
73.9379 	EXP 	New trial (rep=0, index=24): OrderedDict([('color', [-1, 0.04, -1]), ('answer', 'v')])
73.9493 	EXP 	rectangulo: autoDraw = False
73.9493 	EXP 	rectangulo: fillColor = '[-1.    0.04 -1.  ] (rgb)'
73.9493 	EXP 	rectangulo: lineColor = '[-1.    0.04 -1.  ] (rgb)'
73.9826 	EXP 	rectangulo: autoDraw = True
74.5387 	EXP 	New trial (rep=0, index=25): OrderedDict([('color', [-1, 0.04, -1]), ('answer', 'v')])
74.5417 	DATA 	Keypress: v
74.5492 	EXP 	rectangulo: autoDraw = False
74.5492 	EXP 	rectangulo: fillColor = '[-1.    0.04 -1.  ] (rgb)'
74.5492 	EXP 	rectangulo: lineColor = '[-1.    0.04 -1.  ] (rgb)'
74.5831 	EXP 	rectangulo: autoDraw = True
75.0622 	EXP 	New trial (rep=0, index=26): OrderedDict([('color', [1, 0.1, -1]), ('answer', 'n')])
75.0671 	DATA 	Keypress: v
75.0700 	EXP 	rectangulo: autoDraw = False
75.0700 	EXP 	rectangulo: fillColor = '[ 1.   0.1 -1. ] (rgb)'
75.0700 	EXP 	rectangulo: lineColor = '[ 1.   0.1 -1. ] (rgb)'
75.1192 	EXP 	rectangulo: autoDraw = True
75.7584 	EXP 	New trial (rep=0, index=27): OrderedDict([('color', [-1, -1, 1]), ('answer', 'a')])
75.7617 	DATA 	Keypress: n
75.7677 	EXP 	rectangulo: autoDraw = False
75.7677 	EXP 	rectangulo: fillColor = '[-1. -1.  1.] (rgb)'
75.7677 	EXP 	rectangulo: lineColor = '[-1. -1.  1.] (rgb)'
75.8016 	EXP 	rectangulo: autoDraw = True
76.3081 	EXP 	New trial (rep=0, index=28): OrderedDict([('color', [0.004, -1, 0.004]), ('answer', 'l')])
76.3132 	DATA 	Keypress: a
76.3182 	EXP 	rectangulo: autoDraw = False
76.3182 	EXP 	rectangulo: fillColor = '[ 0.004 -1.     0.004] (rgb)'
76.3182 	EXP 	rectangulo: lineColor = '[ 0.004 -1.     0.004] (rgb)'
76.3690 	EXP 	rectangulo: autoDraw = True
76.9766 	EXP 	New trial (rep=0, index=29): OrderedDict([('color', [-1, -1, 1]), ('answer', 'a')])
76.9813 	DATA 	Keypress: l
76.9853 	EXP 	rectangulo: autoDraw = False
76.9853 	EXP 	rectangulo: fillColor = '[-1. -1.  1.] (rgb)'
76.9853 	EXP 	rectangulo: lineColor = '[-1. -1.  1.] (rgb)'
77.0197 	EXP 	rectangulo: autoDraw = True
77.6267 	EXP 	New trial (rep=0, index=30): OrderedDict([('color', [1, 0.1, -1]), ('answer', 'n')])
77.6315 	DATA 	Keypress: a
77.6364 	EXP 	rectangulo: autoDraw = False
77.6364 	EXP 	rectangulo: fillColor = '[ 1.   0.1 -1. ] (rgb)'
77.6364 	EXP 	rectangulo: lineColor = '[ 1.   0.1 -1. ] (rgb)'
77.6703 	EXP 	rectangulo: autoDraw = True
78.6757 	EXP 	New trial (rep=0, index=31): OrderedDict([('color', [0.004, -1, 0.004]), ('answer', 'l')])
78.6787 	DATA 	Keypress: n
78.6886 	EXP 	rectangulo: autoDraw = False
78.6886 	EXP 	rectangulo: fillColor = '[ 0.004 -1.     0.004] (rgb)'
78.6886 	EXP 	rectangulo: lineColor = '[ 0.004 -1.     0.004] (rgb)'
78.7206 	EXP 	rectangulo: autoDraw = True
79.3292 	EXP 	New trial (rep=0, index=32): OrderedDict([('color', [-1, -1, 1]), ('answer', 'a')])
79.3328 	DATA 	Keypress: l
79.3375 	EXP 	rectangulo: autoDraw = False
79.3375 	EXP 	rectangulo: fillColor = '[-1. -1.  1.] (rgb)'
79.3375 	EXP 	rectangulo: lineColor = '[-1. -1.  1.] (rgb)'
79.3878 	EXP 	rectangulo: autoDraw = True
79.9607 	EXP 	New trial (rep=0, index=33): OrderedDict([('color', [0.004, -1, 0.004]), ('answer', 'l')])
79.9636 	DATA 	Keypress: a
79.9713 	EXP 	rectangulo: autoDraw = False
79.9713 	EXP 	rectangulo: fillColor = '[ 0.004 -1.     0.004] (rgb)'
79.9713 	EXP 	rectangulo: lineColor = '[ 0.004 -1.     0.004] (rgb)'
80.0077 	EXP 	rectangulo: autoDraw = True
81.0463 	EXP 	New trial (rep=0, index=34): OrderedDict([('color', [0.004, -1, 0.004]), ('answer', 'l')])
81.0497 	DATA 	Keypress: l
81.0557 	EXP 	rectangulo: autoDraw = False
81.0557 	EXP 	rectangulo: fillColor = '[ 0.004 -1.     0.004] (rgb)'
81.0557 	EXP 	rectangulo: lineColor = '[ 0.004 -1.     0.004] (rgb)'
81.0900 	EXP 	rectangulo: autoDraw = True
81.7596 	DATA 	Keypress: l
81.7635 	EXP 	rectangulo: autoDraw = False
81.7635 	EXP 	text: autoDraw = True
90.2236 	DATA 	Keypress: space
90.2744 	EXP 	Imported colores3_mix.xlsx as conditions, 35 conditions, 3 params
90.2758 	EXP 	Created sequence: random, trialTypes=35, nReps=1, seed=None
90.2773 	EXP 	New trial (rep=0, index=0): OrderedDict([('color', [-1, 0.04, -1]), ('texto', 'naranja'), ('answer', 'v')])
90.2987 	EXP 	text: autoDraw = False
90.2987 	EXP 	colores2: color = '[-1.    0.04 -1.  ] (rgb)'
90.2987 	EXP 	colores2: text = 'naranja'
90.3484 	EXP 	colores2: autoDraw = True
92.0493 	EXP 	New trial (rep=0, index=1): OrderedDict([('color', [0.004, -1, 0.004]), ('texto', 'verde'), ('answer', 'l')])
92.0676 	DATA 	Keypress: v
92.0703 	EXP 	colores2: autoDraw = False
92.0703 	EXP 	colores2: color = '[ 0.004 -1.     0.004] (rgb)'
92.0703 	EXP 	colores2: text = 'verde'
92.1168 	EXP 	colores2: autoDraw = True
92.8572 	DATA 	Keypress: l
92.8731 	EXP 	New trial (rep=0, index=2): OrderedDict([('color', [0.004, -1, 0.004]), ('texto', 'azul'), ('answer', 'l')])
92.8897 	EXP 	colores2: autoDraw = False
92.8897 	EXP 	colores2: color = '[ 0.004 -1.     0.004] (rgb)'
92.8897 	EXP 	colores2: text = 'azul'
92.9343 	EXP 	colores2: autoDraw = True
93.3234 	EXP 	New trial (rep=0, index=3): OrderedDict([('color', [-1, -1, 1]), ('texto', 'naranja'), ('answer', 'a')])
93.3333 	DATA 	Keypress: l
93.3356 	EXP 	colores2: autoDraw = False
93.3356 	EXP 	colores2: color = '[-1. -1.  1.] (rgb)'
93.3356 	EXP 	colores2: text = 'naranja'
93.3850 	EXP 	colores2: autoDraw = True
94.0076 	EXP 	New trial (rep=0, index=4): OrderedDict([('color', [1, 0.1, -1]), ('texto', 'lila'), ('answer', 'n')])
94.0165 	DATA 	Keypress: a
94.0187 	EXP 	colores2: autoDraw = False
94.0187 	EXP 	colores2: color = '[ 1.   0.1 -1. ] (rgb)'
94.0187 	EXP 	colores2: text = 'lila'
94.0687 	EXP 	colores2: autoDraw = True
94.9581 	EXP 	New trial (rep=0, index=5): OrderedDict([('color', [1, 0.1, -1]), ('texto', 'azul'), ('answer', 'n')])
94.9694 	DATA 	Keypress: n
94.9752 	EXP 	colores2: autoDraw = False
94.9752 	EXP 	colores2: color = '[ 1.   0.1 -1. ] (rgb)'
94.9752 	EXP 	colores2: text = 'azul'
95.0235 	EXP 	colores2: autoDraw = True
95.3759 	EXP 	New trial (rep=0, index=6): OrderedDict([('color', [0.004, -1, 0.004]), ('texto', 'azul'), ('answer', 'l')])
95.3786 	DATA 	Keypress: n
95.3867 	EXP 	colores2: autoDraw = False
95.3867 	EXP 	colores2: color = '[ 0.004 -1.     0.004] (rgb)'
95.3867 	EXP 	colores2: text = 'azul'
95.4201 	EXP 	colores2: autoDraw = True
96.0768 	EXP 	New trial (rep=0, index=7): OrderedDict([('color', [-1, 0.04, -1]), ('texto', 'lila'), ('answer', 'v')])
96.1014 	DATA 	Keypress: l
96.1047 	EXP 	colores2: autoDraw = False
96.1047 	EXP 	colores2: color = '[-1.    0.04 -1.  ] (rgb)'
96.1047 	EXP 	colores2: text = 'lila'
96.1551 	EXP 	colores2: autoDraw = True
97.4828 	EXP 	New trial (rep=0, index=8): OrderedDict([('color', [0.004, -1, 0.004]), ('texto', 'verde'), ('answer', 'l')])
97.4967 	DATA 	Keypress: v
97.4992 	EXP 	colores2: autoDraw = False
97.4992 	EXP 	colores2: color = '[ 0.004 -1.     0.004] (rgb)'
97.4992 	EXP 	colores2: text = 'verde'
97.5392 	EXP 	colores2: autoDraw = True
98.7822 	EXP 	New trial (rep=0, index=9): OrderedDict([('color', [-1, 0.04, -1]), ('texto', 'lila'), ('answer', 'v')])
98.7967 	DATA 	Keypress: l
98.7992 	EXP 	colores2: autoDraw = False
98.7992 	EXP 	colores2: color = '[-1.    0.04 -1.  ] (rgb)'
98.7992 	EXP 	colores2: text = 'lila'
98.8404 	EXP 	colores2: autoDraw = True
99.4691 	DATA 	Keypress: v
99.4823 	EXP 	New trial (rep=0, index=10): OrderedDict([('color', [1, 0.1, -1]), ('texto', 'verde'), ('answer', 'n')])
99.5006 	EXP 	colores2: autoDraw = False
99.5006 	EXP 	colores2: color = '[ 1.   0.1 -1. ] (rgb)'
99.5006 	EXP 	colores2: text = 'verde'
99.5411 	EXP 	colores2: autoDraw = True
100.1630 	EXP 	New trial (rep=0, index=11): OrderedDict([('color', [-1, 0.04, -1]), ('texto', 'naranja'), ('answer', 'v')])
100.1774 	DATA 	Keypress: n
100.1825 	EXP 	colores2: autoDraw = False
100.1825 	EXP 	colores2: color = '[-1.    0.04 -1.  ] (rgb)'
100.1825 	EXP 	colores2: text = 'naranja'
100.2250 	EXP 	colores2: autoDraw = True
101.0815 	EXP 	New trial (rep=0, index=12): OrderedDict([('color', [-1, 0.04, -1]), ('texto', 'azul'), ('answer', 'v')])
101.0915 	DATA 	Keypress: v
101.0938 	EXP 	colores2: autoDraw = False
101.0938 	EXP 	colores2: color = '[-1.    0.04 -1.  ] (rgb)'
101.0938 	EXP 	colores2: text = 'azul'
101.1444 	EXP 	colores2: autoDraw = True
101.6330 	DATA 	Keypress: v
101.6484 	EXP 	New trial (rep=0, index=13): OrderedDict([('color', [1, 0.1, -1]), ('texto', 'verde'), ('answer', 'n')])
101.6614 	EXP 	colores2: autoDraw = False
101.6614 	EXP 	colores2: color = '[ 1.   0.1 -1. ] (rgb)'
101.6614 	EXP 	colores2: text = 'verde'
101.7097 	EXP 	colores2: autoDraw = True
102.3169 	EXP 	New trial (rep=0, index=14): OrderedDict([('color', [-1, -1, 1]), ('texto', 'naranja'), ('answer', 'a')])
102.3305 	DATA 	Keypress: n
102.3328 	EXP 	colores2: autoDraw = False
102.3328 	EXP 	colores2: color = '[-1. -1.  1.] (rgb)'
102.3328 	EXP 	colores2: text = 'naranja'
102.3771 	EXP 	colores2: autoDraw = True
102.9377 	EXP 	New trial (rep=0, index=15): OrderedDict([('color', [1, 0.1, -1]), ('texto', 'azul'), ('answer', 'n')])
102.9526 	DATA 	Keypress: a
102.9551 	EXP 	colores2: autoDraw = False
102.9551 	EXP 	colores2: color = '[ 1.   0.1 -1. ] (rgb)'
102.9551 	EXP 	colores2: text = 'azul'
102.9951 	EXP 	colores2: autoDraw = True
104.3511 	EXP 	New trial (rep=0, index=16): OrderedDict([('color', [-1, 0.04, -1]), ('texto', 'lila'), ('answer', 'v')])
104.3584 	DATA 	Keypress: n
104.3623 	EXP 	colores2: autoDraw = False
104.3623 	EXP 	colores2: color = '[-1.    0.04 -1.  ] (rgb)'
104.3623 	EXP 	colores2: text = 'lila'
104.4135 	EXP 	colores2: autoDraw = True
105.3356 	DATA 	Keypress: v
105.3607 	EXP 	New trial (rep=0, index=17): OrderedDict([('color', [1, 0.1, -1]), ('texto', 'lila'), ('answer', 'n')])
105.3708 	EXP 	colores2: autoDraw = False
105.3708 	EXP 	colores2: color = '[ 1.   0.1 -1. ] (rgb)'
105.3708 	EXP 	colores2: text = 'lila'
105.4154 	EXP 	colores2: autoDraw = True
106.1543 	EXP 	New trial (rep=0, index=18): OrderedDict([('color', [0.004, -1, 0.004]), ('texto', 'naranja'), ('answer', 'l')])
106.1695 	DATA 	Keypress: n
106.1719 	EXP 	colores2: autoDraw = False
106.1719 	EXP 	colores2: color = '[ 0.004 -1.     0.004] (rgb)'
106.1719 	EXP 	colores2: text = 'naranja'
106.2143 	EXP 	colores2: autoDraw = True
106.8532 	EXP 	New trial (rep=0, index=19): OrderedDict([('color', [-1, 0.04, -1]), ('texto', 'azul'), ('answer', 'v')])
106.8614 	DATA 	Keypress: l
106.8648 	EXP 	colores2: autoDraw = False
106.8648 	EXP 	colores2: color = '[-1.    0.04 -1.  ] (rgb)'
106.8648 	EXP 	colores2: text = 'azul'
106.9149 	EXP 	colores2: autoDraw = True
107.8715 	EXP 	New trial (rep=0, index=20): OrderedDict([('color', [1, 0.1, -1]), ('texto', 'lila'), ('answer', 'n')])
107.8967 	DATA 	Keypress: v
107.9000 	EXP 	colores2: autoDraw = False
107.9000 	EXP 	colores2: color = '[ 1.   0.1 -1. ] (rgb)'
107.9000 	EXP 	colores2: text = 'lila'
107.9498 	EXP 	colores2: autoDraw = True
109.4392 	EXP 	New trial (rep=0, index=21): OrderedDict([('color', [-1, -1, 1]), ('texto', 'lila'), ('answer', 'a')])
109.4414 	DATA 	Keypress: n
109.4507 	EXP 	colores2: autoDraw = False
109.4507 	EXP 	colores2: color = '[-1. -1.  1.] (rgb)'
109.4507 	EXP 	colores2: text = 'lila'
109.4841 	EXP 	colores2: autoDraw = True
110.6300 	DATA 	Keypress: a
110.6428 	EXP 	New trial (rep=0, index=22): OrderedDict([('color', [1, 0.1, -1]), ('texto', 'azul'), ('answer', 'n')])
110.6584 	EXP 	colores2: autoDraw = False
110.6584 	EXP 	colores2: color = '[ 1.   0.1 -1. ] (rgb)'
110.6584 	EXP 	colores2: text = 'azul'
110.7022 	EXP 	colores2: autoDraw = True
111.7751 	DATA 	Keypress: v
111.8780 	EXP 	New trial (rep=0, index=23): OrderedDict([('color', [-1, -1, 1]), ('texto', 'lila'), ('answer', 'a')])
111.8937 	DATA 	Keypress: n
111.8963 	EXP 	colores2: autoDraw = False
111.8963 	EXP 	colores2: color = '[-1. -1.  1.] (rgb)'
111.8963 	EXP 	colores2: text = 'lila'
111.9368 	EXP 	colores2: autoDraw = True
113.1432 	DATA 	Keypress: a
113.1694 	EXP 	New trial (rep=0, index=24): OrderedDict([('color', [0.004, -1, 0.004]), ('texto', 'naranja'), ('answer', 'l')])
113.1927 	EXP 	colores2: autoDraw = False
113.1927 	EXP 	colores2: color = '[ 0.004 -1.     0.004] (rgb)'
113.1927 	EXP 	colores2: text = 'naranja'
113.2379 	EXP 	colores2: autoDraw = True
113.9108 	EXP 	New trial (rep=0, index=25): OrderedDict([('color', [-1, -1, 1]), ('texto', 'verde'), ('answer', 'a')])
113.9236 	DATA 	Keypress: l
113.9260 	EXP 	colores2: autoDraw = False
113.9260 	EXP 	colores2: color = '[-1. -1.  1.] (rgb)'
113.9260 	EXP 	colores2: text = 'verde'
113.9720 	EXP 	colores2: autoDraw = True
114.5270 	DATA 	Keypress: a
114.5549 	EXP 	New trial (rep=0, index=26): OrderedDict([('color', [0.004, -1, 0.004]), ('texto', 'naranja'), ('answer', 'l')])
114.5819 	EXP 	colores2: autoDraw = False
114.5819 	EXP 	colores2: color = '[ 0.004 -1.     0.004] (rgb)'
114.5819 	EXP 	colores2: text = 'naranja'
114.6112 	EXP 	colores2: autoDraw = True
115.1981 	EXP 	New trial (rep=0, index=27): OrderedDict([('color', [1, 0.1, -1]), ('texto', 'verde'), ('answer', 'n')])
115.2135 	DATA 	Keypress: l
115.2159 	EXP 	colores2: autoDraw = False
115.2159 	EXP 	colores2: color = '[ 1.   0.1 -1. ] (rgb)'
115.2159 	EXP 	colores2: text = 'verde'
115.2567 	EXP 	colores2: autoDraw = True
116.0297 	EXP 	New trial (rep=0, index=28): OrderedDict([('color', [-1, -1, 1]), ('texto', 'lila'), ('answer', 'a')])
116.0609 	DATA 	Keypress: n
116.0637 	EXP 	colores2: autoDraw = False
116.0637 	EXP 	colores2: color = '[-1. -1.  1.] (rgb)'
116.0637 	EXP 	colores2: text = 'lila'
116.0907 	EXP 	colores2: autoDraw = True
116.8633 	EXP 	New trial (rep=0, index=29): OrderedDict([('color', [0.004, -1, 0.004]), ('texto', 'verde'), ('answer', 'l')])
116.8735 	DATA 	Keypress: a
116.8758 	EXP 	colores2: autoDraw = False
116.8758 	EXP 	colores2: color = '[ 0.004 -1.     0.004] (rgb)'
116.8758 	EXP 	colores2: text = 'verde'
116.9269 	EXP 	colores2: autoDraw = True
117.6528 	DATA 	Keypress: l
117.6671 	EXP 	New trial (rep=0, index=30): OrderedDict([('color', [-1, 0.04, -1]), ('texto', 'naranja'), ('answer', 'v')])
117.6898 	EXP 	colores2: autoDraw = False
117.6898 	EXP 	colores2: color = '[-1.    0.04 -1.  ] (rgb)'
117.6898 	EXP 	colores2: text = 'naranja'
117.7424 	EXP 	colores2: autoDraw = True
118.4052 	EXP 	New trial (rep=0, index=31): OrderedDict([('color', [0.004, -1, 0.004]), ('texto', 'azul'), ('answer', 'l')])
118.4226 	DATA 	Keypress: v
118.4251 	EXP 	colores2: autoDraw = False
118.4251 	EXP 	colores2: color = '[ 0.004 -1.     0.004] (rgb)'
118.4251 	EXP 	colores2: text = 'azul'
118.4604 	EXP 	colores2: autoDraw = True
119.2167 	EXP 	New trial (rep=0, index=32): OrderedDict([('color', [-1, -1, 1]), ('texto', 'verde'), ('answer', 'a')])
119.2274 	DATA 	Keypress: l
119.2297 	EXP 	colores2: autoDraw = False
119.2297 	EXP 	colores2: color = '[-1. -1.  1.] (rgb)'
119.2297 	EXP 	colores2: text = 'verde'
119.2774 	EXP 	colores2: autoDraw = True
120.0869 	EXP 	New trial (rep=0, index=33): OrderedDict([('color', [-1, -1, 1]), ('texto', 'naranja'), ('answer', 'a')])
120.1065 	DATA 	Keypress: a
120.1088 	EXP 	colores2: autoDraw = False
120.1088 	EXP 	colores2: color = '[-1. -1.  1.] (rgb)'
120.1088 	EXP 	colores2: text = 'naranja'
120.1449 	EXP 	colores2: autoDraw = True
120.7004 	EXP 	New trial (rep=0, index=34): OrderedDict([('color', [-1, 0.04, -1]), ('texto', 'azul'), ('answer', 'v')])
120.7094 	DATA 	Keypress: a
120.7122 	EXP 	colores2: autoDraw = False
120.7122 	EXP 	colores2: color = '[-1.    0.04 -1.  ] (rgb)'
120.7122 	EXP 	colores2: text = 'azul'
120.7640 	EXP 	colores2: autoDraw = True
121.5184 	DATA 	Keypress: n
122.0055 	DATA 	Keypress: v
122.0134 	EXP 	colores2: autoDraw = False
122.0134 	EXP 	despedida: autoDraw = True
125.0163 	EXP 	despedida: autoDraw = False
125.0163 	EXP 	despedida: autoDraw = False
125.7297 	EXP 	window1: mouseVisible = True
