21.0751 	WARNING 	User requested fullscreen with size [1024  768], but screen is actually [1920, 1080]. Using actual size
24.4043 	WARNING 	Couldn't measure a consistent frame rate.
  - Is your graphics card set to sync to vertical blank?
  - Are you running other processes on your computer?

24.4052 	EXP 	Created window1 = Window(allowGUI=False, allowStencil=False, args=UNKNOWN, autoLog=True, bitsMode=UNKNOWN, blendMode='avg', color=array([0., 0., 0.]), colorSpace='rgb', fullscr=<method-wrapper '__getattribute__' of attributeSetter object at 0x000001ABDD7EDB38>, gamma=None, gammaErrorPolicy='raise', kwargs=UNKNOWN, lms=UNKNOWN, monitor=<psychopy.monitors.calibTools.Monitor object at 0x000001ABDD8BDD68>, multiSample=False, name='window1', numSamples=2, pos=[0.0, 0.0], screen=0, size=array([1920, 1080]), stereo=False, units='height', useFBO=True, useRetina=False, viewOri=0.0, viewPos=None, viewScale=None, waitBlanking=True, winType='pyglet')
24.4052 	EXP 	window1: recordFrameIntervals = False
24.5710 	EXP 	window1: recordFrameIntervals = True
24.6543 	EXP 	window1: recordFrameIntervals = True
25.4620 	EXP 	Created Instrucciones_texto = TextStim(__class__=<class 'psychopy.visual.text.TextStim'>, alignHoriz='center', alignVert='center', antialias=True, autoLog=True, bold=False, color='white', colorSpace='named', contrast=1.0, depth=0.0, flipHoriz=False, flipVert=False, font='Arial', fontFiles=[], height=0.03, italic=False, languageStyle='LTR', name='Instrucciones_texto', opacity=1.0, ori=0, pos=array([0., 0.]), rgb=array([255., 255., 255.]), text=str(...), units='height', win=Window(...), wrapWidth=1)
25.5351 	EXP 	Created colores1 = TextStim(__class__=<class 'psychopy.visual.text.TextStim'>, alignHoriz='center', alignVert='center', antialias=True, autoLog=True, bold=False, color='black', colorSpace='named', contrast=1.0, depth=0.0, flipHoriz=False, flipVert=False, font='Arial', fontFiles=[], height=0.1, italic=False, languageStyle='LTR', name='colores1', opacity=1.0, ori=0, pos=array([0., 0.]), rgb=array([0., 0., 0.]), text='default text', units='height', win=Window(...), wrapWidth=1)
25.5972 	EXP 	Created text_intructionses2 = TextStim(__class__=<class 'psychopy.visual.text.TextStim'>, alignHoriz='center', alignVert='center', antialias=True, autoLog=True, bold=False, color='white', colorSpace='named', contrast=1.0, depth=0.0, flipHoriz=False, flipVert=False, font='Arial', fontFiles=[], height=0.03, italic=False, languageStyle='LTR', name='text_intructionses2', opacity=1.0, ori=0, pos=array([0., 0.]), rgb=array([255., 255., 255.]), text=str(...), units='height', win=Window(...), wrapWidth=1)
25.6001 	EXP 	Created rectangulo = Rect(__class__=<class 'psychopy.visual.rect.Rect'>, autoDraw=False, autoLog=True, closeShape=True, color=method-wrapper(...), colorSpace=None, contrast=1.0, depth=0.0, fillColor=array([1., 1., 1.]), fillColorSpace='rgb', fillRGB=array([1., 1., 1.]), interpolate=True, lineColor=array([1., 1., 1.]), lineColorSpace='rgb', lineRGB=array([1., 1., 1.]), lineWidth=1, name='rectangulo', opacity=1.0, ori=array(0.), pos=array([0., 0.]), size=array([1., 1.]), units='height', vertices=ndarray(...), win=Window(...))
25.6656 	EXP 	Created text = TextStim(__class__=<class 'psychopy.visual.text.TextStim'>, alignHoriz='center', alignVert='center', antialias=True, autoLog=True, bold=False, color='white', colorSpace='named', contrast=1.0, depth=0.0, flipHoriz=False, flipVert=False, font='Arial', fontFiles=[], height=0.03, italic=False, languageStyle='LTR', name='text', opacity=1.0, ori=0, pos=array([0., 0.]), rgb=array([255., 255., 255.]), text=str(...), units='height', win=Window(...), wrapWidth=1)
25.6875 	EXP 	Created colores2 = TextStim(__class__=<class 'psychopy.visual.text.TextStim'>, alignHoriz='center', alignVert='center', antialias=True, autoLog=True, bold=False, color='white', colorSpace='named', contrast=1.0, depth=0.0, flipHoriz=False, flipVert=False, font='Arial', fontFiles=[], height=0.1, italic=False, languageStyle='LTR', name='colores2', opacity=1.0, ori=0, pos=array([0., 0.]), rgb=array([255., 255., 255.]), text='default text', units='height', win=Window(...), wrapWidth=1)
25.7328 	EXP 	Created despedida = TextStim(__class__=<class 'psychopy.visual.text.TextStim'>, alignHoriz='center', alignVert='center', antialias=True, autoLog=True, bold=False, color='white', colorSpace='named', contrast=1.0, depth=0.0, flipHoriz=False, flipVert=False, font='Arial', fontFiles=[], height=0.05, italic=False, languageStyle='LTR', name='despedida', opacity=1.0, ori=0, pos=array([0., 0.]), rgb=array([255., 255., 255.]), text='¡Muchas gracias por participar!', units='height', win=Window(...), wrapWidth=1)
25.7783 	WARNING 	t of last frame was 1124.19ms (=1/0)
25.7783 	EXP 	Instrucciones_texto: autoDraw = True
25.8258 	WARNING 	t of last frame was 21.91ms (=1/45)
26.0594 	WARNING 	t of last frame was 22.58ms (=1/44)
26.1252 	WARNING 	t of last frame was 21.92ms (=1/45)
26.2259 	WARNING 	Multiple dropped frames have occurred - I'll stop bothering you about them!
33.5065 	DATA 	Keypress: space
33.5657 	EXP 	Imported colores1_negro.xlsx as conditions, 35 conditions, 2 params
33.5673 	EXP 	Created sequence: random, trialTypes=35, nReps=1, seed=None
33.5676 	EXP 	New trial (rep=0, index=0): OrderedDict([('texto', 'naranja'), ('answer', 'n')])
33.5860 	EXP 	Instrucciones_texto: autoDraw = False
33.5860 	EXP 	colores1: text = 'naranja'
33.6345 	EXP 	colores1: autoDraw = True
34.9069 	DATA 	Keypress: n
34.9266 	EXP 	New trial (rep=0, index=1): OrderedDict([('texto', 'verde'), ('answer', 'v')])
34.9462 	EXP 	colores1: autoDraw = False
34.9462 	EXP 	colores1: text = 'verde'
34.9841 	EXP 	colores1: autoDraw = True
35.6386 	EXP 	New trial (rep=0, index=2): OrderedDict([('texto', 'naranja'), ('answer', 'n')])
35.6465 	DATA 	Keypress: v
35.6519 	EXP 	colores1: autoDraw = False
35.6519 	EXP 	colores1: text = 'naranja'
35.7004 	EXP 	colores1: autoDraw = True
36.2734 	EXP 	New trial (rep=0, index=3): OrderedDict([('texto', 'verde'), ('answer', 'v')])
36.2837 	DATA 	Keypress: n
36.2880 	EXP 	colores1: autoDraw = False
36.2880 	EXP 	colores1: text = 'verde'
36.3337 	EXP 	colores1: autoDraw = True
36.7919 	DATA 	Keypress: v
36.8086 	EXP 	New trial (rep=0, index=4): OrderedDict([('texto', 'azul'), ('answer', 'a')])
36.8282 	EXP 	colores1: autoDraw = False
36.8282 	EXP 	colores1: text = 'azul'
36.8668 	EXP 	colores1: autoDraw = True
37.4207 	DATA 	Keypress: a
37.4372 	EXP 	New trial (rep=0, index=5): OrderedDict([('texto', 'naranja'), ('answer', 'n')])
37.4515 	EXP 	colores1: autoDraw = False
37.4515 	EXP 	colores1: text = 'naranja'
37.4993 	EXP 	colores1: autoDraw = True
38.1229 	EXP 	New trial (rep=0, index=6): OrderedDict([('texto', 'verde'), ('answer', 'v')])
38.1369 	DATA 	Keypress: n
38.1412 	EXP 	colores1: autoDraw = False
38.1412 	EXP 	colores1: text = 'verde'
38.1833 	EXP 	colores1: autoDraw = True
38.8082 	DATA 	Keypress: v
38.8251 	EXP 	New trial (rep=0, index=7): OrderedDict([('texto', 'azul'), ('answer', 'a')])
38.8437 	EXP 	colores1: autoDraw = False
38.8437 	EXP 	colores1: text = 'azul'
38.8824 	EXP 	colores1: autoDraw = True
39.5542 	EXP 	New trial (rep=0, index=8): OrderedDict([('texto', 'azul'), ('answer', 'a')])
39.5566 	DATA 	Keypress: a
39.5664 	EXP 	colores1: autoDraw = False
39.5664 	EXP 	colores1: text = 'azul'
39.5994 	EXP 	colores1: autoDraw = True
40.1867 	EXP 	New trial (rep=0, index=9): OrderedDict([('texto', 'naranja'), ('answer', 'n')])
40.1931 	DATA 	Keypress: a
40.2005 	EXP 	colores1: autoDraw = False
40.2005 	EXP 	colores1: text = 'naranja'
40.2489 	EXP 	colores1: autoDraw = True
40.9561 	EXP 	New trial (rep=0, index=10): OrderedDict([('texto', 'lila'), ('answer', 'l')])
40.9729 	DATA 	Keypress: n
40.9770 	EXP 	colores1: autoDraw = False
40.9770 	EXP 	colores1: text = 'lila'
41.0157 	EXP 	colores1: autoDraw = True
41.7540 	EXP 	New trial (rep=0, index=11): OrderedDict([('texto', 'naranja'), ('answer', 'n')])
41.7635 	DATA 	Keypress: l
41.7675 	EXP 	colores1: autoDraw = False
41.7675 	EXP 	colores1: text = 'naranja'
41.8151 	EXP 	colores1: autoDraw = True
42.4567 	EXP 	New trial (rep=0, index=12): OrderedDict([('texto', 'azul'), ('answer', 'a')])
42.4737 	DATA 	Keypress: n
42.4780 	EXP 	colores1: autoDraw = False
42.4780 	EXP 	colores1: text = 'azul'
42.5145 	EXP 	colores1: autoDraw = True
43.1532 	EXP 	New trial (rep=0, index=13): OrderedDict([('texto', 'lila'), ('answer', 'l')])
43.1633 	DATA 	Keypress: a
43.1673 	EXP 	colores1: autoDraw = False
43.1673 	EXP 	colores1: text = 'lila'
43.2149 	EXP 	colores1: autoDraw = True
43.7854 	EXP 	New trial (rep=0, index=14): OrderedDict([('texto', 'azul'), ('answer', 'a')])
43.7907 	DATA 	Keypress: l
43.7995 	EXP 	colores1: autoDraw = False
43.7995 	EXP 	colores1: text = 'azul'
43.8311 	EXP 	colores1: autoDraw = True
44.4532 	DATA 	Keypress: a
45.0871 	EXP 	New trial (rep=0, index=15): OrderedDict([('texto', 'lila'), ('answer', 'l')])
45.1015 	DATA 	Keypress: a
45.1059 	EXP 	colores1: autoDraw = False
45.1059 	EXP 	colores1: text = 'lila'
45.1466 	EXP 	colores1: autoDraw = True
45.6869 	EXP 	New trial (rep=0, index=16): OrderedDict([('texto', 'verde'), ('answer', 'v')])
45.7011 	DATA 	Keypress: l
45.7053 	EXP 	colores1: autoDraw = False
45.7053 	EXP 	colores1: text = 'verde'
45.7475 	EXP 	colores1: autoDraw = True
46.3386 	EXP 	New trial (rep=0, index=17): OrderedDict([('texto', 'verde'), ('answer', 'v')])
46.3419 	DATA 	Keypress: v
46.3500 	EXP 	colores1: autoDraw = False
46.3500 	EXP 	colores1: text = 'verde'
46.3816 	EXP 	colores1: autoDraw = True
46.8869 	DATA 	Keypress: v
46.9047 	EXP 	New trial (rep=0, index=18): OrderedDict([('texto', 'naranja'), ('answer', 'n')])
46.9272 	EXP 	colores1: autoDraw = False
46.9272 	EXP 	colores1: text = 'naranja'
46.9635 	EXP 	colores1: autoDraw = True
47.6199 	DATA 	Keypress: n
47.6370 	EXP 	New trial (rep=0, index=19): OrderedDict([('texto', 'lila'), ('answer', 'l')])
47.6543 	EXP 	colores1: autoDraw = False
47.6543 	EXP 	colores1: text = 'lila'
47.6961 	EXP 	colores1: autoDraw = True
48.3721 	DATA 	Keypress: l
48.3885 	EXP 	New trial (rep=0, index=20): OrderedDict([('texto', 'lila'), ('answer', 'l')])
48.3994 	EXP 	colores1: autoDraw = False
48.3994 	EXP 	colores1: text = 'lila'
48.4309 	EXP 	colores1: autoDraw = True
48.9359 	EXP 	New trial (rep=0, index=21): OrderedDict([('texto', 'lila'), ('answer', 'l')])
48.9389 	DATA 	Keypress: l
48.9481 	EXP 	colores1: autoDraw = False
48.9481 	EXP 	colores1: text = 'lila'
48.9799 	EXP 	colores1: autoDraw = True
49.5531 	EXP 	New trial (rep=0, index=22): OrderedDict([('texto', 'azul'), ('answer', 'a')])
49.5701 	DATA 	Keypress: l
49.5744 	EXP 	colores1: autoDraw = False
49.5744 	EXP 	colores1: text = 'azul'
49.6126 	EXP 	colores1: autoDraw = True
50.2844 	EXP 	New trial (rep=0, index=23): OrderedDict([('texto', 'naranja'), ('answer', 'n')])
50.2984 	DATA 	Keypress: a
50.3025 	EXP 	colores1: autoDraw = False
50.3025 	EXP 	colores1: text = 'naranja'
50.3454 	EXP 	colores1: autoDraw = True
50.9357 	EXP 	New trial (rep=0, index=24): OrderedDict([('texto', 'naranja'), ('answer', 'n')])
50.9386 	DATA 	Keypress: n
50.9476 	EXP 	colores1: autoDraw = False
50.9476 	EXP 	colores1: text = 'naranja'
50.9792 	EXP 	colores1: autoDraw = True
51.5322 	DATA 	Keypress: n
51.5499 	EXP 	New trial (rep=0, index=25): OrderedDict([('texto', 'lila'), ('answer', 'l')])
51.5642 	EXP 	colores1: autoDraw = False
51.5642 	EXP 	colores1: text = 'lila'
51.5949 	EXP 	colores1: autoDraw = True
52.3014 	DATA 	Keypress: l
52.3167 	EXP 	New trial (rep=0, index=26): OrderedDict([('texto', 'naranja'), ('answer', 'n')])
52.3305 	EXP 	colores1: autoDraw = False
52.3305 	EXP 	colores1: text = 'naranja'
52.3783 	EXP 	colores1: autoDraw = True
53.0169 	EXP 	New trial (rep=0, index=27): OrderedDict([('texto', 'lila'), ('answer', 'l')])
53.0261 	DATA 	Keypress: n
53.0302 	EXP 	colores1: autoDraw = False
53.0302 	EXP 	colores1: text = 'lila'
53.0781 	EXP 	colores1: autoDraw = True
53.7176 	DATA 	Keypress: l
53.7338 	EXP 	New trial (rep=0, index=28): OrderedDict([('texto', 'azul'), ('answer', 'a')])
53.7465 	EXP 	colores1: autoDraw = False
53.7465 	EXP 	colores1: text = 'azul'
53.7945 	EXP 	colores1: autoDraw = True
54.4337 	EXP 	New trial (rep=0, index=29): OrderedDict([('texto', 'azul'), ('answer', 'a')])
54.4369 	DATA 	Keypress: a
54.4457 	EXP 	colores1: autoDraw = False
54.4457 	EXP 	colores1: text = 'azul'
54.4779 	EXP 	colores1: autoDraw = True
55.0335 	EXP 	New trial (rep=0, index=30): OrderedDict([('texto', 'verde'), ('answer', 'v')])
55.0471 	DATA 	Keypress: a
55.0512 	EXP 	colores1: autoDraw = False
55.0512 	EXP 	colores1: text = 'verde'
55.0937 	EXP 	colores1: autoDraw = True
55.7173 	DATA 	Keypress: v
55.7333 	EXP 	New trial (rep=0, index=31): OrderedDict([('texto', 'verde'), ('answer', 'v')])
55.7451 	EXP 	colores1: autoDraw = False
55.7451 	EXP 	colores1: text = 'verde'
55.7774 	EXP 	colores1: autoDraw = True
56.3501 	EXP 	New trial (rep=0, index=32): OrderedDict([('texto', 'verde'), ('answer', 'v')])
56.3534 	DATA 	Keypress: v
56.3625 	EXP 	colores1: autoDraw = False
56.3625 	EXP 	colores1: text = 'verde'
56.3937 	EXP 	colores1: autoDraw = True
56.9810 	EXP 	New trial (rep=0, index=33): OrderedDict([('texto', 'lila'), ('answer', 'l')])
56.9867 	DATA 	Keypress: v
56.9956 	EXP 	colores1: autoDraw = False
56.9956 	EXP 	colores1: text = 'lila'
57.0266 	EXP 	colores1: autoDraw = True
57.6648 	EXP 	New trial (rep=0, index=34): OrderedDict([('texto', 'verde'), ('answer', 'v')])
57.6752 	DATA 	Keypress: l
57.6793 	EXP 	colores1: autoDraw = False
57.6793 	EXP 	colores1: text = 'verde'
57.7266 	EXP 	colores1: autoDraw = True
58.3164 	DATA 	Keypress: v
58.3458 	EXP 	colores1: autoDraw = False
58.3458 	EXP 	text_intructionses2: autoDraw = True
63.0313 	DATA 	Keypress: space
67.1872 	EXP 	Imported colores2_rectangulos.xlsx as conditions, 35 conditions, 2 params
67.1880 	EXP 	Created sequence: random, trialTypes=35, nReps=1, seed=None
67.1885 	EXP 	New trial (rep=0, index=0): OrderedDict([('color', [0.004, -1, 0.004]), ('answer', 'l')])
67.1916 	DATA 	Keypress: space
67.1955 	EXP 	text_intructionses2: autoDraw = False
67.1955 	EXP 	rectangulo: fillColor = '[ 0.004 -1.     0.004] (rgb)'
67.1955 	EXP 	rectangulo: lineColor = '[ 0.004 -1.     0.004] (rgb)'
67.2480 	EXP 	rectangulo: autoDraw = True
68.2353 	EXP 	New trial (rep=0, index=1): OrderedDict([('color', [-1, 0.04, -1]), ('answer', 'v')])
68.2400 	DATA 	Keypress: l
68.2443 	EXP 	rectangulo: autoDraw = False
68.2443 	EXP 	rectangulo: fillColor = '[-1.    0.04 -1.  ] (rgb)'
68.2443 	EXP 	rectangulo: lineColor = '[-1.    0.04 -1.  ] (rgb)'
68.2918 	EXP 	rectangulo: autoDraw = True
68.9493 	DATA 	Keypress: v
68.9641 	EXP 	New trial (rep=0, index=2): OrderedDict([('color', [-1, 0.04, -1]), ('answer', 'v')])
68.9865 	EXP 	rectangulo: autoDraw = False
68.9865 	EXP 	rectangulo: fillColor = '[-1.    0.04 -1.  ] (rgb)'
68.9865 	EXP 	rectangulo: lineColor = '[-1.    0.04 -1.  ] (rgb)'
69.0072 	EXP 	rectangulo: autoDraw = True
69.5598 	EXP 	New trial (rep=0, index=3): OrderedDict([('color', [-1, 0.04, -1]), ('answer', 'v')])
69.5628 	DATA 	Keypress: v
69.5750 	EXP 	rectangulo: autoDraw = False
69.5750 	EXP 	rectangulo: fillColor = '[-1.    0.04 -1.  ] (rgb)'
69.5750 	EXP 	rectangulo: lineColor = '[-1.    0.04 -1.  ] (rgb)'
69.6055 	EXP 	rectangulo: autoDraw = True
70.1598 	EXP 	New trial (rep=0, index=4): OrderedDict([('color', [1, 0.1, -1]), ('answer', 'n')])
70.1625 	DATA 	Keypress: v
70.1721 	EXP 	rectangulo: autoDraw = False
70.1721 	EXP 	rectangulo: fillColor = '[ 1.   0.1 -1. ] (rgb)'
70.1721 	EXP 	rectangulo: lineColor = '[ 1.   0.1 -1. ] (rgb)'
70.2056 	EXP 	rectangulo: autoDraw = True
70.8268 	EXP 	New trial (rep=0, index=5): OrderedDict([('color', [-1, 0.04, -1]), ('answer', 'v')])
70.8295 	DATA 	Keypress: n
70.8385 	EXP 	rectangulo: autoDraw = False
70.8385 	EXP 	rectangulo: fillColor = '[-1.    0.04 -1.  ] (rgb)'
70.8385 	EXP 	rectangulo: lineColor = '[-1.    0.04 -1.  ] (rgb)'
70.8718 	EXP 	rectangulo: autoDraw = True
71.4426 	DATA 	Keypress: v
71.4659 	EXP 	New trial (rep=0, index=6): OrderedDict([('color', [0.004, -1, 0.004]), ('answer', 'l')])
71.4749 	EXP 	rectangulo: autoDraw = False
71.4749 	EXP 	rectangulo: fillColor = '[ 0.004 -1.     0.004] (rgb)'
71.4749 	EXP 	rectangulo: lineColor = '[ 0.004 -1.     0.004] (rgb)'
71.5239 	EXP 	rectangulo: autoDraw = True
72.1300 	EXP 	New trial (rep=0, index=7): OrderedDict([('color', [-1, -1, 1]), ('answer', 'a')])
72.1333 	DATA 	Keypress: l
72.1402 	EXP 	rectangulo: autoDraw = False
72.1402 	EXP 	rectangulo: fillColor = '[-1. -1.  1.] (rgb)'
72.1402 	EXP 	rectangulo: lineColor = '[-1. -1.  1.] (rgb)'
72.1713 	EXP 	rectangulo: autoDraw = True
72.7965 	EXP 	New trial (rep=0, index=8): OrderedDict([('color', [1, 0.1, -1]), ('answer', 'n')])
72.8009 	DATA 	Keypress: a
72.8162 	EXP 	rectangulo: autoDraw = False
72.8162 	EXP 	rectangulo: fillColor = '[ 1.   0.1 -1. ] (rgb)'
72.8162 	EXP 	rectangulo: lineColor = '[ 1.   0.1 -1. ] (rgb)'
72.8546 	EXP 	rectangulo: autoDraw = True
73.4760 	EXP 	New trial (rep=0, index=9): OrderedDict([('color', [-1, 0.04, -1]), ('answer', 'v')])
73.4785 	DATA 	Keypress: n
73.4876 	EXP 	rectangulo: autoDraw = False
73.4876 	EXP 	rectangulo: fillColor = '[-1.    0.04 -1.  ] (rgb)'
73.4876 	EXP 	rectangulo: lineColor = '[-1.    0.04 -1.  ] (rgb)'
73.5235 	EXP 	rectangulo: autoDraw = True
74.1249 	EXP 	New trial (rep=0, index=10): OrderedDict([('color', [0.004, -1, 0.004]), ('answer', 'l')])
74.1275 	DATA 	Keypress: v
74.1374 	EXP 	rectangulo: autoDraw = False
74.1374 	EXP 	rectangulo: fillColor = '[ 0.004 -1.     0.004] (rgb)'
74.1374 	EXP 	rectangulo: lineColor = '[ 0.004 -1.     0.004] (rgb)'
74.1732 	EXP 	rectangulo: autoDraw = True
74.8078 	EXP 	New trial (rep=0, index=11): OrderedDict([('color', [1, 0.1, -1]), ('answer', 'n')])
74.8105 	DATA 	Keypress: l
74.8202 	EXP 	rectangulo: autoDraw = False
74.8202 	EXP 	rectangulo: fillColor = '[ 1.   0.1 -1. ] (rgb)'
74.8202 	EXP 	rectangulo: lineColor = '[ 1.   0.1 -1. ] (rgb)'
74.8565 	EXP 	rectangulo: autoDraw = True
75.6101 	EXP 	New trial (rep=0, index=12): OrderedDict([('color', [-1, -1, 1]), ('answer', 'a')])
75.6125 	DATA 	Keypress: n
75.6211 	EXP 	rectangulo: autoDraw = False
75.6211 	EXP 	rectangulo: fillColor = '[-1. -1.  1.] (rgb)'
75.6211 	EXP 	rectangulo: lineColor = '[-1. -1.  1.] (rgb)'
75.6562 	EXP 	rectangulo: autoDraw = True
76.3236 	DATA 	Keypress: a
76.3407 	EXP 	New trial (rep=0, index=13): OrderedDict([('color', [-1, -1, 1]), ('answer', 'a')])
76.3560 	EXP 	rectangulo: autoDraw = False
76.3560 	EXP 	rectangulo: fillColor = '[-1. -1.  1.] (rgb)'
76.3560 	EXP 	rectangulo: lineColor = '[-1. -1.  1.] (rgb)'
76.3866 	EXP 	rectangulo: autoDraw = True
76.9953 	DATA 	Keypress: a
77.0136 	EXP 	New trial (rep=0, index=14): OrderedDict([('color', [0.004, -1, 0.004]), ('answer', 'l')])
77.0316 	EXP 	rectangulo: autoDraw = False
77.0316 	EXP 	rectangulo: fillColor = '[ 0.004 -1.     0.004] (rgb)'
77.0316 	EXP 	rectangulo: lineColor = '[ 0.004 -1.     0.004] (rgb)'
77.0716 	EXP 	rectangulo: autoDraw = True
77.7967 	DATA 	Keypress: l
77.8122 	EXP 	New trial (rep=0, index=15): OrderedDict([('color', [-1, -1, 1]), ('answer', 'a')])
77.8212 	EXP 	rectangulo: autoDraw = False
77.8212 	EXP 	rectangulo: fillColor = '[-1. -1.  1.] (rgb)'
77.8212 	EXP 	rectangulo: lineColor = '[-1. -1.  1.] (rgb)'
77.8526 	EXP 	rectangulo: autoDraw = True
78.5411 	EXP 	New trial (rep=0, index=16): OrderedDict([('color', [-1, 0.04, -1]), ('answer', 'v')])
78.5434 	DATA 	Keypress: a
78.5525 	EXP 	rectangulo: autoDraw = False
78.5525 	EXP 	rectangulo: fillColor = '[-1.    0.04 -1.  ] (rgb)'
78.5525 	EXP 	rectangulo: lineColor = '[-1.    0.04 -1.  ] (rgb)'
78.5885 	EXP 	rectangulo: autoDraw = True
79.5772 	EXP 	New trial (rep=0, index=17): OrderedDict([('color', [0.004, -1, 0.004]), ('answer', 'l')])
79.5802 	DATA 	Keypress: v
79.5977 	EXP 	rectangulo: autoDraw = False
79.5977 	EXP 	rectangulo: fillColor = '[ 0.004 -1.     0.004] (rgb)'
79.5977 	EXP 	rectangulo: lineColor = '[ 0.004 -1.     0.004] (rgb)'
79.6353 	EXP 	rectangulo: autoDraw = True
80.3126 	DATA 	Keypress: l
80.3272 	EXP 	New trial (rep=0, index=18): OrderedDict([('color', [0.004, -1, 0.004]), ('answer', 'l')])
80.3379 	EXP 	rectangulo: autoDraw = False
80.3379 	EXP 	rectangulo: fillColor = '[ 0.004 -1.     0.004] (rgb)'
80.3379 	EXP 	rectangulo: lineColor = '[ 0.004 -1.     0.004] (rgb)'
80.3685 	EXP 	rectangulo: autoDraw = True
80.9728 	EXP 	New trial (rep=0, index=19): OrderedDict([('color', [1, 0.1, -1]), ('answer', 'n')])
80.9755 	DATA 	Keypress: l
80.9850 	EXP 	rectangulo: autoDraw = False
80.9850 	EXP 	rectangulo: fillColor = '[ 1.   0.1 -1. ] (rgb)'
80.9850 	EXP 	rectangulo: lineColor = '[ 1.   0.1 -1. ] (rgb)'
81.0212 	EXP 	rectangulo: autoDraw = True
81.5782 	DATA 	Keypress: n
81.5942 	EXP 	New trial (rep=0, index=20): OrderedDict([('color', [1, 0.1, -1]), ('answer', 'n')])
81.6033 	EXP 	rectangulo: autoDraw = False
81.6033 	EXP 	rectangulo: fillColor = '[ 1.   0.1 -1. ] (rgb)'
81.6033 	EXP 	rectangulo: lineColor = '[ 1.   0.1 -1. ] (rgb)'
81.6348 	EXP 	rectangulo: autoDraw = True
82.2057 	EXP 	New trial (rep=0, index=21): OrderedDict([('color', [0.004, -1, 0.004]), ('answer', 'l')])
82.2085 	DATA 	Keypress: n
82.2209 	EXP 	rectangulo: autoDraw = False
82.2209 	EXP 	rectangulo: fillColor = '[ 0.004 -1.     0.004] (rgb)'
82.2209 	EXP 	rectangulo: lineColor = '[ 0.004 -1.     0.004] (rgb)'
82.2514 	EXP 	rectangulo: autoDraw = True
83.1563 	EXP 	New trial (rep=0, index=22): OrderedDict([('color', [0.004, -1, 0.004]), ('answer', 'l')])
83.1588 	DATA 	Keypress: l
83.1676 	EXP 	rectangulo: autoDraw = False
83.1676 	EXP 	rectangulo: fillColor = '[ 0.004 -1.     0.004] (rgb)'
83.1676 	EXP 	rectangulo: lineColor = '[ 0.004 -1.     0.004] (rgb)'
83.2009 	EXP 	rectangulo: autoDraw = True
83.7077 	DATA 	Keypress: l
84.6715 	EXP 	New trial (rep=0, index=23): OrderedDict([('color', [-1, 0.04, -1]), ('answer', 'v')])
84.6746 	DATA 	Keypress: l
84.6839 	EXP 	rectangulo: autoDraw = False
84.6839 	EXP 	rectangulo: fillColor = '[-1.    0.04 -1.  ] (rgb)'
84.6839 	EXP 	rectangulo: lineColor = '[-1.    0.04 -1.  ] (rgb)'
84.7169 	EXP 	rectangulo: autoDraw = True
85.4224 	EXP 	New trial (rep=0, index=24): OrderedDict([('color', [0.004, -1, 0.004]), ('answer', 'l')])
85.4257 	DATA 	Keypress: v
85.4347 	EXP 	rectangulo: autoDraw = False
85.4347 	EXP 	rectangulo: fillColor = '[ 0.004 -1.     0.004] (rgb)'
85.4347 	EXP 	rectangulo: lineColor = '[ 0.004 -1.     0.004] (rgb)'
85.4667 	EXP 	rectangulo: autoDraw = True
86.0406 	EXP 	New trial (rep=0, index=25): OrderedDict([('color', [-1, -1, 1]), ('answer', 'a')])
86.0442 	DATA 	Keypress: l
86.0525 	EXP 	rectangulo: autoDraw = False
86.0525 	EXP 	rectangulo: fillColor = '[-1. -1.  1.] (rgb)'
86.0525 	EXP 	rectangulo: lineColor = '[-1. -1.  1.] (rgb)'
86.0840 	EXP 	rectangulo: autoDraw = True
86.6894 	EXP 	New trial (rep=0, index=26): OrderedDict([('color', [-1, 0.04, -1]), ('answer', 'v')])
86.6919 	DATA 	Keypress: a
86.7003 	EXP 	rectangulo: autoDraw = False
86.7003 	EXP 	rectangulo: fillColor = '[-1.    0.04 -1.  ] (rgb)'
86.7003 	EXP 	rectangulo: lineColor = '[-1.    0.04 -1.  ] (rgb)'
86.7333 	EXP 	rectangulo: autoDraw = True
87.4385 	EXP 	New trial (rep=0, index=27): OrderedDict([('color', [1, 0.1, -1]), ('answer', 'n')])
87.4421 	DATA 	Keypress: v
87.4508 	EXP 	rectangulo: autoDraw = False
87.4508 	EXP 	rectangulo: fillColor = '[ 1.   0.1 -1. ] (rgb)'
87.4508 	EXP 	rectangulo: lineColor = '[ 1.   0.1 -1. ] (rgb)'
87.4846 	EXP 	rectangulo: autoDraw = True
88.0916 	DATA 	Keypress: n
88.1089 	EXP 	New trial (rep=0, index=28): OrderedDict([('color', [1, 0.1, -1]), ('answer', 'n')])
88.1197 	EXP 	rectangulo: autoDraw = False
88.1197 	EXP 	rectangulo: fillColor = '[ 1.   0.1 -1. ] (rgb)'
88.1197 	EXP 	rectangulo: lineColor = '[ 1.   0.1 -1. ] (rgb)'
88.1660 	EXP 	rectangulo: autoDraw = True
88.7541 	EXP 	New trial (rep=0, index=29): OrderedDict([('color', [1, 0.1, -1]), ('answer', 'n')])
88.7568 	DATA 	Keypress: n
88.7661 	EXP 	rectangulo: autoDraw = False
88.7661 	EXP 	rectangulo: fillColor = '[ 1.   0.1 -1. ] (rgb)'
88.7661 	EXP 	rectangulo: lineColor = '[ 1.   0.1 -1. ] (rgb)'
88.7998 	EXP 	rectangulo: autoDraw = True
89.3389 	EXP 	New trial (rep=0, index=30): OrderedDict([('color', [1, 0.1, -1]), ('answer', 'n')])
89.3418 	DATA 	Keypress: n
89.3508 	EXP 	rectangulo: autoDraw = False
89.3508 	EXP 	rectangulo: fillColor = '[ 1.   0.1 -1. ] (rgb)'
89.3508 	EXP 	rectangulo: lineColor = '[ 1.   0.1 -1. ] (rgb)'
89.3822 	EXP 	rectangulo: autoDraw = True
89.9531 	EXP 	New trial (rep=0, index=31): OrderedDict([('color', [-1, -1, 1]), ('answer', 'a')])
89.9557 	DATA 	Keypress: n
89.9654 	EXP 	rectangulo: autoDraw = False
89.9654 	EXP 	rectangulo: fillColor = '[-1. -1.  1.] (rgb)'
89.9654 	EXP 	rectangulo: lineColor = '[-1. -1.  1.] (rgb)'
89.9982 	EXP 	rectangulo: autoDraw = True
90.6710 	DATA 	Keypress: v
91.1392 	DATA 	Keypress: a
91.1573 	EXP 	New trial (rep=0, index=32): OrderedDict([('color', [-1, -1, 1]), ('answer', 'a')])
91.1687 	EXP 	rectangulo: autoDraw = False
91.1687 	EXP 	rectangulo: fillColor = '[-1. -1.  1.] (rgb)'
91.1687 	EXP 	rectangulo: lineColor = '[-1. -1.  1.] (rgb)'
91.2150 	EXP 	rectangulo: autoDraw = True
91.8365 	DATA 	Keypress: a
91.8536 	EXP 	New trial (rep=0, index=33): OrderedDict([('color', [-1, 0.04, -1]), ('answer', 'v')])
91.8656 	EXP 	rectangulo: autoDraw = False
91.8656 	EXP 	rectangulo: fillColor = '[-1.    0.04 -1.  ] (rgb)'
91.8656 	EXP 	rectangulo: lineColor = '[-1.    0.04 -1.  ] (rgb)'
91.8985 	EXP 	rectangulo: autoDraw = True
92.5892 	DATA 	Keypress: v
92.6050 	EXP 	New trial (rep=0, index=34): OrderedDict([('color', [-1, -1, 1]), ('answer', 'a')])
92.6163 	EXP 	rectangulo: autoDraw = False
92.6163 	EXP 	rectangulo: fillColor = '[-1. -1.  1.] (rgb)'
92.6163 	EXP 	rectangulo: lineColor = '[-1. -1.  1.] (rgb)'
92.6479 	EXP 	rectangulo: autoDraw = True
93.3263 	DATA 	Keypress: a
93.3349 	EXP 	rectangulo: autoDraw = False
93.3349 	EXP 	text: autoDraw = True
97.6678 	DATA 	Keypress: space
103.6974 	EXP 	Imported colores3_mix.xlsx as conditions, 35 conditions, 3 params
103.6979 	EXP 	Created sequence: random, trialTypes=35, nReps=1, seed=None
103.6984 	EXP 	New trial (rep=0, index=0): OrderedDict([('color', [-1, -1, 1]), ('texto', 'lila'), ('answer', 'a')])
103.7063 	DATA 	Keypress: space
103.7105 	EXP 	text: autoDraw = False
103.7105 	EXP 	colores2: color = '[-1. -1.  1.] (rgb)'
103.7105 	EXP 	colores2: text = 'lila'
103.7609 	EXP 	colores2: autoDraw = True
105.1645 	DATA 	Keypress: l
106.0998 	EXP 	New trial (rep=0, index=1): OrderedDict([('color', [-1, -1, 1]), ('texto', 'naranja'), ('answer', 'a')])
106.1112 	DATA 	Keypress: a
106.1154 	EXP 	colores2: autoDraw = False
106.1154 	EXP 	colores2: color = '[-1. -1.  1.] (rgb)'
106.1154 	EXP 	colores2: text = 'naranja'
106.1602 	EXP 	colores2: autoDraw = True
106.9331 	DATA 	Keypress: a
106.9508 	EXP 	New trial (rep=0, index=2): OrderedDict([('color', [-1, 0.04, -1]), ('texto', 'lila'), ('answer', 'v')])
106.9688 	EXP 	colores2: autoDraw = False
106.9688 	EXP 	colores2: color = '[-1.    0.04 -1.  ] (rgb)'
106.9688 	EXP 	colores2: text = 'lila'
107.0092 	EXP 	colores2: autoDraw = True
107.7835 	EXP 	New trial (rep=0, index=3): OrderedDict([('color', [1, 0.1, -1]), ('texto', 'lila'), ('answer', 'n')])
107.7869 	DATA 	Keypress: v
107.7956 	EXP 	colores2: autoDraw = False
107.7956 	EXP 	colores2: color = '[ 1.   0.1 -1. ] (rgb)'
107.7956 	EXP 	colores2: text = 'lila'
107.8273 	EXP 	colores2: autoDraw = True
108.6347 	EXP 	New trial (rep=0, index=4): OrderedDict([('color', [-1, 0.04, -1]), ('texto', 'lila'), ('answer', 'v')])
108.6388 	DATA 	Keypress: n
108.6455 	EXP 	colores2: autoDraw = False
108.6455 	EXP 	colores2: color = '[-1.    0.04 -1.  ] (rgb)'
108.6455 	EXP 	colores2: text = 'lila'
108.6928 	EXP 	colores2: autoDraw = True
109.5300 	EXP 	New trial (rep=0, index=5): OrderedDict([('color', [0.004, -1, 0.004]), ('texto', 'verde'), ('answer', 'l')])
109.5364 	DATA 	Keypress: v
109.5440 	EXP 	colores2: autoDraw = False
109.5440 	EXP 	colores2: color = '[ 0.004 -1.     0.004] (rgb)'
109.5440 	EXP 	colores2: text = 'verde'
109.5923 	EXP 	colores2: autoDraw = True
110.6665 	EXP 	New trial (rep=0, index=6): OrderedDict([('color', [0.004, -1, 0.004]), ('texto', 'verde'), ('answer', 'l')])
110.6709 	DATA 	Keypress: l
110.6780 	EXP 	colores2: autoDraw = False
110.6780 	EXP 	colores2: color = '[ 0.004 -1.     0.004] (rgb)'
110.6780 	EXP 	colores2: text = 'verde'
110.7098 	EXP 	colores2: autoDraw = True
111.2658 	EXP 	New trial (rep=0, index=7): OrderedDict([('color', [0.004, -1, 0.004]), ('texto', 'azul'), ('answer', 'l')])
111.2809 	DATA 	Keypress: l
111.2852 	EXP 	colores2: autoDraw = False
111.2852 	EXP 	colores2: color = '[ 0.004 -1.     0.004] (rgb)'
111.2852 	EXP 	colores2: text = 'azul'
111.3249 	EXP 	colores2: autoDraw = True
111.9638 	DATA 	Keypress: a
112.4473 	EXP 	New trial (rep=0, index=8): OrderedDict([('color', [0.004, -1, 0.004]), ('texto', 'verde'), ('answer', 'l')])
112.4614 	DATA 	Keypress: l
112.4656 	EXP 	colores2: autoDraw = False
112.4656 	EXP 	colores2: color = '[ 0.004 -1.     0.004] (rgb)'
112.4656 	EXP 	colores2: text = 'verde'
112.5076 	EXP 	colores2: autoDraw = True
113.2301 	EXP 	New trial (rep=0, index=9): OrderedDict([('color', [-1, -1, 1]), ('texto', 'lila'), ('answer', 'a')])
113.2394 	DATA 	Keypress: l
113.2435 	EXP 	colores2: autoDraw = False
113.2435 	EXP 	colores2: color = '[-1. -1.  1.] (rgb)'
113.2435 	EXP 	colores2: text = 'lila'
113.2908 	EXP 	colores2: autoDraw = True
114.0118 	DATA 	Keypress: a
114.0281 	EXP 	New trial (rep=0, index=10): OrderedDict([('color', [1, 0.1, -1]), ('texto', 'lila'), ('answer', 'n')])
114.0402 	EXP 	colores2: autoDraw = False
114.0402 	EXP 	colores2: color = '[ 1.   0.1 -1. ] (rgb)'
114.0402 	EXP 	colores2: text = 'lila'
114.0742 	EXP 	colores2: autoDraw = True
114.7466 	EXP 	New trial (rep=0, index=11): OrderedDict([('color', [-1, -1, 1]), ('texto', 'verde'), ('answer', 'a')])
114.7618 	DATA 	Keypress: n
114.7661 	EXP 	colores2: autoDraw = False
114.7661 	EXP 	colores2: color = '[-1. -1.  1.] (rgb)'
114.7661 	EXP 	colores2: text = 'verde'
114.8077 	EXP 	colores2: autoDraw = True
115.4444 	EXP 	New trial (rep=0, index=12): OrderedDict([('color', [-1, 0.04, -1]), ('texto', 'naranja'), ('answer', 'v')])
115.4529 	DATA 	Keypress: a
115.4584 	EXP 	colores2: autoDraw = False
115.4584 	EXP 	colores2: color = '[-1.    0.04 -1.  ] (rgb)'
115.4584 	EXP 	colores2: text = 'naranja'
115.5067 	EXP 	colores2: autoDraw = True
116.2317 	DATA 	Keypress: v
117.7105 	EXP 	New trial (rep=0, index=13): OrderedDict([('color', [0.004, -1, 0.004]), ('texto', 'naranja'), ('answer', 'l')])
117.7130 	DATA 	Keypress: v
117.7227 	EXP 	colores2: autoDraw = False
117.7227 	EXP 	colores2: color = '[ 0.004 -1.     0.004] (rgb)'
117.7227 	EXP 	colores2: text = 'naranja'
117.7560 	EXP 	colores2: autoDraw = True
118.6455 	DATA 	Keypress: l
118.6624 	EXP 	New trial (rep=0, index=14): OrderedDict([('color', [-1, -1, 1]), ('texto', 'naranja'), ('answer', 'a')])
118.6738 	EXP 	colores2: autoDraw = False
118.6738 	EXP 	colores2: color = '[-1. -1.  1.] (rgb)'
118.6738 	EXP 	colores2: text = 'naranja'
118.7065 	EXP 	colores2: autoDraw = True
119.5428 	EXP 	New trial (rep=0, index=15): OrderedDict([('color', [0.004, -1, 0.004]), ('texto', 'azul'), ('answer', 'l')])
119.5492 	DATA 	Keypress: a
119.5675 	EXP 	colores2: autoDraw = False
119.5675 	EXP 	colores2: color = '[ 0.004 -1.     0.004] (rgb)'
119.5675 	EXP 	colores2: text = 'azul'
119.6060 	EXP 	colores2: autoDraw = True
120.5758 	EXP 	New trial (rep=0, index=16): OrderedDict([('color', [1, 0.1, -1]), ('texto', 'verde'), ('answer', 'n')])
120.5822 	DATA 	Keypress: l
120.5902 	EXP 	colores2: autoDraw = False
120.5902 	EXP 	colores2: color = '[ 1.   0.1 -1. ] (rgb)'
120.5902 	EXP 	colores2: text = 'verde'
120.6219 	EXP 	colores2: autoDraw = True
121.8945 	EXP 	New trial (rep=0, index=17): OrderedDict([('color', [0.004, -1, 0.004]), ('texto', 'azul'), ('answer', 'l')])
121.9089 	DATA 	Keypress: n
121.9131 	EXP 	colores2: autoDraw = False
121.9131 	EXP 	colores2: color = '[ 0.004 -1.     0.004] (rgb)'
121.9131 	EXP 	colores2: text = 'azul'
121.9549 	EXP 	colores2: autoDraw = True
122.8250 	EXP 	New trial (rep=0, index=18): OrderedDict([('color', [0.004, -1, 0.004]), ('texto', 'naranja'), ('answer', 'l')])
122.8357 	DATA 	Keypress: l
122.8398 	EXP 	colores2: autoDraw = False
122.8398 	EXP 	colores2: color = '[ 0.004 -1.     0.004] (rgb)'
122.8398 	EXP 	colores2: text = 'naranja'
122.8875 	EXP 	colores2: autoDraw = True
123.5133 	EXP 	New trial (rep=0, index=19): OrderedDict([('color', [1, 0.1, -1]), ('texto', 'azul'), ('answer', 'n')])
123.5312 	DATA 	Keypress: l
123.5360 	EXP 	colores2: autoDraw = False
123.5360 	EXP 	colores2: color = '[ 1.   0.1 -1. ] (rgb)'
123.5360 	EXP 	colores2: text = 'azul'
123.5707 	EXP 	colores2: autoDraw = True
124.3463 	DATA 	Keypress: a
124.6616 	EXP 	New trial (rep=0, index=20): OrderedDict([('color', [1, 0.1, -1]), ('texto', 'verde'), ('answer', 'n')])
124.6729 	DATA 	Keypress: n
124.6771 	EXP 	colores2: autoDraw = False
124.6771 	EXP 	colores2: color = '[ 1.   0.1 -1. ] (rgb)'
124.6771 	EXP 	colores2: text = 'verde'
124.7417 	EXP 	colores2: autoDraw = True
125.3914 	EXP 	New trial (rep=0, index=21): OrderedDict([('color', [-1, 0.04, -1]), ('texto', 'naranja'), ('answer', 'v')])
125.3997 	DATA 	Keypress: n
125.4050 	EXP 	colores2: autoDraw = False
125.4050 	EXP 	colores2: color = '[-1.    0.04 -1.  ] (rgb)'
125.4050 	EXP 	colores2: text = 'naranja'
125.4531 	EXP 	colores2: autoDraw = True
125.9913 	EXP 	New trial (rep=0, index=22): OrderedDict([('color', [-1, -1, 1]), ('texto', 'verde'), ('answer', 'a')])
125.9984 	DATA 	Keypress: v
126.0046 	EXP 	colores2: autoDraw = False
126.0046 	EXP 	colores2: color = '[-1. -1.  1.] (rgb)'
126.0046 	EXP 	colores2: text = 'verde'
126.0529 	EXP 	colores2: autoDraw = True
126.6582 	DATA 	Keypress: a
126.6736 	EXP 	New trial (rep=0, index=23): OrderedDict([('color', [-1, 0.04, -1]), ('texto', 'azul'), ('answer', 'v')])
126.6880 	EXP 	colores2: autoDraw = False
126.6880 	EXP 	colores2: color = '[-1.    0.04 -1.  ] (rgb)'
126.6880 	EXP 	colores2: text = 'azul'
126.7198 	EXP 	colores2: autoDraw = True
127.6120 	EXP 	New trial (rep=0, index=24): OrderedDict([('color', [-1, -1, 1]), ('texto', 'lila'), ('answer', 'a')])
127.6274 	DATA 	Keypress: v
127.6315 	EXP 	colores2: autoDraw = False
127.6315 	EXP 	colores2: color = '[-1. -1.  1.] (rgb)'
127.6315 	EXP 	colores2: text = 'lila'
127.6714 	EXP 	colores2: autoDraw = True
129.2427 	EXP 	New trial (rep=0, index=25): OrderedDict([('color', [1, 0.1, -1]), ('texto', 'azul'), ('answer', 'n')])
129.2571 	DATA 	Keypress: a
129.2614 	EXP 	colores2: autoDraw = False
129.2614 	EXP 	colores2: color = '[ 1.   0.1 -1. ] (rgb)'
129.2614 	EXP 	colores2: text = 'azul'
129.3018 	EXP 	colores2: autoDraw = True
130.4419 	EXP 	New trial (rep=0, index=26): OrderedDict([('color', [-1, 0.04, -1]), ('texto', 'lila'), ('answer', 'v')])
130.4548 	DATA 	Keypress: n
130.4590 	EXP 	colores2: autoDraw = False
130.4590 	EXP 	colores2: color = '[-1.    0.04 -1.  ] (rgb)'
130.4590 	EXP 	colores2: text = 'lila'
130.5012 	EXP 	colores2: autoDraw = True
131.7904 	DATA 	Keypress: l
132.3223 	DATA 	Keypress: v
132.3453 	EXP 	New trial (rep=0, index=27): OrderedDict([('color', [1, 0.1, -1]), ('texto', 'verde'), ('answer', 'n')])
132.3624 	EXP 	colores2: autoDraw = False
132.3624 	EXP 	colores2: color = '[ 1.   0.1 -1. ] (rgb)'
132.3624 	EXP 	colores2: text = 'verde'
132.4010 	EXP 	colores2: autoDraw = True
133.0749 	DATA 	Keypress: n
133.0920 	EXP 	New trial (rep=0, index=28): OrderedDict([('color', [-1, -1, 1]), ('texto', 'naranja'), ('answer', 'a')])
133.1130 	EXP 	colores2: autoDraw = False
133.1130 	EXP 	colores2: color = '[-1. -1.  1.] (rgb)'
133.1130 	EXP 	colores2: text = 'naranja'
133.1510 	EXP 	colores2: autoDraw = True
133.8400 	EXP 	New trial (rep=0, index=29): OrderedDict([('color', [1, 0.1, -1]), ('texto', 'azul'), ('answer', 'n')])
133.8513 	DATA 	Keypress: a
133.8554 	EXP 	colores2: autoDraw = False
133.8554 	EXP 	colores2: color = '[ 1.   0.1 -1. ] (rgb)'
133.8554 	EXP 	colores2: text = 'azul'
133.9008 	EXP 	colores2: autoDraw = True
134.8910 	DATA 	Keypress: v
135.1897 	EXP 	New trial (rep=0, index=30): OrderedDict([('color', [-1, 0.04, -1]), ('texto', 'azul'), ('answer', 'v')])
135.1931 	DATA 	Keypress: n
135.2021 	EXP 	colores2: autoDraw = False
135.2021 	EXP 	colores2: color = '[-1.    0.04 -1.  ] (rgb)'
135.2021 	EXP 	colores2: text = 'azul'
135.2335 	EXP 	colores2: autoDraw = True
135.8203 	DATA 	Keypress: v
135.8374 	EXP 	New trial (rep=0, index=31): OrderedDict([('color', [1, 0.1, -1]), ('texto', 'lila'), ('answer', 'n')])
135.8519 	EXP 	colores2: autoDraw = False
135.8519 	EXP 	colores2: color = '[ 1.   0.1 -1. ] (rgb)'
135.8519 	EXP 	colores2: text = 'lila'
135.8828 	EXP 	colores2: autoDraw = True
136.4533 	EXP 	New trial (rep=0, index=32): OrderedDict([('color', [-1, 0.04, -1]), ('texto', 'azul'), ('answer', 'v')])
136.4597 	DATA 	Keypress: n
136.4685 	EXP 	colores2: autoDraw = False
136.4685 	EXP 	colores2: color = '[-1.    0.04 -1.  ] (rgb)'
136.4685 	EXP 	colores2: text = 'azul'
136.5014 	EXP 	colores2: autoDraw = True
137.0709 	EXP 	New trial (rep=0, index=33): OrderedDict([('color', [-1, 0.04, -1]), ('texto', 'naranja'), ('answer', 'v')])
137.0833 	DATA 	Keypress: v
137.0878 	EXP 	colores2: autoDraw = False
137.0878 	EXP 	colores2: color = '[-1.    0.04 -1.  ] (rgb)'
137.0878 	EXP 	colores2: text = 'naranja'
137.1332 	EXP 	colores2: autoDraw = True
137.8389 	DATA 	Keypress: v
137.8541 	EXP 	New trial (rep=0, index=34): OrderedDict([('color', [0.004, -1, 0.004]), ('texto', 'naranja'), ('answer', 'l')])
137.8659 	EXP 	colores2: autoDraw = False
137.8659 	EXP 	colores2: color = '[ 0.004 -1.     0.004] (rgb)'
137.8659 	EXP 	colores2: text = 'naranja'
137.8992 	EXP 	colores2: autoDraw = True
138.5266 	DATA 	Keypress: l
138.5351 	EXP 	colores2: autoDraw = False
138.5351 	EXP 	despedida: autoDraw = True
141.5485 	EXP 	despedida: autoDraw = False
141.6868 	EXP 	window1: mouseVisible = True
