5.4770 	WARNING 	User requested fullscreen with size [1366  768], but screen is actually [1920, 1080]. Using actual size
7.5524 	EXP 	Created window1 = Window(allowGUI=False, allowStencil=False, args=UNKNOWN, autoLog=True, bitsMode=UNKNOWN, blendMode='avg', color=array([-1., -1., -1.]), colorSpace='rgb', fullscr=<method-wrapper '__getattribute__' of attributeSetter object at 0x000001F1A0A06A58>, gamma=None, gammaErrorPolicy='raise', kwargs=UNKNOWN, lms=UNKNOWN, monitor=<psychopy.monitors.calibTools.Monitor object at 0x000001F1A0ACDC88>, multiSample=False, name='window1', numSamples=2, pos=[0.0, 0.0], screen=0, size=array([1920, 1080]), stereo=False, units='norm', useFBO=True, useRetina=False, viewOri=0.0, viewPos=None, viewScale=None, waitBlanking=True, winType='pyglet')
7.5524 	EXP 	window1: recordFrameIntervals = False
7.7213 	EXP 	window1: recordFrameIntervals = True
7.9190 	EXP 	window1: recordFrameIntervals = False
8.7056 	EXP 	Created image = ImageStim(__class__=<class 'psychopy.visual.image.ImageStim'>, autoLog=True, color=array([1., 1., 1.]), colorSpace='rgb', contrast=1.0, depth=0.0, flipHoriz=False, flipVert=False, image='imagenes/Title.png', interpolate=True, mask=None, maskParams=None, name='image', opacity=1.0, ori=1.0, pos=array([0., 0.]), size=array([1., 1.]), texRes=128, units='norm', win=Window(...))
9.2711 	WARNING 	Hamming was requested using the 'pygame' sound library but hamming is not supported there.
9.2724 	EXP 	Set monkey_sound sound=monkeys_sound.wav
9.2724 	EXP 	Set Sound monkey_sound volume=1.000
9.5090 	EXP 	Created Bienvenida = TextStim(__class__=<class 'psychopy.visual.text.TextStim'>, alignHoriz='center', alignVert='center', antialias=True, autoLog=True, bold=False, color='white', colorSpace='named', contrast=1.0, depth=0.0, flipHoriz=False, flipVert=False, font='Arial', fontFiles=[], height=0.1, italic=False, languageStyle='LTR', name='Bienvenida', opacity=1.0, ori=0, pos=array([0., 0.]), rgb=array([255., 255., 255.]), text=str(...), units='norm', win=Window(...), wrapWidth=1)
10.5185 	EXP 	Created logo_OB_intro = ImageStim(__class__=<class 'psychopy.visual.image.ImageStim'>, autoLog=True, color=array([1., 1., 1.]), colorSpace='rgb', contrast=1.0, depth=-2.0, flipHoriz=False, flipVert=False, image='logo_OB.png', interpolate=True, mask=None, maskParams=None, name='logo_OB_intro', opacity=1.0, ori=0.0, pos=array([0.6, 0.6]), size=array([0.15, 0.18]), texRes=128, units='norm', win=Window(...))
10.5219 	EXP 	Created Banana = ImageStim(__class__=<class 'psychopy.visual.image.ImageStim'>, autoLog=True, color=array([1., 1., 1.]), colorSpace='rgb', contrast=1.0, depth=-2.0, flipHoriz=False, flipVert=False, image='banana.png', interpolate=True, mask=None, maskParams=None, name='Banana', opacity=1.0, ori=0.0, pos=array([0., 0.]), size=array([0.15, 0.4 ]), texRes=128, units='norm', win=Window(...))
10.5249 	EXP 	Created SplatBanana = ImageStim(__class__=<class 'psychopy.visual.image.ImageStim'>, autoLog=True, color=array([1., 1., 1.]), colorSpace='rgb', contrast=1.0, depth=-3.0, flipHoriz=False, flipVert=False, image='bansplat.png', interpolate=True, mask=None, maskParams=None, name='SplatBanana', opacity=1.0, ori=0.0, pos=array([0., 0.]), size=array([0.3, 0.4]), texRes=128, units='norm', win=Window(...))
10.5250 	WARNING 	Hamming was requested using the 'pygame' sound library but hamming is not supported there.
10.5416 	EXP 	Set Munch sound=A
10.5417 	EXP 	Set Sound Munch volume=1.000
10.5418 	WARNING 	Hamming was requested using the 'pygame' sound library but hamming is not supported there.
10.5426 	EXP 	Set Splat sound=splat.wav
10.5426 	EXP 	Set Sound Splat volume=1.000
10.5465 	EXP 	Created MonkeyMouth = ImageStim(__class__=<class 'psychopy.visual.image.ImageStim'>, autoLog=True, color=array([1., 1., 1.]), colorSpace='rgb', contrast=1.0, depth=-6.0, flipHoriz=False, flipVert=False, image='monkey.png', interpolate=True, mask=None, maskParams=None, name='MonkeyMouth', opacity=1.0, ori=0.0, pos=array([0., 0.]), size=array([0.5, 0.5]), texRes=128, units='norm', win=Window(...))
10.5503 	EXP 	Created MonkeyHappy = ImageStim(__class__=<class 'psychopy.visual.image.ImageStim'>, autoLog=True, color=array([1., 1., 1.]), colorSpace='rgb', contrast=1.0, depth=-7.0, flipHoriz=False, flipVert=False, image='monkeymunch.png', interpolate=True, mask=None, maskParams=None, name='MonkeyHappy', opacity=1.0, ori=0.0, pos=array([0., 0.]), size=array([0.5, 0.5]), texRes=128, units='norm', win=Window(...))
10.5643 	EXP 	Created MonkeySad = ImageStim(__class__=<class 'psychopy.visual.image.ImageStim'>, autoLog=True, color=array([1., 1., 1.]), colorSpace='rgb', contrast=1.0, depth=-8.0, flipHoriz=False, flipVert=False, image='monkeyno.png', interpolate=True, mask=None, maskParams=None, name='MonkeySad', opacity=1.0, ori=0.0, pos=array([0., 0.]), size=array([0.5, 0.5]), texRes=128, units='norm', win=Window(...))
10.5951 	EXP 	Created feedback_text = TextStim(__class__=<class 'psychopy.visual.text.TextStim'>, alignHoriz='center', alignVert='center', antialias=True, autoLog=True, bold=False, color='white', colorSpace='named', contrast=1.0, depth=0.0, flipHoriz=False, flipVert=False, font='Arial', fontFiles=[], height=0.1, italic=False, languageStyle='LTR', name='feedback_text', opacity=1.0, ori=0, pos=array([0., 0.]), rgb=array([255., 255., 255.]), text='default text', units='norm', win=Window(...), wrapWidth=1)
10.5951 	WARNING 	Hamming was requested using the 'pygame' sound library but hamming is not supported there.
10.5962 	EXP 	Set level_up_sound sound=level_up.wav
10.5963 	EXP 	Set Sound level_up_sound volume=1.000
10.6513 	EXP 	Created velo = TextStim(__class__=<class 'psychopy.visual.text.TextStim'>, alignHoriz='center', alignVert='center', antialias=True, autoLog=True, bold=False, color='red', colorSpace='named', contrast=1.0, depth=-2.0, flipHoriz=False, flipVert=False, font='Arial', fontFiles=[], height=0.12, italic=False, languageStyle='LTR', name='velo', opacity=1.0, ori=0, pos=array([ 0. , -0.2]), rgb=array([255.,   0.,   0.]), text='default text', units='norm', win=Window(...), wrapWidth=1)
10.6979 	EXP 	Created text = TextStim(__class__=<class 'psychopy.visual.text.TextStim'>, alignHoriz='center', alignVert='center', antialias=True, autoLog=True, bold=False, color='white', colorSpace='named', contrast=1.0, depth=0.0, flipHoriz=False, flipVert=False, font='Arial', fontFiles=[], height=0.1, italic=False, languageStyle='LTR', name='text', opacity=1.0, ori=0, pos=array([0., 0.]), rgb=array([255., 255., 255.]), text=str(...), units='norm', win=Window(...), wrapWidth=1)
10.7101 	EXP 	Created Adios = TextStim(__class__=<class 'psychopy.visual.text.TextStim'>, alignHoriz='center', alignVert='center', antialias=True, autoLog=True, bold=False, color='white', colorSpace='named', contrast=1.0, depth=0.0, flipHoriz=False, flipVert=False, font='Arial', fontFiles=[], height=0.1, italic=False, languageStyle='LTR', name='Adios', opacity=1.0, ori=0, pos=array([0., 0.]), rgb=array([255., 255., 255.]), text='¡Muchas gracias por participar!', units='norm', win=Window(...), wrapWidth=1)
11.4629 	EXP 	Created logo_ob_fin = ImageStim(__class__=<class 'psychopy.visual.image.ImageStim'>, autoLog=True, color=array([1., 1., 1.]), colorSpace='rgb', contrast=1.0, depth=-2.0, flipHoriz=False, flipVert=False, image='logo_OB.png', interpolate=True, mask=None, maskParams=None, name='logo_ob_fin', opacity=1.0, ori=0.0, pos=array([0.6, 0.6]), size=array([0.15, 0.18]), texRes=128, units='norm', win=Window(...))
11.4636 	EXP 	Set monkey_sound sound=monkeys_sound.wav
11.4638 	EXP 	Sound monkey_sound started
11.5574 	EXP 	image: autoDraw = True
14.4597 	EXP 	Sound monkey_sound stopped
14.4764 	EXP 	Sound monkey_sound stopped
14.5214 	EXP 	image: autoDraw = False
14.5214 	EXP 	Bienvenida: autoDraw = True
14.5214 	EXP 	logo_OB_intro: autoDraw = True
27.2438 	EXP 	Created sequence: random, trialTypes=1, nReps=10, seed=None
27.2441 	EXP 	New trial (rep=0, index=0): None
27.2445 	EXP 	Created sequence: random, trialTypes=1, nReps=2, seed=None
27.2447 	EXP 	New trial (rep=0, index=0): None
27.2458 	EXP 	Set Munch sound=munch.wav
27.2467 	EXP 	Set Splat sound=splat.wav
27.2472 	DATA 	Keypress: space
27.2564 	EXP 	Bienvenida: autoDraw = False
27.2564 	EXP 	logo_OB_intro: autoDraw = False
27.2564 	EXP 	Banana: autoDraw = True
27.2564 	EXP 	SplatBanana: autoDraw = True
27.2564 	EXP 	MonkeyMouth: autoDraw = True
27.2564 	EXP 	MonkeyHappy: autoDraw = True
27.2564 	EXP 	MonkeySad: autoDraw = True
29.0085 	EXP 	Sound Munch started
29.9273 	EXP 	Sound Munch stopped
29.9274 	EXP 	Sound Splat stopped
29.9276 	EXP 	New trial (rep=1, index=0): None
29.9285 	EXP 	Set Munch sound=munch.wav
29.9291 	EXP 	Set Splat sound=splat.wav
29.9415 	EXP 	Banana: autoDraw = False
29.9415 	EXP 	SplatBanana: autoDraw = False
29.9415 	EXP 	MonkeyMouth: autoDraw = False
29.9415 	EXP 	MonkeyHappy: autoDraw = False
29.9415 	EXP 	MonkeySad: autoDraw = False
29.9415 	EXP 	Banana: autoDraw = True
29.9415 	EXP 	SplatBanana: autoDraw = True
29.9415 	EXP 	MonkeyMouth: autoDraw = True
29.9415 	EXP 	MonkeyHappy: autoDraw = True
29.9415 	EXP 	MonkeySad: autoDraw = True
31.5108 	EXP 	Sound Munch started
32.3297 	EXP 	Sound Munch stopped
32.3297 	EXP 	Sound Splat stopped
32.3308 	EXP 	Set level_up_sound sound=level_up.wav
32.3410 	EXP 	Sound level_up_sound started
32.3784 	EXP 	Banana: autoDraw = False
32.3784 	EXP 	SplatBanana: autoDraw = False
32.3784 	EXP 	MonkeyMouth: autoDraw = False
32.3784 	EXP 	MonkeyHappy: autoDraw = False
32.3784 	EXP 	MonkeySad: autoDraw = False
32.3784 	EXP 	feedback_text: autoDraw = True
32.3784 	EXP 	velo: autoDraw = True
35.3306 	EXP 	Sound level_up_sound stopped
35.3466 	EXP 	feedback_text: autoDraw = False
35.3466 	EXP 	velo: autoDraw = False
35.3466 	EXP 	text: autoDraw = True
36.8466 	DATA 	Keypress: n
36.8902 	EXP 	text: autoDraw = False
36.8902 	EXP 	Adios: autoDraw = True
36.8902 	EXP 	logo_ob_fin: autoDraw = True
41.9033 	EXP 	Adios: autoDraw = False
42.9741 	DATA 	Keypress: escape
43.5441 	EXP 	window1: mouseVisible = True
