7.5457 	WARNING 	User requested fullscreen with size [1366  768], but screen is actually [1920, 1080]. Using actual size
10.5408 	EXP 	Created window1 = Window(allowGUI=False, allowStencil=False, args=UNKNOWN, autoLog=True, bitsMode=UNKNOWN, blendMode='avg', color=array([-1., -1., -1.]), colorSpace='rgb', fullscr=<method-wrapper '__getattribute__' of attributeSetter object at 0x00000172AA5C59B0>, gamma=None, gammaErrorPolicy='raise', kwargs=UNKNOWN, lms=UNKNOWN, monitor=<psychopy.monitors.calibTools.Monitor object at 0x00000172AA40CBE0>, multiSample=False, name='window1', numSamples=2, pos=[0.0, 0.0], screen=0, size=array([1920, 1080]), stereo=False, units='norm', useFBO=True, useRetina=False, viewOri=0.0, viewPos=None, viewScale=None, waitBlanking=True, winType='pyglet')
10.5409 	EXP 	window1: recordFrameIntervals = False
10.7065 	EXP 	window1: recordFrameIntervals = True
10.8905 	EXP 	window1: recordFrameIntervals = False
12.4675 	EXP 	Created image = ImageStim(__class__=<class 'psychopy.visual.image.ImageStim'>, autoLog=True, color=array([1., 1., 1.]), colorSpace='rgb', contrast=1.0, depth=0.0, flipHoriz=False, flipVert=False, image='imagenes/Title.png', interpolate=True, mask=None, maskParams=None, name='image', opacity=1.0, ori=1.0, pos=array([0., 0.]), size=array([1., 1.]), texRes=128, units='norm', win=Window(...))
13.4754 	WARNING 	Hamming was requested using the 'pygame' sound library but hamming is not supported there.
13.4775 	EXP 	Set monkey_sound sound=monkeys_sound.wav
13.4776 	EXP 	Set Sound monkey_sound volume=1.000
13.9541 	EXP 	Created Bienvenida = TextStim(__class__=<class 'psychopy.visual.text.TextStim'>, alignHoriz='center', alignVert='center', antialias=True, autoLog=True, bold=False, color='white', colorSpace='named', contrast=1.0, depth=0.0, flipHoriz=False, flipVert=False, font='Arial', fontFiles=[], height=0.1, italic=False, languageStyle='LTR', name='Bienvenida', opacity=1.0, ori=0, pos=array([0., 0.]), rgb=array([255., 255., 255.]), text=str(...), units='norm', win=Window(...), wrapWidth=1)
13.9684 	EXP 	Created Banana = ImageStim(__class__=<class 'psychopy.visual.image.ImageStim'>, autoLog=True, color=array([1., 1., 1.]), colorSpace='rgb', contrast=1.0, depth=-2.0, flipHoriz=False, flipVert=False, image='banana.png', interpolate=True, mask=None, maskParams=None, name='Banana', opacity=1.0, ori=0.0, pos=array([0., 0.]), size=array([0.15, 0.4 ]), texRes=128, units='norm', win=Window(...))
13.9824 	EXP 	Created SplatBanana = ImageStim(__class__=<class 'psychopy.visual.image.ImageStim'>, autoLog=True, color=array([1., 1., 1.]), colorSpace='rgb', contrast=1.0, depth=-3.0, flipHoriz=False, flipVert=False, image='bansplat.png', interpolate=True, mask=None, maskParams=None, name='SplatBanana', opacity=1.0, ori=0.0, pos=array([0., 0.]), size=array([0.3, 0.4]), texRes=128, units='norm', win=Window(...))
13.9825 	WARNING 	Hamming was requested using the 'pygame' sound library but hamming is not supported there.
14.0305 	EXP 	Set Munch sound=A
14.0306 	EXP 	Set Sound Munch volume=1.000
14.0307 	WARNING 	Hamming was requested using the 'pygame' sound library but hamming is not supported there.
14.0329 	EXP 	Set Splat sound=splat.wav
14.0329 	EXP 	Set Sound Splat volume=1.000
14.0468 	EXP 	Created MonkeyMouth = ImageStim(__class__=<class 'psychopy.visual.image.ImageStim'>, autoLog=True, color=array([1., 1., 1.]), colorSpace='rgb', contrast=1.0, depth=-6.0, flipHoriz=False, flipVert=False, image='monkey.png', interpolate=True, mask=None, maskParams=None, name='MonkeyMouth', opacity=1.0, ori=0.0, pos=array([0., 0.]), size=array([0.5, 0.5]), texRes=128, units='norm', win=Window(...))
14.0639 	EXP 	Created MonkeyHappy = ImageStim(__class__=<class 'psychopy.visual.image.ImageStim'>, autoLog=True, color=array([1., 1., 1.]), colorSpace='rgb', contrast=1.0, depth=-7.0, flipHoriz=False, flipVert=False, image='monkeymunch.png', interpolate=True, mask=None, maskParams=None, name='MonkeyHappy', opacity=1.0, ori=0.0, pos=array([0., 0.]), size=array([0.5, 0.5]), texRes=128, units='norm', win=Window(...))
14.0811 	EXP 	Created MonkeySad = ImageStim(__class__=<class 'psychopy.visual.image.ImageStim'>, autoLog=True, color=array([1., 1., 1.]), colorSpace='rgb', contrast=1.0, depth=-8.0, flipHoriz=False, flipVert=False, image='monkeyno.png', interpolate=True, mask=None, maskParams=None, name='MonkeySad', opacity=1.0, ori=0.0, pos=array([0., 0.]), size=array([0.5, 0.5]), texRes=128, units='norm', win=Window(...))
14.1122 	EXP 	Created feedback_text = TextStim(__class__=<class 'psychopy.visual.text.TextStim'>, alignHoriz='center', alignVert='center', antialias=True, autoLog=True, bold=False, color='white', colorSpace='named', contrast=1.0, depth=0.0, flipHoriz=False, flipVert=False, font='Arial', fontFiles=[], height=0.1, italic=False, languageStyle='LTR', name='feedback_text', opacity=1.0, ori=0, pos=array([0., 0.]), rgb=array([255., 255., 255.]), text='default text', units='norm', win=Window(...), wrapWidth=1)
14.1123 	WARNING 	Hamming was requested using the 'pygame' sound library but hamming is not supported there.
14.1147 	EXP 	Set level_up_sound sound=level_up.wav
14.1148 	EXP 	Set Sound level_up_sound volume=1.000
14.1688 	EXP 	Created velo = TextStim(__class__=<class 'psychopy.visual.text.TextStim'>, alignHoriz='center', alignVert='center', antialias=True, autoLog=True, bold=False, color='red', colorSpace='named', contrast=1.0, depth=-2.0, flipHoriz=False, flipVert=False, font='Arial', fontFiles=[], height=0.12, italic=False, languageStyle='LTR', name='velo', opacity=1.0, ori=0, pos=array([-0.1, -0.2]), rgb=array([255.,   0.,   0.]), text='default text', units='norm', win=Window(...), wrapWidth=1)
14.2505 	EXP 	Created text = TextStim(__class__=<class 'psychopy.visual.text.TextStim'>, alignHoriz='center', alignVert='center', antialias=True, autoLog=True, bold=False, color='white', colorSpace='named', contrast=1.0, depth=0.0, flipHoriz=False, flipVert=False, font='Arial', fontFiles=[], height=0.1, italic=False, languageStyle='LTR', name='text', opacity=1.0, ori=0, pos=array([0., 0.]), rgb=array([255., 255., 255.]), text=str(...), units='norm', win=Window(...), wrapWidth=1)
14.2859 	EXP 	Created Adios = TextStim(__class__=<class 'psychopy.visual.text.TextStim'>, alignHoriz='center', alignVert='center', antialias=True, autoLog=True, bold=False, color='white', colorSpace='named', contrast=1.0, depth=0.0, flipHoriz=False, flipVert=False, font='Arial', fontFiles=[], height=0.1, italic=False, languageStyle='LTR', name='Adios', opacity=1.0, ori=0, pos=array([-0.05,  0.  ]), rgb=array([255., 255., 255.]), text='¡Muchas gracias por participar!', units='norm', win=Window(...), wrapWidth=1)
14.2878 	EXP 	Set monkey_sound sound=monkeys_sound.wav
14.2887 	EXP 	Sound monkey_sound started
14.4746 	EXP 	image: autoDraw = True
17.2815 	EXP 	Sound monkey_sound stopped
17.2975 	EXP 	Sound monkey_sound stopped
17.3210 	EXP 	image: autoDraw = False
17.3210 	EXP 	Bienvenida: autoDraw = True
18.3871 	EXP 	Created sequence: random, trialTypes=1, nReps=10, seed=None
18.3879 	EXP 	New trial (rep=0, index=0): None
18.3889 	EXP 	Created sequence: random, trialTypes=1, nReps=5, seed=None
18.3897 	EXP 	New trial (rep=0, index=0): None
18.3920 	EXP 	Set Munch sound=munch.wav
18.3939 	EXP 	Set Splat sound=splat.wav
18.3950 	DATA 	Keypress: space
18.4116 	EXP 	Bienvenida: autoDraw = False
18.4116 	EXP 	Banana: autoDraw = True
18.4116 	EXP 	SplatBanana: autoDraw = True
18.4116 	EXP 	MonkeyMouth: autoDraw = True
18.4116 	EXP 	MonkeyHappy: autoDraw = True
18.4116 	EXP 	MonkeySad: autoDraw = True
20.1505 	EXP 	Sound Munch started
21.0698 	EXP 	Sound Munch stopped
21.0698 	EXP 	Sound Splat stopped
21.0703 	EXP 	New trial (rep=1, index=0): None
21.0716 	EXP 	Set Munch sound=munch.wav
21.0729 	EXP 	Set Splat sound=splat.wav
21.0838 	EXP 	Banana: autoDraw = False
21.0838 	EXP 	SplatBanana: autoDraw = False
21.0838 	EXP 	MonkeyMouth: autoDraw = False
21.0838 	EXP 	MonkeyHappy: autoDraw = False
21.0838 	EXP 	MonkeySad: autoDraw = False
21.0838 	EXP 	Banana: autoDraw = True
21.0838 	EXP 	SplatBanana: autoDraw = True
21.0838 	EXP 	MonkeyMouth: autoDraw = True
21.0838 	EXP 	MonkeyHappy: autoDraw = True
21.0838 	EXP 	MonkeySad: autoDraw = True
22.6544 	EXP 	Sound Munch started
23.4732 	EXP 	Sound Munch stopped
23.4732 	EXP 	Sound Splat stopped
23.4740 	EXP 	New trial (rep=2, index=0): None
23.4760 	EXP 	Set Munch sound=munch.wav
23.4778 	EXP 	Set Splat sound=splat.wav
23.4883 	EXP 	Banana: autoDraw = False
23.4883 	EXP 	SplatBanana: autoDraw = False
23.4883 	EXP 	MonkeyMouth: autoDraw = False
23.4883 	EXP 	MonkeyHappy: autoDraw = False
23.4883 	EXP 	MonkeySad: autoDraw = False
23.4883 	EXP 	Banana: autoDraw = True
23.4883 	EXP 	SplatBanana: autoDraw = True
23.4883 	EXP 	MonkeyMouth: autoDraw = True
23.4883 	EXP 	MonkeyHappy: autoDraw = True
23.4883 	EXP 	MonkeySad: autoDraw = True
24.9220 	EXP 	Sound Munch started
25.6576 	EXP 	Sound Munch stopped
25.6576 	EXP 	Sound Splat stopped
25.6581 	EXP 	New trial (rep=3, index=0): None
25.6596 	EXP 	Set Munch sound=munch.wav
25.6610 	EXP 	Set Splat sound=splat.wav
25.6718 	EXP 	Banana: autoDraw = False
25.6718 	EXP 	SplatBanana: autoDraw = False
25.6718 	EXP 	MonkeyMouth: autoDraw = False
25.6718 	EXP 	MonkeyHappy: autoDraw = False
25.6718 	EXP 	MonkeySad: autoDraw = False
25.6718 	EXP 	Banana: autoDraw = True
25.6718 	EXP 	SplatBanana: autoDraw = True
25.6718 	EXP 	MonkeyMouth: autoDraw = True
25.6718 	EXP 	MonkeyHappy: autoDraw = True
25.6718 	EXP 	MonkeySad: autoDraw = True
26.9737 	EXP 	Sound Munch started
27.6434 	EXP 	Sound Munch stopped
27.6434 	EXP 	Sound Splat stopped
27.6439 	EXP 	New trial (rep=4, index=0): None
27.6452 	EXP 	Set Munch sound=munch.wav
27.6463 	EXP 	Set Splat sound=splat.wav
27.6572 	EXP 	Banana: autoDraw = False
27.6572 	EXP 	SplatBanana: autoDraw = False
27.6572 	EXP 	MonkeyMouth: autoDraw = False
27.6572 	EXP 	MonkeyHappy: autoDraw = False
27.6572 	EXP 	MonkeySad: autoDraw = False
27.6572 	EXP 	Banana: autoDraw = True
27.6572 	EXP 	SplatBanana: autoDraw = True
27.6572 	EXP 	MonkeyMouth: autoDraw = True
27.6572 	EXP 	MonkeyHappy: autoDraw = True
27.6572 	EXP 	MonkeySad: autoDraw = True
28.8593 	EXP 	Sound Munch started
29.4783 	EXP 	Sound Munch stopped
29.4783 	EXP 	Sound Splat stopped
29.4807 	EXP 	Set level_up_sound sound=level_up.wav
29.4996 	EXP 	Sound level_up_sound started
30.0463 	EXP 	window1: mouseVisible = True
