7.1534 	WARNING 	User requested fullscreen with size [1366  768], but screen is actually [1920, 1080]. Using actual size
9.4028 	EXP 	Created window1 = Window(allowGUI=False, allowStencil=False, args=UNKNOWN, autoLog=True, bitsMode=UNKNOWN, blendMode='avg', color=array([-1., -1., -1.]), colorSpace='rgb', fullscr=<method-wrapper '__getattribute__' of attributeSetter object at 0x000002CD2E996A58>, gamma=None, gammaErrorPolicy='raise', kwargs=UNKNOWN, lms=UNKNOWN, monitor=<psychopy.monitors.calibTools.Monitor object at 0x000002CD2EA5CC88>, multiSample=False, name='window1', numSamples=2, pos=[0.0, 0.0], screen=0, size=array([1920, 1080]), stereo=False, units='norm', useFBO=True, useRetina=False, viewOri=0.0, viewPos=None, viewScale=None, waitBlanking=True, winType='pyglet')
9.4028 	EXP 	window1: recordFrameIntervals = False
9.5675 	EXP 	window1: recordFrameIntervals = True
10.0848 	EXP 	window1: recordFrameIntervals = False
10.6751 	EXP 	Created image = ImageStim(__class__=<class 'psychopy.visual.image.ImageStim'>, autoLog=True, color=array([1., 1., 1.]), colorSpace='rgb', contrast=1.0, depth=0.0, flipHoriz=False, flipVert=False, image='imagenes/Title.png', interpolate=True, mask=None, maskParams=None, name='image', opacity=1.0, ori=1.0, pos=array([0., 0.]), size=array([1., 1.]), texRes=128, units='norm', win=Window(...))
11.2516 	WARNING 	Hamming was requested using the 'pygame' sound library but hamming is not supported there.
11.2536 	EXP 	Set monkey_sound sound=monkeys_sound.wav
11.2537 	EXP 	Set Sound monkey_sound volume=1.000
11.4371 	EXP 	Created Bienvenida = TextStim(__class__=<class 'psychopy.visual.text.TextStim'>, alignHoriz='center', alignVert='center', antialias=True, autoLog=True, bold=False, color='white', colorSpace='named', contrast=1.0, depth=0.0, flipHoriz=False, flipVert=False, font='Arial', fontFiles=[], height=0.1, italic=False, languageStyle='LTR', name='Bienvenida', opacity=1.0, ori=0, pos=array([0., 0.]), rgb=array([255., 255., 255.]), text=str(...), units='norm', win=Window(...), wrapWidth=1)
12.5192 	EXP 	Created logo_OB_intro = ImageStim(__class__=<class 'psychopy.visual.image.ImageStim'>, autoLog=True, color=array([1., 1., 1.]), colorSpace='rgb', contrast=1.0, depth=-2.0, flipHoriz=False, flipVert=False, image='logo_OB.png', interpolate=True, mask=None, maskParams=None, name='logo_OB_intro', opacity=1.0, ori=0.0, pos=array([0.6, 0.6]), size=array([0.2 , 0.25]), texRes=128, units='norm', win=Window(...))
12.5224 	EXP 	Created Banana = ImageStim(__class__=<class 'psychopy.visual.image.ImageStim'>, autoLog=True, color=array([1., 1., 1.]), colorSpace='rgb', contrast=1.0, depth=-2.0, flipHoriz=False, flipVert=False, image='banana.png', interpolate=True, mask=None, maskParams=None, name='Banana', opacity=1.0, ori=0.0, pos=array([0., 0.]), size=array([0.15, 0.4 ]), texRes=128, units='norm', win=Window(...))
12.5256 	EXP 	Created SplatBanana = ImageStim(__class__=<class 'psychopy.visual.image.ImageStim'>, autoLog=True, color=array([1., 1., 1.]), colorSpace='rgb', contrast=1.0, depth=-3.0, flipHoriz=False, flipVert=False, image='bansplat.png', interpolate=True, mask=None, maskParams=None, name='SplatBanana', opacity=1.0, ori=0.0, pos=array([0., 0.]), size=array([0.3, 0.4]), texRes=128, units='norm', win=Window(...))
12.5256 	WARNING 	Hamming was requested using the 'pygame' sound library but hamming is not supported there.
12.5441 	EXP 	Set Munch sound=A
12.5442 	EXP 	Set Sound Munch volume=1.000
12.5442 	WARNING 	Hamming was requested using the 'pygame' sound library but hamming is not supported there.
12.5449 	EXP 	Set Splat sound=splat.wav
12.5450 	EXP 	Set Sound Splat volume=1.000
12.5492 	EXP 	Created MonkeyMouth = ImageStim(__class__=<class 'psychopy.visual.image.ImageStim'>, autoLog=True, color=array([1., 1., 1.]), colorSpace='rgb', contrast=1.0, depth=-6.0, flipHoriz=False, flipVert=False, image='monkey.png', interpolate=True, mask=None, maskParams=None, name='MonkeyMouth', opacity=1.0, ori=0.0, pos=array([0., 0.]), size=array([0.5, 0.5]), texRes=128, units='norm', win=Window(...))
12.5533 	EXP 	Created MonkeyHappy = ImageStim(__class__=<class 'psychopy.visual.image.ImageStim'>, autoLog=True, color=array([1., 1., 1.]), colorSpace='rgb', contrast=1.0, depth=-7.0, flipHoriz=False, flipVert=False, image='monkeymunch.png', interpolate=True, mask=None, maskParams=None, name='MonkeyHappy', opacity=1.0, ori=0.0, pos=array([0., 0.]), size=array([0.5, 0.5]), texRes=128, units='norm', win=Window(...))
12.5715 	EXP 	Created MonkeySad = ImageStim(__class__=<class 'psychopy.visual.image.ImageStim'>, autoLog=True, color=array([1., 1., 1.]), colorSpace='rgb', contrast=1.0, depth=-8.0, flipHoriz=False, flipVert=False, image='monkeyno.png', interpolate=True, mask=None, maskParams=None, name='MonkeySad', opacity=1.0, ori=0.0, pos=array([0., 0.]), size=array([0.5, 0.5]), texRes=128, units='norm', win=Window(...))
12.5992 	EXP 	Created feedback_text = TextStim(__class__=<class 'psychopy.visual.text.TextStim'>, alignHoriz='center', alignVert='center', antialias=True, autoLog=True, bold=False, color='white', colorSpace='named', contrast=1.0, depth=0.0, flipHoriz=False, flipVert=False, font='Arial', fontFiles=[], height=0.1, italic=False, languageStyle='LTR', name='feedback_text', opacity=1.0, ori=0, pos=array([0., 0.]), rgb=array([255., 255., 255.]), text='default text', units='norm', win=Window(...), wrapWidth=1)
12.5993 	WARNING 	Hamming was requested using the 'pygame' sound library but hamming is not supported there.
12.6002 	EXP 	Set level_up_sound sound=level_up.wav
12.6003 	EXP 	Set Sound level_up_sound volume=1.000
12.6385 	EXP 	Created velo = TextStim(__class__=<class 'psychopy.visual.text.TextStim'>, alignHoriz='center', alignVert='center', antialias=True, autoLog=True, bold=False, color='red', colorSpace='named', contrast=1.0, depth=-2.0, flipHoriz=False, flipVert=False, font='Arial', fontFiles=[], height=0.12, italic=False, languageStyle='LTR', name='velo', opacity=1.0, ori=0, pos=array([ 0. , -0.2]), rgb=array([255.,   0.,   0.]), text='default text', units='norm', win=Window(...), wrapWidth=1)
12.6813 	EXP 	Created text = TextStim(__class__=<class 'psychopy.visual.text.TextStim'>, alignHoriz='center', alignVert='center', antialias=True, autoLog=True, bold=False, color='white', colorSpace='named', contrast=1.0, depth=0.0, flipHoriz=False, flipVert=False, font='Arial', fontFiles=[], height=0.1, italic=False, languageStyle='LTR', name='text', opacity=1.0, ori=0, pos=array([0., 0.]), rgb=array([255., 255., 255.]), text=str(...), units='norm', win=Window(...), wrapWidth=1)
12.6985 	EXP 	Created Adios = TextStim(__class__=<class 'psychopy.visual.text.TextStim'>, alignHoriz='center', alignVert='center', antialias=True, autoLog=True, bold=False, color='white', colorSpace='named', contrast=1.0, depth=0.0, flipHoriz=False, flipVert=False, font='Arial', fontFiles=[], height=0.1, italic=False, languageStyle='LTR', name='Adios', opacity=1.0, ori=0, pos=array([0., 0.]), rgb=array([255., 255., 255.]), text='¡Muchas gracias por participar!', units='norm', win=Window(...), wrapWidth=1)
13.4328 	EXP 	Created logo_ob_fin = ImageStim(__class__=<class 'psychopy.visual.image.ImageStim'>, autoLog=True, color=array([1., 1., 1.]), colorSpace='rgb', contrast=1.0, depth=-2.0, flipHoriz=False, flipVert=False, image='logo_OB.png', interpolate=True, mask=None, maskParams=None, name='logo_ob_fin', opacity=1.0, ori=0.0, pos=array([0.6, 0.6]), size=array([0.2 , 0.25]), texRes=128, units='norm', win=Window(...))
13.4335 	EXP 	Set monkey_sound sound=monkeys_sound.wav
13.4336 	EXP 	Sound monkey_sound started
13.5144 	EXP 	image: autoDraw = True
16.4291 	EXP 	Sound monkey_sound stopped
16.4423 	EXP 	Sound monkey_sound stopped
16.5170 	EXP 	image: autoDraw = False
16.5170 	EXP 	Bienvenida: autoDraw = True
16.5170 	EXP 	logo_OB_intro: autoDraw = True
17.0696 	DATA 	Keypress: space
17.0806 	EXP 	Created sequence: random, trialTypes=1, nReps=10, seed=None
17.0810 	EXP 	New trial (rep=0, index=0): None
17.0814 	EXP 	Created sequence: random, trialTypes=1, nReps=3, seed=None
17.0817 	EXP 	New trial (rep=0, index=0): None
17.0830 	EXP 	Set Munch sound=munch.wav
17.0841 	EXP 	Set Splat sound=splat.wav
17.0929 	EXP 	Bienvenida: autoDraw = False
17.0929 	EXP 	logo_OB_intro: autoDraw = False
17.0929 	EXP 	Banana: autoDraw = True
17.0929 	EXP 	SplatBanana: autoDraw = True
17.0929 	EXP 	MonkeyMouth: autoDraw = True
17.0929 	EXP 	MonkeyHappy: autoDraw = True
17.0929 	EXP 	MonkeySad: autoDraw = True
18.8464 	EXP 	Sound Munch started
19.7636 	EXP 	Sound Munch stopped
19.7637 	EXP 	Sound Splat stopped
19.7639 	EXP 	New trial (rep=1, index=0): None
19.7648 	EXP 	Set Munch sound=munch.wav
19.7656 	EXP 	Set Splat sound=splat.wav
19.7783 	EXP 	Banana: autoDraw = False
19.7783 	EXP 	SplatBanana: autoDraw = False
19.7783 	EXP 	MonkeyMouth: autoDraw = False
19.7783 	EXP 	MonkeyHappy: autoDraw = False
19.7783 	EXP 	MonkeySad: autoDraw = False
19.7783 	EXP 	Banana: autoDraw = True
19.7783 	EXP 	SplatBanana: autoDraw = True
19.7783 	EXP 	MonkeyMouth: autoDraw = True
19.7783 	EXP 	MonkeyHappy: autoDraw = True
19.7783 	EXP 	MonkeySad: autoDraw = True
21.3520 	EXP 	Sound Munch started
22.1740 	EXP 	Sound Munch stopped
22.1741 	EXP 	Sound Splat stopped
22.1758 	EXP 	New trial (rep=2, index=0): None
22.1777 	EXP 	Set Munch sound=munch.wav
22.1795 	EXP 	Set Splat sound=splat.wav
22.1877 	EXP 	Banana: autoDraw = False
22.1877 	EXP 	SplatBanana: autoDraw = False
22.1877 	EXP 	MonkeyMouth: autoDraw = False
22.1877 	EXP 	MonkeyHappy: autoDraw = False
22.1877 	EXP 	MonkeySad: autoDraw = False
22.1877 	EXP 	Banana: autoDraw = True
22.1877 	EXP 	SplatBanana: autoDraw = True
22.1877 	EXP 	MonkeyMouth: autoDraw = True
22.1877 	EXP 	MonkeyHappy: autoDraw = True
22.1877 	EXP 	MonkeySad: autoDraw = True
23.6159 	EXP 	Sound Munch started
24.3518 	EXP 	Sound Munch stopped
24.3518 	EXP 	Sound Splat stopped
24.3530 	EXP 	Set level_up_sound sound=level_up.wav
24.3614 	EXP 	Sound level_up_sound started
24.3986 	EXP 	Banana: autoDraw = False
24.3986 	EXP 	SplatBanana: autoDraw = False
24.3986 	EXP 	MonkeyMouth: autoDraw = False
24.3986 	EXP 	MonkeyHappy: autoDraw = False
24.3986 	EXP 	MonkeySad: autoDraw = False
24.3986 	EXP 	feedback_text: autoDraw = True
24.3986 	EXP 	velo: autoDraw = True
27.3544 	EXP 	Sound level_up_sound stopped
27.3688 	EXP 	feedback_text: autoDraw = False
27.3688 	EXP 	velo: autoDraw = False
27.3688 	EXP 	text: autoDraw = True
27.7838 	DATA 	Keypress: n
27.8274 	EXP 	text: autoDraw = False
27.8274 	EXP 	Adios: autoDraw = True
27.8274 	EXP 	logo_ob_fin: autoDraw = True
30.7432 	DATA 	Keypress: lalt
32.9902 	EXP 	Adios: autoDraw = False
32.9902 	EXP 	logo_ob_fin: autoDraw = False
33.3067 	EXP 	window1: mouseVisible = True
