4.6496 	WARNING 	User requested fullscreen with size [1366  768], but screen is actually [1920, 1080]. Using actual size
6.2477 	EXP 	Created window1 = Window(allowGUI=False, allowStencil=False, args=UNKNOWN, autoLog=True, bitsMode=UNKNOWN, blendMode='avg', color=array([-1., -1., -1.]), colorSpace='rgb', fullscr=<method-wrapper '__getattribute__' of attributeSetter object at 0x00000286244F5F98>, gamma=None, gammaErrorPolicy='raise', kwargs=UNKNOWN, lms=UNKNOWN, monitor=<psychopy.monitors.calibTools.Monitor object at 0x00000286245DA208>, multiSample=False, name='window1', numSamples=2, pos=[0.0, 0.0], screen=0, size=array([1920, 1080]), stereo=False, units='norm', useFBO=True, useRetina=False, viewOri=0.0, viewPos=None, viewScale=None, waitBlanking=True, winType='pyglet')
6.2478 	EXP 	window1: recordFrameIntervals = False
6.4138 	EXP 	window1: recordFrameIntervals = True
6.5975 	EXP 	window1: recordFrameIntervals = False
7.3491 	EXP 	Created image = ImageStim(__class__=<class 'psychopy.visual.image.ImageStim'>, autoLog=True, color=array([1., 1., 1.]), colorSpace='rgb', contrast=1.0, depth=0.0, flipHoriz=False, flipVert=False, image='imagenes/Title.png', interpolate=True, mask=None, maskParams=None, name='image', opacity=1.0, ori=0.0, pos=array([0., 0.]), size=array([0.5, 0.5]), texRes=128, units='norm', win=Window(...))
7.4605 	EXP 	Created Bienvenida = TextStim(__class__=<class 'psychopy.visual.text.TextStim'>, alignHoriz='center', alignVert='center', antialias=True, autoLog=True, bold=False, color='white', colorSpace='named', contrast=1.0, depth=0.0, flipHoriz=False, flipVert=False, font='Arial', fontFiles=[], height=0.1, italic=False, languageStyle='LTR', name='Bienvenida', opacity=1.0, ori=0, pos=array([0., 0.]), rgb=array([255., 255., 255.]), text=str(...), units='norm', win=Window(...), wrapWidth=1)
7.4637 	EXP 	Created Banana = ImageStim(__class__=<class 'psychopy.visual.image.ImageStim'>, autoLog=True, color=array([1., 1., 1.]), colorSpace='rgb', contrast=1.0, depth=-2.0, flipHoriz=False, flipVert=False, image='banana.png', interpolate=True, mask=None, maskParams=None, name='Banana', opacity=1.0, ori=0.0, pos=array([0., 0.]), size=array([0.15, 0.4 ]), texRes=128, units='norm', win=Window(...))
7.4676 	EXP 	Created SplatBanana = ImageStim(__class__=<class 'psychopy.visual.image.ImageStim'>, autoLog=True, color=array([1., 1., 1.]), colorSpace='rgb', contrast=1.0, depth=-3.0, flipHoriz=False, flipVert=False, image='bansplat.png', interpolate=True, mask=None, maskParams=None, name='SplatBanana', opacity=1.0, ori=0.0, pos=array([0., 0.]), size=array([0.3, 0.4]), texRes=128, units='norm', win=Window(...))
7.9451 	WARNING 	Hamming was requested using the 'pygame' sound library but hamming is not supported there.
7.9618 	EXP 	Set Munch sound=A
7.9618 	EXP 	Set Sound Munch volume=1.000
7.9619 	WARNING 	Hamming was requested using the 'pygame' sound library but hamming is not supported there.
7.9627 	EXP 	Set Splat sound=splat.wav
7.9627 	EXP 	Set Sound Splat volume=1.000
7.9665 	EXP 	Created MonkeyMouth = ImageStim(__class__=<class 'psychopy.visual.image.ImageStim'>, autoLog=True, color=array([1., 1., 1.]), colorSpace='rgb', contrast=1.0, depth=-6.0, flipHoriz=False, flipVert=False, image='monkey.png', interpolate=True, mask=None, maskParams=None, name='MonkeyMouth', opacity=1.0, ori=0.0, pos=array([0., 0.]), size=array([0.5, 0.5]), texRes=128, units='norm', win=Window(...))
7.9692 	EXP 	Created MonkeyHappy = ImageStim(__class__=<class 'psychopy.visual.image.ImageStim'>, autoLog=True, color=array([1., 1., 1.]), colorSpace='rgb', contrast=1.0, depth=-7.0, flipHoriz=False, flipVert=False, image='monkeymunch.png', interpolate=True, mask=None, maskParams=None, name='MonkeyHappy', opacity=1.0, ori=0.0, pos=array([0., 0.]), size=array([0.5, 0.5]), texRes=128, units='norm', win=Window(...))
7.9719 	EXP 	Created MonkeySad = ImageStim(__class__=<class 'psychopy.visual.image.ImageStim'>, autoLog=True, color=array([1., 1., 1.]), colorSpace='rgb', contrast=1.0, depth=-8.0, flipHoriz=False, flipVert=False, image='monkeyno.png', interpolate=True, mask=None, maskParams=None, name='MonkeySad', opacity=1.0, ori=0.0, pos=array([0., 0.]), size=array([0.5, 0.5]), texRes=128, units='norm', win=Window(...))
7.9820 	EXP 	Created Adios = TextStim(__class__=<class 'psychopy.visual.text.TextStim'>, alignHoriz='center', alignVert='center', antialias=True, autoLog=True, bold=False, color='white', colorSpace='named', contrast=1.0, depth=0.0, flipHoriz=False, flipVert=False, font='Arial', fontFiles=[], height=0.1, italic=False, languageStyle='LTR', name='Adios', opacity=1.0, ori=0, pos=array([0., 0.]), rgb=array([255., 255., 255.]), text='Muchas gracias por participar', units='norm', win=Window(...), wrapWidth=1)
8.0605 	EXP 	image: autoDraw = True
8.9997 	EXP 	image: autoDraw = False
8.9997 	EXP 	Bienvenida: autoDraw = True
9.5404 	EXP 	Created sequence: random, trialTypes=1, nReps=5, seed=None
9.5411 	EXP 	New trial (rep=0, index=0): None
9.5436 	EXP 	Set Munch sound=munch.wav
9.5456 	EXP 	Set Splat sound=splat.wav
9.5466 	DATA 	Keypress: space
9.5578 	EXP 	Bienvenida: autoDraw = False
9.5578 	EXP 	Banana: autoDraw = True
9.5578 	EXP 	SplatBanana: autoDraw = True
9.5578 	EXP 	MonkeyMouth: autoDraw = True
9.5578 	EXP 	MonkeyHappy: autoDraw = True
9.5578 	EXP 	MonkeySad: autoDraw = True
11.3039 	EXP 	Sound Munch started
11.3039 	EXP 	Sound Splat started
11.3062 	EXP 	Sound Munch stopped
11.3062 	EXP 	Sound Splat stopped
11.3067 	EXP 	New trial (rep=1, index=0): None
11.3081 	EXP 	Set Munch sound=munch.wav
11.3092 	EXP 	Set Splat sound=splat.wav
11.3198 	EXP 	Banana: autoDraw = False
11.3198 	EXP 	SplatBanana: autoDraw = False
11.3198 	EXP 	MonkeyMouth: autoDraw = False
11.3198 	EXP 	MonkeyHappy: autoDraw = False
11.3198 	EXP 	MonkeySad: autoDraw = False
11.3198 	EXP 	Banana: autoDraw = True
11.3198 	EXP 	SplatBanana: autoDraw = True
11.3198 	EXP 	MonkeyMouth: autoDraw = True
11.3198 	EXP 	MonkeyHappy: autoDraw = True
11.3198 	EXP 	MonkeySad: autoDraw = True
13.0723 	EXP 	Sound Munch started
13.0724 	EXP 	Sound Splat started
13.0742 	EXP 	Sound Munch stopped
13.0743 	EXP 	Sound Splat stopped
13.0747 	EXP 	New trial (rep=2, index=0): None
13.0760 	EXP 	Set Munch sound=munch.wav
13.0772 	EXP 	Set Splat sound=splat.wav
13.0881 	EXP 	Banana: autoDraw = False
13.0881 	EXP 	SplatBanana: autoDraw = False
13.0881 	EXP 	MonkeyMouth: autoDraw = False
13.0881 	EXP 	MonkeyHappy: autoDraw = False
13.0881 	EXP 	MonkeySad: autoDraw = False
13.0881 	EXP 	Banana: autoDraw = True
13.0881 	EXP 	SplatBanana: autoDraw = True
13.0881 	EXP 	MonkeyMouth: autoDraw = True
13.0881 	EXP 	MonkeyHappy: autoDraw = True
13.0881 	EXP 	MonkeySad: autoDraw = True
14.8403 	EXP 	Sound Munch started
14.8403 	EXP 	Sound Splat started
14.8419 	EXP 	Sound Munch stopped
14.8419 	EXP 	Sound Splat stopped
14.8422 	EXP 	New trial (rep=3, index=0): None
14.8430 	EXP 	Set Munch sound=munch.wav
14.8437 	EXP 	Set Splat sound=splat.wav
14.8566 	EXP 	Banana: autoDraw = False
14.8566 	EXP 	SplatBanana: autoDraw = False
14.8566 	EXP 	MonkeyMouth: autoDraw = False
14.8566 	EXP 	MonkeyHappy: autoDraw = False
14.8566 	EXP 	MonkeySad: autoDraw = False
14.8566 	EXP 	Banana: autoDraw = True
14.8566 	EXP 	SplatBanana: autoDraw = True
14.8566 	EXP 	MonkeyMouth: autoDraw = True
14.8566 	EXP 	MonkeyHappy: autoDraw = True
14.8566 	EXP 	MonkeySad: autoDraw = True
15.1074 	DATA 	Keypress: escape
15.5450 	EXP 	window1: mouseVisible = True
