5.8601 	WARNING 	User requested fullscreen with size [1366  768], but screen is actually [1920, 1080]. Using actual size
7.5235 	EXP 	Created window1 = Window(allowGUI=False, allowStencil=False, args=UNKNOWN, autoLog=True, bitsMode=UNKNOWN, blendMode='avg', color=array([-1., -1., -1.]), colorSpace='rgb', fullscr=<method-wrapper '__getattribute__' of attributeSetter object at 0x000002A7415236A0>, gamma=None, gammaErrorPolicy='raise', kwargs=UNKNOWN, lms=UNKNOWN, monitor=<psychopy.monitors.calibTools.Monitor object at 0x000002A7415EA908>, multiSample=False, name='window1', numSamples=2, pos=[0.0, 0.0], screen=0, size=array([1920, 1080]), stereo=False, units='norm', useFBO=True, useRetina=False, viewOri=0.0, viewPos=None, viewScale=None, waitBlanking=True, winType='pyglet')
7.5235 	EXP 	window1: recordFrameIntervals = False
7.6897 	EXP 	window1: recordFrameIntervals = True
7.8734 	EXP 	window1: recordFrameIntervals = False
8.6652 	EXP 	Created image = ImageStim(__class__=<class 'psychopy.visual.image.ImageStim'>, autoLog=True, color=array([1., 1., 1.]), colorSpace='rgb', contrast=1.0, depth=0.0, flipHoriz=False, flipVert=False, image='imagenes/Title.png', interpolate=True, mask=None, maskParams=None, name='image', opacity=1.0, ori=1.0, pos=array([0., 0.]), size=array([1., 1.]), texRes=128, units='norm', win=Window(...))
8.8109 	EXP 	Created Bienvenida = TextStim(__class__=<class 'psychopy.visual.text.TextStim'>, alignHoriz='center', alignVert='center', antialias=True, autoLog=True, bold=False, color='white', colorSpace='named', contrast=1.0, depth=0.0, flipHoriz=False, flipVert=False, font='Arial', fontFiles=[], height=0.1, italic=False, languageStyle='LTR', name='Bienvenida', opacity=1.0, ori=0, pos=array([0., 0.]), rgb=array([255., 255., 255.]), text=str(...), units='norm', win=Window(...), wrapWidth=1)
8.8153 	EXP 	Created Banana = ImageStim(__class__=<class 'psychopy.visual.image.ImageStim'>, autoLog=True, color=array([1., 1., 1.]), colorSpace='rgb', contrast=1.0, depth=-2.0, flipHoriz=False, flipVert=False, image='banana.png', interpolate=True, mask=None, maskParams=None, name='Banana', opacity=1.0, ori=0.0, pos=array([0., 0.]), size=array([0.15, 0.4 ]), texRes=128, units='norm', win=Window(...))
8.8191 	EXP 	Created SplatBanana = ImageStim(__class__=<class 'psychopy.visual.image.ImageStim'>, autoLog=True, color=array([1., 1., 1.]), colorSpace='rgb', contrast=1.0, depth=-3.0, flipHoriz=False, flipVert=False, image='bansplat.png', interpolate=True, mask=None, maskParams=None, name='SplatBanana', opacity=1.0, ori=0.0, pos=array([0., 0.]), size=array([0.3, 0.4]), texRes=128, units='norm', win=Window(...))
9.3325 	WARNING 	Hamming was requested using the 'pygame' sound library but hamming is not supported there.
9.3514 	EXP 	Set Munch sound=A
9.3515 	EXP 	Set Sound Munch volume=1.000
9.3515 	WARNING 	Hamming was requested using the 'pygame' sound library but hamming is not supported there.
9.3521 	EXP 	Set Splat sound=splat.wav
9.3522 	EXP 	Set Sound Splat volume=1.000
9.3563 	EXP 	Created MonkeyMouth = ImageStim(__class__=<class 'psychopy.visual.image.ImageStim'>, autoLog=True, color=array([1., 1., 1.]), colorSpace='rgb', contrast=1.0, depth=-6.0, flipHoriz=False, flipVert=False, image='monkey.png', interpolate=True, mask=None, maskParams=None, name='MonkeyMouth', opacity=1.0, ori=0.0, pos=array([0., 0.]), size=array([0.5, 0.5]), texRes=128, units='norm', win=Window(...))
9.3604 	EXP 	Created MonkeyHappy = ImageStim(__class__=<class 'psychopy.visual.image.ImageStim'>, autoLog=True, color=array([1., 1., 1.]), colorSpace='rgb', contrast=1.0, depth=-7.0, flipHoriz=False, flipVert=False, image='monkeymunch.png', interpolate=True, mask=None, maskParams=None, name='MonkeyHappy', opacity=1.0, ori=0.0, pos=array([0., 0.]), size=array([0.5, 0.5]), texRes=128, units='norm', win=Window(...))
9.3647 	EXP 	Created MonkeySad = ImageStim(__class__=<class 'psychopy.visual.image.ImageStim'>, autoLog=True, color=array([1., 1., 1.]), colorSpace='rgb', contrast=1.0, depth=-8.0, flipHoriz=False, flipVert=False, image='monkeyno.png', interpolate=True, mask=None, maskParams=None, name='MonkeySad', opacity=1.0, ori=0.0, pos=array([0., 0.]), size=array([0.5, 0.5]), texRes=128, units='norm', win=Window(...))
9.3711 	EXP 	Created feedback_text = TextStim(__class__=<class 'psychopy.visual.text.TextStim'>, alignHoriz='center', alignVert='center', antialias=True, autoLog=True, bold=False, color='white', colorSpace='named', contrast=1.0, depth=0.0, flipHoriz=False, flipVert=False, font='Arial', fontFiles=[], height=0.1, italic=False, languageStyle='LTR', name='feedback_text', opacity=1.0, ori=0, pos=array([0., 0.]), rgb=array([255., 255., 255.]), text='default text', units='norm', win=Window(...), wrapWidth=1)
9.3883 	EXP 	Created text = TextStim(__class__=<class 'psychopy.visual.text.TextStim'>, alignHoriz='center', alignVert='center', antialias=True, autoLog=True, bold=False, color='white', colorSpace='named', contrast=1.0, depth=0.0, flipHoriz=False, flipVert=False, font='Arial', fontFiles=[], height=0.1, italic=False, languageStyle='LTR', name='text', opacity=1.0, ori=0, pos=array([0., 0.]), rgb=array([255., 255., 255.]), text=str(...), units='norm', win=Window(...), wrapWidth=1)
9.4024 	EXP 	Created Adios = TextStim(__class__=<class 'psychopy.visual.text.TextStim'>, alignHoriz='center', alignVert='center', antialias=True, autoLog=True, bold=False, color='white', colorSpace='named', contrast=1.0, depth=0.0, flipHoriz=False, flipVert=False, font='Arial', fontFiles=[], height=0.1, italic=False, languageStyle='LTR', name='Adios', opacity=1.0, ori=0, pos=array([0., 0.]), rgb=array([255., 255., 255.]), text='Muchas gracias por participar', units='norm', win=Window(...), wrapWidth=1)
9.4664 	EXP 	image: autoDraw = True
12.4278 	EXP 	image: autoDraw = False
12.4278 	EXP 	Bienvenida: autoDraw = True
14.1516 	DATA 	Keypress: space
14.1678 	EXP 	Created sequence: random, trialTypes=1, nReps=5, seed=None
14.1680 	EXP 	New trial (rep=0, index=0): None
14.1682 	EXP 	Created sequence: random, trialTypes=1, nReps=5, seed=None
14.1683 	EXP 	New trial (rep=0, index=0): None
14.1691 	EXP 	Set Munch sound=munch.wav
14.1696 	EXP 	Set Splat sound=splat.wav
14.1808 	EXP 	Bienvenida: autoDraw = False
14.1808 	EXP 	Banana: autoDraw = True
14.1808 	EXP 	SplatBanana: autoDraw = True
14.1808 	EXP 	MonkeyMouth: autoDraw = True
14.1808 	EXP 	MonkeyHappy: autoDraw = True
14.1808 	EXP 	MonkeySad: autoDraw = True
15.9324 	EXP 	Sound Munch started
16.8519 	EXP 	Sound Munch stopped
16.8519 	EXP 	Sound Splat stopped
16.8523 	EXP 	New trial (rep=1, index=0): None
16.8530 	EXP 	Set Munch sound=munch.wav
16.8536 	EXP 	Set Splat sound=splat.wav
16.8665 	EXP 	Banana: autoDraw = False
16.8665 	EXP 	SplatBanana: autoDraw = False
16.8665 	EXP 	MonkeyMouth: autoDraw = False
16.8665 	EXP 	MonkeyHappy: autoDraw = False
16.8665 	EXP 	MonkeySad: autoDraw = False
16.8665 	EXP 	Banana: autoDraw = True
16.8665 	EXP 	SplatBanana: autoDraw = True
16.8665 	EXP 	MonkeyMouth: autoDraw = True
16.8665 	EXP 	MonkeyHappy: autoDraw = True
16.8665 	EXP 	MonkeySad: autoDraw = True
18.4352 	EXP 	Sound Munch started
19.2549 	EXP 	Sound Munch stopped
19.2549 	EXP 	Sound Splat stopped
19.2553 	EXP 	New trial (rep=2, index=0): None
19.2565 	EXP 	Set Munch sound=munch.wav
19.2574 	EXP 	Set Splat sound=splat.wav
19.2692 	EXP 	Banana: autoDraw = False
19.2692 	EXP 	SplatBanana: autoDraw = False
19.2692 	EXP 	MonkeyMouth: autoDraw = False
19.2692 	EXP 	MonkeyHappy: autoDraw = False
19.2692 	EXP 	MonkeySad: autoDraw = False
19.2692 	EXP 	Banana: autoDraw = True
19.2692 	EXP 	SplatBanana: autoDraw = True
19.2692 	EXP 	MonkeyMouth: autoDraw = True
19.2692 	EXP 	MonkeyHappy: autoDraw = True
19.2692 	EXP 	MonkeySad: autoDraw = True
20.7039 	EXP 	Sound Munch started
21.4401 	EXP 	Sound Munch stopped
21.4401 	EXP 	Sound Splat stopped
21.4403 	EXP 	New trial (rep=3, index=0): None
21.4410 	EXP 	Set Munch sound=munch.wav
21.4415 	EXP 	Set Splat sound=splat.wav
21.4545 	EXP 	Banana: autoDraw = False
21.4545 	EXP 	SplatBanana: autoDraw = False
21.4545 	EXP 	MonkeyMouth: autoDraw = False
21.4545 	EXP 	MonkeyHappy: autoDraw = False
21.4545 	EXP 	MonkeySad: autoDraw = False
21.4545 	EXP 	Banana: autoDraw = True
21.4545 	EXP 	SplatBanana: autoDraw = True
21.4545 	EXP 	MonkeyMouth: autoDraw = True
21.4545 	EXP 	MonkeyHappy: autoDraw = True
21.4545 	EXP 	MonkeySad: autoDraw = True
22.7561 	EXP 	Sound Munch started
23.4261 	EXP 	Sound Munch stopped
23.4261 	EXP 	Sound Splat stopped
23.4266 	EXP 	New trial (rep=4, index=0): None
23.4278 	EXP 	Set Munch sound=munch.wav
23.4288 	EXP 	Set Splat sound=splat.wav
23.4394 	EXP 	Banana: autoDraw = False
23.4394 	EXP 	SplatBanana: autoDraw = False
23.4394 	EXP 	MonkeyMouth: autoDraw = False
23.4394 	EXP 	MonkeyHappy: autoDraw = False
23.4394 	EXP 	MonkeySad: autoDraw = False
23.4394 	EXP 	Banana: autoDraw = True
23.4394 	EXP 	SplatBanana: autoDraw = True
23.4394 	EXP 	MonkeyMouth: autoDraw = True
23.4394 	EXP 	MonkeyHappy: autoDraw = True
23.4394 	EXP 	MonkeySad: autoDraw = True
24.6443 	EXP 	Sound Munch started
25.2605 	EXP 	Sound Munch stopped
25.2606 	EXP 	Sound Splat stopped
25.2987 	EXP 	Banana: autoDraw = False
25.2987 	EXP 	SplatBanana: autoDraw = False
25.2987 	EXP 	MonkeyMouth: autoDraw = False
25.2987 	EXP 	MonkeyHappy: autoDraw = False
25.2987 	EXP 	MonkeySad: autoDraw = False
25.2987 	EXP 	feedback_text: autoDraw = True
30.2795 	EXP 	feedback_text: autoDraw = False
30.2795 	EXP 	text: autoDraw = True
33.7073 	EXP 	New trial (rep=1, index=0): None
33.7076 	EXP 	Created sequence: random, trialTypes=1, nReps=5, seed=None
33.7078 	EXP 	New trial (rep=0, index=0): None
33.7088 	EXP 	Set Munch sound=munch.wav
33.7095 	EXP 	Set Splat sound=splat.wav
33.7099 	DATA 	Keypress: s
33.7170 	EXP 	text: autoDraw = False
33.7170 	EXP 	Banana: autoDraw = True
33.7170 	EXP 	SplatBanana: autoDraw = True
33.7170 	EXP 	MonkeyMouth: autoDraw = True
33.7170 	EXP 	MonkeyHappy: autoDraw = True
33.7170 	EXP 	MonkeySad: autoDraw = True
34.8344 	EXP 	Sound Munch started
35.4041 	EXP 	Sound Munch stopped
35.4042 	EXP 	Sound Splat stopped
35.4045 	EXP 	New trial (rep=1, index=0): None
35.4054 	EXP 	Set Munch sound=munch.wav
35.4059 	EXP 	Set Splat sound=splat.wav
35.4184 	EXP 	Banana: autoDraw = False
35.4184 	EXP 	SplatBanana: autoDraw = False
35.4184 	EXP 	MonkeyMouth: autoDraw = False
35.4184 	EXP 	MonkeyHappy: autoDraw = False
35.4184 	EXP 	MonkeySad: autoDraw = False
35.4184 	EXP 	Banana: autoDraw = True
35.4184 	EXP 	SplatBanana: autoDraw = True
35.4184 	EXP 	MonkeyMouth: autoDraw = True
35.4184 	EXP 	MonkeyHappy: autoDraw = True
35.4184 	EXP 	MonkeySad: autoDraw = True
36.4697 	EXP 	Sound Munch started
36.9885 	EXP 	Sound Munch stopped
36.9886 	EXP 	Sound Splat stopped
36.9889 	EXP 	New trial (rep=2, index=0): None
36.9896 	EXP 	Set Munch sound=munch.wav
36.9904 	EXP 	Set Splat sound=splat.wav
37.0035 	EXP 	Banana: autoDraw = False
37.0035 	EXP 	SplatBanana: autoDraw = False
37.0035 	EXP 	MonkeyMouth: autoDraw = False
37.0035 	EXP 	MonkeyHappy: autoDraw = False
37.0035 	EXP 	MonkeySad: autoDraw = False
37.0035 	EXP 	Banana: autoDraw = True
37.0035 	EXP 	SplatBanana: autoDraw = True
37.0035 	EXP 	MonkeyMouth: autoDraw = True
37.0035 	EXP 	MonkeyHappy: autoDraw = True
37.0035 	EXP 	MonkeySad: autoDraw = True
37.9878 	EXP 	Sound Munch started
38.4737 	EXP 	Sound Munch stopped
38.4738 	EXP 	Sound Splat stopped
38.4741 	EXP 	New trial (rep=3, index=0): None
38.4749 	EXP 	Set Munch sound=munch.wav
38.4754 	EXP 	Set Splat sound=splat.wav
38.4881 	EXP 	Banana: autoDraw = False
38.4881 	EXP 	SplatBanana: autoDraw = False
38.4881 	EXP 	MonkeyMouth: autoDraw = False
38.4881 	EXP 	MonkeyHappy: autoDraw = False
38.4881 	EXP 	MonkeySad: autoDraw = False
38.4881 	EXP 	Banana: autoDraw = True
38.4881 	EXP 	SplatBanana: autoDraw = True
38.4881 	EXP 	MonkeyMouth: autoDraw = True
38.4881 	EXP 	MonkeyHappy: autoDraw = True
38.4881 	EXP 	MonkeySad: autoDraw = True
39.4062 	EXP 	Sound Munch started
39.8765 	EXP 	Sound Munch stopped
39.8765 	EXP 	Sound Splat stopped
39.8773 	EXP 	New trial (rep=4, index=0): None
39.8794 	EXP 	Set Munch sound=munch.wav
39.8811 	EXP 	Set Splat sound=splat.wav
39.8902 	EXP 	Banana: autoDraw = False
39.8902 	EXP 	SplatBanana: autoDraw = False
39.8902 	EXP 	MonkeyMouth: autoDraw = False
39.8902 	EXP 	MonkeyHappy: autoDraw = False
39.8902 	EXP 	MonkeySad: autoDraw = False
39.8902 	EXP 	Banana: autoDraw = True
39.8902 	EXP 	SplatBanana: autoDraw = True
39.8902 	EXP 	MonkeyMouth: autoDraw = True
39.8902 	EXP 	MonkeyHappy: autoDraw = True
39.8902 	EXP 	MonkeySad: autoDraw = True
40.7746 	EXP 	Sound Munch started
41.1928 	EXP 	Sound Munch stopped
41.1928 	EXP 	Sound Splat stopped
41.2083 	EXP 	Banana: autoDraw = False
41.2083 	EXP 	SplatBanana: autoDraw = False
41.2083 	EXP 	MonkeyMouth: autoDraw = False
41.2083 	EXP 	MonkeyHappy: autoDraw = False
41.2083 	EXP 	MonkeySad: autoDraw = False
41.2083 	EXP 	feedback_text: autoDraw = True
46.2117 	EXP 	feedback_text: autoDraw = False
46.2117 	EXP 	text: autoDraw = True
49.0419 	DATA 	Keypress: n
49.0699 	EXP 	text: autoDraw = False
49.0699 	EXP 	Adios: autoDraw = True
54.0693 	EXP 	Adios: autoDraw = False
54.0693 	EXP 	Adios: autoDraw = False
54.4284 	EXP 	window1: mouseVisible = True
