5.4252 	WARNING 	User requested fullscreen with size [1366  768], but screen is actually [1920, 1080]. Using actual size
7.4143 	EXP 	Created window1 = Window(allowGUI=False, allowStencil=False, args=UNKNOWN, autoLog=True, bitsMode=UNKNOWN, blendMode='avg', color=array([-1., -1., -1.]), colorSpace='rgb', fullscr=<method-wrapper '__getattribute__' of attributeSetter object at 0x000002320B376A58>, gamma=None, gammaErrorPolicy='raise', kwargs=UNKNOWN, lms=UNKNOWN, monitor=<psychopy.monitors.calibTools.Monitor object at 0x000002320B43DC88>, multiSample=False, name='window1', numSamples=2, pos=[0.0, 0.0], screen=0, size=array([1920, 1080]), stereo=False, units='norm', useFBO=True, useRetina=False, viewOri=0.0, viewPos=None, viewScale=None, waitBlanking=True, winType='pyglet')
7.4145 	EXP 	window1: recordFrameIntervals = False
7.5762 	EXP 	window1: recordFrameIntervals = True
7.8099 	EXP 	window1: recordFrameIntervals = False
8.4901 	EXP 	Created image = ImageStim(__class__=<class 'psychopy.visual.image.ImageStim'>, autoLog=True, color=array([1., 1., 1.]), colorSpace='rgb', contrast=1.0, depth=0.0, flipHoriz=False, flipVert=False, image='imagenes/Title.png', interpolate=True, mask=None, maskParams=None, name='image', opacity=1.0, ori=1.0, pos=array([0., 0.]), size=array([1., 1.]), texRes=128, units='norm', win=Window(...))
9.1561 	WARNING 	Hamming was requested using the 'pygame' sound library but hamming is not supported there.
9.1572 	EXP 	Set monkey_sound sound=monkeys_sound.wav
9.1572 	EXP 	Set Sound monkey_sound volume=1.000
9.4580 	EXP 	Created Bienvenida = TextStim(__class__=<class 'psychopy.visual.text.TextStim'>, alignHoriz='center', alignVert='center', antialias=True, autoLog=True, bold=False, color='white', colorSpace='named', contrast=1.0, depth=0.0, flipHoriz=False, flipVert=False, font='Arial', fontFiles=[], height=0.1, italic=False, languageStyle='LTR', name='Bienvenida', opacity=1.0, ori=0, pos=array([0., 0.]), rgb=array([255., 255., 255.]), text=str(...), units='norm', win=Window(...), wrapWidth=1)
10.5150 	EXP 	Created logo_OB_intro = ImageStim(__class__=<class 'psychopy.visual.image.ImageStim'>, autoLog=True, color=array([1., 1., 1.]), colorSpace='rgb', contrast=1.0, depth=-2.0, flipHoriz=False, flipVert=False, image='logo_OB.png', interpolate=True, mask=None, maskParams=None, name='logo_OB_intro', opacity=1.0, ori=0.0, pos=array([0.6, 0.6]), size=array([0.2 , 0.21]), texRes=128, units='norm', win=Window(...))
10.5183 	EXP 	Created Banana = ImageStim(__class__=<class 'psychopy.visual.image.ImageStim'>, autoLog=True, color=array([1., 1., 1.]), colorSpace='rgb', contrast=1.0, depth=-2.0, flipHoriz=False, flipVert=False, image='banana.png', interpolate=True, mask=None, maskParams=None, name='Banana', opacity=1.0, ori=0.0, pos=array([0., 0.]), size=array([0.15, 0.4 ]), texRes=128, units='norm', win=Window(...))
10.5216 	EXP 	Created SplatBanana = ImageStim(__class__=<class 'psychopy.visual.image.ImageStim'>, autoLog=True, color=array([1., 1., 1.]), colorSpace='rgb', contrast=1.0, depth=-3.0, flipHoriz=False, flipVert=False, image='bansplat.png', interpolate=True, mask=None, maskParams=None, name='SplatBanana', opacity=1.0, ori=0.0, pos=array([0., 0.]), size=array([0.3, 0.4]), texRes=128, units='norm', win=Window(...))
10.5216 	WARNING 	Hamming was requested using the 'pygame' sound library but hamming is not supported there.
10.5609 	EXP 	Set Munch sound=A
10.5610 	EXP 	Set Sound Munch volume=1.000
10.5610 	WARNING 	Hamming was requested using the 'pygame' sound library but hamming is not supported there.
10.5620 	EXP 	Set Splat sound=splat.wav
10.5621 	EXP 	Set Sound Splat volume=1.000
10.5671 	EXP 	Created MonkeyMouth = ImageStim(__class__=<class 'psychopy.visual.image.ImageStim'>, autoLog=True, color=array([1., 1., 1.]), colorSpace='rgb', contrast=1.0, depth=-6.0, flipHoriz=False, flipVert=False, image='monkey.png', interpolate=True, mask=None, maskParams=None, name='MonkeyMouth', opacity=1.0, ori=0.0, pos=array([0., 0.]), size=array([0.5, 0.5]), texRes=128, units='norm', win=Window(...))
10.5713 	EXP 	Created MonkeyHappy = ImageStim(__class__=<class 'psychopy.visual.image.ImageStim'>, autoLog=True, color=array([1., 1., 1.]), colorSpace='rgb', contrast=1.0, depth=-7.0, flipHoriz=False, flipVert=False, image='monkeymunch.png', interpolate=True, mask=None, maskParams=None, name='MonkeyHappy', opacity=1.0, ori=0.0, pos=array([0., 0.]), size=array([0.5, 0.5]), texRes=128, units='norm', win=Window(...))
10.5754 	EXP 	Created MonkeySad = ImageStim(__class__=<class 'psychopy.visual.image.ImageStim'>, autoLog=True, color=array([1., 1., 1.]), colorSpace='rgb', contrast=1.0, depth=-8.0, flipHoriz=False, flipVert=False, image='monkeyno.png', interpolate=True, mask=None, maskParams=None, name='MonkeySad', opacity=1.0, ori=0.0, pos=array([0., 0.]), size=array([0.5, 0.5]), texRes=128, units='norm', win=Window(...))
10.5939 	EXP 	Created feedback_text = TextStim(__class__=<class 'psychopy.visual.text.TextStim'>, alignHoriz='center', alignVert='center', antialias=True, autoLog=True, bold=False, color='white', colorSpace='named', contrast=1.0, depth=0.0, flipHoriz=False, flipVert=False, font='Arial', fontFiles=[], height=0.1, italic=False, languageStyle='LTR', name='feedback_text', opacity=1.0, ori=0, pos=array([0., 0.]), rgb=array([255., 255., 255.]), text='default text', units='norm', win=Window(...), wrapWidth=1)
10.5940 	WARNING 	Hamming was requested using the 'pygame' sound library but hamming is not supported there.
10.5947 	EXP 	Set level_up_sound sound=level_up.wav
10.5948 	EXP 	Set Sound level_up_sound volume=1.000
10.6360 	EXP 	Created velo = TextStim(__class__=<class 'psychopy.visual.text.TextStim'>, alignHoriz='center', alignVert='center', antialias=True, autoLog=True, bold=False, color='red', colorSpace='named', contrast=1.0, depth=-2.0, flipHoriz=False, flipVert=False, font='Arial', fontFiles=[], height=0.12, italic=False, languageStyle='LTR', name='velo', opacity=1.0, ori=0, pos=array([ 0. , -0.2]), rgb=array([255.,   0.,   0.]), text='default text', units='norm', win=Window(...), wrapWidth=1)
10.6903 	EXP 	Created text = TextStim(__class__=<class 'psychopy.visual.text.TextStim'>, alignHoriz='center', alignVert='center', antialias=True, autoLog=True, bold=False, color='white', colorSpace='named', contrast=1.0, depth=0.0, flipHoriz=False, flipVert=False, font='Arial', fontFiles=[], height=0.1, italic=False, languageStyle='LTR', name='text', opacity=1.0, ori=0, pos=array([0., 0.]), rgb=array([255., 255., 255.]), text=str(...), units='norm', win=Window(...), wrapWidth=1)
10.7036 	EXP 	Created Adios = TextStim(__class__=<class 'psychopy.visual.text.TextStim'>, alignHoriz='center', alignVert='center', antialias=True, autoLog=True, bold=False, color='white', colorSpace='named', contrast=1.0, depth=0.0, flipHoriz=False, flipVert=False, font='Arial', fontFiles=[], height=0.1, italic=False, languageStyle='LTR', name='Adios', opacity=1.0, ori=0, pos=array([0., 0.]), rgb=array([255., 255., 255.]), text='¡Muchas gracias por participar!', units='norm', win=Window(...), wrapWidth=1)
11.2486 	EXP 	Created logo_ob_fin = ImageStim(__class__=<class 'psychopy.visual.image.ImageStim'>, autoLog=True, color=array([1., 1., 1.]), colorSpace='rgb', contrast=1.0, depth=-2.0, flipHoriz=False, flipVert=False, image='logo_OB.png', interpolate=True, mask=None, maskParams=None, name='logo_ob_fin', opacity=1.0, ori=0.0, pos=array([0.6, 0.6]), size=array([0.2 , 0.23]), texRes=128, units='norm', win=Window(...))
11.2519 	EXP 	Set monkey_sound sound=monkeys_sound.wav
11.2527 	EXP 	Sound monkey_sound started
11.3516 	EXP 	image: autoDraw = True
14.2507 	EXP 	Sound monkey_sound stopped
14.2820 	EXP 	image: autoDraw = False
14.2820 	EXP 	Bienvenida: autoDraw = True
14.2820 	EXP 	logo_OB_intro: autoDraw = True
22.1969 	EXP 	Created sequence: random, trialTypes=1, nReps=10, seed=None
22.1975 	EXP 	New trial (rep=0, index=0): None
22.1980 	EXP 	Created sequence: random, trialTypes=1, nReps=2, seed=None
22.1984 	EXP 	New trial (rep=0, index=0): None
22.2001 	EXP 	Set Munch sound=munch.wav
22.2014 	EXP 	Set Splat sound=splat.wav
22.2021 	DATA 	Keypress: space
22.2129 	EXP 	Bienvenida: autoDraw = False
22.2129 	EXP 	logo_OB_intro: autoDraw = False
22.2129 	EXP 	Banana: autoDraw = True
22.2129 	EXP 	SplatBanana: autoDraw = True
22.2129 	EXP 	MonkeyMouth: autoDraw = True
22.2129 	EXP 	MonkeyHappy: autoDraw = True
22.2129 	EXP 	MonkeySad: autoDraw = True
23.9606 	EXP 	Sound Munch started
24.8799 	EXP 	Sound Munch stopped
24.8799 	EXP 	Sound Splat stopped
24.8801 	EXP 	New trial (rep=1, index=0): None
24.8808 	EXP 	Set Munch sound=munch.wav
24.8813 	EXP 	Set Splat sound=splat.wav
24.8945 	EXP 	Banana: autoDraw = False
24.8945 	EXP 	SplatBanana: autoDraw = False
24.8945 	EXP 	MonkeyMouth: autoDraw = False
24.8945 	EXP 	MonkeyHappy: autoDraw = False
24.8945 	EXP 	MonkeySad: autoDraw = False
24.8945 	EXP 	Banana: autoDraw = True
24.8945 	EXP 	SplatBanana: autoDraw = True
24.8945 	EXP 	MonkeyMouth: autoDraw = True
24.8945 	EXP 	MonkeyHappy: autoDraw = True
24.8945 	EXP 	MonkeySad: autoDraw = True
26.4634 	EXP 	Sound Munch started
27.2831 	EXP 	Sound Munch stopped
27.2832 	EXP 	Sound Splat stopped
27.2859 	EXP 	Set level_up_sound sound=level_up.wav
27.3055 	EXP 	Sound level_up_sound started
27.3335 	EXP 	Banana: autoDraw = False
27.3335 	EXP 	SplatBanana: autoDraw = False
27.3335 	EXP 	MonkeyMouth: autoDraw = False
27.3335 	EXP 	MonkeyHappy: autoDraw = False
27.3335 	EXP 	MonkeySad: autoDraw = False
27.3335 	EXP 	feedback_text: autoDraw = True
27.3335 	EXP 	velo: autoDraw = True
30.2827 	EXP 	Sound level_up_sound stopped
30.2997 	EXP 	Sound level_up_sound stopped
30.3157 	EXP 	feedback_text: autoDraw = False
30.3157 	EXP 	velo: autoDraw = False
30.3157 	EXP 	text: autoDraw = True
30.7310 	DATA 	Keypress: n
30.7655 	EXP 	text: autoDraw = False
30.7655 	EXP 	Adios: autoDraw = True
30.7655 	EXP 	logo_ob_fin: autoDraw = True
35.7553 	EXP 	Adios: autoDraw = False
35.7553 	EXP 	logo_ob_fin: autoDraw = False
36.2507 	EXP 	window1: mouseVisible = True
