5.1544 	WARNING 	User requested fullscreen with size [1366  768], but screen is actually [1920, 1080]. Using actual size
6.8160 	EXP 	Created window1 = Window(allowGUI=False, allowStencil=False, args=UNKNOWN, autoLog=True, bitsMode=UNKNOWN, blendMode='avg', color=array([-1., -1., -1.]), colorSpace='rgb', fullscr=<method-wrapper '__getattribute__' of attributeSetter object at 0x0000025BC27E6CC0>, gamma=None, gammaErrorPolicy='raise', kwargs=UNKNOWN, lms=UNKNOWN, monitor=<psychopy.monitors.calibTools.Monitor object at 0x0000025BC28AD080>, multiSample=False, name='window1', numSamples=2, pos=[0.0, 0.0], screen=0, size=array([1920, 1080]), stereo=False, units='norm', useFBO=True, useRetina=False, viewOri=0.0, viewPos=None, viewScale=None, waitBlanking=True, winType='pyglet')
6.8160 	EXP 	window1: recordFrameIntervals = False
6.9816 	EXP 	window1: recordFrameIntervals = True
7.1655 	EXP 	window1: recordFrameIntervals = False
7.7689 	EXP 	Created image = ImageStim(__class__=<class 'psychopy.visual.image.ImageStim'>, autoLog=True, color=array([1., 1., 1.]), colorSpace='rgb', contrast=1.0, depth=0.0, flipHoriz=False, flipVert=False, image='imagenes/Title.png', interpolate=True, mask=None, maskParams=None, name='image', opacity=1.0, ori=1.0, pos=array([0., 0.]), size=array([1., 1.]), texRes=128, units='norm', win=Window(...))
8.6520 	WARNING 	Hamming was requested using the 'pygame' sound library but hamming is not supported there.
8.6531 	EXP 	Set monkey_sound sound=monkeys_sound.wav
8.6531 	EXP 	Set Sound monkey_sound volume=1.000
8.8498 	EXP 	Created Bienvenida = TextStim(__class__=<class 'psychopy.visual.text.TextStim'>, alignHoriz='center', alignVert='center', antialias=True, autoLog=True, bold=False, color='white', colorSpace='named', contrast=1.0, depth=0.0, flipHoriz=False, flipVert=False, font='Arial', fontFiles=[], height=0.1, italic=False, languageStyle='LTR', name='Bienvenida', opacity=1.0, ori=0, pos=array([0., 0.]), rgb=array([255., 255., 255.]), text=str(...), units='norm', win=Window(...), wrapWidth=1)
9.7115 	EXP 	Created logo_OB_intro = ImageStim(__class__=<class 'psychopy.visual.image.ImageStim'>, autoLog=True, color=array([1., 1., 1.]), colorSpace='rgb', contrast=1.0, depth=-2.0, flipHoriz=False, flipVert=False, image='logo_OB.png', interpolate=True, mask=None, maskParams=None, name='logo_OB_intro', opacity=1.0, ori=0.0, pos=array([0.6, 0.6]), size=array([0.2 , 0.25]), texRes=128, units='norm', win=Window(...))
9.7160 	EXP 	Created Banana = ImageStim(__class__=<class 'psychopy.visual.image.ImageStim'>, autoLog=True, color=array([1., 1., 1.]), colorSpace='rgb', contrast=1.0, depth=-2.0, flipHoriz=False, flipVert=False, image='banana.png', interpolate=True, mask=None, maskParams=None, name='Banana', opacity=1.0, ori=0.0, pos=array([0., 0.]), size=array([0.15, 0.4 ]), texRes=128, units='norm', win=Window(...))
9.7212 	EXP 	Created SplatBanana = ImageStim(__class__=<class 'psychopy.visual.image.ImageStim'>, autoLog=True, color=array([1., 1., 1.]), colorSpace='rgb', contrast=1.0, depth=-3.0, flipHoriz=False, flipVert=False, image='bansplat.png', interpolate=True, mask=None, maskParams=None, name='SplatBanana', opacity=1.0, ori=0.0, pos=array([0., 0.]), size=array([0.3, 0.4]), texRes=128, units='norm', win=Window(...))
9.7213 	WARNING 	Hamming was requested using the 'pygame' sound library but hamming is not supported there.
9.7468 	EXP 	Set Munch sound=A
9.7469 	EXP 	Set Sound Munch volume=1.000
9.7469 	WARNING 	Hamming was requested using the 'pygame' sound library but hamming is not supported there.
9.7477 	EXP 	Set Splat sound=splat.wav
9.7477 	EXP 	Set Sound Splat volume=1.000
9.7532 	EXP 	Created MonkeyMouth = ImageStim(__class__=<class 'psychopy.visual.image.ImageStim'>, autoLog=True, color=array([1., 1., 1.]), colorSpace='rgb', contrast=1.0, depth=-6.0, flipHoriz=False, flipVert=False, image='monkey.png', interpolate=True, mask=None, maskParams=None, name='MonkeyMouth', opacity=1.0, ori=0.0, pos=array([0., 0.]), size=array([0.5, 0.5]), texRes=128, units='norm', win=Window(...))
9.7585 	EXP 	Created MonkeyHappy = ImageStim(__class__=<class 'psychopy.visual.image.ImageStim'>, autoLog=True, color=array([1., 1., 1.]), colorSpace='rgb', contrast=1.0, depth=-7.0, flipHoriz=False, flipVert=False, image='monkeymunch.png', interpolate=True, mask=None, maskParams=None, name='MonkeyHappy', opacity=1.0, ori=0.0, pos=array([0., 0.]), size=array([0.5, 0.5]), texRes=128, units='norm', win=Window(...))
9.7635 	EXP 	Created MonkeySad = ImageStim(__class__=<class 'psychopy.visual.image.ImageStim'>, autoLog=True, color=array([1., 1., 1.]), colorSpace='rgb', contrast=1.0, depth=-8.0, flipHoriz=False, flipVert=False, image='monkeyno.png', interpolate=True, mask=None, maskParams=None, name='MonkeySad', opacity=1.0, ori=0.0, pos=array([0., 0.]), size=array([0.5, 0.5]), texRes=128, units='norm', win=Window(...))
9.7871 	EXP 	Created feedback_text = TextStim(__class__=<class 'psychopy.visual.text.TextStim'>, alignHoriz='center', alignVert='center', antialias=True, autoLog=True, bold=False, color='white', colorSpace='named', contrast=1.0, depth=0.0, flipHoriz=False, flipVert=False, font='Arial', fontFiles=[], height=0.1, italic=False, languageStyle='LTR', name='feedback_text', opacity=1.0, ori=0, pos=array([0., 0.]), rgb=array([255., 255., 255.]), text='default text', units='norm', win=Window(...), wrapWidth=1)
9.7871 	WARNING 	Hamming was requested using the 'pygame' sound library but hamming is not supported there.
9.7882 	EXP 	Set level_up_sound sound=level_up.wav
9.7882 	EXP 	Set Sound level_up_sound volume=1.000
9.8121 	EXP 	Created velo = TextStim(__class__=<class 'psychopy.visual.text.TextStim'>, alignHoriz='center', alignVert='center', antialias=True, autoLog=True, bold=False, color='red', colorSpace='named', contrast=1.0, depth=-2.0, flipHoriz=False, flipVert=False, font='Arial', fontFiles=[], height=0.12, italic=False, languageStyle='LTR', name='velo', opacity=1.0, ori=0, pos=array([ 0. , -0.2]), rgb=array([255.,   0.,   0.]), text='default text', units='norm', win=Window(...), wrapWidth=1)
9.8576 	EXP 	Created text = TextStim(__class__=<class 'psychopy.visual.text.TextStim'>, alignHoriz='center', alignVert='center', antialias=True, autoLog=True, bold=False, color='white', colorSpace='named', contrast=1.0, depth=0.0, flipHoriz=False, flipVert=False, font='Arial', fontFiles=[], height=0.1, italic=False, languageStyle='LTR', name='text', opacity=1.0, ori=0, pos=array([0., 0.]), rgb=array([255., 255., 255.]), text=str(...), units='norm', win=Window(...), wrapWidth=1)
9.9295 	EXP 	Created text_2 = TextStim(__class__=<class 'psychopy.visual.text.TextStim'>, alignHoriz='center', alignVert='center', antialias=True, autoLog=True, bold=False, color='white', colorSpace='named', contrast=1.0, depth=0.0, flipHoriz=False, flipVert=False, font='Arial', fontFiles=[], height=0.07, italic=False, languageStyle='LTR', name='text_2', opacity=1.0, ori=0, pos=array([0., 0.]), rgb=array([255., 255., 255.]), text=str(...), units='norm', win=Window(...), wrapWidth=1)
9.9438 	EXP 	Created Adios = TextStim(__class__=<class 'psychopy.visual.text.TextStim'>, alignHoriz='center', alignVert='center', antialias=True, autoLog=True, bold=False, color='white', colorSpace='named', contrast=1.0, depth=0.0, flipHoriz=False, flipVert=False, font='Arial', fontFiles=[], height=0.1, italic=False, languageStyle='LTR', name='Adios', opacity=1.0, ori=0, pos=array([0., 0.]), rgb=array([255., 255., 255.]), text='¡Muchas gracias por participar!', units='norm', win=Window(...), wrapWidth=1)
10.5993 	EXP 	Created logo_ob_fin = ImageStim(__class__=<class 'psychopy.visual.image.ImageStim'>, autoLog=True, color=array([1., 1., 1.]), colorSpace='rgb', contrast=1.0, depth=-2.0, flipHoriz=False, flipVert=False, image='logo_OB.png', interpolate=True, mask=None, maskParams=None, name='logo_ob_fin', opacity=1.0, ori=0.0, pos=array([0.6, 0.6]), size=array([0.2 , 0.25]), texRes=128, units='norm', win=Window(...))
10.6001 	EXP 	Set monkey_sound sound=monkeys_sound.wav
10.6004 	EXP 	Sound monkey_sound started
10.6808 	EXP 	image: autoDraw = True
13.5894 	EXP 	Sound monkey_sound stopped
13.6062 	EXP 	Sound monkey_sound stopped
13.6593 	EXP 	image: autoDraw = False
13.6593 	EXP 	Bienvenida: autoDraw = True
13.6593 	EXP 	logo_OB_intro: autoDraw = True
14.4979 	DATA 	Keypress: space
14.5130 	EXP 	Created sequence: random, trialTypes=1, nReps=10, seed=None
14.5138 	EXP 	New trial (rep=0, index=0): None
14.5145 	EXP 	Created sequence: random, trialTypes=1, nReps=3, seed=None
14.5151 	EXP 	New trial (rep=0, index=0): None
14.5169 	EXP 	Set Munch sound=munch.wav
14.5175 	EXP 	Set Splat sound=splat.wav
14.5253 	EXP 	Bienvenida: autoDraw = False
14.5253 	EXP 	logo_OB_intro: autoDraw = False
14.5253 	EXP 	Banana: autoDraw = True
14.5253 	EXP 	SplatBanana: autoDraw = True
14.5253 	EXP 	MonkeyMouth: autoDraw = True
14.5253 	EXP 	MonkeyHappy: autoDraw = True
14.5253 	EXP 	MonkeySad: autoDraw = True
16.2765 	EXP 	Sound Munch started
17.1955 	EXP 	Sound Munch stopped
17.1955 	EXP 	Sound Splat stopped
17.1960 	EXP 	New trial (rep=1, index=0): None
17.1970 	EXP 	Set Munch sound=munch.wav
17.1978 	EXP 	Set Splat sound=splat.wav
17.2091 	EXP 	Banana: autoDraw = False
17.2091 	EXP 	SplatBanana: autoDraw = False
17.2091 	EXP 	MonkeyMouth: autoDraw = False
17.2091 	EXP 	MonkeyHappy: autoDraw = False
17.2091 	EXP 	MonkeySad: autoDraw = False
17.2091 	EXP 	Banana: autoDraw = True
17.2091 	EXP 	SplatBanana: autoDraw = True
17.2091 	EXP 	MonkeyMouth: autoDraw = True
17.2091 	EXP 	MonkeyHappy: autoDraw = True
17.2091 	EXP 	MonkeySad: autoDraw = True
18.7785 	EXP 	Sound Munch started
19.5981 	EXP 	Sound Munch stopped
19.5981 	EXP 	Sound Splat stopped
19.5986 	EXP 	New trial (rep=2, index=0): None
19.5998 	EXP 	Set Munch sound=munch.wav
19.6009 	EXP 	Set Splat sound=splat.wav
19.6119 	EXP 	Banana: autoDraw = False
19.6119 	EXP 	SplatBanana: autoDraw = False
19.6119 	EXP 	MonkeyMouth: autoDraw = False
19.6119 	EXP 	MonkeyHappy: autoDraw = False
19.6119 	EXP 	MonkeySad: autoDraw = False
19.6119 	EXP 	Banana: autoDraw = True
19.6119 	EXP 	SplatBanana: autoDraw = True
19.6119 	EXP 	MonkeyMouth: autoDraw = True
19.6119 	EXP 	MonkeyHappy: autoDraw = True
19.6119 	EXP 	MonkeySad: autoDraw = True
21.0473 	EXP 	Sound Munch started
21.7831 	EXP 	Sound Munch stopped
21.7831 	EXP 	Sound Splat stopped
21.7841 	EXP 	Set level_up_sound sound=level_up.wav
21.7901 	EXP 	Sound level_up_sound started
21.8098 	EXP 	Banana: autoDraw = False
21.8098 	EXP 	SplatBanana: autoDraw = False
21.8098 	EXP 	MonkeyMouth: autoDraw = False
21.8098 	EXP 	MonkeyHappy: autoDraw = False
21.8098 	EXP 	MonkeySad: autoDraw = False
21.8098 	EXP 	feedback_text: autoDraw = True
21.8098 	EXP 	velo: autoDraw = True
24.7838 	EXP 	Sound level_up_sound stopped
24.8002 	EXP 	feedback_text: autoDraw = False
24.8002 	EXP 	velo: autoDraw = False
24.8002 	EXP 	text: autoDraw = True
25.3113 	DATA 	Keypress: n
25.3172 	EXP 	text: autoDraw = False
25.3172 	EXP 	text_2: autoDraw = True
27.4472 	DATA 	Keypress: 5
27.4837 	EXP 	text_2: autoDraw = False
27.4837 	EXP 	Adios: autoDraw = True
27.4837 	EXP 	logo_ob_fin: autoDraw = True
30.4437 	DATA 	Keypress: escape
30.8351 	EXP 	window1: mouseVisible = True
