5.4473 	WARNING 	User requested fullscreen with size [1366  768], but screen is actually [1920, 1080]. Using actual size
7.3526 	EXP 	Created window1 = Window(allowGUI=False, allowStencil=False, args=UNKNOWN, autoLog=True, bitsMode=UNKNOWN, blendMode='avg', color=array([-1., -1., -1.]), colorSpace='rgb', fullscr=<method-wrapper '__getattribute__' of attributeSetter object at 0x000001B526B93E10>, gamma=None, gammaErrorPolicy='raise', kwargs=UNKNOWN, lms=UNKNOWN, monitor=<psychopy.monitors.calibTools.Monitor object at 0x000001B526C6B080>, multiSample=False, name='window1', numSamples=2, pos=[0.0, 0.0], screen=0, size=array([1920, 1080]), stereo=False, units='norm', useFBO=True, useRetina=False, viewOri=0.0, viewPos=None, viewScale=None, waitBlanking=True, winType='pyglet')
7.3527 	EXP 	window1: recordFrameIntervals = False
7.5186 	EXP 	window1: recordFrameIntervals = True
7.7022 	EXP 	window1: recordFrameIntervals = False
8.7768 	EXP 	Created image = ImageStim(__class__=<class 'psychopy.visual.image.ImageStim'>, autoLog=True, color=array([1., 1., 1.]), colorSpace='rgb', contrast=1.0, depth=0.0, flipHoriz=False, flipVert=False, image='imagenes/Title.png', interpolate=True, mask=None, maskParams=None, name='image', opacity=1.0, ori=0.0, pos=array([0., 0.]), size=array([0.5, 0.5]), texRes=128, units='norm', win=Window(...))
8.9169 	EXP 	Created Bienvenida = TextStim(__class__=<class 'psychopy.visual.text.TextStim'>, alignHoriz='center', alignVert='center', antialias=True, autoLog=True, bold=False, color='white', colorSpace='named', contrast=1.0, depth=0.0, flipHoriz=False, flipVert=False, font='Arial', fontFiles=[], height=0.1, italic=False, languageStyle='LTR', name='Bienvenida', opacity=1.0, ori=0, pos=array([0., 0.]), rgb=array([255., 255., 255.]), text=str(...), units='norm', win=Window(...), wrapWidth=1)
8.9222 	EXP 	Created Banana = ImageStim(__class__=<class 'psychopy.visual.image.ImageStim'>, autoLog=True, color=array([1., 1., 1.]), colorSpace='rgb', contrast=1.0, depth=-2.0, flipHoriz=False, flipVert=False, image='banana.png', interpolate=True, mask=None, maskParams=None, name='Banana', opacity=1.0, ori=0.0, pos=array([0., 0.]), size=array([0.15, 0.4 ]), texRes=128, units='norm', win=Window(...))
8.9275 	EXP 	Created SplatBanana = ImageStim(__class__=<class 'psychopy.visual.image.ImageStim'>, autoLog=True, color=array([1., 1., 1.]), colorSpace='rgb', contrast=1.0, depth=-3.0, flipHoriz=False, flipVert=False, image='bansplat.png', interpolate=True, mask=None, maskParams=None, name='SplatBanana', opacity=1.0, ori=0.0, pos=array([0., 0.]), size=array([0.3, 0.4]), texRes=128, units='norm', win=Window(...))
9.4402 	WARNING 	Hamming was requested using the 'pygame' sound library but hamming is not supported there.
9.4423 	EXP 	Set Munch sound=munch.wav
9.4423 	EXP 	Set Sound Munch volume=1.000
9.4424 	WARNING 	Hamming was requested using the 'pygame' sound library but hamming is not supported there.
9.4440 	EXP 	Set Splat sound=splat.wav
9.4441 	EXP 	Set Sound Splat volume=1.000
9.4573 	EXP 	Created MonkeyMouth = ImageStim(__class__=<class 'psychopy.visual.image.ImageStim'>, autoLog=True, color=array([1., 1., 1.]), colorSpace='rgb', contrast=1.0, depth=-6.0, flipHoriz=False, flipVert=False, image='monkey.png', interpolate=True, mask=None, maskParams=None, name='MonkeyMouth', opacity=1.0, ori=0.0, pos=array([0., 0.]), size=array([0.5, 0.5]), texRes=128, units='norm', win=Window(...))
9.4700 	EXP 	Created MonkeyHappy = ImageStim(__class__=<class 'psychopy.visual.image.ImageStim'>, autoLog=True, color=array([1., 1., 1.]), colorSpace='rgb', contrast=1.0, depth=-7.0, flipHoriz=False, flipVert=False, image='monkeymunch.png', interpolate=True, mask=None, maskParams=None, name='MonkeyHappy', opacity=1.0, ori=0.0, pos=array([0., 0.]), size=array([0.5, 0.5]), texRes=128, units='norm', win=Window(...))
9.4811 	EXP 	Created MonkeySad = ImageStim(__class__=<class 'psychopy.visual.image.ImageStim'>, autoLog=True, color=array([1., 1., 1.]), colorSpace='rgb', contrast=1.0, depth=-8.0, flipHoriz=False, flipVert=False, image='monkeyno.png', interpolate=True, mask=None, maskParams=None, name='MonkeySad', opacity=1.0, ori=0.0, pos=array([0., 0.]), size=array([0.5, 0.5]), texRes=128, units='norm', win=Window(...))
9.4963 	EXP 	Created Adios = TextStim(__class__=<class 'psychopy.visual.text.TextStim'>, alignHoriz='center', alignVert='center', antialias=True, autoLog=True, bold=False, color='white', colorSpace='named', contrast=1.0, depth=0.0, flipHoriz=False, flipVert=False, font='Arial', fontFiles=[], height=0.1, italic=False, languageStyle='LTR', name='Adios', opacity=1.0, ori=0, pos=array([0., 0.]), rgb=array([255., 255., 255.]), text='Muchas gracias por participar', units='norm', win=Window(...), wrapWidth=1)
9.5783 	EXP 	image: autoDraw = True
10.5215 	EXP 	image: autoDraw = False
10.5215 	EXP 	Bienvenida: autoDraw = True
13.2483 	DATA 	Keypress: space
13.2623 	EXP 	Set Munch sound=munch.wav
13.2658 	EXP 	Set Splat sound=splat.wav
13.2876 	EXP 	Bienvenida: autoDraw = False
13.2876 	EXP 	Banana: autoDraw = True
13.2876 	EXP 	SplatBanana: autoDraw = True
13.2876 	EXP 	MonkeyMouth: autoDraw = True
13.2876 	EXP 	MonkeyHappy: autoDraw = True
13.2876 	EXP 	MonkeySad: autoDraw = True
23.6052 	DATA 	Keypress: escape
24.2450 	EXP 	window1: mouseVisible = True
