9.9769 	WARNING 	User requested fullscreen with size [1366  768], but screen is actually [1920, 1080]. Using actual size
13.7736 	EXP 	Created window1 = Window(allowGUI=False, allowStencil=False, args=UNKNOWN, autoLog=True, bitsMode=UNKNOWN, blendMode='avg', color=array([-1., -1., -1.]), colorSpace='rgb', fullscr=<method-wrapper '__getattribute__' of attributeSetter object at 0x000002A752BB59B0>, gamma=None, gammaErrorPolicy='raise', kwargs=UNKNOWN, lms=UNKNOWN, monitor=<psychopy.monitors.calibTools.Monitor object at 0x000002A7529FCBE0>, multiSample=False, name='window1', numSamples=2, pos=[0.0, 0.0], screen=0, size=array([1920, 1080]), stereo=False, units='norm', useFBO=True, useRetina=False, viewOri=0.0, viewPos=None, viewScale=None, waitBlanking=True, winType='pyglet')
13.7737 	EXP 	window1: recordFrameIntervals = False
13.9225 	EXP 	window1: recordFrameIntervals = True
14.1059 	EXP 	window1: recordFrameIntervals = False
14.7306 	EXP 	Created image = ImageStim(__class__=<class 'psychopy.visual.image.ImageStim'>, autoLog=True, color=array([1., 1., 1.]), colorSpace='rgb', contrast=1.0, depth=0.0, flipHoriz=False, flipVert=False, image='imagenes/Title.png', interpolate=True, mask=None, maskParams=None, name='image', opacity=1.0, ori=1.0, pos=array([0., 0.]), size=array([1., 1.]), texRes=128, units='norm', win=Window(...))
15.5668 	WARNING 	Hamming was requested using the 'pygame' sound library but hamming is not supported there.
15.5690 	EXP 	Set monkey_sound sound=monkeys_sound.wav
15.5691 	EXP 	Set Sound monkey_sound volume=1.000
15.9477 	EXP 	Created Bienvenida = TextStim(__class__=<class 'psychopy.visual.text.TextStim'>, alignHoriz='center', alignVert='center', antialias=True, autoLog=True, bold=False, color='white', colorSpace='named', contrast=1.0, depth=0.0, flipHoriz=False, flipVert=False, font='Arial', fontFiles=[], height=0.1, italic=False, languageStyle='LTR', name='Bienvenida', opacity=1.0, ori=0, pos=array([0., 0.]), rgb=array([255., 255., 255.]), text=str(...), units='norm', win=Window(...), wrapWidth=1)
15.9534 	EXP 	Created Banana = ImageStim(__class__=<class 'psychopy.visual.image.ImageStim'>, autoLog=True, color=array([1., 1., 1.]), colorSpace='rgb', contrast=1.0, depth=-2.0, flipHoriz=False, flipVert=False, image='banana.png', interpolate=True, mask=None, maskParams=None, name='Banana', opacity=1.0, ori=0.0, pos=array([0., 0.]), size=array([0.15, 0.4 ]), texRes=128, units='norm', win=Window(...))
15.9604 	EXP 	Created SplatBanana = ImageStim(__class__=<class 'psychopy.visual.image.ImageStim'>, autoLog=True, color=array([1., 1., 1.]), colorSpace='rgb', contrast=1.0, depth=-3.0, flipHoriz=False, flipVert=False, image='bansplat.png', interpolate=True, mask=None, maskParams=None, name='SplatBanana', opacity=1.0, ori=0.0, pos=array([0., 0.]), size=array([0.3, 0.4]), texRes=128, units='norm', win=Window(...))
15.9605 	WARNING 	Hamming was requested using the 'pygame' sound library but hamming is not supported there.
15.9868 	EXP 	Set Munch sound=A
15.9869 	EXP 	Set Sound Munch volume=1.000
15.9869 	WARNING 	Hamming was requested using the 'pygame' sound library but hamming is not supported there.
15.9881 	EXP 	Set Splat sound=splat.wav
15.9882 	EXP 	Set Sound Splat volume=1.000
15.9959 	EXP 	Created MonkeyMouth = ImageStim(__class__=<class 'psychopy.visual.image.ImageStim'>, autoLog=True, color=array([1., 1., 1.]), colorSpace='rgb', contrast=1.0, depth=-6.0, flipHoriz=False, flipVert=False, image='monkey.png', interpolate=True, mask=None, maskParams=None, name='MonkeyMouth', opacity=1.0, ori=0.0, pos=array([0., 0.]), size=array([0.5, 0.5]), texRes=128, units='norm', win=Window(...))
16.0040 	EXP 	Created MonkeyHappy = ImageStim(__class__=<class 'psychopy.visual.image.ImageStim'>, autoLog=True, color=array([1., 1., 1.]), colorSpace='rgb', contrast=1.0, depth=-7.0, flipHoriz=False, flipVert=False, image='monkeymunch.png', interpolate=True, mask=None, maskParams=None, name='MonkeyHappy', opacity=1.0, ori=0.0, pos=array([0., 0.]), size=array([0.5, 0.5]), texRes=128, units='norm', win=Window(...))
16.0120 	EXP 	Created MonkeySad = ImageStim(__class__=<class 'psychopy.visual.image.ImageStim'>, autoLog=True, color=array([1., 1., 1.]), colorSpace='rgb', contrast=1.0, depth=-8.0, flipHoriz=False, flipVert=False, image='monkeyno.png', interpolate=True, mask=None, maskParams=None, name='MonkeySad', opacity=1.0, ori=0.0, pos=array([0., 0.]), size=array([0.5, 0.5]), texRes=128, units='norm', win=Window(...))
16.0298 	EXP 	Created feedback_text = TextStim(__class__=<class 'psychopy.visual.text.TextStim'>, alignHoriz='center', alignVert='center', antialias=True, autoLog=True, bold=False, color='white', colorSpace='named', contrast=1.0, depth=0.0, flipHoriz=False, flipVert=False, font='Arial', fontFiles=[], height=0.1, italic=False, languageStyle='LTR', name='feedback_text', opacity=1.0, ori=0, pos=array([0., 0.]), rgb=array([255., 255., 255.]), text='default text', units='norm', win=Window(...), wrapWidth=1)
16.0298 	WARNING 	Hamming was requested using the 'pygame' sound library but hamming is not supported there.
16.0314 	EXP 	Set level_up_sound sound=level_up.wav
16.0314 	EXP 	Set Sound level_up_sound volume=1.000
16.0625 	EXP 	Created velo = TextStim(__class__=<class 'psychopy.visual.text.TextStim'>, alignHoriz='center', alignVert='center', antialias=True, autoLog=True, bold=False, color='red', colorSpace='named', contrast=1.0, depth=-2.0, flipHoriz=False, flipVert=False, font='Arial', fontFiles=[], height=0.12, italic=False, languageStyle='LTR', name='velo', opacity=1.0, ori=0, pos=array([-0.1, -0.2]), rgb=array([255.,   0.,   0.]), text='default text', units='norm', win=Window(...), wrapWidth=1)
16.1060 	EXP 	Created text = TextStim(__class__=<class 'psychopy.visual.text.TextStim'>, alignHoriz='center', alignVert='center', antialias=True, autoLog=True, bold=False, color='white', colorSpace='named', contrast=1.0, depth=0.0, flipHoriz=False, flipVert=False, font='Arial', fontFiles=[], height=0.1, italic=False, languageStyle='LTR', name='text', opacity=1.0, ori=0, pos=array([0., 0.]), rgb=array([255., 255., 255.]), text=str(...), units='norm', win=Window(...), wrapWidth=1)
16.1278 	EXP 	Created Adios = TextStim(__class__=<class 'psychopy.visual.text.TextStim'>, alignHoriz='center', alignVert='center', antialias=True, autoLog=True, bold=False, color='white', colorSpace='named', contrast=1.0, depth=0.0, flipHoriz=False, flipVert=False, font='Arial', fontFiles=[], height=0.1, italic=False, languageStyle='LTR', name='Adios', opacity=1.0, ori=0, pos=array([-0.05,  0.  ]), rgb=array([255., 255., 255.]), text='¡Muchas gracias por participar!', units='norm', win=Window(...), wrapWidth=1)
16.1292 	EXP 	Set monkey_sound sound=monkeys_sound.wav
16.1298 	EXP 	Sound monkey_sound started
16.2894 	EXP 	image: autoDraw = True
19.1290 	EXP 	Sound monkey_sound stopped
19.1661 	EXP 	image: autoDraw = False
19.1661 	EXP 	Bienvenida: autoDraw = True
20.5185 	DATA 	Keypress: space
20.5380 	EXP 	Created sequence: random, trialTypes=1, nReps=10, seed=None
20.5389 	EXP 	New trial (rep=0, index=0): None
20.5401 	EXP 	Created sequence: random, trialTypes=1, nReps=20, seed=None
20.5410 	EXP 	New trial (rep=0, index=0): None
20.5449 	EXP 	Set Munch sound=munch.wav
20.5469 	EXP 	Set Splat sound=splat.wav
20.5620 	EXP 	Bienvenida: autoDraw = False
20.5620 	EXP 	Banana: autoDraw = True
20.5620 	EXP 	SplatBanana: autoDraw = True
20.5620 	EXP 	MonkeyMouth: autoDraw = True
20.5620 	EXP 	MonkeyHappy: autoDraw = True
20.5620 	EXP 	MonkeySad: autoDraw = True
22.2993 	EXP 	Sound Munch started
23.2197 	EXP 	Sound Munch stopped
23.2198 	EXP 	Sound Splat stopped
23.2208 	EXP 	New trial (rep=1, index=0): None
23.2234 	EXP 	Set Munch sound=munch.wav
23.2254 	EXP 	Set Splat sound=splat.wav
23.2359 	EXP 	Banana: autoDraw = False
23.2359 	EXP 	SplatBanana: autoDraw = False
23.2359 	EXP 	MonkeyMouth: autoDraw = False
23.2359 	EXP 	MonkeyHappy: autoDraw = False
23.2359 	EXP 	MonkeySad: autoDraw = False
23.2359 	EXP 	Banana: autoDraw = True
23.2359 	EXP 	SplatBanana: autoDraw = True
23.2359 	EXP 	MonkeyMouth: autoDraw = True
23.2359 	EXP 	MonkeyHappy: autoDraw = True
23.2359 	EXP 	MonkeySad: autoDraw = True
24.8018 	EXP 	Sound Munch started
25.6226 	EXP 	Sound Munch stopped
25.6227 	EXP 	Sound Splat stopped
25.6239 	EXP 	New trial (rep=2, index=0): None
25.6265 	EXP 	Set Munch sound=munch.wav
25.6290 	EXP 	Set Splat sound=splat.wav
25.6399 	EXP 	Banana: autoDraw = False
25.6399 	EXP 	SplatBanana: autoDraw = False
25.6399 	EXP 	MonkeyMouth: autoDraw = False
25.6399 	EXP 	MonkeyHappy: autoDraw = False
25.6399 	EXP 	MonkeySad: autoDraw = False
25.6399 	EXP 	Banana: autoDraw = True
25.6399 	EXP 	SplatBanana: autoDraw = True
25.6399 	EXP 	MonkeyMouth: autoDraw = True
25.6399 	EXP 	MonkeyHappy: autoDraw = True
25.6399 	EXP 	MonkeySad: autoDraw = True
27.0709 	EXP 	Sound Munch started
27.8073 	EXP 	Sound Munch stopped
27.8073 	EXP 	Sound Splat stopped
27.8086 	EXP 	New trial (rep=3, index=0): None
27.8112 	EXP 	Set Munch sound=munch.wav
27.8136 	EXP 	Set Splat sound=splat.wav
27.8248 	EXP 	Banana: autoDraw = False
27.8248 	EXP 	SplatBanana: autoDraw = False
27.8248 	EXP 	MonkeyMouth: autoDraw = False
27.8248 	EXP 	MonkeyHappy: autoDraw = False
27.8248 	EXP 	MonkeySad: autoDraw = False
27.8248 	EXP 	Banana: autoDraw = True
27.8248 	EXP 	SplatBanana: autoDraw = True
27.8248 	EXP 	MonkeyMouth: autoDraw = True
27.8248 	EXP 	MonkeyHappy: autoDraw = True
27.8248 	EXP 	MonkeySad: autoDraw = True
29.1229 	EXP 	Sound Munch started
29.5967 	DATA 	Keypress: escape
30.4362 	EXP 	window1: mouseVisible = True
