6.5711 	WARNING 	User requested fullscreen with size [1366  768], but screen is actually [1920, 1080]. Using actual size
8.9117 	EXP 	Created window1 = Window(allowGUI=False, allowStencil=False, args=UNKNOWN, autoLog=True, bitsMode=UNKNOWN, blendMode='avg', color=array([-1., -1., -1.]), colorSpace='rgb', fullscr=<method-wrapper '__getattribute__' of attributeSetter object at 0x00000197E14D89E8>, gamma=None, gammaErrorPolicy='raise', kwargs=UNKNOWN, lms=UNKNOWN, monitor=<psychopy.monitors.calibTools.Monitor object at 0x00000197E15ACBE0>, multiSample=False, name='window1', numSamples=2, pos=[0.0, 0.0], screen=0, size=array([1920, 1080]), stereo=False, units='norm', useFBO=True, useRetina=False, viewOri=0.0, viewPos=None, viewScale=None, waitBlanking=True, winType='pyglet')
8.9117 	EXP 	window1: recordFrameIntervals = False
9.0777 	EXP 	window1: recordFrameIntervals = True
9.6117 	EXP 	window1: recordFrameIntervals = False
10.1066 	EXP 	Created image = ImageStim(__class__=<class 'psychopy.visual.image.ImageStim'>, autoLog=True, color=array([1., 1., 1.]), colorSpace='rgb', contrast=1.0, depth=0.0, flipHoriz=False, flipVert=False, image='imagenes/Title.png', interpolate=True, mask=None, maskParams=None, name='image', opacity=1.0, ori=1.0, pos=array([0., 0.]), size=array([1., 1.]), texRes=128, units='norm', win=Window(...))
10.7480 	WARNING 	Hamming was requested using the 'pygame' sound library but hamming is not supported there.
10.7504 	EXP 	Set monkey_sound sound=monkeys_sound.wav
10.7505 	EXP 	Set Sound monkey_sound volume=1.000
11.0201 	EXP 	Created Bienvenida = TextStim(__class__=<class 'psychopy.visual.text.TextStim'>, alignHoriz='center', alignVert='center', antialias=True, autoLog=True, bold=False, color='white', colorSpace='named', contrast=1.0, depth=0.0, flipHoriz=False, flipVert=False, font='Arial', fontFiles=[], height=0.1, italic=False, languageStyle='LTR', name='Bienvenida', opacity=1.0, ori=0, pos=array([0., 0.]), rgb=array([255., 255., 255.]), text=str(...), units='norm', win=Window(...), wrapWidth=1)
12.1751 	EXP 	Created logo_OB_intro = ImageStim(__class__=<class 'psychopy.visual.image.ImageStim'>, autoLog=True, color=array([1., 1., 1.]), colorSpace='rgb', contrast=1.0, depth=-2.0, flipHoriz=False, flipVert=False, image='logo_OB.png', interpolate=True, mask=None, maskParams=None, name='logo_OB_intro', opacity=1.0, ori=0.0, pos=array([0.6, 0.6]), size=array([0.2 , 0.25]), texRes=128, units='norm', win=Window(...))
12.1800 	EXP 	Created Banana = ImageStim(__class__=<class 'psychopy.visual.image.ImageStim'>, autoLog=True, color=array([1., 1., 1.]), colorSpace='rgb', contrast=1.0, depth=-2.0, flipHoriz=False, flipVert=False, image='banana.png', interpolate=True, mask=None, maskParams=None, name='Banana', opacity=1.0, ori=0.0, pos=array([0., 0.]), size=array([0.15, 0.4 ]), texRes=128, units='norm', win=Window(...))
12.1855 	EXP 	Created SplatBanana = ImageStim(__class__=<class 'psychopy.visual.image.ImageStim'>, autoLog=True, color=array([1., 1., 1.]), colorSpace='rgb', contrast=1.0, depth=-3.0, flipHoriz=False, flipVert=False, image='bansplat.png', interpolate=True, mask=None, maskParams=None, name='SplatBanana', opacity=1.0, ori=0.0, pos=array([0., 0.]), size=array([0.3, 0.4]), texRes=128, units='norm', win=Window(...))
12.1856 	WARNING 	Hamming was requested using the 'pygame' sound library but hamming is not supported there.
12.2076 	EXP 	Set Munch sound=A
12.2077 	EXP 	Set Sound Munch volume=1.000
12.2077 	WARNING 	Hamming was requested using the 'pygame' sound library but hamming is not supported there.
12.2084 	EXP 	Set Splat sound=splat.wav
12.2084 	EXP 	Set Sound Splat volume=1.000
12.2132 	EXP 	Created MonkeyMouth = ImageStim(__class__=<class 'psychopy.visual.image.ImageStim'>, autoLog=True, color=array([1., 1., 1.]), colorSpace='rgb', contrast=1.0, depth=-6.0, flipHoriz=False, flipVert=False, image='monkey.png', interpolate=True, mask=None, maskParams=None, name='MonkeyMouth', opacity=1.0, ori=0.0, pos=array([0., 0.]), size=array([0.5, 0.5]), texRes=128, units='norm', win=Window(...))
12.2182 	EXP 	Created MonkeyHappy = ImageStim(__class__=<class 'psychopy.visual.image.ImageStim'>, autoLog=True, color=array([1., 1., 1.]), colorSpace='rgb', contrast=1.0, depth=-7.0, flipHoriz=False, flipVert=False, image='monkeymunch.png', interpolate=True, mask=None, maskParams=None, name='MonkeyHappy', opacity=1.0, ori=0.0, pos=array([0., 0.]), size=array([0.5, 0.5]), texRes=128, units='norm', win=Window(...))
12.2228 	EXP 	Created MonkeySad = ImageStim(__class__=<class 'psychopy.visual.image.ImageStim'>, autoLog=True, color=array([1., 1., 1.]), colorSpace='rgb', contrast=1.0, depth=-8.0, flipHoriz=False, flipVert=False, image='monkeyno.png', interpolate=True, mask=None, maskParams=None, name='MonkeySad', opacity=1.0, ori=0.0, pos=array([0., 0.]), size=array([0.5, 0.5]), texRes=128, units='norm', win=Window(...))
12.2452 	EXP 	Created feedback_text = TextStim(__class__=<class 'psychopy.visual.text.TextStim'>, alignHoriz='center', alignVert='center', antialias=True, autoLog=True, bold=False, color='white', colorSpace='named', contrast=1.0, depth=0.0, flipHoriz=False, flipVert=False, font='Arial', fontFiles=[], height=0.1, italic=False, languageStyle='LTR', name='feedback_text', opacity=1.0, ori=0, pos=array([0., 0.]), rgb=array([255., 255., 255.]), text='default text', units='norm', win=Window(...), wrapWidth=1)
12.2453 	WARNING 	Hamming was requested using the 'pygame' sound library but hamming is not supported there.
12.2464 	EXP 	Set level_up_sound sound=level_up.wav
12.2464 	EXP 	Set Sound level_up_sound volume=1.000
12.2670 	EXP 	Created velo = TextStim(__class__=<class 'psychopy.visual.text.TextStim'>, alignHoriz='center', alignVert='center', antialias=True, autoLog=True, bold=False, color='red', colorSpace='named', contrast=1.0, depth=-2.0, flipHoriz=False, flipVert=False, font='Arial', fontFiles=[], height=0.12, italic=False, languageStyle='LTR', name='velo', opacity=1.0, ori=0, pos=array([ 0. , -0.2]), rgb=array([255.,   0.,   0.]), text='default text', units='norm', win=Window(...), wrapWidth=1)
12.3007 	EXP 	Created text = TextStim(__class__=<class 'psychopy.visual.text.TextStim'>, alignHoriz='center', alignVert='center', antialias=True, autoLog=True, bold=False, color='white', colorSpace='named', contrast=1.0, depth=0.0, flipHoriz=False, flipVert=False, font='Arial', fontFiles=[], height=0.1, italic=False, languageStyle='LTR', name='text', opacity=1.0, ori=0, pos=array([0., 0.]), rgb=array([255., 255., 255.]), text=str(...), units='norm', win=Window(...), wrapWidth=1)
12.3196 	EXP 	Created Adios = TextStim(__class__=<class 'psychopy.visual.text.TextStim'>, alignHoriz='center', alignVert='center', antialias=True, autoLog=True, bold=False, color='white', colorSpace='named', contrast=1.0, depth=0.0, flipHoriz=False, flipVert=False, font='Arial', fontFiles=[], height=0.1, italic=False, languageStyle='LTR', name='Adios', opacity=1.0, ori=0, pos=array([0., 0.]), rgb=array([255., 255., 255.]), text='¡Muchas gracias por participar!', units='norm', win=Window(...), wrapWidth=1)
13.2317 	EXP 	Created logo_ob_fin = ImageStim(__class__=<class 'psychopy.visual.image.ImageStim'>, autoLog=True, color=array([1., 1., 1.]), colorSpace='rgb', contrast=1.0, depth=-2.0, flipHoriz=False, flipVert=False, image='logo_OB.png', interpolate=True, mask=None, maskParams=None, name='logo_ob_fin', opacity=1.0, ori=0.0, pos=array([0.6, 0.6]), size=array([0.2 , 0.25]), texRes=128, units='norm', win=Window(...))
13.2323 	EXP 	Set monkey_sound sound=monkeys_sound.wav
13.2325 	EXP 	Sound monkey_sound started
13.3786 	EXP 	image: autoDraw = True
16.2195 	EXP 	Sound monkey_sound stopped
16.2359 	EXP 	Sound monkey_sound stopped
16.2818 	EXP 	image: autoDraw = False
16.2818 	EXP 	Bienvenida: autoDraw = True
16.2818 	EXP 	logo_OB_intro: autoDraw = True
16.8409 	EXP 	Created sequence: random, trialTypes=1, nReps=10, seed=None
16.8411 	EXP 	New trial (rep=0, index=0): None
16.8413 	EXP 	Created sequence: random, trialTypes=1, nReps=3, seed=None
16.8414 	EXP 	New trial (rep=0, index=0): None
16.8422 	EXP 	Set Munch sound=munch.wav
16.8427 	EXP 	Set Splat sound=splat.wav
16.8430 	DATA 	Keypress: space
16.8585 	EXP 	Bienvenida: autoDraw = False
16.8585 	EXP 	logo_OB_intro: autoDraw = False
16.8585 	EXP 	Banana: autoDraw = True
16.8585 	EXP 	SplatBanana: autoDraw = True
16.8585 	EXP 	MonkeyMouth: autoDraw = True
16.8585 	EXP 	MonkeyHappy: autoDraw = True
16.8585 	EXP 	MonkeySad: autoDraw = True
18.6057 	EXP 	Sound Munch started
19.5299 	EXP 	Sound Munch stopped
19.5300 	EXP 	Sound Splat stopped
19.5316 	EXP 	New trial (rep=1, index=0): None
19.5360 	EXP 	Set Munch sound=munch.wav
19.5396 	EXP 	Set Splat sound=splat.wav
19.5493 	EXP 	Banana: autoDraw = False
19.5493 	EXP 	SplatBanana: autoDraw = False
19.5493 	EXP 	MonkeyMouth: autoDraw = False
19.5493 	EXP 	MonkeyHappy: autoDraw = False
19.5493 	EXP 	MonkeySad: autoDraw = False
19.5493 	EXP 	Banana: autoDraw = True
19.5493 	EXP 	SplatBanana: autoDraw = True
19.5493 	EXP 	MonkeyMouth: autoDraw = True
19.5493 	EXP 	MonkeyHappy: autoDraw = True
19.5493 	EXP 	MonkeySad: autoDraw = True
21.1076 	EXP 	Sound Munch started
21.9283 	EXP 	Sound Munch stopped
21.9284 	EXP 	Sound Splat stopped
21.9288 	EXP 	New trial (rep=2, index=0): None
21.9301 	EXP 	Set Munch sound=munch.wav
21.9311 	EXP 	Set Splat sound=splat.wav
21.9414 	EXP 	Banana: autoDraw = False
21.9414 	EXP 	SplatBanana: autoDraw = False
21.9414 	EXP 	MonkeyMouth: autoDraw = False
21.9414 	EXP 	MonkeyHappy: autoDraw = False
21.9414 	EXP 	MonkeySad: autoDraw = False
21.9414 	EXP 	Banana: autoDraw = True
21.9414 	EXP 	SplatBanana: autoDraw = True
21.9414 	EXP 	MonkeyMouth: autoDraw = True
21.9414 	EXP 	MonkeyHappy: autoDraw = True
21.9414 	EXP 	MonkeySad: autoDraw = True
23.3770 	EXP 	Sound Munch started
24.1132 	EXP 	Sound Munch stopped
24.1133 	EXP 	Sound Splat stopped
24.1147 	EXP 	Set level_up_sound sound=level_up.wav
24.1260 	EXP 	Sound level_up_sound started
24.1493 	EXP 	Banana: autoDraw = False
24.1493 	EXP 	SplatBanana: autoDraw = False
24.1493 	EXP 	MonkeyMouth: autoDraw = False
24.1493 	EXP 	MonkeyHappy: autoDraw = False
24.1493 	EXP 	MonkeySad: autoDraw = False
24.1493 	EXP 	feedback_text: autoDraw = True
24.1493 	EXP 	velo: autoDraw = True
27.1133 	EXP 	Sound level_up_sound stopped
27.1304 	EXP 	Sound level_up_sound stopped
27.1460 	EXP 	feedback_text: autoDraw = False
27.1460 	EXP 	velo: autoDraw = False
27.1460 	EXP 	text: autoDraw = True
28.2424 	DATA 	Keypress: n
28.2729 	EXP 	text: autoDraw = False
28.2729 	EXP 	Adios: autoDraw = True
28.2729 	EXP 	logo_ob_fin: autoDraw = True
32.9211 	DATA 	Keypress: escape
33.5238 	EXP 	window1: mouseVisible = True
