6.0704 	WARNING 	User requested fullscreen with size [1366  768], but screen is actually [1920, 1080]. Using actual size
7.5874 	EXP 	Created window1 = Window(allowGUI=False, allowStencil=False, args=UNKNOWN, autoLog=True, bitsMode=UNKNOWN, blendMode='avg', color=array([-1., -1., -1.]), colorSpace='rgb', fullscr=<method-wrapper '__getattribute__' of attributeSetter object at 0x0000027757EA36D8>, gamma=None, gammaErrorPolicy='raise', kwargs=UNKNOWN, lms=UNKNOWN, monitor=<psychopy.monitors.calibTools.Monitor object at 0x0000027757F6B940>, multiSample=False, name='window1', numSamples=2, pos=[0.0, 0.0], screen=0, size=array([1920, 1080]), stereo=False, units='norm', useFBO=True, useRetina=False, viewOri=0.0, viewPos=None, viewScale=None, waitBlanking=True, winType='pyglet')
7.5875 	EXP 	window1: recordFrameIntervals = False
7.7700 	EXP 	window1: recordFrameIntervals = True
7.9537 	EXP 	window1: recordFrameIntervals = False
8.8262 	EXP 	Created image = ImageStim(__class__=<class 'psychopy.visual.image.ImageStim'>, autoLog=True, color=array([1., 1., 1.]), colorSpace='rgb', contrast=1.0, depth=0.0, flipHoriz=False, flipVert=False, image='imagenes/Title.png', interpolate=True, mask=None, maskParams=None, name='image', opacity=1.0, ori=1.0, pos=array([0., 0.]), size=array([1., 1.]), texRes=128, units='norm', win=Window(...))
8.9765 	EXP 	Created Bienvenida = TextStim(__class__=<class 'psychopy.visual.text.TextStim'>, alignHoriz='center', alignVert='center', antialias=True, autoLog=True, bold=False, color='white', colorSpace='named', contrast=1.0, depth=0.0, flipHoriz=False, flipVert=False, font='Arial', fontFiles=[], height=0.1, italic=False, languageStyle='LTR', name='Bienvenida', opacity=1.0, ori=0, pos=array([0., 0.]), rgb=array([255., 255., 255.]), text=str(...), units='norm', win=Window(...), wrapWidth=1)
8.9805 	EXP 	Created Banana = ImageStim(__class__=<class 'psychopy.visual.image.ImageStim'>, autoLog=True, color=array([1., 1., 1.]), colorSpace='rgb', contrast=1.0, depth=-2.0, flipHoriz=False, flipVert=False, image='banana.png', interpolate=True, mask=None, maskParams=None, name='Banana', opacity=1.0, ori=0.0, pos=array([0., 0.]), size=array([0.15, 0.4 ]), texRes=128, units='norm', win=Window(...))
8.9843 	EXP 	Created SplatBanana = ImageStim(__class__=<class 'psychopy.visual.image.ImageStim'>, autoLog=True, color=array([1., 1., 1.]), colorSpace='rgb', contrast=1.0, depth=-3.0, flipHoriz=False, flipVert=False, image='bansplat.png', interpolate=True, mask=None, maskParams=None, name='SplatBanana', opacity=1.0, ori=0.0, pos=array([0., 0.]), size=array([0.3, 0.4]), texRes=128, units='norm', win=Window(...))
9.4013 	WARNING 	Hamming was requested using the 'pygame' sound library but hamming is not supported there.
9.4223 	EXP 	Set Munch sound=A
9.4224 	EXP 	Set Sound Munch volume=1.000
9.4224 	WARNING 	Hamming was requested using the 'pygame' sound library but hamming is not supported there.
9.4232 	EXP 	Set Splat sound=splat.wav
9.4232 	EXP 	Set Sound Splat volume=1.000
9.4278 	EXP 	Created MonkeyMouth = ImageStim(__class__=<class 'psychopy.visual.image.ImageStim'>, autoLog=True, color=array([1., 1., 1.]), colorSpace='rgb', contrast=1.0, depth=-6.0, flipHoriz=False, flipVert=False, image='monkey.png', interpolate=True, mask=None, maskParams=None, name='MonkeyMouth', opacity=1.0, ori=0.0, pos=array([0., 0.]), size=array([0.5, 0.5]), texRes=128, units='norm', win=Window(...))
9.4318 	EXP 	Created MonkeyHappy = ImageStim(__class__=<class 'psychopy.visual.image.ImageStim'>, autoLog=True, color=array([1., 1., 1.]), colorSpace='rgb', contrast=1.0, depth=-7.0, flipHoriz=False, flipVert=False, image='monkeymunch.png', interpolate=True, mask=None, maskParams=None, name='MonkeyHappy', opacity=1.0, ori=0.0, pos=array([0., 0.]), size=array([0.5, 0.5]), texRes=128, units='norm', win=Window(...))
9.4370 	EXP 	Created MonkeySad = ImageStim(__class__=<class 'psychopy.visual.image.ImageStim'>, autoLog=True, color=array([1., 1., 1.]), colorSpace='rgb', contrast=1.0, depth=-8.0, flipHoriz=False, flipVert=False, image='monkeyno.png', interpolate=True, mask=None, maskParams=None, name='MonkeySad', opacity=1.0, ori=0.0, pos=array([0., 0.]), size=array([0.5, 0.5]), texRes=128, units='norm', win=Window(...))
9.4461 	EXP 	Created feedback_text = TextStim(__class__=<class 'psychopy.visual.text.TextStim'>, alignHoriz='center', alignVert='center', antialias=True, autoLog=True, bold=False, color='white', colorSpace='named', contrast=1.0, depth=0.0, flipHoriz=False, flipVert=False, font='Arial', fontFiles=[], height=0.1, italic=False, languageStyle='LTR', name='feedback_text', opacity=1.0, ori=0, pos=array([0., 0.]), rgb=array([255., 255., 255.]), text='default text', units='norm', win=Window(...), wrapWidth=1)
9.4462 	WARNING 	Hamming was requested using the 'pygame' sound library but hamming is not supported there.
9.4480 	EXP 	Set level_up_sound sound=level_up.wav
9.4481 	EXP 	Set Sound level_up_sound volume=1.000
9.4695 	EXP 	Created text = TextStim(__class__=<class 'psychopy.visual.text.TextStim'>, alignHoriz='center', alignVert='center', antialias=True, autoLog=True, bold=False, color='white', colorSpace='named', contrast=1.0, depth=0.0, flipHoriz=False, flipVert=False, font='Arial', fontFiles=[], height=0.1, italic=False, languageStyle='LTR', name='text', opacity=1.0, ori=0, pos=array([0., 0.]), rgb=array([255., 255., 255.]), text=str(...), units='norm', win=Window(...), wrapWidth=1)
9.4839 	EXP 	Created Adios = TextStim(__class__=<class 'psychopy.visual.text.TextStim'>, alignHoriz='center', alignVert='center', antialias=True, autoLog=True, bold=False, color='white', colorSpace='named', contrast=1.0, depth=0.0, flipHoriz=False, flipVert=False, font='Arial', fontFiles=[], height=0.1, italic=False, languageStyle='LTR', name='Adios', opacity=1.0, ori=0, pos=array([-0.1,  0. ]), rgb=array([255., 255., 255.]), text='¡Muchas gracias por participar!', units='norm', win=Window(...), wrapWidth=1)
9.5477 	EXP 	image: autoDraw = True
12.5082 	EXP 	image: autoDraw = False
12.5082 	EXP 	Bienvenida: autoDraw = True
13.7309 	EXP 	Created sequence: random, trialTypes=1, nReps=10, seed=None
13.7313 	EXP 	New trial (rep=0, index=0): None
13.7317 	EXP 	Created sequence: random, trialTypes=1, nReps=10, seed=None
13.7320 	EXP 	New trial (rep=0, index=0): None
13.7334 	EXP 	Set Munch sound=munch.wav
13.7343 	EXP 	Set Splat sound=splat.wav
13.7348 	DATA 	Keypress: space
13.7447 	EXP 	Bienvenida: autoDraw = False
13.7447 	EXP 	Banana: autoDraw = True
13.7447 	EXP 	SplatBanana: autoDraw = True
13.7447 	EXP 	MonkeyMouth: autoDraw = True
13.7447 	EXP 	MonkeyHappy: autoDraw = True
13.7447 	EXP 	MonkeySad: autoDraw = True
15.4960 	EXP 	Sound Munch started
16.4161 	EXP 	Sound Munch stopped
16.4161 	EXP 	Sound Splat stopped
16.4165 	EXP 	New trial (rep=1, index=0): None
16.4178 	EXP 	Set Munch sound=munch.wav
16.4189 	EXP 	Set Splat sound=splat.wav
16.4294 	EXP 	Banana: autoDraw = False
16.4294 	EXP 	SplatBanana: autoDraw = False
16.4294 	EXP 	MonkeyMouth: autoDraw = False
16.4294 	EXP 	MonkeyHappy: autoDraw = False
16.4294 	EXP 	MonkeySad: autoDraw = False
16.4294 	EXP 	Banana: autoDraw = True
16.4294 	EXP 	SplatBanana: autoDraw = True
16.4294 	EXP 	MonkeyMouth: autoDraw = True
16.4294 	EXP 	MonkeyHappy: autoDraw = True
16.4294 	EXP 	MonkeySad: autoDraw = True
17.9979 	EXP 	Sound Munch started
18.8176 	EXP 	Sound Munch stopped
18.8176 	EXP 	Sound Splat stopped
18.8179 	EXP 	New trial (rep=2, index=0): None
18.8187 	EXP 	Set Munch sound=munch.wav
18.8196 	EXP 	Set Splat sound=splat.wav
18.8318 	EXP 	Banana: autoDraw = False
18.8318 	EXP 	SplatBanana: autoDraw = False
18.8318 	EXP 	MonkeyMouth: autoDraw = False
18.8318 	EXP 	MonkeyHappy: autoDraw = False
18.8318 	EXP 	MonkeySad: autoDraw = False
18.8318 	EXP 	Banana: autoDraw = True
18.8318 	EXP 	SplatBanana: autoDraw = True
18.8318 	EXP 	MonkeyMouth: autoDraw = True
18.8318 	EXP 	MonkeyHappy: autoDraw = True
18.8318 	EXP 	MonkeySad: autoDraw = True
20.2680 	EXP 	Sound Munch started
21.0029 	EXP 	Sound Munch stopped
21.0029 	EXP 	Sound Splat stopped
21.0031 	EXP 	New trial (rep=3, index=0): None
21.0041 	EXP 	Set Munch sound=munch.wav
21.0047 	EXP 	Set Splat sound=splat.wav
21.0176 	EXP 	Banana: autoDraw = False
21.0176 	EXP 	SplatBanana: autoDraw = False
21.0176 	EXP 	MonkeyMouth: autoDraw = False
21.0176 	EXP 	MonkeyHappy: autoDraw = False
21.0176 	EXP 	MonkeySad: autoDraw = False
21.0176 	EXP 	Banana: autoDraw = True
21.0176 	EXP 	SplatBanana: autoDraw = True
21.0176 	EXP 	MonkeyMouth: autoDraw = True
21.0176 	EXP 	MonkeyHappy: autoDraw = True
21.0176 	EXP 	MonkeySad: autoDraw = True
22.3196 	EXP 	Sound Munch started
22.9965 	EXP 	Sound Munch stopped
22.9965 	EXP 	Sound Splat stopped
22.9968 	EXP 	New trial (rep=4, index=0): None
22.9974 	EXP 	Set Munch sound=munch.wav
22.9980 	EXP 	Set Splat sound=splat.wav
23.0044 	EXP 	Banana: autoDraw = False
23.0044 	EXP 	SplatBanana: autoDraw = False
23.0044 	EXP 	MonkeyMouth: autoDraw = False
23.0044 	EXP 	MonkeyHappy: autoDraw = False
23.0044 	EXP 	MonkeySad: autoDraw = False
23.0044 	EXP 	Banana: autoDraw = True
23.0044 	EXP 	SplatBanana: autoDraw = True
23.0044 	EXP 	MonkeyMouth: autoDraw = True
23.0044 	EXP 	MonkeyHappy: autoDraw = True
23.0044 	EXP 	MonkeySad: autoDraw = True
24.2046 	EXP 	Sound Munch started
24.8230 	EXP 	Sound Munch stopped
24.8231 	EXP 	Sound Splat stopped
24.8233 	EXP 	New trial (rep=5, index=0): None
24.8240 	EXP 	Set Munch sound=munch.wav
24.8246 	EXP 	Set Splat sound=splat.wav
24.8378 	EXP 	Banana: autoDraw = False
24.8378 	EXP 	SplatBanana: autoDraw = False
24.8378 	EXP 	MonkeyMouth: autoDraw = False
24.8378 	EXP 	MonkeyHappy: autoDraw = False
24.8378 	EXP 	MonkeySad: autoDraw = False
24.8378 	EXP 	Banana: autoDraw = True
24.8378 	EXP 	SplatBanana: autoDraw = True
24.8378 	EXP 	MonkeyMouth: autoDraw = True
24.8378 	EXP 	MonkeyHappy: autoDraw = True
24.8378 	EXP 	MonkeySad: autoDraw = True
25.9571 	EXP 	Sound Munch started
26.5252 	EXP 	Sound Munch stopped
26.5253 	EXP 	Sound Splat stopped
26.5256 	EXP 	New trial (rep=6, index=0): None
26.5266 	EXP 	Set Munch sound=munch.wav
26.5274 	EXP 	Set Splat sound=splat.wav
26.5398 	EXP 	Banana: autoDraw = False
26.5398 	EXP 	SplatBanana: autoDraw = False
26.5398 	EXP 	MonkeyMouth: autoDraw = False
26.5398 	EXP 	MonkeyHappy: autoDraw = False
26.5398 	EXP 	MonkeySad: autoDraw = False
26.5398 	EXP 	Banana: autoDraw = True
26.5398 	EXP 	SplatBanana: autoDraw = True
26.5398 	EXP 	MonkeyMouth: autoDraw = True
26.5398 	EXP 	MonkeyHappy: autoDraw = True
26.5398 	EXP 	MonkeySad: autoDraw = True
27.5916 	EXP 	Sound Munch started
28.1101 	EXP 	Sound Munch stopped
28.1101 	EXP 	Sound Splat stopped
28.1105 	EXP 	New trial (rep=7, index=0): None
28.1114 	EXP 	Set Munch sound=munch.wav
28.1122 	EXP 	Set Splat sound=splat.wav
28.1245 	EXP 	Banana: autoDraw = False
28.1245 	EXP 	SplatBanana: autoDraw = False
28.1245 	EXP 	MonkeyMouth: autoDraw = False
28.1245 	EXP 	MonkeyHappy: autoDraw = False
28.1245 	EXP 	MonkeySad: autoDraw = False
28.1245 	EXP 	Banana: autoDraw = True
28.1245 	EXP 	SplatBanana: autoDraw = True
28.1245 	EXP 	MonkeyMouth: autoDraw = True
28.1245 	EXP 	MonkeyHappy: autoDraw = True
28.1245 	EXP 	MonkeySad: autoDraw = True
29.1097 	EXP 	Sound Munch started
29.5954 	EXP 	Sound Munch stopped
29.5954 	EXP 	Sound Splat stopped
29.5958 	EXP 	New trial (rep=8, index=0): None
29.5968 	EXP 	Set Munch sound=munch.wav
29.5976 	EXP 	Set Splat sound=splat.wav
29.6093 	EXP 	Banana: autoDraw = False
29.6093 	EXP 	SplatBanana: autoDraw = False
29.6093 	EXP 	MonkeyMouth: autoDraw = False
29.6093 	EXP 	MonkeyHappy: autoDraw = False
29.6093 	EXP 	MonkeySad: autoDraw = False
29.6093 	EXP 	Banana: autoDraw = True
29.6093 	EXP 	SplatBanana: autoDraw = True
29.6093 	EXP 	MonkeyMouth: autoDraw = True
29.6093 	EXP 	MonkeyHappy: autoDraw = True
29.6093 	EXP 	MonkeySad: autoDraw = True
30.5279 	EXP 	Sound Munch started
30.9961 	EXP 	Sound Munch stopped
30.9962 	EXP 	Sound Splat stopped
30.9966 	EXP 	New trial (rep=9, index=0): None
30.9977 	EXP 	Set Munch sound=munch.wav
30.9987 	EXP 	Set Splat sound=splat.wav
31.0108 	EXP 	Banana: autoDraw = False
31.0108 	EXP 	SplatBanana: autoDraw = False
31.0108 	EXP 	MonkeyMouth: autoDraw = False
31.0108 	EXP 	MonkeyHappy: autoDraw = False
31.0108 	EXP 	MonkeySad: autoDraw = False
31.0108 	EXP 	Banana: autoDraw = True
31.0108 	EXP 	SplatBanana: autoDraw = True
31.0108 	EXP 	MonkeyMouth: autoDraw = True
31.0108 	EXP 	MonkeyHappy: autoDraw = True
31.0108 	EXP 	MonkeySad: autoDraw = True
31.8955 	EXP 	Sound Munch started
32.3144 	EXP 	Sound Munch stopped
32.3144 	EXP 	Sound Splat stopped
32.3154 	EXP 	Set level_up_sound sound=level_up.wav
32.3357 	EXP 	Banana: autoDraw = False
32.3357 	EXP 	SplatBanana: autoDraw = False
32.3357 	EXP 	MonkeyMouth: autoDraw = False
32.3357 	EXP 	MonkeyHappy: autoDraw = False
32.3357 	EXP 	MonkeySad: autoDraw = False
32.3357 	EXP 	feedback_text: autoDraw = True
33.7965 	EXP 	Sound level_up_sound started
37.3500 	EXP 	feedback_text: autoDraw = False
50.9838 	DATA 	Keypress: s
52.5667 	DATA 	Keypress: n
53.4717 	DATA 	Keypress: escape
53.9918 	EXP 	window1: mouseVisible = True
