5.7888 	WARNING 	User requested fullscreen with size [1366  768], but screen is actually [1920, 1080]. Using actual size
7.7219 	EXP 	Created window1 = Window(allowGUI=False, allowStencil=False, args=UNKNOWN, autoLog=True, bitsMode=UNKNOWN, blendMode='avg', color=array([-1., -1., -1.]), colorSpace='rgb', fullscr=<method-wrapper '__getattribute__' of attributeSetter object at 0x00000200AE497FD0>, gamma=None, gammaErrorPolicy='raise', kwargs=UNKNOWN, lms=UNKNOWN, monitor=<psychopy.monitors.calibTools.Monitor object at 0x00000200AE2F7278>, multiSample=False, name='window1', numSamples=2, pos=[0.0, 0.0], screen=0, size=array([1920, 1080]), stereo=False, units='norm', useFBO=True, useRetina=False, viewOri=0.0, viewPos=None, viewScale=None, waitBlanking=True, winType='pyglet')
7.7220 	EXP 	window1: recordFrameIntervals = False
7.8869 	EXP 	window1: recordFrameIntervals = True
8.0705 	EXP 	window1: recordFrameIntervals = False
8.7579 	EXP 	Created image = ImageStim(__class__=<class 'psychopy.visual.image.ImageStim'>, autoLog=True, color=array([1., 1., 1.]), colorSpace='rgb', contrast=1.0, depth=0.0, flipHoriz=False, flipVert=False, image='imagenes/Title.png', interpolate=True, mask=None, maskParams=None, name='image', opacity=1.0, ori=0.0, pos=array([0., 0.]), size=array([0.5, 0.5]), texRes=128, units='norm', win=Window(...))
8.9234 	EXP 	Created Bienvenida = TextStim(__class__=<class 'psychopy.visual.text.TextStim'>, alignHoriz='center', alignVert='center', antialias=True, autoLog=True, bold=False, color='white', colorSpace='named', contrast=1.0, depth=0.0, flipHoriz=False, flipVert=False, font='Arial', fontFiles=[], height=0.1, italic=False, languageStyle='LTR', name='Bienvenida', opacity=1.0, ori=0, pos=array([0., 0.]), rgb=array([255., 255., 255.]), text=str(...), units='norm', win=Window(...), wrapWidth=1)
8.9287 	EXP 	Created Banana = ImageStim(__class__=<class 'psychopy.visual.image.ImageStim'>, autoLog=True, color=array([1., 1., 1.]), colorSpace='rgb', contrast=1.0, depth=-2.0, flipHoriz=False, flipVert=False, image='banana.png', interpolate=True, mask=None, maskParams=None, name='Banana', opacity=1.0, ori=0.0, pos=array([0., 0.]), size=array([0.15, 0.4 ]), texRes=128, units='norm', win=Window(...))
8.9341 	EXP 	Created SplatBanana = ImageStim(__class__=<class 'psychopy.visual.image.ImageStim'>, autoLog=True, color=array([1., 1., 1.]), colorSpace='rgb', contrast=1.0, depth=-3.0, flipHoriz=False, flipVert=False, image='bansplat.png', interpolate=True, mask=None, maskParams=None, name='SplatBanana', opacity=1.0, ori=0.0, pos=array([0., 0.]), size=array([0.3, 0.4]), texRes=128, units='norm', win=Window(...))
9.4848 	WARNING 	Hamming was requested using the 'pygame' sound library but hamming is not supported there.
9.5287 	EXP 	Set Munch sound=A
9.5288 	EXP 	Set Sound Munch volume=1.000
9.5289 	WARNING 	Hamming was requested using the 'pygame' sound library but hamming is not supported there.
9.5303 	EXP 	Set Splat sound=splat.wav
9.5304 	EXP 	Set Sound Splat volume=1.000
9.5374 	EXP 	Created MonkeyMouth = ImageStim(__class__=<class 'psychopy.visual.image.ImageStim'>, autoLog=True, color=array([1., 1., 1.]), colorSpace='rgb', contrast=1.0, depth=-6.0, flipHoriz=False, flipVert=False, image='monkey.png', interpolate=True, mask=None, maskParams=None, name='MonkeyMouth', opacity=1.0, ori=0.0, pos=array([0., 0.]), size=array([0.5, 0.5]), texRes=128, units='norm', win=Window(...))
9.5436 	EXP 	Created MonkeyHappy = ImageStim(__class__=<class 'psychopy.visual.image.ImageStim'>, autoLog=True, color=array([1., 1., 1.]), colorSpace='rgb', contrast=1.0, depth=-7.0, flipHoriz=False, flipVert=False, image='monkeymunch.png', interpolate=True, mask=None, maskParams=None, name='MonkeyHappy', opacity=1.0, ori=0.0, pos=array([0., 0.]), size=array([0.5, 0.5]), texRes=128, units='norm', win=Window(...))
9.5491 	EXP 	Created MonkeySad = ImageStim(__class__=<class 'psychopy.visual.image.ImageStim'>, autoLog=True, color=array([1., 1., 1.]), colorSpace='rgb', contrast=1.0, depth=-8.0, flipHoriz=False, flipVert=False, image='monkeyno.png', interpolate=True, mask=None, maskParams=None, name='MonkeySad', opacity=1.0, ori=0.0, pos=array([0., 0.]), size=array([0.5, 0.5]), texRes=128, units='norm', win=Window(...))
9.5632 	EXP 	Created Adios = TextStim(__class__=<class 'psychopy.visual.text.TextStim'>, alignHoriz='center', alignVert='center', antialias=True, autoLog=True, bold=False, color='white', colorSpace='named', contrast=1.0, depth=0.0, flipHoriz=False, flipVert=False, font='Arial', fontFiles=[], height=0.1, italic=False, languageStyle='LTR', name='Adios', opacity=1.0, ori=0, pos=array([0., 0.]), rgb=array([255., 255., 255.]), text='Muchas gracias por participar', units='norm', win=Window(...), wrapWidth=1)
9.6293 	EXP 	image: autoDraw = True
10.5895 	EXP 	image: autoDraw = False
10.5895 	EXP 	Bienvenida: autoDraw = True
11.6780 	EXP 	Created sequence: random, trialTypes=1, nReps=5, seed=None
11.6782 	EXP 	New trial (rep=0, index=0): None
11.6790 	EXP 	Set Munch sound=munch.wav
11.6795 	EXP 	Set Splat sound=splat.wav
11.6799 	DATA 	Keypress: space
11.6915 	EXP 	Bienvenida: autoDraw = False
11.6915 	EXP 	Banana: autoDraw = True
11.6915 	EXP 	SplatBanana: autoDraw = True
11.6915 	EXP 	MonkeyMouth: autoDraw = True
11.6915 	EXP 	MonkeyHappy: autoDraw = True
11.6915 	EXP 	MonkeySad: autoDraw = True
13.4433 	EXP 	Sound Munch started
13.4433 	EXP 	Sound Splat started
15.5316 	EXP 	Sound Munch stopped
15.5316 	EXP 	Sound Splat stopped
15.5321 	EXP 	New trial (rep=1, index=0): None
15.5334 	EXP 	Set Munch sound=munch.wav
15.5345 	EXP 	Set Splat sound=splat.wav
15.5454 	EXP 	Banana: autoDraw = False
15.5454 	EXP 	SplatBanana: autoDraw = False
15.5454 	EXP 	MonkeyMouth: autoDraw = False
15.5454 	EXP 	MonkeyHappy: autoDraw = False
15.5454 	EXP 	MonkeySad: autoDraw = False
15.5454 	EXP 	Banana: autoDraw = True
15.5454 	EXP 	SplatBanana: autoDraw = True
15.5454 	EXP 	MonkeyMouth: autoDraw = True
15.5454 	EXP 	MonkeyHappy: autoDraw = True
15.5454 	EXP 	MonkeySad: autoDraw = True
17.2975 	EXP 	Sound Munch started
17.2975 	EXP 	Sound Splat started
19.3842 	EXP 	Sound Munch stopped
19.3842 	EXP 	Sound Splat stopped
19.3844 	EXP 	New trial (rep=2, index=0): None
19.3852 	EXP 	Set Munch sound=munch.wav
19.3858 	EXP 	Set Splat sound=splat.wav
19.3996 	EXP 	Banana: autoDraw = False
19.3996 	EXP 	SplatBanana: autoDraw = False
19.3996 	EXP 	MonkeyMouth: autoDraw = False
19.3996 	EXP 	MonkeyHappy: autoDraw = False
19.3996 	EXP 	MonkeySad: autoDraw = False
19.3996 	EXP 	Banana: autoDraw = True
19.3996 	EXP 	SplatBanana: autoDraw = True
19.3996 	EXP 	MonkeyMouth: autoDraw = True
19.3996 	EXP 	MonkeyHappy: autoDraw = True
19.3996 	EXP 	MonkeySad: autoDraw = True
21.1516 	EXP 	Sound Munch started
21.1517 	EXP 	Sound Splat started
21.9727 	DATA 	Keypress: escape
22.4386 	EXP 	window1: mouseVisible = True
