4.7829 	WARNING 	User requested fullscreen with size [1366  768], but screen is actually [1920, 1080]. Using actual size
6.4568 	EXP 	Created window1 = Window(allowGUI=False, allowStencil=False, args=UNKNOWN, autoLog=True, bitsMode=UNKNOWN, blendMode='avg', color=array([-1., -1., -1.]), colorSpace='rgb', fullscr=<method-wrapper '__getattribute__' of attributeSetter object at 0x000001139FF546D8>, gamma=None, gammaErrorPolicy='raise', kwargs=UNKNOWN, lms=UNKNOWN, monitor=<psychopy.monitors.calibTools.Monitor object at 0x00000113A001B940>, multiSample=False, name='window1', numSamples=2, pos=[0.0, 0.0], screen=0, size=array([1920, 1080]), stereo=False, units='norm', useFBO=True, useRetina=False, viewOri=0.0, viewPos=None, viewScale=None, waitBlanking=True, winType='pyglet')
6.4569 	EXP 	window1: recordFrameIntervals = False
6.6254 	EXP 	window1: recordFrameIntervals = True
6.8096 	EXP 	window1: recordFrameIntervals = False
7.6251 	EXP 	Created image = ImageStim(__class__=<class 'psychopy.visual.image.ImageStim'>, autoLog=True, color=array([1., 1., 1.]), colorSpace='rgb', contrast=1.0, depth=0.0, flipHoriz=False, flipVert=False, image='imagenes/Title.png', interpolate=True, mask=None, maskParams=None, name='image', opacity=1.0, ori=1.0, pos=array([0., 0.]), size=array([1., 1.]), texRes=128, units='norm', win=Window(...))
7.7627 	EXP 	Created Bienvenida = TextStim(__class__=<class 'psychopy.visual.text.TextStim'>, alignHoriz='center', alignVert='center', antialias=True, autoLog=True, bold=False, color='white', colorSpace='named', contrast=1.0, depth=0.0, flipHoriz=False, flipVert=False, font='Arial', fontFiles=[], height=0.1, italic=False, languageStyle='LTR', name='Bienvenida', opacity=1.0, ori=0, pos=array([0., 0.]), rgb=array([255., 255., 255.]), text=str(...), units='norm', win=Window(...), wrapWidth=1)
7.7670 	EXP 	Created Banana = ImageStim(__class__=<class 'psychopy.visual.image.ImageStim'>, autoLog=True, color=array([1., 1., 1.]), colorSpace='rgb', contrast=1.0, depth=-2.0, flipHoriz=False, flipVert=False, image='banana.png', interpolate=True, mask=None, maskParams=None, name='Banana', opacity=1.0, ori=0.0, pos=array([0., 0.]), size=array([0.15, 0.4 ]), texRes=128, units='norm', win=Window(...))
7.7715 	EXP 	Created SplatBanana = ImageStim(__class__=<class 'psychopy.visual.image.ImageStim'>, autoLog=True, color=array([1., 1., 1.]), colorSpace='rgb', contrast=1.0, depth=-3.0, flipHoriz=False, flipVert=False, image='bansplat.png', interpolate=True, mask=None, maskParams=None, name='SplatBanana', opacity=1.0, ori=0.0, pos=array([0., 0.]), size=array([0.3, 0.4]), texRes=128, units='norm', win=Window(...))
8.2657 	WARNING 	Hamming was requested using the 'pygame' sound library but hamming is not supported there.
8.2823 	EXP 	Set Munch sound=A
8.2823 	EXP 	Set Sound Munch volume=1.000
8.2823 	WARNING 	Hamming was requested using the 'pygame' sound library but hamming is not supported there.
8.2831 	EXP 	Set Splat sound=splat.wav
8.2831 	EXP 	Set Sound Splat volume=1.000
8.2876 	EXP 	Created MonkeyMouth = ImageStim(__class__=<class 'psychopy.visual.image.ImageStim'>, autoLog=True, color=array([1., 1., 1.]), colorSpace='rgb', contrast=1.0, depth=-6.0, flipHoriz=False, flipVert=False, image='monkey.png', interpolate=True, mask=None, maskParams=None, name='MonkeyMouth', opacity=1.0, ori=0.0, pos=array([0., 0.]), size=array([0.5, 0.5]), texRes=128, units='norm', win=Window(...))
8.2920 	EXP 	Created MonkeyHappy = ImageStim(__class__=<class 'psychopy.visual.image.ImageStim'>, autoLog=True, color=array([1., 1., 1.]), colorSpace='rgb', contrast=1.0, depth=-7.0, flipHoriz=False, flipVert=False, image='monkeymunch.png', interpolate=True, mask=None, maskParams=None, name='MonkeyHappy', opacity=1.0, ori=0.0, pos=array([0., 0.]), size=array([0.5, 0.5]), texRes=128, units='norm', win=Window(...))
8.2958 	EXP 	Created MonkeySad = ImageStim(__class__=<class 'psychopy.visual.image.ImageStim'>, autoLog=True, color=array([1., 1., 1.]), colorSpace='rgb', contrast=1.0, depth=-8.0, flipHoriz=False, flipVert=False, image='monkeyno.png', interpolate=True, mask=None, maskParams=None, name='MonkeySad', opacity=1.0, ori=0.0, pos=array([0., 0.]), size=array([0.5, 0.5]), texRes=128, units='norm', win=Window(...))
8.3032 	EXP 	Created feedback_text = TextStim(__class__=<class 'psychopy.visual.text.TextStim'>, alignHoriz='center', alignVert='center', antialias=True, autoLog=True, bold=False, color='white', colorSpace='named', contrast=1.0, depth=0.0, flipHoriz=False, flipVert=False, font='Arial', fontFiles=[], height=0.1, italic=False, languageStyle='LTR', name='feedback_text', opacity=1.0, ori=0, pos=array([0., 0.]), rgb=array([255., 255., 255.]), text='default text', units='norm', win=Window(...), wrapWidth=1)
8.3207 	EXP 	Created text = TextStim(__class__=<class 'psychopy.visual.text.TextStim'>, alignHoriz='center', alignVert='center', antialias=True, autoLog=True, bold=False, color='white', colorSpace='named', contrast=1.0, depth=0.0, flipHoriz=False, flipVert=False, font='Arial', fontFiles=[], height=0.1, italic=False, languageStyle='LTR', name='text', opacity=1.0, ori=0, pos=array([0., 0.]), rgb=array([255., 255., 255.]), text=str(...), units='norm', win=Window(...), wrapWidth=1)
8.3331 	EXP 	Created Adios = TextStim(__class__=<class 'psychopy.visual.text.TextStim'>, alignHoriz='center', alignVert='center', antialias=True, autoLog=True, bold=False, color='white', colorSpace='named', contrast=1.0, depth=0.0, flipHoriz=False, flipVert=False, font='Arial', fontFiles=[], height=0.1, italic=False, languageStyle='LTR', name='Adios', opacity=1.0, ori=0, pos=array([0., 0.]), rgb=array([255., 255., 255.]), text='Muchas gracias por participar', units='norm', win=Window(...), wrapWidth=1)
8.4032 	EXP 	image: autoDraw = True
11.3614 	EXP 	image: autoDraw = False
11.3614 	EXP 	Bienvenida: autoDraw = True
13.4686 	EXP 	Created sequence: random, trialTypes=1, nReps=5, seed=None
13.4689 	EXP 	New trial (rep=0, index=0): None
13.4693 	EXP 	Created sequence: random, trialTypes=1, nReps=10, seed=None
13.4695 	EXP 	New trial (rep=0, index=0): None
13.4708 	EXP 	Set Munch sound=munch.wav
13.4716 	EXP 	Set Splat sound=splat.wav
13.4748 	DATA 	Keypress: space
13.4828 	EXP 	Bienvenida: autoDraw = False
13.4828 	EXP 	Banana: autoDraw = True
13.4828 	EXP 	SplatBanana: autoDraw = True
13.4828 	EXP 	MonkeyMouth: autoDraw = True
13.4828 	EXP 	MonkeyHappy: autoDraw = True
13.4828 	EXP 	MonkeySad: autoDraw = True
15.2332 	EXP 	Sound Munch started
16.1526 	EXP 	Sound Munch stopped
16.1527 	EXP 	Sound Splat stopped
16.1531 	EXP 	New trial (rep=1, index=0): None
16.1538 	EXP 	Set Munch sound=munch.wav
16.1543 	EXP 	Set Splat sound=splat.wav
16.1671 	EXP 	Banana: autoDraw = False
16.1671 	EXP 	SplatBanana: autoDraw = False
16.1671 	EXP 	MonkeyMouth: autoDraw = False
16.1671 	EXP 	MonkeyHappy: autoDraw = False
16.1671 	EXP 	MonkeySad: autoDraw = False
16.1671 	EXP 	Banana: autoDraw = True
16.1671 	EXP 	SplatBanana: autoDraw = True
16.1671 	EXP 	MonkeyMouth: autoDraw = True
16.1671 	EXP 	MonkeyHappy: autoDraw = True
16.1671 	EXP 	MonkeySad: autoDraw = True
17.7362 	EXP 	Sound Munch started
18.5551 	EXP 	Sound Munch stopped
18.5551 	EXP 	Sound Splat stopped
18.5554 	EXP 	New trial (rep=2, index=0): None
18.5561 	EXP 	Set Munch sound=munch.wav
18.5566 	EXP 	Set Splat sound=splat.wav
18.5699 	EXP 	Banana: autoDraw = False
18.5699 	EXP 	SplatBanana: autoDraw = False
18.5699 	EXP 	MonkeyMouth: autoDraw = False
18.5699 	EXP 	MonkeyHappy: autoDraw = False
18.5699 	EXP 	MonkeySad: autoDraw = False
18.5699 	EXP 	Banana: autoDraw = True
18.5699 	EXP 	SplatBanana: autoDraw = True
18.5699 	EXP 	MonkeyMouth: autoDraw = True
18.5699 	EXP 	MonkeyHappy: autoDraw = True
18.5699 	EXP 	MonkeySad: autoDraw = True
20.0045 	EXP 	Sound Munch started
20.7405 	EXP 	Sound Munch stopped
20.7406 	EXP 	Sound Splat stopped
20.7409 	EXP 	New trial (rep=3, index=0): None
20.7417 	EXP 	Set Munch sound=munch.wav
20.7423 	EXP 	Set Splat sound=splat.wav
20.7549 	EXP 	Banana: autoDraw = False
20.7549 	EXP 	SplatBanana: autoDraw = False
20.7549 	EXP 	MonkeyMouth: autoDraw = False
20.7549 	EXP 	MonkeyHappy: autoDraw = False
20.7549 	EXP 	MonkeySad: autoDraw = False
20.7549 	EXP 	Banana: autoDraw = True
20.7549 	EXP 	SplatBanana: autoDraw = True
20.7549 	EXP 	MonkeyMouth: autoDraw = True
20.7549 	EXP 	MonkeyHappy: autoDraw = True
20.7549 	EXP 	MonkeySad: autoDraw = True
22.0571 	EXP 	Sound Munch started
22.7266 	EXP 	Sound Munch stopped
22.7266 	EXP 	Sound Splat stopped
22.7269 	EXP 	New trial (rep=4, index=0): None
22.7277 	EXP 	Set Munch sound=munch.wav
22.7283 	EXP 	Set Splat sound=splat.wav
22.7404 	EXP 	Banana: autoDraw = False
22.7404 	EXP 	SplatBanana: autoDraw = False
22.7404 	EXP 	MonkeyMouth: autoDraw = False
22.7404 	EXP 	MonkeyHappy: autoDraw = False
22.7404 	EXP 	MonkeySad: autoDraw = False
22.7404 	EXP 	Banana: autoDraw = True
22.7404 	EXP 	SplatBanana: autoDraw = True
22.7404 	EXP 	MonkeyMouth: autoDraw = True
22.7404 	EXP 	MonkeyHappy: autoDraw = True
22.7404 	EXP 	MonkeySad: autoDraw = True
23.9417 	EXP 	Sound Munch started
24.5617 	EXP 	Sound Munch stopped
24.5618 	EXP 	Sound Splat stopped
24.5623 	EXP 	New trial (rep=5, index=0): None
24.5635 	EXP 	Set Munch sound=munch.wav
24.5644 	EXP 	Set Splat sound=splat.wav
24.5757 	EXP 	Banana: autoDraw = False
24.5757 	EXP 	SplatBanana: autoDraw = False
24.5757 	EXP 	MonkeyMouth: autoDraw = False
24.5757 	EXP 	MonkeyHappy: autoDraw = False
24.5757 	EXP 	MonkeySad: autoDraw = False
24.5757 	EXP 	Banana: autoDraw = True
24.5757 	EXP 	SplatBanana: autoDraw = True
24.5757 	EXP 	MonkeyMouth: autoDraw = True
24.5757 	EXP 	MonkeyHappy: autoDraw = True
24.5757 	EXP 	MonkeySad: autoDraw = True
25.6937 	EXP 	Sound Munch started
26.2628 	EXP 	Sound Munch stopped
26.2628 	EXP 	Sound Splat stopped
26.2633 	EXP 	New trial (rep=6, index=0): None
26.2643 	EXP 	Set Munch sound=munch.wav
26.2651 	EXP 	Set Splat sound=splat.wav
26.2773 	EXP 	Banana: autoDraw = False
26.2773 	EXP 	SplatBanana: autoDraw = False
26.2773 	EXP 	MonkeyMouth: autoDraw = False
26.2773 	EXP 	MonkeyHappy: autoDraw = False
26.2773 	EXP 	MonkeySad: autoDraw = False
26.2773 	EXP 	Banana: autoDraw = True
26.2773 	EXP 	SplatBanana: autoDraw = True
26.2773 	EXP 	MonkeyMouth: autoDraw = True
26.2773 	EXP 	MonkeyHappy: autoDraw = True
26.2773 	EXP 	MonkeySad: autoDraw = True
27.3287 	EXP 	Sound Munch started
27.8481 	EXP 	Sound Munch stopped
27.8481 	EXP 	Sound Splat stopped
27.8484 	EXP 	New trial (rep=7, index=0): None
27.8493 	EXP 	Set Munch sound=munch.wav
27.8498 	EXP 	Set Splat sound=splat.wav
27.8619 	EXP 	Banana: autoDraw = False
27.8619 	EXP 	SplatBanana: autoDraw = False
27.8619 	EXP 	MonkeyMouth: autoDraw = False
27.8619 	EXP 	MonkeyHappy: autoDraw = False
27.8619 	EXP 	MonkeySad: autoDraw = False
27.8619 	EXP 	Banana: autoDraw = True
27.8619 	EXP 	SplatBanana: autoDraw = True
27.8619 	EXP 	MonkeyMouth: autoDraw = True
27.8619 	EXP 	MonkeyHappy: autoDraw = True
27.8619 	EXP 	MonkeySad: autoDraw = True
28.8473 	EXP 	Sound Munch started
29.3324 	EXP 	Sound Munch stopped
29.3324 	EXP 	Sound Splat stopped
29.3328 	EXP 	New trial (rep=8, index=0): None
29.3337 	EXP 	Set Munch sound=munch.wav
29.3343 	EXP 	Set Splat sound=splat.wav
29.3468 	EXP 	Banana: autoDraw = False
29.3468 	EXP 	SplatBanana: autoDraw = False
29.3468 	EXP 	MonkeyMouth: autoDraw = False
29.3468 	EXP 	MonkeyHappy: autoDraw = False
29.3468 	EXP 	MonkeySad: autoDraw = False
29.3468 	EXP 	Banana: autoDraw = True
29.3468 	EXP 	SplatBanana: autoDraw = True
29.3468 	EXP 	MonkeyMouth: autoDraw = True
29.3468 	EXP 	MonkeyHappy: autoDraw = True
29.3468 	EXP 	MonkeySad: autoDraw = True
30.2649 	EXP 	Sound Munch started
30.7332 	EXP 	Sound Munch stopped
30.7332 	EXP 	Sound Splat stopped
30.7335 	EXP 	New trial (rep=9, index=0): None
30.7343 	EXP 	Set Munch sound=munch.wav
30.7350 	EXP 	Set Splat sound=splat.wav
30.7485 	EXP 	Banana: autoDraw = False
30.7485 	EXP 	SplatBanana: autoDraw = False
30.7485 	EXP 	MonkeyMouth: autoDraw = False
30.7485 	EXP 	MonkeyHappy: autoDraw = False
30.7485 	EXP 	MonkeySad: autoDraw = False
30.7485 	EXP 	Banana: autoDraw = True
30.7485 	EXP 	SplatBanana: autoDraw = True
30.7485 	EXP 	MonkeyMouth: autoDraw = True
30.7485 	EXP 	MonkeyHappy: autoDraw = True
30.7485 	EXP 	MonkeySad: autoDraw = True
31.6327 	EXP 	Sound Munch started
32.0522 	EXP 	Sound Munch stopped
32.0522 	EXP 	Sound Splat stopped
32.0749 	EXP 	Banana: autoDraw = False
32.0749 	EXP 	SplatBanana: autoDraw = False
32.0749 	EXP 	MonkeyMouth: autoDraw = False
32.0749 	EXP 	MonkeyHappy: autoDraw = False
32.0749 	EXP 	MonkeySad: autoDraw = False
32.0749 	EXP 	feedback_text: autoDraw = True
37.0714 	EXP 	feedback_text: autoDraw = False
37.0714 	EXP 	text: autoDraw = True
40.2465 	EXP 	New trial (rep=1, index=0): None
40.2467 	EXP 	Created sequence: random, trialTypes=1, nReps=10, seed=None
40.2469 	EXP 	New trial (rep=0, index=0): None
40.2475 	EXP 	Set Munch sound=munch.wav
40.2480 	EXP 	Set Splat sound=splat.wav
40.2483 	DATA 	Keypress: s
40.2582 	EXP 	text: autoDraw = False
40.2582 	EXP 	Banana: autoDraw = True
40.2582 	EXP 	SplatBanana: autoDraw = True
40.2582 	EXP 	MonkeyMouth: autoDraw = True
40.2582 	EXP 	MonkeyHappy: autoDraw = True
40.2582 	EXP 	MonkeySad: autoDraw = True
41.0922 	EXP 	Sound Munch started
41.4945 	EXP 	Sound Munch stopped
41.4945 	EXP 	Sound Splat stopped
41.4948 	EXP 	New trial (rep=1, index=0): None
41.4956 	EXP 	Set Munch sound=munch.wav
41.4962 	EXP 	Set Splat sound=splat.wav
41.5093 	EXP 	Banana: autoDraw = False
41.5093 	EXP 	SplatBanana: autoDraw = False
41.5093 	EXP 	MonkeyMouth: autoDraw = False
41.5093 	EXP 	MonkeyHappy: autoDraw = False
41.5093 	EXP 	MonkeySad: autoDraw = False
41.5093 	EXP 	Banana: autoDraw = True
41.5093 	EXP 	SplatBanana: autoDraw = True
41.5093 	EXP 	MonkeyMouth: autoDraw = True
41.5093 	EXP 	MonkeyHappy: autoDraw = True
41.5093 	EXP 	MonkeySad: autoDraw = True
42.3105 	EXP 	Sound Munch started
42.6963 	EXP 	Sound Munch stopped
42.6963 	EXP 	Sound Splat stopped
42.6968 	EXP 	New trial (rep=2, index=0): None
42.6978 	EXP 	Set Munch sound=munch.wav
42.6989 	EXP 	Set Splat sound=splat.wav
42.7102 	EXP 	Banana: autoDraw = False
42.7102 	EXP 	SplatBanana: autoDraw = False
42.7102 	EXP 	MonkeyMouth: autoDraw = False
42.7102 	EXP 	MonkeyHappy: autoDraw = False
42.7102 	EXP 	MonkeySad: autoDraw = False
42.7102 	EXP 	Banana: autoDraw = True
42.7102 	EXP 	SplatBanana: autoDraw = True
42.7102 	EXP 	MonkeyMouth: autoDraw = True
42.7102 	EXP 	MonkeyHappy: autoDraw = True
42.7102 	EXP 	MonkeySad: autoDraw = True
43.4612 	EXP 	Sound Munch started
43.8295 	EXP 	Sound Munch stopped
43.8295 	EXP 	Sound Splat stopped
43.8298 	EXP 	New trial (rep=3, index=0): None
43.8304 	EXP 	Set Munch sound=munch.wav
43.8309 	EXP 	Set Splat sound=splat.wav
43.8443 	EXP 	Banana: autoDraw = False
43.8443 	EXP 	SplatBanana: autoDraw = False
43.8443 	EXP 	MonkeyMouth: autoDraw = False
43.8443 	EXP 	MonkeyHappy: autoDraw = False
43.8443 	EXP 	MonkeySad: autoDraw = False
43.8443 	EXP 	Banana: autoDraw = True
43.8443 	EXP 	SplatBanana: autoDraw = True
43.8443 	EXP 	MonkeyMouth: autoDraw = True
43.8443 	EXP 	MonkeyHappy: autoDraw = True
43.8443 	EXP 	MonkeySad: autoDraw = True
44.5794 	EXP 	Sound Munch started
44.9315 	EXP 	Sound Munch stopped
44.9315 	EXP 	Sound Splat stopped
44.9318 	EXP 	New trial (rep=4, index=0): None
44.9328 	EXP 	Set Munch sound=munch.wav
44.9334 	EXP 	Set Splat sound=splat.wav
44.9461 	EXP 	Banana: autoDraw = False
44.9461 	EXP 	SplatBanana: autoDraw = False
44.9461 	EXP 	MonkeyMouth: autoDraw = False
44.9461 	EXP 	MonkeyHappy: autoDraw = False
44.9461 	EXP 	MonkeySad: autoDraw = False
44.9461 	EXP 	Banana: autoDraw = True
44.9461 	EXP 	SplatBanana: autoDraw = True
44.9461 	EXP 	MonkeyMouth: autoDraw = True
44.9461 	EXP 	MonkeyHappy: autoDraw = True
44.9461 	EXP 	MonkeySad: autoDraw = True
45.6471 	EXP 	Sound Munch started
45.9828 	EXP 	Sound Munch stopped
45.9829 	EXP 	Sound Splat stopped
45.9833 	EXP 	New trial (rep=5, index=0): None
45.9840 	EXP 	Set Munch sound=munch.wav
45.9845 	EXP 	Set Splat sound=splat.wav
45.9972 	EXP 	Banana: autoDraw = False
45.9972 	EXP 	SplatBanana: autoDraw = False
45.9972 	EXP 	MonkeyMouth: autoDraw = False
45.9972 	EXP 	MonkeyHappy: autoDraw = False
45.9972 	EXP 	MonkeySad: autoDraw = False
45.9972 	EXP 	Banana: autoDraw = True
45.9972 	EXP 	SplatBanana: autoDraw = True
45.9972 	EXP 	MonkeyMouth: autoDraw = True
45.9972 	EXP 	MonkeyHappy: autoDraw = True
45.9972 	EXP 	MonkeySad: autoDraw = True
46.6648 	EXP 	Sound Munch started
47.0001 	EXP 	Sound Munch stopped
47.0001 	EXP 	Sound Splat stopped
47.0005 	EXP 	New trial (rep=6, index=0): None
47.0015 	EXP 	Set Munch sound=munch.wav
47.0022 	EXP 	Set Splat sound=splat.wav
47.0146 	EXP 	Banana: autoDraw = False
47.0146 	EXP 	SplatBanana: autoDraw = False
47.0146 	EXP 	MonkeyMouth: autoDraw = False
47.0146 	EXP 	MonkeyHappy: autoDraw = False
47.0146 	EXP 	MonkeySad: autoDraw = False
47.0146 	EXP 	Banana: autoDraw = True
47.0146 	EXP 	SplatBanana: autoDraw = True
47.0146 	EXP 	MonkeyMouth: autoDraw = True
47.0146 	EXP 	MonkeyHappy: autoDraw = True
47.0146 	EXP 	MonkeySad: autoDraw = True
47.6654 	EXP 	Sound Munch started
48.0182 	EXP 	Sound Munch stopped
48.0183 	EXP 	Sound Splat stopped
48.0188 	EXP 	New trial (rep=7, index=0): None
48.0202 	EXP 	Set Munch sound=munch.wav
48.0214 	EXP 	Set Splat sound=splat.wav
48.0322 	EXP 	Banana: autoDraw = False
48.0322 	EXP 	SplatBanana: autoDraw = False
48.0322 	EXP 	MonkeyMouth: autoDraw = False
48.0322 	EXP 	MonkeyHappy: autoDraw = False
48.0322 	EXP 	MonkeySad: autoDraw = False
48.0322 	EXP 	Banana: autoDraw = True
48.0322 	EXP 	SplatBanana: autoDraw = True
48.0322 	EXP 	MonkeyMouth: autoDraw = True
48.0322 	EXP 	MonkeyHappy: autoDraw = True
48.0322 	EXP 	MonkeySad: autoDraw = True
48.6510 	EXP 	Sound Munch started
49.0356 	EXP 	Sound Munch stopped
49.0356 	EXP 	Sound Splat stopped
49.0359 	EXP 	New trial (rep=8, index=0): None
49.0366 	EXP 	Set Munch sound=munch.wav
49.0372 	EXP 	Set Splat sound=splat.wav
49.0498 	EXP 	Banana: autoDraw = False
49.0498 	EXP 	SplatBanana: autoDraw = False
49.0498 	EXP 	MonkeyMouth: autoDraw = False
49.0498 	EXP 	MonkeyHappy: autoDraw = False
49.0498 	EXP 	MonkeySad: autoDraw = False
49.0498 	EXP 	Banana: autoDraw = True
49.0498 	EXP 	SplatBanana: autoDraw = True
49.0498 	EXP 	MonkeyMouth: autoDraw = True
49.0498 	EXP 	MonkeyHappy: autoDraw = True
49.0498 	EXP 	MonkeySad: autoDraw = True
49.6508 	EXP 	Sound Munch started
50.0533 	EXP 	Sound Munch stopped
50.0533 	EXP 	Sound Splat stopped
50.0538 	EXP 	New trial (rep=9, index=0): None
50.0549 	EXP 	Set Munch sound=munch.wav
50.0557 	EXP 	Set Splat sound=splat.wav
50.0676 	EXP 	Banana: autoDraw = False
50.0676 	EXP 	SplatBanana: autoDraw = False
50.0676 	EXP 	MonkeyMouth: autoDraw = False
50.0676 	EXP 	MonkeyHappy: autoDraw = False
50.0676 	EXP 	MonkeySad: autoDraw = False
50.0676 	EXP 	Banana: autoDraw = True
50.0676 	EXP 	SplatBanana: autoDraw = True
50.0676 	EXP 	MonkeyMouth: autoDraw = True
50.0676 	EXP 	MonkeyHappy: autoDraw = True
50.0676 	EXP 	MonkeySad: autoDraw = True
50.6536 	EXP 	Sound Munch started
51.0712 	EXP 	Sound Munch stopped
51.0712 	EXP 	Sound Splat stopped
51.0923 	EXP 	Banana: autoDraw = False
51.0923 	EXP 	SplatBanana: autoDraw = False
51.0923 	EXP 	MonkeyMouth: autoDraw = False
51.0923 	EXP 	MonkeyHappy: autoDraw = False
51.0923 	EXP 	MonkeySad: autoDraw = False
51.0923 	EXP 	feedback_text: autoDraw = True
56.0900 	EXP 	feedback_text: autoDraw = False
56.0900 	EXP 	text: autoDraw = True
57.6479 	EXP 	New trial (rep=2, index=0): None
57.6482 	EXP 	Created sequence: random, trialTypes=1, nReps=10, seed=None
57.6485 	EXP 	New trial (rep=0, index=0): None
57.6493 	EXP 	Set Munch sound=munch.wav
57.6500 	EXP 	Set Splat sound=splat.wav
57.6504 	DATA 	Keypress: s
57.6585 	EXP 	text: autoDraw = False
57.6585 	EXP 	Banana: autoDraw = True
57.6585 	EXP 	SplatBanana: autoDraw = True
57.6585 	EXP 	MonkeyMouth: autoDraw = True
57.6585 	EXP 	MonkeyHappy: autoDraw = True
57.6585 	EXP 	MonkeySad: autoDraw = True
58.2266 	EXP 	Sound Munch started
58.6630 	EXP 	Sound Munch stopped
58.6630 	EXP 	Sound Splat stopped
58.6634 	EXP 	New trial (rep=1, index=0): None
58.6646 	EXP 	Set Munch sound=munch.wav
58.6654 	EXP 	Set Splat sound=splat.wav
58.6762 	EXP 	Banana: autoDraw = False
58.6762 	EXP 	SplatBanana: autoDraw = False
58.6762 	EXP 	MonkeyMouth: autoDraw = False
58.6762 	EXP 	MonkeyHappy: autoDraw = False
58.6762 	EXP 	MonkeySad: autoDraw = False
58.6762 	EXP 	Banana: autoDraw = True
58.6762 	EXP 	SplatBanana: autoDraw = True
58.6762 	EXP 	MonkeyMouth: autoDraw = True
58.6762 	EXP 	MonkeyHappy: autoDraw = True
58.6762 	EXP 	MonkeySad: autoDraw = True
59.2276 	EXP 	Sound Munch started
59.6796 	EXP 	Sound Munch stopped
59.6797 	EXP 	Sound Splat stopped
59.6800 	EXP 	New trial (rep=2, index=0): None
59.6809 	EXP 	Set Munch sound=munch.wav
59.6816 	EXP 	Set Splat sound=splat.wav
59.6936 	EXP 	Banana: autoDraw = False
59.6936 	EXP 	SplatBanana: autoDraw = False
59.6936 	EXP 	MonkeyMouth: autoDraw = False
59.6936 	EXP 	MonkeyHappy: autoDraw = False
59.6936 	EXP 	MonkeySad: autoDraw = False
59.6936 	EXP 	Banana: autoDraw = True
59.6936 	EXP 	SplatBanana: autoDraw = True
59.6936 	EXP 	MonkeyMouth: autoDraw = True
59.6936 	EXP 	MonkeyHappy: autoDraw = True
59.6936 	EXP 	MonkeySad: autoDraw = True
60.2293 	EXP 	Sound Munch started
60.6973 	EXP 	Sound Munch stopped
60.6973 	EXP 	Sound Splat stopped
60.6976 	EXP 	New trial (rep=3, index=0): None
60.6984 	EXP 	Set Munch sound=munch.wav
60.6991 	EXP 	Set Splat sound=splat.wav
60.7115 	EXP 	Banana: autoDraw = False
60.7115 	EXP 	SplatBanana: autoDraw = False
60.7115 	EXP 	MonkeyMouth: autoDraw = False
60.7115 	EXP 	MonkeyHappy: autoDraw = False
60.7115 	EXP 	MonkeySad: autoDraw = False
60.7115 	EXP 	Banana: autoDraw = True
60.7115 	EXP 	SplatBanana: autoDraw = True
60.7115 	EXP 	MonkeyMouth: autoDraw = True
60.7115 	EXP 	MonkeyHappy: autoDraw = True
60.7115 	EXP 	MonkeySad: autoDraw = True
61.2297 	EXP 	Sound Munch started
61.7149 	EXP 	Sound Munch stopped
61.7150 	EXP 	Sound Splat stopped
61.7153 	EXP 	New trial (rep=4, index=0): None
61.7160 	EXP 	Set Munch sound=munch.wav
61.7165 	EXP 	Set Splat sound=splat.wav
61.7292 	EXP 	Banana: autoDraw = False
61.7292 	EXP 	SplatBanana: autoDraw = False
61.7292 	EXP 	MonkeyMouth: autoDraw = False
61.7292 	EXP 	MonkeyHappy: autoDraw = False
61.7292 	EXP 	MonkeySad: autoDraw = False
61.7292 	EXP 	Banana: autoDraw = True
61.7292 	EXP 	SplatBanana: autoDraw = True
61.7292 	EXP 	MonkeyMouth: autoDraw = True
61.7292 	EXP 	MonkeyHappy: autoDraw = True
61.7292 	EXP 	MonkeySad: autoDraw = True
62.2301 	EXP 	Sound Munch started
62.7329 	EXP 	Sound Munch stopped
62.7330 	EXP 	Sound Splat stopped
62.7333 	EXP 	New trial (rep=5, index=0): None
62.7342 	EXP 	Set Munch sound=munch.wav
62.7349 	EXP 	Set Splat sound=splat.wav
62.7467 	EXP 	Banana: autoDraw = False
62.7467 	EXP 	SplatBanana: autoDraw = False
62.7467 	EXP 	MonkeyMouth: autoDraw = False
62.7467 	EXP 	MonkeyHappy: autoDraw = False
62.7467 	EXP 	MonkeySad: autoDraw = False
62.7467 	EXP 	Banana: autoDraw = True
62.7467 	EXP 	SplatBanana: autoDraw = True
62.7467 	EXP 	MonkeyMouth: autoDraw = True
62.7467 	EXP 	MonkeyHappy: autoDraw = True
62.7467 	EXP 	MonkeySad: autoDraw = True
63.2478 	EXP 	Sound Munch started
63.7507 	EXP 	Sound Munch stopped
63.7507 	EXP 	Sound Splat stopped
63.7510 	EXP 	New trial (rep=6, index=0): None
63.7517 	EXP 	Set Munch sound=munch.wav
63.7522 	EXP 	Set Splat sound=splat.wav
63.7643 	EXP 	Banana: autoDraw = False
63.7643 	EXP 	SplatBanana: autoDraw = False
63.7643 	EXP 	MonkeyMouth: autoDraw = False
63.7643 	EXP 	MonkeyHappy: autoDraw = False
63.7643 	EXP 	MonkeySad: autoDraw = False
63.7643 	EXP 	Banana: autoDraw = True
63.7643 	EXP 	SplatBanana: autoDraw = True
63.7643 	EXP 	MonkeyMouth: autoDraw = True
63.7643 	EXP 	MonkeyHappy: autoDraw = True
63.7643 	EXP 	MonkeySad: autoDraw = True
64.2489 	EXP 	Sound Munch started
64.7684 	EXP 	Sound Munch stopped
64.7685 	EXP 	Sound Splat stopped
64.7688 	EXP 	New trial (rep=7, index=0): None
64.7695 	EXP 	Set Munch sound=munch.wav
64.7700 	EXP 	Set Splat sound=splat.wav
64.7820 	EXP 	Banana: autoDraw = False
64.7820 	EXP 	SplatBanana: autoDraw = False
64.7820 	EXP 	MonkeyMouth: autoDraw = False
64.7820 	EXP 	MonkeyHappy: autoDraw = False
64.7820 	EXP 	MonkeySad: autoDraw = False
64.7820 	EXP 	Banana: autoDraw = True
64.7820 	EXP 	SplatBanana: autoDraw = True
64.7820 	EXP 	MonkeyMouth: autoDraw = True
64.7820 	EXP 	MonkeyHappy: autoDraw = True
64.7820 	EXP 	MonkeySad: autoDraw = True
65.2502 	EXP 	Sound Munch started
65.7860 	EXP 	Sound Munch stopped
65.7861 	EXP 	Sound Splat stopped
65.7867 	EXP 	New trial (rep=8, index=0): None
65.7883 	EXP 	Set Munch sound=munch.wav
65.7896 	EXP 	Set Splat sound=splat.wav
65.8001 	EXP 	Banana: autoDraw = False
65.8001 	EXP 	SplatBanana: autoDraw = False
65.8001 	EXP 	MonkeyMouth: autoDraw = False
65.8001 	EXP 	MonkeyHappy: autoDraw = False
65.8001 	EXP 	MonkeySad: autoDraw = False
65.8001 	EXP 	Banana: autoDraw = True
65.8001 	EXP 	SplatBanana: autoDraw = True
65.8001 	EXP 	MonkeyMouth: autoDraw = True
65.8001 	EXP 	MonkeyHappy: autoDraw = True
65.8001 	EXP 	MonkeySad: autoDraw = True
66.2680 	EXP 	Sound Munch started
66.8031 	EXP 	Sound Munch stopped
66.8031 	EXP 	Sound Splat stopped
66.8035 	EXP 	New trial (rep=9, index=0): None
66.8042 	EXP 	Set Munch sound=munch.wav
66.8046 	EXP 	Set Splat sound=splat.wav
66.8177 	EXP 	Banana: autoDraw = False
66.8177 	EXP 	SplatBanana: autoDraw = False
66.8177 	EXP 	MonkeyMouth: autoDraw = False
66.8177 	EXP 	MonkeyHappy: autoDraw = False
66.8177 	EXP 	MonkeySad: autoDraw = False
66.8177 	EXP 	Banana: autoDraw = True
66.8177 	EXP 	SplatBanana: autoDraw = True
66.8177 	EXP 	MonkeyMouth: autoDraw = True
66.8177 	EXP 	MonkeyHappy: autoDraw = True
66.8177 	EXP 	MonkeySad: autoDraw = True
67.2688 	EXP 	Sound Splat started
67.8221 	EXP 	Sound Munch stopped
67.8222 	EXP 	Sound Splat stopped
67.8609 	EXP 	Banana: autoDraw = False
67.8609 	EXP 	SplatBanana: autoDraw = False
67.8609 	EXP 	MonkeyMouth: autoDraw = False
67.8609 	EXP 	MonkeyHappy: autoDraw = False
67.8609 	EXP 	MonkeySad: autoDraw = False
67.8609 	EXP 	feedback_text: autoDraw = True
72.8402 	EXP 	feedback_text: autoDraw = False
72.8402 	EXP 	text: autoDraw = True
74.2481 	EXP 	New trial (rep=3, index=0): None
74.2484 	EXP 	Created sequence: random, trialTypes=1, nReps=10, seed=None
74.2485 	EXP 	New trial (rep=0, index=0): None
74.2492 	EXP 	Set Munch sound=munch.wav
74.2497 	EXP 	Set Splat sound=splat.wav
74.2517 	DATA 	Keypress: s
74.2583 	EXP 	text: autoDraw = False
74.2583 	EXP 	Banana: autoDraw = True
74.2583 	EXP 	SplatBanana: autoDraw = True
74.2583 	EXP 	MonkeyMouth: autoDraw = True
74.2583 	EXP 	MonkeyHappy: autoDraw = True
74.2583 	EXP 	MonkeySad: autoDraw = True
74.7591 	EXP 	Sound Munch started
75.2621 	EXP 	Sound Munch stopped
75.2621 	EXP 	Sound Splat stopped
75.2625 	EXP 	New trial (rep=1, index=0): None
75.2633 	EXP 	Set Munch sound=munch.wav
75.2638 	EXP 	Set Splat sound=splat.wav
75.2758 	EXP 	Banana: autoDraw = False
75.2758 	EXP 	SplatBanana: autoDraw = False
75.2758 	EXP 	MonkeyMouth: autoDraw = False
75.2758 	EXP 	MonkeyHappy: autoDraw = False
75.2758 	EXP 	MonkeySad: autoDraw = False
75.2758 	EXP 	Banana: autoDraw = True
75.2758 	EXP 	SplatBanana: autoDraw = True
75.2758 	EXP 	MonkeyMouth: autoDraw = True
75.2758 	EXP 	MonkeyHappy: autoDraw = True
75.2758 	EXP 	MonkeySad: autoDraw = True
75.7603 	EXP 	Sound Splat started
76.2809 	EXP 	Sound Munch stopped
76.2809 	EXP 	Sound Splat stopped
76.2812 	EXP 	New trial (rep=2, index=0): None
76.2818 	EXP 	Set Munch sound=munch.wav
76.2824 	EXP 	Set Splat sound=splat.wav
76.2936 	EXP 	Banana: autoDraw = False
76.2936 	EXP 	SplatBanana: autoDraw = False
76.2936 	EXP 	MonkeyMouth: autoDraw = False
76.2936 	EXP 	MonkeyHappy: autoDraw = False
76.2936 	EXP 	MonkeySad: autoDraw = False
76.2936 	EXP 	Banana: autoDraw = True
76.2936 	EXP 	SplatBanana: autoDraw = True
76.2936 	EXP 	MonkeyMouth: autoDraw = True
76.2936 	EXP 	MonkeyHappy: autoDraw = True
76.2936 	EXP 	MonkeySad: autoDraw = True
76.8277 	EXP 	Sound Munch started
77.2969 	EXP 	Sound Munch stopped
77.2969 	EXP 	Sound Splat stopped
77.2972 	EXP 	New trial (rep=3, index=0): None
77.2978 	EXP 	Set Munch sound=munch.wav
77.2983 	EXP 	Set Splat sound=splat.wav
77.3111 	EXP 	Banana: autoDraw = False
77.3111 	EXP 	SplatBanana: autoDraw = False
77.3111 	EXP 	MonkeyMouth: autoDraw = False
77.3111 	EXP 	MonkeyHappy: autoDraw = False
77.3111 	EXP 	MonkeySad: autoDraw = False
77.3111 	EXP 	Banana: autoDraw = True
77.3111 	EXP 	SplatBanana: autoDraw = True
77.3111 	EXP 	MonkeyMouth: autoDraw = True
77.3111 	EXP 	MonkeyHappy: autoDraw = True
77.3111 	EXP 	MonkeySad: autoDraw = True
77.8288 	EXP 	Sound Munch started
78.3139 	EXP 	Sound Munch stopped
78.3139 	EXP 	Sound Splat stopped
78.3142 	EXP 	New trial (rep=4, index=0): None
78.3149 	EXP 	Set Munch sound=munch.wav
78.3158 	EXP 	Set Splat sound=splat.wav
78.3289 	EXP 	Banana: autoDraw = False
78.3289 	EXP 	SplatBanana: autoDraw = False
78.3289 	EXP 	MonkeyMouth: autoDraw = False
78.3289 	EXP 	MonkeyHappy: autoDraw = False
78.3289 	EXP 	MonkeySad: autoDraw = False
78.3289 	EXP 	Banana: autoDraw = True
78.3289 	EXP 	SplatBanana: autoDraw = True
78.3289 	EXP 	MonkeyMouth: autoDraw = True
78.3289 	EXP 	MonkeyHappy: autoDraw = True
78.3289 	EXP 	MonkeySad: autoDraw = True
78.8306 	EXP 	Sound Munch started
79.3319 	EXP 	Sound Munch stopped
79.3319 	EXP 	Sound Splat stopped
79.3321 	EXP 	New trial (rep=5, index=0): None
79.3329 	EXP 	Set Munch sound=munch.wav
79.3335 	EXP 	Set Splat sound=splat.wav
79.3465 	EXP 	Banana: autoDraw = False
79.3465 	EXP 	SplatBanana: autoDraw = False
79.3465 	EXP 	MonkeyMouth: autoDraw = False
79.3465 	EXP 	MonkeyHappy: autoDraw = False
79.3465 	EXP 	MonkeySad: autoDraw = False
79.3465 	EXP 	Banana: autoDraw = True
79.3465 	EXP 	SplatBanana: autoDraw = True
79.3465 	EXP 	MonkeyMouth: autoDraw = True
79.3465 	EXP 	MonkeyHappy: autoDraw = True
79.3465 	EXP 	MonkeySad: autoDraw = True
79.8478 	EXP 	Sound Splat started
80.3558 	EXP 	Sound Munch stopped
80.3560 	EXP 	Sound Splat stopped
80.3593 	EXP 	New trial (rep=6, index=0): None
80.3653 	EXP 	Set Munch sound=munch.wav
80.3677 	EXP 	Set Splat sound=splat.wav
80.3765 	EXP 	Banana: autoDraw = False
80.3765 	EXP 	SplatBanana: autoDraw = False
80.3765 	EXP 	MonkeyMouth: autoDraw = False
80.3765 	EXP 	MonkeyHappy: autoDraw = False
80.3765 	EXP 	MonkeySad: autoDraw = False
80.3765 	EXP 	Banana: autoDraw = True
80.3765 	EXP 	SplatBanana: autoDraw = True
80.3765 	EXP 	MonkeyMouth: autoDraw = True
80.3765 	EXP 	MonkeyHappy: autoDraw = True
80.3765 	EXP 	MonkeySad: autoDraw = True
80.9155 	EXP 	Sound Munch started
81.3674 	EXP 	Sound Munch stopped
81.3674 	EXP 	Sound Splat stopped
81.3677 	EXP 	New trial (rep=7, index=0): None
81.3684 	EXP 	Set Munch sound=munch.wav
81.3689 	EXP 	Set Splat sound=splat.wav
81.3823 	EXP 	Banana: autoDraw = False
81.3823 	EXP 	SplatBanana: autoDraw = False
81.3823 	EXP 	MonkeyMouth: autoDraw = False
81.3823 	EXP 	MonkeyHappy: autoDraw = False
81.3823 	EXP 	MonkeySad: autoDraw = False
81.3823 	EXP 	Banana: autoDraw = True
81.3823 	EXP 	SplatBanana: autoDraw = True
81.3823 	EXP 	MonkeyMouth: autoDraw = True
81.3823 	EXP 	MonkeyHappy: autoDraw = True
81.3823 	EXP 	MonkeySad: autoDraw = True
81.9166 	EXP 	Sound Munch started
82.3847 	EXP 	Sound Munch stopped
82.3847 	EXP 	Sound Splat stopped
82.3851 	EXP 	New trial (rep=8, index=0): None
82.3861 	EXP 	Set Munch sound=munch.wav
82.3869 	EXP 	Set Splat sound=splat.wav
82.4000 	EXP 	Banana: autoDraw = False
82.4000 	EXP 	SplatBanana: autoDraw = False
82.4000 	EXP 	MonkeyMouth: autoDraw = False
82.4000 	EXP 	MonkeyHappy: autoDraw = False
82.4000 	EXP 	MonkeySad: autoDraw = False
82.4000 	EXP 	Banana: autoDraw = True
82.4000 	EXP 	SplatBanana: autoDraw = True
82.4000 	EXP 	MonkeyMouth: autoDraw = True
82.4000 	EXP 	MonkeyHappy: autoDraw = True
82.4000 	EXP 	MonkeySad: autoDraw = True
82.9178 	EXP 	Sound Munch started
83.4046 	EXP 	Sound Munch stopped
83.4046 	EXP 	Sound Splat stopped
83.4049 	EXP 	New trial (rep=9, index=0): None
83.4057 	EXP 	Set Munch sound=munch.wav
83.4064 	EXP 	Set Splat sound=splat.wav
83.4171 	EXP 	Banana: autoDraw = False
83.4171 	EXP 	SplatBanana: autoDraw = False
83.4171 	EXP 	MonkeyMouth: autoDraw = False
83.4171 	EXP 	MonkeyHappy: autoDraw = False
83.4171 	EXP 	MonkeySad: autoDraw = False
83.4171 	EXP 	Banana: autoDraw = True
83.4171 	EXP 	SplatBanana: autoDraw = True
83.4171 	EXP 	MonkeyMouth: autoDraw = True
83.4171 	EXP 	MonkeyHappy: autoDraw = True
83.4171 	EXP 	MonkeySad: autoDraw = True
83.9191 	EXP 	Sound Munch started
84.4214 	EXP 	Sound Munch stopped
84.4214 	EXP 	Sound Splat stopped
84.4347 	EXP 	Banana: autoDraw = False
84.4347 	EXP 	SplatBanana: autoDraw = False
84.4347 	EXP 	MonkeyMouth: autoDraw = False
84.4347 	EXP 	MonkeyHappy: autoDraw = False
84.4347 	EXP 	MonkeySad: autoDraw = False
84.4347 	EXP 	feedback_text: autoDraw = True
89.4395 	EXP 	feedback_text: autoDraw = False
89.4395 	EXP 	text: autoDraw = True
89.9635 	EXP 	New trial (rep=4, index=0): None
89.9638 	EXP 	Created sequence: random, trialTypes=1, nReps=10, seed=None
89.9640 	EXP 	New trial (rep=0, index=0): None
89.9647 	EXP 	Set Munch sound=munch.wav
89.9654 	EXP 	Set Splat sound=splat.wav
89.9657 	DATA 	Keypress: s
89.9743 	EXP 	text: autoDraw = False
89.9743 	EXP 	Banana: autoDraw = True
89.9743 	EXP 	SplatBanana: autoDraw = True
89.9743 	EXP 	MonkeyMouth: autoDraw = True
89.9743 	EXP 	MonkeyHappy: autoDraw = True
89.9743 	EXP 	MonkeySad: autoDraw = True
90.4761 	EXP 	Sound Munch started
90.9777 	EXP 	Sound Munch stopped
90.9778 	EXP 	Sound Splat stopped
90.9783 	EXP 	New trial (rep=1, index=0): None
90.9796 	EXP 	Set Munch sound=munch.wav
90.9806 	EXP 	Set Splat sound=splat.wav
90.9918 	EXP 	Banana: autoDraw = False
90.9918 	EXP 	SplatBanana: autoDraw = False
90.9918 	EXP 	MonkeyMouth: autoDraw = False
90.9918 	EXP 	MonkeyHappy: autoDraw = False
90.9918 	EXP 	MonkeySad: autoDraw = False
90.9918 	EXP 	Banana: autoDraw = True
90.9918 	EXP 	SplatBanana: autoDraw = True
90.9918 	EXP 	MonkeyMouth: autoDraw = True
90.9918 	EXP 	MonkeyHappy: autoDraw = True
90.9918 	EXP 	MonkeySad: autoDraw = True
91.4772 	EXP 	Sound Munch started
91.9956 	EXP 	Sound Munch stopped
91.9956 	EXP 	Sound Splat stopped
91.9960 	EXP 	New trial (rep=2, index=0): None
91.9969 	EXP 	Set Munch sound=munch.wav
91.9977 	EXP 	Set Splat sound=splat.wav
92.0093 	EXP 	Banana: autoDraw = False
92.0093 	EXP 	SplatBanana: autoDraw = False
92.0093 	EXP 	MonkeyMouth: autoDraw = False
92.0093 	EXP 	MonkeyHappy: autoDraw = False
92.0093 	EXP 	MonkeySad: autoDraw = False
92.0093 	EXP 	Banana: autoDraw = True
92.0093 	EXP 	SplatBanana: autoDraw = True
92.0093 	EXP 	MonkeyMouth: autoDraw = True
92.0093 	EXP 	MonkeyHappy: autoDraw = True
92.0093 	EXP 	MonkeySad: autoDraw = True
92.4773 	EXP 	Sound Munch started
93.0127 	EXP 	Sound Munch stopped
93.0127 	EXP 	Sound Splat stopped
93.0131 	EXP 	New trial (rep=3, index=0): None
93.0139 	EXP 	Set Munch sound=munch.wav
93.0145 	EXP 	Set Splat sound=splat.wav
93.0273 	EXP 	Banana: autoDraw = False
93.0273 	EXP 	SplatBanana: autoDraw = False
93.0273 	EXP 	MonkeyMouth: autoDraw = False
93.0273 	EXP 	MonkeyHappy: autoDraw = False
93.0273 	EXP 	MonkeySad: autoDraw = False
93.0273 	EXP 	Banana: autoDraw = True
93.0273 	EXP 	SplatBanana: autoDraw = True
93.0273 	EXP 	MonkeyMouth: autoDraw = True
93.0273 	EXP 	MonkeyHappy: autoDraw = True
93.0273 	EXP 	MonkeySad: autoDraw = True
93.4951 	EXP 	Sound Splat started
94.0302 	EXP 	Sound Munch stopped
94.0302 	EXP 	Sound Splat stopped
94.0304 	EXP 	New trial (rep=4, index=0): None
94.0310 	EXP 	Set Munch sound=munch.wav
94.0314 	EXP 	Set Splat sound=splat.wav
94.0447 	EXP 	Banana: autoDraw = False
94.0447 	EXP 	SplatBanana: autoDraw = False
94.0447 	EXP 	MonkeyMouth: autoDraw = False
94.0447 	EXP 	MonkeyHappy: autoDraw = False
94.0447 	EXP 	MonkeySad: autoDraw = False
94.0447 	EXP 	Banana: autoDraw = True
94.0447 	EXP 	SplatBanana: autoDraw = True
94.0447 	EXP 	MonkeyMouth: autoDraw = True
94.0447 	EXP 	MonkeyHappy: autoDraw = True
94.0447 	EXP 	MonkeySad: autoDraw = True
94.5461 	EXP 	Sound Munch started
95.0491 	EXP 	Sound Munch stopped
95.0491 	EXP 	Sound Splat stopped
95.0494 	EXP 	New trial (rep=5, index=0): None
95.0502 	EXP 	Set Munch sound=munch.wav
95.0508 	EXP 	Set Splat sound=splat.wav
95.0627 	EXP 	Banana: autoDraw = False
95.0627 	EXP 	SplatBanana: autoDraw = False
95.0627 	EXP 	MonkeyMouth: autoDraw = False
95.0627 	EXP 	MonkeyHappy: autoDraw = False
95.0627 	EXP 	MonkeySad: autoDraw = False
95.0627 	EXP 	Banana: autoDraw = True
95.0627 	EXP 	SplatBanana: autoDraw = True
95.0627 	EXP 	MonkeyMouth: autoDraw = True
95.0627 	EXP 	MonkeyHappy: autoDraw = True
95.0627 	EXP 	MonkeySad: autoDraw = True
95.5639 	EXP 	Sound Munch started
96.0669 	EXP 	Sound Munch stopped
96.0670 	EXP 	Sound Splat stopped
96.0678 	EXP 	New trial (rep=6, index=0): None
96.0698 	EXP 	Set Munch sound=munch.wav
96.0711 	EXP 	Set Splat sound=splat.wav
96.0799 	EXP 	Banana: autoDraw = False
96.0799 	EXP 	SplatBanana: autoDraw = False
96.0799 	EXP 	MonkeyMouth: autoDraw = False
96.0799 	EXP 	MonkeyHappy: autoDraw = False
96.0799 	EXP 	MonkeySad: autoDraw = False
96.0799 	EXP 	Banana: autoDraw = True
96.0799 	EXP 	SplatBanana: autoDraw = True
96.0799 	EXP 	MonkeyMouth: autoDraw = True
96.0799 	EXP 	MonkeyHappy: autoDraw = True
96.0799 	EXP 	MonkeySad: autoDraw = True
96.5648 	EXP 	Sound Munch started
97.0834 	EXP 	Sound Munch stopped
97.0835 	EXP 	Sound Splat stopped
97.0838 	EXP 	New trial (rep=7, index=0): None
97.0847 	EXP 	Set Munch sound=munch.wav
97.0854 	EXP 	Set Splat sound=splat.wav
97.0984 	EXP 	Banana: autoDraw = False
97.0984 	EXP 	SplatBanana: autoDraw = False
97.0984 	EXP 	MonkeyMouth: autoDraw = False
97.0984 	EXP 	MonkeyHappy: autoDraw = False
97.0984 	EXP 	MonkeySad: autoDraw = False
97.0984 	EXP 	Banana: autoDraw = True
97.0984 	EXP 	SplatBanana: autoDraw = True
97.0984 	EXP 	MonkeyMouth: autoDraw = True
97.0984 	EXP 	MonkeyHappy: autoDraw = True
97.0984 	EXP 	MonkeySad: autoDraw = True
97.5655 	EXP 	Sound Munch started
98.1014 	EXP 	Sound Munch stopped
98.1014 	EXP 	Sound Splat stopped
98.1018 	EXP 	New trial (rep=8, index=0): None
98.1028 	EXP 	Set Munch sound=munch.wav
98.1037 	EXP 	Set Splat sound=splat.wav
98.1158 	EXP 	Banana: autoDraw = False
98.1158 	EXP 	SplatBanana: autoDraw = False
98.1158 	EXP 	MonkeyMouth: autoDraw = False
98.1158 	EXP 	MonkeyHappy: autoDraw = False
98.1158 	EXP 	MonkeySad: autoDraw = False
98.1158 	EXP 	Banana: autoDraw = True
98.1158 	EXP 	SplatBanana: autoDraw = True
98.1158 	EXP 	MonkeyMouth: autoDraw = True
98.1158 	EXP 	MonkeyHappy: autoDraw = True
98.1158 	EXP 	MonkeySad: autoDraw = True
98.5832 	EXP 	Sound Splat started
99.1189 	EXP 	Sound Munch stopped
99.1190 	EXP 	Sound Splat stopped
99.1195 	EXP 	New trial (rep=9, index=0): None
99.1208 	EXP 	Set Munch sound=munch.wav
99.1219 	EXP 	Set Splat sound=splat.wav
99.1331 	EXP 	Banana: autoDraw = False
99.1331 	EXP 	SplatBanana: autoDraw = False
99.1331 	EXP 	MonkeyMouth: autoDraw = False
99.1331 	EXP 	MonkeyHappy: autoDraw = False
99.1331 	EXP 	MonkeySad: autoDraw = False
99.1331 	EXP 	Banana: autoDraw = True
99.1331 	EXP 	SplatBanana: autoDraw = True
99.1331 	EXP 	MonkeyMouth: autoDraw = True
99.1331 	EXP 	MonkeyHappy: autoDraw = True
99.1331 	EXP 	MonkeySad: autoDraw = True
99.6342 	EXP 	Sound Munch started
100.1362 	EXP 	Sound Munch stopped
100.1362 	EXP 	Sound Splat stopped
100.1505 	EXP 	Banana: autoDraw = False
100.1505 	EXP 	SplatBanana: autoDraw = False
100.1505 	EXP 	MonkeyMouth: autoDraw = False
100.1505 	EXP 	MonkeyHappy: autoDraw = False
100.1505 	EXP 	MonkeySad: autoDraw = False
100.1505 	EXP 	feedback_text: autoDraw = True
105.1553 	EXP 	feedback_text: autoDraw = False
105.1553 	EXP 	text: autoDraw = True
106.4667 	DATA 	Keypress: s
106.4732 	EXP 	text: autoDraw = False
106.4732 	EXP 	Adios: autoDraw = True
111.4781 	EXP 	Adios: autoDraw = False
111.4781 	EXP 	Adios: autoDraw = False
111.8511 	EXP 	window1: mouseVisible = True
