7.0166 	WARNING 	User requested fullscreen with size [1366  768], but screen is actually [1920, 1080]. Using actual size
9.2303 	EXP 	Created window1 = Window(allowGUI=False, allowStencil=False, args=UNKNOWN, autoLog=True, bitsMode=UNKNOWN, blendMode='avg', color=array([-1., -1., -1.]), colorSpace='rgb', fullscr=<method-wrapper '__getattribute__' of attributeSetter object at 0x0000022B709A6A58>, gamma=None, gammaErrorPolicy='raise', kwargs=UNKNOWN, lms=UNKNOWN, monitor=<psychopy.monitors.calibTools.Monitor object at 0x0000022B70A6DC88>, multiSample=False, name='window1', numSamples=2, pos=[0.0, 0.0], screen=0, size=array([1920, 1080]), stereo=False, units='norm', useFBO=True, useRetina=False, viewOri=0.0, viewPos=None, viewScale=None, waitBlanking=True, winType='pyglet')
9.2303 	EXP 	window1: recordFrameIntervals = False
9.3964 	EXP 	window1: recordFrameIntervals = True
9.5830 	EXP 	window1: recordFrameIntervals = False
10.2802 	EXP 	Created image = ImageStim(__class__=<class 'psychopy.visual.image.ImageStim'>, autoLog=True, color=array([1., 1., 1.]), colorSpace='rgb', contrast=1.0, depth=0.0, flipHoriz=False, flipVert=False, image='imagenes/Title.png', interpolate=True, mask=None, maskParams=None, name='image', opacity=1.0, ori=1.0, pos=array([0., 0.]), size=array([1., 1.]), texRes=128, units='norm', win=Window(...))
10.8441 	WARNING 	Hamming was requested using the 'pygame' sound library but hamming is not supported there.
10.8451 	EXP 	Set monkey_sound sound=monkeys_sound.wav
10.8451 	EXP 	Set Sound monkey_sound volume=1.000
11.0115 	EXP 	Created Bienvenida = TextStim(__class__=<class 'psychopy.visual.text.TextStim'>, alignHoriz='center', alignVert='center', antialias=True, autoLog=True, bold=False, color='white', colorSpace='named', contrast=1.0, depth=0.0, flipHoriz=False, flipVert=False, font='Arial', fontFiles=[], height=0.1, italic=False, languageStyle='LTR', name='Bienvenida', opacity=1.0, ori=0, pos=array([0., 0.]), rgb=array([255., 255., 255.]), text=str(...), units='norm', win=Window(...), wrapWidth=1)
12.0200 	EXP 	Created logo_OB_intro = ImageStim(__class__=<class 'psychopy.visual.image.ImageStim'>, autoLog=True, color=array([1., 1., 1.]), colorSpace='rgb', contrast=1.0, depth=-2.0, flipHoriz=False, flipVert=False, image='logo_OB.png', interpolate=True, mask=None, maskParams=None, name='logo_OB_intro', opacity=1.0, ori=0.0, pos=array([0.6, 0.6]), size=array([0.2 , 0.21]), texRes=128, units='norm', win=Window(...))
12.0238 	EXP 	Created Banana = ImageStim(__class__=<class 'psychopy.visual.image.ImageStim'>, autoLog=True, color=array([1., 1., 1.]), colorSpace='rgb', contrast=1.0, depth=-2.0, flipHoriz=False, flipVert=False, image='banana.png', interpolate=True, mask=None, maskParams=None, name='Banana', opacity=1.0, ori=0.0, pos=array([0., 0.]), size=array([0.15, 0.4 ]), texRes=128, units='norm', win=Window(...))
12.0274 	EXP 	Created SplatBanana = ImageStim(__class__=<class 'psychopy.visual.image.ImageStim'>, autoLog=True, color=array([1., 1., 1.]), colorSpace='rgb', contrast=1.0, depth=-3.0, flipHoriz=False, flipVert=False, image='bansplat.png', interpolate=True, mask=None, maskParams=None, name='SplatBanana', opacity=1.0, ori=0.0, pos=array([0., 0.]), size=array([0.3, 0.4]), texRes=128, units='norm', win=Window(...))
12.0274 	WARNING 	Hamming was requested using the 'pygame' sound library but hamming is not supported there.
12.0445 	EXP 	Set Munch sound=A
12.0446 	EXP 	Set Sound Munch volume=1.000
12.0447 	WARNING 	Hamming was requested using the 'pygame' sound library but hamming is not supported there.
12.0455 	EXP 	Set Splat sound=splat.wav
12.0456 	EXP 	Set Sound Splat volume=1.000
12.0499 	EXP 	Created MonkeyMouth = ImageStim(__class__=<class 'psychopy.visual.image.ImageStim'>, autoLog=True, color=array([1., 1., 1.]), colorSpace='rgb', contrast=1.0, depth=-6.0, flipHoriz=False, flipVert=False, image='monkey.png', interpolate=True, mask=None, maskParams=None, name='MonkeyMouth', opacity=1.0, ori=0.0, pos=array([0., 0.]), size=array([0.5, 0.5]), texRes=128, units='norm', win=Window(...))
12.0542 	EXP 	Created MonkeyHappy = ImageStim(__class__=<class 'psychopy.visual.image.ImageStim'>, autoLog=True, color=array([1., 1., 1.]), colorSpace='rgb', contrast=1.0, depth=-7.0, flipHoriz=False, flipVert=False, image='monkeymunch.png', interpolate=True, mask=None, maskParams=None, name='MonkeyHappy', opacity=1.0, ori=0.0, pos=array([0., 0.]), size=array([0.5, 0.5]), texRes=128, units='norm', win=Window(...))
12.0586 	EXP 	Created MonkeySad = ImageStim(__class__=<class 'psychopy.visual.image.ImageStim'>, autoLog=True, color=array([1., 1., 1.]), colorSpace='rgb', contrast=1.0, depth=-8.0, flipHoriz=False, flipVert=False, image='monkeyno.png', interpolate=True, mask=None, maskParams=None, name='MonkeySad', opacity=1.0, ori=0.0, pos=array([0., 0.]), size=array([0.5, 0.5]), texRes=128, units='norm', win=Window(...))
12.0804 	EXP 	Created feedback_text = TextStim(__class__=<class 'psychopy.visual.text.TextStim'>, alignHoriz='center', alignVert='center', antialias=True, autoLog=True, bold=False, color='white', colorSpace='named', contrast=1.0, depth=0.0, flipHoriz=False, flipVert=False, font='Arial', fontFiles=[], height=0.1, italic=False, languageStyle='LTR', name='feedback_text', opacity=1.0, ori=0, pos=array([0., 0.]), rgb=array([255., 255., 255.]), text='default text', units='norm', win=Window(...), wrapWidth=1)
12.0804 	WARNING 	Hamming was requested using the 'pygame' sound library but hamming is not supported there.
12.0813 	EXP 	Set level_up_sound sound=level_up.wav
12.0813 	EXP 	Set Sound level_up_sound volume=1.000
12.1018 	EXP 	Created velo = TextStim(__class__=<class 'psychopy.visual.text.TextStim'>, alignHoriz='center', alignVert='center', antialias=True, autoLog=True, bold=False, color='red', colorSpace='named', contrast=1.0, depth=-2.0, flipHoriz=False, flipVert=False, font='Arial', fontFiles=[], height=0.12, italic=False, languageStyle='LTR', name='velo', opacity=1.0, ori=0, pos=array([ 0. , -0.2]), rgb=array([255.,   0.,   0.]), text='default text', units='norm', win=Window(...), wrapWidth=1)
12.1293 	EXP 	Created text = TextStim(__class__=<class 'psychopy.visual.text.TextStim'>, alignHoriz='center', alignVert='center', antialias=True, autoLog=True, bold=False, color='white', colorSpace='named', contrast=1.0, depth=0.0, flipHoriz=False, flipVert=False, font='Arial', fontFiles=[], height=0.1, italic=False, languageStyle='LTR', name='text', opacity=1.0, ori=0, pos=array([0., 0.]), rgb=array([255., 255., 255.]), text=str(...), units='norm', win=Window(...), wrapWidth=1)
12.1404 	EXP 	Created Adios = TextStim(__class__=<class 'psychopy.visual.text.TextStim'>, alignHoriz='center', alignVert='center', antialias=True, autoLog=True, bold=False, color='white', colorSpace='named', contrast=1.0, depth=0.0, flipHoriz=False, flipVert=False, font='Arial', fontFiles=[], height=0.1, italic=False, languageStyle='LTR', name='Adios', opacity=1.0, ori=0, pos=array([0., 0.]), rgb=array([255., 255., 255.]), text='¡Muchas gracias por participar!', units='norm', win=Window(...), wrapWidth=1)
12.8229 	EXP 	Created logo_ob_fin = ImageStim(__class__=<class 'psychopy.visual.image.ImageStim'>, autoLog=True, color=array([1., 1., 1.]), colorSpace='rgb', contrast=1.0, depth=-2.0, flipHoriz=False, flipVert=False, image='logo_OB.png', interpolate=True, mask=None, maskParams=None, name='logo_ob_fin', opacity=1.0, ori=0.0, pos=array([0.6, 0.6]), size=array([0.2 , 0.21]), texRes=128, units='norm', win=Window(...))
12.8235 	EXP 	Set monkey_sound sound=monkeys_sound.wav
12.8238 	EXP 	Sound monkey_sound started
12.9485 	EXP 	image: autoDraw = True
15.8240 	EXP 	Sound monkey_sound stopped
15.8374 	EXP 	Sound monkey_sound stopped
15.8793 	EXP 	image: autoDraw = False
15.8793 	EXP 	Bienvenida: autoDraw = True
15.8793 	EXP 	logo_OB_intro: autoDraw = True
18.9110 	EXP 	Created sequence: random, trialTypes=1, nReps=10, seed=None
18.9112 	EXP 	New trial (rep=0, index=0): None
18.9114 	EXP 	Created sequence: random, trialTypes=1, nReps=2, seed=None
18.9115 	EXP 	New trial (rep=0, index=0): None
18.9123 	EXP 	Set Munch sound=munch.wav
18.9129 	EXP 	Set Splat sound=splat.wav
18.9133 	DATA 	Keypress: space
18.9273 	EXP 	Bienvenida: autoDraw = False
18.9273 	EXP 	logo_OB_intro: autoDraw = False
18.9273 	EXP 	Banana: autoDraw = True
18.9273 	EXP 	SplatBanana: autoDraw = True
18.9273 	EXP 	MonkeyMouth: autoDraw = True
18.9273 	EXP 	MonkeyHappy: autoDraw = True
18.9273 	EXP 	MonkeySad: autoDraw = True
20.6761 	EXP 	Sound Munch started
21.5972 	EXP 	Sound Munch stopped
21.5973 	EXP 	Sound Splat stopped
21.5981 	EXP 	New trial (rep=1, index=0): None
21.6004 	EXP 	Set Munch sound=munch.wav
21.6023 	EXP 	Set Splat sound=splat.wav
21.6122 	EXP 	Banana: autoDraw = False
21.6122 	EXP 	SplatBanana: autoDraw = False
21.6122 	EXP 	MonkeyMouth: autoDraw = False
21.6122 	EXP 	MonkeyHappy: autoDraw = False
21.6122 	EXP 	MonkeySad: autoDraw = False
21.6122 	EXP 	Banana: autoDraw = True
21.6122 	EXP 	SplatBanana: autoDraw = True
21.6122 	EXP 	MonkeyMouth: autoDraw = True
21.6122 	EXP 	MonkeyHappy: autoDraw = True
21.6122 	EXP 	MonkeySad: autoDraw = True
23.1786 	EXP 	Sound Munch started
23.9986 	EXP 	Sound Munch stopped
23.9986 	EXP 	Sound Splat stopped
23.9996 	EXP 	Set level_up_sound sound=level_up.wav
24.0072 	EXP 	Sound level_up_sound started
24.0291 	EXP 	Banana: autoDraw = False
24.0291 	EXP 	SplatBanana: autoDraw = False
24.0291 	EXP 	MonkeyMouth: autoDraw = False
24.0291 	EXP 	MonkeyHappy: autoDraw = False
24.0291 	EXP 	MonkeySad: autoDraw = False
24.0291 	EXP 	feedback_text: autoDraw = True
24.0291 	EXP 	velo: autoDraw = True
26.9979 	EXP 	Sound level_up_sound stopped
27.0149 	EXP 	Sound level_up_sound stopped
27.0313 	EXP 	feedback_text: autoDraw = False
27.0313 	EXP 	velo: autoDraw = False
27.0313 	EXP 	text: autoDraw = True
31.5172 	DATA 	Keypress: n
31.5513 	EXP 	text: autoDraw = False
31.5513 	EXP 	Adios: autoDraw = True
31.5513 	EXP 	logo_ob_fin: autoDraw = True
36.5408 	EXP 	Adios: autoDraw = False
36.5408 	EXP 	logo_ob_fin: autoDraw = False
36.9636 	EXP 	window1: mouseVisible = True
