4.3010 	WARNING 	User requested fullscreen with size [1024  768], but screen is actually [1920, 1080]. Using actual size
4.9957 	EXP 	Created window1 = Window(allowGUI=True, allowStencil=False, autoLog=True, backendConf=UNKNOWN, backgroundFit=<method-wrapper '__getattribute__' of attributeSetter object at 0x000001BE38B7BFD0>, backgroundImage=<method-wrapper '__getattribute__' of attributeSetter object at 0x000001BE38B7BF70>, bitsMode=UNKNOWN, blendMode='avg', bpc=(8, 8, 8), color=array([0, 0, 0]), colorSpace='rgb', depthBits=8, fullscr=<method-wrapper '__getattribute__' of attributeSetter object at 0x000001BE38B7BD90>, gamma=None, gammaErrorPolicy='raise', lms=UNKNOWN, monitor=<psychopy.monitors.calibTools.Monitor object at 0x000001BE39111F10>, multiSample=False, name='window1', numSamples=2, pos=(0, 0), screen=0, size=array([1920, 1080]), stencilBits=0, stereo=False, title='PsychoPy', units='height', useFBO=True, useRetina=False, viewOri=0.0, viewPos=None, viewScale=None, waitBlanking=True, winType='pyglet')
4.9958 	EXP 	window1: mouseVisible = True
4.9959 	EXP 	window1: backgroundImage = ''
4.9959 	EXP 	window1: backgroundFit = 'none'
4.9983 	EXP 	window1: Attempting to measure frame rate of screen (0) ...
4.9984 	EXP 	window1: recordFrameIntervals = False
5.1613 	EXP 	window1: recordFrameIntervals = True
5.3447 	EXP 	Screen (0) actual frame rate measured at 60.21Hz
5.3448 	EXP 	window1: recordFrameIntervals = False
5.3450 	EXP 	window1: mouseVisible = False
7.1956 	EXP 	tarea_iceberg: status = STARTED
7.1977 	EXP 	window1: mouseVisible = True
7.3399 	EXP 	window1: mouseVisible = True
7.3514 	EXP 	Created image = ImageStim(__class__=<class 'psychopy.visual.image.ImageStim'>, anchor=('center', 'center'), autoLog=True, color=array([1., 1., 1.]), colorSpace='rgb', contrast=1.0, depth=-1.0, draggable=False, flipHoriz=False, flipVert=False, image='default.png', interpolate=True, mask=None, maskParams=None, name='image', opacity=1.0, ori=0.0, pos=array([0., 0.]), size=array([0.35, 0.35]), texRes=128.0, units='height', win=Window(...))
7.4797 	EXP 	Created unnamed MovieStim3 = MovieStim3(__class__=<class 'psychopy.visual.movie3.MovieStim3'>, anchor=('center', 'center'), autoLog=True, color=UNKNOWN, colorSpace=UNKNOWN, depth=0.0, filename='imgs/video_celine.mp4', flipHoriz=False, flipVert=False, fps=UNKNOWN, interpolate=True, loop=False, name='unnamed MovieStim3', noAudio=False, opacity=1, ori=method-wrapper(...), pos=array([0., 0.]), size=None, units='pix', vframe_callback=UNKNOWN, volume=UNKNOWN, win=Window(...))
8.8808 	WARNING 	1.401052699999127: Video catchup needed, advancing self._nextFrameT from 0.0 to 0.03336666666666667
8.8808 	WARNING 	1.4011031999998522: Video catchup needed, advancing self._nextFrameT from 0.03336666666666667 to 0.06673333333333334
8.8808 	WARNING 	1.4011135999990074: Video catchup needed, advancing self._nextFrameT from 0.06673333333333334 to 0.10010000000000001
8.8808 	WARNING 	1.4011227999999392: Video catchup needed, advancing self._nextFrameT from 0.10010000000000001 to 0.13346666666666668
8.8808 	WARNING 	1.401130700000067: Video catchup needed, advancing self._nextFrameT from 0.13346666666666668 to 0.16683333333333333
8.8809 	WARNING 	1.401138400000491: Video catchup needed, advancing self._nextFrameT from 0.16683333333333333 to 0.2002
8.8809 	WARNING 	1.4011463999995613: Video catchup needed, advancing self._nextFrameT from 0.2002 to 0.23356666666666664
8.8809 	WARNING 	1.4011539999992237: Video catchup needed, advancing self._nextFrameT from 0.23356666666666664 to 0.2669333333333333
8.8809 	WARNING 	1.4011616999996477: Video catchup needed, advancing self._nextFrameT from 0.2669333333333333 to 0.30029999999999996
8.8809 	WARNING 	1.4011692999993102: Video catchup needed, advancing self._nextFrameT from 0.30029999999999996 to 0.3336666666666666
8.8809 	WARNING 	Max reportNDroppedFrames reached, will not log any more dropped frames
9.2290 	EXP 	window1: mouseVisible = True
9.2938 	EXP 	window1: mouseVisible = True
9.3384 	EXP 	Created text = TextStim(__class__=<class 'psychopy.visual.text.TextStim'>, alignHoriz=method-wrapper(...), alignText='center', alignVert=method-wrapper(...), anchorHoriz='center', anchorVert='center', antialias=True, autoDraw=False, autoLog=True, bold=False, color=array([1., 1., 1.]), colorSpace='rgb', contrast=1.0, depth=0.0, draggable=False, flipHoriz=False, flipVert=False, font='Open Sans', fontFiles=[], height=0.05, italic=False, languageStyle='LTR', name='text', opacity=1.0, ori=0.0, pos=array([0., 0.]), rgb=UNKNOWN, text='¡Empezamos la segunda ronda!', units='height', win=Window(...), wrapWidth=1)
9.3385 	EXP 	window1: mouseVisible = True
9.4319 	EXP 	window1: mouseVisible = True
9.4396 	EXP 	Created image_2 = ImageStim(__class__=<class 'psychopy.visual.image.ImageStim'>, anchor=('center', 'center'), autoLog=True, color=array([1., 1., 1.]), colorSpace='rgb', contrast=1.0, depth=-1.0, draggable=False, flipHoriz=False, flipVert=False, image='default.png', interpolate=True, mask=None, maskParams=None, name='image_2', opacity=1.0, ori=0.0, pos=array([0., 0.]), size=array([0.35, 0.35]), texRes=128.0, units='height', win=Window(...))
9.4398 	EXP 	Created unnamed MovieStim3 = MovieStim3(__class__=<class 'psychopy.visual.movie3.MovieStim3'>, anchor=('center', 'center'), autoLog=True, color=UNKNOWN, colorSpace=UNKNOWN, depth=0.0, filename='imgs/song_titanic.mp4', flipHoriz=False, flipVert=False, fps=UNKNOWN, interpolate=True, loop=False, name='unnamed MovieStim3', noAudio=False, opacity=1, ori=method-wrapper(...), pos=array([0., 0.]), size=None, units='pix', vframe_callback=UNKNOWN, volume=UNKNOWN, win=Window(...))
10.2415 	WARNING 	0.8015744000003906: Video catchup needed, advancing self._nextFrameT from 0.0 to 0.041666666666666664
10.2415 	WARNING 	0.8016215999996348: Video catchup needed, advancing self._nextFrameT from 0.041666666666666664 to 0.08333333333333333
10.2415 	WARNING 	0.8016332000006514: Video catchup needed, advancing self._nextFrameT from 0.08333333333333333 to 0.125
10.2415 	WARNING 	0.8016421000011178: Video catchup needed, advancing self._nextFrameT from 0.125 to 0.16666666666666666
10.2415 	WARNING 	0.8016506000003574: Video catchup needed, advancing self._nextFrameT from 0.16666666666666666 to 0.20833333333333331
10.2415 	WARNING 	0.801659099999597: Video catchup needed, advancing self._nextFrameT from 0.20833333333333331 to 0.24999999999999997
10.2415 	WARNING 	0.8016673000001902: Video catchup needed, advancing self._nextFrameT from 0.24999999999999997 to 0.29166666666666663
10.2415 	WARNING 	0.8016754000000219: Video catchup needed, advancing self._nextFrameT from 0.29166666666666663 to 0.3333333333333333
10.2415 	WARNING 	0.8016831000004458: Video catchup needed, advancing self._nextFrameT from 0.3333333333333333 to 0.375
10.2415 	WARNING 	0.8016907000001083: Video catchup needed, advancing self._nextFrameT from 0.375 to 0.4166666666666667
10.2415 	WARNING 	Max reportNDroppedFrames reached, will not log any more dropped frames
10.2646 	EXP 	window1: mouseVisible = True
10.2686 	EXP 	Created text_2 = TextStim(__class__=<class 'psychopy.visual.text.TextStim'>, alignHoriz=method-wrapper(...), alignText='center', alignVert=method-wrapper(...), anchorHoriz='center', anchorVert='center', antialias=True, autoDraw=False, autoLog=True, bold=False, color=array([1., 1., 1.]), colorSpace='rgb', contrast=1.0, depth=0.0, draggable=False, flipHoriz=False, flipVert=False, font='Open Sans', fontFiles=[], height=0.05, italic=False, languageStyle='LTR', name='text_2', opacity=1.0, ori=0.0, pos=array([0., 0.]), rgb=UNKNOWN, text='¡empezamos la tercera ronda!', units='height', win=Window(...), wrapWidth=1)
10.2687 	EXP 	window1: mouseVisible = True
10.3583 	EXP 	window1: mouseVisible = True
10.3732 	EXP 	Created image_3 = ImageStim(__class__=<class 'psychopy.visual.image.ImageStim'>, anchor=('center', 'center'), autoLog=True, color=array([1., 1., 1.]), colorSpace='rgb', contrast=1.0, depth=-1.0, draggable=False, flipHoriz=False, flipVert=False, image='default.png', interpolate=True, mask=None, maskParams=None, name='image_3', opacity=1.0, ori=0.0, pos=array([0., 0.]), size=array([0.35, 0.35]), texRes=128.0, units='height', win=Window(...))
10.3734 	EXP 	Created unnamed MovieStim3 = MovieStim3(__class__=<class 'psychopy.visual.movie3.MovieStim3'>, anchor=('center', 'center'), autoLog=True, color=UNKNOWN, colorSpace=UNKNOWN, depth=0.0, filename='imgs/video_celine.mp4', flipHoriz=False, flipVert=False, fps=UNKNOWN, interpolate=True, loop=False, name='unnamed MovieStim3', noAudio=False, opacity=1, ori=method-wrapper(...), pos=array([0., 0.]), size=None, units='pix', vframe_callback=UNKNOWN, volume=UNKNOWN, win=Window(...))
11.7529 	WARNING 	1.379500699998971: Video catchup needed, advancing self._nextFrameT from 0.0 to 0.03336666666666667
11.7529 	WARNING 	1.379540399999314: Video catchup needed, advancing self._nextFrameT from 0.03336666666666667 to 0.06673333333333334
11.7530 	WARNING 	1.3795563999992737: Video catchup needed, advancing self._nextFrameT from 0.06673333333333334 to 0.10010000000000001
11.7530 	WARNING 	1.3795694999989792: Video catchup needed, advancing self._nextFrameT from 0.10010000000000001 to 0.13346666666666668
11.7530 	WARNING 	1.379579399999784: Video catchup needed, advancing self._nextFrameT from 0.13346666666666668 to 0.16683333333333333
11.7530 	WARNING 	1.3795891999998275: Video catchup needed, advancing self._nextFrameT from 0.16683333333333333 to 0.2002
11.7530 	WARNING 	1.3795992999985174: Video catchup needed, advancing self._nextFrameT from 0.2002 to 0.23356666666666664
11.7530 	WARNING 	1.3796114999986457: Video catchup needed, advancing self._nextFrameT from 0.23356666666666664 to 0.2669333333333333
11.7530 	WARNING 	1.379624100000001: Video catchup needed, advancing self._nextFrameT from 0.2669333333333333 to 0.30029999999999996
11.7531 	WARNING 	1.3796535000001313: Video catchup needed, advancing self._nextFrameT from 0.30029999999999996 to 0.3336666666666666
11.7531 	WARNING 	Max reportNDroppedFrames reached, will not log any more dropped frames
0.0081 	EXP 	movie: autoLog = True
0.0081 	EXP 	unnamed MovieStim3: autoLog = True
0.0081 	EXP 	unnamed MovieStim3: movie = 'imgs/video_celine.mp4'
0.0081 	EXP 	unnamed MovieStim3: ori = 0.0
0.0081 	EXP 	movie_4: autoLog = True
0.0081 	EXP 	movie_2: autoLog = True
0.0081 	EXP 	unnamed MovieStim3: autoLog = True
0.0081 	EXP 	unnamed MovieStim3: movie = 'imgs/song_titanic.mp4'
0.0081 	EXP 	unnamed MovieStim3: ori = 0.0
0.0081 	EXP 	movie_3: autoLog = True
0.0081 	EXP 	unnamed MovieStim3: autoLog = True
0.0081 	EXP 	unnamed MovieStim3: movie = 'imgs/video_celine.mp4'
0.0081 	EXP 	unnamed MovieStim3: ori = 0.0
0.0375 	EXP 	Imported imgs/trials_fake.xlsx as conditions, 2 conditions, 3 params
0.0380 	EXP 	Created sequence: random, trialTypes=2, nReps=1, seed=None
0.0382 	EXP 	New trial (rep=0, index=0): {'timepresentation': 2, 'posx': -0.8, 'posy': 0.15}
0.0677 	EXP 	image: image = 'imgs/iceberg.png'
0.0677 	EXP 	movie: autoDraw = True
2.0024 	EXP 	image: autoDraw = True
2.4293 	EXP 	New trial (rep=0, index=1): {'timepresentation': 2, 'posx': -0.7, 'posy': 0.15}
2.4772 	DATA 	Keypress: space
2.4838 	EXP 	movie: autoDraw = False
2.4838 	EXP 	image: autoDraw = False
2.4838 	EXP 	image: image = 'imgs/iceberg.png'
2.4838 	EXP 	movie: autoDraw = True
4.4339 	EXP 	image: autoDraw = True
4.8950 	EXP 	Imported imgs/trials_fake.xlsx as conditions, 2 conditions, 3 params
4.8953 	EXP 	Created sequence: random, trialTypes=2, nReps=1, seed=None
4.8954 	EXP 	New trial (rep=0, index=0): {'timepresentation': 2, 'posx': -0.7, 'posy': 0.15}
4.8955 	EXP 	Sound  started
4.9062 	DATA 	Keypress: space
4.9090 	EXP 	movie: autoDraw = False
4.9090 	EXP 	image: autoDraw = False
4.9090 	EXP 	Set unnamed MovieStim3 playing
4.9090 	EXP 	movie_4: autoDraw = True
11.8035 	DATA 	Keypress: space
11.9120 	EXP 	New trial (rep=0, index=1): {'timepresentation': 2, 'posx': -0.8, 'posy': 0.15}
11.9122 	WARNING 	8.317922199998065: Video catchup needed, advancing self._nextFrameT from 8.208200000000016 to 8.241566666666682
11.9122 	WARNING 	8.317958499997985: Video catchup needed, advancing self._nextFrameT from 8.241566666666682 to 8.274933333333347
11.9927 	EXP 	movie_4: autoDraw = False
11.9927 	EXP 	movie_4: autoDraw = True
11.9932 	WARNING 	8.3989821999985: Video catchup needed, advancing self._nextFrameT from 8.308300000000013 to 8.34166666666668
12.0393 	WARNING 	8.445104399997945: Video catchup needed, advancing self._nextFrameT from 8.375033333333345 to 8.408400000000011
17.7616 	EXP 	Sound  stopped
17.8663 	DATA 	Keypress: space
17.8698 	EXP 	movie_4: autoDraw = False
17.8698 	EXP 	Set unnamed MovieStim3 stopped
17.8698 	EXP 	text: autoDraw = True
18.6575 	DATA 	Keypress: escape
18.7563 	EXP 	tarea_iceberg: status = STOPPED
18.7721 	EXP 	text: autoDraw = False
18.7722 	EXP 	tarea_iceberg: status = STOPPED
18.9792 	EXP 	window1: mouseVisible = True
