5.4720 	WARNING 	User requested fullscreen with size [1024  768], but screen is actually [1920, 1080]. Using actual size
6.1929 	EXP 	Created window1 = Window(allowGUI=True, allowStencil=False, autoLog=True, backendConf=UNKNOWN, backgroundFit=<method-wrapper '__getattribute__' of attributeSetter object at 0x00000218709CFF40>, backgroundImage=<method-wrapper '__getattribute__' of attributeSetter object at 0x00000218709CFFA0>, bitsMode=UNKNOWN, blendMode='avg', bpc=(8, 8, 8), color=array([0, 0, 0]), colorSpace='rgb', depthBits=8, fullscr=<method-wrapper '__getattribute__' of attributeSetter object at 0x00000218709CFDC0>, gamma=None, gammaErrorPolicy='raise', lms=UNKNOWN, monitor=<psychopy.monitors.calibTools.Monitor object at 0x000002187C332F70>, multiSample=False, name='window1', numSamples=2, pos=(0, 0), screen=0, size=array([1920, 1080]), stencilBits=0, stereo=False, title='PsychoPy', units='height', useFBO=True, useRetina=False, viewOri=0.0, viewPos=None, viewScale=None, waitBlanking=True, winType='pyglet')
6.1942 	EXP 	window1: mouseVisible = True
6.1942 	EXP 	window1: backgroundImage = ''
6.1942 	EXP 	window1: backgroundFit = 'none'
6.1962 	EXP 	window1: Attempting to measure frame rate of screen (0) ...
6.1963 	EXP 	window1: recordFrameIntervals = False
6.3589 	EXP 	window1: recordFrameIntervals = True
6.5425 	EXP 	Screen (0) actual frame rate measured at 60.14Hz
6.5425 	EXP 	window1: recordFrameIntervals = False
6.5428 	EXP 	window1: mouseVisible = False
8.5986 	EXP 	tarea_iceberg: status = STARTED
8.6011 	EXP 	window1: mouseVisible = True
8.7537 	EXP 	window1: mouseVisible = True
8.7686 	EXP 	Created image = ImageStim(__class__=<class 'psychopy.visual.image.ImageStim'>, anchor=('center', 'center'), autoLog=True, color=array([1., 1., 1.]), colorSpace='rgb', contrast=1.0, depth=-1.0, draggable=False, flipHoriz=False, flipVert=False, image='default.png', interpolate=True, mask=None, maskParams=None, name='image', opacity=1.0, ori=0.0, pos=array([0., 0.]), size=array([0.35, 0.35]), texRes=128.0, units='height', win=Window(...))
8.7690 	EXP 	window1: mouseVisible = True
8.8540 	EXP 	Created text = TextStim(__class__=<class 'psychopy.visual.text.TextStim'>, alignHoriz=method-wrapper(...), alignText='center', alignVert=method-wrapper(...), anchorHoriz='center', anchorVert='center', antialias=True, autoDraw=False, autoLog=True, bold=False, color=array([1., 1., 1.]), colorSpace='rgb', contrast=1.0, depth=0.0, draggable=False, flipHoriz=False, flipVert=False, font='Open Sans', fontFiles=[], height=0.05, italic=False, languageStyle='LTR', name='text', opacity=1.0, ori=0.0, pos=array([0., 0.]), rgb=UNKNOWN, text='¡Empezamos la segunda ronda!', units='height', win=Window(...), wrapWidth=1)
8.8546 	EXP 	window1: mouseVisible = True
8.9563 	EXP 	window1: mouseVisible = True
8.9725 	EXP 	Created image_2 = ImageStim(__class__=<class 'psychopy.visual.image.ImageStim'>, anchor=('center', 'center'), autoLog=True, color=array([1., 1., 1.]), colorSpace='rgb', contrast=1.0, depth=-1.0, draggable=False, flipHoriz=False, flipVert=False, image='default.png', interpolate=True, mask=None, maskParams=None, name='image_2', opacity=1.0, ori=0.0, pos=array([0., 0.]), size=array([0.35, 0.35]), texRes=128.0, units='height', win=Window(...))
8.9735 	EXP 	window1: mouseVisible = True
9.0264 	EXP 	window1: mouseVisible = True
9.1213 	EXP 	window1: mouseVisible = True
9.1327 	EXP 	Created image_3 = ImageStim(__class__=<class 'psychopy.visual.image.ImageStim'>, anchor=('center', 'center'), autoLog=True, color=array([1., 1., 1.]), colorSpace='rgb', contrast=1.0, depth=-1.0, draggable=False, flipHoriz=False, flipVert=False, image='default.png', interpolate=True, mask=None, maskParams=None, name='image_3', opacity=1.0, ori=0.0, pos=array([0., 0.]), size=array([0.35, 0.35]), texRes=128.0, units='height', win=Window(...))
0.0180 	EXP 	movie: autoLog = True
0.0180 	EXP 	movie_2: autoLog = True
0.0180 	EXP 	movie_song: autoLog = True
0.0180 	EXP 	movie_3: autoLog = True
0.0290 	EXP 	Imported imgs/trials_fake.xlsx as conditions, 2 conditions, 3 params
0.0297 	EXP 	Created sequence: random, trialTypes=2, nReps=1, seed=None
0.0300 	EXP 	New trial (rep=0, index=0): {'timepresentation': 2, 'posx': -0.8, 'posy': 0.15}
0.1019 	EXP 	image: image = 'imgs/iceberg.png'
0.1019 	EXP 	movie: autoDraw = True
2.0201 	EXP 	image: autoDraw = True
2.4670 	EXP 	New trial (rep=0, index=1): {'timepresentation': 2, 'posx': -0.7, 'posy': 0.15}
2.5254 	EXP 	movie: autoDraw = False
2.5254 	EXP 	image: autoDraw = False
2.5254 	EXP 	image: image = 'imgs/iceberg.png'
2.5254 	EXP 	movie: autoDraw = True
4.4751 	EXP 	image: autoDraw = True
4.9340 	EXP 	movie: autoDraw = False
4.9340 	EXP 	image: autoDraw = False
4.9340 	EXP 	text: autoDraw = True
7.9224 	EXP 	Imported imgs/trials_iceberg_2.xlsx as conditions, 8 conditions, 3 params
7.9228 	EXP 	Created sequence: random, trialTypes=8, nReps=1, seed=None
7.9229 	EXP 	New trial (rep=0, index=0): {'timepresentation': 11, 'posx': 0.8, 'posy': 0.1}
7.9934 	EXP 	text: autoDraw = False
7.9934 	EXP 	text: autoDraw = False
7.9934 	EXP 	image_2: image = 'imgs/iceberg.png'
7.9934 	EXP 	movie_2: autoDraw = True
7.9934 	EXP 	movie_song: autoDraw = True
18.9310 	EXP 	image_2: autoDraw = True
19.6209 	EXP 	New trial (rep=0, index=1): {'timepresentation': 9, 'posx': 0.5, 'posy': 0.1}
19.7180 	EXP 	movie_2: autoDraw = False
19.7180 	EXP 	image_2: autoDraw = False
19.7180 	EXP 	movie_song: autoDraw = False
19.7180 	EXP 	image_2: image = 'imgs/iceberg.png'
19.7180 	EXP 	movie_2: autoDraw = True
19.7180 	EXP 	movie_song: autoDraw = True
28.6268 	EXP 	image_2: autoDraw = True
29.2261 	EXP 	New trial (rep=0, index=2): {'timepresentation': 12, 'posx': -0.7, 'posy': 0.15}
29.3311 	EXP 	movie_2: autoDraw = False
29.3311 	EXP 	image_2: autoDraw = False
29.3311 	EXP 	movie_song: autoDraw = False
29.3311 	EXP 	image_2: image = 'imgs/iceberg.png'
29.3311 	EXP 	movie_2: autoDraw = True
29.3311 	EXP 	movie_song: autoDraw = True
31.8075 	EXP 	tarea_iceberg: status = STOPPED
31.8201 	EXP 	movie_2: autoDraw = False
31.8201 	EXP 	movie_song: autoDraw = False
31.8201 	EXP 	tarea_iceberg: status = STOPPED
31.9804 	EXP 	window1: mouseVisible = True
