5.5131 	WARNING 	User requested fullscreen with size [1024  768], but screen is actually [1920, 1080]. Using actual size
6.1443 	EXP 	Created window1 = Window(allowGUI=True, allowStencil=False, autoLog=True, backendConf=UNKNOWN, backgroundFit=<method-wrapper '__getattribute__' of attributeSetter object at 0x0000019269DD5CD0>, backgroundImage=<method-wrapper '__getattribute__' of attributeSetter object at 0x0000019269DD5C70>, bitsMode=UNKNOWN, blendMode='avg', bpc=(8, 8, 8), color=array([0, 0, 0]), colorSpace='rgb', depthBits=8, fullscr=<method-wrapper '__getattribute__' of attributeSetter object at 0x0000019269DD5AF0>, gamma=None, gammaErrorPolicy='raise', lms=UNKNOWN, monitor=<psychopy.monitors.calibTools.Monitor object at 0x000001926A3DA910>, multiSample=False, name='window1', numSamples=2, pos=(0, 0), screen=0, size=array([1920, 1080]), stencilBits=0, stereo=False, title='PsychoPy', units='height', useFBO=True, useRetina=False, viewOri=0.0, viewPos=None, viewScale=None, waitBlanking=True, winType='pyglet')
6.1444 	EXP 	window1: mouseVisible = True
6.1445 	EXP 	window1: backgroundImage = ''
6.1445 	EXP 	window1: backgroundFit = 'none'
6.1473 	EXP 	window1: Attempting to measure frame rate of screen (0) ...
6.1473 	EXP 	window1: recordFrameIntervals = False
6.3099 	EXP 	window1: recordFrameIntervals = True
6.4933 	EXP 	Screen (0) actual frame rate measured at 60.28Hz
6.4934 	EXP 	window1: recordFrameIntervals = False
6.4938 	EXP 	window1: mouseVisible = False
8.6816 	EXP 	tarea_iceberg: status = STARTED
8.6838 	EXP 	window1: mouseVisible = True
8.8280 	EXP 	window1: mouseVisible = True
8.8427 	EXP 	Created image = ImageStim(__class__=<class 'psychopy.visual.image.ImageStim'>, anchor=('center', 'center'), autoLog=True, color=array([1., 1., 1.]), colorSpace='rgb', contrast=1.0, depth=-1.0, draggable=False, flipHoriz=False, flipVert=False, image='default.png', interpolate=True, mask=None, maskParams=None, name='image', opacity=1.0, ori=0.0, pos=array([0., 0.]), size=array([0.35, 0.35]), texRes=128.0, units='height', win=Window(...))
0.0116 	EXP 	movie: autoLog = True
0.0191 	EXP 	Imported imgs/trials_iceberg.xlsx as conditions, 15 conditions, 3 params
0.0196 	EXP 	Created sequence: sequential, trialTypes=15, nReps=1, seed=None
0.0198 	EXP 	New trial (rep=0, index=0): {'timepresentation': 3, 'posx': -0.7, 'posy': 0}
0.0811 	EXP 	image: image = 'imgs/iceberg.png'
0.0811 	EXP 	movie: autoDraw = True
3.0186 	EXP 	image: autoDraw = True
12.3444 	EXP 	tarea_iceberg: status = STOPPED
12.3572 	EXP 	movie: autoDraw = False
12.3572 	EXP 	image: autoDraw = False
12.3573 	EXP 	tarea_iceberg: status = STOPPED
12.9297 	EXP 	window1: mouseVisible = True
