5.1151 	WARNING 	User requested fullscreen with size [1536  864], but screen is actually [1920, 1080]. Using actual size
5.7997 	EXP 	Created window1 = Window(allowGUI=True, allowStencil=False, autoLog=True, backendConf=UNKNOWN, backgroundFit=<method-wrapper '__getattribute__' of attributeSetter object at 0x000001EFE1975E80>, backgroundImage=<method-wrapper '__getattribute__' of attributeSetter object at 0x000001EFE1975E20>, bitsMode=UNKNOWN, blendMode='avg', bpc=(8, 8, 8), color=array([0, 0, 0]), colorSpace='rgb', depthBits=8, fullscr=<method-wrapper '__getattribute__' of attributeSetter object at 0x000001EFE1975C40>, gamma=None, gammaErrorPolicy='raise', lms=UNKNOWN, monitor=<psychopy.monitors.calibTools.Monitor object at 0x000001EFED2123D0>, multiSample=False, name='window1', numSamples=2, pos=(0, 0), screen=0, size=array([1920, 1080]), stencilBits=0, stereo=False, title='PsychoPy', units='height', useFBO=True, useRetina=False, viewOri=0.0, viewPos=None, viewScale=None, waitBlanking=True, winType='pyglet')
5.7999 	EXP 	window1: mouseVisible = True
5.8000 	EXP 	window1: backgroundImage = ''
5.8000 	EXP 	window1: backgroundFit = 'none'
5.8032 	EXP 	window1: Attempting to measure frame rate of screen (0) ...
5.8032 	EXP 	window1: recordFrameIntervals = False
5.9650 	EXP 	window1: recordFrameIntervals = True
6.1485 	EXP 	Screen (0) actual frame rate measured at 59.98Hz
6.1486 	EXP 	window1: recordFrameIntervals = False
6.1489 	EXP 	window1: mouseVisible = False
8.1425 	EXP 	tarea_iceberg: status = STARTED
8.1429 	EXP 	window1: mouseVisible = True
8.1434 	WARNING 	Requested image 'imgs/logo_OB.jpeg' not found but similar filename 'imgs/logo_OB.png' exists. This will be used instead but changing the filename is advised.
8.1486 	WARNING 	Requested image 'imgs/logo_OB.jpeg' not found but similar filename 'imgs/logo_OB.png' exists. This will be used instead but changing the filename is advised.
8.1526 	WARNING 	Requested image 'imgs/logo_OB.jpeg' not found but similar filename 'imgs/logo_OB.png' exists. This will be used instead but changing the filename is advised.
8.1671 	WARNING 	Requested image 'imgs/logo_OB.jpeg' not found but similar filename 'imgs/logo_OB.png' exists. This will be used instead but changing the filename is advised.
8.1803 	EXP 	Created image_5 = ImageStim(__class__=<class 'psychopy.visual.image.ImageStim'>, anchor=('center', 'center'), autoLog=True, color=array([1., 1., 1.]), colorSpace='rgb', contrast=1.0, depth=0.0, draggable=False, flipHoriz=False, flipVert=False, image='imgs/logo_OB.jpeg', interpolate=True, mask=None, maskParams=None, name='image_5', opacity=1.0, ori=0.0, pos=array([0., 0.]), size=array([0.6, 0.7]), texRes=128.0, units='height', win=Window(...))
8.1807 	EXP 	window1: mouseVisible = True
8.2440 	EXP 	Created text_6 = TextStim(__class__=<class 'psychopy.visual.text.TextStim'>, alignHoriz=method-wrapper(...), alignText='center', alignVert=method-wrapper(...), anchorHoriz='center', anchorVert='center', antialias=True, autoDraw=False, autoLog=True, bold=False, color=array([1., 1., 1.]), colorSpace='rgb', contrast=1.0, depth=-1.0, draggable=False, flipHoriz=False, flipVert=False, font='Open Sans', fontFiles=[], height=0.04, italic=False, languageStyle='LTR', name='text_6', opacity=1.0, ori=0.0, pos=array([ 0.  , -0.35]), rgb=UNKNOWN, text='¡Bienvenido a un experimento de Open Brains!', units='height', win=Window(...), wrapWidth=1)
8.2441 	EXP 	window1: mouseVisible = True
8.2657 	EXP 	Created text_5 = TextStim(__class__=<class 'psychopy.visual.text.TextStim'>, alignHoriz=method-wrapper(...), alignText='center', alignVert=method-wrapper(...), anchorHoriz='center', anchorVert='center', antialias=True, autoDraw=False, autoLog=True, bold=False, color=array([1., 1., 1.]), colorSpace='rgb', contrast=1.0, depth=0.0, draggable=False, flipHoriz=False, flipVert=False, font='Open Sans', fontFiles=[], height=0.035, italic=False, languageStyle='LTR', name='text_5', opacity=1.0, ori=0.0, pos=array([0., 0.]), rgb=UNKNOWN, text=str(...), units='height', win=Window(...), wrapWidth=1)
8.2658 	EXP 	window1: mouseVisible = True
8.2670 	EXP 	Created text_7 = TextStim(__class__=<class 'psychopy.visual.text.TextStim'>, alignHoriz=method-wrapper(...), alignText='center', alignVert=method-wrapper(...), anchorHoriz='center', anchorVert='center', antialias=True, autoDraw=False, autoLog=True, bold=False, color=array([1., 1., 1.]), colorSpace='rgb', contrast=1.0, depth=0.0, draggable=False, flipHoriz=False, flipVert=False, font='Open Sans', fontFiles=[], height=0.05, italic=False, languageStyle='LTR', name='text_7', opacity=1.0, ori=0.0, pos=array([0., 0.]), rgb=UNKNOWN, text='', units='height', win=Window(...), wrapWidth=1)
8.2670 	EXP 	window1: mouseVisible = True
8.2757 	EXP 	Created image = ImageStim(__class__=<class 'psychopy.visual.image.ImageStim'>, anchor=('center', 'center'), autoLog=True, color=array([1., 1., 1.]), colorSpace='rgb', contrast=1.0, depth=-1.0, draggable=False, flipHoriz=False, flipVert=False, image='default.png', interpolate=True, mask=None, maskParams=None, name='image', opacity=1.0, ori=0.0, pos=array([0., 0.]), size=array([0.35, 0.35]), texRes=128.0, units='height', win=Window(...))
8.2759 	EXP 	window1: mouseVisible = True
8.2840 	EXP 	Created image_2 = ImageStim(__class__=<class 'psychopy.visual.image.ImageStim'>, anchor=('center', 'center'), autoLog=True, color=array([1., 1., 1.]), colorSpace='rgb', contrast=1.0, depth=-1.0, draggable=False, flipHoriz=False, flipVert=False, image='default.png', interpolate=True, mask=None, maskParams=None, name='image_2', opacity=1.0, ori=0.0, pos=array([0., 0.]), size=array([0.35, 0.35]), texRes=128.0, units='height', win=Window(...))
8.2842 	EXP 	window1: mouseVisible = True
8.2918 	EXP 	Created image_3 = ImageStim(__class__=<class 'psychopy.visual.image.ImageStim'>, anchor=('center', 'center'), autoLog=True, color=array([1., 1., 1.]), colorSpace='rgb', contrast=1.0, depth=-3.0, draggable=False, flipHoriz=False, flipVert=False, image='default.png', interpolate=True, mask=None, maskParams=None, name='image_3', opacity=1.0, ori=0.0, pos=array([0., 0.]), size=array([0.35, 0.35]), texRes=128.0, units='height', win=Window(...))
8.4142 	EXP 	Created unnamed MovieStim3 = MovieStim3(__class__=<class 'psychopy.visual.movie3.MovieStim3'>, anchor=('center', 'center'), autoLog=True, color=UNKNOWN, colorSpace=UNKNOWN, depth=0.0, filename='imgs/titanic_spanish.mp4', flipHoriz=False, flipVert=False, fps=UNKNOWN, interpolate=True, loop=False, name='unnamed MovieStim3', noAudio=False, opacity=1, ori=method-wrapper(...), pos=array([0., 0.]), size=None, units='pix', vframe_callback=UNKNOWN, volume=UNKNOWN, win=Window(...))
10.4337 	WARNING 	2.019421799996053: Video catchup needed, advancing self._nextFrameT from 0.0 to 0.04
10.4337 	WARNING 	2.0194628999888664: Video catchup needed, advancing self._nextFrameT from 0.04 to 0.08
10.4337 	WARNING 	2.019475599998259: Video catchup needed, advancing self._nextFrameT from 0.08 to 0.12
10.4337 	WARNING 	2.019485700002406: Video catchup needed, advancing self._nextFrameT from 0.12 to 0.16
10.4338 	WARNING 	2.019495200001984: Video catchup needed, advancing self._nextFrameT from 0.16 to 0.2
10.4338 	WARNING 	2.0195054999931017: Video catchup needed, advancing self._nextFrameT from 0.2 to 0.24000000000000002
10.4338 	WARNING 	2.019516999993357: Video catchup needed, advancing self._nextFrameT from 0.24000000000000002 to 0.28
10.4338 	WARNING 	2.019532499994966: Video catchup needed, advancing self._nextFrameT from 0.28 to 0.32
10.4338 	WARNING 	2.0195429000013974: Video catchup needed, advancing self._nextFrameT from 0.32 to 0.36
10.4338 	WARNING 	2.0195527999894693: Video catchup needed, advancing self._nextFrameT from 0.36 to 0.39999999999999997
10.4338 	WARNING 	Max reportNDroppedFrames reached, will not log any more dropped frames
10.5366 	EXP 	Created unnamed MovieStim3 = MovieStim3(__class__=<class 'psychopy.visual.movie3.MovieStim3'>, anchor=('center', 'center'), autoLog=True, color=UNKNOWN, colorSpace=UNKNOWN, depth=0.0, filename='imgs/titanic.mp4', flipHoriz=False, flipVert=False, fps=UNKNOWN, interpolate=True, loop=False, name='unnamed MovieStim3', noAudio=False, opacity=1, ori=method-wrapper(...), pos=array([  0., 100.]), size=None, units='pix', vframe_callback=UNKNOWN, volume=UNKNOWN, win=Window(...))
11.7115 	WARNING 	1.174831099997391: Video catchup needed, advancing self._nextFrameT from 0.0 to 0.03336666666666667
11.7115 	WARNING 	1.1748655999981565: Video catchup needed, advancing self._nextFrameT from 0.03336666666666667 to 0.06673333333333334
11.7115 	WARNING 	1.1748785999952815: Video catchup needed, advancing self._nextFrameT from 0.06673333333333334 to 0.10010000000000001
11.7115 	WARNING 	1.1748890000017127: Video catchup needed, advancing self._nextFrameT from 0.10010000000000001 to 0.13346666666666668
11.7115 	WARNING 	1.1748996999958763: Video catchup needed, advancing self._nextFrameT from 0.13346666666666668 to 0.16683333333333333
11.7115 	WARNING 	1.1749095999985002: Video catchup needed, advancing self._nextFrameT from 0.16683333333333333 to 0.2002
11.7115 	WARNING 	1.1749192999996012: Video catchup needed, advancing self._nextFrameT from 0.2002 to 0.23356666666666664
11.7116 	WARNING 	1.1749287999991793: Video catchup needed, advancing self._nextFrameT from 0.23356666666666664 to 0.2669333333333333
11.7116 	WARNING 	1.1749383999995189: Video catchup needed, advancing self._nextFrameT from 0.2669333333333333 to 0.30029999999999996
11.7116 	WARNING 	1.1749473999952897: Video catchup needed, advancing self._nextFrameT from 0.30029999999999996 to 0.3336666666666666
11.7116 	WARNING 	Max reportNDroppedFrames reached, will not log any more dropped frames
11.7384 	EXP 	window1: mouseVisible = True
11.7480 	EXP 	Created image_4 = ImageStim(__class__=<class 'psychopy.visual.image.ImageStim'>, anchor=('center', 'center'), autoLog=True, color=array([1., 1., 1.]), colorSpace='rgb', contrast=1.0, depth=-4.0, draggable=False, flipHoriz=False, flipVert=False, image='default.png', interpolate=True, mask=None, maskParams=None, name='image_4', opacity=1.0, ori=0.0, pos=array([0., 0.]), size=array([0.35, 0.35]), texRes=128.0, units='height', win=Window(...))
11.7482 	EXP 	window1: mouseVisible = True
11.7605 	EXP 	Created text_4 = TextStim(__class__=<class 'psychopy.visual.text.TextStim'>, alignHoriz=method-wrapper(...), alignText='center', alignVert=method-wrapper(...), anchorHoriz='center', anchorVert='center', antialias=True, autoDraw=False, autoLog=True, bold=False, color=array([1., 1., 1.]), colorSpace='rgb', contrast=1.0, depth=0.0, draggable=False, flipHoriz=False, flipVert=False, font='Open Sans', fontFiles=[], height=0.05, italic=False, languageStyle='LTR', name='text_4', opacity=1.0, ori=0.0, pos=array([0., 0.]), rgb=UNKNOWN, text='¡Muchas gracias por participar!', units='height', win=Window(...), wrapWidth=1)
0.0019 	EXP 	unnamed MovieStim3: autoLog = True
0.0019 	EXP 	unnamed MovieStim3: movie = 'imgs/titanic_spanish.mp4'
0.0019 	EXP 	unnamed MovieStim3: ori = 0.0
0.0019 	EXP 	unnamed MovieStim3: autoLog = True
0.0019 	EXP 	unnamed MovieStim3: movie = 'imgs/titanic.mp4'
0.0019 	EXP 	unnamed MovieStim3: ori = 0.0
0.0131 	EXP 	image_5: autoDraw = True
0.0131 	EXP 	text_6: autoDraw = True
3.0002 	EXP 	Created unnamed MovieStim3 = MovieStim3(__class__=<class 'psychopy.visual.movie3.MovieStim3'>, anchor=('center', 'center'), autoLog=True, color=UNKNOWN, colorSpace=UNKNOWN, depth=0.0, filename='imgs/video_mar.mp4', flipHoriz=False, flipVert=False, fps=UNKNOWN, interpolate=True, loop=True, name='unnamed MovieStim3', noAudio=False, opacity=1, ori=method-wrapper(...), pos=array([0., 0.]), size=None, units='pix', vframe_callback=UNKNOWN, volume=UNKNOWN, win=Window(...))
3.4068 	WARNING 	0.40656239999225363: Video catchup needed, advancing self._nextFrameT from 0.0 to 0.04
3.4069 	WARNING 	0.4066354999959003: Video catchup needed, advancing self._nextFrameT from 0.04 to 0.08
3.4069 	WARNING 	0.4066515000013169: Video catchup needed, advancing self._nextFrameT from 0.08 to 0.12
3.4069 	WARNING 	0.40666189999319613: Video catchup needed, advancing self._nextFrameT from 0.12 to 0.16
3.4069 	WARNING 	0.4066722999996273: Video catchup needed, advancing self._nextFrameT from 0.16 to 0.2
3.4069 	WARNING 	0.4066820000007283: Video catchup needed, advancing self._nextFrameT from 0.2 to 0.24000000000000002
3.4069 	WARNING 	0.4066941999917617: Video catchup needed, advancing self._nextFrameT from 0.24000000000000002 to 0.28
3.4069 	WARNING 	0.40670359999057837: Video catchup needed, advancing self._nextFrameT from 0.28 to 0.32
3.4069 	WARNING 	0.4067130999901565: Video catchup needed, advancing self._nextFrameT from 0.32 to 0.36
3.4991 	EXP 	Created unnamed MovieStim3 = MovieStim3(__class__=<class 'psychopy.visual.movie3.MovieStim3'>, anchor=('center', 'center'), autoLog=True, color=UNKNOWN, colorSpace=UNKNOWN, depth=0.0, filename='imgs/song_titanic.mp4', flipHoriz=False, flipVert=False, fps=UNKNOWN, interpolate=True, loop=False, name='unnamed MovieStim3', noAudio=False, opacity=1, ori=method-wrapper(...), pos=array([0., 0.]), size=None, units='pix', vframe_callback=UNKNOWN, volume=UNKNOWN, win=Window(...))
4.3898 	WARNING 	0.8906493999966187: Video catchup needed, advancing self._nextFrameT from 0.0 to 0.041666666666666664
4.3898 	WARNING 	0.8906934999977238: Video catchup needed, advancing self._nextFrameT from 0.041666666666666664 to 0.08333333333333333
4.3898 	WARNING 	0.8907153000036487: Video catchup needed, advancing self._nextFrameT from 0.08333333333333333 to 0.125
4.3899 	WARNING 	0.8907344000035664: Video catchup needed, advancing self._nextFrameT from 0.125 to 0.16666666666666666
4.3899 	WARNING 	0.8907528999989154: Video catchup needed, advancing self._nextFrameT from 0.16666666666666666 to 0.20833333333333331
4.3899 	WARNING 	0.8907715999957873: Video catchup needed, advancing self._nextFrameT from 0.20833333333333331 to 0.24999999999999997
4.3899 	WARNING 	0.8907892999995966: Video catchup needed, advancing self._nextFrameT from 0.24999999999999997 to 0.29166666666666663
4.3899 	WARNING 	0.8908077999949455: Video catchup needed, advancing self._nextFrameT from 0.29166666666666663 to 0.3333333333333333
4.3900 	WARNING 	0.890826199989533: Video catchup needed, advancing self._nextFrameT from 0.3333333333333333 to 0.375
4.3900 	WARNING 	0.8908446999994339: Video catchup needed, advancing self._nextFrameT from 0.375 to 0.4166666666666667
4.3900 	WARNING 	Max reportNDroppedFrames reached, will not log any more dropped frames
4.4059 	EXP 	Created unnamed MovieStim3 = MovieStim3(__class__=<class 'psychopy.visual.movie3.MovieStim3'>, anchor=('center', 'center'), autoLog=True, color=UNKNOWN, colorSpace=UNKNOWN, depth=0.0, filename='imgs/titanic_spanish.mp4', flipHoriz=False, flipVert=False, fps=UNKNOWN, interpolate=True, loop=False, name='unnamed MovieStim3', noAudio=False, opacity=1, ori=method-wrapper(...), pos=array([0., 0.]), size=None, units='pix', vframe_callback=UNKNOWN, volume=UNKNOWN, win=Window(...))
5.7960 	WARNING 	1.3901159999950323: Video catchup needed, advancing self._nextFrameT from 0.0 to 0.04
5.7961 	WARNING 	1.390155799992499: Video catchup needed, advancing self._nextFrameT from 0.04 to 0.08
5.7961 	WARNING 	1.3901678999973228: Video catchup needed, advancing self._nextFrameT from 0.08 to 0.12
5.7961 	WARNING 	1.3901776999991853: Video catchup needed, advancing self._nextFrameT from 0.12 to 0.16
5.7961 	WARNING 	1.3901875999872573: Video catchup needed, advancing self._nextFrameT from 0.16 to 0.2
5.7961 	WARNING 	1.3901968999998644: Video catchup needed, advancing self._nextFrameT from 0.2 to 0.24000000000000002
5.7961 	WARNING 	1.3902068999886978: Video catchup needed, advancing self._nextFrameT from 0.24000000000000002 to 0.28
5.7961 	WARNING 	1.3902164999890374: Video catchup needed, advancing self._nextFrameT from 0.28 to 0.32
5.7961 	WARNING 	1.3902257999870926: Video catchup needed, advancing self._nextFrameT from 0.32 to 0.36
5.7961 	WARNING 	1.3902348999981768: Video catchup needed, advancing self._nextFrameT from 0.36 to 0.39999999999999997
5.7961 	WARNING 	Max reportNDroppedFrames reached, will not log any more dropped frames
5.8330 	EXP 	image_5: autoDraw = False
5.8330 	EXP 	text_6: autoDraw = False
5.8330 	EXP 	image_5: autoDraw = False
5.8330 	EXP 	text_6: autoDraw = False
5.8330 	EXP 	unnamed MovieStim3: autoLog = True
5.8330 	EXP 	unnamed MovieStim3: movie = 'imgs/video_mar.mp4'
5.8330 	EXP 	unnamed MovieStim3: ori = 0.0
5.8330 	EXP 	unnamed MovieStim3: autoLog = True
5.8330 	EXP 	unnamed MovieStim3: movie = 'imgs/song_titanic.mp4'
5.8330 	EXP 	unnamed MovieStim3: ori = 0.0
5.8330 	EXP 	unnamed MovieStim3: autoLog = True
5.8330 	EXP 	unnamed MovieStim3: movie = 'imgs/titanic_spanish.mp4'
5.8330 	EXP 	unnamed MovieStim3: ori = 0.0
5.8330 	EXP 	text_5: autoDraw = True
6.6051 	EXP 	Imported imgs/routines_order.xlsx as conditions, 4 conditions, 1 params
6.6055 	EXP 	Created sequence: sequential, trialTypes=4, nReps=1, seed=None
6.6056 	EXP 	New trial (rep=0, index=0): {'routineName': 'music_video'}
6.6136 	DATA 	Keypress: space
6.6151 	EXP 	text_5: autoDraw = False
6.6151 	EXP 	text_7: height = 0.05
6.6151 	EXP 	text_7: height = 0.05
6.6151 	EXP 	text_7: height = 0.05
6.6151 	EXP 	text_7: text = 'Nueva ronda'
6.6151 	EXP 	text_7: autoDraw = True
8.6253 	EXP 	Imported imgs/iceberg_times.xlsx as conditions, 2 conditions, 3 params
8.6258 	EXP 	Created sequence: random, trialTypes=2, nReps=1, seed=None
8.6259 	EXP 	New trial (rep=0, index=0): {'timepresentation': 8, 'posx': 0.6, 'posy': 0.1}
8.6339 	EXP 	Sound  started
8.6342 	EXP 	New trial (rep=0, index=1): {'timepresentation': 10, 'posx': -0.7, 'posy': 0.15}
8.6485 	EXP 	Imported imgs/iceberg_times.xlsx as conditions, 2 conditions, 3 params
8.6488 	EXP 	Created sequence: random, trialTypes=2, nReps=1, seed=None
8.6489 	EXP 	New trial (rep=0, index=0): {'timepresentation': 8, 'posx': 0.6, 'posy': 0.1}
8.6544 	EXP 	Sound  started
8.6547 	EXP 	New trial (rep=0, index=1): {'timepresentation': 10, 'posx': -0.7, 'posy': 0.15}
8.6776 	EXP 	Sound  stopped
8.6904 	EXP 	Imported imgs/iceberg_times.xlsx as conditions, 2 conditions, 3 params
8.6909 	EXP 	Created sequence: random, trialTypes=2, nReps=1, seed=None
8.6911 	EXP 	New trial (rep=0, index=0): {'timepresentation': 8, 'posx': 0.6, 'posy': 0.1}
8.6912 	EXP 	Sound  started
8.7012 	EXP 	New trial (rep=0, index=1): {'timepresentation': 10, 'posx': -0.7, 'posy': 0.15}
8.7286 	EXP 	Sound  stopped
8.7395 	EXP 	Imported imgs/iceberg_times.xlsx as conditions, 2 conditions, 3 params
8.7399 	EXP 	Created sequence: random, trialTypes=2, nReps=1, seed=None
8.7400 	EXP 	New trial (rep=0, index=0): {'timepresentation': 3, 'posx': 0.5, 'posy': 0.1}
8.7401 	EXP 	Sound  started
8.7403 	EXP 	Sound  started
8.7552 	EXP 	text_7: autoDraw = False
8.7552 	EXP 	image: image = 'imgs/iceberg.png'
8.7552 	EXP 	Set unnamed MovieStim3 playing
8.7552 	EXP 	image: autoDraw = False
8.7552 	EXP 	image: image = 'imgs/iceberg.png'
8.7552 	EXP 	image: autoDraw = False
8.7552 	EXP 	image_2: image = 'imgs/iceberg.png'
8.7552 	EXP 	Set unnamed MovieStim3 playing
8.7552 	EXP 	image_2: autoDraw = False
8.7552 	EXP 	image_2: image = 'imgs/iceberg.png'
8.7552 	EXP 	image_2: autoDraw = False
8.7552 	EXP 	Set unnamed MovieStim3 stopped
8.7552 	EXP 	Set unnamed MovieStim3 playing
8.7552 	EXP 	image_3: image = 'imgs/iceberg.png'
8.7552 	EXP 	image_3: autoDraw = False
8.7552 	EXP 	image_3: image = 'imgs/iceberg.png'
8.7552 	EXP 	image_3: autoDraw = False
8.7552 	EXP 	Set unnamed MovieStim3 stopped
8.7552 	EXP 	Set unnamed MovieStim3 playing
8.7552 	EXP 	Set unnamed MovieStim3 playing
8.7552 	EXP 	image_4: image = 'imgs/iceberg.png'
11.7296 	EXP 	image_4: autoDraw = True
12.2629 	EXP 	New trial (rep=0, index=1): {'timepresentation': 15, 'posx': 0.8, 'posy': 0.1}
12.2688 	DATA 	Keypress: space
12.2771 	EXP 	image_4: autoDraw = False
12.2771 	EXP 	image_4: image = 'imgs/iceberg.png'
27.2752 	EXP 	image_4: autoDraw = True
27.3274 	EXP 	Sound  stopped
27.4900 	EXP 	Sound  started
27.4901 	WARNING 	0.18593640001199674: Video catchup needed, advancing self._nextFrameT from 0.0 to 0.04
27.4901 	WARNING 	0.18595790000108536: Video catchup needed, advancing self._nextFrameT from 0.04 to 0.08
27.4901 	WARNING 	0.185969500002102: Video catchup needed, advancing self._nextFrameT from 0.08 to 0.12
27.6225 	WARNING 	19.983219100002316: Video catchup needed, advancing self._nextFrameT from 19.652966666666412 to 19.686333333333078
27.6225 	WARNING 	19.983280000000377: Video catchup needed, advancing self._nextFrameT from 19.686333333333078 to 19.719699999999744
27.6226 	WARNING 	19.983302200009348: Video catchup needed, advancing self._nextFrameT from 19.719699999999744 to 19.75306666666641
27.6226 	WARNING 	19.983321200008504: Video catchup needed, advancing self._nextFrameT from 19.75306666666641 to 19.786433333333076
27.6226 	WARNING 	19.983335900004022: Video catchup needed, advancing self._nextFrameT from 19.786433333333076 to 19.81979999999974
27.6226 	WARNING 	19.983350900001824: Video catchup needed, advancing self._nextFrameT from 19.81979999999974 to 19.853166666666407
27.6226 	WARNING 	19.98336549999658: Video catchup needed, advancing self._nextFrameT from 19.853166666666407 to 19.886533333333073
27.6226 	WARNING 	19.98338099999819: Video catchup needed, advancing self._nextFrameT from 19.886533333333073 to 19.91989999999974
27.6364 	EXP 	Set unnamed MovieStim3 finished
27.6365 	WARNING 	20.8164298000047: Video catchup needed, advancing self._nextFrameT from 20.47999999999974 to 20.51999999999974
27.6365 	WARNING 	20.816453999999794: Video catchup needed, advancing self._nextFrameT from 20.51999999999974 to 20.55999999999974
27.6366 	WARNING 	20.816471999991336: Video catchup needed, advancing self._nextFrameT from 20.55999999999974 to 20.59999999999974
27.6366 	WARNING 	20.816489199991338: Video catchup needed, advancing self._nextFrameT from 20.59999999999974 to 20.639999999999738
27.6366 	WARNING 	20.816506699993624: Video catchup needed, advancing self._nextFrameT from 20.639999999999738 to 20.679999999999737
27.6366 	WARNING 	20.816520799999125: Video catchup needed, advancing self._nextFrameT from 20.679999999999737 to 20.719999999999736
27.6366 	WARNING 	20.816532700002426: Video catchup needed, advancing self._nextFrameT from 20.719999999999736 to 20.759999999999735
27.6439 	WARNING 	0.3397241000056965: Video catchup needed, advancing self._nextFrameT from 0.16 to 0.2
27.6439 	WARNING 	0.33975420000206213: Video catchup needed, advancing self._nextFrameT from 0.2 to 0.24000000000000002
27.6439 	WARNING 	0.3397659000038402: Video catchup needed, advancing self._nextFrameT from 0.24000000000000002 to 0.28
27.6744 	WARNING 	20.035139700004947: Video catchup needed, advancing self._nextFrameT from 19.953266666666405 to 19.98663333333307
28.1369 	EXP 	Sound  stopped
28.1675 	EXP 	Sound  stopped
28.1681 	EXP 	New trial (rep=0, index=1): {'routineName': 'music_words'}
28.1701 	DATA 	Keypress: space
28.1749 	EXP 	image_4: autoDraw = False
28.1749 	EXP 	Set unnamed MovieStim3 stopped
28.1749 	EXP 	Set unnamed MovieStim3 stopped
28.1749 	EXP 	text_7: text = 'Nueva ronda'
28.1749 	EXP 	text_7: autoDraw = True
30.1773 	EXP 	Imported imgs/iceberg_times.xlsx as conditions, 2 conditions, 3 params
30.1777 	EXP 	Created sequence: random, trialTypes=2, nReps=1, seed=None
30.1778 	EXP 	New trial (rep=0, index=0): {'timepresentation': 14, 'posx': -0.7, 'posy': 0.15}
30.1842 	EXP 	New trial (rep=0, index=1): {'timepresentation': 11, 'posx': 0.6, 'posy': 0.1}
30.1973 	EXP 	Imported imgs/iceberg_times.xlsx as conditions, 2 conditions, 3 params
30.1976 	EXP 	Created sequence: random, trialTypes=2, nReps=1, seed=None
30.1977 	EXP 	New trial (rep=0, index=0): {'timepresentation': 11, 'posx': 0.6, 'posy': 0.1}
30.3758 	EXP 	window1: mouseVisible = True
