5.0552 	WARNING 	User requested fullscreen with size [1024  768], but screen is actually [1920, 1080]. Using actual size
5.7129 	EXP 	Created window1 = Window(allowGUI=True, allowStencil=False, autoLog=True, backendConf=UNKNOWN, backgroundFit=<method-wrapper '__getattribute__' of attributeSetter object at 0x000002AD02C000D0>, backgroundImage=<method-wrapper '__getattribute__' of attributeSetter object at 0x000002AD02C00070>, bitsMode=UNKNOWN, blendMode='avg', bpc=(8, 8, 8), color=array([0, 0, 0]), colorSpace='rgb', depthBits=8, fullscr=<method-wrapper '__getattribute__' of attributeSetter object at 0x000002AD02BAAF10>, gamma=None, gammaErrorPolicy='raise', lms=UNKNOWN, monitor=<psychopy.monitors.calibTools.Monitor object at 0x000002AD0318C070>, multiSample=False, name='window1', numSamples=2, pos=(0, 0), screen=0, size=array([1920, 1080]), stencilBits=0, stereo=False, title='PsychoPy', units='height', useFBO=True, useRetina=False, viewOri=0.0, viewPos=None, viewScale=None, waitBlanking=True, winType='pyglet')
5.7130 	EXP 	window1: mouseVisible = True
5.7131 	EXP 	window1: backgroundImage = ''
5.7131 	EXP 	window1: backgroundFit = 'none'
5.7155 	EXP 	window1: Attempting to measure frame rate of screen (0) ...
5.7155 	EXP 	window1: recordFrameIntervals = False
5.8781 	EXP 	window1: recordFrameIntervals = True
6.0618 	EXP 	Screen (0) actual frame rate measured at 60.10Hz
6.0619 	EXP 	window1: recordFrameIntervals = False
6.0621 	EXP 	window1: mouseVisible = False
8.1326 	EXP 	tarea_iceberg: status = STARTED
8.1355 	EXP 	window1: mouseVisible = True
8.2985 	EXP 	window1: mouseVisible = True
8.3487 	EXP 	Created image = ImageStim(__class__=<class 'psychopy.visual.image.ImageStim'>, anchor=('center', 'center'), autoLog=True, color=array([1., 1., 1.]), colorSpace='rgb', contrast=1.0, depth=-1.0, draggable=False, flipHoriz=False, flipVert=False, image='default.png', interpolate=True, mask=None, maskParams=None, name='image', opacity=1.0, ori=0.0, pos=array([0., 0.]), size=array([0.35, 0.35]), texRes=128.0, units='height', win=Window(...))
8.3489 	EXP 	window1: mouseVisible = True
8.4100 	EXP 	Created text = TextStim(__class__=<class 'psychopy.visual.text.TextStim'>, alignHoriz=method-wrapper(...), alignText='center', alignVert=method-wrapper(...), anchorHoriz='center', anchorVert='center', antialias=True, autoDraw=False, autoLog=True, bold=False, color=array([1., 1., 1.]), colorSpace='rgb', contrast=1.0, depth=0.0, draggable=False, flipHoriz=False, flipVert=False, font='Open Sans', fontFiles=[], height=0.05, italic=False, languageStyle='LTR', name='text', opacity=1.0, ori=0.0, pos=array([0., 0.]), rgb=UNKNOWN, text='¡Empezamos la segunda ronda!', units='height', win=Window(...), wrapWidth=1)
8.4101 	EXP 	window1: mouseVisible = True
8.5051 	EXP 	window1: mouseVisible = True
8.5584 	EXP 	Created image_2 = ImageStim(__class__=<class 'psychopy.visual.image.ImageStim'>, anchor=('center', 'center'), autoLog=True, color=array([1., 1., 1.]), colorSpace='rgb', contrast=1.0, depth=-1.0, draggable=False, flipHoriz=False, flipVert=False, image='default.png', interpolate=True, mask=None, maskParams=None, name='image_2', opacity=1.0, ori=0.0, pos=array([0., 0.]), size=array([0.35, 0.35]), texRes=128.0, units='height', win=Window(...))
8.6887 	EXP 	Created unnamed MovieStim3 = MovieStim3(__class__=<class 'psychopy.visual.movie3.MovieStim3'>, anchor=('center', 'center'), autoLog=True, color=UNKNOWN, colorSpace=UNKNOWN, depth=0.0, filename='imgs/song_titanic.mp4', flipHoriz=False, flipVert=False, fps=UNKNOWN, interpolate=True, loop=False, name='unnamed MovieStim3', noAudio=False, opacity=1, ori=method-wrapper(...), pos=array([0., 0.]), size=None, units='pix', vframe_callback=UNKNOWN, volume=UNKNOWN, win=Window(...))
9.7409 	WARNING 	1.0521386000000348: Video catchup needed, advancing self._nextFrameT from 0.0 to 0.041666666666666664
9.7409 	WARNING 	1.0521936000004644: Video catchup needed, advancing self._nextFrameT from 0.041666666666666664 to 0.08333333333333333
9.7409 	WARNING 	1.0522119000015664: Video catchup needed, advancing self._nextFrameT from 0.08333333333333333 to 0.125
9.7409 	WARNING 	1.0522272000016528: Video catchup needed, advancing self._nextFrameT from 0.125 to 0.16666666666666666
9.7409 	WARNING 	1.0522386000011466: Video catchup needed, advancing self._nextFrameT from 0.16666666666666666 to 0.20833333333333331
9.7409 	WARNING 	1.052250400000048: Video catchup needed, advancing self._nextFrameT from 0.20833333333333331 to 0.24999999999999997
9.7410 	WARNING 	1.0522734000005585: Video catchup needed, advancing self._nextFrameT from 0.24999999999999997 to 0.29166666666666663
9.7410 	WARNING 	1.0522851000005176: Video catchup needed, advancing self._nextFrameT from 0.29166666666666663 to 0.3333333333333333
9.7410 	WARNING 	1.0522950000013225: Video catchup needed, advancing self._nextFrameT from 0.3333333333333333 to 0.375
9.7410 	WARNING 	1.0523051000000123: Video catchup needed, advancing self._nextFrameT from 0.375 to 0.4166666666666667
9.7410 	WARNING 	Max reportNDroppedFrames reached, will not log any more dropped frames
9.7594 	EXP 	window1: mouseVisible = True
9.7641 	EXP 	Created text_2 = TextStim(__class__=<class 'psychopy.visual.text.TextStim'>, alignHoriz=method-wrapper(...), alignText='center', alignVert=method-wrapper(...), anchorHoriz='center', anchorVert='center', antialias=True, autoDraw=False, autoLog=True, bold=False, color=array([1., 1., 1.]), colorSpace='rgb', contrast=1.0, depth=0.0, draggable=False, flipHoriz=False, flipVert=False, font='Open Sans', fontFiles=[], height=0.05, italic=False, languageStyle='LTR', name='text_2', opacity=1.0, ori=0.0, pos=array([0., 0.]), rgb=UNKNOWN, text='¡empezamos la tercera ronda!', units='height', win=Window(...), wrapWidth=1)
9.7642 	EXP 	window1: mouseVisible = True
9.8550 	EXP 	window1: mouseVisible = True
9.8784 	EXP 	Created image_3 = ImageStim(__class__=<class 'psychopy.visual.image.ImageStim'>, anchor=('center', 'center'), autoLog=True, color=array([1., 1., 1.]), colorSpace='rgb', contrast=1.0, depth=-1.0, draggable=False, flipHoriz=False, flipVert=False, image='default.png', interpolate=True, mask=None, maskParams=None, name='image_3', opacity=1.0, ori=0.0, pos=array([0., 0.]), size=array([0.35, 0.35]), texRes=128.0, units='height', win=Window(...))
9.8787 	EXP 	Created unnamed MovieStim3 = MovieStim3(__class__=<class 'psychopy.visual.movie3.MovieStim3'>, anchor=('center', 'center'), autoLog=True, color=UNKNOWN, colorSpace=UNKNOWN, depth=0.0, filename='imgs/video_celine.mp4', flipHoriz=False, flipVert=False, fps=UNKNOWN, interpolate=True, loop=False, name='unnamed MovieStim3', noAudio=False, opacity=1, ori=method-wrapper(...), pos=array([0., 0.]), size=None, units='pix', vframe_callback=UNKNOWN, volume=UNKNOWN, win=Window(...))
11.3548 	WARNING 	1.4761109999999462: Video catchup needed, advancing self._nextFrameT from 0.0 to 0.03336666666666667
11.3548 	WARNING 	1.4761473999988084: Video catchup needed, advancing self._nextFrameT from 0.03336666666666667 to 0.06673333333333334
11.3548 	WARNING 	1.476159199999529: Video catchup needed, advancing self._nextFrameT from 0.06673333333333334 to 0.10010000000000001
11.3548 	WARNING 	1.4761693000000378: Video catchup needed, advancing self._nextFrameT from 0.10010000000000001 to 0.13346666666666668
11.3548 	WARNING 	1.4761797999999544: Video catchup needed, advancing self._nextFrameT from 0.13346666666666668 to 0.16683333333333333
11.3549 	WARNING 	1.4761889999990672: Video catchup needed, advancing self._nextFrameT from 0.16683333333333333 to 0.2002
11.3549 	WARNING 	1.4761980999992375: Video catchup needed, advancing self._nextFrameT from 0.2002 to 0.23356666666666664
11.3549 	WARNING 	1.4762070999986463: Video catchup needed, advancing self._nextFrameT from 0.23356666666666664 to 0.2669333333333333
11.3549 	WARNING 	1.4762159999991127: Video catchup needed, advancing self._nextFrameT from 0.2669333333333333 to 0.30029999999999996
11.3549 	WARNING 	1.476225099999283: Video catchup needed, advancing self._nextFrameT from 0.30029999999999996 to 0.3336666666666666
11.3549 	WARNING 	Max reportNDroppedFrames reached, will not log any more dropped frames
0.0030 	EXP 	movie: autoLog = True
0.0030 	EXP 	movie_2: autoLog = True
0.0030 	EXP 	unnamed MovieStim3: autoLog = True
0.0030 	EXP 	unnamed MovieStim3: movie = 'imgs/song_titanic.mp4'
0.0030 	EXP 	unnamed MovieStim3: ori = 0.0
0.0030 	EXP 	movie_3: autoLog = True
0.0030 	EXP 	unnamed MovieStim3: autoLog = True
0.0030 	EXP 	unnamed MovieStim3: movie = 'imgs/video_celine.mp4'
0.0030 	EXP 	unnamed MovieStim3: ori = 0.0
0.0076 	EXP 	Imported imgs/trials_fake.xlsx as conditions, 2 conditions, 3 params
0.0080 	EXP 	Created sequence: random, trialTypes=2, nReps=1, seed=None
0.0081 	EXP 	New trial (rep=0, index=0): {'timepresentation': 2, 'posx': -0.8, 'posy': 0.15}
0.0373 	EXP 	image: image = 'imgs/iceberg.png'
0.0373 	EXP 	movie: autoDraw = True
2.0110 	EXP 	image: autoDraw = True
2.4844 	EXP 	New trial (rep=0, index=1): {'timepresentation': 2, 'posx': -0.7, 'posy': 0.15}
2.5344 	DATA 	Keypress: space
2.5407 	EXP 	movie: autoDraw = False
2.5407 	EXP 	image: autoDraw = False
2.5407 	EXP 	image: image = 'imgs/iceberg.png'
2.5407 	EXP 	movie: autoDraw = True
4.4921 	EXP 	image: autoDraw = True
4.9501 	DATA 	Keypress: space
4.9526 	EXP 	movie: autoDraw = False
4.9526 	EXP 	image: autoDraw = False
4.9526 	EXP 	text: autoDraw = True
7.9397 	EXP 	Imported imgs/trials_fake.xlsx as conditions, 2 conditions, 3 params
7.9400 	EXP 	Created sequence: random, trialTypes=2, nReps=1, seed=None
7.9401 	EXP 	New trial (rep=0, index=0): {'timepresentation': 2, 'posx': -0.7, 'posy': 0.15}
7.9457 	EXP 	Sound  started
7.9614 	EXP 	text: autoDraw = False
7.9614 	EXP 	text: autoDraw = False
7.9614 	EXP 	image_2: image = 'imgs/iceberg.png'
7.9614 	EXP 	Set unnamed MovieStim3 playing
7.9614 	EXP 	movie_2: autoDraw = True
9.9554 	EXP 	image_2: autoDraw = True
13.8537 	EXP 	New trial (rep=0, index=1): {'timepresentation': 2, 'posx': -0.8, 'posy': 0.15}
13.9029 	DATA 	Keypress: space
13.9093 	EXP 	movie_2: autoDraw = False
13.9093 	EXP 	image_2: autoDraw = False
13.9093 	EXP 	image_2: image = 'imgs/iceberg.png'
13.9093 	EXP 	movie_2: autoDraw = True
15.8674 	EXP 	image_2: autoDraw = True
16.3888 	DATA 	Keypress: space
16.5202 	EXP 	movie_2: autoDraw = False
16.5202 	EXP 	image_2: autoDraw = False
16.5202 	EXP 	text_2: autoDraw = True
17.5174 	EXP 	Imported imgs/trials_iceberg_3.xlsx as conditions, 8 conditions, 3 params
17.5177 	EXP 	Created sequence: random, trialTypes=8, nReps=1, seed=None
17.5178 	EXP 	New trial (rep=0, index=0): {'timepresentation': 8, 'posx': 0.5, 'posy': 0.1}
17.5222 	EXP 	Sound  started
17.5488 	EXP 	text_2: autoDraw = False
17.5488 	EXP 	text_2: autoDraw = False
17.5488 	EXP 	image_3: image = 'imgs/iceberg.png'
17.5488 	EXP 	Set unnamed MovieStim3 playing
17.5488 	EXP 	movie_3: autoDraw = True
25.5280 	EXP 	image_3: autoDraw = True
26.0820 	EXP 	New trial (rep=0, index=1): {'timepresentation': 14, 'posx': 0.6, 'posy': 0.1}
26.1314 	DATA 	Keypress: space
26.1364 	EXP 	movie_3: autoDraw = False
26.1364 	EXP 	image_3: autoDraw = False
26.1364 	EXP 	image_3: image = 'imgs/iceberg.png'
26.1364 	EXP 	movie_3: autoDraw = True
31.5782 	DATA 	Keypress: escape
31.6583 	EXP 	tarea_iceberg: status = STOPPED
31.6702 	EXP 	movie_3: autoDraw = False
31.6703 	EXP 	tarea_iceberg: status = STOPPED
31.8740 	EXP 	window1: mouseVisible = True
