5.6563 	WARNING 	User requested fullscreen with size [1024  768], but screen is actually [1920, 1080]. Using actual size
6.3605 	EXP 	Created window1 = Window(allowGUI=True, allowStencil=False, autoLog=True, backendConf=UNKNOWN, backgroundFit=<method-wrapper '__getattribute__' of attributeSetter object at 0x0000025E93D77CD0>, backgroundImage=<method-wrapper '__getattribute__' of attributeSetter object at 0x0000025E93D77C70>, bitsMode=UNKNOWN, blendMode='avg', bpc=(8, 8, 8), color=array([0, 0, 0]), colorSpace='rgb', depthBits=8, fullscr=<method-wrapper '__getattribute__' of attributeSetter object at 0x0000025E93D77AF0>, gamma=None, gammaErrorPolicy='raise', lms=UNKNOWN, monitor=<psychopy.monitors.calibTools.Monitor object at 0x0000025E9430C9A0>, multiSample=False, name='window1', numSamples=2, pos=(0, 0), screen=0, size=array([1920, 1080]), stencilBits=0, stereo=False, title='PsychoPy', units='height', useFBO=True, useRetina=False, viewOri=0.0, viewPos=None, viewScale=None, waitBlanking=True, winType='pyglet')
6.3606 	EXP 	window1: mouseVisible = True
6.3606 	EXP 	window1: backgroundImage = ''
6.3606 	EXP 	window1: backgroundFit = 'none'
6.3620 	EXP 	window1: Attempting to measure frame rate of screen (0) ...
6.3620 	EXP 	window1: recordFrameIntervals = False
6.5273 	EXP 	window1: recordFrameIntervals = True
6.7110 	EXP 	Screen (0) actual frame rate measured at 59.67Hz
6.7110 	EXP 	window1: recordFrameIntervals = False
6.7111 	EXP 	window1: mouseVisible = False
8.6662 	EXP 	tarea_iceberg: status = STARTED
8.6683 	EXP 	window1: mouseVisible = True
8.8296 	EXP 	window1: mouseVisible = True
8.8457 	EXP 	Created image = ImageStim(__class__=<class 'psychopy.visual.image.ImageStim'>, anchor=('center', 'center'), autoLog=True, color=array([1., 1., 1.]), colorSpace='rgb', contrast=1.0, depth=-1.0, draggable=False, flipHoriz=False, flipVert=False, image='default.png', interpolate=True, mask=None, maskParams=None, name='image', opacity=1.0, ori=0.0, pos=array([0., 0.]), size=array([0.35, 0.35]), texRes=128.0, units='height', win=Window(...))
8.8464 	EXP 	window1: mouseVisible = True
8.9014 	EXP 	Created text = TextStim(__class__=<class 'psychopy.visual.text.TextStim'>, alignHoriz=method-wrapper(...), alignText='center', alignVert=method-wrapper(...), anchorHoriz='center', anchorVert='center', antialias=True, autoDraw=False, autoLog=True, bold=False, color=array([1., 1., 1.]), colorSpace='rgb', contrast=1.0, depth=0.0, draggable=False, flipHoriz=False, flipVert=False, font='Open Sans', fontFiles=[], height=0.05, italic=False, languageStyle='LTR', name='text', opacity=1.0, ori=0.0, pos=array([0., 0.]), rgb=UNKNOWN, text='¡Empezamos la segunda ronda!', units='height', win=Window(...), wrapWidth=1)
8.9016 	EXP 	window1: mouseVisible = True
9.0113 	EXP 	window1: mouseVisible = True
9.0222 	EXP 	Created image_2 = ImageStim(__class__=<class 'psychopy.visual.image.ImageStim'>, anchor=('center', 'center'), autoLog=True, color=array([1., 1., 1.]), colorSpace='rgb', contrast=1.0, depth=-1.0, draggable=False, flipHoriz=False, flipVert=False, image='default.png', interpolate=True, mask=None, maskParams=None, name='image_2', opacity=1.0, ori=0.0, pos=array([0., 0.]), size=array([0.35, 0.35]), texRes=128.0, units='height', win=Window(...))
9.0224 	EXP 	window1: mouseVisible = True
9.0720 	EXP 	window1: mouseVisible = True
9.1834 	EXP 	window1: mouseVisible = True
9.2008 	EXP 	Created image_3 = ImageStim(__class__=<class 'psychopy.visual.image.ImageStim'>, anchor=('center', 'center'), autoLog=True, color=array([1., 1., 1.]), colorSpace='rgb', contrast=1.0, depth=-1.0, draggable=False, flipHoriz=False, flipVert=False, image='default.png', interpolate=True, mask=None, maskParams=None, name='image_3', opacity=1.0, ori=0.0, pos=array([0., 0.]), size=array([0.35, 0.35]), texRes=128.0, units='height', win=Window(...))
0.0154 	EXP 	movie: autoLog = True
0.0154 	EXP 	movie_2: autoLog = True
0.0154 	EXP 	movie_song: autoLog = True
0.0154 	EXP 	movie_3: autoLog = True
0.0266 	EXP 	Imported imgs/trials_fake.xlsx as conditions, 2 conditions, 3 params
0.0271 	EXP 	Created sequence: random, trialTypes=2, nReps=1, seed=None
0.0273 	EXP 	New trial (rep=0, index=0): {'timepresentation': 2, 'posx': -0.8, 'posy': 0.15}
0.1224 	EXP 	image: image = 'imgs/iceberg.png'
0.1224 	EXP 	movie: autoDraw = True
2.0102 	EXP 	image: autoDraw = True
2.4379 	EXP 	New trial (rep=0, index=1): {'timepresentation': 2, 'posx': -0.7, 'posy': 0.15}
2.4934 	EXP 	movie: autoDraw = False
2.4934 	EXP 	image: autoDraw = False
2.4934 	EXP 	image: image = 'imgs/iceberg.png'
2.4934 	EXP 	movie: autoDraw = True
4.4378 	EXP 	image: autoDraw = True
4.9069 	EXP 	movie: autoDraw = False
4.9069 	EXP 	image: autoDraw = False
4.9069 	EXP 	text: autoDraw = True
7.9057 	EXP 	Imported imgs/trials_iceberg_2.xlsx as conditions, 8 conditions, 3 params
7.9060 	EXP 	Created sequence: random, trialTypes=8, nReps=1, seed=None
7.9061 	EXP 	New trial (rep=0, index=0): {'timepresentation': 9, 'posx': 0.5, 'posy': 0.1}
7.9765 	EXP 	text: autoDraw = False
7.9765 	EXP 	image_2: image = 'imgs/iceberg.png'
7.9765 	EXP 	movie_2: autoDraw = True
7.9765 	EXP 	movie_song: autoDraw = True
16.9160 	EXP 	image_2: autoDraw = True
17.7313 	EXP 	New trial (rep=0, index=1): {'timepresentation': 12, 'posx': -0.7, 'posy': 0.15}
17.7853 	EXP 	movie_2: autoDraw = False
17.7853 	EXP 	image_2: autoDraw = False
17.7853 	EXP 	movie_song: autoDraw = False
17.7853 	EXP 	image_2: image = 'imgs/iceberg.png'
17.7853 	EXP 	movie_2: autoDraw = True
17.7853 	EXP 	movie_song: autoDraw = True
29.7378 	EXP 	image_2: autoDraw = True
31.5859 	EXP 	New trial (rep=0, index=2): {'timepresentation': 8, 'posx': -0.8, 'posy': 0.15}
31.6391 	EXP 	movie_2: autoDraw = False
31.6391 	EXP 	image_2: autoDraw = False
31.6391 	EXP 	movie_song: autoDraw = False
31.6391 	EXP 	image_2: image = 'imgs/iceberg.png'
31.6391 	EXP 	movie_2: autoDraw = True
31.6391 	EXP 	movie_song: autoDraw = True
33.0368 	EXP 	tarea_iceberg: status = STOPPED
33.0534 	EXP 	movie_2: autoDraw = False
33.0534 	EXP 	movie_song: autoDraw = False
33.0534 	EXP 	tarea_iceberg: status = STOPPED
33.1136 	EXP 	window1: mouseVisible = True
