6.1523 	WARNING 	User requested fullscreen with size [1024  768], but screen is actually [1920, 1080]. Using actual size
6.7911 	EXP 	Created window1 = Window(allowGUI=True, allowStencil=False, autoLog=True, backendConf=UNKNOWN, backgroundFit=<method-wrapper '__getattribute__' of attributeSetter object at 0x000001FD06C70D00>, backgroundImage=<method-wrapper '__getattribute__' of attributeSetter object at 0x000001FD06C70CA0>, bitsMode=UNKNOWN, blendMode='avg', bpc=(8, 8, 8), color=array([0, 0, 0]), colorSpace='rgb', depthBits=8, fullscr=<method-wrapper '__getattribute__' of attributeSetter object at 0x000001FD06C70AC0>, gamma=None, gammaErrorPolicy='raise', lms=UNKNOWN, monitor=<psychopy.monitors.calibTools.Monitor object at 0x000001FD07201CD0>, multiSample=False, name='window1', numSamples=2, pos=(0, 0), screen=0, size=array([1920, 1080]), stencilBits=0, stereo=False, title='PsychoPy', units='height', useFBO=True, useRetina=False, viewOri=0.0, viewPos=None, viewScale=None, waitBlanking=True, winType='pyglet')
6.7913 	EXP 	window1: mouseVisible = True
6.7913 	EXP 	window1: backgroundImage = ''
6.7913 	EXP 	window1: backgroundFit = 'none'
6.7936 	EXP 	window1: Attempting to measure frame rate of screen (0) ...
6.7936 	EXP 	window1: recordFrameIntervals = False
6.9567 	EXP 	window1: recordFrameIntervals = True
7.1409 	EXP 	Screen (0) actual frame rate measured at 60.02Hz
7.1409 	EXP 	window1: recordFrameIntervals = False
7.1413 	EXP 	window1: mouseVisible = False
8.5859 	EXP 	tarea_iceberg: status = STARTED
8.5879 	EXP 	window1: mouseVisible = True
8.7410 	EXP 	window1: mouseVisible = True
8.7511 	EXP 	Created image = ImageStim(__class__=<class 'psychopy.visual.image.ImageStim'>, anchor=('center', 'center'), autoLog=True, color=array([1., 1., 1.]), colorSpace='rgb', contrast=1.0, depth=-1.0, draggable=False, flipHoriz=False, flipVert=False, image='default.png', interpolate=True, mask=None, maskParams=None, name='image', opacity=1.0, ori=0.0, pos=array([0., 0.]), size=array([0.35, 0.35]), texRes=128.0, units='height', win=Window(...))
8.7514 	EXP 	window1: mouseVisible = True
8.7997 	EXP 	Created text = TextStim(__class__=<class 'psychopy.visual.text.TextStim'>, alignHoriz=method-wrapper(...), alignText='center', alignVert=method-wrapper(...), anchorHoriz='center', anchorVert='center', antialias=True, autoDraw=False, autoLog=True, bold=False, color=array([1., 1., 1.]), colorSpace='rgb', contrast=1.0, depth=0.0, draggable=False, flipHoriz=False, flipVert=False, font='Open Sans', fontFiles=[], height=0.05, italic=False, languageStyle='LTR', name='text', opacity=1.0, ori=0.0, pos=array([0., 0.]), rgb=UNKNOWN, text='¡Empezamos la segunda ronda!', units='height', win=Window(...), wrapWidth=1)
8.7998 	EXP 	window1: mouseVisible = True
8.8930 	EXP 	window1: mouseVisible = True
8.9008 	EXP 	Created image_2 = ImageStim(__class__=<class 'psychopy.visual.image.ImageStim'>, anchor=('center', 'center'), autoLog=True, color=array([1., 1., 1.]), colorSpace='rgb', contrast=1.0, depth=-1.0, draggable=False, flipHoriz=False, flipVert=False, image='default.png', interpolate=True, mask=None, maskParams=None, name='image_2', opacity=1.0, ori=0.0, pos=array([0., 0.]), size=array([0.35, 0.35]), texRes=128.0, units='height', win=Window(...))
8.9835 	EXP 	Created unnamed MovieStim3 = MovieStim3(__class__=<class 'psychopy.visual.movie3.MovieStim3'>, anchor=('center', 'center'), autoLog=True, color=UNKNOWN, colorSpace=UNKNOWN, depth=0.0, filename='imgs/song_titanic.mp4', flipHoriz=False, flipVert=False, fps=UNKNOWN, interpolate=True, loop=False, name='unnamed MovieStim3', noAudio=False, opacity=1, ori=method-wrapper(...), pos=array([0., 0.]), size=None, units='pix', vframe_callback=UNKNOWN, volume=UNKNOWN, win=Window(...))
9.9078 	WARNING 	0.9242699999995239: Video catchup needed, advancing self._nextFrameT from 0.0 to 0.041666666666666664
9.9079 	WARNING 	0.9243334000002505: Video catchup needed, advancing self._nextFrameT from 0.041666666666666664 to 0.08333333333333333
9.9079 	WARNING 	0.9243456999993214: Video catchup needed, advancing self._nextFrameT from 0.08333333333333333 to 0.125
9.9079 	WARNING 	0.9243558999987727: Video catchup needed, advancing self._nextFrameT from 0.125 to 0.16666666666666666
9.9079 	WARNING 	0.9243656999988161: Video catchup needed, advancing self._nextFrameT from 0.16666666666666666 to 0.20833333333333331
9.9079 	WARNING 	0.9243761999987328: Video catchup needed, advancing self._nextFrameT from 0.20833333333333331 to 0.24999999999999997
9.9079 	WARNING 	0.924385499998607: Video catchup needed, advancing self._nextFrameT from 0.24999999999999997 to 0.29166666666666663
9.9079 	WARNING 	0.9243945999987773: Video catchup needed, advancing self._nextFrameT from 0.29166666666666663 to 0.3333333333333333
9.9079 	WARNING 	0.9244036000000051: Video catchup needed, advancing self._nextFrameT from 0.3333333333333333 to 0.375
9.9080 	WARNING 	0.9244134000000486: Video catchup needed, advancing self._nextFrameT from 0.375 to 0.4166666666666667
9.9080 	WARNING 	Max reportNDroppedFrames reached, will not log any more dropped frames
9.9631 	EXP 	window1: mouseVisible = True
9.9674 	EXP 	Created text_2 = TextStim(__class__=<class 'psychopy.visual.text.TextStim'>, alignHoriz=method-wrapper(...), alignText='center', alignVert=method-wrapper(...), anchorHoriz='center', anchorVert='center', antialias=True, autoDraw=False, autoLog=True, bold=False, color=array([1., 1., 1.]), colorSpace='rgb', contrast=1.0, depth=0.0, draggable=False, flipHoriz=False, flipVert=False, font='Open Sans', fontFiles=[], height=0.05, italic=False, languageStyle='LTR', name='text_2', opacity=1.0, ori=0.0, pos=array([0., 0.]), rgb=UNKNOWN, text='¡empezamos la tercera ronda!', units='height', win=Window(...), wrapWidth=1)
9.9675 	EXP 	window1: mouseVisible = True
10.0667 	EXP 	window1: mouseVisible = True
10.0744 	EXP 	Created image_3 = ImageStim(__class__=<class 'psychopy.visual.image.ImageStim'>, anchor=('center', 'center'), autoLog=True, color=array([1., 1., 1.]), colorSpace='rgb', contrast=1.0, depth=-1.0, draggable=False, flipHoriz=False, flipVert=False, image='default.png', interpolate=True, mask=None, maskParams=None, name='image_3', opacity=1.0, ori=0.0, pos=array([0., 0.]), size=array([0.35, 0.35]), texRes=128.0, units='height', win=Window(...))
10.0746 	EXP 	Created unnamed MovieStim3 = MovieStim3(__class__=<class 'psychopy.visual.movie3.MovieStim3'>, anchor=('center', 'center'), autoLog=True, color=UNKNOWN, colorSpace=UNKNOWN, depth=0.0, filename='imgs/video_celine.mp4', flipHoriz=False, flipVert=False, fps=UNKNOWN, interpolate=True, loop=False, name='unnamed MovieStim3', noAudio=False, opacity=1, ori=method-wrapper(...), pos=array([0., 0.]), size=None, units='pix', vframe_callback=UNKNOWN, volume=UNKNOWN, win=Window(...))
11.3841 	WARNING 	1.3094416000003548: Video catchup needed, advancing self._nextFrameT from 0.0 to 0.03336666666666667
11.3841 	WARNING 	1.3094866999999795: Video catchup needed, advancing self._nextFrameT from 0.03336666666666667 to 0.06673333333333334
11.3841 	WARNING 	1.3094966000007844: Video catchup needed, advancing self._nextFrameT from 0.06673333333333334 to 0.10010000000000001
11.3841 	WARNING 	1.3095057000009547: Video catchup needed, advancing self._nextFrameT from 0.10010000000000001 to 0.13346666666666668
11.3841 	WARNING 	1.3095140999994328: Video catchup needed, advancing self._nextFrameT from 0.13346666666666668 to 0.16683333333333333
11.3841 	WARNING 	1.30952249999973: Video catchup needed, advancing self._nextFrameT from 0.16683333333333333 to 0.2002
11.3841 	WARNING 	1.3095300999993924: Video catchup needed, advancing self._nextFrameT from 0.2002 to 0.23356666666666664
11.3841 	WARNING 	1.3095382000010432: Video catchup needed, advancing self._nextFrameT from 0.23356666666666664 to 0.2669333333333333
11.3841 	WARNING 	1.3095465999995213: Video catchup needed, advancing self._nextFrameT from 0.2669333333333333 to 0.30029999999999996
11.3842 	WARNING 	1.3095553000002838: Video catchup needed, advancing self._nextFrameT from 0.30029999999999996 to 0.3336666666666666
11.3842 	WARNING 	Max reportNDroppedFrames reached, will not log any more dropped frames
11.7147 	EXP 	window1: mouseVisible = True
11.7189 	EXP 	Created text_3 = TextStim(__class__=<class 'psychopy.visual.text.TextStim'>, alignHoriz=method-wrapper(...), alignText='center', alignVert=method-wrapper(...), anchorHoriz='center', anchorVert='center', antialias=True, autoDraw=False, autoLog=True, bold=False, color=array([1., 1., 1.]), colorSpace='rgb', contrast=1.0, depth=0.0, draggable=False, flipHoriz=False, flipVert=False, font='Open Sans', fontFiles=[], height=0.05, italic=False, languageStyle='LTR', name='text_3', opacity=1.0, ori=0.0, pos=array([0., 0.]), rgb=UNKNOWN, text='¡última ronda!', units='height', win=Window(...), wrapWidth=1)
11.7190 	EXP 	window1: mouseVisible = True
11.8032 	EXP 	Created unnamed MovieStim3 = MovieStim3(__class__=<class 'psychopy.visual.movie3.MovieStim3'>, anchor=('center', 'center'), autoLog=True, color=UNKNOWN, colorSpace=UNKNOWN, depth=0.0, filename='imgs/video_celine.mp4', flipHoriz=False, flipVert=False, fps=UNKNOWN, interpolate=True, loop=False, name='unnamed MovieStim3', noAudio=False, opacity=1, ori=method-wrapper(...), pos=array([0.3, 0. ]), size=None, units='pix', vframe_callback=UNKNOWN, volume=UNKNOWN, win=Window(...))
13.0802 	WARNING 	1.2769600000010541: Video catchup needed, advancing self._nextFrameT from 0.0 to 0.03336666666666667
13.0803 	WARNING 	1.2770141000000876: Video catchup needed, advancing self._nextFrameT from 0.03336666666666667 to 0.06673333333333334
13.0803 	WARNING 	1.2770258000000467: Video catchup needed, advancing self._nextFrameT from 0.06673333333333334 to 0.10010000000000001
13.0803 	WARNING 	1.2770359000005556: Video catchup needed, advancing self._nextFrameT from 0.10010000000000001 to 0.13346666666666668
13.0803 	WARNING 	1.277045700000599: Video catchup needed, advancing self._nextFrameT from 0.13346666666666668 to 0.16683333333333333
13.0803 	WARNING 	1.2770700000000943: Video catchup needed, advancing self._nextFrameT from 0.16683333333333333 to 0.2002
13.0803 	WARNING 	1.2770811000009417: Video catchup needed, advancing self._nextFrameT from 0.2002 to 0.23356666666666664
13.0803 	WARNING 	1.2770904999997583: Video catchup needed, advancing self._nextFrameT from 0.23356666666666664 to 0.2669333333333333
13.0804 	WARNING 	1.2770992000005208: Video catchup needed, advancing self._nextFrameT from 0.2669333333333333 to 0.30029999999999996
13.0804 	WARNING 	1.277108300000691: Video catchup needed, advancing self._nextFrameT from 0.30029999999999996 to 0.3336666666666666
13.0804 	WARNING 	Max reportNDroppedFrames reached, will not log any more dropped frames
0.0036 	EXP 	movie: autoLog = True
0.0036 	EXP 	movie_2: autoLog = True
0.0036 	EXP 	unnamed MovieStim3: autoLog = True
0.0036 	EXP 	unnamed MovieStim3: movie = 'imgs/song_titanic.mp4'
0.0036 	EXP 	unnamed MovieStim3: ori = 0.0
0.0036 	EXP 	movie_3: autoLog = True
0.0036 	EXP 	unnamed MovieStim3: autoLog = True
0.0036 	EXP 	unnamed MovieStim3: movie = 'imgs/video_celine.mp4'
0.0036 	EXP 	unnamed MovieStim3: ori = 0.0
0.0036 	EXP 	movie_4: autoLog = True
0.0036 	EXP 	unnamed MovieStim3: autoLog = True
0.0036 	EXP 	unnamed MovieStim3: movie = 'imgs/video_celine.mp4'
0.0036 	EXP 	unnamed MovieStim3: ori = 0.0
0.0080 	EXP 	Imported imgs/trials_fake.xlsx as conditions, 2 conditions, 3 params
0.0084 	EXP 	Created sequence: random, trialTypes=2, nReps=1, seed=None
0.0085 	EXP 	New trial (rep=0, index=0): {'timepresentation': 2, 'posx': -0.8, 'posy': 0.15}
0.0397 	EXP 	image: image = 'imgs/iceberg.png'
0.0397 	EXP 	movie: autoDraw = True
2.0179 	EXP 	image: autoDraw = True
2.5667 	EXP 	New trial (rep=0, index=1): {'timepresentation': 2, 'posx': -0.7, 'posy': 0.15}
2.6154 	DATA 	Keypress: space
2.6219 	EXP 	movie: autoDraw = False
2.6219 	EXP 	image: autoDraw = False
2.6219 	EXP 	image: image = 'imgs/iceberg.png'
2.6219 	EXP 	movie: autoDraw = True
4.5792 	EXP 	image: autoDraw = True
5.0711 	DATA 	Keypress: space
5.0730 	EXP 	movie: autoDraw = False
5.0730 	EXP 	image: autoDraw = False
5.0730 	EXP 	text: autoDraw = True
6.0622 	EXP 	Imported imgs/trials_fake.xlsx as conditions, 2 conditions, 3 params
6.0626 	EXP 	Created sequence: random, trialTypes=2, nReps=1, seed=None
6.0627 	EXP 	New trial (rep=0, index=0): {'timepresentation': 2, 'posx': -0.7, 'posy': 0.15}
6.0669 	EXP 	Sound  started
6.0785 	EXP 	text: autoDraw = False
6.0785 	EXP 	text: autoDraw = False
6.0785 	EXP 	image_2: image = 'imgs/iceberg.png'
6.0785 	EXP 	Set unnamed MovieStim3 playing
6.0785 	EXP 	movie_2: autoDraw = True
8.0778 	EXP 	image_2: autoDraw = True
8.5733 	EXP 	New trial (rep=0, index=1): {'timepresentation': 2, 'posx': -0.8, 'posy': 0.15}
8.6222 	DATA 	Keypress: space
8.6282 	EXP 	movie_2: autoDraw = False
8.6282 	EXP 	image_2: autoDraw = False
8.6282 	EXP 	image_2: image = 'imgs/iceberg.png'
8.6282 	EXP 	movie_2: autoDraw = True
10.5753 	EXP 	image_2: autoDraw = True
11.0641 	EXP 	Sound  stopped
11.0662 	DATA 	Keypress: space
11.0675 	EXP 	movie_2: autoDraw = False
11.0675 	EXP 	image_2: autoDraw = False
11.0675 	EXP 	Set unnamed MovieStim3 stopped
11.0675 	EXP 	text_2: autoDraw = True
12.0589 	EXP 	Imported imgs/trials_fake.xlsx as conditions, 2 conditions, 3 params
12.0592 	EXP 	Created sequence: random, trialTypes=2, nReps=1, seed=None
12.0594 	EXP 	New trial (rep=0, index=0): {'timepresentation': 2, 'posx': -0.7, 'posy': 0.15}
12.0636 	EXP 	Sound  started
12.0979 	EXP 	text_2: autoDraw = False
12.0979 	EXP 	text_2: autoDraw = False
12.0979 	EXP 	image_3: image = 'imgs/iceberg.png'
12.0979 	EXP 	Set unnamed MovieStim3 playing
12.0979 	EXP 	movie_3: autoDraw = True
14.0803 	EXP 	image_3: autoDraw = True
14.6288 	EXP 	New trial (rep=0, index=1): {'timepresentation': 2, 'posx': -0.8, 'posy': 0.15}
14.6696 	WARNING 	3.8404560666658654: Video catchup needed, advancing self._nextFrameT from 3.670333333333341 to 3.703700000000008
14.6696 	WARNING 	3.8405195666655345: Video catchup needed, advancing self._nextFrameT from 3.703700000000008 to 3.7370666666666748
14.6697 	WARNING 	3.840548066666088: Video catchup needed, advancing self._nextFrameT from 3.7370666666666748 to 3.7704333333333415
14.6697 	WARNING 	3.840572166665879: Video catchup needed, advancing self._nextFrameT from 3.7704333333333415 to 3.8038000000000083
14.7450 	DATA 	Keypress: space
14.7551 	EXP 	movie_3: autoDraw = False
14.7551 	EXP 	image_3: autoDraw = False
14.7551 	EXP 	image_3: image = 'imgs/iceberg.png'
14.7551 	EXP 	movie_3: autoDraw = True
14.7552 	WARNING 	3.9261136666646053: Video catchup needed, advancing self._nextFrameT from 3.837166666666675 to 3.870533333333342
16.6858 	EXP 	image_3: autoDraw = True
17.0038 	WARNING 	6.174704366665537: Video catchup needed, advancing self._nextFrameT from 6.106100000000015 to 6.1394666666666815
17.2835 	EXP 	Sound  stopped
17.2853 	DATA 	Keypress: space
17.2889 	EXP 	movie_3: autoDraw = False
17.2889 	EXP 	image_3: autoDraw = False
17.2889 	EXP 	Set unnamed MovieStim3 stopped
17.2889 	EXP 	text_3: autoDraw = True
18.2894 	EXP 	Imported imgs/trials_iceberg_3.xlsx as conditions, 8 conditions, 3 params
18.2897 	EXP 	Created sequence: random, trialTypes=8, nReps=1, seed=None
18.2899 	EXP 	New trial (rep=0, index=0): {'timepresentation': 5, 'posx': -0.6, 'posy': 0.15}
18.2899 	EXP 	Sound  started
18.3141 	EXP 	text_3: autoDraw = False
18.3141 	EXP 	Set unnamed MovieStim3 playing
18.3141 	EXP 	movie_4: autoDraw = True
19.4261 	WARNING 	2.337306899999021: Video catchup needed, advancing self._nextFrameT from 2.268933333333337 to 2.302300000000004
19.7610 	WARNING 	2.672271899999032: Video catchup needed, advancing self._nextFrameT from 2.6026000000000047 to 2.6359666666666715
19.9936 	WARNING 	2.9048748000004707: Video catchup needed, advancing self._nextFrameT from 2.836166666666672 to 2.869533333333339
20.1601 	WARNING 	3.071355300000505: Video catchup needed, advancing self._nextFrameT from 3.003000000000006 to 3.0363666666666727
20.7592 	WARNING 	3.67048000000068: Video catchup needed, advancing self._nextFrameT from 3.6036000000000077 to 3.6369666666666745
22.0314 	WARNING 	4.942683999999645: Video catchup needed, advancing self._nextFrameT from 4.871533333333344 to 4.904900000000011
22.4625 	WARNING 	5.373777200000404: Video catchup needed, advancing self._nextFrameT from 5.305300000000012 to 5.338666666666679
22.7974 	WARNING 	5.70859290000044: Video catchup needed, advancing self._nextFrameT from 5.63896666666668 to 5.672333333333347
22.9976 	WARNING 	5.908826599999884: Video catchup needed, advancing self._nextFrameT from 5.839166666666681 to 5.872533333333347
23.2327 	WARNING 	6.143969900000229: Video catchup needed, advancing self._nextFrameT from 6.072733333333348 to 6.106100000000015
23.2327 	WARNING 	Max reportNDroppedFrames reached, will not log any more dropped frames
27.6906 	DATA 	Keypress: space
27.8429 	EXP 	New trial (rep=0, index=1): {'timepresentation': 10, 'posx': -0.5, 'posy': 0.15}
27.9929 	EXP 	movie_4: autoDraw = False
27.9929 	EXP 	movie_4: autoDraw = True
28.7863 	EXP 	New trial (rep=0, index=2): {'timepresentation': 6, 'posx': -0.7, 'posy': 0.15}
28.9274 	DATA 	Keypress: space
28.9332 	EXP 	movie_4: autoDraw = False
28.9332 	EXP 	movie_4: autoDraw = True
30.5413 	DATA 	Keypress: escape
30.6567 	EXP 	tarea_iceberg: status = STOPPED
30.6590 	EXP 	movie_4: autoDraw = False
30.6591 	EXP 	tarea_iceberg: status = STOPPED
30.8746 	EXP 	window1: mouseVisible = True
