4.7058 	WARNING 	User requested fullscreen with size [1024  768], but screen is actually [1920, 1080]. Using actual size
5.4012 	EXP 	Created window1 = Window(allowGUI=True, allowStencil=False, autoLog=True, backendConf=UNKNOWN, backgroundFit=<method-wrapper '__getattribute__' of attributeSetter object at 0x000001E5AC282C70>, backgroundImage=<method-wrapper '__getattribute__' of attributeSetter object at 0x000001E5AC282C10>, bitsMode=UNKNOWN, blendMode='avg', bpc=(8, 8, 8), color=array([0, 0, 0]), colorSpace='rgb', depthBits=8, fullscr=<method-wrapper '__getattribute__' of attributeSetter object at 0x000001E5AC282A30>, gamma=None, gammaErrorPolicy='raise', lms=UNKNOWN, monitor=<psychopy.monitors.calibTools.Monitor object at 0x000001E5AC7C1B20>, multiSample=False, name='window1', numSamples=2, pos=(0, 0), screen=0, size=array([1920, 1080]), stencilBits=0, stereo=False, title='PsychoPy', units='height', useFBO=True, useRetina=False, viewOri=0.0, viewPos=None, viewScale=None, waitBlanking=True, winType='pyglet')
5.4013 	EXP 	window1: mouseVisible = True
5.4013 	EXP 	window1: backgroundImage = ''
5.4014 	EXP 	window1: backgroundFit = 'none'
5.4038 	EXP 	window1: Attempting to measure frame rate of screen (0) ...
5.4038 	EXP 	window1: recordFrameIntervals = False
5.5673 	EXP 	window1: recordFrameIntervals = True
5.7511 	EXP 	Screen (0) actual frame rate measured at 60.03Hz
5.7511 	EXP 	window1: recordFrameIntervals = False
5.7515 	EXP 	window1: mouseVisible = False
7.1968 	EXP 	tarea_iceberg: status = STARTED
7.1988 	EXP 	window1: mouseVisible = True
7.3533 	EXP 	window1: mouseVisible = True
7.3645 	EXP 	Created image = ImageStim(__class__=<class 'psychopy.visual.image.ImageStim'>, anchor=('center', 'center'), autoLog=True, color=array([1., 1., 1.]), colorSpace='rgb', contrast=1.0, depth=-1.0, draggable=False, flipHoriz=False, flipVert=False, image='default.png', interpolate=True, mask=None, maskParams=None, name='image', opacity=1.0, ori=0.0, pos=array([0., 0.]), size=array([0.35, 0.35]), texRes=128.0, units='height', win=Window(...))
7.3648 	EXP 	window1: mouseVisible = True
7.4139 	EXP 	Created text = TextStim(__class__=<class 'psychopy.visual.text.TextStim'>, alignHoriz=method-wrapper(...), alignText='center', alignVert=method-wrapper(...), anchorHoriz='center', anchorVert='center', antialias=True, autoDraw=False, autoLog=True, bold=False, color=array([1., 1., 1.]), colorSpace='rgb', contrast=1.0, depth=0.0, draggable=False, flipHoriz=False, flipVert=False, font='Open Sans', fontFiles=[], height=0.05, italic=False, languageStyle='LTR', name='text', opacity=1.0, ori=0.0, pos=array([0., 0.]), rgb=UNKNOWN, text='¡Empezamos la segunda ronda!', units='height', win=Window(...), wrapWidth=1)
7.4140 	EXP 	window1: mouseVisible = True
7.5132 	EXP 	window1: mouseVisible = True
7.5209 	EXP 	Created image_2 = ImageStim(__class__=<class 'psychopy.visual.image.ImageStim'>, anchor=('center', 'center'), autoLog=True, color=array([1., 1., 1.]), colorSpace='rgb', contrast=1.0, depth=-1.0, draggable=False, flipHoriz=False, flipVert=False, image='default.png', interpolate=True, mask=None, maskParams=None, name='image_2', opacity=1.0, ori=0.0, pos=array([0., 0.]), size=array([0.35, 0.35]), texRes=128.0, units='height', win=Window(...))
7.6058 	EXP 	Created unnamed MovieStim3 = MovieStim3(__class__=<class 'psychopy.visual.movie3.MovieStim3'>, anchor=('center', 'center'), autoLog=True, color=UNKNOWN, colorSpace=UNKNOWN, depth=0.0, filename='imgs/song_titanic.mp4', flipHoriz=False, flipVert=False, fps=UNKNOWN, interpolate=True, loop=False, name='unnamed MovieStim3', noAudio=False, opacity=1, ori=method-wrapper(...), pos=array([0., 0.]), size=None, units='pix', vframe_callback=UNKNOWN, volume=UNKNOWN, win=Window(...))
8.5246 	WARNING 	0.9187665000008565: Video catchup needed, advancing self._nextFrameT from 0.0 to 0.041666666666666664
8.5246 	WARNING 	0.9188154000003124: Video catchup needed, advancing self._nextFrameT from 0.041666666666666664 to 0.08333333333333333
8.5246 	WARNING 	0.9188262000006944: Video catchup needed, advancing self._nextFrameT from 0.08333333333333333 to 0.125
8.5246 	WARNING 	0.9188350000003993: Video catchup needed, advancing self._nextFrameT from 0.125 to 0.16666666666666666
8.5246 	WARNING 	0.9188448000004428: Video catchup needed, advancing self._nextFrameT from 0.16666666666666666 to 0.20833333333333331
8.5246 	WARNING 	0.9188618000007409: Video catchup needed, advancing self._nextFrameT from 0.20833333333333331 to 0.24999999999999997
8.5247 	WARNING 	0.918870200001038: Video catchup needed, advancing self._nextFrameT from 0.24999999999999997 to 0.29166666666666663
8.5247 	WARNING 	0.9188783000008698: Video catchup needed, advancing self._nextFrameT from 0.29166666666666663 to 0.3333333333333333
8.5247 	WARNING 	0.9188892000001943: Video catchup needed, advancing self._nextFrameT from 0.3333333333333333 to 0.375
8.5247 	WARNING 	0.9188972000010835: Video catchup needed, advancing self._nextFrameT from 0.375 to 0.4166666666666667
8.5247 	WARNING 	Max reportNDroppedFrames reached, will not log any more dropped frames
8.5549 	EXP 	window1: mouseVisible = True
8.5587 	EXP 	Created text_2 = TextStim(__class__=<class 'psychopy.visual.text.TextStim'>, alignHoriz=method-wrapper(...), alignText='center', alignVert=method-wrapper(...), anchorHoriz='center', anchorVert='center', antialias=True, autoDraw=False, autoLog=True, bold=False, color=array([1., 1., 1.]), colorSpace='rgb', contrast=1.0, depth=0.0, draggable=False, flipHoriz=False, flipVert=False, font='Open Sans', fontFiles=[], height=0.05, italic=False, languageStyle='LTR', name='text_2', opacity=1.0, ori=0.0, pos=array([0., 0.]), rgb=UNKNOWN, text='¡empezamos la tercera ronda!', units='height', win=Window(...), wrapWidth=1)
8.5588 	EXP 	window1: mouseVisible = True
8.6568 	EXP 	window1: mouseVisible = True
8.6644 	EXP 	Created image_3 = ImageStim(__class__=<class 'psychopy.visual.image.ImageStim'>, anchor=('center', 'center'), autoLog=True, color=array([1., 1., 1.]), colorSpace='rgb', contrast=1.0, depth=-1.0, draggable=False, flipHoriz=False, flipVert=False, image='default.png', interpolate=True, mask=None, maskParams=None, name='image_3', opacity=1.0, ori=0.0, pos=array([0., 0.]), size=array([0.35, 0.35]), texRes=128.0, units='height', win=Window(...))
8.6646 	EXP 	Created unnamed MovieStim3 = MovieStim3(__class__=<class 'psychopy.visual.movie3.MovieStim3'>, anchor=('center', 'center'), autoLog=True, color=UNKNOWN, colorSpace=UNKNOWN, depth=0.0, filename='imgs/video_celine.mp4', flipHoriz=False, flipVert=False, fps=UNKNOWN, interpolate=True, loop=False, name='unnamed MovieStim3', noAudio=False, opacity=1, ori=method-wrapper(...), pos=array([0., 0.]), size=None, units='pix', vframe_callback=UNKNOWN, volume=UNKNOWN, win=Window(...))
9.9164 	WARNING 	1.2517991999993683: Video catchup needed, advancing self._nextFrameT from 0.0 to 0.03336666666666667
9.9165 	WARNING 	1.2518425999987812: Video catchup needed, advancing self._nextFrameT from 0.03336666666666667 to 0.06673333333333334
9.9165 	WARNING 	1.2518530999986979: Video catchup needed, advancing self._nextFrameT from 0.06673333333333334 to 0.10010000000000001
9.9165 	WARNING 	1.251862399998572: Video catchup needed, advancing self._nextFrameT from 0.10010000000000001 to 0.13346666666666668
9.9165 	WARNING 	1.2518803000002663: Video catchup needed, advancing self._nextFrameT from 0.13346666666666668 to 0.16683333333333333
9.9165 	WARNING 	1.2518891999989137: Video catchup needed, advancing self._nextFrameT from 0.16683333333333333 to 0.2002
9.9165 	WARNING 	1.2518978999996762: Video catchup needed, advancing self._nextFrameT from 0.2002 to 0.23356666666666664
9.9165 	WARNING 	1.251906699999381: Video catchup needed, advancing self._nextFrameT from 0.23356666666666664 to 0.2669333333333333
9.9165 	WARNING 	1.2519147000002704: Video catchup needed, advancing self._nextFrameT from 0.2669333333333333 to 0.30029999999999996
9.9165 	WARNING 	1.2519235999989178: Video catchup needed, advancing self._nextFrameT from 0.30029999999999996 to 0.3336666666666666
9.9165 	WARNING 	Max reportNDroppedFrames reached, will not log any more dropped frames
10.2527 	EXP 	window1: mouseVisible = True
10.2571 	EXP 	Created text_3 = TextStim(__class__=<class 'psychopy.visual.text.TextStim'>, alignHoriz=method-wrapper(...), alignText='center', alignVert=method-wrapper(...), anchorHoriz='center', anchorVert='center', antialias=True, autoDraw=False, autoLog=True, bold=False, color=array([1., 1., 1.]), colorSpace='rgb', contrast=1.0, depth=0.0, draggable=False, flipHoriz=False, flipVert=False, font='Open Sans', fontFiles=[], height=0.05, italic=False, languageStyle='LTR', name='text_3', opacity=1.0, ori=0.0, pos=array([0., 0.]), rgb=UNKNOWN, text='¡última ronda!', units='height', win=Window(...), wrapWidth=1)
10.2572 	EXP 	window1: mouseVisible = True
10.3420 	EXP 	Created unnamed MovieStim3 = MovieStim3(__class__=<class 'psychopy.visual.movie3.MovieStim3'>, anchor=('center', 'center'), autoLog=True, color=UNKNOWN, colorSpace=UNKNOWN, depth=0.0, filename='imgs/video_celine.mp4', flipHoriz=False, flipVert=False, fps=UNKNOWN, interpolate=True, loop=False, name='unnamed MovieStim3', noAudio=False, opacity=1, ori=method-wrapper(...), pos=array([0., 0.]), size=None, units='pix', vframe_callback=UNKNOWN, volume=UNKNOWN, win=Window(...))
11.5859 	WARNING 	1.2438438999997743: Video catchup needed, advancing self._nextFrameT from 0.0 to 0.03336666666666667
11.5859 	WARNING 	1.2438927999992302: Video catchup needed, advancing self._nextFrameT from 0.03336666666666667 to 0.06673333333333334
11.5859 	WARNING 	1.2439056999992317: Video catchup needed, advancing self._nextFrameT from 0.06673333333333334 to 0.10010000000000001
11.5860 	WARNING 	1.2439166000003752: Video catchup needed, advancing self._nextFrameT from 0.10010000000000001 to 0.13346666666666668
11.5860 	WARNING 	1.2439264999993611: Video catchup needed, advancing self._nextFrameT from 0.13346666666666668 to 0.16683333333333333
11.5860 	WARNING 	1.2439362000004621: Video catchup needed, advancing self._nextFrameT from 0.16683333333333333 to 0.2002
11.5860 	WARNING 	1.243947400000252: Video catchup needed, advancing self._nextFrameT from 0.2002 to 0.23356666666666664
11.5860 	WARNING 	1.2439563000007183: Video catchup needed, advancing self._nextFrameT from 0.23356666666666664 to 0.2669333333333333
11.5860 	WARNING 	1.2439649999996618: Video catchup needed, advancing self._nextFrameT from 0.2669333333333333 to 0.30029999999999996
11.5860 	WARNING 	1.2439739000001282: Video catchup needed, advancing self._nextFrameT from 0.30029999999999996 to 0.3336666666666666
11.5860 	WARNING 	Max reportNDroppedFrames reached, will not log any more dropped frames
0.0033 	EXP 	movie: autoLog = True
0.0033 	EXP 	movie_2: autoLog = True
0.0033 	EXP 	unnamed MovieStim3: autoLog = True
0.0033 	EXP 	unnamed MovieStim3: movie = 'imgs/song_titanic.mp4'
0.0033 	EXP 	unnamed MovieStim3: ori = 0.0
0.0033 	EXP 	movie_3: autoLog = True
0.0033 	EXP 	unnamed MovieStim3: autoLog = True
0.0033 	EXP 	unnamed MovieStim3: movie = 'imgs/video_celine.mp4'
0.0033 	EXP 	unnamed MovieStim3: ori = 0.0
0.0033 	EXP 	movie_4: autoLog = True
0.0033 	EXP 	unnamed MovieStim3: autoLog = True
0.0033 	EXP 	unnamed MovieStim3: movie = 'imgs/video_celine.mp4'
0.0033 	EXP 	unnamed MovieStim3: ori = 0.0
0.0080 	EXP 	Imported imgs/trials_fake.xlsx as conditions, 2 conditions, 3 params
0.0084 	EXP 	Created sequence: random, trialTypes=2, nReps=1, seed=None
0.0085 	EXP 	New trial (rep=0, index=0): {'timepresentation': 2, 'posx': -0.8, 'posy': 0.15}
0.0383 	EXP 	image: image = 'imgs/iceberg.png'
0.0383 	EXP 	movie: autoDraw = True
2.0055 	EXP 	image: autoDraw = True
2.4861 	EXP 	New trial (rep=0, index=1): {'timepresentation': 2, 'posx': -0.7, 'posy': 0.15}
2.5364 	DATA 	Keypress: space
2.5429 	EXP 	movie: autoDraw = False
2.5429 	EXP 	image: autoDraw = False
2.5429 	EXP 	image: image = 'imgs/iceberg.png'
2.5429 	EXP 	movie: autoDraw = True
4.4857 	EXP 	image: autoDraw = True
5.0715 	DATA 	Keypress: space
5.0742 	EXP 	movie: autoDraw = False
5.0742 	EXP 	image: autoDraw = False
5.0742 	EXP 	text: autoDraw = True
6.0694 	EXP 	Imported imgs/trials_fake.xlsx as conditions, 2 conditions, 3 params
6.0697 	EXP 	Created sequence: random, trialTypes=2, nReps=1, seed=None
6.0698 	EXP 	New trial (rep=0, index=0): {'timepresentation': 2, 'posx': -0.8, 'posy': 0.15}
6.0743 	EXP 	Sound  started
6.1210 	EXP 	text: autoDraw = False
6.1210 	EXP 	text: autoDraw = False
6.1210 	EXP 	image_2: image = 'imgs/iceberg.png'
6.1210 	EXP 	Set unnamed MovieStim3 playing
6.1210 	EXP 	movie_2: autoDraw = True
8.0834 	EXP 	image_2: autoDraw = True
8.6933 	EXP 	New trial (rep=0, index=1): {'timepresentation': 2, 'posx': -0.7, 'posy': 0.15}
8.7426 	DATA 	Keypress: space
8.7483 	EXP 	movie_2: autoDraw = False
8.7483 	EXP 	image_2: autoDraw = False
8.7483 	EXP 	image_2: image = 'imgs/iceberg.png'
8.7483 	EXP 	movie_2: autoDraw = True
10.7000 	EXP 	image_2: autoDraw = True
11.0339 	DATA 	Keypress: space
11.1785 	EXP 	Sound  stopped
11.1817 	EXP 	movie_2: autoDraw = False
11.1817 	EXP 	image_2: autoDraw = False
11.1817 	EXP 	Set unnamed MovieStim3 stopped
11.1817 	EXP 	text_2: autoDraw = True
12.1821 	EXP 	Imported imgs/trials_fake.xlsx as conditions, 2 conditions, 3 params
12.1824 	EXP 	Created sequence: random, trialTypes=2, nReps=1, seed=None
12.1825 	EXP 	New trial (rep=0, index=0): {'timepresentation': 2, 'posx': -0.8, 'posy': 0.15}
12.1870 	EXP 	Sound  started
12.2134 	EXP 	text_2: autoDraw = False
12.2134 	EXP 	text_2: autoDraw = False
12.2134 	EXP 	image_3: image = 'imgs/iceberg.png'
12.2134 	EXP 	Set unnamed MovieStim3 playing
12.2134 	EXP 	movie_3: autoDraw = True
14.2022 	EXP 	image_3: autoDraw = True
15.0232 	EXP 	New trial (rep=0, index=1): {'timepresentation': 2, 'posx': -0.7, 'posy': 0.15}
15.0636 	WARNING 	4.044474533333414: Video catchup needed, advancing self._nextFrameT from 3.9039000000000086 to 3.9372666666666754
15.0637 	WARNING 	4.044527333333463: Video catchup needed, advancing self._nextFrameT from 3.9372666666666754 to 3.970633333333342
15.0637 	WARNING 	4.04454643333338: Video catchup needed, advancing self._nextFrameT from 3.970633333333342 to 4.004000000000008
15.1396 	DATA 	Keypress: space
15.1501 	EXP 	movie_3: autoDraw = False
15.1501 	EXP 	image_3: autoDraw = False
15.1501 	EXP 	image_3: image = 'imgs/iceberg.png'
15.1501 	EXP 	movie_3: autoDraw = True
15.1502 	WARNING 	4.131085733333748: Video catchup needed, advancing self._nextFrameT from 4.037366666666675 to 4.070733333333342
17.0639 	EXP 	image_3: autoDraw = True
17.3604 	DATA 	Keypress: space
17.5196 	EXP 	Sound  stopped
17.5249 	EXP 	movie_3: autoDraw = False
17.5249 	EXP 	image_3: autoDraw = False
17.5249 	EXP 	Set unnamed MovieStim3 stopped
17.5249 	EXP 	text_3: autoDraw = True
18.5299 	EXP 	Imported imgs/trials_iceberg_3.xlsx as conditions, 8 conditions, 3 params
18.5303 	EXP 	Created sequence: random, trialTypes=8, nReps=1, seed=None
18.5304 	EXP 	New trial (rep=0, index=0): {'timepresentation': 10, 'posx': -0.5, 'posy': 0.15}
18.5305 	EXP 	Sound  started
18.5693 	EXP 	text_3: autoDraw = False
18.5693 	EXP 	Set unnamed MovieStim3 playing
18.5693 	EXP 	movie_4: autoDraw = True
21.1665 	WARNING 	3.8038229333342315: Video catchup needed, advancing self._nextFrameT from 3.7370666666666748 to 3.7704333333333415
21.6058 	WARNING 	4.243096933332708: Video catchup needed, advancing self._nextFrameT from 4.170833333333342 to 4.204200000000009
22.0040 	WARNING 	4.641353433333279: Video catchup needed, advancing self._nextFrameT from 4.5712333333333435 to 4.60460000000001
22.6018 	WARNING 	5.239098733332867: Video catchup needed, advancing self._nextFrameT from 5.171833333333345 to 5.205200000000012
22.7710 	WARNING 	5.408284533334154: Video catchup needed, advancing self._nextFrameT from 5.338666666666679 to 5.372033333333346
22.9730 	WARNING 	5.610355233333394: Video catchup needed, advancing self._nextFrameT from 5.53886666666668 to 5.5722333333333465
23.1704 	WARNING 	5.807737433333386: Video catchup needed, advancing self._nextFrameT from 5.73906666666668 to 5.772433333333347
23.5711 	WARNING 	6.208400433333736: Video catchup needed, advancing self._nextFrameT from 6.1394666666666815 to 6.172833333333348
23.8032 	WARNING 	6.440489633332618: Video catchup needed, advancing self._nextFrameT from 6.373033333333349 to 6.406400000000016
24.1711 	WARNING 	6.8083862333332945: Video catchup needed, advancing self._nextFrameT from 6.740066666666683 to 6.77343333333335
24.1711 	WARNING 	Max reportNDroppedFrames reached, will not log any more dropped frames
24.8484 	DATA 	Keypress: escape
24.9465 	EXP 	tarea_iceberg: status = STOPPED
24.9547 	EXP 	movie_4: autoDraw = False
24.9553 	EXP 	tarea_iceberg: status = STOPPED
25.1282 	EXP 	window1: mouseVisible = True
