56.0005 	WARNING 	User requested fullscreen with size [1536  864], but screen is actually [1920, 1080]. Using actual size
56.8008 	EXP 	Created window1 = Window(allowGUI=True, allowStencil=False, autoLog=True, backendConf=UNKNOWN, backgroundFit=<method-wrapper '__getattribute__' of attributeSetter object at 0x000002263C133CA0>, backgroundImage=<method-wrapper '__getattribute__' of attributeSetter object at 0x000002263C133C40>, bitsMode=UNKNOWN, blendMode='avg', bpc=(8, 8, 8), color=array([0, 0, 0]), colorSpace='rgb', depthBits=8, fullscr=<method-wrapper '__getattribute__' of attributeSetter object at 0x000002263C133A90>, gamma=None, gammaErrorPolicy='raise', lms=UNKNOWN, monitor=<psychopy.monitors.calibTools.Monitor object at 0x000002263C4FBD30>, multiSample=False, name='window1', numSamples=2, pos=(1920, 789), screen=0, size=array([1920, 1080]), stencilBits=0, stereo=False, title='PsychoPy', units='height', useFBO=True, useRetina=False, viewOri=0.0, viewPos=None, viewScale=None, waitBlanking=True, winType='pyglet')
56.8010 	EXP 	window1: mouseVisible = True
56.8010 	EXP 	window1: backgroundImage = ''
56.8010 	EXP 	window1: backgroundFit = 'none'
56.8038 	EXP 	window1: Attempting to measure frame rate of screen (0) ...
56.8038 	EXP 	window1: recordFrameIntervals = False
56.9669 	EXP 	window1: recordFrameIntervals = True
57.2502 	EXP 	Screen (0) actual frame rate measured at 59.95Hz
57.2503 	EXP 	window1: recordFrameIntervals = False
57.2504 	EXP 	window1: mouseVisible = False
59.0391 	EXP 	tarea_iceberg: status = STARTED
59.0393 	EXP 	window1: mouseVisible = True
59.0398 	WARNING 	Requested image 'imgs/logo_OB.jpeg' not found but similar filename 'imgs/logo_OB.png' exists. This will be used instead but changing the filename is advised.
59.0449 	WARNING 	Requested image 'imgs/logo_OB.jpeg' not found but similar filename 'imgs/logo_OB.png' exists. This will be used instead but changing the filename is advised.
59.0489 	WARNING 	Requested image 'imgs/logo_OB.jpeg' not found but similar filename 'imgs/logo_OB.png' exists. This will be used instead but changing the filename is advised.
59.0524 	WARNING 	Requested image 'imgs/logo_OB.jpeg' not found but similar filename 'imgs/logo_OB.png' exists. This will be used instead but changing the filename is advised.
59.0567 	EXP 	Created image_5 = ImageStim(__class__=<class 'psychopy.visual.image.ImageStim'>, anchor=('center', 'center'), autoLog=True, color=array([1., 1., 1.]), colorSpace='rgb', contrast=1.0, depth=0.0, draggable=False, flipHoriz=False, flipVert=False, image='imgs/logo_OB.jpeg', interpolate=True, mask=None, maskParams=None, name='image_5', opacity=1.0, ori=0.0, pos=array([0., 0.]), size=array([0.6, 0.7]), texRes=128.0, units='height', win=Window(...))
59.0569 	EXP 	window1: mouseVisible = True
59.1139 	EXP 	Created text_6 = TextStim(__class__=<class 'psychopy.visual.text.TextStim'>, alignHoriz=method-wrapper(...), alignText='center', alignVert=method-wrapper(...), anchorHoriz='center', anchorVert='center', antialias=True, autoDraw=False, autoLog=True, bold=False, color=array([1., 1., 1.]), colorSpace='rgb', contrast=1.0, depth=-1.0, draggable=False, flipHoriz=False, flipVert=False, font='Open Sans', fontFiles=[], height=0.04, italic=False, languageStyle='LTR', name='text_6', opacity=1.0, ori=0.0, pos=array([ 0.  , -0.35]), rgb=UNKNOWN, text='¡Bienvenido a un experimento de Open Brains!', units='height', win=Window(...), wrapWidth=1)
59.1140 	EXP 	window1: mouseVisible = True
59.1307 	EXP 	Created text_5 = TextStim(__class__=<class 'psychopy.visual.text.TextStim'>, alignHoriz=method-wrapper(...), alignText='center', alignVert=method-wrapper(...), anchorHoriz='center', anchorVert='center', antialias=True, autoDraw=False, autoLog=True, bold=False, color=array([1., 1., 1.]), colorSpace='rgb', contrast=1.0, depth=0.0, draggable=False, flipHoriz=False, flipVert=False, font='Open Sans', fontFiles=[], height=0.035, italic=False, languageStyle='LTR', name='text_5', opacity=1.0, ori=0.0, pos=array([0., 0.]), rgb=UNKNOWN, text=str(...), units='height', win=Window(...), wrapWidth=1)
59.1309 	EXP 	window1: mouseVisible = True
59.1320 	EXP 	Created text_7 = TextStim(__class__=<class 'psychopy.visual.text.TextStim'>, alignHoriz=method-wrapper(...), alignText='center', alignVert=method-wrapper(...), anchorHoriz='center', anchorVert='center', antialias=True, autoDraw=False, autoLog=True, bold=False, color=array([1., 1., 1.]), colorSpace='rgb', contrast=1.0, depth=0.0, draggable=False, flipHoriz=False, flipVert=False, font='Open Sans', fontFiles=[], height=0.05, italic=False, languageStyle='LTR', name='text_7', opacity=1.0, ori=0.0, pos=array([0., 0.]), rgb=UNKNOWN, text='', units='height', win=Window(...), wrapWidth=1)
59.1321 	EXP 	window1: mouseVisible = True
59.1400 	EXP 	Created image = ImageStim(__class__=<class 'psychopy.visual.image.ImageStim'>, anchor=('center', 'center'), autoLog=True, color=array([1., 1., 1.]), colorSpace='rgb', contrast=1.0, depth=-1.0, draggable=False, flipHoriz=False, flipVert=False, image='default.png', interpolate=True, mask=None, maskParams=None, name='image', opacity=1.0, ori=0.0, pos=array([0., 0.]), size=array([0.35, 0.35]), texRes=128.0, units='height', win=Window(...))
59.2472 	EXP 	Created unnamed MovieStim3 = MovieStim3(__class__=<class 'psychopy.visual.movie3.MovieStim3'>, anchor=('center', 'center'), autoLog=True, color=UNKNOWN, colorSpace=UNKNOWN, depth=0.0, filename='imgs/video_mar_luis.mp4', flipHoriz=False, flipVert=False, fps=UNKNOWN, interpolate=True, loop=True, name='unnamed MovieStim3', noAudio=False, opacity=1, ori=method-wrapper(...), pos=array([0., 0.]), size=None, units='pix', vframe_callback=UNKNOWN, volume=UNKNOWN, win=Window(...))
60.4931 	WARNING 	1.2458596000215039: Video catchup needed, advancing self._nextFrameT from 0.0 to 0.03333333333333333
60.4931 	WARNING 	1.2458919000346214: Video catchup needed, advancing self._nextFrameT from 0.03333333333333333 to 0.06666666666666667
60.4931 	WARNING 	1.2459044000133872: Video catchup needed, advancing self._nextFrameT from 0.06666666666666667 to 0.1
60.4931 	WARNING 	1.2459192000096664: Video catchup needed, advancing self._nextFrameT from 0.1 to 0.13333333333333333
60.4931 	WARNING 	1.2459287999663502: Video catchup needed, advancing self._nextFrameT from 0.13333333333333333 to 0.16666666666666666
60.4932 	WARNING 	1.245937900035642: Video catchup needed, advancing self._nextFrameT from 0.16666666666666666 to 0.19999999999999998
60.4932 	WARNING 	1.2459471999900416: Video catchup needed, advancing self._nextFrameT from 0.19999999999999998 to 0.2333333333333333
60.4932 	WARNING 	1.2459565999452025: Video catchup needed, advancing self._nextFrameT from 0.2333333333333333 to 0.26666666666666666
60.4932 	WARNING 	1.2459657000144944: Video catchup needed, advancing self._nextFrameT from 0.26666666666666666 to 0.3
60.4932 	WARNING 	1.2459753999719396: Video catchup needed, advancing self._nextFrameT from 0.3 to 0.3333333333333333
60.4932 	WARNING 	Max reportNDroppedFrames reached, will not log any more dropped frames
60.7934 	EXP 	window1: mouseVisible = True
60.8029 	EXP 	Created image_2 = ImageStim(__class__=<class 'psychopy.visual.image.ImageStim'>, anchor=('center', 'center'), autoLog=True, color=array([1., 1., 1.]), colorSpace='rgb', contrast=1.0, depth=-1.0, draggable=False, flipHoriz=False, flipVert=False, image='default.png', interpolate=True, mask=None, maskParams=None, name='image_2', opacity=1.0, ori=0.0, pos=array([0., 0.]), size=array([0.35, 0.35]), texRes=128.0, units='height', win=Window(...))
60.8031 	EXP 	Created unnamed MovieStim3 = MovieStim3(__class__=<class 'psychopy.visual.movie3.MovieStim3'>, anchor=('center', 'center'), autoLog=True, color=UNKNOWN, colorSpace=UNKNOWN, depth=0.0, filename='imgs/song_titanic.mp4', flipHoriz=False, flipVert=False, fps=UNKNOWN, interpolate=True, loop=False, name='unnamed MovieStim3', noAudio=False, opacity=1, ori=method-wrapper(...), pos=array([0., 0.]), size=None, units='pix', vframe_callback=UNKNOWN, volume=UNKNOWN, win=Window(...))
61.5855 	WARNING 	0.7823942999821156: Video catchup needed, advancing self._nextFrameT from 0.0 to 0.041666666666666664
61.5855 	WARNING 	0.7824237999739125: Video catchup needed, advancing self._nextFrameT from 0.041666666666666664 to 0.08333333333333333
61.5855 	WARNING 	0.7824337999336421: Video catchup needed, advancing self._nextFrameT from 0.08333333333333333 to 0.125
61.5856 	WARNING 	0.782441999996081: Video catchup needed, advancing self._nextFrameT from 0.125 to 0.16666666666666666
61.5856 	WARNING 	0.7824501999421045: Video catchup needed, advancing self._nextFrameT from 0.16666666666666666 to 0.20833333333333331
61.5856 	WARNING 	0.782458100002259: Video catchup needed, advancing self._nextFrameT from 0.20833333333333331 to 0.24999999999999997
61.5856 	WARNING 	0.7824659999459982: Video catchup needed, advancing self._nextFrameT from 0.24999999999999997 to 0.29166666666666663
61.5856 	WARNING 	0.7824735000031069: Video catchup needed, advancing self._nextFrameT from 0.29166666666666663 to 0.3333333333333333
61.5856 	WARNING 	0.7824810999445617: Video catchup needed, advancing self._nextFrameT from 0.3333333333333333 to 0.375
61.5856 	WARNING 	0.782488500000909: Video catchup needed, advancing self._nextFrameT from 0.375 to 0.4166666666666667
61.5856 	WARNING 	Max reportNDroppedFrames reached, will not log any more dropped frames
61.5979 	EXP 	Created unnamed MovieStim3 = MovieStim3(__class__=<class 'psychopy.visual.movie3.MovieStim3'>, anchor=('center', 'center'), autoLog=True, color=UNKNOWN, colorSpace=UNKNOWN, depth=0.0, filename='imgs/titanic_spanish.mp4', flipHoriz=False, flipVert=False, fps=UNKNOWN, interpolate=True, loop=False, name='unnamed MovieStim3', noAudio=False, opacity=1, ori=method-wrapper(...), pos=array([0., 0.]), size=None, units='pix', vframe_callback=UNKNOWN, volume=UNKNOWN, win=Window(...))
62.7562 	WARNING 	1.1582504999823868: Video catchup needed, advancing self._nextFrameT from 0.0 to 0.04
62.7562 	WARNING 	1.1582801999757066: Video catchup needed, advancing self._nextFrameT from 0.04 to 0.08
62.7562 	WARNING 	1.1582897000480443: Video catchup needed, advancing self._nextFrameT from 0.08 to 0.12
62.7562 	WARNING 	1.1582978999940678: Video catchup needed, advancing self._nextFrameT from 0.12 to 0.16
62.7562 	WARNING 	1.1583058000542223: Video catchup needed, advancing self._nextFrameT from 0.16 to 0.2
62.7562 	WARNING 	1.1583134999964386: Video catchup needed, advancing self._nextFrameT from 0.2 to 0.24000000000000002
62.7562 	WARNING 	1.1583224000642076: Video catchup needed, advancing self._nextFrameT from 0.24000000000000002 to 0.28
62.7562 	WARNING 	1.1583302000071853: Video catchup needed, advancing self._nextFrameT from 0.28 to 0.32
62.7562 	WARNING 	1.158337900065817: Video catchup needed, advancing self._nextFrameT from 0.32 to 0.36
62.7562 	WARNING 	1.1583454000065103: Video catchup needed, advancing self._nextFrameT from 0.36 to 0.39999999999999997
62.7563 	WARNING 	Max reportNDroppedFrames reached, will not log any more dropped frames
62.7817 	EXP 	window1: mouseVisible = True
62.7902 	EXP 	Created image_3 = ImageStim(__class__=<class 'psychopy.visual.image.ImageStim'>, anchor=('center', 'center'), autoLog=True, color=array([1., 1., 1.]), colorSpace='rgb', contrast=1.0, depth=-3.0, draggable=False, flipHoriz=False, flipVert=False, image='default.png', interpolate=True, mask=None, maskParams=None, name='image_3', opacity=1.0, ori=0.0, pos=array([0., 0.]), size=array([0.35, 0.35]), texRes=128.0, units='height', win=Window(...))
62.7905 	EXP 	Created unnamed MovieStim3 = MovieStim3(__class__=<class 'psychopy.visual.movie3.MovieStim3'>, anchor=('center', 'center'), autoLog=True, color=UNKNOWN, colorSpace=UNKNOWN, depth=0.0, filename='imgs/titanic_spanish.mp4', flipHoriz=False, flipVert=False, fps=UNKNOWN, interpolate=True, loop=False, name='unnamed MovieStim3', noAudio=False, opacity=1, ori=method-wrapper(...), pos=array([0., 0.]), size=None, units='pix', vframe_callback=UNKNOWN, volume=UNKNOWN, win=Window(...))
63.9710 	WARNING 	1.180534000042826: Video catchup needed, advancing self._nextFrameT from 0.0 to 0.04
63.9710 	WARNING 	1.180564200039953: Video catchup needed, advancing self._nextFrameT from 0.04 to 0.08
63.9710 	WARNING 	1.180573399993591: Video catchup needed, advancing self._nextFrameT from 0.08 to 0.12
63.9711 	WARNING 	1.1805818000575528: Video catchup needed, advancing self._nextFrameT from 0.12 to 0.16
63.9711 	WARNING 	1.1805903000058606: Video catchup needed, advancing self._nextFrameT from 0.16 to 0.2
63.9711 	WARNING 	1.1805977000622079: Video catchup needed, advancing self._nextFrameT from 0.2 to 0.24000000000000002
63.9711 	WARNING 	1.1806094000348821: Video catchup needed, advancing self._nextFrameT from 0.24000000000000002 to 0.28
63.9711 	WARNING 	1.1806173000950366: Video catchup needed, advancing self._nextFrameT from 0.28 to 0.32
63.9711 	WARNING 	1.1806253000395373: Video catchup needed, advancing self._nextFrameT from 0.32 to 0.36
63.9711 	WARNING 	1.1806327000958845: Video catchup needed, advancing self._nextFrameT from 0.36 to 0.39999999999999997
63.9711 	WARNING 	Max reportNDroppedFrames reached, will not log any more dropped frames
64.0005 	EXP 	Created unnamed MovieStim3 = MovieStim3(__class__=<class 'psychopy.visual.movie3.MovieStim3'>, anchor=('center', 'center'), autoLog=True, color=UNKNOWN, colorSpace=UNKNOWN, depth=0.0, filename='imgs/titanic.mp4', flipHoriz=False, flipVert=False, fps=UNKNOWN, interpolate=True, loop=False, name='unnamed MovieStim3', noAudio=False, opacity=1, ori=method-wrapper(...), pos=array([   0., -350.]), size=None, units='pix', vframe_callback=UNKNOWN, volume=UNKNOWN, win=Window(...))
65.1046 	WARNING 	1.1040829999838024: Video catchup needed, advancing self._nextFrameT from 0.0 to 0.03336666666666667
65.1046 	WARNING 	1.1041131999809295: Video catchup needed, advancing self._nextFrameT from 0.03336666666666667 to 0.06673333333333334
65.1047 	WARNING 	1.1041230999398977: Video catchup needed, advancing self._nextFrameT from 0.06673333333333334 to 0.10010000000000001
65.1047 	WARNING 	1.1041320000076666: Video catchup needed, advancing self._nextFrameT from 0.10010000000000001 to 0.13346666666666668
65.1047 	WARNING 	1.1041404999559745: Video catchup needed, advancing self._nextFrameT from 0.13346666666666668 to 0.16683333333333333
65.1047 	WARNING 	1.1041484999004751: Video catchup needed, advancing self._nextFrameT from 0.16683333333333333 to 0.2002
65.1047 	WARNING 	1.104156499961391: Video catchup needed, advancing self._nextFrameT from 0.2002 to 0.23356666666666664
65.1047 	WARNING 	1.1041644999058917: Video catchup needed, advancing self._nextFrameT from 0.23356666666666664 to 0.2669333333333333
65.1047 	WARNING 	1.1041722999652848: Video catchup needed, advancing self._nextFrameT from 0.2669333333333333 to 0.30029999999999996
65.1047 	WARNING 	1.104179999907501: Video catchup needed, advancing self._nextFrameT from 0.30029999999999996 to 0.3336666666666666
65.1047 	WARNING 	Max reportNDroppedFrames reached, will not log any more dropped frames
65.1296 	EXP 	window1: mouseVisible = True
65.1378 	EXP 	Created image_4 = ImageStim(__class__=<class 'psychopy.visual.image.ImageStim'>, anchor=('center', 'center'), autoLog=True, color=array([1., 1., 1.]), colorSpace='rgb', contrast=1.0, depth=-4.0, draggable=False, flipHoriz=False, flipVert=False, image='default.png', interpolate=True, mask=None, maskParams=None, name='image_4', opacity=1.0, ori=0.0, pos=array([0., 0.]), size=array([0.35, 0.35]), texRes=128.0, units='height', win=Window(...))
65.1379 	EXP 	window1: mouseVisible = True
65.1386 	EXP 	Created text_8 = TextStim(__class__=<class 'psychopy.visual.text.TextStim'>, alignHoriz=method-wrapper(...), alignText='center', alignVert=method-wrapper(...), anchorHoriz='center', anchorVert='center', antialias=True, autoDraw=False, autoLog=True, bold=False, color=array([1., 1., 1.]), colorSpace='rgb', contrast=1.0, depth=0.0, draggable=False, flipHoriz=False, flipVert=False, font='Open Sans', fontFiles=[], height=0.05, italic=False, languageStyle='LTR', name='text_8', opacity=1.0, ori=0.0, pos=array([0., 0.]), rgb=UNKNOWN, text='', units='height', win=Window(...), wrapWidth=1)
65.1387 	EXP 	window1: mouseVisible = True
65.1460 	EXP 	Created image_6 = ImageStim(__class__=<class 'psychopy.visual.image.ImageStim'>, anchor=('center', 'center'), autoLog=True, color=array([1., 1., 1.]), colorSpace='rgb', contrast=1.0, depth=-1.0, draggable=False, flipHoriz=False, flipVert=False, image='default.png', interpolate=True, mask=None, maskParams=None, name='image_6', opacity=1.0, ori=0.0, pos=array([0., 0.]), size=array([0.35, 0.35]), texRes=128.0, units='height', win=Window(...))
65.1462 	EXP 	Created unnamed MovieStim3 = MovieStim3(__class__=<class 'psychopy.visual.movie3.MovieStim3'>, anchor=('center', 'center'), autoLog=True, color=UNKNOWN, colorSpace=UNKNOWN, depth=0.0, filename='imgs/video_mar_luis.mp4', flipHoriz=False, flipVert=False, fps=UNKNOWN, interpolate=True, loop=True, name='unnamed MovieStim3', noAudio=False, opacity=1, ori=method-wrapper(...), pos=array([0., 0.]), size=None, units='pix', vframe_callback=UNKNOWN, volume=UNKNOWN, win=Window(...))
65.6720 	WARNING 	0.5257762999972329: Video catchup needed, advancing self._nextFrameT from 0.0 to 0.03333333333333333
65.6721 	WARNING 	0.5258070999989286: Video catchup needed, advancing self._nextFrameT from 0.03333333333333333 to 0.06666666666666667
65.6721 	WARNING 	0.5258164999540895: Video catchup needed, advancing self._nextFrameT from 0.06666666666666667 to 0.1
65.6721 	WARNING 	0.5258250000188127: Video catchup needed, advancing self._nextFrameT from 0.1 to 0.13333333333333333
65.6721 	WARNING 	0.5258329999633133: Video catchup needed, advancing self._nextFrameT from 0.13333333333333333 to 0.16666666666666666
65.6721 	WARNING 	0.5258408000227064: Video catchup needed, advancing self._nextFrameT from 0.16666666666666666 to 0.19999999999999998
65.6721 	WARNING 	0.5258484999649227: Video catchup needed, advancing self._nextFrameT from 0.19999999999999998 to 0.2333333333333333
65.6721 	WARNING 	0.5258563000243157: Video catchup needed, advancing self._nextFrameT from 0.2333333333333333 to 0.26666666666666666
65.6721 	WARNING 	0.5258638999657705: Video catchup needed, advancing self._nextFrameT from 0.26666666666666666 to 0.3
65.6721 	WARNING 	0.5258714000228792: Video catchup needed, advancing self._nextFrameT from 0.3 to 0.3333333333333333
65.6721 	WARNING 	Max reportNDroppedFrames reached, will not log any more dropped frames
65.7958 	EXP 	window1: mouseVisible = True
65.8044 	EXP 	Created image_7 = ImageStim(__class__=<class 'psychopy.visual.image.ImageStim'>, anchor=('center', 'center'), autoLog=True, color=array([1., 1., 1.]), colorSpace='rgb', contrast=1.0, depth=-1.0, draggable=False, flipHoriz=False, flipVert=False, image='default.png', interpolate=True, mask=None, maskParams=None, name='image_7', opacity=1.0, ori=0.0, pos=array([0., 0.]), size=array([0.35, 0.35]), texRes=128.0, units='height', win=Window(...))
65.8046 	EXP 	Created unnamed MovieStim3 = MovieStim3(__class__=<class 'psychopy.visual.movie3.MovieStim3'>, anchor=('center', 'center'), autoLog=True, color=UNKNOWN, colorSpace=UNKNOWN, depth=0.0, filename='imgs/song_titanic.mp4', flipHoriz=False, flipVert=False, fps=UNKNOWN, interpolate=True, loop=False, name='unnamed MovieStim3', noAudio=False, opacity=1, ori=method-wrapper(...), pos=array([0., 0.]), size=None, units='pix', vframe_callback=UNKNOWN, volume=UNKNOWN, win=Window(...))
66.5411 	WARNING 	0.7364820999791846: Video catchup needed, advancing self._nextFrameT from 0.0 to 0.041666666666666664
66.5411 	WARNING 	0.7365116999717429: Video catchup needed, advancing self._nextFrameT from 0.041666666666666664 to 0.08333333333333333
66.5411 	WARNING 	0.7365210999269038: Video catchup needed, advancing self._nextFrameT from 0.08333333333333333 to 0.125
66.5412 	WARNING 	0.7365296999923885: Video catchup needed, advancing self._nextFrameT from 0.125 to 0.16666666666666666
66.5412 	WARNING 	0.7365380999399349: Video catchup needed, advancing self._nextFrameT from 0.16666666666666666 to 0.20833333333333331
66.5412 	WARNING 	0.7365467000054196: Video catchup needed, advancing self._nextFrameT from 0.20833333333333331 to 0.24999999999999997
66.5412 	WARNING 	0.7365547999506816: Video catchup needed, advancing self._nextFrameT from 0.24999999999999997 to 0.29166666666666663
66.5412 	WARNING 	0.7365625000093132: Video catchup needed, advancing self._nextFrameT from 0.29166666666666663 to 0.3333333333333333
66.5412 	WARNING 	0.7365705999545753: Video catchup needed, advancing self._nextFrameT from 0.3333333333333333 to 0.375
66.5412 	WARNING 	0.7365784000139683: Video catchup needed, advancing self._nextFrameT from 0.375 to 0.4166666666666667
66.5412 	WARNING 	Max reportNDroppedFrames reached, will not log any more dropped frames
66.5527 	EXP 	Created unnamed MovieStim3 = MovieStim3(__class__=<class 'psychopy.visual.movie3.MovieStim3'>, anchor=('center', 'center'), autoLog=True, color=UNKNOWN, colorSpace=UNKNOWN, depth=0.0, filename='imgs/titanic_spanish.mp4', flipHoriz=False, flipVert=False, fps=UNKNOWN, interpolate=True, loop=False, name='unnamed MovieStim3', noAudio=False, opacity=1, ori=method-wrapper(...), pos=array([0., 0.]), size=None, units='pix', vframe_callback=UNKNOWN, volume=UNKNOWN, win=Window(...))
67.7202 	WARNING 	1.167381800012663: Video catchup needed, advancing self._nextFrameT from 0.0 to 0.04
67.7202 	WARNING 	1.1674709999933839: Video catchup needed, advancing self._nextFrameT from 0.04 to 0.08
67.7202 	WARNING 	1.1674829999683425: Video catchup needed, advancing self._nextFrameT from 0.08 to 0.12
67.7202 	WARNING 	1.1674925999250263: Video catchup needed, advancing self._nextFrameT from 0.12 to 0.16
67.7202 	WARNING 	1.167509499937296: Video catchup needed, advancing self._nextFrameT from 0.16 to 0.2
67.7202 	WARNING 	1.167518400005065: Video catchup needed, advancing self._nextFrameT from 0.2 to 0.24000000000000002
67.7203 	WARNING 	1.167527599958703: Video catchup needed, advancing self._nextFrameT from 0.24000000000000002 to 0.28
67.7203 	WARNING 	1.1675364000257105: Video catchup needed, advancing self._nextFrameT from 0.28 to 0.32
67.7203 	WARNING 	1.1675452999770641: Video catchup needed, advancing self._nextFrameT from 0.32 to 0.36
67.7203 	WARNING 	1.1675550999352708: Video catchup needed, advancing self._nextFrameT from 0.36 to 0.39999999999999997
67.7203 	WARNING 	Max reportNDroppedFrames reached, will not log any more dropped frames
67.7456 	EXP 	window1: mouseVisible = True
67.7544 	EXP 	Created image_8 = ImageStim(__class__=<class 'psychopy.visual.image.ImageStim'>, anchor=('center', 'center'), autoLog=True, color=array([1., 1., 1.]), colorSpace='rgb', contrast=1.0, depth=-3.0, draggable=False, flipHoriz=False, flipVert=False, image='default.png', interpolate=True, mask=None, maskParams=None, name='image_8', opacity=1.0, ori=0.0, pos=array([0., 0.]), size=array([0.35, 0.35]), texRes=128.0, units='height', win=Window(...))
67.7547 	EXP 	Created unnamed MovieStim3 = MovieStim3(__class__=<class 'psychopy.visual.movie3.MovieStim3'>, anchor=('center', 'center'), autoLog=True, color=UNKNOWN, colorSpace=UNKNOWN, depth=0.0, filename='imgs/titanic_spanish.mp4', flipHoriz=False, flipVert=False, fps=UNKNOWN, interpolate=True, loop=False, name='unnamed MovieStim3', noAudio=False, opacity=1, ori=method-wrapper(...), pos=array([0., 0.]), size=None, units='pix', vframe_callback=UNKNOWN, volume=UNKNOWN, win=Window(...))
68.9261 	WARNING 	1.1713903000345454: Video catchup needed, advancing self._nextFrameT from 0.0 to 0.04
68.9261 	WARNING 	1.171421500039287: Video catchup needed, advancing self._nextFrameT from 0.04 to 0.08
68.9261 	WARNING 	1.1714305999921635: Video catchup needed, advancing self._nextFrameT from 0.08 to 0.12
68.9262 	WARNING 	1.1714390000561252: Video catchup needed, advancing self._nextFrameT from 0.12 to 0.16
68.9262 	WARNING 	1.1714470000006258: Video catchup needed, advancing self._nextFrameT from 0.16 to 0.2
68.9262 	WARNING 	1.171454800060019: Video catchup needed, advancing self._nextFrameT from 0.2 to 0.24000000000000002
68.9262 	WARNING 	1.1714628000045195: Video catchup needed, advancing self._nextFrameT from 0.24000000000000002 to 0.28
68.9262 	WARNING 	1.1714706000639126: Video catchup needed, advancing self._nextFrameT from 0.28 to 0.32
68.9262 	WARNING 	1.171478100004606: Video catchup needed, advancing self._nextFrameT from 0.32 to 0.36
68.9262 	WARNING 	1.1714854000601918: Video catchup needed, advancing self._nextFrameT from 0.36 to 0.39999999999999997
68.9262 	WARNING 	Max reportNDroppedFrames reached, will not log any more dropped frames
68.9531 	EXP 	Created unnamed MovieStim3 = MovieStim3(__class__=<class 'psychopy.visual.movie3.MovieStim3'>, anchor=('center', 'center'), autoLog=True, color=UNKNOWN, colorSpace=UNKNOWN, depth=0.0, filename='imgs/titanic.mp4', flipHoriz=False, flipVert=False, fps=UNKNOWN, interpolate=True, loop=False, name='unnamed MovieStim3', noAudio=False, opacity=1, ori=method-wrapper(...), pos=array([   0., -350.]), size=None, units='pix', vframe_callback=UNKNOWN, volume=UNKNOWN, win=Window(...))
70.0042 	WARNING 	1.051056700060144: Video catchup needed, advancing self._nextFrameT from 0.0 to 0.03336666666666667
70.0043 	WARNING 	1.051102300058119: Video catchup needed, advancing self._nextFrameT from 0.03336666666666667 to 0.06673333333333334
70.0043 	WARNING 	1.0511163000483066: Video catchup needed, advancing self._nextFrameT from 0.06673333333333334 to 0.10010000000000001
70.0043 	WARNING 	1.0511293000308797: Video catchup needed, advancing self._nextFrameT from 0.10010000000000001 to 0.13346666666666668
70.0043 	WARNING 	1.0511415000073612: Video catchup needed, advancing self._nextFrameT from 0.13346666666666668 to 0.16683333333333333
70.0043 	WARNING 	1.0511532999807969: Video catchup needed, advancing self._nextFrameT from 0.16683333333333333 to 0.2002
70.0043 	WARNING 	1.051165100070648: Video catchup needed, advancing self._nextFrameT from 0.2002 to 0.23356666666666664
70.0043 	WARNING 	1.0511776000494137: Video catchup needed, advancing self._nextFrameT from 0.23356666666666664 to 0.2669333333333333
70.0044 	WARNING 	1.0511905000312254: Video catchup needed, advancing self._nextFrameT from 0.2669333333333333 to 0.30029999999999996
70.0044 	WARNING 	1.0512029000092298: Video catchup needed, advancing self._nextFrameT from 0.30029999999999996 to 0.3336666666666666
70.0044 	WARNING 	Max reportNDroppedFrames reached, will not log any more dropped frames
70.0312 	EXP 	window1: mouseVisible = True
70.0396 	EXP 	Created image_9 = ImageStim(__class__=<class 'psychopy.visual.image.ImageStim'>, anchor=('center', 'center'), autoLog=True, color=array([1., 1., 1.]), colorSpace='rgb', contrast=1.0, depth=-4.0, draggable=False, flipHoriz=False, flipVert=False, image='default.png', interpolate=True, mask=None, maskParams=None, name='image_9', opacity=1.0, ori=0.0, pos=array([0., 0.]), size=array([0.35, 0.35]), texRes=128.0, units='height', win=Window(...))
70.0397 	EXP 	window1: mouseVisible = True
70.0405 	EXP 	Created text_9 = TextStim(__class__=<class 'psychopy.visual.text.TextStim'>, alignHoriz=method-wrapper(...), alignText='center', alignVert=method-wrapper(...), anchorHoriz='center', anchorVert='center', antialias=True, autoDraw=False, autoLog=True, bold=False, color=array([1., 1., 1.]), colorSpace='rgb', contrast=1.0, depth=0.0, draggable=False, flipHoriz=False, flipVert=False, font='Open Sans', fontFiles=[], height=0.05, italic=False, languageStyle='LTR', name='text_9', opacity=1.0, ori=0.0, pos=array([0., 0.]), rgb=UNKNOWN, text='', units='height', win=Window(...), wrapWidth=1)
70.0406 	EXP 	window1: mouseVisible = True
70.0481 	EXP 	Created image_10 = ImageStim(__class__=<class 'psychopy.visual.image.ImageStim'>, anchor=('center', 'center'), autoLog=True, color=array([1., 1., 1.]), colorSpace='rgb', contrast=1.0, depth=-1.0, draggable=False, flipHoriz=False, flipVert=False, image='default.png', interpolate=True, mask=None, maskParams=None, name='image_10', opacity=1.0, ori=0.0, pos=array([0., 0.]), size=array([0.35, 0.35]), texRes=128.0, units='height', win=Window(...))
70.0483 	EXP 	Created unnamed MovieStim3 = MovieStim3(__class__=<class 'psychopy.visual.movie3.MovieStim3'>, anchor=('center', 'center'), autoLog=True, color=UNKNOWN, colorSpace=UNKNOWN, depth=0.0, filename='imgs/video_mar_luis.mp4', flipHoriz=False, flipVert=False, fps=UNKNOWN, interpolate=True, loop=True, name='unnamed MovieStim3', noAudio=False, opacity=1, ori=method-wrapper(...), pos=array([0., 0.]), size=None, units='pix', vframe_callback=UNKNOWN, volume=UNKNOWN, win=Window(...))
70.5879 	WARNING 	0.5395229000132531: Video catchup needed, advancing self._nextFrameT from 0.0 to 0.03333333333333333
70.5879 	WARNING 	0.5395549000240862: Video catchup needed, advancing self._nextFrameT from 0.03333333333333333 to 0.06666666666666667
70.5879 	WARNING 	0.5395680000074208: Video catchup needed, advancing self._nextFrameT from 0.06666666666666667 to 0.1
70.5879 	WARNING 	0.5395791000919417: Video catchup needed, advancing self._nextFrameT from 0.1 to 0.13333333333333333
70.5879 	WARNING 	0.5395892000524327: Video catchup needed, advancing self._nextFrameT from 0.13333333333333333 to 0.16666666666666666
70.5879 	WARNING 	0.5395991000114009: Video catchup needed, advancing self._nextFrameT from 0.16666666666666666 to 0.19999999999999998
70.5879 	WARNING 	0.5396086000837386: Video catchup needed, advancing self._nextFrameT from 0.19999999999999998 to 0.2333333333333333
70.5879 	WARNING 	0.5396247000899166: Video catchup needed, advancing self._nextFrameT from 0.2333333333333333 to 0.26666666666666666
70.5880 	WARNING 	0.5396329000359401: Video catchup needed, advancing self._nextFrameT from 0.26666666666666666 to 0.3
70.5880 	WARNING 	0.5396407999796793: Video catchup needed, advancing self._nextFrameT from 0.3 to 0.3333333333333333
70.5880 	WARNING 	Max reportNDroppedFrames reached, will not log any more dropped frames
70.7192 	EXP 	window1: mouseVisible = True
70.7274 	EXP 	Created image_11 = ImageStim(__class__=<class 'psychopy.visual.image.ImageStim'>, anchor=('center', 'center'), autoLog=True, color=array([1., 1., 1.]), colorSpace='rgb', contrast=1.0, depth=-1.0, draggable=False, flipHoriz=False, flipVert=False, image='default.png', interpolate=True, mask=None, maskParams=None, name='image_11', opacity=1.0, ori=0.0, pos=array([0., 0.]), size=array([0.35, 0.35]), texRes=128.0, units='height', win=Window(...))
70.7276 	EXP 	Created unnamed MovieStim3 = MovieStim3(__class__=<class 'psychopy.visual.movie3.MovieStim3'>, anchor=('center', 'center'), autoLog=True, color=UNKNOWN, colorSpace=UNKNOWN, depth=0.0, filename='imgs/song_titanic.mp4', flipHoriz=False, flipVert=False, fps=UNKNOWN, interpolate=True, loop=False, name='unnamed MovieStim3', noAudio=False, opacity=1, ori=method-wrapper(...), pos=array([0., 0.]), size=None, units='pix', vframe_callback=UNKNOWN, volume=UNKNOWN, win=Window(...))
71.4542 	WARNING 	0.7266281000338495: Video catchup needed, advancing self._nextFrameT from 0.0 to 0.041666666666666664
71.4543 	WARNING 	0.7266586000332609: Video catchup needed, advancing self._nextFrameT from 0.041666666666666664 to 0.08333333333333333
71.4543 	WARNING 	0.726668499992229: Video catchup needed, advancing self._nextFrameT from 0.08333333333333333 to 0.125
71.4543 	WARNING 	0.7266769000561908: Video catchup needed, advancing self._nextFrameT from 0.125 to 0.16666666666666666
71.4543 	WARNING 	0.7266855000052601: Video catchup needed, advancing self._nextFrameT from 0.16666666666666666 to 0.20833333333333331
71.4543 	WARNING 	0.7266939000692219: Video catchup needed, advancing self._nextFrameT from 0.20833333333333331 to 0.24999999999999997
71.4543 	WARNING 	0.7267024000175297: Video catchup needed, advancing self._nextFrameT from 0.24999999999999997 to 0.29166666666666663
71.4543 	WARNING 	0.7267104000784457: Video catchup needed, advancing self._nextFrameT from 0.29166666666666663 to 0.3333333333333333
71.4543 	WARNING 	0.7267182000214234: Video catchup needed, advancing self._nextFrameT from 0.3333333333333333 to 0.375
71.4543 	WARNING 	0.726725900080055: Video catchup needed, advancing self._nextFrameT from 0.375 to 0.4166666666666667
71.4543 	WARNING 	Max reportNDroppedFrames reached, will not log any more dropped frames
71.4672 	EXP 	Created unnamed MovieStim3 = MovieStim3(__class__=<class 'psychopy.visual.movie3.MovieStim3'>, anchor=('center', 'center'), autoLog=True, color=UNKNOWN, colorSpace=UNKNOWN, depth=0.0, filename='imgs/titanic_spanish.mp4', flipHoriz=False, flipVert=False, fps=UNKNOWN, interpolate=True, loop=False, name='unnamed MovieStim3', noAudio=False, opacity=1, ori=method-wrapper(...), pos=array([0., 0.]), size=None, units='pix', vframe_callback=UNKNOWN, volume=UNKNOWN, win=Window(...))
72.6403 	WARNING 	1.1730496999807656: Video catchup needed, advancing self._nextFrameT from 0.0 to 0.04
72.6404 	WARNING 	1.1731082999613136: Video catchup needed, advancing self._nextFrameT from 0.04 to 0.08
72.6404 	WARNING 	1.1731228999560699: Video catchup needed, advancing self._nextFrameT from 0.08 to 0.12
72.6404 	WARNING 	1.1731350999325514: Video catchup needed, advancing self._nextFrameT from 0.12 to 0.16
72.6404 	WARNING 	1.1731474999105558: Video catchup needed, advancing self._nextFrameT from 0.16 to 0.2
72.6404 	WARNING 	1.173159099998884: Video catchup needed, advancing self._nextFrameT from 0.2 to 0.24000000000000002
72.6404 	WARNING 	1.173171199974604: Video catchup needed, advancing self._nextFrameT from 0.24000000000000002 to 0.28
72.6405 	WARNING 	1.173183299950324: Video catchup needed, advancing self._nextFrameT from 0.28 to 0.32
72.6405 	WARNING 	1.1731950999237597: Video catchup needed, advancing self._nextFrameT from 0.32 to 0.36
72.6405 	WARNING 	1.1732121999375522: Video catchup needed, advancing self._nextFrameT from 0.36 to 0.39999999999999997
72.6405 	WARNING 	Max reportNDroppedFrames reached, will not log any more dropped frames
72.6747 	EXP 	window1: mouseVisible = True
72.6849 	EXP 	Created image_12 = ImageStim(__class__=<class 'psychopy.visual.image.ImageStim'>, anchor=('center', 'center'), autoLog=True, color=array([1., 1., 1.]), colorSpace='rgb', contrast=1.0, depth=-3.0, draggable=False, flipHoriz=False, flipVert=False, image='default.png', interpolate=True, mask=None, maskParams=None, name='image_12', opacity=1.0, ori=0.0, pos=array([0., 0.]), size=array([0.35, 0.35]), texRes=128.0, units='height', win=Window(...))
72.6851 	EXP 	Created unnamed MovieStim3 = MovieStim3(__class__=<class 'psychopy.visual.movie3.MovieStim3'>, anchor=('center', 'center'), autoLog=True, color=UNKNOWN, colorSpace=UNKNOWN, depth=0.0, filename='imgs/titanic_spanish.mp4', flipHoriz=False, flipVert=False, fps=UNKNOWN, interpolate=True, loop=False, name='unnamed MovieStim3', noAudio=False, opacity=1, ori=method-wrapper(...), pos=array([0., 0.]), size=None, units='pix', vframe_callback=UNKNOWN, volume=UNKNOWN, win=Window(...))
73.8527 	WARNING 	1.1674994999775663: Video catchup needed, advancing self._nextFrameT from 0.0 to 0.04
73.8527 	WARNING 	1.1675838000373915: Video catchup needed, advancing self._nextFrameT from 0.04 to 0.08
73.8527 	WARNING 	1.167596900020726: Video catchup needed, advancing self._nextFrameT from 0.08 to 0.12
73.8527 	WARNING 	1.1676063999766484: Video catchup needed, advancing self._nextFrameT from 0.12 to 0.16
73.8528 	WARNING 	1.1676155999302864: Video catchup needed, advancing self._nextFrameT from 0.16 to 0.2
73.8528 	WARNING 	1.1676249000011012: Video catchup needed, advancing self._nextFrameT from 0.2 to 0.24000000000000002
73.8528 	WARNING 	1.1676336999516934: Video catchup needed, advancing self._nextFrameT from 0.24000000000000002 to 0.28
73.8528 	WARNING 	1.1676426000194624: Video catchup needed, advancing self._nextFrameT from 0.28 to 0.32
73.8528 	WARNING 	1.1676511999685317: Video catchup needed, advancing self._nextFrameT from 0.32 to 0.36
73.8528 	WARNING 	1.167659700033255: Video catchup needed, advancing self._nextFrameT from 0.36 to 0.39999999999999997
73.8528 	WARNING 	Max reportNDroppedFrames reached, will not log any more dropped frames
73.8894 	EXP 	Created unnamed MovieStim3 = MovieStim3(__class__=<class 'psychopy.visual.movie3.MovieStim3'>, anchor=('center', 'center'), autoLog=True, color=UNKNOWN, colorSpace=UNKNOWN, depth=0.0, filename='imgs/titanic.mp4', flipHoriz=False, flipVert=False, fps=UNKNOWN, interpolate=True, loop=False, name='unnamed MovieStim3', noAudio=False, opacity=1, ori=method-wrapper(...), pos=array([   0., -350.]), size=None, units='pix', vframe_callback=UNKNOWN, volume=UNKNOWN, win=Window(...))
74.9233 	WARNING 	1.0338728999486193: Video catchup needed, advancing self._nextFrameT from 0.0 to 0.03336666666666667
74.9233 	WARNING 	1.0339044999564067: Video catchup needed, advancing self._nextFrameT from 0.03336666666666667 to 0.06673333333333334
74.9233 	WARNING 	1.033914600033313: Video catchup needed, advancing self._nextFrameT from 0.06673333333333334 to 0.10010000000000001
74.9233 	WARNING 	1.0339235999854282: Video catchup needed, advancing self._nextFrameT from 0.10010000000000001 to 0.13346666666666668
74.9233 	WARNING 	1.0339315999299288: Video catchup needed, advancing self._nextFrameT from 0.13346666666666668 to 0.16683333333333333
74.9233 	WARNING 	1.0339394999900833: Video catchup needed, advancing self._nextFrameT from 0.16683333333333333 to 0.2002
74.9233 	WARNING 	1.033947499934584: Video catchup needed, advancing self._nextFrameT from 0.2002 to 0.23356666666666664
74.9234 	WARNING 	1.033955099992454: Video catchup needed, advancing self._nextFrameT from 0.23356666666666664 to 0.2669333333333333
74.9234 	WARNING 	1.0339629999361932: Video catchup needed, advancing self._nextFrameT from 0.2669333333333333 to 0.30029999999999996
74.9234 	WARNING 	1.0339706999948248: Video catchup needed, advancing self._nextFrameT from 0.30029999999999996 to 0.3336666666666666
74.9234 	WARNING 	Max reportNDroppedFrames reached, will not log any more dropped frames
74.9499 	EXP 	window1: mouseVisible = True
74.9630 	EXP 	Created image_13 = ImageStim(__class__=<class 'psychopy.visual.image.ImageStim'>, anchor=('center', 'center'), autoLog=True, color=array([1., 1., 1.]), colorSpace='rgb', contrast=1.0, depth=-4.0, draggable=False, flipHoriz=False, flipVert=False, image='default.png', interpolate=True, mask=None, maskParams=None, name='image_13', opacity=1.0, ori=0.0, pos=array([0., 0.]), size=array([0.35, 0.35]), texRes=128.0, units='height', win=Window(...))
74.9632 	EXP 	window1: mouseVisible = True
74.9639 	EXP 	Created text_10 = TextStim(__class__=<class 'psychopy.visual.text.TextStim'>, alignHoriz=method-wrapper(...), alignText='center', alignVert=method-wrapper(...), anchorHoriz='center', anchorVert='center', antialias=True, autoDraw=False, autoLog=True, bold=False, color=array([1., 1., 1.]), colorSpace='rgb', contrast=1.0, depth=0.0, draggable=False, flipHoriz=False, flipVert=False, font='Open Sans', fontFiles=[], height=0.05, italic=False, languageStyle='LTR', name='text_10', opacity=1.0, ori=0.0, pos=array([0., 0.]), rgb=UNKNOWN, text='', units='height', win=Window(...), wrapWidth=1)
74.9640 	EXP 	window1: mouseVisible = True
74.9729 	EXP 	Created image_14 = ImageStim(__class__=<class 'psychopy.visual.image.ImageStim'>, anchor=('center', 'center'), autoLog=True, color=array([1., 1., 1.]), colorSpace='rgb', contrast=1.0, depth=-1.0, draggable=False, flipHoriz=False, flipVert=False, image='default.png', interpolate=True, mask=None, maskParams=None, name='image_14', opacity=1.0, ori=0.0, pos=array([0., 0.]), size=array([0.35, 0.35]), texRes=128.0, units='height', win=Window(...))
74.9731 	EXP 	Created unnamed MovieStim3 = MovieStim3(__class__=<class 'psychopy.visual.movie3.MovieStim3'>, anchor=('center', 'center'), autoLog=True, color=UNKNOWN, colorSpace=UNKNOWN, depth=0.0, filename='imgs/video_mar_luis.mp4', flipHoriz=False, flipVert=False, fps=UNKNOWN, interpolate=True, loop=True, name='unnamed MovieStim3', noAudio=False, opacity=1, ori=method-wrapper(...), pos=array([0., 0.]), size=None, units='pix', vframe_callback=UNKNOWN, volume=UNKNOWN, win=Window(...))
75.4986 	WARNING 	0.5254474999383092: Video catchup needed, advancing self._nextFrameT from 0.0 to 0.03333333333333333
75.4986 	WARNING 	0.5255110999569297: Video catchup needed, advancing self._nextFrameT from 0.03333333333333333 to 0.06666666666666667
75.4987 	WARNING 	0.5255220000399277: Video catchup needed, advancing self._nextFrameT from 0.06666666666666667 to 0.1
75.4987 	WARNING 	0.5255316999973729: Video catchup needed, advancing self._nextFrameT from 0.1 to 0.13333333333333333
75.4987 	WARNING 	0.5255409999517724: Video catchup needed, advancing self._nextFrameT from 0.13333333333333333 to 0.16666666666666666
75.4987 	WARNING 	0.5255498000187799: Video catchup needed, advancing self._nextFrameT from 0.16666666666666666 to 0.19999999999999998
75.4987 	WARNING 	0.525558799970895: Video catchup needed, advancing self._nextFrameT from 0.19999999999999998 to 0.2333333333333333
75.4987 	WARNING 	0.5255682999268174: Video catchup needed, advancing self._nextFrameT from 0.2333333333333333 to 0.26666666666666666
75.4987 	WARNING 	0.5255774999968708: Video catchup needed, advancing self._nextFrameT from 0.26666666666666666 to 0.3
75.4987 	WARNING 	0.5255859999451786: Video catchup needed, advancing self._nextFrameT from 0.3 to 0.3333333333333333
75.4987 	WARNING 	Max reportNDroppedFrames reached, will not log any more dropped frames
75.6231 	EXP 	window1: mouseVisible = True
75.6315 	EXP 	Created image_15 = ImageStim(__class__=<class 'psychopy.visual.image.ImageStim'>, anchor=('center', 'center'), autoLog=True, color=array([1., 1., 1.]), colorSpace='rgb', contrast=1.0, depth=-1.0, draggable=False, flipHoriz=False, flipVert=False, image='default.png', interpolate=True, mask=None, maskParams=None, name='image_15', opacity=1.0, ori=0.0, pos=array([0., 0.]), size=array([0.35, 0.35]), texRes=128.0, units='height', win=Window(...))
75.6317 	EXP 	Created unnamed MovieStim3 = MovieStim3(__class__=<class 'psychopy.visual.movie3.MovieStim3'>, anchor=('center', 'center'), autoLog=True, color=UNKNOWN, colorSpace=UNKNOWN, depth=0.0, filename='imgs/song_titanic.mp4', flipHoriz=False, flipVert=False, fps=UNKNOWN, interpolate=True, loop=False, name='unnamed MovieStim3', noAudio=False, opacity=1, ori=method-wrapper(...), pos=array([0., 0.]), size=None, units='pix', vframe_callback=UNKNOWN, volume=UNKNOWN, win=Window(...))
76.3696 	WARNING 	0.737872299971059: Video catchup needed, advancing self._nextFrameT from 0.0 to 0.041666666666666664
76.3697 	WARNING 	0.7379186999751255: Video catchup needed, advancing self._nextFrameT from 0.041666666666666664 to 0.08333333333333333
76.3697 	WARNING 	0.7379347999813035: Video catchup needed, advancing self._nextFrameT from 0.08333333333333333 to 0.125
76.3697 	WARNING 	0.7379494999768212: Video catchup needed, advancing self._nextFrameT from 0.125 to 0.16666666666666666
76.3697 	WARNING 	0.7379635999677703: Video catchup needed, advancing self._nextFrameT from 0.16666666666666666 to 0.20833333333333331
76.3697 	WARNING 	0.7379779999610037: Video catchup needed, advancing self._nextFrameT from 0.20833333333333331 to 0.24999999999999997
76.3697 	WARNING 	0.737992100068368: Video catchup needed, advancing self._nextFrameT from 0.24999999999999997 to 0.29166666666666663
76.3697 	WARNING 	0.73800640006084: Video catchup needed, advancing self._nextFrameT from 0.29166666666666663 to 0.3333333333333333
76.3698 	WARNING 	0.7380207000533119: Video catchup needed, advancing self._nextFrameT from 0.3333333333333333 to 0.375
76.3698 	WARNING 	0.7380381000693887: Video catchup needed, advancing self._nextFrameT from 0.375 to 0.4166666666666667
76.3698 	WARNING 	Max reportNDroppedFrames reached, will not log any more dropped frames
76.3859 	EXP 	Created unnamed MovieStim3 = MovieStim3(__class__=<class 'psychopy.visual.movie3.MovieStim3'>, anchor=('center', 'center'), autoLog=True, color=UNKNOWN, colorSpace=UNKNOWN, depth=0.0, filename='imgs/titanic_spanish.mp4', flipHoriz=False, flipVert=False, fps=UNKNOWN, interpolate=True, loop=False, name='unnamed MovieStim3', noAudio=False, opacity=1, ori=method-wrapper(...), pos=array([0., 0.]), size=None, units='pix', vframe_callback=UNKNOWN, volume=UNKNOWN, win=Window(...))
77.5822 	WARNING 	1.1962471000151709: Video catchup needed, advancing self._nextFrameT from 0.0 to 0.04
77.5822 	WARNING 	1.1963401000248268: Video catchup needed, advancing self._nextFrameT from 0.04 to 0.08
77.5823 	WARNING 	1.1963527000043541: Video catchup needed, advancing self._nextFrameT from 0.08 to 0.12
77.5823 	WARNING 	1.1963642000919208: Video catchup needed, advancing self._nextFrameT from 0.12 to 0.16
77.5823 	WARNING 	1.1963738000486046: Video catchup needed, advancing self._nextFrameT from 0.16 to 0.2
77.5823 	WARNING 	1.196382399997674: Video catchup needed, advancing self._nextFrameT from 0.2 to 0.24000000000000002
77.5823 	WARNING 	1.196391300065443: Video catchup needed, advancing self._nextFrameT from 0.24000000000000002 to 0.28
77.5823 	WARNING 	1.196423500077799: Video catchup needed, advancing self._nextFrameT from 0.28 to 0.32
77.5823 	WARNING 	1.1964328000321984: Video catchup needed, advancing self._nextFrameT from 0.32 to 0.36
77.5823 	WARNING 	1.1964420001022518: Video catchup needed, advancing self._nextFrameT from 0.36 to 0.39999999999999997
77.5824 	WARNING 	Max reportNDroppedFrames reached, will not log any more dropped frames
77.6141 	EXP 	window1: mouseVisible = True
77.6229 	EXP 	Created image_16 = ImageStim(__class__=<class 'psychopy.visual.image.ImageStim'>, anchor=('center', 'center'), autoLog=True, color=array([1., 1., 1.]), colorSpace='rgb', contrast=1.0, depth=-3.0, draggable=False, flipHoriz=False, flipVert=False, image='default.png', interpolate=True, mask=None, maskParams=None, name='image_16', opacity=1.0, ori=0.0, pos=array([0., 0.]), size=array([0.35, 0.35]), texRes=128.0, units='height', win=Window(...))
77.6231 	EXP 	Created unnamed MovieStim3 = MovieStim3(__class__=<class 'psychopy.visual.movie3.MovieStim3'>, anchor=('center', 'center'), autoLog=True, color=UNKNOWN, colorSpace=UNKNOWN, depth=0.0, filename='imgs/titanic_spanish.mp4', flipHoriz=False, flipVert=False, fps=UNKNOWN, interpolate=True, loop=False, name='unnamed MovieStim3', noAudio=False, opacity=1, ori=method-wrapper(...), pos=array([0., 0.]), size=None, units='pix', vframe_callback=UNKNOWN, volume=UNKNOWN, win=Window(...))
78.8207 	WARNING 	1.1975751999998465: Video catchup needed, advancing self._nextFrameT from 0.0 to 0.04
78.8208 	WARNING 	1.1976048999931663: Video catchup needed, advancing self._nextFrameT from 0.04 to 0.08
78.8208 	WARNING 	1.1976147999521345: Video catchup needed, advancing self._nextFrameT from 0.08 to 0.12
78.8208 	WARNING 	1.1976226000115275: Video catchup needed, advancing self._nextFrameT from 0.12 to 0.16
78.8208 	WARNING 	1.1976301999529824: Video catchup needed, advancing self._nextFrameT from 0.16 to 0.2
78.8208 	WARNING 	1.1976376000093296: Video catchup needed, advancing self._nextFrameT from 0.2 to 0.24000000000000002
78.8208 	WARNING 	1.1976458999561146: Video catchup needed, advancing self._nextFrameT from 0.24000000000000002 to 0.28
78.8208 	WARNING 	1.1976534000132233: Video catchup needed, advancing self._nextFrameT from 0.28 to 0.32
78.8208 	WARNING 	1.1976606999523938: Video catchup needed, advancing self._nextFrameT from 0.32 to 0.36
78.8208 	WARNING 	1.197668100008741: Video catchup needed, advancing self._nextFrameT from 0.36 to 0.39999999999999997
78.8208 	WARNING 	Max reportNDroppedFrames reached, will not log any more dropped frames
78.8500 	EXP 	Created unnamed MovieStim3 = MovieStim3(__class__=<class 'psychopy.visual.movie3.MovieStim3'>, anchor=('center', 'center'), autoLog=True, color=UNKNOWN, colorSpace=UNKNOWN, depth=0.0, filename='imgs/titanic.mp4', flipHoriz=False, flipVert=False, fps=UNKNOWN, interpolate=True, loop=False, name='unnamed MovieStim3', noAudio=False, opacity=1, ori=method-wrapper(...), pos=array([   0., -350.]), size=None, units='pix', vframe_callback=UNKNOWN, volume=UNKNOWN, win=Window(...))
79.8908 	WARNING 	1.0407467000186443: Video catchup needed, advancing self._nextFrameT from 0.0 to 0.03336666666666667
79.8908 	WARNING 	1.0407948000356555: Video catchup needed, advancing self._nextFrameT from 0.03336666666666667 to 0.06673333333333334
79.8908 	WARNING 	1.040817099972628: Video catchup needed, advancing self._nextFrameT from 0.06673333333333334 to 0.10010000000000001
79.8908 	WARNING 	1.0408284000586718: Video catchup needed, advancing self._nextFrameT from 0.10010000000000001 to 0.13346666666666668
79.8908 	WARNING 	1.0408379000145942: Video catchup needed, advancing self._nextFrameT from 0.13346666666666668 to 0.16683333333333333
79.8908 	WARNING 	1.0408469000831246: Video catchup needed, advancing self._nextFrameT from 0.16683333333333333 to 0.2002
79.8909 	WARNING 	1.0408552000299096: Video catchup needed, advancing self._nextFrameT from 0.2002 to 0.23356666666666664
79.8909 	WARNING 	1.0408640999812633: Video catchup needed, advancing self._nextFrameT from 0.23356666666666664 to 0.2669333333333333
79.8909 	WARNING 	1.0408730000490323: Video catchup needed, advancing self._nextFrameT from 0.2669333333333333 to 0.30029999999999996
79.8909 	WARNING 	1.0408817999996245: Video catchup needed, advancing self._nextFrameT from 0.30029999999999996 to 0.3336666666666666
79.8909 	WARNING 	Max reportNDroppedFrames reached, will not log any more dropped frames
79.9225 	EXP 	window1: mouseVisible = True
79.9313 	EXP 	Created image_17 = ImageStim(__class__=<class 'psychopy.visual.image.ImageStim'>, anchor=('center', 'center'), autoLog=True, color=array([1., 1., 1.]), colorSpace='rgb', contrast=1.0, depth=-4.0, draggable=False, flipHoriz=False, flipVert=False, image='default.png', interpolate=True, mask=None, maskParams=None, name='image_17', opacity=1.0, ori=0.0, pos=array([0., 0.]), size=array([0.35, 0.35]), texRes=128.0, units='height', win=Window(...))
79.9314 	EXP 	window1: mouseVisible = True
79.9460 	EXP 	Created text_4 = TextStim(__class__=<class 'psychopy.visual.text.TextStim'>, alignHoriz=method-wrapper(...), alignText='center', alignVert=method-wrapper(...), anchorHoriz='center', anchorVert='center', antialias=True, autoDraw=False, autoLog=True, bold=False, color=array([1., 1., 1.]), colorSpace='rgb', contrast=1.0, depth=0.0, draggable=False, flipHoriz=False, flipVert=False, font='Open Sans', fontFiles=[], height=0.05, italic=False, languageStyle='LTR', name='text_4', opacity=1.0, ori=0.0, pos=array([0., 0.]), rgb=UNKNOWN, text='¡Muchas gracias por participar!', units='height', win=Window(...), wrapWidth=1)
0.0048 	EXP 	unnamed MovieStim3: autoLog = True
0.0048 	EXP 	unnamed MovieStim3: movie = 'imgs/video_mar_luis.mp4'
0.0048 	EXP 	unnamed MovieStim3: ori = 0.0
0.0048 	EXP 	unnamed MovieStim3: autoLog = True
0.0048 	EXP 	unnamed MovieStim3: movie = 'imgs/song_titanic.mp4'
0.0048 	EXP 	unnamed MovieStim3: ori = 0.0
0.0048 	EXP 	unnamed MovieStim3: autoLog = True
0.0048 	EXP 	unnamed MovieStim3: movie = 'imgs/titanic_spanish.mp4'
0.0048 	EXP 	unnamed MovieStim3: ori = 0.0
0.0048 	EXP 	unnamed MovieStim3: autoLog = True
0.0048 	EXP 	unnamed MovieStim3: movie = 'imgs/titanic_spanish.mp4'
0.0048 	EXP 	unnamed MovieStim3: ori = 0.0
0.0048 	EXP 	unnamed MovieStim3: autoLog = True
0.0048 	EXP 	unnamed MovieStim3: movie = 'imgs/titanic.mp4'
0.0048 	EXP 	unnamed MovieStim3: ori = 0.0
0.0048 	EXP 	unnamed MovieStim3: autoLog = True
0.0048 	EXP 	unnamed MovieStim3: movie = 'imgs/video_mar_luis.mp4'
0.0048 	EXP 	unnamed MovieStim3: ori = 0.0
0.0048 	EXP 	unnamed MovieStim3: autoLog = True
0.0048 	EXP 	unnamed MovieStim3: movie = 'imgs/song_titanic.mp4'
0.0048 	EXP 	unnamed MovieStim3: ori = 0.0
0.0048 	EXP 	unnamed MovieStim3: autoLog = True
0.0048 	EXP 	unnamed MovieStim3: movie = 'imgs/titanic_spanish.mp4'
0.0048 	EXP 	unnamed MovieStim3: ori = 0.0
0.0048 	EXP 	unnamed MovieStim3: autoLog = True
0.0048 	EXP 	unnamed MovieStim3: movie = 'imgs/titanic_spanish.mp4'
0.0048 	EXP 	unnamed MovieStim3: ori = 0.0
0.0048 	EXP 	unnamed MovieStim3: autoLog = True
0.0048 	EXP 	unnamed MovieStim3: movie = 'imgs/titanic.mp4'
0.0048 	EXP 	unnamed MovieStim3: ori = 0.0
0.0048 	EXP 	unnamed MovieStim3: autoLog = True
0.0048 	EXP 	unnamed MovieStim3: movie = 'imgs/video_mar_luis.mp4'
0.0048 	EXP 	unnamed MovieStim3: ori = 0.0
0.0048 	EXP 	unnamed MovieStim3: autoLog = True
0.0048 	EXP 	unnamed MovieStim3: movie = 'imgs/song_titanic.mp4'
0.0048 	EXP 	unnamed MovieStim3: ori = 0.0
0.0048 	EXP 	unnamed MovieStim3: autoLog = True
0.0048 	EXP 	unnamed MovieStim3: movie = 'imgs/titanic_spanish.mp4'
0.0048 	EXP 	unnamed MovieStim3: ori = 0.0
0.0048 	EXP 	unnamed MovieStim3: autoLog = True
0.0048 	EXP 	unnamed MovieStim3: movie = 'imgs/titanic_spanish.mp4'
0.0048 	EXP 	unnamed MovieStim3: ori = 0.0
0.0048 	EXP 	unnamed MovieStim3: autoLog = True
0.0048 	EXP 	unnamed MovieStim3: movie = 'imgs/titanic.mp4'
0.0048 	EXP 	unnamed MovieStim3: ori = 0.0
0.0048 	EXP 	unnamed MovieStim3: autoLog = True
0.0048 	EXP 	unnamed MovieStim3: movie = 'imgs/video_mar_luis.mp4'
0.0048 	EXP 	unnamed MovieStim3: ori = 0.0
0.0048 	EXP 	unnamed MovieStim3: autoLog = True
0.0048 	EXP 	unnamed MovieStim3: movie = 'imgs/song_titanic.mp4'
0.0048 	EXP 	unnamed MovieStim3: ori = 0.0
0.0048 	EXP 	unnamed MovieStim3: autoLog = True
0.0048 	EXP 	unnamed MovieStim3: movie = 'imgs/titanic_spanish.mp4'
0.0048 	EXP 	unnamed MovieStim3: ori = 0.0
0.0048 	EXP 	unnamed MovieStim3: autoLog = True
0.0048 	EXP 	unnamed MovieStim3: movie = 'imgs/titanic_spanish.mp4'
0.0048 	EXP 	unnamed MovieStim3: ori = 0.0
0.0048 	EXP 	unnamed MovieStim3: autoLog = True
0.0048 	EXP 	unnamed MovieStim3: movie = 'imgs/titanic.mp4'
0.0048 	EXP 	unnamed MovieStim3: ori = 0.0
0.0253 	EXP 	image_5: autoDraw = True
0.0253 	EXP 	text_6: autoDraw = True
3.0277 	EXP 	image_5: autoDraw = False
3.0277 	EXP 	text_6: autoDraw = False
3.0277 	EXP 	text_5: autoDraw = True
5.5844 	DATA 	Keypress: space
6.5554 	DATA 	Keypress: space
6.5643 	EXP 	text_5: autoDraw = False
6.5643 	EXP 	text_7: height = 0.05
6.5643 	EXP 	text_7: height = 0.05
6.5643 	EXP 	text_7: height = 0.05
6.5643 	EXP 	text_7: text = 'Ronda 1/4'
6.5643 	EXP 	text_7: autoDraw = True
8.6051 	EXP 	Imported imgs/iceberg_times.xlsx as conditions, 8 conditions, 3 params
8.6055 	EXP 	Created sequence: random, trialTypes=8, nReps=1, seed=None
8.6056 	EXP 	New trial (rep=0, index=0): {'timepresentation': 14, 'posx': 0, 'posy': 0.05}
8.6108 	EXP 	Sound  started
8.6111 	EXP 	New trial (rep=0, index=1): {'timepresentation': 9, 'posx': 0, 'posy': 0.05}
8.6159 	EXP 	New trial (rep=0, index=2): {'timepresentation': 8, 'posx': -0.6, 'posy': 0.05}
8.6205 	EXP 	New trial (rep=0, index=3): {'timepresentation': 13, 'posx': 0.7, 'posy': 0.05}
8.6248 	EXP 	New trial (rep=0, index=4): {'timepresentation': 5, 'posx': 0, 'posy': 0.05}
8.6292 	EXP 	New trial (rep=0, index=5): {'timepresentation': 15, 'posx': -0.2, 'posy': 0.05}
8.6336 	EXP 	New trial (rep=0, index=6): {'timepresentation': 8, 'posx': 0.3, 'posy': 0.05}
8.6377 	EXP 	New trial (rep=0, index=7): {'timepresentation': 11, 'posx': 0.7, 'posy': 0.05}
8.6538 	EXP 	Imported imgs/iceberg_times.xlsx as conditions, 8 conditions, 3 params
8.6541 	EXP 	Created sequence: random, trialTypes=8, nReps=1, seed=None
8.6542 	EXP 	New trial (rep=0, index=0): {'timepresentation': 5, 'posx': 0, 'posy': 0.05}
8.6585 	EXP 	Sound  started
8.6588 	EXP 	New trial (rep=0, index=1): {'timepresentation': 13, 'posx': 0.7, 'posy': 0.05}
8.6628 	EXP 	New trial (rep=0, index=2): {'timepresentation': 9, 'posx': 0, 'posy': 0.05}
8.6672 	EXP 	New trial (rep=0, index=3): {'timepresentation': 8, 'posx': 0.3, 'posy': 0.05}
8.6716 	EXP 	New trial (rep=0, index=4): {'timepresentation': 15, 'posx': -0.2, 'posy': 0.05}
8.6758 	EXP 	New trial (rep=0, index=5): {'timepresentation': 14, 'posx': 0, 'posy': 0.05}
8.6801 	EXP 	New trial (rep=0, index=6): {'timepresentation': 11, 'posx': 0.7, 'posy': 0.05}
8.6842 	EXP 	New trial (rep=0, index=7): {'timepresentation': 8, 'posx': -0.6, 'posy': 0.05}
8.7134 	EXP 	Sound  stopped
8.7258 	EXP 	Imported imgs/iceberg_times.xlsx as conditions, 8 conditions, 3 params
8.7261 	EXP 	Created sequence: random, trialTypes=8, nReps=1, seed=None
8.7262 	EXP 	New trial (rep=0, index=0): {'timepresentation': 13, 'posx': 0.7, 'posy': 0.05}
8.7263 	EXP 	Sound  started
8.7325 	WARNING 	0.5549354333197698: Video catchup needed, advancing self._nextFrameT from 0.4666666666666666 to 0.49999999999999994
8.7490 	EXP 	text_7: autoDraw = False
8.7490 	EXP 	image: image = 'imgs/iceberg.png'
8.7490 	EXP 	Set unnamed MovieStim3 playing
8.7490 	EXP 	image: autoDraw = False
8.7490 	EXP 	image: image = 'imgs/iceberg.png'
8.7490 	EXP 	image: autoDraw = False
8.7490 	EXP 	image: image = 'imgs/iceberg.png'
8.7490 	EXP 	image: autoDraw = False
8.7490 	EXP 	image: image = 'imgs/iceberg.png'
8.7490 	EXP 	image: autoDraw = False
8.7490 	EXP 	image: image = 'imgs/iceberg.png'
8.7490 	EXP 	image: autoDraw = False
8.7490 	EXP 	image: image = 'imgs/iceberg.png'
8.7490 	EXP 	image: autoDraw = False
8.7490 	EXP 	image: image = 'imgs/iceberg.png'
8.7490 	EXP 	image: autoDraw = False
8.7490 	EXP 	image: image = 'imgs/iceberg.png'
8.7490 	EXP 	image: autoDraw = False
8.7490 	EXP 	image_2: image = 'imgs/iceberg.png'
8.7490 	EXP 	Set unnamed MovieStim3 playing
8.7490 	EXP 	image_2: autoDraw = False
8.7490 	EXP 	image_2: image = 'imgs/iceberg.png'
8.7490 	EXP 	image_2: autoDraw = False
8.7490 	EXP 	image_2: image = 'imgs/iceberg.png'
8.7490 	EXP 	image_2: autoDraw = False
8.7490 	EXP 	image_2: image = 'imgs/iceberg.png'
8.7490 	EXP 	image_2: autoDraw = False
8.7490 	EXP 	image_2: image = 'imgs/iceberg.png'
8.7490 	EXP 	image_2: autoDraw = False
8.7490 	EXP 	image_2: image = 'imgs/iceberg.png'
8.7490 	EXP 	image_2: autoDraw = False
8.7490 	EXP 	image_2: image = 'imgs/iceberg.png'
8.7490 	EXP 	image_2: autoDraw = False
8.7490 	EXP 	image_2: image = 'imgs/iceberg.png'
8.7490 	EXP 	image_2: autoDraw = False
8.7490 	EXP 	Set unnamed MovieStim3 stopped
8.7490 	EXP 	Set unnamed MovieStim3 playing
8.7490 	EXP 	image_3: image = 'imgs/iceberg.png'
21.7292 	EXP 	image_3: autoDraw = True
23.4054 	EXP 	New trial (rep=0, index=1): {'timepresentation': 15, 'posx': -0.2, 'posy': 0.05}
23.4118 	DATA 	Keypress: space
23.4211 	EXP 	image_3: autoDraw = False
23.4211 	EXP 	image_3: image = 'imgs/iceberg.png'
38.4145 	EXP 	image_3: autoDraw = True
39.4044 	EXP 	New trial (rep=0, index=2): {'timepresentation': 8, 'posx': -0.6, 'posy': 0.05}
39.4110 	DATA 	Keypress: space
39.4299 	EXP 	image_3: autoDraw = False
39.4299 	EXP 	image_3: image = 'imgs/iceberg.png'
47.4055 	EXP 	image_3: autoDraw = True
49.3655 	EXP 	New trial (rep=0, index=3): {'timepresentation': 5, 'posx': 0, 'posy': 0.05}
49.3724 	DATA 	Keypress: space
49.3811 	EXP 	image_3: autoDraw = False
49.3811 	EXP 	image_3: image = 'imgs/iceberg.png'
50.1997 	DATA 	Keypress: escape
50.3308 	EXP 	tarea_iceberg: status = STOPPED
50.3408 	EXP 	tarea_iceberg: status = STOPPED
50.3889 	EXP 	window1: mouseVisible = True
