5.4903 	WARNING 	User requested fullscreen with size [1024  768], but screen is actually [1920, 1080]. Using actual size
6.2305 	EXP 	Created window1 = Window(allowGUI=True, allowStencil=False, autoLog=True, backendConf=UNKNOWN, backgroundFit=<method-wrapper '__getattribute__' of attributeSetter object at 0x000001CE2CC63CA0>, backgroundImage=<method-wrapper '__getattribute__' of attributeSetter object at 0x000001CE2CC63C40>, bitsMode=UNKNOWN, blendMode='avg', bpc=(8, 8, 8), color=array([0, 0, 0]), colorSpace='rgb', depthBits=8, fullscr=<method-wrapper '__getattribute__' of attributeSetter object at 0x000001CE2CC63A60>, gamma=None, gammaErrorPolicy='raise', lms=UNKNOWN, monitor=<psychopy.monitors.calibTools.Monitor object at 0x000001CE2D1ECC70>, multiSample=False, name='window1', numSamples=2, pos=(0, 0), screen=0, size=array([1920, 1080]), stencilBits=0, stereo=False, title='PsychoPy', units='height', useFBO=True, useRetina=False, viewOri=0.0, viewPos=None, viewScale=None, waitBlanking=True, winType='pyglet')
6.2307 	EXP 	window1: mouseVisible = True
6.2307 	EXP 	window1: backgroundImage = ''
6.2307 	EXP 	window1: backgroundFit = 'none'
6.2327 	EXP 	window1: Attempting to measure frame rate of screen (0) ...
6.2327 	EXP 	window1: recordFrameIntervals = False
6.3962 	EXP 	window1: recordFrameIntervals = True
6.5797 	EXP 	Screen (0) actual frame rate measured at 60.05Hz
6.5798 	EXP 	window1: recordFrameIntervals = False
6.5800 	EXP 	window1: mouseVisible = False
8.0512 	EXP 	tarea_iceberg: status = STARTED
8.0534 	EXP 	window1: mouseVisible = True
8.2019 	EXP 	window1: mouseVisible = True
8.2136 	EXP 	Created image = ImageStim(__class__=<class 'psychopy.visual.image.ImageStim'>, anchor=('center', 'center'), autoLog=True, color=array([1., 1., 1.]), colorSpace='rgb', contrast=1.0, depth=-1.0, draggable=False, flipHoriz=False, flipVert=False, image='default.png', interpolate=True, mask=None, maskParams=None, name='image', opacity=1.0, ori=0.0, pos=array([0., 0.]), size=array([0.35, 0.35]), texRes=128.0, units='height', win=Window(...))
8.2138 	EXP 	window1: mouseVisible = True
8.2621 	EXP 	Created text = TextStim(__class__=<class 'psychopy.visual.text.TextStim'>, alignHoriz=method-wrapper(...), alignText='center', alignVert=method-wrapper(...), anchorHoriz='center', anchorVert='center', antialias=True, autoDraw=False, autoLog=True, bold=False, color=array([1., 1., 1.]), colorSpace='rgb', contrast=1.0, depth=0.0, draggable=False, flipHoriz=False, flipVert=False, font='Open Sans', fontFiles=[], height=0.05, italic=False, languageStyle='LTR', name='text', opacity=1.0, ori=0.0, pos=array([0., 0.]), rgb=UNKNOWN, text='¡Empezamos la segunda ronda!', units='height', win=Window(...), wrapWidth=1)
8.2622 	EXP 	window1: mouseVisible = True
8.3623 	EXP 	window1: mouseVisible = True
8.3697 	EXP 	Created image_2 = ImageStim(__class__=<class 'psychopy.visual.image.ImageStim'>, anchor=('center', 'center'), autoLog=True, color=array([1., 1., 1.]), colorSpace='rgb', contrast=1.0, depth=-1.0, draggable=False, flipHoriz=False, flipVert=False, image='default.png', interpolate=True, mask=None, maskParams=None, name='image_2', opacity=1.0, ori=0.0, pos=array([0., 0.]), size=array([0.35, 0.35]), texRes=128.0, units='height', win=Window(...))
8.4540 	EXP 	Created unnamed MovieStim3 = MovieStim3(__class__=<class 'psychopy.visual.movie3.MovieStim3'>, anchor=('center', 'center'), autoLog=True, color=UNKNOWN, colorSpace=UNKNOWN, depth=0.0, filename='imgs/song_titanic.mp4', flipHoriz=False, flipVert=False, fps=UNKNOWN, interpolate=True, loop=False, name='unnamed MovieStim3', noAudio=False, opacity=1, ori=method-wrapper(...), pos=array([0., 0.]), size=None, units='pix', vframe_callback=UNKNOWN, volume=UNKNOWN, win=Window(...))
9.4120 	WARNING 	0.9578662000003533: Video catchup needed, advancing self._nextFrameT from 0.0 to 0.041666666666666664
9.4120 	WARNING 	0.9579185000002326: Video catchup needed, advancing self._nextFrameT from 0.041666666666666664 to 0.08333333333333333
9.4120 	WARNING 	0.9579327999999805: Video catchup needed, advancing self._nextFrameT from 0.08333333333333333 to 0.125
9.4120 	WARNING 	0.9579422000006161: Video catchup needed, advancing self._nextFrameT from 0.125 to 0.16666666666666666
9.4120 	WARNING 	0.9579510000003211: Video catchup needed, advancing self._nextFrameT from 0.16666666666666666 to 0.20833333333333331
9.4120 	WARNING 	0.9579601000004914: Video catchup needed, advancing self._nextFrameT from 0.20833333333333331 to 0.24999999999999997
9.4120 	WARNING 	0.9579680999995617: Video catchup needed, advancing self._nextFrameT from 0.24999999999999997 to 0.29166666666666663
9.4120 	WARNING 	0.9579759000007471: Video catchup needed, advancing self._nextFrameT from 0.29166666666666663 to 0.3333333333333333
9.4120 	WARNING 	0.9579845000007481: Video catchup needed, advancing self._nextFrameT from 0.3333333333333333 to 0.375
9.4121 	WARNING 	0.957992199999353: Video catchup needed, advancing self._nextFrameT from 0.375 to 0.4166666666666667
9.4121 	WARNING 	Max reportNDroppedFrames reached, will not log any more dropped frames
9.4455 	EXP 	window1: mouseVisible = True
9.4495 	EXP 	Created text_2 = TextStim(__class__=<class 'psychopy.visual.text.TextStim'>, alignHoriz=method-wrapper(...), alignText='center', alignVert=method-wrapper(...), anchorHoriz='center', anchorVert='center', antialias=True, autoDraw=False, autoLog=True, bold=False, color=array([1., 1., 1.]), colorSpace='rgb', contrast=1.0, depth=0.0, draggable=False, flipHoriz=False, flipVert=False, font='Open Sans', fontFiles=[], height=0.05, italic=False, languageStyle='LTR', name='text_2', opacity=1.0, ori=0.0, pos=array([0., 0.]), rgb=UNKNOWN, text='¡empezamos la tercera ronda!', units='height', win=Window(...), wrapWidth=1)
9.4496 	EXP 	window1: mouseVisible = True
9.5432 	EXP 	window1: mouseVisible = True
9.5510 	EXP 	Created image_3 = ImageStim(__class__=<class 'psychopy.visual.image.ImageStim'>, anchor=('center', 'center'), autoLog=True, color=array([1., 1., 1.]), colorSpace='rgb', contrast=1.0, depth=-1.0, draggable=False, flipHoriz=False, flipVert=False, image='default.png', interpolate=True, mask=None, maskParams=None, name='image_3', opacity=1.0, ori=0.0, pos=array([0., 0.]), size=array([0.35, 0.35]), texRes=128.0, units='height', win=Window(...))
9.5511 	EXP 	Created unnamed MovieStim3 = MovieStim3(__class__=<class 'psychopy.visual.movie3.MovieStim3'>, anchor=('center', 'center'), autoLog=True, color=UNKNOWN, colorSpace=UNKNOWN, depth=0.0, filename='imgs/video_celine.mp4', flipHoriz=False, flipVert=False, fps=UNKNOWN, interpolate=True, loop=False, name='unnamed MovieStim3', noAudio=False, opacity=1, ori=method-wrapper(...), pos=array([0., 0.]), size=None, units='pix', vframe_callback=UNKNOWN, volume=UNKNOWN, win=Window(...))
10.7912 	WARNING 	1.2399963999996544: Video catchup needed, advancing self._nextFrameT from 0.0 to 0.03336666666666667
10.7912 	WARNING 	1.2400318999989395: Video catchup needed, advancing self._nextFrameT from 0.03336666666666667 to 0.06673333333333334
10.7912 	WARNING 	1.2400435999988986: Video catchup needed, advancing self._nextFrameT from 0.06673333333333334 to 0.10010000000000001
10.7912 	WARNING 	1.2400539999998728: Video catchup needed, advancing self._nextFrameT from 0.10010000000000001 to 0.13346666666666668
10.7912 	WARNING 	1.2400636999991548: Video catchup needed, advancing self._nextFrameT from 0.13346666666666668 to 0.16683333333333333
10.7912 	WARNING 	1.240072799999325: Video catchup needed, advancing self._nextFrameT from 0.16683333333333333 to 0.2002
10.7912 	WARNING 	1.240081799998734: Video catchup needed, advancing self._nextFrameT from 0.2002 to 0.23356666666666664
10.7913 	WARNING 	1.2400906000002578: Video catchup needed, advancing self._nextFrameT from 0.23356666666666664 to 0.2669333333333333
10.7913 	WARNING 	1.2400997999993706: Video catchup needed, advancing self._nextFrameT from 0.2669333333333333 to 0.30029999999999996
10.7913 	WARNING 	1.2401093999997101: Video catchup needed, advancing self._nextFrameT from 0.30029999999999996 to 0.3336666666666666
10.7913 	WARNING 	Max reportNDroppedFrames reached, will not log any more dropped frames
11.0988 	EXP 	window1: mouseVisible = True
11.1030 	EXP 	Created text_3 = TextStim(__class__=<class 'psychopy.visual.text.TextStim'>, alignHoriz=method-wrapper(...), alignText='center', alignVert=method-wrapper(...), anchorHoriz='center', anchorVert='center', antialias=True, autoDraw=False, autoLog=True, bold=False, color=array([1., 1., 1.]), colorSpace='rgb', contrast=1.0, depth=0.0, draggable=False, flipHoriz=False, flipVert=False, font='Open Sans', fontFiles=[], height=0.05, italic=False, languageStyle='LTR', name='text_3', opacity=1.0, ori=0.0, pos=array([0., 0.]), rgb=UNKNOWN, text='¡última ronda!', units='height', win=Window(...), wrapWidth=1)
11.1031 	EXP 	window1: mouseVisible = True
11.1828 	EXP 	Created unnamed MovieStim3 = MovieStim3(__class__=<class 'psychopy.visual.movie3.MovieStim3'>, anchor=('center', 'center'), autoLog=True, color=UNKNOWN, colorSpace=UNKNOWN, depth=0.0, filename='imgs/video_celine.mp4', flipHoriz=False, flipVert=False, fps=UNKNOWN, interpolate=True, loop=False, name='unnamed MovieStim3', noAudio=False, opacity=1, ori=method-wrapper(...), pos=array([0., 0.]), size=None, units='pix', vframe_callback=UNKNOWN, volume=UNKNOWN, win=Window(...))
12.4526 	WARNING 	1.2697442999997293: Video catchup needed, advancing self._nextFrameT from 0.0 to 0.03336666666666667
12.4526 	WARNING 	1.2697929000005388: Video catchup needed, advancing self._nextFrameT from 0.03336666666666667 to 0.06673333333333334
12.4526 	WARNING 	1.2698032000007515: Video catchup needed, advancing self._nextFrameT from 0.06673333333333334 to 0.10010000000000001
12.4526 	WARNING 	1.269811899999695: Video catchup needed, advancing self._nextFrameT from 0.10010000000000001 to 0.13346666666666668
12.4526 	WARNING 	1.2698201000002882: Video catchup needed, advancing self._nextFrameT from 0.13346666666666668 to 0.16683333333333333
12.4526 	WARNING 	1.2698281000011775: Video catchup needed, advancing self._nextFrameT from 0.16683333333333333 to 0.2002
12.4526 	WARNING 	1.269838100000925: Video catchup needed, advancing self._nextFrameT from 0.2002 to 0.23356666666666664
12.4526 	WARNING 	1.2698460000010527: Video catchup needed, advancing self._nextFrameT from 0.23356666666666664 to 0.2669333333333333
12.4526 	WARNING 	1.2698536999996577: Video catchup needed, advancing self._nextFrameT from 0.2669333333333333 to 0.30029999999999996
12.4526 	WARNING 	1.2698614000000816: Video catchup needed, advancing self._nextFrameT from 0.30029999999999996 to 0.3336666666666666
12.4527 	WARNING 	Max reportNDroppedFrames reached, will not log any more dropped frames
0.0041 	EXP 	movie: autoLog = True
0.0041 	EXP 	movie_2: autoLog = True
0.0041 	EXP 	unnamed MovieStim3: autoLog = True
0.0041 	EXP 	unnamed MovieStim3: movie = 'imgs/song_titanic.mp4'
0.0041 	EXP 	unnamed MovieStim3: ori = 0.0
0.0041 	EXP 	movie_3: autoLog = True
0.0041 	EXP 	unnamed MovieStim3: autoLog = True
0.0041 	EXP 	unnamed MovieStim3: movie = 'imgs/video_celine.mp4'
0.0041 	EXP 	unnamed MovieStim3: ori = 0.0
0.0041 	EXP 	movie_4: autoLog = True
0.0041 	EXP 	unnamed MovieStim3: autoLog = True
0.0041 	EXP 	unnamed MovieStim3: movie = 'imgs/video_celine.mp4'
0.0041 	EXP 	unnamed MovieStim3: ori = 0.0
0.0087 	EXP 	Imported imgs/trials_fake.xlsx as conditions, 2 conditions, 3 params
0.0090 	EXP 	Created sequence: random, trialTypes=2, nReps=1, seed=None
0.0092 	EXP 	New trial (rep=0, index=0): {'timepresentation': 2, 'posx': -0.8, 'posy': 0.15}
0.0419 	EXP 	image: image = 'imgs/iceberg.png'
0.0419 	EXP 	movie: autoDraw = True
2.0111 	EXP 	image: autoDraw = True
2.4090 	EXP 	New trial (rep=0, index=1): {'timepresentation': 2, 'posx': -0.7, 'posy': 0.15}
2.4577 	DATA 	Keypress: space
2.4649 	EXP 	movie: autoDraw = False
2.4649 	EXP 	image: autoDraw = False
2.4649 	EXP 	image: image = 'imgs/iceberg.png'
2.4649 	EXP 	movie: autoDraw = True
4.4224 	EXP 	image: autoDraw = True
4.8351 	DATA 	Keypress: space
4.8366 	EXP 	movie: autoDraw = False
4.8366 	EXP 	image: autoDraw = False
4.8366 	EXP 	text: autoDraw = True
5.8393 	EXP 	Imported imgs/trials_fake.xlsx as conditions, 2 conditions, 3 params
5.8395 	EXP 	Created sequence: random, trialTypes=2, nReps=1, seed=None
5.8396 	EXP 	New trial (rep=0, index=0): {'timepresentation': 2, 'posx': -0.7, 'posy': 0.15}
5.8442 	EXP 	Sound  started
5.8886 	EXP 	text: autoDraw = False
5.8886 	EXP 	image_2: image = 'imgs/iceberg.png'
5.8886 	EXP 	Set unnamed MovieStim3 playing
5.8886 	EXP 	movie_2: autoDraw = True
7.8366 	EXP 	image_2: autoDraw = True
8.3011 	EXP 	New trial (rep=0, index=1): {'timepresentation': 2, 'posx': -0.8, 'posy': 0.15}
8.3505 	DATA 	Keypress: space
8.3566 	EXP 	movie_2: autoDraw = False
8.3566 	EXP 	image_2: autoDraw = False
8.3566 	EXP 	image_2: image = 'imgs/iceberg.png'
8.3566 	EXP 	movie_2: autoDraw = True
10.3023 	EXP 	image_2: autoDraw = True
10.8717 	EXP 	Sound  stopped
10.8739 	DATA 	Keypress: space
10.8756 	EXP 	movie_2: autoDraw = False
10.8756 	EXP 	image_2: autoDraw = False
10.8756 	EXP 	Set unnamed MovieStim3 stopped
10.8756 	EXP 	text_2: autoDraw = True
11.8680 	EXP 	Imported imgs/trials_fake.xlsx as conditions, 2 conditions, 3 params
11.8683 	EXP 	Created sequence: random, trialTypes=2, nReps=1, seed=None
11.8684 	EXP 	New trial (rep=0, index=0): {'timepresentation': 2, 'posx': -0.7, 'posy': 0.15}
11.8726 	EXP 	Sound  started
11.9021 	EXP 	text_2: autoDraw = False
11.9021 	EXP 	text_2: autoDraw = False
11.9021 	EXP 	image_3: image = 'imgs/iceberg.png'
11.9021 	EXP 	Set unnamed MovieStim3 playing
11.9021 	EXP 	movie_3: autoDraw = True
13.8884 	EXP 	image_3: autoDraw = True
14.3533 	EXP 	New trial (rep=0, index=1): {'timepresentation': 2, 'posx': -0.8, 'posy': 0.15}
14.3937 	WARNING 	3.688980133334553: Video catchup needed, advancing self._nextFrameT from 3.536866666666674 to 3.570233333333341
14.3938 	WARNING 	3.6890328333338402: Video catchup needed, advancing self._nextFrameT from 3.570233333333341 to 3.6036000000000077
14.3938 	WARNING 	3.689055733333589: Video catchup needed, advancing self._nextFrameT from 3.6036000000000077 to 3.6369666666666745
14.4556 	DATA 	Keypress: space
14.4636 	EXP 	movie_3: autoDraw = False
14.4636 	EXP 	image_3: autoDraw = False
14.4636 	EXP 	image_3: image = 'imgs/iceberg.png'
14.4636 	EXP 	movie_3: autoDraw = True
14.4637 	WARNING 	3.758930533333114: Video catchup needed, advancing self._nextFrameT from 3.670333333333341 to 3.703700000000008
16.3954 	EXP 	image_3: autoDraw = True
17.2434 	EXP 	Sound  stopped
17.2455 	DATA 	Keypress: space
17.2498 	EXP 	movie_3: autoDraw = False
17.2498 	EXP 	image_3: autoDraw = False
17.2498 	EXP 	Set unnamed MovieStim3 stopped
17.2498 	EXP 	text_3: autoDraw = True
18.2479 	EXP 	Imported imgs/trials_iceberg_3.xlsx as conditions, 8 conditions, 3 params
18.2482 	EXP 	Created sequence: random, trialTypes=8, nReps=1, seed=None
18.2483 	EXP 	New trial (rep=0, index=0): {'timepresentation': 12, 'posx': 0.8, 'posy': 0.1}
18.2483 	EXP 	Sound  started
18.2822 	EXP 	text_3: autoDraw = False
18.2822 	EXP 	text_3: autoDraw = False
18.2822 	EXP 	Set unnamed MovieStim3 playing
18.2822 	EXP 	movie_4: autoDraw = True
18.5880 	WARNING 	1.5408208000008017: Video catchup needed, advancing self._nextFrameT from 1.4681333333333346 to 1.5015000000000014
18.6489 	WARNING 	1.6017088999997213: Video catchup needed, advancing self._nextFrameT from 1.5348666666666682 to 1.568233333333335
18.7856 	WARNING 	1.7384053999994649: Video catchup needed, advancing self._nextFrameT from 1.6683333333333352 to 1.701700000000002
18.9182 	WARNING 	1.8710647000007157: Video catchup needed, advancing self._nextFrameT from 1.8018000000000023 to 1.835166666666669
19.0519 	WARNING 	2.0047403999997186: Video catchup needed, advancing self._nextFrameT from 1.9352666666666694 to 1.9686333333333361
19.1847 	WARNING 	2.1375736000009056: Video catchup needed, advancing self._nextFrameT from 2.0687333333333364 to 2.102100000000003
19.3187 	WARNING 	2.2715353000003233: Video catchup needed, advancing self._nextFrameT from 2.2022000000000035 to 2.2355666666666703
19.4497 	WARNING 	2.4025698000004923: Video catchup needed, advancing self._nextFrameT from 2.3356666666666706 to 2.3690333333333373
19.5861 	WARNING 	2.538911999999982: Video catchup needed, advancing self._nextFrameT from 2.4691333333333376 to 2.5025000000000044
19.7222 	WARNING 	2.675065800000084: Video catchup needed, advancing self._nextFrameT from 2.6026000000000047 to 2.6359666666666715
19.7223 	WARNING 	Max reportNDroppedFrames reached, will not log any more dropped frames
23.3280 	EXP 	New trial (rep=0, index=1): {'timepresentation': 5, 'posx': -0.6, 'posy': 0.15}
23.4741 	DATA 	Keypress: space
23.4844 	EXP 	movie_4: autoDraw = False
23.4844 	EXP 	movie_4: autoDraw = True
24.7513 	DATA 	Keypress: space
24.8728 	EXP 	New trial (rep=0, index=2): {'timepresentation': 7, 'posx': 0.7, 'posy': 0.1}
25.0471 	EXP 	movie_4: autoDraw = False
25.0471 	EXP 	movie_4: autoDraw = True
26.3509 	DATA 	Keypress: escape
26.5160 	EXP 	tarea_iceberg: status = STOPPED
26.5174 	EXP 	movie_4: autoDraw = False
26.5174 	EXP 	tarea_iceberg: status = STOPPED
26.6967 	EXP 	window1: mouseVisible = True
