6.7724 	WARNING 	User requested fullscreen with size [1536  864], but screen is actually [1920, 1080]. Using actual size
7.5109 	EXP 	Created window1 = Window(allowGUI=True, allowStencil=False, autoLog=True, backendConf=UNKNOWN, backgroundFit=<method-wrapper '__getattribute__' of attributeSetter object at 0x00000227ACEF7C70>, backgroundImage=<method-wrapper '__getattribute__' of attributeSetter object at 0x00000227ACEF7C10>, bitsMode=UNKNOWN, blendMode='avg', bpc=(8, 8, 8), color=array([0, 0, 0]), colorSpace='rgb', depthBits=8, fullscr=<method-wrapper '__getattribute__' of attributeSetter object at 0x00000227ACEF7A30>, gamma=None, gammaErrorPolicy='raise', lms=UNKNOWN, monitor=<psychopy.monitors.calibTools.Monitor object at 0x00000227B87A00A0>, multiSample=False, name='window1', numSamples=2, pos=(0, 0), screen=0, size=array([1920, 1080]), stencilBits=0, stereo=False, title='PsychoPy', units='height', useFBO=True, useRetina=False, viewOri=0.0, viewPos=None, viewScale=None, waitBlanking=True, winType='pyglet')
7.5110 	EXP 	window1: mouseVisible = True
7.5111 	EXP 	window1: backgroundImage = ''
7.5111 	EXP 	window1: backgroundFit = 'none'
7.5133 	EXP 	window1: Attempting to measure frame rate of screen (0) ...
7.5133 	EXP 	window1: recordFrameIntervals = False
7.6767 	EXP 	window1: recordFrameIntervals = True
7.8598 	EXP 	Screen (0) actual frame rate measured at 60.26Hz
7.8598 	EXP 	window1: recordFrameIntervals = False
7.8599 	EXP 	window1: mouseVisible = False
10.3628 	EXP 	tarea_iceberg: status = STARTED
10.3631 	EXP 	window1: mouseVisible = True
10.3637 	WARNING 	Requested image 'imgs/logo_OB.jpeg' not found but similar filename 'imgs/logo_OB.png' exists. This will be used instead but changing the filename is advised.
10.3805 	WARNING 	Requested image 'imgs/logo_OB.jpeg' not found but similar filename 'imgs/logo_OB.png' exists. This will be used instead but changing the filename is advised.
10.3846 	WARNING 	Requested image 'imgs/logo_OB.jpeg' not found but similar filename 'imgs/logo_OB.png' exists. This will be used instead but changing the filename is advised.
10.3883 	WARNING 	Requested image 'imgs/logo_OB.jpeg' not found but similar filename 'imgs/logo_OB.png' exists. This will be used instead but changing the filename is advised.
10.3932 	EXP 	Created image_5 = ImageStim(__class__=<class 'psychopy.visual.image.ImageStim'>, anchor=('center', 'center'), autoLog=True, color=array([1., 1., 1.]), colorSpace='rgb', contrast=1.0, depth=0.0, draggable=False, flipHoriz=False, flipVert=False, image='imgs/logo_OB.jpeg', interpolate=True, mask=None, maskParams=None, name='image_5', opacity=1.0, ori=0.0, pos=array([0., 0.]), size=array([0.6, 0.7]), texRes=128.0, units='height', win=Window(...))
10.3934 	EXP 	window1: mouseVisible = True
10.4729 	EXP 	Created text_6 = TextStim(__class__=<class 'psychopy.visual.text.TextStim'>, alignHoriz=method-wrapper(...), alignText='center', alignVert=method-wrapper(...), anchorHoriz='center', anchorVert='center', antialias=True, autoDraw=False, autoLog=True, bold=False, color=array([1., 1., 1.]), colorSpace='rgb', contrast=1.0, depth=-1.0, draggable=False, flipHoriz=False, flipVert=False, font='Open Sans', fontFiles=[], height=0.04, italic=False, languageStyle='LTR', name='text_6', opacity=1.0, ori=0.0, pos=array([ 0.  , -0.35]), rgb=UNKNOWN, text='¡Bienvenido a un experimento de Open Brains!', units='height', win=Window(...), wrapWidth=1)
10.4731 	EXP 	window1: mouseVisible = True
10.4951 	EXP 	Created text_5 = TextStim(__class__=<class 'psychopy.visual.text.TextStim'>, alignHoriz=method-wrapper(...), alignText='center', alignVert=method-wrapper(...), anchorHoriz='center', anchorVert='center', antialias=True, autoDraw=False, autoLog=True, bold=False, color=array([1., 1., 1.]), colorSpace='rgb', contrast=1.0, depth=0.0, draggable=False, flipHoriz=False, flipVert=False, font='Open Sans', fontFiles=[], height=0.035, italic=False, languageStyle='LTR', name='text_5', opacity=1.0, ori=0.0, pos=array([0., 0.]), rgb=UNKNOWN, text=str(...), units='height', win=Window(...), wrapWidth=1)
10.4953 	EXP 	window1: mouseVisible = True
10.4965 	EXP 	Created text_7 = TextStim(__class__=<class 'psychopy.visual.text.TextStim'>, alignHoriz=method-wrapper(...), alignText='center', alignVert=method-wrapper(...), anchorHoriz='center', anchorVert='center', antialias=True, autoDraw=False, autoLog=True, bold=False, color=array([1., 1., 1.]), colorSpace='rgb', contrast=1.0, depth=0.0, draggable=False, flipHoriz=False, flipVert=False, font='Open Sans', fontFiles=[], height=0.05, italic=False, languageStyle='LTR', name='text_7', opacity=1.0, ori=0.0, pos=array([0., 0.]), rgb=UNKNOWN, text='', units='height', win=Window(...), wrapWidth=1)
10.4966 	EXP 	window1: mouseVisible = True
10.5146 	EXP 	Created image = ImageStim(__class__=<class 'psychopy.visual.image.ImageStim'>, anchor=('center', 'center'), autoLog=True, color=array([1., 1., 1.]), colorSpace='rgb', contrast=1.0, depth=-1.0, draggable=False, flipHoriz=False, flipVert=False, image='default.png', interpolate=True, mask=None, maskParams=None, name='image', opacity=1.0, ori=0.0, pos=array([0., 0.]), size=array([0.35, 0.35]), texRes=128.0, units='height', win=Window(...))
10.6717 	EXP 	Created unnamed MovieStim3 = MovieStim3(__class__=<class 'psychopy.visual.movie3.MovieStim3'>, anchor=('center', 'center'), autoLog=True, color=UNKNOWN, colorSpace=UNKNOWN, depth=0.0, filename='imgs/video_mar.mp4', flipHoriz=False, flipVert=False, fps=UNKNOWN, interpolate=True, loop=True, name='unnamed MovieStim3', noAudio=False, opacity=1, ori=method-wrapper(...), pos=array([0., 0.]), size=None, units='pix', vframe_callback=UNKNOWN, volume=UNKNOWN, win=Window(...))
11.8717 	WARNING 	1.1999586000019917: Video catchup needed, advancing self._nextFrameT from 0.0 to 0.04
11.8718 	WARNING 	1.2000048000045354: Video catchup needed, advancing self._nextFrameT from 0.04 to 0.08
11.8718 	WARNING 	1.200020999996923: Video catchup needed, advancing self._nextFrameT from 0.08 to 0.12
11.8718 	WARNING 	1.2000355000054697: Video catchup needed, advancing self._nextFrameT from 0.12 to 0.16
11.8718 	WARNING 	1.2000494999956572: Video catchup needed, advancing self._nextFrameT from 0.16 to 0.2
11.8718 	WARNING 	1.2000635000003967: Video catchup needed, advancing self._nextFrameT from 0.2 to 0.24000000000000002
11.8718 	WARNING 	1.200078299996676: Video catchup needed, advancing self._nextFrameT from 0.24000000000000002 to 0.28
11.8718 	WARNING 	1.2000960000004852: Video catchup needed, advancing self._nextFrameT from 0.28 to 0.32
11.8719 	WARNING 	1.2001101000059862: Video catchup needed, advancing self._nextFrameT from 0.32 to 0.36
11.8719 	WARNING 	1.2001249000022653: Video catchup needed, advancing self._nextFrameT from 0.36 to 0.39999999999999997
11.8720 	WARNING 	Max reportNDroppedFrames reached, will not log any more dropped frames
12.1523 	EXP 	window1: mouseVisible = True
12.1623 	EXP 	Created image_2 = ImageStim(__class__=<class 'psychopy.visual.image.ImageStim'>, anchor=('center', 'center'), autoLog=True, color=array([1., 1., 1.]), colorSpace='rgb', contrast=1.0, depth=-1.0, draggable=False, flipHoriz=False, flipVert=False, image='default.png', interpolate=True, mask=None, maskParams=None, name='image_2', opacity=1.0, ori=0.0, pos=array([0., 0.]), size=array([0.35, 0.35]), texRes=128.0, units='height', win=Window(...))
12.1626 	EXP 	Created unnamed MovieStim3 = MovieStim3(__class__=<class 'psychopy.visual.movie3.MovieStim3'>, anchor=('center', 'center'), autoLog=True, color=UNKNOWN, colorSpace=UNKNOWN, depth=0.0, filename='imgs/song_titanic.mp4', flipHoriz=False, flipVert=False, fps=UNKNOWN, interpolate=True, loop=False, name='unnamed MovieStim3', noAudio=False, opacity=1, ori=method-wrapper(...), pos=array([0., 0.]), size=None, units='pix', vframe_callback=UNKNOWN, volume=UNKNOWN, win=Window(...))
13.2100 	WARNING 	1.0473189000040293: Video catchup needed, advancing self._nextFrameT from 0.0 to 0.041666666666666664
13.2100 	WARNING 	1.0473548000009032: Video catchup needed, advancing self._nextFrameT from 0.041666666666666664 to 0.08333333333333333
13.2100 	WARNING 	1.0473678999987897: Video catchup needed, advancing self._nextFrameT from 0.08333333333333333 to 0.125
13.2100 	WARNING 	1.0473787999944761: Video catchup needed, advancing self._nextFrameT from 0.125 to 0.16666666666666666
13.2100 	WARNING 	1.0473887999978615: Video catchup needed, advancing self._nextFrameT from 0.16666666666666666 to 0.20833333333333331
13.2100 	WARNING 	1.0473984999989625: Video catchup needed, advancing self._nextFrameT from 0.20833333333333331 to 0.24999999999999997
13.2100 	WARNING 	1.0474085000023479: Video catchup needed, advancing self._nextFrameT from 0.24999999999999997 to 0.29166666666666663
13.2100 	WARNING 	1.0474184999911813: Video catchup needed, advancing self._nextFrameT from 0.29166666666666663 to 0.3333333333333333
13.2101 	WARNING 	1.0474278000037884: Video catchup needed, advancing self._nextFrameT from 0.3333333333333333 to 0.375
13.2101 	WARNING 	1.0474376999918604: Video catchup needed, advancing self._nextFrameT from 0.375 to 0.4166666666666667
13.2101 	WARNING 	Max reportNDroppedFrames reached, will not log any more dropped frames
13.2342 	EXP 	Created unnamed MovieStim3 = MovieStim3(__class__=<class 'psychopy.visual.movie3.MovieStim3'>, anchor=('center', 'center'), autoLog=True, color=UNKNOWN, colorSpace=UNKNOWN, depth=0.0, filename='imgs/titanic_spanish.mp4', flipHoriz=False, flipVert=False, fps=UNKNOWN, interpolate=True, loop=False, name='unnamed MovieStim3', noAudio=False, opacity=1, ori=method-wrapper(...), pos=array([0., 0.]), size=None, units='pix', vframe_callback=UNKNOWN, volume=UNKNOWN, win=Window(...))
14.7829 	WARNING 	1.5485931000002893: Video catchup needed, advancing self._nextFrameT from 0.0 to 0.04
14.7829 	WARNING 	1.548628300006385: Video catchup needed, advancing self._nextFrameT from 0.04 to 0.08
14.7829 	WARNING 	1.5486412000027485: Video catchup needed, advancing self._nextFrameT from 0.08 to 0.12
14.7829 	WARNING 	1.5486520000122255: Video catchup needed, advancing self._nextFrameT from 0.12 to 0.16
14.7830 	WARNING 	1.5486613000102807: Video catchup needed, advancing self._nextFrameT from 0.16 to 0.2
14.7830 	WARNING 	1.548678999999538: Video catchup needed, advancing self._nextFrameT from 0.2 to 0.24000000000000002
14.7830 	WARNING 	1.5486910000036005: Video catchup needed, advancing self._nextFrameT from 0.24000000000000002 to 0.28
14.7830 	WARNING 	1.5487022000015713: Video catchup needed, advancing self._nextFrameT from 0.28 to 0.32
14.7830 	WARNING 	1.548711200011894: Video catchup needed, advancing self._nextFrameT from 0.32 to 0.36
14.7830 	WARNING 	1.5487216000037733: Video catchup needed, advancing self._nextFrameT from 0.36 to 0.39999999999999997
14.7830 	WARNING 	Max reportNDroppedFrames reached, will not log any more dropped frames
14.8211 	EXP 	window1: mouseVisible = True
14.8304 	EXP 	Created image_3 = ImageStim(__class__=<class 'psychopy.visual.image.ImageStim'>, anchor=('center', 'center'), autoLog=True, color=array([1., 1., 1.]), colorSpace='rgb', contrast=1.0, depth=-3.0, draggable=False, flipHoriz=False, flipVert=False, image='default.png', interpolate=True, mask=None, maskParams=None, name='image_3', opacity=1.0, ori=0.0, pos=array([0., 0.]), size=array([0.35, 0.35]), texRes=128.0, units='height', win=Window(...))
14.8306 	EXP 	Created unnamed MovieStim3 = MovieStim3(__class__=<class 'psychopy.visual.movie3.MovieStim3'>, anchor=('center', 'center'), autoLog=True, color=UNKNOWN, colorSpace=UNKNOWN, depth=0.0, filename='imgs/titanic.mp4', flipHoriz=False, flipVert=False, fps=UNKNOWN, interpolate=True, loop=False, name='unnamed MovieStim3', noAudio=False, opacity=1, ori=method-wrapper(...), pos=array([  0., 100.]), size=None, units='pix', vframe_callback=UNKNOWN, volume=UNKNOWN, win=Window(...))
16.2419 	WARNING 	1.4111983999900986: Video catchup needed, advancing self._nextFrameT from 0.0 to 0.03336666666666667
16.2419 	WARNING 	1.4112399999867193: Video catchup needed, advancing self._nextFrameT from 0.03336666666666667 to 0.06673333333333334
16.2419 	WARNING 	1.4112521999923047: Video catchup needed, advancing self._nextFrameT from 0.06673333333333334 to 0.10010000000000001
16.2419 	WARNING 	1.411263299989514: Video catchup needed, advancing self._nextFrameT from 0.10010000000000001 to 0.13346666666666668
16.2419 	WARNING 	1.4112732999928994: Video catchup needed, advancing self._nextFrameT from 0.13346666666666668 to 0.16683333333333333
16.2419 	WARNING 	1.411284199988586: Video catchup needed, advancing self._nextFrameT from 0.16683333333333333 to 0.2002
16.2419 	WARNING 	1.4112970999995014: Video catchup needed, advancing self._nextFrameT from 0.2002 to 0.23356666666666664
16.2419 	WARNING 	1.411307799993665: Video catchup needed, advancing self._nextFrameT from 0.23356666666666664 to 0.2669333333333333
16.2420 	WARNING 	1.4113192999939201: Video catchup needed, advancing self._nextFrameT from 0.2669333333333333 to 0.30029999999999996
16.2420 	WARNING 	1.4113292999973055: Video catchup needed, advancing self._nextFrameT from 0.30029999999999996 to 0.3336666666666666
16.2420 	WARNING 	Max reportNDroppedFrames reached, will not log any more dropped frames
16.2761 	EXP 	window1: mouseVisible = True
16.2876 	EXP 	Created image_4 = ImageStim(__class__=<class 'psychopy.visual.image.ImageStim'>, anchor=('center', 'center'), autoLog=True, color=array([1., 1., 1.]), colorSpace='rgb', contrast=1.0, depth=-4.0, draggable=False, flipHoriz=False, flipVert=False, image='default.png', interpolate=True, mask=None, maskParams=None, name='image_4', opacity=1.0, ori=0.0, pos=array([0., 0.]), size=array([0.35, 0.35]), texRes=128.0, units='height', win=Window(...))
16.2877 	EXP 	window1: mouseVisible = True
16.3001 	EXP 	Created text_4 = TextStim(__class__=<class 'psychopy.visual.text.TextStim'>, alignHoriz=method-wrapper(...), alignText='center', alignVert=method-wrapper(...), anchorHoriz='center', anchorVert='center', antialias=True, autoDraw=False, autoLog=True, bold=False, color=array([1., 1., 1.]), colorSpace='rgb', contrast=1.0, depth=0.0, draggable=False, flipHoriz=False, flipVert=False, font='Open Sans', fontFiles=[], height=0.05, italic=False, languageStyle='LTR', name='text_4', opacity=1.0, ori=0.0, pos=array([0., 0.]), rgb=UNKNOWN, text='¡Muchas gracias por participar!', units='height', win=Window(...), wrapWidth=1)
0.0022 	EXP 	unnamed MovieStim3: autoLog = True
0.0022 	EXP 	unnamed MovieStim3: movie = 'imgs/video_mar.mp4'
0.0022 	EXP 	unnamed MovieStim3: ori = 0.0
0.0022 	EXP 	unnamed MovieStim3: autoLog = True
0.0022 	EXP 	unnamed MovieStim3: movie = 'imgs/song_titanic.mp4'
0.0022 	EXP 	unnamed MovieStim3: ori = 0.0
0.0022 	EXP 	unnamed MovieStim3: autoLog = True
0.0022 	EXP 	unnamed MovieStim3: movie = 'imgs/titanic_spanish.mp4'
0.0022 	EXP 	unnamed MovieStim3: ori = 0.0
0.0022 	EXP 	unnamed MovieStim3: autoLog = True
0.0022 	EXP 	unnamed MovieStim3: movie = 'imgs/titanic.mp4'
0.0022 	EXP 	unnamed MovieStim3: ori = 0.0
0.0170 	EXP 	image_5: autoDraw = True
0.0170 	EXP 	text_6: autoDraw = True
3.0185 	EXP 	image_5: autoDraw = False
3.0185 	EXP 	text_6: autoDraw = False
3.0185 	EXP 	text_5: autoDraw = True
6.2068 	EXP 	Imported imgs/routines_order.xlsx as conditions, 4 conditions, 1 params
6.2072 	EXP 	Created sequence: sequential, trialTypes=4, nReps=1, seed=None
6.2074 	EXP 	New trial (rep=0, index=0): {'routineName': 'music_video'}
6.2160 	DATA 	Keypress: space
6.2169 	EXP 	text_5: autoDraw = False
6.2169 	EXP 	text_7: height = 0.05
6.2169 	EXP 	text_7: height = 0.05
6.2169 	EXP 	text_7: height = 0.05
6.2169 	EXP 	text_7: text = 'Nueva ronda'
6.2169 	EXP 	text_7: autoDraw = True
8.2250 	EXP 	Imported imgs/iceberg_times.xlsx as conditions, 2 conditions, 3 params
8.2253 	EXP 	Created sequence: random, trialTypes=2, nReps=1, seed=None
8.2255 	EXP 	New trial (rep=0, index=0): {'timepresentation': 3, 'posx': 0.6, 'posy': 0.1}
8.2317 	EXP 	Sound  started
8.2321 	EXP 	New trial (rep=0, index=1): {'timepresentation': 14, 'posx': 0.9, 'posy': 0.1}
8.2482 	EXP 	Imported imgs/iceberg_times.xlsx as conditions, 2 conditions, 3 params
8.2485 	EXP 	Created sequence: random, trialTypes=2, nReps=1, seed=None
8.2487 	EXP 	New trial (rep=0, index=0): {'timepresentation': 14, 'posx': 0.9, 'posy': 0.1}
8.2543 	EXP 	Sound  started
8.2546 	EXP 	New trial (rep=0, index=1): {'timepresentation': 3, 'posx': 0.6, 'posy': 0.1}
8.2888 	EXP 	Sound  stopped
8.2973 	EXP 	Imported imgs/iceberg_times.xlsx as conditions, 2 conditions, 3 params
8.2977 	EXP 	Created sequence: random, trialTypes=2, nReps=1, seed=None
8.2978 	EXP 	New trial (rep=0, index=0): {'timepresentation': 14, 'posx': 0.9, 'posy': 0.1}
8.2978 	EXP 	Sound  started
8.3065 	EXP 	New trial (rep=0, index=1): {'timepresentation': 3, 'posx': 0.6, 'posy': 0.1}
8.3379 	EXP 	Sound  stopped
8.3462 	EXP 	Imported imgs/iceberg_times.xlsx as conditions, 2 conditions, 3 params
8.3465 	EXP 	Created sequence: random, trialTypes=2, nReps=1, seed=None
8.3467 	EXP 	New trial (rep=0, index=0): {'timepresentation': 14, 'posx': -0.7, 'posy': 0.15}
8.5149 	EXP 	window1: mouseVisible = True
