6.0071 	WARNING 	User requested fullscreen with size [1024  768], but screen is actually [1920, 1080]. Using actual size
6.7888 	EXP 	Created window1 = Window(allowGUI=True, allowStencil=False, autoLog=True, backendConf=UNKNOWN, backgroundFit=<method-wrapper '__getattribute__' of attributeSetter object at 0x0000023928D46D90>, backgroundImage=<method-wrapper '__getattribute__' of attributeSetter object at 0x0000023928D46D30>, bitsMode=UNKNOWN, blendMode='avg', bpc=(8, 8, 8), color=array([0, 0, 0]), colorSpace='rgb', depthBits=8, fullscr=<method-wrapper '__getattribute__' of attributeSetter object at 0x0000023928D46B50>, gamma=None, gammaErrorPolicy='raise', lms=UNKNOWN, monitor=<psychopy.monitors.calibTools.Monitor object at 0x00000239292CFCD0>, multiSample=False, name='window1', numSamples=2, pos=(0, 0), screen=0, size=array([1920, 1080]), stencilBits=0, stereo=False, title='PsychoPy', units='height', useFBO=True, useRetina=False, viewOri=0.0, viewPos=None, viewScale=None, waitBlanking=True, winType='pyglet')
6.7889 	EXP 	window1: mouseVisible = True
6.7889 	EXP 	window1: backgroundImage = ''
6.7889 	EXP 	window1: backgroundFit = 'none'
6.7900 	EXP 	window1: Attempting to measure frame rate of screen (0) ...
6.7900 	EXP 	window1: recordFrameIntervals = False
6.9553 	EXP 	window1: recordFrameIntervals = True
7.1390 	EXP 	Screen (0) actual frame rate measured at 60.03Hz
7.1391 	EXP 	window1: recordFrameIntervals = False
7.1394 	EXP 	window1: mouseVisible = False
9.0158 	EXP 	tarea_iceberg: status = STARTED
9.0162 	EXP 	window1: mouseVisible = True
9.0167 	WARNING 	Requested image 'imgs/logo_OB.jpeg' not found but similar filename 'imgs/logo_OB.png' exists. This will be used instead but changing the filename is advised.
9.0214 	WARNING 	Requested image 'imgs/logo_OB.jpeg' not found but similar filename 'imgs/logo_OB.png' exists. This will be used instead but changing the filename is advised.
9.0247 	WARNING 	Requested image 'imgs/logo_OB.jpeg' not found but similar filename 'imgs/logo_OB.png' exists. This will be used instead but changing the filename is advised.
9.0278 	WARNING 	Requested image 'imgs/logo_OB.jpeg' not found but similar filename 'imgs/logo_OB.png' exists. This will be used instead but changing the filename is advised.
9.0316 	EXP 	Created image_5 = ImageStim(__class__=<class 'psychopy.visual.image.ImageStim'>, anchor=('center', 'center'), autoLog=True, color=array([1., 1., 1.]), colorSpace='rgb', contrast=1.0, depth=0.0, draggable=False, flipHoriz=False, flipVert=False, image='imgs/logo_OB.jpeg', interpolate=True, mask=None, maskParams=None, name='image_5', opacity=1.0, ori=0.0, pos=array([0., 0.]), size=array([0.5, 0.5]), texRes=128.0, units='height', win=Window(...))
9.0318 	EXP 	window1: mouseVisible = True
9.0874 	EXP 	Created text_6 = TextStim(__class__=<class 'psychopy.visual.text.TextStim'>, alignHoriz=method-wrapper(...), alignText='center', alignVert=method-wrapper(...), anchorHoriz='center', anchorVert='center', antialias=True, autoDraw=False, autoLog=True, bold=False, color=array([1., 1., 1.]), colorSpace='rgb', contrast=1.0, depth=-1.0, draggable=False, flipHoriz=False, flipVert=False, font='Open Sans', fontFiles=[], height=0.04, italic=False, languageStyle='LTR', name='text_6', opacity=1.0, ori=0.0, pos=array([ 0. , -0.3]), rgb=UNKNOWN, text='¡Bienvenido a un experimento de Open Brains!', units='height', win=Window(...), wrapWidth=1)
9.0875 	EXP 	window1: mouseVisible = True
9.1004 	EXP 	Created text_5 = TextStim(__class__=<class 'psychopy.visual.text.TextStim'>, alignHoriz=method-wrapper(...), alignText='center', alignVert=method-wrapper(...), anchorHoriz='center', anchorVert='center', antialias=True, autoDraw=False, autoLog=True, bold=False, color=array([1., 1., 1.]), colorSpace='rgb', contrast=1.0, depth=0.0, draggable=False, flipHoriz=False, flipVert=False, font='Open Sans', fontFiles=[], height=0.04, italic=False, languageStyle='LTR', name='text_5', opacity=1.0, ori=0.0, pos=array([0., 0.]), rgb=UNKNOWN, text=str(...), units='height', win=Window(...), wrapWidth=1)
9.1005 	EXP 	window1: mouseVisible = True
9.1078 	EXP 	Created image = ImageStim(__class__=<class 'psychopy.visual.image.ImageStim'>, anchor=('center', 'center'), autoLog=True, color=array([1., 1., 1.]), colorSpace='rgb', contrast=1.0, depth=0.0, draggable=False, flipHoriz=False, flipVert=False, image='default.png', interpolate=True, mask=None, maskParams=None, name='image', opacity=1.0, ori=0.0, pos=array([0., 0.]), size=array([0.35, 0.35]), texRes=128.0, units='height', win=Window(...))
9.2330 	EXP 	Created unnamed MovieStim3 = MovieStim3(__class__=<class 'psychopy.visual.movie3.MovieStim3'>, anchor=('center', 'center'), autoLog=True, color=UNKNOWN, colorSpace=UNKNOWN, depth=0.0, filename='imgs/video_mar.mp4', flipHoriz=False, flipVert=False, fps=UNKNOWN, interpolate=True, loop=True, name='unnamed MovieStim3', noAudio=False, opacity=1, ori=method-wrapper(...), pos=array([0., 0.]), size=None, units='pix', vframe_callback=UNKNOWN, volume=UNKNOWN, win=Window(...))
10.2877 	WARNING 	1.0546640999964438: Video catchup needed, advancing self._nextFrameT from 0.0 to 0.04
10.2877 	WARNING 	1.054696099992725: Video catchup needed, advancing self._nextFrameT from 0.04 to 0.08
10.2877 	WARNING 	1.054704700000002: Video catchup needed, advancing self._nextFrameT from 0.08 to 0.12
10.2878 	WARNING 	1.0547129999904428: Video catchup needed, advancing self._nextFrameT from 0.12 to 0.16
10.2878 	WARNING 	1.0547214999969583: Video catchup needed, advancing self._nextFrameT from 0.16 to 0.2
10.2878 	WARNING 	1.0547291999973822: Video catchup needed, advancing self._nextFrameT from 0.2 to 0.24000000000000002
10.2878 	WARNING 	1.0547377999901073: Video catchup needed, advancing self._nextFrameT from 0.24000000000000002 to 0.28
10.2878 	WARNING 	1.0547454999905312: Video catchup needed, advancing self._nextFrameT from 0.28 to 0.32
10.2878 	WARNING 	1.054752500000177: Video catchup needed, advancing self._nextFrameT from 0.32 to 0.36
10.2878 	WARNING 	1.0547596999967936: Video catchup needed, advancing self._nextFrameT from 0.36 to 0.39999999999999997
10.2878 	WARNING 	Max reportNDroppedFrames reached, will not log any more dropped frames
10.5226 	EXP 	window1: mouseVisible = True
10.5304 	EXP 	Created text = TextStim(__class__=<class 'psychopy.visual.text.TextStim'>, alignHoriz=method-wrapper(...), alignText='center', alignVert=method-wrapper(...), anchorHoriz='center', anchorVert='center', antialias=True, autoDraw=False, autoLog=True, bold=False, color=array([1., 1., 1.]), colorSpace='rgb', contrast=1.0, depth=0.0, draggable=False, flipHoriz=False, flipVert=False, font='Open Sans', fontFiles=[], height=0.05, italic=False, languageStyle='LTR', name='text', opacity=1.0, ori=0.0, pos=array([0., 0.]), rgb=UNKNOWN, text='¡Empezamos la segunda ronda!', units='height', win=Window(...), wrapWidth=1)
10.5305 	EXP 	window1: mouseVisible = True
10.5379 	EXP 	Created image_2 = ImageStim(__class__=<class 'psychopy.visual.image.ImageStim'>, anchor=('center', 'center'), autoLog=True, color=array([1., 1., 1.]), colorSpace='rgb', contrast=1.0, depth=0.0, draggable=False, flipHoriz=False, flipVert=False, image='default.png', interpolate=True, mask=None, maskParams=None, name='image_2', opacity=1.0, ori=0.0, pos=array([0., 0.]), size=array([0.35, 0.35]), texRes=128.0, units='height', win=Window(...))
10.5382 	EXP 	Created unnamed MovieStim3 = MovieStim3(__class__=<class 'psychopy.visual.movie3.MovieStim3'>, anchor=('center', 'center'), autoLog=True, color=UNKNOWN, colorSpace=UNKNOWN, depth=0.0, filename='imgs/song_titanic.mp4', flipHoriz=False, flipVert=False, fps=UNKNOWN, interpolate=True, loop=False, name='unnamed MovieStim3', noAudio=False, opacity=1, ori=method-wrapper(...), pos=array([0., 0.]), size=None, units='pix', vframe_callback=UNKNOWN, volume=UNKNOWN, win=Window(...))
11.2697 	WARNING 	0.731508600001689: Video catchup needed, advancing self._nextFrameT from 0.0 to 0.041666666666666664
11.2697 	WARNING 	0.7315415000048233: Video catchup needed, advancing self._nextFrameT from 0.041666666666666664 to 0.08333333333333333
11.2697 	WARNING 	0.7315518999967026: Video catchup needed, advancing self._nextFrameT from 0.08333333333333333 to 0.125
11.2697 	WARNING 	0.7315607000055024: Video catchup needed, advancing self._nextFrameT from 0.125 to 0.16666666666666666
11.2698 	WARNING 	0.7315692999982275: Video catchup needed, advancing self._nextFrameT from 0.16666666666666666 to 0.20833333333333331
11.2698 	WARNING 	0.731577800004743: Video catchup needed, advancing self._nextFrameT from 0.20833333333333331 to 0.24999999999999997
11.2698 	WARNING 	0.7315864999982296: Video catchup needed, advancing self._nextFrameT from 0.24999999999999997 to 0.29166666666666663
11.2698 	WARNING 	0.7315948000032222: Video catchup needed, advancing self._nextFrameT from 0.29166666666666663 to 0.3333333333333333
11.2698 	WARNING 	0.731602700005169: Video catchup needed, advancing self._nextFrameT from 0.3333333333333333 to 0.375
11.2698 	WARNING 	0.7316108000086388: Video catchup needed, advancing self._nextFrameT from 0.375 to 0.4166666666666667
11.2698 	WARNING 	Max reportNDroppedFrames reached, will not log any more dropped frames
11.2869 	EXP 	window1: mouseVisible = True
11.2902 	EXP 	Created text_2 = TextStim(__class__=<class 'psychopy.visual.text.TextStim'>, alignHoriz=method-wrapper(...), alignText='center', alignVert=method-wrapper(...), anchorHoriz='center', anchorVert='center', antialias=True, autoDraw=False, autoLog=True, bold=False, color=array([1., 1., 1.]), colorSpace='rgb', contrast=1.0, depth=0.0, draggable=False, flipHoriz=False, flipVert=False, font='Open Sans', fontFiles=[], height=0.05, italic=False, languageStyle='LTR', name='text_2', opacity=1.0, ori=0.0, pos=array([0., 0.]), rgb=UNKNOWN, text='¡empezamos la tercera ronda!', units='height', win=Window(...), wrapWidth=1)
11.2904 	EXP 	Created unnamed MovieStim3 = MovieStim3(__class__=<class 'psychopy.visual.movie3.MovieStim3'>, anchor=('center', 'center'), autoLog=True, color=UNKNOWN, colorSpace=UNKNOWN, depth=0.0, filename='imgs/titanic_spanish.mp4', flipHoriz=False, flipVert=False, fps=UNKNOWN, interpolate=True, loop=False, name='unnamed MovieStim3', noAudio=False, opacity=1, ori=method-wrapper(...), pos=array([0., 0.]), size=None, units='pix', vframe_callback=UNKNOWN, volume=UNKNOWN, win=Window(...))
12.4655 	WARNING 	1.175078600004781: Video catchup needed, advancing self._nextFrameT from 0.0 to 0.04
12.4655 	WARNING 	1.1751098999957321: Video catchup needed, advancing self._nextFrameT from 0.04 to 0.08
12.4655 	WARNING 	1.1751309999963269: Video catchup needed, advancing self._nextFrameT from 0.08 to 0.12
12.4655 	WARNING 	1.175140499995905: Video catchup needed, advancing self._nextFrameT from 0.12 to 0.16
12.4655 	WARNING 	1.175151100003859: Video catchup needed, advancing self._nextFrameT from 0.16 to 0.2
12.4656 	WARNING 	1.175159899998107: Video catchup needed, advancing self._nextFrameT from 0.2 to 0.24000000000000002
12.4656 	WARNING 	1.1751691999961622: Video catchup needed, advancing self._nextFrameT from 0.24000000000000002 to 0.28
12.4656 	WARNING 	1.175178200006485: Video catchup needed, advancing self._nextFrameT from 0.28 to 0.32
12.4656 	WARNING 	1.1751868999999715: Video catchup needed, advancing self._nextFrameT from 0.32 to 0.36
12.4656 	WARNING 	1.1751956999942195: Video catchup needed, advancing self._nextFrameT from 0.36 to 0.39999999999999997
12.4656 	WARNING 	Max reportNDroppedFrames reached, will not log any more dropped frames
12.4927 	EXP 	window1: mouseVisible = True
12.5016 	EXP 	Created image_3 = ImageStim(__class__=<class 'psychopy.visual.image.ImageStim'>, anchor=('center', 'center'), autoLog=True, color=array([1., 1., 1.]), colorSpace='rgb', contrast=1.0, depth=-2.0, draggable=False, flipHoriz=False, flipVert=False, image='default.png', interpolate=True, mask=None, maskParams=None, name='image_3', opacity=1.0, ori=0.0, pos=array([0., 0.]), size=array([0.35, 0.35]), texRes=128.0, units='height', win=Window(...))
12.5017 	EXP 	window1: mouseVisible = True
12.5053 	EXP 	Created text_3 = TextStim(__class__=<class 'psychopy.visual.text.TextStim'>, alignHoriz=method-wrapper(...), alignText='center', alignVert=method-wrapper(...), anchorHoriz='center', anchorVert='center', antialias=True, autoDraw=False, autoLog=True, bold=False, color=array([1., 1., 1.]), colorSpace='rgb', contrast=1.0, depth=0.0, draggable=False, flipHoriz=False, flipVert=False, font='Open Sans', fontFiles=[], height=0.05, italic=False, languageStyle='LTR', name='text_3', opacity=1.0, ori=0.0, pos=array([0., 0.]), rgb=UNKNOWN, text='¡última ronda!', units='height', win=Window(...), wrapWidth=1)
12.5055 	EXP 	Created unnamed MovieStim3 = MovieStim3(__class__=<class 'psychopy.visual.movie3.MovieStim3'>, anchor=('center', 'center'), autoLog=True, color=UNKNOWN, colorSpace=UNKNOWN, depth=0.0, filename='imgs/titanic_spanish.mp4', flipHoriz=False, flipVert=False, fps=UNKNOWN, interpolate=True, loop=False, name='unnamed MovieStim3', noAudio=False, opacity=1, ori=method-wrapper(...), pos=array([0., 0.]), size=None, units='pix', vframe_callback=UNKNOWN, volume=UNKNOWN, win=Window(...))
13.7129 	WARNING 	1.2074047999922186: Video catchup needed, advancing self._nextFrameT from 0.0 to 0.04
13.7129 	WARNING 	1.2074370999907842: Video catchup needed, advancing self._nextFrameT from 0.04 to 0.08
13.7129 	WARNING 	1.20746789999248: Video catchup needed, advancing self._nextFrameT from 0.08 to 0.12
13.7130 	WARNING 	1.207479799995781: Video catchup needed, advancing self._nextFrameT from 0.12 to 0.16
13.7130 	WARNING 	1.2074888999923132: Video catchup needed, advancing self._nextFrameT from 0.16 to 0.2
13.7130 	WARNING 	1.2074974999995902: Video catchup needed, advancing self._nextFrameT from 0.2 to 0.24000000000000002
13.7130 	WARNING 	1.207506499995361: Video catchup needed, advancing self._nextFrameT from 0.24000000000000002 to 0.28
13.7130 	WARNING 	1.2075155999918934: Video catchup needed, advancing self._nextFrameT from 0.28 to 0.32
13.7130 	WARNING 	1.2075253999937559: Video catchup needed, advancing self._nextFrameT from 0.32 to 0.36
13.7130 	WARNING 	1.2075327999918954: Video catchup needed, advancing self._nextFrameT from 0.36 to 0.39999999999999997
13.7130 	WARNING 	Max reportNDroppedFrames reached, will not log any more dropped frames
13.7483 	EXP 	Created unnamed MovieStim3 = MovieStim3(__class__=<class 'psychopy.visual.movie3.MovieStim3'>, anchor=('center', 'center'), autoLog=True, color=UNKNOWN, colorSpace=UNKNOWN, depth=0.0, filename='imgs/titanic.mp4', flipHoriz=False, flipVert=False, fps=UNKNOWN, interpolate=True, loop=False, name='unnamed MovieStim3', noAudio=False, opacity=1, ori=method-wrapper(...), pos=array([  0., 100.]), size=None, units='pix', vframe_callback=UNKNOWN, volume=UNKNOWN, win=Window(...))
15.3053 	WARNING 	1.5569524000020465: Video catchup needed, advancing self._nextFrameT from 0.0 to 0.03336666666666667
15.3054 	WARNING 	1.5570811000070535: Video catchup needed, advancing self._nextFrameT from 0.03336666666666667 to 0.06673333333333334
15.3054 	WARNING 	1.557104799998342: Video catchup needed, advancing self._nextFrameT from 0.06673333333333334 to 0.10010000000000001
15.3054 	WARNING 	1.5571245000028284: Video catchup needed, advancing self._nextFrameT from 0.10010000000000001 to 0.13346666666666668
15.3054 	WARNING 	1.5571431999997003: Video catchup needed, advancing self._nextFrameT from 0.13346666666666668 to 0.16683333333333333
15.3055 	WARNING 	1.557160099997418: Video catchup needed, advancing self._nextFrameT from 0.16683333333333333 to 0.2002
15.3055 	WARNING 	1.557189200000721: Video catchup needed, advancing self._nextFrameT from 0.2002 to 0.23356666666666664
15.3055 	WARNING 	1.5572309999988647: Video catchup needed, advancing self._nextFrameT from 0.23356666666666664 to 0.2669333333333333
15.3056 	WARNING 	1.5572534999955678: Video catchup needed, advancing self._nextFrameT from 0.2669333333333333 to 0.30029999999999996
15.3056 	WARNING 	1.5572736000031: Video catchup needed, advancing self._nextFrameT from 0.30029999999999996 to 0.3336666666666666
15.3056 	WARNING 	Max reportNDroppedFrames reached, will not log any more dropped frames
15.3696 	EXP 	window1: mouseVisible = True
15.3771 	EXP 	Created image_4 = ImageStim(__class__=<class 'psychopy.visual.image.ImageStim'>, anchor=('center', 'center'), autoLog=True, color=array([1., 1., 1.]), colorSpace='rgb', contrast=1.0, depth=-3.0, draggable=False, flipHoriz=False, flipVert=False, image='default.png', interpolate=True, mask=None, maskParams=None, name='image_4', opacity=1.0, ori=0.0, pos=array([0., 0.]), size=array([0.35, 0.35]), texRes=128.0, units='height', win=Window(...))
15.3773 	EXP 	window1: mouseVisible = True
15.3813 	EXP 	Created text_4 = TextStim(__class__=<class 'psychopy.visual.text.TextStim'>, alignHoriz=method-wrapper(...), alignText='center', alignVert=method-wrapper(...), anchorHoriz='center', anchorVert='center', antialias=True, autoDraw=False, autoLog=True, bold=False, color=array([1., 1., 1.]), colorSpace='rgb', contrast=1.0, depth=0.0, draggable=False, flipHoriz=False, flipVert=False, font='Open Sans', fontFiles=[], height=0.05, italic=False, languageStyle='LTR', name='text_4', opacity=1.0, ori=0.0, pos=array([0., 0.]), rgb=UNKNOWN, text='¡Muchas gracias por participar!', units='height', win=Window(...), wrapWidth=1)
0.0020 	EXP 	unnamed MovieStim3: autoLog = True
0.0020 	EXP 	unnamed MovieStim3: movie = 'imgs/video_mar.mp4'
0.0020 	EXP 	unnamed MovieStim3: ori = 0.0
0.0020 	EXP 	unnamed MovieStim3: autoLog = True
0.0020 	EXP 	unnamed MovieStim3: movie = 'imgs/song_titanic.mp4'
0.0020 	EXP 	unnamed MovieStim3: ori = 0.0
0.0020 	EXP 	unnamed MovieStim3: autoLog = True
0.0020 	EXP 	unnamed MovieStim3: movie = 'imgs/titanic_spanish.mp4'
0.0020 	EXP 	unnamed MovieStim3: ori = 0.0
0.0020 	EXP 	unnamed MovieStim3: autoLog = True
0.0020 	EXP 	unnamed MovieStim3: movie = 'imgs/titanic_spanish.mp4'
0.0020 	EXP 	unnamed MovieStim3: ori = 0.0
0.0020 	EXP 	unnamed MovieStim3: autoLog = True
0.0020 	EXP 	unnamed MovieStim3: movie = 'imgs/titanic.mp4'
0.0020 	EXP 	unnamed MovieStim3: ori = 0.0
0.0144 	EXP 	image_5: autoDraw = True
0.0144 	EXP 	text_6: autoDraw = True
3.0164 	EXP 	image_5: autoDraw = False
3.0164 	EXP 	text_6: autoDraw = False
3.0164 	EXP 	image_5: autoDraw = False
3.0164 	EXP 	text_6: autoDraw = False
3.0164 	EXP 	text_5: autoDraw = True
6.1517 	DATA 	Keypress: escape
6.3328 	EXP 	tarea_iceberg: status = STOPPED
6.3476 	EXP 	text_5: autoDraw = False
6.3477 	EXP 	tarea_iceberg: status = STOPPED
6.6011 	EXP 	window1: mouseVisible = True
