5.1893 	WARNING 	User requested fullscreen with size [1024  768], but screen is actually [1920, 1080]. Using actual size
5.9567 	EXP 	Created window1 = Window(allowGUI=True, allowStencil=False, autoLog=True, backendConf=UNKNOWN, backgroundFit=<method-wrapper '__getattribute__' of attributeSetter object at 0x000001F4DD0AACD0>, backgroundImage=<method-wrapper '__getattribute__' of attributeSetter object at 0x000001F4DD0AAC70>, bitsMode=UNKNOWN, blendMode='avg', bpc=(8, 8, 8), color=array([0, 0, 0]), colorSpace='rgb', depthBits=8, fullscr=<method-wrapper '__getattribute__' of attributeSetter object at 0x000001F4DD0AAAF0>, gamma=None, gammaErrorPolicy='raise', lms=UNKNOWN, monitor=<psychopy.monitors.calibTools.Monitor object at 0x000001F4DD64F940>, multiSample=False, name='window1', numSamples=2, pos=(0, 0), screen=0, size=array([1920, 1080]), stencilBits=0, stereo=False, title='PsychoPy', units='height', useFBO=True, useRetina=False, viewOri=0.0, viewPos=None, viewScale=None, waitBlanking=True, winType='pyglet')
5.9570 	EXP 	window1: mouseVisible = True
5.9570 	EXP 	window1: backgroundImage = ''
5.9570 	EXP 	window1: backgroundFit = 'none'
5.9594 	EXP 	window1: Attempting to measure frame rate of screen (0) ...
5.9594 	EXP 	window1: recordFrameIntervals = False
6.1223 	EXP 	window1: recordFrameIntervals = True
6.3063 	EXP 	Screen (0) actual frame rate measured at 59.90Hz
6.3064 	EXP 	window1: recordFrameIntervals = False
6.3066 	EXP 	window1: mouseVisible = False
8.2922 	EXP 	tarea_iceberg: status = STARTED
8.2925 	EXP 	window1: mouseVisible = True
8.2931 	WARNING 	Requested image 'imgs/logo_OB.jpeg' not found but similar filename 'imgs/logo_OB.png' exists. This will be used instead but changing the filename is advised.
8.2973 	WARNING 	Requested image 'imgs/logo_OB.jpeg' not found but similar filename 'imgs/logo_OB.png' exists. This will be used instead but changing the filename is advised.
8.3004 	WARNING 	Requested image 'imgs/logo_OB.jpeg' not found but similar filename 'imgs/logo_OB.png' exists. This will be used instead but changing the filename is advised.
8.3036 	WARNING 	Requested image 'imgs/logo_OB.jpeg' not found but similar filename 'imgs/logo_OB.png' exists. This will be used instead but changing the filename is advised.
8.3074 	EXP 	Created image_5 = ImageStim(__class__=<class 'psychopy.visual.image.ImageStim'>, anchor=('center', 'center'), autoLog=True, color=array([1., 1., 1.]), colorSpace='rgb', contrast=1.0, depth=0.0, draggable=False, flipHoriz=False, flipVert=False, image='imgs/logo_OB.jpeg', interpolate=True, mask=None, maskParams=None, name='image_5', opacity=1.0, ori=0.0, pos=array([0., 0.]), size=array([0.6, 0.7]), texRes=128.0, units='height', win=Window(...))
8.3076 	EXP 	window1: mouseVisible = True
8.3639 	EXP 	Created text_6 = TextStim(__class__=<class 'psychopy.visual.text.TextStim'>, alignHoriz=method-wrapper(...), alignText='center', alignVert=method-wrapper(...), anchorHoriz='center', anchorVert='center', antialias=True, autoDraw=False, autoLog=True, bold=False, color=array([1., 1., 1.]), colorSpace='rgb', contrast=1.0, depth=-1.0, draggable=False, flipHoriz=False, flipVert=False, font='Open Sans', fontFiles=[], height=0.04, italic=False, languageStyle='LTR', name='text_6', opacity=1.0, ori=0.0, pos=array([ 0.  , -0.35]), rgb=UNKNOWN, text='¡Bienvenido a un experimento de Open Brains!', units='height', win=Window(...), wrapWidth=1)
8.3640 	EXP 	window1: mouseVisible = True
8.3872 	EXP 	Created text_5 = TextStim(__class__=<class 'psychopy.visual.text.TextStim'>, alignHoriz=method-wrapper(...), alignText='center', alignVert=method-wrapper(...), anchorHoriz='center', anchorVert='center', antialias=True, autoDraw=False, autoLog=True, bold=False, color=array([1., 1., 1.]), colorSpace='rgb', contrast=1.0, depth=0.0, draggable=False, flipHoriz=False, flipVert=False, font='Open Sans', fontFiles=[], height=0.035, italic=False, languageStyle='LTR', name='text_5', opacity=1.0, ori=0.0, pos=array([0., 0.]), rgb=UNKNOWN, text=str(...), units='height', win=Window(...), wrapWidth=1)
8.3874 	EXP 	window1: mouseVisible = True
8.3946 	EXP 	Created image = ImageStim(__class__=<class 'psychopy.visual.image.ImageStim'>, anchor=('center', 'center'), autoLog=True, color=array([1., 1., 1.]), colorSpace='rgb', contrast=1.0, depth=0.0, draggable=False, flipHoriz=False, flipVert=False, image='default.png', interpolate=True, mask=None, maskParams=None, name='image', opacity=1.0, ori=0.0, pos=array([0., 0.]), size=array([0.35, 0.35]), texRes=128.0, units='height', win=Window(...))
8.5079 	EXP 	Created unnamed MovieStim3 = MovieStim3(__class__=<class 'psychopy.visual.movie3.MovieStim3'>, anchor=('center', 'center'), autoLog=True, color=UNKNOWN, colorSpace=UNKNOWN, depth=0.0, filename='imgs/video_mar.mp4', flipHoriz=False, flipVert=False, fps=UNKNOWN, interpolate=True, loop=True, name='unnamed MovieStim3', noAudio=False, opacity=1, ori=method-wrapper(...), pos=array([0., 0.]), size=None, units='pix', vframe_callback=UNKNOWN, volume=UNKNOWN, win=Window(...))
9.6053 	WARNING 	1.0973785999958636: Video catchup needed, advancing self._nextFrameT from 0.0 to 0.04
9.6054 	WARNING 	1.0974464000028092: Video catchup needed, advancing self._nextFrameT from 0.04 to 0.08
9.6054 	WARNING 	1.0974569999962114: Video catchup needed, advancing self._nextFrameT from 0.08 to 0.12
9.6054 	WARNING 	1.0974657999904593: Video catchup needed, advancing self._nextFrameT from 0.12 to 0.16
9.6054 	WARNING 	1.0974741999962134: Video catchup needed, advancing self._nextFrameT from 0.16 to 0.2
9.6054 	WARNING 	1.0974826000019675: Video catchup needed, advancing self._nextFrameT from 0.2 to 0.24000000000000002
9.6054 	WARNING 	1.0974941000022227: Video catchup needed, advancing self._nextFrameT from 0.24000000000000002 to 0.28
9.6054 	WARNING 	1.0975012999988394: Video catchup needed, advancing self._nextFrameT from 0.28 to 0.32
9.6054 	WARNING 	1.0975082999939332: Video catchup needed, advancing self._nextFrameT from 0.32 to 0.36
9.6054 	WARNING 	1.0975154999905499: Video catchup needed, advancing self._nextFrameT from 0.36 to 0.39999999999999997
9.6054 	WARNING 	Max reportNDroppedFrames reached, will not log any more dropped frames
9.8343 	EXP 	window1: mouseVisible = True
9.8449 	EXP 	Created text = TextStim(__class__=<class 'psychopy.visual.text.TextStim'>, alignHoriz=method-wrapper(...), alignText='center', alignVert=method-wrapper(...), anchorHoriz='center', anchorVert='center', antialias=True, autoDraw=False, autoLog=True, bold=False, color=array([1., 1., 1.]), colorSpace='rgb', contrast=1.0, depth=0.0, draggable=False, flipHoriz=False, flipVert=False, font='Open Sans', fontFiles=[], height=0.05, italic=False, languageStyle='LTR', name='text', opacity=1.0, ori=0.0, pos=array([0., 0.]), rgb=UNKNOWN, text='¡Empezamos la segunda ronda!', units='height', win=Window(...), wrapWidth=1)
9.8450 	EXP 	window1: mouseVisible = True
9.8523 	EXP 	Created image_2 = ImageStim(__class__=<class 'psychopy.visual.image.ImageStim'>, anchor=('center', 'center'), autoLog=True, color=array([1., 1., 1.]), colorSpace='rgb', contrast=1.0, depth=0.0, draggable=False, flipHoriz=False, flipVert=False, image='default.png', interpolate=True, mask=None, maskParams=None, name='image_2', opacity=1.0, ori=0.0, pos=array([0., 0.]), size=array([0.35, 0.35]), texRes=128.0, units='height', win=Window(...))
9.8525 	EXP 	Created unnamed MovieStim3 = MovieStim3(__class__=<class 'psychopy.visual.movie3.MovieStim3'>, anchor=('center', 'center'), autoLog=True, color=UNKNOWN, colorSpace=UNKNOWN, depth=0.0, filename='imgs/song_titanic.mp4', flipHoriz=False, flipVert=False, fps=UNKNOWN, interpolate=True, loop=False, name='unnamed MovieStim3', noAudio=False, opacity=1, ori=method-wrapper(...), pos=array([0., 0.]), size=None, units='pix', vframe_callback=UNKNOWN, volume=UNKNOWN, win=Window(...))
10.7236 	WARNING 	0.8710503000038443: Video catchup needed, advancing self._nextFrameT from 0.0 to 0.041666666666666664
10.7236 	WARNING 	0.8710793000063859: Video catchup needed, advancing self._nextFrameT from 0.041666666666666664 to 0.08333333333333333
10.7236 	WARNING 	0.8710892000090098: Video catchup needed, advancing self._nextFrameT from 0.08333333333333333 to 0.125
10.7236 	WARNING 	0.8710983000055421: Video catchup needed, advancing self._nextFrameT from 0.125 to 0.16666666666666666
10.7237 	WARNING 	0.8711067000112962: Video catchup needed, advancing self._nextFrameT from 0.16666666666666666 to 0.20833333333333331
10.7237 	WARNING 	0.871114800000214: Video catchup needed, advancing self._nextFrameT from 0.20833333333333331 to 0.24999999999999997
10.7237 	WARNING 	0.8711235000082524: Video catchup needed, advancing self._nextFrameT from 0.24999999999999997 to 0.29166666666666663
10.7237 	WARNING 	0.8711310000071535: Video catchup needed, advancing self._nextFrameT from 0.29166666666666663 to 0.3333333333333333
10.7237 	WARNING 	0.8711383000045316: Video catchup needed, advancing self._nextFrameT from 0.3333333333333333 to 0.375
10.7237 	WARNING 	0.8711457000026712: Video catchup needed, advancing self._nextFrameT from 0.375 to 0.4166666666666667
10.7237 	WARNING 	Max reportNDroppedFrames reached, will not log any more dropped frames
10.7492 	EXP 	window1: mouseVisible = True
10.7531 	EXP 	Created text_2 = TextStim(__class__=<class 'psychopy.visual.text.TextStim'>, alignHoriz=method-wrapper(...), alignText='center', alignVert=method-wrapper(...), anchorHoriz='center', anchorVert='center', antialias=True, autoDraw=False, autoLog=True, bold=False, color=array([1., 1., 1.]), colorSpace='rgb', contrast=1.0, depth=0.0, draggable=False, flipHoriz=False, flipVert=False, font='Open Sans', fontFiles=[], height=0.05, italic=False, languageStyle='LTR', name='text_2', opacity=1.0, ori=0.0, pos=array([0., 0.]), rgb=UNKNOWN, text='¡empezamos la tercera ronda!', units='height', win=Window(...), wrapWidth=1)
10.7534 	EXP 	Created unnamed MovieStim3 = MovieStim3(__class__=<class 'psychopy.visual.movie3.MovieStim3'>, anchor=('center', 'center'), autoLog=True, color=UNKNOWN, colorSpace=UNKNOWN, depth=0.0, filename='imgs/titanic_spanish.mp4', flipHoriz=False, flipVert=False, fps=UNKNOWN, interpolate=True, loop=False, name='unnamed MovieStim3', noAudio=False, opacity=1, ori=method-wrapper(...), pos=array([0., 0.]), size=None, units='pix', vframe_callback=UNKNOWN, volume=UNKNOWN, win=Window(...))
12.1670 	WARNING 	1.413587799994275: Video catchup needed, advancing self._nextFrameT from 0.0 to 0.04
12.1670 	WARNING 	1.4136180999921635: Video catchup needed, advancing self._nextFrameT from 0.04 to 0.08
12.1670 	WARNING 	1.4136282999970717: Video catchup needed, advancing self._nextFrameT from 0.08 to 0.12
12.1670 	WARNING 	1.4136369000043487: Video catchup needed, advancing self._nextFrameT from 0.12 to 0.16
12.1670 	WARNING 	1.4136457999993581: Video catchup needed, advancing self._nextFrameT from 0.16 to 0.2
12.1670 	WARNING 	1.4136532999982592: Video catchup needed, advancing self._nextFrameT from 0.2 to 0.24000000000000002
12.1670 	WARNING 	1.4136610999994446: Video catchup needed, advancing self._nextFrameT from 0.24000000000000002 to 0.28
12.1670 	WARNING 	1.4136687999998685: Video catchup needed, advancing self._nextFrameT from 0.28 to 0.32
12.1671 	WARNING 	1.4136760999972466: Video catchup needed, advancing self._nextFrameT from 0.32 to 0.36
12.1671 	WARNING 	1.4136834999953862: Video catchup needed, advancing self._nextFrameT from 0.36 to 0.39999999999999997
12.1671 	WARNING 	Max reportNDroppedFrames reached, will not log any more dropped frames
12.2095 	EXP 	window1: mouseVisible = True
12.2173 	EXP 	Created image_3 = ImageStim(__class__=<class 'psychopy.visual.image.ImageStim'>, anchor=('center', 'center'), autoLog=True, color=array([1., 1., 1.]), colorSpace='rgb', contrast=1.0, depth=-2.0, draggable=False, flipHoriz=False, flipVert=False, image='default.png', interpolate=True, mask=None, maskParams=None, name='image_3', opacity=1.0, ori=0.0, pos=array([0., 0.]), size=array([0.35, 0.35]), texRes=128.0, units='height', win=Window(...))
12.2174 	EXP 	window1: mouseVisible = True
12.2208 	EXP 	Created text_3 = TextStim(__class__=<class 'psychopy.visual.text.TextStim'>, alignHoriz=method-wrapper(...), alignText='center', alignVert=method-wrapper(...), anchorHoriz='center', anchorVert='center', antialias=True, autoDraw=False, autoLog=True, bold=False, color=array([1., 1., 1.]), colorSpace='rgb', contrast=1.0, depth=0.0, draggable=False, flipHoriz=False, flipVert=False, font='Open Sans', fontFiles=[], height=0.05, italic=False, languageStyle='LTR', name='text_3', opacity=1.0, ori=0.0, pos=array([0., 0.]), rgb=UNKNOWN, text='¡última ronda!', units='height', win=Window(...), wrapWidth=1)
12.2211 	EXP 	Created unnamed MovieStim3 = MovieStim3(__class__=<class 'psychopy.visual.movie3.MovieStim3'>, anchor=('center', 'center'), autoLog=True, color=UNKNOWN, colorSpace=UNKNOWN, depth=0.0, filename='imgs/titanic_spanish.mp4', flipHoriz=False, flipVert=False, fps=UNKNOWN, interpolate=True, loop=False, name='unnamed MovieStim3', noAudio=False, opacity=1, ori=method-wrapper(...), pos=array([0., 0.]), size=None, units='pix', vframe_callback=UNKNOWN, volume=UNKNOWN, win=Window(...))
13.4311 	WARNING 	1.2099410999944666: Video catchup needed, advancing self._nextFrameT from 0.0 to 0.04
13.4311 	WARNING 	1.210008599999128: Video catchup needed, advancing self._nextFrameT from 0.04 to 0.08
13.4311 	WARNING 	1.2100219999992987: Video catchup needed, advancing self._nextFrameT from 0.08 to 0.12
13.4311 	WARNING 	1.2100404999946477: Video catchup needed, advancing self._nextFrameT from 0.12 to 0.16
13.4311 	WARNING 	1.2100490000011632: Video catchup needed, advancing self._nextFrameT from 0.16 to 0.2
13.4311 	WARNING 	1.2100574000069173: Video catchup needed, advancing self._nextFrameT from 0.2 to 0.24000000000000002
13.4312 	WARNING 	1.2100654999958351: Video catchup needed, advancing self._nextFrameT from 0.24000000000000002 to 0.28
13.4312 	WARNING 	1.210073199996259: Video catchup needed, advancing self._nextFrameT from 0.28 to 0.32
13.4312 	WARNING 	1.2100804000074277: Video catchup needed, advancing self._nextFrameT from 0.32 to 0.36
13.4312 	WARNING 	1.2100880000070902: Video catchup needed, advancing self._nextFrameT from 0.36 to 0.39999999999999997
13.4312 	WARNING 	Max reportNDroppedFrames reached, will not log any more dropped frames
13.4625 	EXP 	Created unnamed MovieStim3 = MovieStim3(__class__=<class 'psychopy.visual.movie3.MovieStim3'>, anchor=('center', 'center'), autoLog=True, color=UNKNOWN, colorSpace=UNKNOWN, depth=0.0, filename='imgs/titanic.mp4', flipHoriz=False, flipVert=False, fps=UNKNOWN, interpolate=True, loop=False, name='unnamed MovieStim3', noAudio=False, opacity=1, ori=method-wrapper(...), pos=array([  0., 100.]), size=None, units='pix', vframe_callback=UNKNOWN, volume=UNKNOWN, win=Window(...))
14.5450 	WARNING 	1.0824236999906134: Video catchup needed, advancing self._nextFrameT from 0.0 to 0.03336666666666667
14.5450 	WARNING 	1.0824518000008538: Video catchup needed, advancing self._nextFrameT from 0.03336666666666667 to 0.06673333333333334
14.5450 	WARNING 	1.0824616999889258: Video catchup needed, advancing self._nextFrameT from 0.06673333333333334 to 0.10010000000000001
14.5450 	WARNING 	1.0824701999954414: Video catchup needed, advancing self._nextFrameT from 0.10010000000000001 to 0.13346666666666668
14.5450 	WARNING 	1.0824786000011954: Video catchup needed, advancing self._nextFrameT from 0.13346666666666668 to 0.16683333333333333
14.5450 	WARNING 	1.0824867999908747: Video catchup needed, advancing self._nextFrameT from 0.16683333333333333 to 0.2002
14.5450 	WARNING 	1.0824972999980673: Video catchup needed, advancing self._nextFrameT from 0.2002 to 0.23356666666666664
14.5450 	WARNING 	1.0825053000007756: Video catchup needed, advancing self._nextFrameT from 0.23356666666666664 to 0.2669333333333333
14.5450 	WARNING 	1.0825137999927392: Video catchup needed, advancing self._nextFrameT from 0.2669333333333333 to 0.30029999999999996
14.5451 	WARNING 	1.0825215999939246: Video catchup needed, advancing self._nextFrameT from 0.30029999999999996 to 0.3336666666666666
14.5451 	WARNING 	Max reportNDroppedFrames reached, will not log any more dropped frames
14.5828 	EXP 	window1: mouseVisible = True
14.5903 	EXP 	Created image_4 = ImageStim(__class__=<class 'psychopy.visual.image.ImageStim'>, anchor=('center', 'center'), autoLog=True, color=array([1., 1., 1.]), colorSpace='rgb', contrast=1.0, depth=-3.0, draggable=False, flipHoriz=False, flipVert=False, image='default.png', interpolate=True, mask=None, maskParams=None, name='image_4', opacity=1.0, ori=0.0, pos=array([0., 0.]), size=array([0.35, 0.35]), texRes=128.0, units='height', win=Window(...))
14.5904 	EXP 	window1: mouseVisible = True
14.5949 	EXP 	Created text_4 = TextStim(__class__=<class 'psychopy.visual.text.TextStim'>, alignHoriz=method-wrapper(...), alignText='center', alignVert=method-wrapper(...), anchorHoriz='center', anchorVert='center', antialias=True, autoDraw=False, autoLog=True, bold=False, color=array([1., 1., 1.]), colorSpace='rgb', contrast=1.0, depth=0.0, draggable=False, flipHoriz=False, flipVert=False, font='Open Sans', fontFiles=[], height=0.05, italic=False, languageStyle='LTR', name='text_4', opacity=1.0, ori=0.0, pos=array([0., 0.]), rgb=UNKNOWN, text='¡Muchas gracias por participar!', units='height', win=Window(...), wrapWidth=1)
0.0020 	EXP 	unnamed MovieStim3: autoLog = True
0.0020 	EXP 	unnamed MovieStim3: movie = 'imgs/video_mar.mp4'
0.0020 	EXP 	unnamed MovieStim3: ori = 0.0
0.0020 	EXP 	unnamed MovieStim3: autoLog = True
0.0020 	EXP 	unnamed MovieStim3: movie = 'imgs/song_titanic.mp4'
0.0020 	EXP 	unnamed MovieStim3: ori = 0.0
0.0020 	EXP 	unnamed MovieStim3: autoLog = True
0.0020 	EXP 	unnamed MovieStim3: movie = 'imgs/titanic_spanish.mp4'
0.0020 	EXP 	unnamed MovieStim3: ori = 0.0
0.0020 	EXP 	unnamed MovieStim3: autoLog = True
0.0020 	EXP 	unnamed MovieStim3: movie = 'imgs/titanic_spanish.mp4'
0.0020 	EXP 	unnamed MovieStim3: ori = 0.0
0.0020 	EXP 	unnamed MovieStim3: autoLog = True
0.0020 	EXP 	unnamed MovieStim3: movie = 'imgs/titanic.mp4'
0.0020 	EXP 	unnamed MovieStim3: ori = 0.0
0.0136 	EXP 	image_5: autoDraw = True
0.0136 	EXP 	text_6: autoDraw = True
3.0200 	EXP 	image_5: autoDraw = False
3.0200 	EXP 	text_6: autoDraw = False
3.0200 	EXP 	text_5: autoDraw = True
8.5931 	EXP 	Imported imgs/iceberg_times.xlsx as conditions, 2 conditions, 3 params
8.5937 	EXP 	Created sequence: random, trialTypes=2, nReps=1, seed=None
8.5939 	EXP 	New trial (rep=0, index=0): {'timepresentation': 12, 'posx': 0.6, 'posy': 0.1}
8.5994 	EXP 	Sound  started
8.6028 	DATA 	Keypress: space
8.6078 	EXP 	text_5: autoDraw = False
8.6078 	EXP 	image: image = 'imgs/iceberg.png'
8.6078 	EXP 	Set unnamed MovieStim3 playing
20.6038 	EXP 	image: autoDraw = True
21.0344 	DATA 	Keypress: space
21.0422 	EXP 	New trial (rep=0, index=1): {'timepresentation': 15, 'posx': 0.5, 'posy': 0.1}
21.0540 	EXP 	image: autoDraw = False
21.0540 	EXP 	image: image = 'imgs/iceberg.png'
26.6070 	EXP 	Sound  stopped
26.7574 	EXP 	Sound  started
26.7575 	WARNING 	0.1656377000035718: Video catchup needed, advancing self._nextFrameT from 0.0 to 0.04
26.7575 	WARNING 	0.16566319999401458: Video catchup needed, advancing self._nextFrameT from 0.04 to 0.08
26.7575 	WARNING 	0.16567299999587703: Video catchup needed, advancing self._nextFrameT from 0.08 to 0.12
26.8870 	EXP 	Set unnamed MovieStim3 finished
26.8874 	WARNING 	0.29559490000247024: Video catchup needed, advancing self._nextFrameT from 0.16 to 0.2
26.8874 	WARNING 	0.29563199999392964: Video catchup needed, advancing self._nextFrameT from 0.2 to 0.24000000000000002
36.0351 	EXP 	image: autoDraw = True
36.3906 	DATA 	Keypress: space
36.3949 	EXP 	image: autoDraw = False
36.3949 	EXP 	text: autoDraw = True
37.3911 	EXP 	Imported imgs/iceberg_times.xlsx as conditions, 2 conditions, 3 params
37.3914 	EXP 	Created sequence: random, trialTypes=2, nReps=1, seed=None
37.3915 	EXP 	New trial (rep=0, index=0): {'timepresentation': 15, 'posx': 0.5, 'posy': 0.1}
37.3975 	EXP 	Sound  started
37.3975 	WARNING 	10.805734599998686: Video catchup needed, advancing self._nextFrameT from 9.799999999999967 to 9.839999999999966
37.3975 	WARNING 	10.805749799998011: Video catchup needed, advancing self._nextFrameT from 9.839999999999966 to 9.879999999999965
37.3976 	WARNING 	10.805759800001397: Video catchup needed, advancing self._nextFrameT from 9.879999999999965 to 9.919999999999964
37.3976 	WARNING 	10.805768099991838: Video catchup needed, advancing self._nextFrameT from 9.919999999999964 to 9.959999999999964
37.3976 	WARNING 	10.805775999993784: Video catchup needed, advancing self._nextFrameT from 9.959999999999964 to 9.999999999999963
37.3976 	WARNING 	Max reportNDroppedFrames reached, will not log any more dropped frames
37.6438 	EXP 	text: autoDraw = False
37.6438 	EXP 	text: autoDraw = False
37.6438 	EXP 	image_2: image = 'imgs/iceberg.png'
37.6438 	EXP 	Set unnamed MovieStim3 playing
45.5985 	EXP 	Sound  stopped
45.7685 	EXP 	Sound  started
45.9007 	EXP 	Set unnamed MovieStim3 finished
52.3920 	EXP 	image_2: autoDraw = True
52.7850 	EXP 	New trial (rep=0, index=1): {'timepresentation': 12, 'posx': 0.6, 'posy': 0.1}
52.8026 	DATA 	Keypress: space
52.8172 	EXP 	image_2: autoDraw = False
52.8172 	EXP 	image_2: image = 'imgs/iceberg.png'
64.5866 	EXP 	Sound  stopped
64.7542 	EXP 	Sound  started
64.8834 	EXP 	Set unnamed MovieStim3 finished
64.9192 	EXP 	image_2: autoDraw = True
65.3246 	DATA 	Keypress: space
65.3582 	EXP 	Sound  stopped
65.3651 	EXP 	image_2: autoDraw = False
65.3651 	EXP 	Set unnamed MovieStim3 stopped
65.3651 	EXP 	text_2: autoDraw = True
66.3710 	EXP 	Imported imgs/iceberg_times.xlsx as conditions, 2 conditions, 3 params
66.3713 	EXP 	Created sequence: random, trialTypes=2, nReps=1, seed=None
66.3714 	EXP 	New trial (rep=0, index=0): {'timepresentation': 12, 'posx': 0.6, 'posy': 0.1}
66.3715 	EXP 	Sound  started
66.6368 	EXP 	text_2: autoDraw = False
66.6368 	EXP 	Set unnamed MovieStim3 playing
66.6368 	EXP 	image_3: image = 'imgs/iceberg.png'
66.6371 	WARNING 	1.5855140000057872: Video catchup needed, advancing self._nextFrameT from 1.3600000000000005 to 1.4000000000000006
66.6371 	WARNING 	1.5855358999979217: Video catchup needed, advancing self._nextFrameT from 1.4000000000000006 to 1.4400000000000006
66.6371 	WARNING 	1.58554610000283: Video catchup needed, advancing self._nextFrameT from 1.4400000000000006 to 1.4800000000000006
66.6371 	WARNING 	1.5855563000077382: Video catchup needed, advancing self._nextFrameT from 1.4800000000000006 to 1.5200000000000007
66.6952 	WARNING 	1.6436700000049314: Video catchup needed, advancing self._nextFrameT from 1.5600000000000007 to 1.6000000000000008
78.3733 	EXP 	image_3: autoDraw = True
78.7194 	EXP 	New trial (rep=0, index=1): {'timepresentation': 15, 'posx': 0.5, 'posy': 0.1}
78.7290 	DATA 	Keypress: space
78.7380 	EXP 	image_3: autoDraw = False
78.7380 	EXP 	image_3: image = 'imgs/iceberg.png'
83.5777 	EXP 	Sound  stopped
83.7420 	EXP 	Sound  started
83.8758 	EXP 	Set unnamed MovieStim3 finished
83.8760 	WARNING 	18.824427200001082: Video catchup needed, advancing self._nextFrameT from 18.519999999999783 to 18.559999999999782
83.8760 	WARNING 	18.82444919999398: Video catchup needed, advancing self._nextFrameT from 18.559999999999782 to 18.59999999999978
83.8760 	WARNING 	18.82445899999584: Video catchup needed, advancing self._nextFrameT from 18.59999999999978 to 18.63999999999978
83.8760 	WARNING 	18.824468299993896: Video catchup needed, advancing self._nextFrameT from 18.63999999999978 to 18.67999999999978
83.8760 	WARNING 	18.824476900001173: Video catchup needed, advancing self._nextFrameT from 18.67999999999978 to 18.71999999999978
83.8760 	WARNING 	Max reportNDroppedFrames reached, will not log any more dropped frames
93.7513 	EXP 	image_3: autoDraw = True
94.0986 	EXP 	Sound  stopped
94.1010 	DATA 	Keypress: space
94.1090 	EXP 	image_3: autoDraw = False
94.1090 	EXP 	Set unnamed MovieStim3 stopped
94.1090 	EXP 	text_3: autoDraw = True
95.1032 	EXP 	Imported imgs/iceberg_times.xlsx as conditions, 2 conditions, 3 params
95.1035 	EXP 	Created sequence: random, trialTypes=2, nReps=1, seed=None
95.1036 	EXP 	New trial (rep=0, index=0): {'timepresentation': 3, 'posx': -0.7, 'posy': 0.15}
95.1037 	EXP 	Sound  started
95.1039 	EXP 	Sound  started
95.3482 	WARNING 	1.2452808000089135: Video catchup needed, advancing self._nextFrameT from 1.0343666666666667 to 1.0677333333333334
95.3482 	WARNING 	1.2453239000024041: Video catchup needed, advancing self._nextFrameT from 1.0677333333333334 to 1.1011000000000002
95.3483 	WARNING 	1.245335800005705: Video catchup needed, advancing self._nextFrameT from 1.1011000000000002 to 1.134466666666667
95.3483 	WARNING 	1.245345700008329: Video catchup needed, advancing self._nextFrameT from 1.134466666666667 to 1.1678333333333337
95.3483 	WARNING 	1.2453549000056228: Video catchup needed, advancing self._nextFrameT from 1.1678333333333337 to 1.2012000000000005
95.3601 	EXP 	text_3: autoDraw = False
95.3601 	EXP 	text_3: autoDraw = False
95.3601 	EXP 	Set unnamed MovieStim3 playing
95.3601 	EXP 	Set unnamed MovieStim3 playing
95.3601 	EXP 	image_4: image = 'imgs/iceberg.png'
95.3603 	WARNING 	1.376537999996799: Video catchup needed, advancing self._nextFrameT from 1.1600000000000004 to 1.2000000000000004
95.3603 	WARNING 	1.3765593999996781: Video catchup needed, advancing self._nextFrameT from 1.2000000000000004 to 1.2400000000000004
95.3603 	WARNING 	1.3765704999968875: Video catchup needed, advancing self._nextFrameT from 1.2400000000000004 to 1.2800000000000005
95.3603 	WARNING 	1.37658029999875: Video catchup needed, advancing self._nextFrameT from 1.2800000000000005 to 1.3200000000000005
95.4222 	WARNING 	1.3193008000089321: Video catchup needed, advancing self._nextFrameT from 1.2345666666666673 to 1.267933333333334
95.4310 	WARNING 	1.44723220000742: Video catchup needed, advancing self._nextFrameT from 1.3600000000000005 to 1.4000000000000006
98.0952 	EXP 	image_4: autoDraw = True
98.7946 	EXP 	New trial (rep=0, index=1): {'timepresentation': 15, 'posx': 0.6, 'posy': 0.1}
98.8035 	DATA 	Keypress: space
98.8121 	EXP 	image_4: autoDraw = False
98.8121 	EXP 	image_4: image = 'imgs/iceberg.png'
102.5758 	EXP 	Sound  stopped
102.7214 	EXP 	Sound  started
102.8500 	WARNING 	8.747035599997616: Video catchup needed, advancing self._nextFrameT from 8.441766666666677 to 8.475133333333343
102.8500 	WARNING 	8.74707510000735: Video catchup needed, advancing self._nextFrameT from 8.475133333333343 to 8.508500000000009
102.8500 	WARNING 	8.747095900005661: Video catchup needed, advancing self._nextFrameT from 8.508500000000009 to 8.541866666666674
102.8500 	WARNING 	8.747105600006762: Video catchup needed, advancing self._nextFrameT from 8.541866666666674 to 8.57523333333334
102.8500 	WARNING 	Max reportNDroppedFrames reached, will not log any more dropped frames
102.8710 	EXP 	Set unnamed MovieStim3 finished
102.8712 	WARNING 	8.887450700000045: Video catchup needed, advancing self._nextFrameT from 8.599999999999993 to 8.639999999999992
102.8712 	WARNING 	8.887485100000049: Video catchup needed, advancing self._nextFrameT from 8.639999999999992 to 8.67999999999999
102.8712 	WARNING 	8.887495300004957: Video catchup needed, advancing self._nextFrameT from 8.67999999999999 to 8.71999999999999
102.8712 	WARNING 	8.887504900005297: Video catchup needed, advancing self._nextFrameT from 8.71999999999999 to 8.75999999999999
102.8712 	WARNING 	8.887513499998022: Video catchup needed, advancing self._nextFrameT from 8.75999999999999 to 8.799999999999988
102.8712 	WARNING 	Max reportNDroppedFrames reached, will not log any more dropped frames
113.8037 	EXP 	image_4: autoDraw = True
114.2279 	EXP 	Sound  stopped
114.2566 	EXP 	Sound  stopped
114.2598 	DATA 	Keypress: space
114.2660 	EXP 	image_4: autoDraw = False
114.2660 	EXP 	Set unnamed MovieStim3 stopped
114.2660 	EXP 	Set unnamed MovieStim3 stopped
114.2660 	EXP 	text_4: autoDraw = True
116.2814 	EXP 	text_4: autoDraw = False
116.2815 	EXP 	tarea_iceberg: status = STOPPED
116.5004 	EXP 	window1: mouseVisible = True
