7.6911 	WARNING 	User requested fullscreen with size [1536  864], but screen is actually [1920, 1080]. Using actual size
8.3831 	EXP 	Created window1 = Window(allowGUI=True, allowStencil=False, autoLog=True, backendConf=UNKNOWN, backgroundFit=<method-wrapper '__getattribute__' of attributeSetter object at 0x000001D33EB33FD0>, backgroundImage=<method-wrapper '__getattribute__' of attributeSetter object at 0x000001D33EB33F70>, bitsMode=UNKNOWN, blendMode='avg', bpc=(8, 8, 8), color=array([0, 0, 0]), colorSpace='rgb', depthBits=8, fullscr=<method-wrapper '__getattribute__' of attributeSetter object at 0x000001D33EB33D90>, gamma=None, gammaErrorPolicy='raise', lms=UNKNOWN, monitor=<psychopy.monitors.calibTools.Monitor object at 0x000001D33EFA4520>, multiSample=False, name='window1', numSamples=2, pos=(1920, 789), screen=0, size=array([1920, 1080]), stencilBits=0, stereo=False, title='PsychoPy', units='height', useFBO=True, useRetina=False, viewOri=0.0, viewPos=None, viewScale=None, waitBlanking=True, winType='pyglet')
8.3832 	EXP 	window1: mouseVisible = True
8.3832 	EXP 	window1: backgroundImage = ''
8.3832 	EXP 	window1: backgroundFit = 'none'
8.3845 	EXP 	window1: Attempting to measure frame rate of screen (0) ...
8.3845 	EXP 	window1: recordFrameIntervals = False
8.5501 	EXP 	window1: recordFrameIntervals = True
8.7341 	EXP 	Screen (0) actual frame rate measured at 59.90Hz
8.7342 	EXP 	window1: recordFrameIntervals = False
8.7342 	EXP 	window1: mouseVisible = False
10.9557 	EXP 	tarea_iceberg: status = STARTED
10.9559 	EXP 	window1: mouseVisible = True
10.9564 	WARNING 	Requested image 'imgs/logo_OB.jpeg' not found but similar filename 'imgs/logo_OB.png' exists. This will be used instead but changing the filename is advised.
10.9622 	WARNING 	Requested image 'imgs/logo_OB.jpeg' not found but similar filename 'imgs/logo_OB.png' exists. This will be used instead but changing the filename is advised.
10.9687 	WARNING 	Requested image 'imgs/logo_OB.jpeg' not found but similar filename 'imgs/logo_OB.png' exists. This will be used instead but changing the filename is advised.
10.9741 	WARNING 	Requested image 'imgs/logo_OB.jpeg' not found but similar filename 'imgs/logo_OB.png' exists. This will be used instead but changing the filename is advised.
10.9813 	EXP 	Created image_5 = ImageStim(__class__=<class 'psychopy.visual.image.ImageStim'>, anchor=('center', 'center'), autoLog=True, color=array([1., 1., 1.]), colorSpace='rgb', contrast=1.0, depth=0.0, draggable=False, flipHoriz=False, flipVert=False, image='imgs/logo_OB.jpeg', interpolate=True, mask=None, maskParams=None, name='image_5', opacity=1.0, ori=0.0, pos=array([0., 0.]), size=array([0.6, 0.7]), texRes=128.0, units='height', win=Window(...))
10.9816 	EXP 	window1: mouseVisible = True
11.0567 	EXP 	Created text_6 = TextStim(__class__=<class 'psychopy.visual.text.TextStim'>, alignHoriz=method-wrapper(...), alignText='center', alignVert=method-wrapper(...), anchorHoriz='center', anchorVert='center', antialias=True, autoDraw=False, autoLog=True, bold=False, color=array([1., 1., 1.]), colorSpace='rgb', contrast=1.0, depth=-1.0, draggable=False, flipHoriz=False, flipVert=False, font='Open Sans', fontFiles=[], height=0.04, italic=False, languageStyle='LTR', name='text_6', opacity=1.0, ori=0.0, pos=array([ 0.  , -0.35]), rgb=UNKNOWN, text='¡Bienvenido a un experimento de Open Brains!', units='height', win=Window(...), wrapWidth=1)
11.0568 	EXP 	window1: mouseVisible = True
11.0806 	EXP 	Created text_5 = TextStim(__class__=<class 'psychopy.visual.text.TextStim'>, alignHoriz=method-wrapper(...), alignText='center', alignVert=method-wrapper(...), anchorHoriz='center', anchorVert='center', antialias=True, autoDraw=False, autoLog=True, bold=False, color=array([1., 1., 1.]), colorSpace='rgb', contrast=1.0, depth=0.0, draggable=False, flipHoriz=False, flipVert=False, font='Open Sans', fontFiles=[], height=0.035, italic=False, languageStyle='LTR', name='text_5', opacity=1.0, ori=0.0, pos=array([0., 0.]), rgb=UNKNOWN, text=str(...), units='height', win=Window(...), wrapWidth=1)
11.0808 	EXP 	window1: mouseVisible = True
11.0828 	EXP 	Created text_7 = TextStim(__class__=<class 'psychopy.visual.text.TextStim'>, alignHoriz=method-wrapper(...), alignText='center', alignVert=method-wrapper(...), anchorHoriz='center', anchorVert='center', antialias=True, autoDraw=False, autoLog=True, bold=False, color=array([1., 1., 1.]), colorSpace='rgb', contrast=1.0, depth=0.0, draggable=False, flipHoriz=False, flipVert=False, font='Open Sans', fontFiles=[], height=0.05, italic=False, languageStyle='LTR', name='text_7', opacity=1.0, ori=0.0, pos=array([0., 0.]), rgb=UNKNOWN, text='', units='height', win=Window(...), wrapWidth=1)
11.0830 	EXP 	window1: mouseVisible = True
11.0941 	EXP 	Created image = ImageStim(__class__=<class 'psychopy.visual.image.ImageStim'>, anchor=('center', 'center'), autoLog=True, color=array([1., 1., 1.]), colorSpace='rgb', contrast=1.0, depth=-1.0, draggable=False, flipHoriz=False, flipVert=False, image='default.png', interpolate=True, mask=None, maskParams=None, name='image', opacity=1.0, ori=0.0, pos=array([0., 0.]), size=array([0.35, 0.35]), texRes=128.0, units='height', win=Window(...))
11.2484 	EXP 	Created unnamed MovieStim3 = MovieStim3(__class__=<class 'psychopy.visual.movie3.MovieStim3'>, anchor=('center', 'center'), autoLog=True, color=UNKNOWN, colorSpace=UNKNOWN, depth=0.0, filename='imgs/video_mar.mp4', flipHoriz=False, flipVert=False, fps=UNKNOWN, interpolate=True, loop=True, name='unnamed MovieStim3', noAudio=False, opacity=1, ori=method-wrapper(...), pos=array([0., 0.]), size=None, units='pix', vframe_callback=UNKNOWN, volume=UNKNOWN, win=Window(...))
12.5250 	WARNING 	1.2765292999974918: Video catchup needed, advancing self._nextFrameT from 0.0 to 0.04
12.5250 	WARNING 	1.2765636999974959: Video catchup needed, advancing self._nextFrameT from 0.04 to 0.08
12.5250 	WARNING 	1.276576300006127: Video catchup needed, advancing self._nextFrameT from 0.08 to 0.12
12.5250 	WARNING 	1.2765875000040978: Video catchup needed, advancing self._nextFrameT from 0.12 to 0.16
12.5250 	WARNING 	1.276597000003676: Video catchup needed, advancing self._nextFrameT from 0.16 to 0.2
12.5250 	WARNING 	1.2766069000062998: Video catchup needed, advancing self._nextFrameT from 0.2 to 0.24000000000000002
12.5250 	WARNING 	1.2766167999943718: Video catchup needed, advancing self._nextFrameT from 0.24000000000000002 to 0.28
12.5250 	WARNING 	1.2766296000045259: Video catchup needed, advancing self._nextFrameT from 0.28 to 0.32
12.5250 	WARNING 	1.276639100004104: Video catchup needed, advancing self._nextFrameT from 0.32 to 0.36
12.5251 	WARNING 	1.2766499999997905: Video catchup needed, advancing self._nextFrameT from 0.36 to 0.39999999999999997
12.5251 	WARNING 	Max reportNDroppedFrames reached, will not log any more dropped frames
12.7881 	EXP 	window1: mouseVisible = True
12.7985 	EXP 	Created image_2 = ImageStim(__class__=<class 'psychopy.visual.image.ImageStim'>, anchor=('center', 'center'), autoLog=True, color=array([1., 1., 1.]), colorSpace='rgb', contrast=1.0, depth=-1.0, draggable=False, flipHoriz=False, flipVert=False, image='default.png', interpolate=True, mask=None, maskParams=None, name='image_2', opacity=1.0, ori=0.0, pos=array([0., 0.]), size=array([0.35, 0.35]), texRes=128.0, units='height', win=Window(...))
12.7987 	EXP 	Created unnamed MovieStim3 = MovieStim3(__class__=<class 'psychopy.visual.movie3.MovieStim3'>, anchor=('center', 'center'), autoLog=True, color=UNKNOWN, colorSpace=UNKNOWN, depth=0.0, filename='imgs/song_titanic.mp4', flipHoriz=False, flipVert=False, fps=UNKNOWN, interpolate=True, loop=False, name='unnamed MovieStim3', noAudio=False, opacity=1, ori=method-wrapper(...), pos=array([0., 0.]), size=None, units='pix', vframe_callback=UNKNOWN, volume=UNKNOWN, win=Window(...))
13.8355 	WARNING 	1.0366933000041172: Video catchup needed, advancing self._nextFrameT from 0.0 to 0.041666666666666664
13.8355 	WARNING 	1.0367774000042118: Video catchup needed, advancing self._nextFrameT from 0.041666666666666664 to 0.08333333333333333
13.8355 	WARNING 	1.036791100006667: Video catchup needed, advancing self._nextFrameT from 0.08333333333333333 to 0.125
13.8356 	WARNING 	1.0368025000061607: Video catchup needed, advancing self._nextFrameT from 0.125 to 0.16666666666666666
13.8356 	WARNING 	1.0368130999995628: Video catchup needed, advancing self._nextFrameT from 0.16666666666666666 to 0.20833333333333331
13.8356 	WARNING 	1.036823700007517: Video catchup needed, advancing self._nextFrameT from 0.20833333333333331 to 0.24999999999999997
13.8356 	WARNING 	1.0368339999986347: Video catchup needed, advancing self._nextFrameT from 0.24999999999999997 to 0.29166666666666663
13.8356 	WARNING 	1.0368445000058273: Video catchup needed, advancing self._nextFrameT from 0.29166666666666663 to 0.3333333333333333
13.8356 	WARNING 	1.0368540000054054: Video catchup needed, advancing self._nextFrameT from 0.3333333333333333 to 0.375
13.8356 	WARNING 	1.0368631000019377: Video catchup needed, advancing self._nextFrameT from 0.375 to 0.4166666666666667
13.8356 	WARNING 	Max reportNDroppedFrames reached, will not log any more dropped frames
13.8673 	EXP 	Created unnamed MovieStim3 = MovieStim3(__class__=<class 'psychopy.visual.movie3.MovieStim3'>, anchor=('center', 'center'), autoLog=True, color=UNKNOWN, colorSpace=UNKNOWN, depth=0.0, filename='imgs/titanic_spanish.mp4', flipHoriz=False, flipVert=False, fps=UNKNOWN, interpolate=True, loop=False, name='unnamed MovieStim3', noAudio=False, opacity=1, ori=method-wrapper(...), pos=array([0., 0.]), size=None, units='pix', vframe_callback=UNKNOWN, volume=UNKNOWN, win=Window(...))
15.3821 	WARNING 	1.5148263000010047: Video catchup needed, advancing self._nextFrameT from 0.0 to 0.04
15.3821 	WARNING 	1.514863400007016: Video catchup needed, advancing self._nextFrameT from 0.04 to 0.08
15.3822 	WARNING 	1.514878600006341: Video catchup needed, advancing self._nextFrameT from 0.08 to 0.12
15.3822 	WARNING 	1.5148913000011817: Video catchup needed, advancing self._nextFrameT from 0.12 to 0.16
15.3822 	WARNING 	1.5149019000091357: Video catchup needed, advancing self._nextFrameT from 0.16 to 0.2
15.3822 	WARNING 	1.5149122000002535: Video catchup needed, advancing self._nextFrameT from 0.2 to 0.24000000000000002
15.3822 	WARNING 	1.5149259000027087: Video catchup needed, advancing self._nextFrameT from 0.24000000000000002 to 0.28
15.3822 	WARNING 	1.5149355000030482: Video catchup needed, advancing self._nextFrameT from 0.28 to 0.32
15.3822 	WARNING 	1.5149448000011034: Video catchup needed, advancing self._nextFrameT from 0.32 to 0.36
15.3822 	WARNING 	1.5149551000067731: Video catchup needed, advancing self._nextFrameT from 0.36 to 0.39999999999999997
15.3822 	WARNING 	Max reportNDroppedFrames reached, will not log any more dropped frames
15.4163 	EXP 	window1: mouseVisible = True
15.4264 	EXP 	Created image_3 = ImageStim(__class__=<class 'psychopy.visual.image.ImageStim'>, anchor=('center', 'center'), autoLog=True, color=array([1., 1., 1.]), colorSpace='rgb', contrast=1.0, depth=-3.0, draggable=False, flipHoriz=False, flipVert=False, image='default.png', interpolate=True, mask=None, maskParams=None, name='image_3', opacity=1.0, ori=0.0, pos=array([0., 0.]), size=array([0.35, 0.35]), texRes=128.0, units='height', win=Window(...))
15.4267 	EXP 	Created unnamed MovieStim3 = MovieStim3(__class__=<class 'psychopy.visual.movie3.MovieStim3'>, anchor=('center', 'center'), autoLog=True, color=UNKNOWN, colorSpace=UNKNOWN, depth=0.0, filename='imgs/titanic_spanish.mp4', flipHoriz=False, flipVert=False, fps=UNKNOWN, interpolate=True, loop=False, name='unnamed MovieStim3', noAudio=False, opacity=1, ori=method-wrapper(...), pos=array([0., 0.]), size=None, units='pix', vframe_callback=UNKNOWN, volume=UNKNOWN, win=Window(...))
17.0714 	WARNING 	1.6446909999940544: Video catchup needed, advancing self._nextFrameT from 0.0 to 0.04
17.0715 	WARNING 	1.6447497999906773: Video catchup needed, advancing self._nextFrameT from 0.04 to 0.08
17.0715 	WARNING 	1.6447659999976167: Video catchup needed, advancing self._nextFrameT from 0.08 to 0.12
17.0715 	WARNING 	1.64478189998772: Video catchup needed, advancing self._nextFrameT from 0.12 to 0.16
17.0715 	WARNING 	1.6447964999970281: Video catchup needed, advancing self._nextFrameT from 0.16 to 0.2
17.0715 	WARNING 	1.644806599986623: Video catchup needed, advancing self._nextFrameT from 0.2 to 0.24000000000000002
17.0716 	WARNING 	1.6448210999951698: Video catchup needed, advancing self._nextFrameT from 0.24000000000000002 to 0.28
17.0716 	WARNING 	1.6448317999893334: Video catchup needed, advancing self._nextFrameT from 0.28 to 0.32
17.0716 	WARNING 	1.6448520999983884: Video catchup needed, advancing self._nextFrameT from 0.32 to 0.36
17.0716 	WARNING 	1.6448643999901833: Video catchup needed, advancing self._nextFrameT from 0.36 to 0.39999999999999997
17.0716 	WARNING 	Max reportNDroppedFrames reached, will not log any more dropped frames
17.1249 	EXP 	Created unnamed MovieStim3 = MovieStim3(__class__=<class 'psychopy.visual.movie3.MovieStim3'>, anchor=('center', 'center'), autoLog=True, color=UNKNOWN, colorSpace=UNKNOWN, depth=0.0, filename='imgs/titanic.mp4', flipHoriz=False, flipVert=False, fps=UNKNOWN, interpolate=True, loop=False, name='unnamed MovieStim3', noAudio=False, opacity=1, ori=method-wrapper(...), pos=array([  0., 100.]), size=None, units='pix', vframe_callback=UNKNOWN, volume=UNKNOWN, win=Window(...))
18.5745 	WARNING 	1.4495988999988185: Video catchup needed, advancing self._nextFrameT from 0.0 to 0.03336666666666667
18.5745 	WARNING 	1.4496341000049142: Video catchup needed, advancing self._nextFrameT from 0.03336666666666667 to 0.06673333333333334
18.5746 	WARNING 	1.4496471000020392: Video catchup needed, advancing self._nextFrameT from 0.06673333333333334 to 0.10010000000000001
18.5746 	WARNING 	1.4496587000030559: Video catchup needed, advancing self._nextFrameT from 0.10010000000000001 to 0.13346666666666668
18.5746 	WARNING 	1.4496688000072027: Video catchup needed, advancing self._nextFrameT from 0.13346666666666668 to 0.16683333333333333
18.5746 	WARNING 	1.4496783000067808: Video catchup needed, advancing self._nextFrameT from 0.16683333333333333 to 0.2002
18.5746 	WARNING 	1.4496875000040745: Video catchup needed, advancing self._nextFrameT from 0.2002 to 0.23356666666666664
18.5746 	WARNING 	1.4496969000028912: Video catchup needed, advancing self._nextFrameT from 0.23356666666666664 to 0.2669333333333333
18.5746 	WARNING 	1.4497064000024693: Video catchup needed, advancing self._nextFrameT from 0.2669333333333333 to 0.30029999999999996
18.5746 	WARNING 	1.4497166000073776: Video catchup needed, advancing self._nextFrameT from 0.30029999999999996 to 0.3336666666666666
18.5746 	WARNING 	Max reportNDroppedFrames reached, will not log any more dropped frames
18.6132 	EXP 	window1: mouseVisible = True
18.6292 	EXP 	Created image_4 = ImageStim(__class__=<class 'psychopy.visual.image.ImageStim'>, anchor=('center', 'center'), autoLog=True, color=array([1., 1., 1.]), colorSpace='rgb', contrast=1.0, depth=-4.0, draggable=False, flipHoriz=False, flipVert=False, image='default.png', interpolate=True, mask=None, maskParams=None, name='image_4', opacity=1.0, ori=0.0, pos=array([0., 0.]), size=array([0.35, 0.35]), texRes=128.0, units='height', win=Window(...))
18.6294 	EXP 	window1: mouseVisible = True
18.6304 	EXP 	Created text_8 = TextStim(__class__=<class 'psychopy.visual.text.TextStim'>, alignHoriz=method-wrapper(...), alignText='center', alignVert=method-wrapper(...), anchorHoriz='center', anchorVert='center', antialias=True, autoDraw=False, autoLog=True, bold=False, color=array([1., 1., 1.]), colorSpace='rgb', contrast=1.0, depth=0.0, draggable=False, flipHoriz=False, flipVert=False, font='Open Sans', fontFiles=[], height=0.05, italic=False, languageStyle='LTR', name='text_8', opacity=1.0, ori=0.0, pos=array([0., 0.]), rgb=UNKNOWN, text='', units='height', win=Window(...), wrapWidth=1)
18.6306 	EXP 	window1: mouseVisible = True
18.6462 	EXP 	Created image_6 = ImageStim(__class__=<class 'psychopy.visual.image.ImageStim'>, anchor=('center', 'center'), autoLog=True, color=array([1., 1., 1.]), colorSpace='rgb', contrast=1.0, depth=-1.0, draggable=False, flipHoriz=False, flipVert=False, image='default.png', interpolate=True, mask=None, maskParams=None, name='image_6', opacity=1.0, ori=0.0, pos=array([0., 0.]), size=array([0.35, 0.35]), texRes=128.0, units='height', win=Window(...))
18.6467 	EXP 	Created unnamed MovieStim3 = MovieStim3(__class__=<class 'psychopy.visual.movie3.MovieStim3'>, anchor=('center', 'center'), autoLog=True, color=UNKNOWN, colorSpace=UNKNOWN, depth=0.0, filename='imgs/video_mar.mp4', flipHoriz=False, flipVert=False, fps=UNKNOWN, interpolate=True, loop=True, name='unnamed MovieStim3', noAudio=False, opacity=1, ori=method-wrapper(...), pos=array([0., 0.]), size=None, units='pix', vframe_callback=UNKNOWN, volume=UNKNOWN, win=Window(...))
19.0326 	WARNING 	0.3858487999968929: Video catchup needed, advancing self._nextFrameT from 0.0 to 0.04
19.0326 	WARNING 	0.38589170000341255: Video catchup needed, advancing self._nextFrameT from 0.04 to 0.08
19.0326 	WARNING 	0.38591189999715425: Video catchup needed, advancing self._nextFrameT from 0.08 to 0.12
19.0326 	WARNING 	0.38593020000553224: Video catchup needed, advancing self._nextFrameT from 0.12 to 0.16
19.0326 	WARNING 	0.3859487000008812: Video catchup needed, advancing self._nextFrameT from 0.16 to 0.2
19.0327 	WARNING 	0.3859668000077363: Video catchup needed, advancing self._nextFrameT from 0.2 to 0.24000000000000002
19.0327 	WARNING 	0.38598540000384673: Video catchup needed, advancing self._nextFrameT from 0.24000000000000002 to 0.28
19.0327 	WARNING 	0.38601370000105817: Video catchup needed, advancing self._nextFrameT from 0.28 to 0.32
19.1144 	EXP 	window1: mouseVisible = True
19.1260 	EXP 	Created image_7 = ImageStim(__class__=<class 'psychopy.visual.image.ImageStim'>, anchor=('center', 'center'), autoLog=True, color=array([1., 1., 1.]), colorSpace='rgb', contrast=1.0, depth=-1.0, draggable=False, flipHoriz=False, flipVert=False, image='default.png', interpolate=True, mask=None, maskParams=None, name='image_7', opacity=1.0, ori=0.0, pos=array([0., 0.]), size=array([0.35, 0.35]), texRes=128.0, units='height', win=Window(...))
19.1263 	EXP 	Created unnamed MovieStim3 = MovieStim3(__class__=<class 'psychopy.visual.movie3.MovieStim3'>, anchor=('center', 'center'), autoLog=True, color=UNKNOWN, colorSpace=UNKNOWN, depth=0.0, filename='imgs/song_titanic.mp4', flipHoriz=False, flipVert=False, fps=UNKNOWN, interpolate=True, loop=False, name='unnamed MovieStim3', noAudio=False, opacity=1, ori=method-wrapper(...), pos=array([0., 0.]), size=None, units='pix', vframe_callback=UNKNOWN, volume=UNKNOWN, win=Window(...))
20.1043 	WARNING 	0.9779980000021169: Video catchup needed, advancing self._nextFrameT from 0.0 to 0.041666666666666664
20.1044 	WARNING 	0.9780448999954388: Video catchup needed, advancing self._nextFrameT from 0.041666666666666664 to 0.08333333333333333
20.1044 	WARNING 	0.9780642999976408: Video catchup needed, advancing self._nextFrameT from 0.08333333333333333 to 0.125
20.1044 	WARNING 	0.978081099994597: Video catchup needed, advancing self._nextFrameT from 0.125 to 0.16666666666666666
20.1044 	WARNING 	0.9780968999984907: Video catchup needed, advancing self._nextFrameT from 0.16666666666666666 to 0.20833333333333331
20.1044 	WARNING 	0.9781122999993386: Video catchup needed, advancing self._nextFrameT from 0.20833333333333331 to 0.24999999999999997
20.1044 	WARNING 	0.9781268999940949: Video catchup needed, advancing self._nextFrameT from 0.24999999999999997 to 0.29166666666666663
20.1045 	WARNING 	0.9781419999926584: Video catchup needed, advancing self._nextFrameT from 0.29166666666666663 to 0.3333333333333333
20.1045 	WARNING 	0.9781566000019666: Video catchup needed, advancing self._nextFrameT from 0.3333333333333333 to 0.375
20.1045 	WARNING 	0.9781733999989228: Video catchup needed, advancing self._nextFrameT from 0.375 to 0.4166666666666667
20.1045 	WARNING 	Max reportNDroppedFrames reached, will not log any more dropped frames
20.1314 	EXP 	Created unnamed MovieStim3 = MovieStim3(__class__=<class 'psychopy.visual.movie3.MovieStim3'>, anchor=('center', 'center'), autoLog=True, color=UNKNOWN, colorSpace=UNKNOWN, depth=0.0, filename='imgs/titanic_spanish.mp4', flipHoriz=False, flipVert=False, fps=UNKNOWN, interpolate=True, loop=False, name='unnamed MovieStim3', noAudio=False, opacity=1, ori=method-wrapper(...), pos=array([0., 0.]), size=None, units='pix', vframe_callback=UNKNOWN, volume=UNKNOWN, win=Window(...))
22.1358 	WARNING 	2.00435020000441: Video catchup needed, advancing self._nextFrameT from 0.0 to 0.04
22.1358 	WARNING 	2.0044111000024714: Video catchup needed, advancing self._nextFrameT from 0.04 to 0.08
22.1359 	WARNING 	2.004430900007719: Video catchup needed, advancing self._nextFrameT from 0.08 to 0.12
22.1359 	WARNING 	2.0044457000039984: Video catchup needed, advancing self._nextFrameT from 0.12 to 0.16
22.1359 	WARNING 	2.004461700009415: Video catchup needed, advancing self._nextFrameT from 0.16 to 0.2
22.1359 	WARNING 	2.0044750000088243: Video catchup needed, advancing self._nextFrameT from 0.2 to 0.24000000000000002
22.1359 	WARNING 	2.0044898000051035: Video catchup needed, advancing self._nextFrameT from 0.24000000000000002 to 0.28
22.1359 	WARNING 	2.004511100007221: Video catchup needed, advancing self._nextFrameT from 0.28 to 0.32
22.1360 	WARNING 	2.004525399999693: Video catchup needed, advancing self._nextFrameT from 0.32 to 0.36
22.1360 	WARNING 	2.0045412000035867: Video catchup needed, advancing self._nextFrameT from 0.36 to 0.39999999999999997
22.1360 	WARNING 	Max reportNDroppedFrames reached, will not log any more dropped frames
22.2119 	EXP 	window1: mouseVisible = True
22.2314 	EXP 	Created image_8 = ImageStim(__class__=<class 'psychopy.visual.image.ImageStim'>, anchor=('center', 'center'), autoLog=True, color=array([1., 1., 1.]), colorSpace='rgb', contrast=1.0, depth=-3.0, draggable=False, flipHoriz=False, flipVert=False, image='default.png', interpolate=True, mask=None, maskParams=None, name='image_8', opacity=1.0, ori=0.0, pos=array([0., 0.]), size=array([0.35, 0.35]), texRes=128.0, units='height', win=Window(...))
22.2318 	EXP 	Created unnamed MovieStim3 = MovieStim3(__class__=<class 'psychopy.visual.movie3.MovieStim3'>, anchor=('center', 'center'), autoLog=True, color=UNKNOWN, colorSpace=UNKNOWN, depth=0.0, filename='imgs/titanic_spanish.mp4', flipHoriz=False, flipVert=False, fps=UNKNOWN, interpolate=True, loop=False, name='unnamed MovieStim3', noAudio=False, opacity=1, ori=method-wrapper(...), pos=array([0., 0.]), size=None, units='pix', vframe_callback=UNKNOWN, volume=UNKNOWN, win=Window(...))
23.9097 	WARNING 	1.677810099994531: Video catchup needed, advancing self._nextFrameT from 0.0 to 0.04
23.9097 	WARNING 	1.6778523999964818: Video catchup needed, advancing self._nextFrameT from 0.04 to 0.08
23.9097 	WARNING 	1.677868300001137: Video catchup needed, advancing self._nextFrameT from 0.08 to 0.12
23.9097 	WARNING 	1.677882399992086: Video catchup needed, advancing self._nextFrameT from 0.12 to 0.16
23.9097 	WARNING 	1.6778967999998713: Video catchup needed, advancing self._nextFrameT from 0.16 to 0.2
23.9098 	WARNING 	1.677910600003088: Video catchup needed, advancing self._nextFrameT from 0.2 to 0.24000000000000002
23.9098 	WARNING 	1.6779242999909911: Video catchup needed, advancing self._nextFrameT from 0.24000000000000002 to 0.28
23.9098 	WARNING 	1.677937300002668: Video catchup needed, advancing self._nextFrameT from 0.28 to 0.32
23.9098 	WARNING 	1.6779499999975087: Video catchup needed, advancing self._nextFrameT from 0.32 to 0.36
23.9098 	WARNING 	1.6779629999946337: Video catchup needed, advancing self._nextFrameT from 0.36 to 0.39999999999999997
23.9098 	WARNING 	Max reportNDroppedFrames reached, will not log any more dropped frames
23.9596 	EXP 	Created unnamed MovieStim3 = MovieStim3(__class__=<class 'psychopy.visual.movie3.MovieStim3'>, anchor=('center', 'center'), autoLog=True, color=UNKNOWN, colorSpace=UNKNOWN, depth=0.0, filename='imgs/titanic.mp4', flipHoriz=False, flipVert=False, fps=UNKNOWN, interpolate=True, loop=False, name='unnamed MovieStim3', noAudio=False, opacity=1, ori=method-wrapper(...), pos=array([  0., 100.]), size=None, units='pix', vframe_callback=UNKNOWN, volume=UNKNOWN, win=Window(...))
25.4245 	WARNING 	1.4648898000014015: Video catchup needed, advancing self._nextFrameT from 0.0 to 0.03336666666666667
25.4245 	WARNING 	1.4649422999937087: Video catchup needed, advancing self._nextFrameT from 0.03336666666666667 to 0.06673333333333334
25.4246 	WARNING 	1.4649608000036096: Video catchup needed, advancing self._nextFrameT from 0.06673333333333334 to 0.10010000000000001
25.4246 	WARNING 	1.4649785999936284: Video catchup needed, advancing self._nextFrameT from 0.10010000000000001 to 0.13346666666666668
25.4246 	WARNING 	1.4649918999930378: Video catchup needed, advancing self._nextFrameT from 0.13346666666666668 to 0.16683333333333333
25.4246 	WARNING 	1.465004300000146: Video catchup needed, advancing self._nextFrameT from 0.16683333333333333 to 0.2002
25.4246 	WARNING 	1.465017499998794: Video catchup needed, advancing self._nextFrameT from 0.2002 to 0.23356666666666664
25.4246 	WARNING 	1.4650303999951575: Video catchup needed, advancing self._nextFrameT from 0.23356666666666664 to 0.2669333333333333
25.4246 	WARNING 	1.4650438999960897: Video catchup needed, advancing self._nextFrameT from 0.2669333333333333 to 0.30029999999999996
25.4247 	WARNING 	1.4650570999947377: Video catchup needed, advancing self._nextFrameT from 0.30029999999999996 to 0.3336666666666666
25.4247 	WARNING 	Max reportNDroppedFrames reached, will not log any more dropped frames
25.4686 	EXP 	window1: mouseVisible = True
25.4847 	EXP 	Created image_9 = ImageStim(__class__=<class 'psychopy.visual.image.ImageStim'>, anchor=('center', 'center'), autoLog=True, color=array([1., 1., 1.]), colorSpace='rgb', contrast=1.0, depth=-4.0, draggable=False, flipHoriz=False, flipVert=False, image='default.png', interpolate=True, mask=None, maskParams=None, name='image_9', opacity=1.0, ori=0.0, pos=array([0., 0.]), size=array([0.35, 0.35]), texRes=128.0, units='height', win=Window(...))
25.4849 	EXP 	window1: mouseVisible = True
25.5037 	EXP 	Created text_4 = TextStim(__class__=<class 'psychopy.visual.text.TextStim'>, alignHoriz=method-wrapper(...), alignText='center', alignVert=method-wrapper(...), anchorHoriz='center', anchorVert='center', antialias=True, autoDraw=False, autoLog=True, bold=False, color=array([1., 1., 1.]), colorSpace='rgb', contrast=1.0, depth=0.0, draggable=False, flipHoriz=False, flipVert=False, font='Open Sans', fontFiles=[], height=0.05, italic=False, languageStyle='LTR', name='text_4', opacity=1.0, ori=0.0, pos=array([0., 0.]), rgb=UNKNOWN, text='¡Muchas gracias por participar!', units='height', win=Window(...), wrapWidth=1)
0.0025 	EXP 	unnamed MovieStim3: autoLog = True
0.0025 	EXP 	unnamed MovieStim3: movie = 'imgs/video_mar.mp4'
0.0025 	EXP 	unnamed MovieStim3: ori = 0.0
0.0025 	EXP 	unnamed MovieStim3: autoLog = True
0.0025 	EXP 	unnamed MovieStim3: movie = 'imgs/song_titanic.mp4'
0.0025 	EXP 	unnamed MovieStim3: ori = 0.0
0.0025 	EXP 	unnamed MovieStim3: autoLog = True
0.0025 	EXP 	unnamed MovieStim3: movie = 'imgs/titanic_spanish.mp4'
0.0025 	EXP 	unnamed MovieStim3: ori = 0.0
0.0025 	EXP 	unnamed MovieStim3: autoLog = True
0.0025 	EXP 	unnamed MovieStim3: movie = 'imgs/titanic_spanish.mp4'
0.0025 	EXP 	unnamed MovieStim3: ori = 0.0
0.0025 	EXP 	unnamed MovieStim3: autoLog = True
0.0025 	EXP 	unnamed MovieStim3: movie = 'imgs/titanic.mp4'
0.0025 	EXP 	unnamed MovieStim3: ori = 0.0
0.0025 	EXP 	unnamed MovieStim3: autoLog = True
0.0025 	EXP 	unnamed MovieStim3: movie = 'imgs/video_mar.mp4'
0.0025 	EXP 	unnamed MovieStim3: ori = 0.0
0.0025 	EXP 	unnamed MovieStim3: autoLog = True
0.0025 	EXP 	unnamed MovieStim3: movie = 'imgs/song_titanic.mp4'
0.0025 	EXP 	unnamed MovieStim3: ori = 0.0
0.0025 	EXP 	unnamed MovieStim3: autoLog = True
0.0025 	EXP 	unnamed MovieStim3: movie = 'imgs/titanic_spanish.mp4'
0.0025 	EXP 	unnamed MovieStim3: ori = 0.0
0.0025 	EXP 	unnamed MovieStim3: autoLog = True
0.0025 	EXP 	unnamed MovieStim3: movie = 'imgs/titanic_spanish.mp4'
0.0025 	EXP 	unnamed MovieStim3: ori = 0.0
0.0025 	EXP 	unnamed MovieStim3: autoLog = True
0.0025 	EXP 	unnamed MovieStim3: movie = 'imgs/titanic.mp4'
0.0025 	EXP 	unnamed MovieStim3: ori = 0.0
0.0195 	EXP 	image_5: autoDraw = True
0.0195 	EXP 	text_6: autoDraw = True
3.0323 	EXP 	image_5: autoDraw = False
3.0323 	EXP 	text_6: autoDraw = False
3.0323 	EXP 	text_5: autoDraw = True
4.6030 	DATA 	Mouse: Left button down, pos=(408,766)
4.7705 	DATA 	Mouse:  Left button up, pos=(408,766)
8.1967 	DATA 	Keypress: space
8.2043 	EXP 	text_5: autoDraw = False
8.2043 	EXP 	text_7: height = 0.05
8.2043 	EXP 	text_7: height = 0.05
8.2043 	EXP 	text_7: height = 0.05
8.2043 	EXP 	text_7: text = 'Ronda 1/4'
8.2043 	EXP 	text_7: autoDraw = True
10.2399 	EXP 	Imported imgs/iceberg_times.xlsx as conditions, 2 conditions, 3 params
10.2403 	EXP 	Created sequence: random, trialTypes=2, nReps=1, seed=None
10.2405 	EXP 	New trial (rep=0, index=0): {'timepresentation': 10, 'posx': 0.8, 'posy': 0.1}
10.2470 	EXP 	Sound  started
10.2473 	EXP 	New trial (rep=0, index=1): {'timepresentation': 13, 'posx': 0.9, 'posy': 0.1}
10.2622 	EXP 	Imported imgs/iceberg_times.xlsx as conditions, 2 conditions, 3 params
10.2625 	EXP 	Created sequence: random, trialTypes=2, nReps=1, seed=None
10.2627 	EXP 	New trial (rep=0, index=0): {'timepresentation': 10, 'posx': 0.8, 'posy': 0.1}
10.2677 	EXP 	Sound  started
10.2680 	EXP 	New trial (rep=0, index=1): {'timepresentation': 13, 'posx': 0.9, 'posy': 0.1}
10.2967 	EXP 	Sound  stopped
10.3059 	EXP 	Imported imgs/iceberg_times.xlsx as conditions, 2 conditions, 3 params
10.3064 	EXP 	Created sequence: random, trialTypes=2, nReps=1, seed=None
10.3065 	EXP 	New trial (rep=0, index=0): {'timepresentation': 10, 'posx': 0.8, 'posy': 0.1}
10.3066 	EXP 	Sound  started
10.3267 	EXP 	text_7: autoDraw = False
10.3267 	EXP 	image: image = 'imgs/iceberg.png'
10.3267 	EXP 	Set unnamed MovieStim3 playing
10.3267 	EXP 	image: autoDraw = False
10.3267 	EXP 	image: image = 'imgs/iceberg.png'
10.3267 	EXP 	image: autoDraw = False
10.3267 	EXP 	image_2: image = 'imgs/iceberg.png'
10.3267 	EXP 	Set unnamed MovieStim3 playing
10.3267 	EXP 	image_2: autoDraw = False
10.3267 	EXP 	image_2: image = 'imgs/iceberg.png'
10.3267 	EXP 	image_2: autoDraw = False
10.3267 	EXP 	Set unnamed MovieStim3 stopped
10.3267 	EXP 	Set unnamed MovieStim3 playing
10.3267 	EXP 	image_3: image = 'imgs/iceberg.png'
20.2995 	EXP 	image_3: autoDraw = True
20.7891 	EXP 	New trial (rep=0, index=1): {'timepresentation': 13, 'posx': 0.9, 'posy': 0.1}
20.7989 	DATA 	Keypress: space
20.8078 	EXP 	image_3: autoDraw = False
20.8078 	EXP 	image_3: image = 'imgs/iceberg.png'
28.9772 	EXP 	Sound  stopped
29.1267 	EXP 	Sound  started
29.1268 	WARNING 	0.16495880000002217: Video catchup needed, advancing self._nextFrameT from 0.0 to 0.04
29.1268 	WARNING 	0.16498139999748673: Video catchup needed, advancing self._nextFrameT from 0.04 to 0.08
29.1268 	WARNING 	0.1649946999968961: Video catchup needed, advancing self._nextFrameT from 0.08 to 0.12
29.2844 	EXP 	Set unnamed MovieStim3 finished
29.2846 	WARNING 	20.377912500000093: Video catchup needed, advancing self._nextFrameT from 20.07999999999975 to 20.11999999999975
29.2846 	WARNING 	20.377949000001536: Video catchup needed, advancing self._nextFrameT from 20.11999999999975 to 20.159999999999748
29.2846 	WARNING 	20.3779663000023: Video catchup needed, advancing self._nextFrameT from 20.159999999999748 to 20.199999999999747
29.2846 	WARNING 	20.377979199998663: Video catchup needed, advancing self._nextFrameT from 20.199999999999747 to 20.239999999999746
29.2846 	WARNING 	20.377992099995026: Video catchup needed, advancing self._nextFrameT from 20.239999999999746 to 20.279999999999745
29.2846 	WARNING 	20.378017800001544: Video catchup needed, advancing self._nextFrameT from 20.279999999999745 to 20.319999999999744
29.2937 	WARNING 	0.3318569999973988: Video catchup needed, advancing self._nextFrameT from 0.16 to 0.2
29.2937 	WARNING 	0.3318994000001112: Video catchup needed, advancing self._nextFrameT from 0.2 to 0.24000000000000002
29.2937 	WARNING 	0.33191560000705067: Video catchup needed, advancing self._nextFrameT from 0.24000000000000002 to 0.28
33.8022 	EXP 	image_3: autoDraw = True
34.2783 	EXP 	Sound  stopped
34.2895 	EXP 	Imported imgs/iceberg_times.xlsx as conditions, 2 conditions, 3 params
34.2899 	EXP 	Created sequence: random, trialTypes=2, nReps=1, seed=None
34.2901 	EXP 	New trial (rep=0, index=0): {'timepresentation': 3, 'posx': -0.6, 'posy': 0.15}
34.2901 	EXP 	Sound  started
34.2905 	EXP 	Sound  started
34.2981 	EXP 	New trial (rep=0, index=1): {'timepresentation': 9, 'posx': -0.6, 'posy': 0.15}
34.3375 	EXP 	Sound  stopped
34.3682 	EXP 	Sound  stopped
34.3781 	DATA 	Keypress: space
34.3832 	EXP 	image_3: autoDraw = False
34.3832 	EXP 	Set unnamed MovieStim3 stopped
34.3832 	EXP 	Set unnamed MovieStim3 playing
34.3832 	EXP 	Set unnamed MovieStim3 playing
34.3832 	EXP 	image_4: image = 'imgs/iceberg.png'
34.3832 	EXP 	image_4: autoDraw = False
34.3832 	EXP 	image_4: image = 'imgs/iceberg.png'
34.3832 	EXP 	image_4: autoDraw = False
34.3832 	EXP 	Set unnamed MovieStim3 stopped
34.3832 	EXP 	Set unnamed MovieStim3 stopped
34.3832 	EXP 	text_8: height = 0.05
34.3832 	EXP 	text_8: height = 0.05
34.3832 	EXP 	text_8: height = 0.05
34.3832 	EXP 	text_8: text = 'Ronda 2/4'
34.3832 	EXP 	text_8: autoDraw = True
36.3918 	EXP 	Imported imgs/iceberg_times.xlsx as conditions, 2 conditions, 3 params
36.3921 	EXP 	Created sequence: random, trialTypes=2, nReps=1, seed=None
36.3923 	EXP 	New trial (rep=0, index=0): {'timepresentation': 11, 'posx': -0.7, 'posy': 0.15}
36.3993 	EXP 	New trial (rep=0, index=1): {'timepresentation': 9, 'posx': 0.9, 'posy': 0.1}
36.4131 	EXP 	Imported imgs/iceberg_times.xlsx as conditions, 2 conditions, 3 params
36.4134 	EXP 	Created sequence: random, trialTypes=2, nReps=1, seed=None
36.4136 	EXP 	New trial (rep=0, index=0): {'timepresentation': 9, 'posx': 0.9, 'posy': 0.1}
36.4189 	EXP 	Sound  started
36.4191 	WARNING 	7.457225000005565: Video catchup needed, advancing self._nextFrameT from 5.280000000000004 to 5.320000000000004
36.4191 	WARNING 	7.457246200006921: Video catchup needed, advancing self._nextFrameT from 5.320000000000004 to 5.360000000000004
36.4191 	WARNING 	7.457257000001846: Video catchup needed, advancing self._nextFrameT from 5.360000000000004 to 5.400000000000004
36.4191 	WARNING 	7.457267000005231: Video catchup needed, advancing self._nextFrameT from 5.400000000000004 to 5.440000000000004
36.4191 	WARNING 	Max reportNDroppedFrames reached, will not log any more dropped frames
36.9550 	EXP 	text_8: autoDraw = False
36.9550 	EXP 	image_6: image = 'imgs/iceberg.png'
36.9550 	EXP 	image_6: autoDraw = False
36.9550 	EXP 	image_6: image = 'imgs/iceberg.png'
36.9550 	EXP 	image_6: autoDraw = False
36.9550 	EXP 	image_7: image = 'imgs/iceberg.png'
36.9550 	EXP 	Set unnamed MovieStim3 playing
36.9552 	WARNING 	1.4113267000066116: Video catchup needed, advancing self._nextFrameT from 0.9166666666666663 to 0.9583333333333329
36.9552 	WARNING 	1.411351000002469: Video catchup needed, advancing self._nextFrameT from 0.9583333333333329 to 0.9999999999999996
36.9552 	WARNING 	1.4113628000050085: Video catchup needed, advancing self._nextFrameT from 0.9999999999999996 to 1.0416666666666663
36.9552 	WARNING 	1.4113743000052636: Video catchup needed, advancing self._nextFrameT from 1.0416666666666663 to 1.083333333333333
36.9553 	WARNING 	1.4113851000001887: Video catchup needed, advancing self._nextFrameT from 1.083333333333333 to 1.1249999999999998
36.9553 	WARNING 	1.4113957999943523: Video catchup needed, advancing self._nextFrameT from 1.1249999999999998 to 1.1666666666666665
36.9553 	WARNING 	1.411407000006875: Video catchup needed, advancing self._nextFrameT from 1.1666666666666665 to 1.2083333333333333
36.9553 	WARNING 	1.4114176000002772: Video catchup needed, advancing self._nextFrameT from 1.2083333333333333 to 1.25
36.9553 	WARNING 	1.4114282999944407: Video catchup needed, advancing self._nextFrameT from 1.25 to 1.2916666666666667
36.9553 	WARNING 	1.4114381999970647: Video catchup needed, advancing self._nextFrameT from 1.2916666666666667 to 1.3333333333333335
36.9553 	WARNING 	Max reportNDroppedFrames reached, will not log any more dropped frames
45.4122 	EXP 	image_7: autoDraw = True
46.5505 	DATA 	Keypress: space
46.5625 	EXP 	New trial (rep=0, index=1): {'timepresentation': 11, 'posx': -0.7, 'posy': 0.15}
46.5792 	EXP 	image_7: autoDraw = False
46.5792 	EXP 	image_7: image = 'imgs/iceberg.png'
47.9779 	EXP 	Sound  stopped
48.1274 	EXP 	Sound  started
48.2768 	EXP 	Set unnamed MovieStim3 finished
57.5698 	EXP 	image_7: autoDraw = True
57.9666 	EXP 	Imported imgs/iceberg_times.xlsx as conditions, 2 conditions, 3 params
57.9670 	EXP 	Created sequence: random, trialTypes=2, nReps=1, seed=None
57.9672 	EXP 	New trial (rep=0, index=0): {'timepresentation': 9, 'posx': 0.9, 'posy': 0.1}
57.9744 	EXP 	New trial (rep=0, index=1): {'timepresentation': 11, 'posx': -0.7, 'posy': 0.15}
57.9887 	EXP 	Imported imgs/iceberg_times.xlsx as conditions, 2 conditions, 3 params
57.9891 	EXP 	Created sequence: random, trialTypes=2, nReps=1, seed=None
57.9892 	EXP 	New trial (rep=0, index=0): {'timepresentation': 15, 'posx': 0.9, 'posy': 0.1}
57.9960 	EXP 	New trial (rep=0, index=1): {'timepresentation': 5, 'posx': 0.6, 'posy': 0.1}
58.0037 	DATA 	Keypress: space
58.0099 	EXP 	image_7: autoDraw = False
58.0099 	EXP 	image_8: image = 'imgs/iceberg.png'
58.0099 	EXP 	image_8: autoDraw = False
58.0099 	EXP 	image_8: image = 'imgs/iceberg.png'
58.0099 	EXP 	image_8: autoDraw = False
58.0099 	EXP 	image_9: image = 'imgs/iceberg.png'
58.0099 	EXP 	image_9: autoDraw = False
58.0099 	EXP 	image_9: image = 'imgs/iceberg.png'
58.0099 	EXP 	image_9: autoDraw = False
58.0099 	EXP 	text_4: autoDraw = True
60.0226 	EXP 	text_4: autoDraw = False
60.0227 	EXP 	tarea_iceberg: status = STOPPED
60.1725 	EXP 	window1: mouseVisible = True
