4.8167 	WARNING 	User requested fullscreen with size [1024  768], but screen is actually [1920, 1080]. Using actual size
5.4081 	EXP 	Created window1 = Window(allowGUI=True, allowStencil=False, autoLog=True, backendConf=UNKNOWN, backgroundFit=<method-wrapper '__getattribute__' of attributeSetter object at 0x0000023BF49C2DF0>, backgroundImage=<method-wrapper '__getattribute__' of attributeSetter object at 0x0000023BF49C2D90>, bitsMode=UNKNOWN, blendMode='avg', bpc=(8, 8, 8), color=array([0, 0, 0]), colorSpace='rgb', depthBits=8, fullscr=<method-wrapper '__getattribute__' of attributeSetter object at 0x0000023BF49C2BB0>, gamma=None, gammaErrorPolicy='raise', lms=UNKNOWN, monitor=<psychopy.monitors.calibTools.Monitor object at 0x0000023BFAFECDF0>, multiSample=False, name='window1', numSamples=2, pos=(0, 0), screen=0, size=array([1920, 1080]), stencilBits=0, stereo=False, title='PsychoPy', units='height', useFBO=True, useRetina=False, viewOri=0.0, viewPos=None, viewScale=None, waitBlanking=True, winType='pyglet')
5.4088 	EXP 	window1: mouseVisible = True
5.4088 	EXP 	window1: backgroundImage = ''
5.4088 	EXP 	window1: backgroundFit = 'none'
5.4100 	EXP 	window1: Attempting to measure frame rate of screen (0) ...
5.4100 	EXP 	window1: recordFrameIntervals = False
5.5724 	EXP 	window1: recordFrameIntervals = True
5.7552 	EXP 	Screen (0) actual frame rate measured at 60.15Hz
5.7553 	EXP 	window1: recordFrameIntervals = False
5.7554 	EXP 	window1: mouseVisible = False
7.7096 	EXP 	tarea_iceberg: status = STARTED
7.7115 	EXP 	window1: mouseVisible = True
7.8528 	EXP 	window1: mouseVisible = True
7.8626 	EXP 	Created image = ImageStim(__class__=<class 'psychopy.visual.image.ImageStim'>, anchor=('center', 'center'), autoLog=True, color=array([1., 1., 1.]), colorSpace='rgb', contrast=1.0, depth=-1.0, draggable=False, flipHoriz=False, flipVert=False, image='default.png', interpolate=True, mask=None, maskParams=None, name='image', opacity=1.0, ori=0.0, pos=array([0., 0.]), size=array([0.35, 0.35]), texRes=128.0, units='height', win=Window(...))
7.8629 	EXP 	window1: mouseVisible = True
7.9089 	EXP 	Created text = TextStim(__class__=<class 'psychopy.visual.text.TextStim'>, alignHoriz=method-wrapper(...), alignText='center', alignVert=method-wrapper(...), anchorHoriz='center', anchorVert='center', antialias=True, autoDraw=False, autoLog=True, bold=False, color=array([1., 1., 1.]), colorSpace='rgb', contrast=1.0, depth=0.0, draggable=False, flipHoriz=False, flipVert=False, font='Open Sans', fontFiles=[], height=0.05, italic=False, languageStyle='LTR', name='text', opacity=1.0, ori=0.0, pos=array([0., 0.]), rgb=UNKNOWN, text='¡Empezamos la segunda ronda!', units='height', win=Window(...), wrapWidth=1)
7.9090 	EXP 	window1: mouseVisible = True
7.9912 	EXP 	window1: mouseVisible = True
7.9999 	EXP 	Created image_2 = ImageStim(__class__=<class 'psychopy.visual.image.ImageStim'>, anchor=('center', 'center'), autoLog=True, color=array([1., 1., 1.]), colorSpace='rgb', contrast=1.0, depth=-1.0, draggable=False, flipHoriz=False, flipVert=False, image='default.png', interpolate=True, mask=None, maskParams=None, name='image_2', opacity=1.0, ori=0.0, pos=array([0., 0.]), size=array([0.35, 0.35]), texRes=128.0, units='height', win=Window(...))
8.1210 	EXP 	Created unnamed MovieStim3 = MovieStim3(__class__=<class 'psychopy.visual.movie3.MovieStim3'>, anchor=('center', 'center'), autoLog=True, color=UNKNOWN, colorSpace=UNKNOWN, depth=0.0, filename='imgs/song_titanic.mp4', flipHoriz=False, flipVert=False, fps=UNKNOWN, interpolate=True, loop=False, name='unnamed MovieStim3', noAudio=False, opacity=1, ori=method-wrapper(...), pos=array([0., 0.]), size=None, units='pix', vframe_callback=UNKNOWN, volume=UNKNOWN, win=Window(...))
9.0490 	WARNING 	0.927917900000466: Video catchup needed, advancing self._nextFrameT from 0.0 to 0.041666666666666664
9.0490 	WARNING 	0.9279946999995445: Video catchup needed, advancing self._nextFrameT from 0.041666666666666664 to 0.08333333333333333
9.0490 	WARNING 	0.928007800001069: Video catchup needed, advancing self._nextFrameT from 0.08333333333333333 to 0.125
9.0490 	WARNING 	0.928019700000732: Video catchup needed, advancing self._nextFrameT from 0.125 to 0.16666666666666666
9.0490 	WARNING 	0.9280309999994643: Video catchup needed, advancing self._nextFrameT from 0.16666666666666666 to 0.20833333333333331
9.0491 	WARNING 	0.928042400000777: Video catchup needed, advancing self._nextFrameT from 0.20833333333333331 to 0.24999999999999997
9.0491 	WARNING 	0.9280648000003566: Video catchup needed, advancing self._nextFrameT from 0.24999999999999997 to 0.29166666666666663
9.0491 	WARNING 	0.928075900001204: Video catchup needed, advancing self._nextFrameT from 0.29166666666666663 to 0.3333333333333333
9.0491 	WARNING 	0.928085600000486: Video catchup needed, advancing self._nextFrameT from 0.3333333333333333 to 0.375
9.0491 	WARNING 	0.9280951000000641: Video catchup needed, advancing self._nextFrameT from 0.375 to 0.4166666666666667
9.0491 	WARNING 	Max reportNDroppedFrames reached, will not log any more dropped frames
9.0766 	EXP 	window1: mouseVisible = True
9.0810 	EXP 	Created text_2 = TextStim(__class__=<class 'psychopy.visual.text.TextStim'>, alignHoriz=method-wrapper(...), alignText='center', alignVert=method-wrapper(...), anchorHoriz='center', anchorVert='center', antialias=True, autoDraw=False, autoLog=True, bold=False, color=array([1., 1., 1.]), colorSpace='rgb', contrast=1.0, depth=0.0, draggable=False, flipHoriz=False, flipVert=False, font='Open Sans', fontFiles=[], height=0.05, italic=False, languageStyle='LTR', name='text_2', opacity=1.0, ori=0.0, pos=array([0., 0.]), rgb=UNKNOWN, text='¡empezamos la tercera ronda!', units='height', win=Window(...), wrapWidth=1)
9.0812 	EXP 	window1: mouseVisible = True
9.0886 	EXP 	Created image_3 = ImageStim(__class__=<class 'psychopy.visual.image.ImageStim'>, anchor=('center', 'center'), autoLog=True, color=array([1., 1., 1.]), colorSpace='rgb', contrast=1.0, depth=0.0, draggable=False, flipHoriz=False, flipVert=False, image='default.png', interpolate=True, mask=None, maskParams=None, name='image_3', opacity=1.0, ori=0.0, pos=array([0., 0.]), size=array([0.35, 0.35]), texRes=128.0, units='height', win=Window(...))
9.0887 	EXP 	window1: mouseVisible = True
9.1788 	EXP 	Created unnamed MovieStim3 = MovieStim3(__class__=<class 'psychopy.visual.movie3.MovieStim3'>, anchor=('center', 'center'), autoLog=True, color=UNKNOWN, colorSpace=UNKNOWN, depth=0.0, filename='imgs/video_celine.mp4', flipHoriz=False, flipVert=False, fps=UNKNOWN, interpolate=True, loop=False, name='unnamed MovieStim3', noAudio=False, opacity=1, ori=method-wrapper(...), pos=array([0., 0.]), size=None, units='pix', vframe_callback=UNKNOWN, volume=UNKNOWN, win=Window(...))
10.5745 	WARNING 	1.3956235000005108: Video catchup needed, advancing self._nextFrameT from 0.0 to 0.03336666666666667
10.5745 	WARNING 	1.3956598000004306: Video catchup needed, advancing self._nextFrameT from 0.03336666666666667 to 0.06673333333333334
10.5745 	WARNING 	1.395671599999332: Video catchup needed, advancing self._nextFrameT from 0.06673333333333334 to 0.10010000000000001
10.5746 	WARNING 	1.3956808999992063: Video catchup needed, advancing self._nextFrameT from 0.10010000000000001 to 0.13346666666666668
10.5746 	WARNING 	1.3956899000004341: Video catchup needed, advancing self._nextFrameT from 0.13346666666666668 to 0.16683333333333333
10.5746 	WARNING 	1.395698700000139: Video catchup needed, advancing self._nextFrameT from 0.16683333333333333 to 0.2002
10.5746 	WARNING 	1.3957069000007323: Video catchup needed, advancing self._nextFrameT from 0.2002 to 0.23356666666666664
10.5746 	WARNING 	1.3957150999995065: Video catchup needed, advancing self._nextFrameT from 0.23356666666666664 to 0.2669333333333333
10.5746 	WARNING 	1.3957229999996343: Video catchup needed, advancing self._nextFrameT from 0.2669333333333333 to 0.30029999999999996
10.5746 	WARNING 	1.395731500000693: Video catchup needed, advancing self._nextFrameT from 0.30029999999999996 to 0.3336666666666666
10.5746 	WARNING 	Max reportNDroppedFrames reached, will not log any more dropped frames
0.0102 	EXP 	movie: autoLog = True
0.0102 	EXP 	movie_2: autoLog = True
0.0102 	EXP 	unnamed MovieStim3: autoLog = True
0.0102 	EXP 	unnamed MovieStim3: movie = 'imgs/song_titanic.mp4'
0.0102 	EXP 	unnamed MovieStim3: ori = 0.0
0.0102 	EXP 	movie_3: autoLog = True
0.0102 	EXP 	unnamed MovieStim3: autoLog = True
0.0102 	EXP 	unnamed MovieStim3: movie = 'imgs/video_celine.mp4'
0.0102 	EXP 	unnamed MovieStim3: ori = 0.0
0.0181 	EXP 	Imported imgs/trials_fake.xlsx as conditions, 2 conditions, 3 params
0.0186 	EXP 	Created sequence: random, trialTypes=2, nReps=1, seed=None
0.0187 	EXP 	New trial (rep=0, index=0): {'timepresentation': 2, 'posx': -0.7, 'posy': 0.15}
0.0669 	EXP 	image: image = 'imgs/iceberg.png'
0.0669 	EXP 	movie: autoDraw = True
2.0039 	EXP 	image: autoDraw = True
2.6247 	EXP 	New trial (rep=0, index=1): {'timepresentation': 2, 'posx': -0.8, 'posy': 0.15}
2.6794 	EXP 	movie: autoDraw = False
2.6794 	EXP 	image: autoDraw = False
2.6794 	EXP 	image: image = 'imgs/iceberg.png'
2.6794 	EXP 	movie: autoDraw = True
4.6321 	EXP 	image: autoDraw = True
5.1342 	EXP 	movie: autoDraw = False
5.1342 	EXP 	image: autoDraw = False
5.1342 	EXP 	text: autoDraw = True
8.1336 	EXP 	Imported imgs/trials_fake.xlsx as conditions, 2 conditions, 3 params
8.1338 	EXP 	Created sequence: random, trialTypes=2, nReps=1, seed=None
8.1340 	EXP 	New trial (rep=0, index=0): {'timepresentation': 2, 'posx': -0.7, 'posy': 0.15}
8.1387 	EXP 	Sound  started
8.1806 	EXP 	text: autoDraw = False
8.1806 	EXP 	image_2: image = 'imgs/iceberg.png'
8.1806 	EXP 	Set unnamed MovieStim3 playing
8.1806 	EXP 	movie_2: autoDraw = True
10.1292 	EXP 	image_2: autoDraw = True
10.6322 	EXP 	New trial (rep=0, index=1): {'timepresentation': 2, 'posx': -0.8, 'posy': 0.15}
10.6910 	EXP 	movie_2: autoDraw = False
10.6910 	EXP 	image_2: autoDraw = False
10.6910 	EXP 	image_2: image = 'imgs/iceberg.png'
10.6910 	EXP 	movie_2: autoDraw = True
12.6443 	EXP 	image_2: autoDraw = True
13.2602 	EXP 	movie_2: autoDraw = False
13.2602 	EXP 	image_2: autoDraw = False
13.2602 	EXP 	text_2: autoDraw = True
14.2469 	EXP 	Imported imgs/trials_iceberg_3.xlsx as conditions, 8 conditions, 3 params
14.2472 	EXP 	Created sequence: random, trialTypes=8, nReps=1, seed=None
14.2474 	EXP 	New trial (rep=0, index=0): {'timepresentation': 13, 'posx': -0.8, 'posy': 0.15}
14.2523 	EXP 	Sound  started
14.2960 	EXP 	text_2: autoDraw = False
14.2960 	EXP 	text_2: autoDraw = False
14.2960 	EXP 	image_3: image = 'imgs/iceberg.png'
14.2960 	EXP 	Set unnamed MovieStim3 playing
14.2960 	EXP 	movie_3: autoDraw = True
27.2687 	EXP 	image_3: autoDraw = True
27.8278 	EXP 	New trial (rep=0, index=1): {'timepresentation': 5, 'posx': -0.6, 'posy': 0.15}
27.8680 	WARNING 	14.917015199998787: Video catchup needed, advancing self._nextFrameT from 14.781433333333194 to 14.81479999999986
27.8680 	WARNING 	14.917051899999933: Video catchup needed, advancing self._nextFrameT from 14.81479999999986 to 14.848166666666526
27.8680 	WARNING 	14.91706669999985: Video catchup needed, advancing self._nextFrameT from 14.848166666666526 to 14.881533333333191
27.9465 	EXP 	image_3: autoDraw = False
27.9465 	EXP 	movie_3: autoDraw = False
27.9465 	EXP 	image_3: image = 'imgs/iceberg.png'
27.9465 	EXP 	movie_3: autoDraw = True
27.9467 	WARNING 	14.995722999999998: Video catchup needed, advancing self._nextFrameT from 14.914899999999857 to 14.948266666666523
32.8466 	EXP 	image_3: autoDraw = True
35.2504 	EXP 	New trial (rep=0, index=2): {'timepresentation': 10, 'posx': -0.5, 'posy': 0.15}
35.2912 	WARNING 	22.340213699999367: Video catchup needed, advancing self._nextFrameT from 22.155466666666353 to 22.18883333333302
35.2912 	WARNING 	22.340263299998696: Video catchup needed, advancing self._nextFrameT from 22.18883333333302 to 22.222199999999685
35.2913 	WARNING 	22.340291399999842: Video catchup needed, advancing self._nextFrameT from 22.222199999999685 to 22.25556666666635
35.2913 	WARNING 	22.34031649999997: Video catchup needed, advancing self._nextFrameT from 22.25556666666635 to 22.288933333333016
35.3605 	EXP 	image_3: autoDraw = False
35.3605 	EXP 	movie_3: autoDraw = False
35.3605 	EXP 	image_3: image = 'imgs/iceberg.png'
35.3605 	EXP 	movie_3: autoDraw = True
35.3609 	WARNING 	22.409921599999507: Video catchup needed, advancing self._nextFrameT from 22.322299999999682 to 22.355666666666348
35.4083 	WARNING 	22.45729239999855: Video catchup needed, advancing self._nextFrameT from 22.389033333333014 to 22.42239999999968
35.4083 	WARNING 	Max reportNDroppedFrames reached, will not log any more dropped frames
36.4684 	EXP 	tarea_iceberg: status = STOPPED
36.4799 	EXP 	movie_3: autoDraw = False
36.4799 	EXP 	tarea_iceberg: status = STOPPED
36.5392 	EXP 	window1: mouseVisible = True
