5.8540 	WARNING 	User requested fullscreen with size [1536  864], but screen is actually [1920, 1080]. Using actual size
6.5308 	EXP 	Created window1 = Window(allowGUI=True, allowStencil=False, autoLog=True, backendConf=UNKNOWN, backgroundFit=<method-wrapper '__getattribute__' of attributeSetter object at 0x000001E485AD4B80>, backgroundImage=<method-wrapper '__getattribute__' of attributeSetter object at 0x000001E485AD4B20>, bitsMode=UNKNOWN, blendMode='avg', bpc=(8, 8, 8), color=array([0, 0, 0]), colorSpace='rgb', depthBits=8, fullscr=<method-wrapper '__getattribute__' of attributeSetter object at 0x000001E485AD4940>, gamma=None, gammaErrorPolicy='raise', lms=UNKNOWN, monitor=<psychopy.monitors.calibTools.Monitor object at 0x000001E4871100D0>, multiSample=False, name='window1', numSamples=2, pos=(0, 0), screen=0, size=array([1920, 1080]), stencilBits=0, stereo=False, title='PsychoPy', units='height', useFBO=True, useRetina=False, viewOri=0.0, viewPos=None, viewScale=None, waitBlanking=True, winType='pyglet')
6.5310 	EXP 	window1: mouseVisible = True
6.5310 	EXP 	window1: backgroundImage = ''
6.5310 	EXP 	window1: backgroundFit = 'none'
6.5346 	EXP 	window1: Attempting to measure frame rate of screen (0) ...
6.5347 	EXP 	window1: recordFrameIntervals = False
6.6958 	EXP 	window1: recordFrameIntervals = True
6.8795 	EXP 	Screen (0) actual frame rate measured at 60.19Hz
6.8795 	EXP 	window1: recordFrameIntervals = False
6.8798 	EXP 	window1: mouseVisible = False
8.8720 	EXP 	tarea_iceberg: status = STARTED
8.8724 	EXP 	window1: mouseVisible = True
8.8730 	WARNING 	Requested image 'imgs/logo_OB.jpeg' not found but similar filename 'imgs/logo_OB.png' exists. This will be used instead but changing the filename is advised.
8.8781 	WARNING 	Requested image 'imgs/logo_OB.jpeg' not found but similar filename 'imgs/logo_OB.png' exists. This will be used instead but changing the filename is advised.
8.8819 	WARNING 	Requested image 'imgs/logo_OB.jpeg' not found but similar filename 'imgs/logo_OB.png' exists. This will be used instead but changing the filename is advised.
8.8855 	WARNING 	Requested image 'imgs/logo_OB.jpeg' not found but similar filename 'imgs/logo_OB.png' exists. This will be used instead but changing the filename is advised.
8.8913 	EXP 	Created image_5 = ImageStim(__class__=<class 'psychopy.visual.image.ImageStim'>, anchor=('center', 'center'), autoLog=True, color=array([1., 1., 1.]), colorSpace='rgb', contrast=1.0, depth=0.0, draggable=False, flipHoriz=False, flipVert=False, image='imgs/logo_OB.jpeg', interpolate=True, mask=None, maskParams=None, name='image_5', opacity=1.0, ori=0.0, pos=array([0., 0.]), size=array([0.6, 0.7]), texRes=128.0, units='height', win=Window(...))
8.8915 	EXP 	window1: mouseVisible = True
8.9631 	EXP 	Created text_6 = TextStim(__class__=<class 'psychopy.visual.text.TextStim'>, alignHoriz=method-wrapper(...), alignText='center', alignVert=method-wrapper(...), anchorHoriz='center', anchorVert='center', antialias=True, autoDraw=False, autoLog=True, bold=False, color=array([1., 1., 1.]), colorSpace='rgb', contrast=1.0, depth=-1.0, draggable=False, flipHoriz=False, flipVert=False, font='Open Sans', fontFiles=[], height=0.04, italic=False, languageStyle='LTR', name='text_6', opacity=1.0, ori=0.0, pos=array([ 0.  , -0.35]), rgb=UNKNOWN, text='¡Bienvenido a un experimento de Open Brains!', units='height', win=Window(...), wrapWidth=1)
8.9632 	EXP 	window1: mouseVisible = True
8.9854 	EXP 	Created text_5 = TextStim(__class__=<class 'psychopy.visual.text.TextStim'>, alignHoriz=method-wrapper(...), alignText='center', alignVert=method-wrapper(...), anchorHoriz='center', anchorVert='center', antialias=True, autoDraw=False, autoLog=True, bold=False, color=array([1., 1., 1.]), colorSpace='rgb', contrast=1.0, depth=0.0, draggable=False, flipHoriz=False, flipVert=False, font='Open Sans', fontFiles=[], height=0.035, italic=False, languageStyle='LTR', name='text_5', opacity=1.0, ori=0.0, pos=array([0., 0.]), rgb=UNKNOWN, text=str(...), units='height', win=Window(...), wrapWidth=1)
8.9855 	EXP 	window1: mouseVisible = True
8.9868 	EXP 	Created text_7 = TextStim(__class__=<class 'psychopy.visual.text.TextStim'>, alignHoriz=method-wrapper(...), alignText='center', alignVert=method-wrapper(...), anchorHoriz='center', anchorVert='center', antialias=True, autoDraw=False, autoLog=True, bold=False, color=array([1., 1., 1.]), colorSpace='rgb', contrast=1.0, depth=0.0, draggable=False, flipHoriz=False, flipVert=False, font='Open Sans', fontFiles=[], height=0.05, italic=False, languageStyle='LTR', name='text_7', opacity=1.0, ori=0.0, pos=array([0., 0.]), rgb=UNKNOWN, text='', units='height', win=Window(...), wrapWidth=1)
8.9869 	EXP 	window1: mouseVisible = True
8.9957 	EXP 	Created image = ImageStim(__class__=<class 'psychopy.visual.image.ImageStim'>, anchor=('center', 'center'), autoLog=True, color=array([1., 1., 1.]), colorSpace='rgb', contrast=1.0, depth=-1.0, draggable=False, flipHoriz=False, flipVert=False, image='default.png', interpolate=True, mask=None, maskParams=None, name='image', opacity=1.0, ori=0.0, pos=array([0., 0.]), size=array([0.35, 0.35]), texRes=128.0, units='height', win=Window(...))
8.9958 	EXP 	window1: mouseVisible = True
9.0034 	EXP 	Created image_2 = ImageStim(__class__=<class 'psychopy.visual.image.ImageStim'>, anchor=('center', 'center'), autoLog=True, color=array([1., 1., 1.]), colorSpace='rgb', contrast=1.0, depth=-1.0, draggable=False, flipHoriz=False, flipVert=False, image='default.png', interpolate=True, mask=None, maskParams=None, name='image_2', opacity=1.0, ori=0.0, pos=array([0., 0.]), size=array([0.35, 0.35]), texRes=128.0, units='height', win=Window(...))
9.0035 	EXP 	window1: mouseVisible = True
9.0111 	EXP 	Created image_3 = ImageStim(__class__=<class 'psychopy.visual.image.ImageStim'>, anchor=('center', 'center'), autoLog=True, color=array([1., 1., 1.]), colorSpace='rgb', contrast=1.0, depth=-3.0, draggable=False, flipHoriz=False, flipVert=False, image='default.png', interpolate=True, mask=None, maskParams=None, name='image_3', opacity=1.0, ori=0.0, pos=array([0., 0.]), size=array([0.35, 0.35]), texRes=128.0, units='height', win=Window(...))
9.1264 	EXP 	Created unnamed MovieStim3 = MovieStim3(__class__=<class 'psychopy.visual.movie3.MovieStim3'>, anchor=('center', 'center'), autoLog=True, color=UNKNOWN, colorSpace=UNKNOWN, depth=0.0, filename='imgs/titanic_spanish.mp4', flipHoriz=False, flipVert=False, fps=UNKNOWN, interpolate=True, loop=False, name='unnamed MovieStim3', noAudio=False, opacity=1, ori=method-wrapper(...), pos=array([0., 0.]), size=None, units='pix', vframe_callback=UNKNOWN, volume=UNKNOWN, win=Window(...))
11.1471 	WARNING 	2.0206634999922244: Video catchup needed, advancing self._nextFrameT from 0.0 to 0.04
11.1471 	WARNING 	2.020702900001197: Video catchup needed, advancing self._nextFrameT from 0.04 to 0.08
11.1471 	WARNING 	2.020718100000522: Video catchup needed, advancing self._nextFrameT from 0.08 to 0.12
11.1471 	WARNING 	2.0207300999900326: Video catchup needed, advancing self._nextFrameT from 0.12 to 0.16
11.1472 	WARNING 	2.0207434999902034: Video catchup needed, advancing self._nextFrameT from 0.16 to 0.2
11.1472 	WARNING 	2.0207546000019647: Video catchup needed, advancing self._nextFrameT from 0.2 to 0.24000000000000002
11.1472 	WARNING 	2.020764999993844: Video catchup needed, advancing self._nextFrameT from 0.24000000000000002 to 0.28
11.1472 	WARNING 	2.0207767999963835: Video catchup needed, advancing self._nextFrameT from 0.28 to 0.32
11.1472 	WARNING 	2.0207879999943543: Video catchup needed, advancing self._nextFrameT from 0.32 to 0.36
11.1472 	WARNING 	2.0207968999893637: Video catchup needed, advancing self._nextFrameT from 0.36 to 0.39999999999999997
11.1472 	WARNING 	Max reportNDroppedFrames reached, will not log any more dropped frames
11.2004 	EXP 	Created unnamed MovieStim3 = MovieStim3(__class__=<class 'psychopy.visual.movie3.MovieStim3'>, anchor=('center', 'center'), autoLog=True, color=UNKNOWN, colorSpace=UNKNOWN, depth=0.0, filename='imgs/video_mar.mp4', flipHoriz=False, flipVert=False, fps=UNKNOWN, interpolate=True, loop=True, name='unnamed MovieStim3', noAudio=False, opacity=1, ori=method-wrapper(...), pos=array([0., 0.]), size=None, units='pix', vframe_callback=UNKNOWN, volume=UNKNOWN, win=Window(...))
11.5864 	WARNING 	0.38591789999918547: Video catchup needed, advancing self._nextFrameT from 0.0 to 0.04
11.5864 	WARNING 	0.38594839999859687: Video catchup needed, advancing self._nextFrameT from 0.04 to 0.08
11.5864 	WARNING 	0.38596010000037495: Video catchup needed, advancing self._nextFrameT from 0.08 to 0.12
11.5864 	WARNING 	0.38597000000299886: Video catchup needed, advancing self._nextFrameT from 0.12 to 0.16
11.5864 	WARNING 	0.38598009999259375: Video catchup needed, advancing self._nextFrameT from 0.16 to 0.2
11.5864 	WARNING 	0.3859896999929333: Video catchup needed, advancing self._nextFrameT from 0.2 to 0.24000000000000002
11.5864 	WARNING 	0.3860124999919208: Video catchup needed, advancing self._nextFrameT from 0.24000000000000002 to 0.28
11.5865 	WARNING 	0.3860264999966603: Video catchup needed, advancing self._nextFrameT from 0.28 to 0.32
11.6637 	EXP 	Created unnamed MovieStim3 = MovieStim3(__class__=<class 'psychopy.visual.movie3.MovieStim3'>, anchor=('center', 'center'), autoLog=True, color=UNKNOWN, colorSpace=UNKNOWN, depth=0.0, filename='imgs/titanic.mp4', flipHoriz=False, flipVert=False, fps=UNKNOWN, interpolate=True, loop=False, name='unnamed MovieStim3', noAudio=False, opacity=1, ori=method-wrapper(...), pos=array([  0., 100.]), size=None, units='pix', vframe_callback=UNKNOWN, volume=UNKNOWN, win=Window(...))
12.8092 	WARNING 	1.1454501999978675: Video catchup needed, advancing self._nextFrameT from 0.0 to 0.03336666666666667
12.8093 	WARNING 	1.1454871000023559: Video catchup needed, advancing self._nextFrameT from 0.03336666666666667 to 0.06673333333333334
12.8093 	WARNING 	1.1454991999926278: Video catchup needed, advancing self._nextFrameT from 0.06673333333333334 to 0.10010000000000001
12.8093 	WARNING 	1.1455099000013433: Video catchup needed, advancing self._nextFrameT from 0.10010000000000001 to 0.13346666666666668
12.8093 	WARNING 	1.1455199999909382: Video catchup needed, advancing self._nextFrameT from 0.13346666666666668 to 0.16683333333333333
12.8093 	WARNING 	1.1455293000035454: Video catchup needed, advancing self._nextFrameT from 0.16683333333333333 to 0.2002
12.8093 	WARNING 	1.1455382999993162: Video catchup needed, advancing self._nextFrameT from 0.2002 to 0.23356666666666664
12.8093 	WARNING 	1.145548799991957: Video catchup needed, advancing self._nextFrameT from 0.23356666666666664 to 0.2669333333333333
12.8093 	WARNING 	1.1455583999922965: Video catchup needed, advancing self._nextFrameT from 0.2669333333333333 to 0.30029999999999996
12.8094 	WARNING 	1.1455738999939058: Video catchup needed, advancing self._nextFrameT from 0.30029999999999996 to 0.3336666666666666
12.8094 	WARNING 	Max reportNDroppedFrames reached, will not log any more dropped frames
12.8364 	EXP 	window1: mouseVisible = True
12.8460 	EXP 	Created image_4 = ImageStim(__class__=<class 'psychopy.visual.image.ImageStim'>, anchor=('center', 'center'), autoLog=True, color=array([1., 1., 1.]), colorSpace='rgb', contrast=1.0, depth=-4.0, draggable=False, flipHoriz=False, flipVert=False, image='default.png', interpolate=True, mask=None, maskParams=None, name='image_4', opacity=1.0, ori=0.0, pos=array([0., 0.]), size=array([0.35, 0.35]), texRes=128.0, units='height', win=Window(...))
12.8461 	EXP 	window1: mouseVisible = True
12.8582 	EXP 	Created text_4 = TextStim(__class__=<class 'psychopy.visual.text.TextStim'>, alignHoriz=method-wrapper(...), alignText='center', alignVert=method-wrapper(...), anchorHoriz='center', anchorVert='center', antialias=True, autoDraw=False, autoLog=True, bold=False, color=array([1., 1., 1.]), colorSpace='rgb', contrast=1.0, depth=0.0, draggable=False, flipHoriz=False, flipVert=False, font='Open Sans', fontFiles=[], height=0.05, italic=False, languageStyle='LTR', name='text_4', opacity=1.0, ori=0.0, pos=array([0., 0.]), rgb=UNKNOWN, text='¡Muchas gracias por participar!', units='height', win=Window(...), wrapWidth=1)
0.0021 	EXP 	unnamed MovieStim3: autoLog = True
0.0021 	EXP 	unnamed MovieStim3: movie = 'imgs/titanic_spanish.mp4'
0.0021 	EXP 	unnamed MovieStim3: ori = 0.0
0.0021 	EXP 	unnamed MovieStim3: autoLog = True
0.0021 	EXP 	unnamed MovieStim3: movie = 'imgs/video_mar.mp4'
0.0021 	EXP 	unnamed MovieStim3: ori = 0.0
0.0021 	EXP 	unnamed MovieStim3: autoLog = True
0.0021 	EXP 	unnamed MovieStim3: movie = 'imgs/titanic.mp4'
0.0021 	EXP 	unnamed MovieStim3: ori = 0.0
0.0150 	EXP 	image_5: autoDraw = True
0.0150 	EXP 	text_6: autoDraw = True
3.0150 	EXP 	image_5: autoDraw = False
3.0150 	EXP 	text_6: autoDraw = False
3.0150 	EXP 	image_5: autoDraw = False
3.0150 	EXP 	text_6: autoDraw = False
3.0150 	EXP 	text_5: autoDraw = True
14.0649 	EXP 	Imported imgs/routines_order.xlsx as conditions, 4 conditions, 1 params
14.0653 	EXP 	Created sequence: sequential, trialTypes=4, nReps=1, seed=None
14.0654 	EXP 	New trial (rep=0, index=0): {'routineName': 'music_video'}
14.0720 	DATA 	Keypress: space
14.0742 	EXP 	text_5: autoDraw = False
14.0742 	EXP 	text_7: height = 0.05
14.0742 	EXP 	text_7: height = 0.05
14.0742 	EXP 	text_7: height = 0.05
14.0742 	EXP 	text_7: text = 'Nueva ronda'
14.0742 	EXP 	text_7: autoDraw = True
16.0679 	EXP 	Imported imgs/iceberg_times.xlsx as conditions, 2 conditions, 3 params
16.0683 	EXP 	Created sequence: random, trialTypes=2, nReps=1, seed=None
16.0684 	EXP 	New trial (rep=0, index=0): {'timepresentation': 5, 'posx': 0.5, 'posy': 0.1}
16.0754 	EXP 	Created unnamed MovieStim3 = MovieStim3(__class__=<class 'psychopy.visual.movie3.MovieStim3'>, anchor=('center', 'center'), autoLog=True, color=UNKNOWN, colorSpace=UNKNOWN, depth=0.0, filename='imgs/video_mar.mp4', flipHoriz=False, flipVert=False, fps=UNKNOWN, interpolate=True, loop=True, name='unnamed MovieStim3', noAudio=False, opacity=1, ori=method-wrapper(...), pos=array([0., 0.]), size=None, units='pix', vframe_callback=UNKNOWN, volume=UNKNOWN, win=Window(...))
16.5020 	WARNING 	0.4266029999998864: Video catchup needed, advancing self._nextFrameT from 0.0 to 0.04
16.5021 	WARNING 	0.42663649999303743: Video catchup needed, advancing self._nextFrameT from 0.04 to 0.08
16.5021 	WARNING 	0.426649399989401: Video catchup needed, advancing self._nextFrameT from 0.08 to 0.12
16.5021 	WARNING 	0.42665999999735504: Video catchup needed, advancing self._nextFrameT from 0.12 to 0.16
16.5021 	WARNING 	0.4266699999861885: Video catchup needed, advancing self._nextFrameT from 0.16 to 0.2
16.5021 	WARNING 	0.4266825999948196: Video catchup needed, advancing self._nextFrameT from 0.2 to 0.24000000000000002
16.5021 	WARNING 	0.42670679998991545: Video catchup needed, advancing self._nextFrameT from 0.24000000000000002 to 0.28
16.5021 	WARNING 	0.42671979998704046: Video catchup needed, advancing self._nextFrameT from 0.28 to 0.32
16.5022 	WARNING 	0.42673269999795593: Video catchup needed, advancing self._nextFrameT from 0.32 to 0.36
16.7336 	EXP 	Sound  started
16.7337 	EXP 	Sound  started
16.7342 	EXP 	New trial (rep=0, index=1): {'timepresentation': 4, 'posx': 0.7, 'posy': 0.1}
16.7417 	EXP 	Created unnamed MovieStim3 = MovieStim3(__class__=<class 'psychopy.visual.movie3.MovieStim3'>, anchor=('center', 'center'), autoLog=True, color=UNKNOWN, colorSpace=UNKNOWN, depth=0.0, filename='imgs/video_mar.mp4', flipHoriz=False, flipVert=False, fps=UNKNOWN, interpolate=True, loop=True, name='unnamed MovieStim3', noAudio=False, opacity=1, ori=method-wrapper(...), pos=array([0., 0.]), size=None, units='pix', vframe_callback=UNKNOWN, volume=UNKNOWN, win=Window(...))
17.1436 	WARNING 	0.40185310000379104: Video catchup needed, advancing self._nextFrameT from 0.0 to 0.04
17.1436 	WARNING 	0.4018863999954192: Video catchup needed, advancing self._nextFrameT from 0.04 to 0.08
17.1437 	WARNING 	0.401898700001766: Video catchup needed, advancing self._nextFrameT from 0.08 to 0.12
17.1437 	WARNING 	0.401909499996691: Video catchup needed, advancing self._nextFrameT from 0.12 to 0.16
17.1437 	WARNING 	0.40191909999703057: Video catchup needed, advancing self._nextFrameT from 0.16 to 0.2
17.1437 	WARNING 	0.40192849999584723: Video catchup needed, advancing self._nextFrameT from 0.2 to 0.24000000000000002
17.1437 	WARNING 	0.40193839999847114: Video catchup needed, advancing self._nextFrameT from 0.24000000000000002 to 0.28
17.1437 	WARNING 	0.4019482000003336: Video catchup needed, advancing self._nextFrameT from 0.28 to 0.32
17.1437 	WARNING 	0.4019583000044804: Video catchup needed, advancing self._nextFrameT from 0.32 to 0.36
17.3639 	EXP 	Sound  started
17.3640 	EXP 	Sound  started
17.3985 	EXP 	Sound  stopped
17.4040 	EXP 	Imported imgs/iceberg_times.xlsx as conditions, 2 conditions, 3 params
17.4045 	EXP 	Created sequence: random, trialTypes=2, nReps=1, seed=None
17.4046 	EXP 	New trial (rep=0, index=0): {'timepresentation': 4, 'posx': 0.7, 'posy': 0.1}
17.4129 	EXP 	Created unnamed MovieStim3 = MovieStim3(__class__=<class 'psychopy.visual.movie3.MovieStim3'>, anchor=('center', 'center'), autoLog=True, color=UNKNOWN, colorSpace=UNKNOWN, depth=0.0, filename='imgs/song_titanic.mp4', flipHoriz=False, flipVert=False, fps=UNKNOWN, interpolate=True, loop=False, name='unnamed MovieStim3', noAudio=False, opacity=1, ori=method-wrapper(...), pos=array([0., 0.]), size=None, units='pix', vframe_callback=UNKNOWN, volume=UNKNOWN, win=Window(...))
18.2995 	WARNING 	0.8865556999953697: Video catchup needed, advancing self._nextFrameT from 0.0 to 0.041666666666666664
18.2995 	WARNING 	0.8866027999902144: Video catchup needed, advancing self._nextFrameT from 0.041666666666666664 to 0.08333333333333333
18.2996 	WARNING 	0.8866239999915706: Video catchup needed, advancing self._nextFrameT from 0.08333333333333333 to 0.125
18.2996 	WARNING 	0.8866432999930112: Video catchup needed, advancing self._nextFrameT from 0.125 to 0.16666666666666666
18.2996 	WARNING 	0.8866613999998663: Video catchup needed, advancing self._nextFrameT from 0.16666666666666666 to 0.20833333333333331
18.2996 	WARNING 	0.8866789999883622: Video catchup needed, advancing self._nextFrameT from 0.20833333333333331 to 0.24999999999999997
18.2996 	WARNING 	0.8866960000013933: Video catchup needed, advancing self._nextFrameT from 0.24999999999999997 to 0.29166666666666663
18.2997 	WARNING 	0.8867132000013953: Video catchup needed, advancing self._nextFrameT from 0.29166666666666663 to 0.3333333333333333
18.2997 	WARNING 	0.8867306999891298: Video catchup needed, advancing self._nextFrameT from 0.3333333333333333 to 0.375
18.2997 	WARNING 	0.8867477999883704: Video catchup needed, advancing self._nextFrameT from 0.375 to 0.4166666666666667
18.2997 	WARNING 	Max reportNDroppedFrames reached, will not log any more dropped frames
19.0472 	EXP 	Sound  started
19.0473 	EXP 	Sound  started
19.0478 	EXP 	Created unnamed MovieStim3 = MovieStim3(__class__=<class 'psychopy.visual.movie3.MovieStim3'>, anchor=('center', 'center'), autoLog=True, color=UNKNOWN, colorSpace=UNKNOWN, depth=0.0, filename='imgs/video_mar.mp4', flipHoriz=False, flipVert=False, fps=UNKNOWN, interpolate=True, loop=True, name='unnamed MovieStim3', noAudio=False, opacity=1, ori=method-wrapper(...), pos=array([0., 0.]), size=None, units='pix', vframe_callback=UNKNOWN, volume=UNKNOWN, win=Window(...))
19.4447 	WARNING 	0.3968269000033615: Video catchup needed, advancing self._nextFrameT from 0.0 to 0.04
19.4447 	WARNING 	0.39686470000015106: Video catchup needed, advancing self._nextFrameT from 0.04 to 0.08
19.4447 	WARNING 	0.3968773999949917: Video catchup needed, advancing self._nextFrameT from 0.08 to 0.12
19.4448 	WARNING 	0.3968880000029458: Video catchup needed, advancing self._nextFrameT from 0.12 to 0.16
19.4448 	WARNING 	0.39689849999558646: Video catchup needed, advancing self._nextFrameT from 0.16 to 0.2
19.4448 	WARNING 	0.39690819999668747: Video catchup needed, advancing self._nextFrameT from 0.2 to 0.24000000000000002
19.4448 	WARNING 	0.3969185000023572: Video catchup needed, advancing self._nextFrameT from 0.24000000000000002 to 0.28
19.4448 	WARNING 	0.39692859999195207: Video catchup needed, advancing self._nextFrameT from 0.28 to 0.32
19.6804 	EXP 	Sound  started
19.6805 	EXP 	Sound  started
19.6809 	EXP 	New trial (rep=0, index=1): {'timepresentation': 5, 'posx': 0.5, 'posy': 0.1}
19.6889 	EXP 	Created unnamed MovieStim3 = MovieStim3(__class__=<class 'psychopy.visual.movie3.MovieStim3'>, anchor=('center', 'center'), autoLog=True, color=UNKNOWN, colorSpace=UNKNOWN, depth=0.0, filename='imgs/song_titanic.mp4', flipHoriz=False, flipVert=False, fps=UNKNOWN, interpolate=True, loop=False, name='unnamed MovieStim3', noAudio=False, opacity=1, ori=method-wrapper(...), pos=array([0., 0.]), size=None, units='pix', vframe_callback=UNKNOWN, volume=UNKNOWN, win=Window(...))
20.6079 	WARNING 	0.9189808999944944: Video catchup needed, advancing self._nextFrameT from 0.0 to 0.041666666666666664
20.6079 	WARNING 	0.9190187999920454: Video catchup needed, advancing self._nextFrameT from 0.041666666666666664 to 0.08333333333333333
20.6079 	WARNING 	0.919031500001438: Video catchup needed, advancing self._nextFrameT from 0.08333333333333333 to 0.125
20.6079 	WARNING 	0.9190425999986473: Video catchup needed, advancing self._nextFrameT from 0.125 to 0.16666666666666666
20.6079 	WARNING 	0.9190533999935724: Video catchup needed, advancing self._nextFrameT from 0.16666666666666666 to 0.20833333333333331
20.6080 	WARNING 	0.9190638000000035: Video catchup needed, advancing self._nextFrameT from 0.20833333333333331 to 0.24999999999999997
20.6080 	WARNING 	0.9190737000026274: Video catchup needed, advancing self._nextFrameT from 0.24999999999999997 to 0.29166666666666663
20.6080 	WARNING 	0.919083300002967: Video catchup needed, advancing self._nextFrameT from 0.29166666666666663 to 0.3333333333333333
20.6080 	WARNING 	0.9190928000025451: Video catchup needed, advancing self._nextFrameT from 0.3333333333333333 to 0.375
20.6080 	WARNING 	0.9191026000044076: Video catchup needed, advancing self._nextFrameT from 0.375 to 0.4166666666666667
20.6080 	WARNING 	Max reportNDroppedFrames reached, will not log any more dropped frames
21.3365 	EXP 	Sound  started
21.3370 	EXP 	Created unnamed MovieStim3 = MovieStim3(__class__=<class 'psychopy.visual.movie3.MovieStim3'>, anchor=('center', 'center'), autoLog=True, color=UNKNOWN, colorSpace=UNKNOWN, depth=0.0, filename='imgs/video_mar.mp4', flipHoriz=False, flipVert=False, fps=UNKNOWN, interpolate=True, loop=True, name='unnamed MovieStim3', noAudio=False, opacity=1, ori=method-wrapper(...), pos=array([0., 0.]), size=None, units='pix', vframe_callback=UNKNOWN, volume=UNKNOWN, win=Window(...))
21.7338 	WARNING 	0.39679240000259597: Video catchup needed, advancing self._nextFrameT from 0.0 to 0.04
21.7339 	WARNING 	0.39682590001029894: Video catchup needed, advancing self._nextFrameT from 0.04 to 0.08
21.7339 	WARNING 	0.396837799999048: Video catchup needed, advancing self._nextFrameT from 0.08 to 0.12
21.7339 	WARNING 	0.39684800000395626: Video catchup needed, advancing self._nextFrameT from 0.12 to 0.16
21.7339 	WARNING 	0.39685790000658017: Video catchup needed, advancing self._nextFrameT from 0.16 to 0.2
21.7339 	WARNING 	0.3968678000092041: Video catchup needed, advancing self._nextFrameT from 0.2 to 0.24000000000000002
21.7339 	WARNING 	0.39687810000032187: Video catchup needed, advancing self._nextFrameT from 0.24000000000000002 to 0.28
21.7339 	WARNING 	0.3968881000037072: Video catchup needed, advancing self._nextFrameT from 0.28 to 0.32
21.9502 	EXP 	Sound  started
21.9503 	EXP 	Sound  started
21.9778 	EXP 	Sound  stopped
22.0085 	EXP 	Sound  stopped
22.0473 	EXP 	Sound  stopped
22.1270 	EXP 	Sound  stopped
22.1323 	EXP 	Imported imgs/iceberg_times.xlsx as conditions, 2 conditions, 3 params
22.1326 	EXP 	Created sequence: random, trialTypes=2, nReps=1, seed=None
22.1328 	EXP 	New trial (rep=0, index=0): {'timepresentation': 4, 'posx': 0.7, 'posy': 0.1}
22.1331 	EXP 	Created unnamed MovieStim3 = MovieStim3(__class__=<class 'psychopy.visual.movie3.MovieStim3'>, anchor=('center', 'center'), autoLog=True, color=UNKNOWN, colorSpace=UNKNOWN, depth=0.0, filename='imgs/titanic_spanish.mp4', flipHoriz=False, flipVert=False, fps=UNKNOWN, interpolate=True, loop=False, name='unnamed MovieStim3', noAudio=False, opacity=1, ori=method-wrapper(...), pos=array([0., 0.]), size=None, units='pix', vframe_callback=UNKNOWN, volume=UNKNOWN, win=Window(...))
23.6284 	WARNING 	1.4953277000022354: Video catchup needed, advancing self._nextFrameT from 0.0 to 0.04
23.6285 	WARNING 	1.495366400005878: Video catchup needed, advancing self._nextFrameT from 0.04 to 0.08
23.6285 	WARNING 	1.495383800007403: Video catchup needed, advancing self._nextFrameT from 0.08 to 0.12
23.6285 	WARNING 	1.4953978000121424: Video catchup needed, advancing self._nextFrameT from 0.12 to 0.16
23.6285 	WARNING 	1.4954113000130747: Video catchup needed, advancing self._nextFrameT from 0.16 to 0.2
23.6285 	WARNING 	1.4954209000134142: Video catchup needed, advancing self._nextFrameT from 0.2 to 0.24000000000000002
23.6285 	WARNING 	1.495432499999879: Video catchup needed, advancing self._nextFrameT from 0.24000000000000002 to 0.28
23.6285 	WARNING 	1.4954416000109632: Video catchup needed, advancing self._nextFrameT from 0.28 to 0.32
23.6286 	WARNING 	1.4954524000058882: Video catchup needed, advancing self._nextFrameT from 0.32 to 0.36
23.6286 	WARNING 	1.4954619000054663: Video catchup needed, advancing self._nextFrameT from 0.36 to 0.39999999999999997
23.6286 	WARNING 	Max reportNDroppedFrames reached, will not log any more dropped frames
24.8647 	EXP 	Sound  started
24.8648 	EXP 	Sound  started
24.8678 	EXP 	Created unnamed MovieStim3 = MovieStim3(__class__=<class 'psychopy.visual.movie3.MovieStim3'>, anchor=('center', 'center'), autoLog=True, color=UNKNOWN, colorSpace=UNKNOWN, depth=0.0, filename='imgs/video_mar.mp4', flipHoriz=False, flipVert=False, fps=UNKNOWN, interpolate=True, loop=True, name='unnamed MovieStim3', noAudio=False, opacity=1, ori=method-wrapper(...), pos=array([0., 0.]), size=None, units='pix', vframe_callback=UNKNOWN, volume=UNKNOWN, win=Window(...))
25.2612 	WARNING 	0.3933827000000747: Video catchup needed, advancing self._nextFrameT from 0.0 to 0.04
25.2612 	WARNING 	0.3934233000036329: Video catchup needed, advancing self._nextFrameT from 0.04 to 0.08
25.2612 	WARNING 	0.3934409999928903: Video catchup needed, advancing self._nextFrameT from 0.08 to 0.12
25.2613 	WARNING 	0.3934584999951767: Video catchup needed, advancing self._nextFrameT from 0.12 to 0.16
25.2613 	WARNING 	0.39347549999365583: Video catchup needed, advancing self._nextFrameT from 0.16 to 0.2
25.2613 	WARNING 	0.39349430000584107: Video catchup needed, advancing self._nextFrameT from 0.2 to 0.24000000000000002
25.2613 	WARNING 	0.39351959999476094: Video catchup needed, advancing self._nextFrameT from 0.24000000000000002 to 0.28
25.2613 	WARNING 	0.39353770000161603: Video catchup needed, advancing self._nextFrameT from 0.28 to 0.32
25.4928 	EXP 	Sound  started
25.4929 	EXP 	Sound  started
25.5024 	EXP 	New trial (rep=0, index=1): {'timepresentation': 5, 'posx': 0.5, 'posy': 0.1}
25.5028 	EXP 	Created unnamed MovieStim3 = MovieStim3(__class__=<class 'psychopy.visual.movie3.MovieStim3'>, anchor=('center', 'center'), autoLog=True, color=UNKNOWN, colorSpace=UNKNOWN, depth=0.0, filename='imgs/titanic_spanish.mp4', flipHoriz=False, flipVert=False, fps=UNKNOWN, interpolate=True, loop=False, name='unnamed MovieStim3', noAudio=False, opacity=1, ori=method-wrapper(...), pos=array([0., 0.]), size=None, units='pix', vframe_callback=UNKNOWN, volume=UNKNOWN, win=Window(...))
26.9565 	WARNING 	1.4536610999930417: Video catchup needed, advancing self._nextFrameT from 0.0 to 0.04
26.9565 	WARNING 	1.453698400000576: Video catchup needed, advancing self._nextFrameT from 0.04 to 0.08
26.9565 	WARNING 	1.4537106999923708: Video catchup needed, advancing self._nextFrameT from 0.08 to 0.12
26.9565 	WARNING 	1.4537207999965176: Video catchup needed, advancing self._nextFrameT from 0.12 to 0.16
26.9565 	WARNING 	1.4537303999968572: Video catchup needed, advancing self._nextFrameT from 0.16 to 0.2
26.9565 	WARNING 	1.453739399992628: Video catchup needed, advancing self._nextFrameT from 0.2 to 0.24000000000000002
26.9565 	WARNING 	1.4537486999906832: Video catchup needed, advancing self._nextFrameT from 0.24000000000000002 to 0.28
26.9565 	WARNING 	1.4537581999902613: Video catchup needed, advancing self._nextFrameT from 0.28 to 0.32
26.9565 	WARNING 	1.4537672000005841: Video catchup needed, advancing self._nextFrameT from 0.32 to 0.36
26.9566 	WARNING 	1.4537767000001622: Video catchup needed, advancing self._nextFrameT from 0.36 to 0.39999999999999997
26.9566 	WARNING 	Max reportNDroppedFrames reached, will not log any more dropped frames
28.1568 	EXP 	Sound  started
28.1572 	EXP 	Created unnamed MovieStim3 = MovieStim3(__class__=<class 'psychopy.visual.movie3.MovieStim3'>, anchor=('center', 'center'), autoLog=True, color=UNKNOWN, colorSpace=UNKNOWN, depth=0.0, filename='imgs/video_mar.mp4', flipHoriz=False, flipVert=False, fps=UNKNOWN, interpolate=True, loop=True, name='unnamed MovieStim3', noAudio=False, opacity=1, ori=method-wrapper(...), pos=array([0., 0.]), size=None, units='pix', vframe_callback=UNKNOWN, volume=UNKNOWN, win=Window(...))
28.5739 	WARNING 	0.4166982000024291: Video catchup needed, advancing self._nextFrameT from 0.0 to 0.04
28.5740 	WARNING 	0.4167357999976957: Video catchup needed, advancing self._nextFrameT from 0.04 to 0.08
28.5740 	WARNING 	0.41674760000023525: Video catchup needed, advancing self._nextFrameT from 0.08 to 0.12
28.5740 	WARNING 	0.41675809999287594: Video catchup needed, advancing self._nextFrameT from 0.12 to 0.16
28.5740 	WARNING 	0.41676759999245405: Video catchup needed, advancing self._nextFrameT from 0.16 to 0.2
28.5740 	WARNING 	0.41677680000429973: Video catchup needed, advancing self._nextFrameT from 0.2 to 0.24000000000000002
28.5740 	WARNING 	0.41678650000540074: Video catchup needed, advancing self._nextFrameT from 0.24000000000000002 to 0.28
28.5740 	WARNING 	0.41679600000497885: Video catchup needed, advancing self._nextFrameT from 0.28 to 0.32
28.5740 	WARNING 	0.41680530000303406: Video catchup needed, advancing self._nextFrameT from 0.32 to 0.36
28.7782 	EXP 	Sound  started
28.7783 	EXP 	Sound  started
28.8182 	EXP 	Sound  stopped
28.8488 	EXP 	Sound  stopped
28.8777 	EXP 	Sound  stopped
28.8851 	EXP 	Imported imgs/iceberg_times.xlsx as conditions, 2 conditions, 3 params
28.8854 	EXP 	Created sequence: random, trialTypes=2, nReps=1, seed=None
28.8855 	EXP 	New trial (rep=0, index=0): {'timepresentation': 14, 'posx': -0.7, 'posy': 0.15}
28.8856 	EXP 	Sound  started
28.8858 	EXP 	Sound  started
29.0288 	WARNING 	1.2106477333290968: Video catchup needed, advancing self._nextFrameT from 1.1011000000000002 to 1.134466666666667
29.0288 	WARNING 	1.2106956333300332: Video catchup needed, advancing self._nextFrameT from 1.134466666666667 to 1.1678333333333337
29.0442 	EXP 	text_7: autoDraw = False
29.0442 	EXP 	text_7: autoDraw = False
29.0442 	EXP 	image: image = 'imgs/iceberg.png'
29.0442 	EXP 	unnamed MovieStim3: autoLog = True
29.0442 	EXP 	unnamed MovieStim3: movie = 'imgs/video_mar.mp4'
29.0442 	EXP 	unnamed MovieStim3: ori = 0.0
29.0442 	EXP 	Set unnamed MovieStim3 playing
29.0442 	EXP 	image: autoDraw = False
29.0442 	EXP 	image: image = 'imgs/iceberg.png'
29.0442 	EXP 	unnamed MovieStim3: autoLog = True
29.0442 	EXP 	unnamed MovieStim3: movie = 'imgs/video_mar.mp4'
29.0442 	EXP 	unnamed MovieStim3: ori = 0.0
29.0442 	EXP 	Set unnamed MovieStim3 playing
29.0442 	EXP 	image: autoDraw = False
29.0442 	EXP 	image_2: image = 'imgs/iceberg.png'
29.0442 	EXP 	unnamed MovieStim3: autoLog = True
29.0442 	EXP 	unnamed MovieStim3: movie = 'imgs/song_titanic.mp4'
29.0442 	EXP 	unnamed MovieStim3: ori = 0.0
29.0442 	EXP 	Set unnamed MovieStim3 playing
29.0442 	EXP 	unnamed MovieStim3: autoLog = True
29.0442 	EXP 	unnamed MovieStim3: movie = 'imgs/video_mar.mp4'
29.0442 	EXP 	unnamed MovieStim3: ori = 0.0
29.0442 	EXP 	Set unnamed MovieStim3 playing
29.0442 	EXP 	image_2: autoDraw = False
29.0442 	EXP 	image_2: image = 'imgs/iceberg.png'
29.0442 	EXP 	unnamed MovieStim3: autoLog = True
29.0442 	EXP 	unnamed MovieStim3: movie = 'imgs/song_titanic.mp4'
29.0442 	EXP 	unnamed MovieStim3: ori = 0.0
29.0442 	EXP 	unnamed MovieStim3: autoLog = True
29.0442 	EXP 	unnamed MovieStim3: movie = 'imgs/video_mar.mp4'
29.0442 	EXP 	unnamed MovieStim3: ori = 0.0
29.0442 	EXP 	Set unnamed MovieStim3 playing
29.0442 	EXP 	image_2: autoDraw = False
29.0442 	EXP 	Set unnamed MovieStim3 stopped
29.0442 	EXP 	unnamed MovieStim3: autoLog = True
29.0442 	EXP 	unnamed MovieStim3: movie = 'imgs/titanic_spanish.mp4'
29.0442 	EXP 	unnamed MovieStim3: ori = 0.0
29.0442 	EXP 	Set unnamed MovieStim3 playing
29.0442 	EXP 	unnamed MovieStim3: autoLog = True
29.0442 	EXP 	unnamed MovieStim3: movie = 'imgs/video_mar.mp4'
29.0442 	EXP 	unnamed MovieStim3: ori = 0.0
29.0442 	EXP 	Set unnamed MovieStim3 playing
29.0442 	EXP 	image_3: image = 'imgs/iceberg.png'
29.0442 	EXP 	image_3: autoDraw = False
29.0442 	EXP 	unnamed MovieStim3: autoLog = True
29.0442 	EXP 	unnamed MovieStim3: movie = 'imgs/titanic_spanish.mp4'
29.0442 	EXP 	unnamed MovieStim3: ori = 0.0
29.0442 	EXP 	unnamed MovieStim3: autoLog = True
29.0442 	EXP 	unnamed MovieStim3: movie = 'imgs/video_mar.mp4'
29.0442 	EXP 	unnamed MovieStim3: ori = 0.0
29.0442 	EXP 	Set unnamed MovieStim3 playing
29.0442 	EXP 	image_3: image = 'imgs/iceberg.png'
29.0442 	EXP 	image_3: autoDraw = False
29.0442 	EXP 	Set unnamed MovieStim3 stopped
29.0442 	EXP 	Set unnamed MovieStim3 playing
29.0442 	EXP 	Set unnamed MovieStim3 playing
29.0442 	EXP 	image_4: image = 'imgs/iceberg.png'
29.0446 	WARNING 	2.078949000002467: Video catchup needed, advancing self._nextFrameT from 1.960000000000001 to 2.000000000000001
29.0461 	WARNING 	0.2277685000153724: Video catchup needed, advancing self._nextFrameT from 0.04 to 0.08
29.0461 	WARNING 	0.22779430000809953: Video catchup needed, advancing self._nextFrameT from 0.08 to 0.12
29.0461 	WARNING 	0.2278062000114005: Video catchup needed, advancing self._nextFrameT from 0.12 to 0.16
29.0885 	WARNING 	2.1228976999991573: Video catchup needed, advancing self._nextFrameT from 2.040000000000001 to 2.080000000000001
30.8575 	DATA 	Keypress: escape
30.9618 	EXP 	tarea_iceberg: status = STOPPED
30.9683 	EXP 	tarea_iceberg: status = STOPPED
31.0796 	EXP 	window1: mouseVisible = True
