6.2963 	WARNING 	User requested fullscreen with size [1536  864], but screen is actually [1920, 1080]. Using actual size
6.9664 	EXP 	Created window1 = Window(allowGUI=True, allowStencil=False, autoLog=True, backendConf=UNKNOWN, backgroundFit=<method-wrapper '__getattribute__' of attributeSetter object at 0x0000026A1FDD6070>, backgroundImage=<method-wrapper '__getattribute__' of attributeSetter object at 0x0000026A14280670>, bitsMode=UNKNOWN, blendMode='avg', bpc=(8, 8, 8), color=array([0, 0, 0]), colorSpace='rgb', depthBits=8, fullscr=<method-wrapper '__getattribute__' of attributeSetter object at 0x0000026A14280EB0>, gamma=None, gammaErrorPolicy='raise', lms=UNKNOWN, monitor=<psychopy.monitors.calibTools.Monitor object at 0x0000026A202925E0>, multiSample=False, name='window1', numSamples=2, pos=(0, 0), screen=0, size=array([1920, 1080]), stencilBits=0, stereo=False, title='PsychoPy', units='height', useFBO=True, useRetina=False, viewOri=0.0, viewPos=None, viewScale=None, waitBlanking=True, winType='pyglet')
6.9665 	EXP 	window1: mouseVisible = True
6.9665 	EXP 	window1: backgroundImage = ''
6.9665 	EXP 	window1: backgroundFit = 'none'
6.9677 	EXP 	window1: Attempting to measure frame rate of screen (0) ...
6.9677 	EXP 	window1: recordFrameIntervals = False
7.1320 	EXP 	window1: recordFrameIntervals = True
7.3155 	EXP 	Screen (0) actual frame rate measured at 60.08Hz
7.3155 	EXP 	window1: recordFrameIntervals = False
7.3156 	EXP 	window1: mouseVisible = False
9.4145 	EXP 	tarea_iceberg: status = STARTED
9.4148 	EXP 	window1: mouseVisible = True
9.4155 	WARNING 	Requested image 'imgs/logo_OB.jpeg' not found but similar filename 'imgs/logo_OB.png' exists. This will be used instead but changing the filename is advised.
9.4208 	WARNING 	Requested image 'imgs/logo_OB.jpeg' not found but similar filename 'imgs/logo_OB.png' exists. This will be used instead but changing the filename is advised.
9.4255 	WARNING 	Requested image 'imgs/logo_OB.jpeg' not found but similar filename 'imgs/logo_OB.png' exists. This will be used instead but changing the filename is advised.
9.4308 	WARNING 	Requested image 'imgs/logo_OB.jpeg' not found but similar filename 'imgs/logo_OB.png' exists. This will be used instead but changing the filename is advised.
9.4371 	EXP 	Created image_5 = ImageStim(__class__=<class 'psychopy.visual.image.ImageStim'>, anchor=('center', 'center'), autoLog=True, color=array([1., 1., 1.]), colorSpace='rgb', contrast=1.0, depth=0.0, draggable=False, flipHoriz=False, flipVert=False, image='imgs/logo_OB.jpeg', interpolate=True, mask=None, maskParams=None, name='image_5', opacity=1.0, ori=0.0, pos=array([0., 0.]), size=array([0.6, 0.7]), texRes=128.0, units='height', win=Window(...))
9.4373 	EXP 	window1: mouseVisible = True
9.4973 	EXP 	Created text_6 = TextStim(__class__=<class 'psychopy.visual.text.TextStim'>, alignHoriz=method-wrapper(...), alignText='center', alignVert=method-wrapper(...), anchorHoriz='center', anchorVert='center', antialias=True, autoDraw=False, autoLog=True, bold=False, color=array([1., 1., 1.]), colorSpace='rgb', contrast=1.0, depth=-1.0, draggable=False, flipHoriz=False, flipVert=False, font='Open Sans', fontFiles=[], height=0.04, italic=False, languageStyle='LTR', name='text_6', opacity=1.0, ori=0.0, pos=array([ 0.  , -0.35]), rgb=UNKNOWN, text='¡Bienvenido a un experimento de Open Brains!', units='height', win=Window(...), wrapWidth=1)
9.4974 	EXP 	window1: mouseVisible = True
9.5182 	EXP 	Created text_5 = TextStim(__class__=<class 'psychopy.visual.text.TextStim'>, alignHoriz=method-wrapper(...), alignText='center', alignVert=method-wrapper(...), anchorHoriz='center', anchorVert='center', antialias=True, autoDraw=False, autoLog=True, bold=False, color=array([1., 1., 1.]), colorSpace='rgb', contrast=1.0, depth=0.0, draggable=False, flipHoriz=False, flipVert=False, font='Open Sans', fontFiles=[], height=0.035, italic=False, languageStyle='LTR', name='text_5', opacity=1.0, ori=0.0, pos=array([0., 0.]), rgb=UNKNOWN, text=str(...), units='height', win=Window(...), wrapWidth=1)
9.5183 	EXP 	window1: mouseVisible = True
9.5194 	EXP 	Created text_7 = TextStim(__class__=<class 'psychopy.visual.text.TextStim'>, alignHoriz=method-wrapper(...), alignText='center', alignVert=method-wrapper(...), anchorHoriz='center', anchorVert='center', antialias=True, autoDraw=False, autoLog=True, bold=False, color=array([1., 1., 1.]), colorSpace='rgb', contrast=1.0, depth=0.0, draggable=False, flipHoriz=False, flipVert=False, font='Open Sans', fontFiles=[], height=0.05, italic=False, languageStyle='LTR', name='text_7', opacity=1.0, ori=0.0, pos=array([0., 0.]), rgb=UNKNOWN, text='', units='height', win=Window(...), wrapWidth=1)
9.5195 	EXP 	window1: mouseVisible = True
9.5282 	EXP 	Created image = ImageStim(__class__=<class 'psychopy.visual.image.ImageStim'>, anchor=('center', 'center'), autoLog=True, color=array([1., 1., 1.]), colorSpace='rgb', contrast=1.0, depth=-1.0, draggable=False, flipHoriz=False, flipVert=False, image='default.png', interpolate=True, mask=None, maskParams=None, name='image', opacity=1.0, ori=0.0, pos=array([0., 0.]), size=array([0.35, 0.35]), texRes=128.0, units='height', win=Window(...))
9.5283 	EXP 	window1: mouseVisible = True
9.5366 	EXP 	Created image_2 = ImageStim(__class__=<class 'psychopy.visual.image.ImageStim'>, anchor=('center', 'center'), autoLog=True, color=array([1., 1., 1.]), colorSpace='rgb', contrast=1.0, depth=-1.0, draggable=False, flipHoriz=False, flipVert=False, image='default.png', interpolate=True, mask=None, maskParams=None, name='image_2', opacity=1.0, ori=0.0, pos=array([0., 0.]), size=array([0.35, 0.35]), texRes=128.0, units='height', win=Window(...))
9.5367 	EXP 	window1: mouseVisible = True
9.5449 	EXP 	Created image_3 = ImageStim(__class__=<class 'psychopy.visual.image.ImageStim'>, anchor=('center', 'center'), autoLog=True, color=array([1., 1., 1.]), colorSpace='rgb', contrast=1.0, depth=-3.0, draggable=False, flipHoriz=False, flipVert=False, image='default.png', interpolate=True, mask=None, maskParams=None, name='image_3', opacity=1.0, ori=0.0, pos=array([0., 0.]), size=array([0.35, 0.35]), texRes=128.0, units='height', win=Window(...))
9.6562 	EXP 	Created unnamed MovieStim3 = MovieStim3(__class__=<class 'psychopy.visual.movie3.MovieStim3'>, anchor=('center', 'center'), autoLog=True, color=UNKNOWN, colorSpace=UNKNOWN, depth=0.0, filename='imgs/titanic_spanish.mp4', flipHoriz=False, flipVert=False, fps=UNKNOWN, interpolate=True, loop=False, name='unnamed MovieStim3', noAudio=False, opacity=1, ori=method-wrapper(...), pos=array([0., 0.]), size=None, units='pix', vframe_callback=UNKNOWN, volume=UNKNOWN, win=Window(...))
11.7162 	WARNING 	2.0599714999989374: Video catchup needed, advancing self._nextFrameT from 0.0 to 0.04
11.7162 	WARNING 	2.0600061000004644: Video catchup needed, advancing self._nextFrameT from 0.04 to 0.08
11.7162 	WARNING 	2.060018999996828: Video catchup needed, advancing self._nextFrameT from 0.08 to 0.12
11.7162 	WARNING 	2.0600295000040205: Video catchup needed, advancing self._nextFrameT from 0.12 to 0.16
11.7162 	WARNING 	2.060039500007406: Video catchup needed, advancing self._nextFrameT from 0.16 to 0.2
11.7163 	WARNING 	2.0600495999970008: Video catchup needed, advancing self._nextFrameT from 0.2 to 0.24000000000000002
11.7163 	WARNING 	2.0600604000064777: Video catchup needed, advancing self._nextFrameT from 0.24000000000000002 to 0.28
11.7163 	WARNING 	2.06007020000834: Video catchup needed, advancing self._nextFrameT from 0.28 to 0.32
11.7163 	WARNING 	2.0600795000063954: Video catchup needed, advancing self._nextFrameT from 0.32 to 0.36
11.7163 	WARNING 	2.060088900005212: Video catchup needed, advancing self._nextFrameT from 0.36 to 0.39999999999999997
11.7163 	WARNING 	Max reportNDroppedFrames reached, will not log any more dropped frames
11.7632 	EXP 	Created unnamed MovieStim3 = MovieStim3(__class__=<class 'psychopy.visual.movie3.MovieStim3'>, anchor=('center', 'center'), autoLog=True, color=UNKNOWN, colorSpace=UNKNOWN, depth=0.0, filename='imgs/video_mar.mp4', flipHoriz=False, flipVert=False, fps=UNKNOWN, interpolate=True, loop=True, name='unnamed MovieStim3', noAudio=False, opacity=1, ori=method-wrapper(...), pos=array([0., 0.]), size=None, units='pix', vframe_callback=UNKNOWN, volume=UNKNOWN, win=Window(...))
12.1393 	WARNING 	0.3760245000012219: Video catchup needed, advancing self._nextFrameT from 0.0 to 0.04
12.1393 	WARNING 	0.37605700000131037: Video catchup needed, advancing self._nextFrameT from 0.04 to 0.08
12.1393 	WARNING 	0.3760699999984354: Video catchup needed, advancing self._nextFrameT from 0.08 to 0.12
12.1393 	WARNING 	0.37608100000943523: Video catchup needed, advancing self._nextFrameT from 0.12 to 0.16
12.1394 	WARNING 	0.3760910999990301: Video catchup needed, advancing self._nextFrameT from 0.16 to 0.2
12.1394 	WARNING 	0.3761004999978468: Video catchup needed, advancing self._nextFrameT from 0.2 to 0.24000000000000002
12.1394 	WARNING 	0.3761100000119768: Video catchup needed, advancing self._nextFrameT from 0.24000000000000002 to 0.28
12.1394 	WARNING 	0.3761195000115549: Video catchup needed, advancing self._nextFrameT from 0.28 to 0.32
12.2248 	EXP 	Created unnamed MovieStim3 = MovieStim3(__class__=<class 'psychopy.visual.movie3.MovieStim3'>, anchor=('center', 'center'), autoLog=True, color=UNKNOWN, colorSpace=UNKNOWN, depth=0.0, filename='imgs/titanic.mp4', flipHoriz=False, flipVert=False, fps=UNKNOWN, interpolate=True, loop=False, name='unnamed MovieStim3', noAudio=False, opacity=1, ori=method-wrapper(...), pos=array([  0., 100.]), size=None, units='pix', vframe_callback=UNKNOWN, volume=UNKNOWN, win=Window(...))
13.3650 	WARNING 	1.1401316999981645: Video catchup needed, advancing self._nextFrameT from 0.0 to 0.03336666666666667
13.3650 	WARNING 	1.1401713000086602: Video catchup needed, advancing self._nextFrameT from 0.03336666666666667 to 0.06673333333333334
13.3650 	WARNING 	1.140183600000455: Video catchup needed, advancing self._nextFrameT from 0.06673333333333334 to 0.10010000000000001
13.3650 	WARNING 	1.1401952000014717: Video catchup needed, advancing self._nextFrameT from 0.10010000000000001 to 0.13346666666666668
13.3650 	WARNING 	1.1402048000018112: Video catchup needed, advancing self._nextFrameT from 0.13346666666666668 to 0.16683333333333333
13.3650 	WARNING 	1.1402146000036737: Video catchup needed, advancing self._nextFrameT from 0.16683333333333333 to 0.2002
13.3650 	WARNING 	1.1402240000024904: Video catchup needed, advancing self._nextFrameT from 0.2002 to 0.23356666666666664
13.3651 	WARNING 	1.1402348999981768: Video catchup needed, advancing self._nextFrameT from 0.23356666666666664 to 0.2669333333333333
13.3651 	WARNING 	1.1402447000000393: Video catchup needed, advancing self._nextFrameT from 0.2669333333333333 to 0.30029999999999996
13.3651 	WARNING 	1.1402544000011403: Video catchup needed, advancing self._nextFrameT from 0.30029999999999996 to 0.3336666666666666
13.3651 	WARNING 	Max reportNDroppedFrames reached, will not log any more dropped frames
13.3933 	EXP 	window1: mouseVisible = True
13.4049 	EXP 	Created image_4 = ImageStim(__class__=<class 'psychopy.visual.image.ImageStim'>, anchor=('center', 'center'), autoLog=True, color=array([1., 1., 1.]), colorSpace='rgb', contrast=1.0, depth=-4.0, draggable=False, flipHoriz=False, flipVert=False, image='default.png', interpolate=True, mask=None, maskParams=None, name='image_4', opacity=1.0, ori=0.0, pos=array([0., 0.]), size=array([0.35, 0.35]), texRes=128.0, units='height', win=Window(...))
13.4050 	EXP 	window1: mouseVisible = True
13.4165 	EXP 	Created text_4 = TextStim(__class__=<class 'psychopy.visual.text.TextStim'>, alignHoriz=method-wrapper(...), alignText='center', alignVert=method-wrapper(...), anchorHoriz='center', anchorVert='center', antialias=True, autoDraw=False, autoLog=True, bold=False, color=array([1., 1., 1.]), colorSpace='rgb', contrast=1.0, depth=0.0, draggable=False, flipHoriz=False, flipVert=False, font='Open Sans', fontFiles=[], height=0.05, italic=False, languageStyle='LTR', name='text_4', opacity=1.0, ori=0.0, pos=array([0., 0.]), rgb=UNKNOWN, text='¡Muchas gracias por participar!', units='height', win=Window(...), wrapWidth=1)
0.0021 	EXP 	unnamed MovieStim3: autoLog = True
0.0021 	EXP 	unnamed MovieStim3: movie = 'imgs/titanic_spanish.mp4'
0.0021 	EXP 	unnamed MovieStim3: ori = 0.0
0.0021 	EXP 	unnamed MovieStim3: autoLog = True
0.0021 	EXP 	unnamed MovieStim3: movie = 'imgs/video_mar.mp4'
0.0021 	EXP 	unnamed MovieStim3: ori = 0.0
0.0021 	EXP 	unnamed MovieStim3: autoLog = True
0.0021 	EXP 	unnamed MovieStim3: movie = 'imgs/titanic.mp4'
0.0021 	EXP 	unnamed MovieStim3: ori = 0.0
0.0142 	EXP 	image_5: autoDraw = True
0.0142 	EXP 	text_6: autoDraw = True
3.0261 	EXP 	image_5: autoDraw = False
3.0261 	EXP 	text_6: autoDraw = False
3.0261 	EXP 	text_5: autoDraw = True
7.1437 	DATA 	Keypress: space
7.1652 	EXP 	Imported imgs/routines_order.xlsx as conditions, 4 conditions, 1 params
7.1655 	EXP 	Created sequence: sequential, trialTypes=4, nReps=1, seed=None
7.1657 	EXP 	New trial (rep=0, index=0): {'routineName': 'music_video'}
7.1734 	EXP 	text_5: autoDraw = False
7.1734 	EXP 	text_7: height = 0.05
7.1734 	EXP 	text_7: height = 0.05
7.1734 	EXP 	text_7: height = 0.05
7.1734 	EXP 	text_7: text = 'Nueva ronda'
7.1734 	EXP 	text_7: autoDraw = True
9.1671 	EXP 	Imported imgs/iceberg_times.xlsx as conditions, 2 conditions, 3 params
9.1676 	EXP 	Created sequence: random, trialTypes=2, nReps=1, seed=None
9.1678 	EXP 	New trial (rep=0, index=0): {'timepresentation': 3, 'posx': -0.8, 'posy': 0.15}
9.1738 	EXP 	Created unnamed MovieStim3 = MovieStim3(__class__=<class 'psychopy.visual.movie3.MovieStim3'>, anchor=('center', 'center'), autoLog=True, color=UNKNOWN, colorSpace=UNKNOWN, depth=0.0, filename='imgs/video_mar.mp4', flipHoriz=False, flipVert=False, fps=UNKNOWN, interpolate=True, loop=True, name='unnamed MovieStim3', noAudio=False, opacity=1, ori=method-wrapper(...), pos=array([0., 0.]), size=None, units='pix', vframe_callback=UNKNOWN, volume=UNKNOWN, win=Window(...))
9.5517 	WARNING 	0.3778141999937361: Video catchup needed, advancing self._nextFrameT from 0.0 to 0.04
9.5517 	WARNING 	0.37785689999873284: Video catchup needed, advancing self._nextFrameT from 0.04 to 0.08
9.5517 	WARNING 	0.3778753999940818: Video catchup needed, advancing self._nextFrameT from 0.08 to 0.12
9.5517 	WARNING 	0.3778918000025442: Video catchup needed, advancing self._nextFrameT from 0.12 to 0.16
9.5517 	WARNING 	0.3779089000017848: Video catchup needed, advancing self._nextFrameT from 0.16 to 0.2
9.5518 	WARNING 	0.3779255999979796: Video catchup needed, advancing self._nextFrameT from 0.2 to 0.24000000000000002
9.5518 	WARNING 	0.3779396000027191: Video catchup needed, advancing self._nextFrameT from 0.24000000000000002 to 0.28
9.5518 	WARNING 	0.3779536999936681: Video catchup needed, advancing self._nextFrameT from 0.28 to 0.32
9.7737 	EXP 	Sound  started
9.7738 	EXP 	Sound  started
9.7742 	EXP 	New trial (rep=0, index=1): {'timepresentation': 3, 'posx': -0.5, 'posy': 0.15}
9.7803 	EXP 	Created unnamed MovieStim3 = MovieStim3(__class__=<class 'psychopy.visual.movie3.MovieStim3'>, anchor=('center', 'center'), autoLog=True, color=UNKNOWN, colorSpace=UNKNOWN, depth=0.0, filename='imgs/video_mar.mp4', flipHoriz=False, flipVert=False, fps=UNKNOWN, interpolate=True, loop=True, name='unnamed MovieStim3', noAudio=False, opacity=1, ori=method-wrapper(...), pos=array([0., 0.]), size=None, units='pix', vframe_callback=UNKNOWN, volume=UNKNOWN, win=Window(...))
10.1780 	WARNING 	0.3976360999949975: Video catchup needed, advancing self._nextFrameT from 0.0 to 0.04
10.1780 	WARNING 	0.3976737999910256: Video catchup needed, advancing self._nextFrameT from 0.04 to 0.08
10.1780 	WARNING 	0.39768589999584947: Video catchup needed, advancing self._nextFrameT from 0.08 to 0.12
10.1780 	WARNING 	0.39769640000304207: Video catchup needed, advancing self._nextFrameT from 0.12 to 0.16
10.1780 	WARNING 	0.39770689999568276: Video catchup needed, advancing self._nextFrameT from 0.16 to 0.2
10.1780 	WARNING 	0.3977162999944994: Video catchup needed, advancing self._nextFrameT from 0.2 to 0.24000000000000002
10.1780 	WARNING 	0.39772639999864623: Video catchup needed, advancing self._nextFrameT from 0.24000000000000002 to 0.28
10.1780 	WARNING 	0.3977368000050774: Video catchup needed, advancing self._nextFrameT from 0.28 to 0.32
10.3730 	EXP 	Sound  started
10.3730 	EXP 	Sound  started
10.4063 	EXP 	Sound  stopped
10.4117 	EXP 	Imported imgs/iceberg_times.xlsx as conditions, 2 conditions, 3 params
10.4121 	EXP 	Created sequence: random, trialTypes=2, nReps=1, seed=None
10.4122 	EXP 	New trial (rep=0, index=0): {'timepresentation': 3, 'posx': -0.5, 'posy': 0.15}
10.4184 	EXP 	Created unnamed MovieStim3 = MovieStim3(__class__=<class 'psychopy.visual.movie3.MovieStim3'>, anchor=('center', 'center'), autoLog=True, color=UNKNOWN, colorSpace=UNKNOWN, depth=0.0, filename='imgs/song_titanic.mp4', flipHoriz=False, flipVert=False, fps=UNKNOWN, interpolate=True, loop=False, name='unnamed MovieStim3', noAudio=False, opacity=1, ori=method-wrapper(...), pos=array([0., 0.]), size=None, units='pix', vframe_callback=UNKNOWN, volume=UNKNOWN, win=Window(...))
11.2377 	WARNING 	0.8192624000075739: Video catchup needed, advancing self._nextFrameT from 0.0 to 0.041666666666666664
11.2377 	WARNING 	0.819304300006479: Video catchup needed, advancing self._nextFrameT from 0.041666666666666664 to 0.08333333333333333
11.2377 	WARNING 	0.8193210000026738: Video catchup needed, advancing self._nextFrameT from 0.08333333333333333 to 0.125
11.2377 	WARNING 	0.8193352000089362: Video catchup needed, advancing self._nextFrameT from 0.125 to 0.16666666666666666
11.2377 	WARNING 	0.8193494000006467: Video catchup needed, advancing self._nextFrameT from 0.16666666666666666 to 0.20833333333333331
11.2378 	WARNING 	0.8193775000108872: Video catchup needed, advancing self._nextFrameT from 0.20833333333333331 to 0.24999999999999997
11.2378 	WARNING 	0.8193916000018362: Video catchup needed, advancing self._nextFrameT from 0.24999999999999997 to 0.29166666666666663
11.2378 	WARNING 	0.8194054000050528: Video catchup needed, advancing self._nextFrameT from 0.29166666666666663 to 0.3333333333333333
11.2378 	WARNING 	0.8194192000082694: Video catchup needed, advancing self._nextFrameT from 0.3333333333333333 to 0.375
11.2378 	WARNING 	0.8194331000122475: Video catchup needed, advancing self._nextFrameT from 0.375 to 0.4166666666666667
11.2378 	WARNING 	Max reportNDroppedFrames reached, will not log any more dropped frames
11.9199 	EXP 	Sound  started
11.9200 	EXP 	Sound  started
11.9204 	EXP 	Created unnamed MovieStim3 = MovieStim3(__class__=<class 'psychopy.visual.movie3.MovieStim3'>, anchor=('center', 'center'), autoLog=True, color=UNKNOWN, colorSpace=UNKNOWN, depth=0.0, filename='imgs/video_mar.mp4', flipHoriz=False, flipVert=False, fps=UNKNOWN, interpolate=True, loop=True, name='unnamed MovieStim3', noAudio=False, opacity=1, ori=method-wrapper(...), pos=array([0., 0.]), size=None, units='pix', vframe_callback=UNKNOWN, volume=UNKNOWN, win=Window(...))
12.3140 	WARNING 	0.39360329999180976: Video catchup needed, advancing self._nextFrameT from 0.0 to 0.04
12.3141 	WARNING 	0.3936362999957055: Video catchup needed, advancing self._nextFrameT from 0.04 to 0.08
12.3141 	WARNING 	0.3936488999897847: Video catchup needed, advancing self._nextFrameT from 0.08 to 0.12
12.3141 	WARNING 	0.3936593999969773: Video catchup needed, advancing self._nextFrameT from 0.12 to 0.16
12.3141 	WARNING 	0.39366940000036266: Video catchup needed, advancing self._nextFrameT from 0.16 to 0.2
12.3141 	WARNING 	0.39367929998843465: Video catchup needed, advancing self._nextFrameT from 0.2 to 0.24000000000000002
12.3141 	WARNING 	0.3936900999979116: Video catchup needed, advancing self._nextFrameT from 0.24000000000000002 to 0.28
12.3141 	WARNING 	0.393701199995121: Video catchup needed, advancing self._nextFrameT from 0.28 to 0.32
12.5189 	EXP 	Sound  started
12.5190 	EXP 	Sound  started
12.5196 	EXP 	New trial (rep=0, index=1): {'timepresentation': 3, 'posx': -0.8, 'posy': 0.15}
12.5266 	EXP 	Created unnamed MovieStim3 = MovieStim3(__class__=<class 'psychopy.visual.movie3.MovieStim3'>, anchor=('center', 'center'), autoLog=True, color=UNKNOWN, colorSpace=UNKNOWN, depth=0.0, filename='imgs/song_titanic.mp4', flipHoriz=False, flipVert=False, fps=UNKNOWN, interpolate=True, loop=False, name='unnamed MovieStim3', noAudio=False, opacity=1, ori=method-wrapper(...), pos=array([0., 0.]), size=None, units='pix', vframe_callback=UNKNOWN, volume=UNKNOWN, win=Window(...))
13.3877 	WARNING 	0.8610568000003695: Video catchup needed, advancing self._nextFrameT from 0.0 to 0.041666666666666664
13.3878 	WARNING 	0.8610941000079038: Video catchup needed, advancing self._nextFrameT from 0.041666666666666664 to 0.08333333333333333
13.3878 	WARNING 	0.8611081999988528: Video catchup needed, advancing self._nextFrameT from 0.08333333333333333 to 0.125
13.3878 	WARNING 	0.8611194999975851: Video catchup needed, advancing self._nextFrameT from 0.125 to 0.16666666666666666
13.3878 	WARNING 	0.8611299000040162: Video catchup needed, advancing self._nextFrameT from 0.16666666666666666 to 0.20833333333333331
13.3878 	WARNING 	0.8611402999958955: Video catchup needed, advancing self._nextFrameT from 0.20833333333333331 to 0.24999999999999997
13.3878 	WARNING 	0.8611501999985194: Video catchup needed, advancing self._nextFrameT from 0.24999999999999997 to 0.29166666666666663
13.3878 	WARNING 	0.8611602000019047: Video catchup needed, advancing self._nextFrameT from 0.29166666666666663 to 0.3333333333333333
13.3878 	WARNING 	0.8611701000045286: Video catchup needed, advancing self._nextFrameT from 0.3333333333333333 to 0.375
13.3879 	WARNING 	0.861180299994885: Video catchup needed, advancing self._nextFrameT from 0.375 to 0.4166666666666667
13.3879 	WARNING 	Max reportNDroppedFrames reached, will not log any more dropped frames
14.1155 	EXP 	Sound  started
14.1159 	EXP 	Created unnamed MovieStim3 = MovieStim3(__class__=<class 'psychopy.visual.movie3.MovieStim3'>, anchor=('center', 'center'), autoLog=True, color=UNKNOWN, colorSpace=UNKNOWN, depth=0.0, filename='imgs/video_mar.mp4', flipHoriz=False, flipVert=False, fps=UNKNOWN, interpolate=True, loop=True, name='unnamed MovieStim3', noAudio=False, opacity=1, ori=method-wrapper(...), pos=array([0., 0.]), size=None, units='pix', vframe_callback=UNKNOWN, volume=UNKNOWN, win=Window(...))
14.5148 	WARNING 	0.3988554999959888: Video catchup needed, advancing self._nextFrameT from 0.0 to 0.04
14.5148 	WARNING 	0.3988948999904096: Video catchup needed, advancing self._nextFrameT from 0.04 to 0.08
14.5148 	WARNING 	0.39891269999498036: Video catchup needed, advancing self._nextFrameT from 0.08 to 0.12
14.5149 	WARNING 	0.3989290000026813: Video catchup needed, advancing self._nextFrameT from 0.12 to 0.16
14.5149 	WARNING 	0.3989471999957459: Video catchup needed, advancing self._nextFrameT from 0.16 to 0.2
14.5149 	WARNING 	0.39897239999845624: Video catchup needed, advancing self._nextFrameT from 0.2 to 0.24000000000000002
14.5149 	WARNING 	0.3989897999999812: Video catchup needed, advancing self._nextFrameT from 0.24000000000000002 to 0.28
14.5150 	WARNING 	0.39903069999127183: Video catchup needed, advancing self._nextFrameT from 0.28 to 0.32
14.7365 	EXP 	Sound  started
14.7366 	EXP 	Sound  started
14.7670 	EXP 	Sound  stopped
14.7956 	EXP 	Sound  stopped
14.8262 	EXP 	Sound  stopped
14.8670 	EXP 	Sound  stopped
14.8756 	EXP 	Imported imgs/iceberg_times.xlsx as conditions, 2 conditions, 3 params
14.8760 	EXP 	Created sequence: random, trialTypes=2, nReps=1, seed=None
14.8761 	EXP 	New trial (rep=0, index=0): {'timepresentation': 3, 'posx': -0.5, 'posy': 0.15}
14.8766 	EXP 	Created unnamed MovieStim3 = MovieStim3(__class__=<class 'psychopy.visual.movie3.MovieStim3'>, anchor=('center', 'center'), autoLog=True, color=UNKNOWN, colorSpace=UNKNOWN, depth=0.0, filename='imgs/titanic_spanish.mp4', flipHoriz=False, flipVert=False, fps=UNKNOWN, interpolate=True, loop=False, name='unnamed MovieStim3', noAudio=False, opacity=1, ori=method-wrapper(...), pos=array([0., 0.]), size=None, units='pix', vframe_callback=UNKNOWN, volume=UNKNOWN, win=Window(...))
16.2636 	WARNING 	1.38694559999567: Video catchup needed, advancing self._nextFrameT from 0.0 to 0.04
16.2636 	WARNING 	1.3869924999889918: Video catchup needed, advancing self._nextFrameT from 0.04 to 0.08
16.2636 	WARNING 	1.3870122999942396: Video catchup needed, advancing self._nextFrameT from 0.08 to 0.12
16.2636 	WARNING 	1.3870300999988103: Video catchup needed, advancing self._nextFrameT from 0.12 to 0.16
16.2637 	WARNING 	1.3870475000003353: Video catchup needed, advancing self._nextFrameT from 0.16 to 0.2
16.2637 	WARNING 	1.3870649000018602: Video catchup needed, advancing self._nextFrameT from 0.2 to 0.24000000000000002
16.2637 	WARNING 	1.3870820000011008: Video catchup needed, advancing self._nextFrameT from 0.24000000000000002 to 0.28
16.2637 	WARNING 	1.3870988999988185: Video catchup needed, advancing self._nextFrameT from 0.28 to 0.32
16.2637 	WARNING 	1.3871156999957748: Video catchup needed, advancing self._nextFrameT from 0.32 to 0.36
16.2638 	WARNING 	1.3871427999984007: Video catchup needed, advancing self._nextFrameT from 0.36 to 0.39999999999999997
16.2638 	WARNING 	Max reportNDroppedFrames reached, will not log any more dropped frames
17.4810 	EXP 	Sound  started
17.4811 	EXP 	Sound  started
17.4839 	EXP 	Created unnamed MovieStim3 = MovieStim3(__class__=<class 'psychopy.visual.movie3.MovieStim3'>, anchor=('center', 'center'), autoLog=True, color=UNKNOWN, colorSpace=UNKNOWN, depth=0.0, filename='imgs/video_mar.mp4', flipHoriz=False, flipVert=False, fps=UNKNOWN, interpolate=True, loop=True, name='unnamed MovieStim3', noAudio=False, opacity=1, ori=method-wrapper(...), pos=array([0., 0.]), size=None, units='pix', vframe_callback=UNKNOWN, volume=UNKNOWN, win=Window(...))
17.9024 	WARNING 	0.41846059999079444: Video catchup needed, advancing self._nextFrameT from 0.0 to 0.04
17.9025 	WARNING 	0.41849259998707566: Video catchup needed, advancing self._nextFrameT from 0.04 to 0.08
17.9025 	WARNING 	0.4185053999972297: Video catchup needed, advancing self._nextFrameT from 0.08 to 0.12
17.9025 	WARNING 	0.4185157999891089: Video catchup needed, advancing self._nextFrameT from 0.12 to 0.16
17.9025 	WARNING 	0.4185251999879256: Video catchup needed, advancing self._nextFrameT from 0.16 to 0.2
17.9025 	WARNING 	0.4185345000005327: Video catchup needed, advancing self._nextFrameT from 0.2 to 0.24000000000000002
17.9025 	WARNING 	0.41854429998784326: Video catchup needed, advancing self._nextFrameT from 0.24000000000000002 to 0.28
17.9025 	WARNING 	0.4185540999897057: Video catchup needed, advancing self._nextFrameT from 0.28 to 0.32
17.9025 	WARNING 	0.41856339998776093: Video catchup needed, advancing self._nextFrameT from 0.32 to 0.36
18.1276 	EXP 	Sound  started
18.1276 	EXP 	Sound  started
18.1355 	EXP 	New trial (rep=0, index=1): {'timepresentation': 3, 'posx': -0.8, 'posy': 0.15}
18.1359 	EXP 	Created unnamed MovieStim3 = MovieStim3(__class__=<class 'psychopy.visual.movie3.MovieStim3'>, anchor=('center', 'center'), autoLog=True, color=UNKNOWN, colorSpace=UNKNOWN, depth=0.0, filename='imgs/titanic_spanish.mp4', flipHoriz=False, flipVert=False, fps=UNKNOWN, interpolate=True, loop=False, name='unnamed MovieStim3', noAudio=False, opacity=1, ori=method-wrapper(...), pos=array([0., 0.]), size=None, units='pix', vframe_callback=UNKNOWN, volume=UNKNOWN, win=Window(...))
19.5175 	WARNING 	1.3815603000111878: Video catchup needed, advancing self._nextFrameT from 0.0 to 0.04
19.5175 	WARNING 	1.3815955000027316: Video catchup needed, advancing self._nextFrameT from 0.04 to 0.08
19.5175 	WARNING 	1.3816080000106012: Video catchup needed, advancing self._nextFrameT from 0.08 to 0.12
19.5175 	WARNING 	1.3816182000009576: Video catchup needed, advancing self._nextFrameT from 0.12 to 0.16
19.5175 	WARNING 	1.3816274000128033: Video catchup needed, advancing self._nextFrameT from 0.16 to 0.2
19.5175 	WARNING 	1.3816363000078127: Video catchup needed, advancing self._nextFrameT from 0.2 to 0.24000000000000002
19.5175 	WARNING 	1.3816460000089137: Video catchup needed, advancing self._nextFrameT from 0.24000000000000002 to 0.28
19.5176 	WARNING 	1.3816554000077303: Video catchup needed, advancing self._nextFrameT from 0.28 to 0.32
19.5176 	WARNING 	1.3816644000035012: Video catchup needed, advancing self._nextFrameT from 0.32 to 0.36
19.5176 	WARNING 	1.3816740000038408: Video catchup needed, advancing self._nextFrameT from 0.36 to 0.39999999999999997
19.5176 	WARNING 	Max reportNDroppedFrames reached, will not log any more dropped frames
20.7421 	EXP 	Sound  started
20.7425 	EXP 	Created unnamed MovieStim3 = MovieStim3(__class__=<class 'psychopy.visual.movie3.MovieStim3'>, anchor=('center', 'center'), autoLog=True, color=UNKNOWN, colorSpace=UNKNOWN, depth=0.0, filename='imgs/video_mar.mp4', flipHoriz=False, flipVert=False, fps=UNKNOWN, interpolate=True, loop=True, name='unnamed MovieStim3', noAudio=False, opacity=1, ori=method-wrapper(...), pos=array([0., 0.]), size=None, units='pix', vframe_callback=UNKNOWN, volume=UNKNOWN, win=Window(...))
21.1367 	WARNING 	0.3941064999962691: Video catchup needed, advancing self._nextFrameT from 0.0 to 0.04
21.1367 	WARNING 	0.3941396000009263: Video catchup needed, advancing self._nextFrameT from 0.04 to 0.08
21.1367 	WARNING 	0.3941513000027044: Video catchup needed, advancing self._nextFrameT from 0.08 to 0.12
21.1367 	WARNING 	0.39416159999382216: Video catchup needed, advancing self._nextFrameT from 0.12 to 0.16
21.1367 	WARNING 	0.39417169999796897: Video catchup needed, advancing self._nextFrameT from 0.16 to 0.2
21.1367 	WARNING 	0.39418190000287723: Video catchup needed, advancing self._nextFrameT from 0.2 to 0.24000000000000002
21.1367 	WARNING 	0.394192199993995: Video catchup needed, advancing self._nextFrameT from 0.24000000000000002 to 0.28
21.1368 	WARNING 	0.3942015999928117: Video catchup needed, advancing self._nextFrameT from 0.28 to 0.32
21.3545 	EXP 	Sound  started
21.3546 	EXP 	Sound  started
21.3869 	EXP 	Sound  stopped
21.4156 	EXP 	Sound  stopped
21.4462 	EXP 	Sound  stopped
21.4538 	EXP 	Imported imgs/iceberg_times.xlsx as conditions, 2 conditions, 3 params
21.4541 	EXP 	Created sequence: random, trialTypes=2, nReps=1, seed=None
21.4542 	EXP 	New trial (rep=0, index=0): {'timepresentation': 9, 'posx': 0.7, 'posy': 0.1}
21.4543 	EXP 	Sound  started
21.4545 	EXP 	Sound  started
21.5866 	WARNING 	1.1997851333289873: Video catchup needed, advancing self._nextFrameT from 1.1011000000000002 to 1.134466666666667
21.6008 	EXP 	text_7: autoDraw = False
21.6008 	EXP 	text_7: autoDraw = False
21.6008 	EXP 	image: image = 'imgs/iceberg.png'
21.6008 	EXP 	unnamed MovieStim3: autoLog = True
21.6008 	EXP 	unnamed MovieStim3: movie = 'imgs/video_mar.mp4'
21.6008 	EXP 	unnamed MovieStim3: ori = 0.0
21.6008 	EXP 	Set unnamed MovieStim3 playing
21.6008 	EXP 	image: autoDraw = False
21.6008 	EXP 	image: image = 'imgs/iceberg.png'
21.6008 	EXP 	unnamed MovieStim3: autoLog = True
21.6008 	EXP 	unnamed MovieStim3: movie = 'imgs/video_mar.mp4'
21.6008 	EXP 	unnamed MovieStim3: ori = 0.0
21.6008 	EXP 	Set unnamed MovieStim3 playing
21.6008 	EXP 	image: autoDraw = False
21.6008 	EXP 	image_2: image = 'imgs/iceberg.png'
21.6008 	EXP 	unnamed MovieStim3: autoLog = True
21.6008 	EXP 	unnamed MovieStim3: movie = 'imgs/song_titanic.mp4'
21.6008 	EXP 	unnamed MovieStim3: ori = 0.0
21.6008 	EXP 	Set unnamed MovieStim3 playing
21.6008 	EXP 	unnamed MovieStim3: autoLog = True
21.6008 	EXP 	unnamed MovieStim3: movie = 'imgs/video_mar.mp4'
21.6008 	EXP 	unnamed MovieStim3: ori = 0.0
21.6008 	EXP 	Set unnamed MovieStim3 playing
21.6008 	EXP 	image_2: autoDraw = False
21.6008 	EXP 	image_2: image = 'imgs/iceberg.png'
21.6008 	EXP 	unnamed MovieStim3: autoLog = True
21.6008 	EXP 	unnamed MovieStim3: movie = 'imgs/song_titanic.mp4'
21.6008 	EXP 	unnamed MovieStim3: ori = 0.0
21.6008 	EXP 	unnamed MovieStim3: autoLog = True
21.6008 	EXP 	unnamed MovieStim3: movie = 'imgs/video_mar.mp4'
21.6008 	EXP 	unnamed MovieStim3: ori = 0.0
21.6008 	EXP 	Set unnamed MovieStim3 playing
21.6008 	EXP 	image_2: autoDraw = False
21.6008 	EXP 	Set unnamed MovieStim3 stopped
21.6008 	EXP 	unnamed MovieStim3: autoLog = True
21.6008 	EXP 	unnamed MovieStim3: movie = 'imgs/titanic_spanish.mp4'
21.6008 	EXP 	unnamed MovieStim3: ori = 0.0
21.6008 	EXP 	Set unnamed MovieStim3 playing
21.6008 	EXP 	unnamed MovieStim3: autoLog = True
21.6008 	EXP 	unnamed MovieStim3: movie = 'imgs/video_mar.mp4'
21.6008 	EXP 	unnamed MovieStim3: ori = 0.0
21.6008 	EXP 	Set unnamed MovieStim3 playing
21.6008 	EXP 	image_3: image = 'imgs/iceberg.png'
21.6008 	EXP 	image_3: autoDraw = False
21.6008 	EXP 	unnamed MovieStim3: autoLog = True
21.6008 	EXP 	unnamed MovieStim3: movie = 'imgs/titanic_spanish.mp4'
21.6008 	EXP 	unnamed MovieStim3: ori = 0.0
21.6008 	EXP 	unnamed MovieStim3: autoLog = True
21.6008 	EXP 	unnamed MovieStim3: movie = 'imgs/video_mar.mp4'
21.6008 	EXP 	unnamed MovieStim3: ori = 0.0
21.6008 	EXP 	Set unnamed MovieStim3 playing
21.6008 	EXP 	image_3: image = 'imgs/iceberg.png'
21.6008 	EXP 	image_3: autoDraw = False
21.6008 	EXP 	Set unnamed MovieStim3 stopped
21.6008 	EXP 	Set unnamed MovieStim3 playing
21.6008 	EXP 	Set unnamed MovieStim3 playing
21.6008 	EXP 	image_4: image = 'imgs/iceberg.png'
21.6011 	WARNING 	2.1067958000057843: Video catchup needed, advancing self._nextFrameT from 2.000000000000001 to 2.040000000000001
21.6030 	WARNING 	0.20837209999444894: Video catchup needed, advancing self._nextFrameT from 0.04 to 0.08
21.6030 	WARNING 	0.20840089999546763: Video catchup needed, advancing self._nextFrameT from 0.08 to 0.12
21.6031 	WARNING 	0.2084136000048602: Video catchup needed, advancing self._nextFrameT from 0.12 to 0.16
21.6434 	WARNING 	1.2565777333220467: Video catchup needed, advancing self._nextFrameT from 1.1678333333333337 to 1.2012000000000005
30.3983 	EXP 	image_4: autoDraw = True
30.9102 	EXP 	New trial (rep=0, index=1): {'timepresentation': 10, 'posx': 0.8, 'posy': 0.1}
30.9196 	DATA 	Keypress: space
30.9278 	EXP 	image_4: autoDraw = False
30.9278 	EXP 	image_4: image = 'imgs/iceberg.png'
40.3777 	EXP 	Sound  stopped
40.5182 	EXP 	Sound  started
40.5183 	WARNING 	0.14058759999170434: Video catchup needed, advancing self._nextFrameT from 0.0 to 0.04
40.5183 	WARNING 	0.14061109999602195: Video catchup needed, advancing self._nextFrameT from 0.04 to 0.08
40.6537 	WARNING 	20.26681643332995: Video catchup needed, advancing self._nextFrameT from 19.98663333333307 to 20.019999999999737
40.6537 	WARNING 	20.26685723332048: Video catchup needed, advancing self._nextFrameT from 20.019999999999737 to 20.053366666666403
40.6537 	WARNING 	20.26687123332522: Video catchup needed, advancing self._nextFrameT from 20.053366666666403 to 20.08673333333307
40.6537 	WARNING 	20.266882833326235: Video catchup needed, advancing self._nextFrameT from 20.08673333333307 to 20.120099999999734
40.6537 	WARNING 	20.26689423332573: Video catchup needed, advancing self._nextFrameT from 20.120099999999734 to 20.1534666666664
40.6537 	WARNING 	20.26690553332446: Video catchup needed, advancing self._nextFrameT from 20.1534666666664 to 20.186833333333066
40.6537 	WARNING 	20.266916133317864: Video catchup needed, advancing self._nextFrameT from 20.186833333333066 to 20.220199999999732
40.6685 	EXP 	Set unnamed MovieStim3 finished
40.6686 	WARNING 	21.174295200005872: Video catchup needed, advancing self._nextFrameT from 20.879999999999733 to 20.91999999999973
40.6687 	WARNING 	21.17432840001129: Video catchup needed, advancing self._nextFrameT from 20.91999999999973 to 20.95999999999973
40.6687 	WARNING 	21.174342300000717: Video catchup needed, advancing self._nextFrameT from 20.95999999999973 to 20.99999999999973
40.6687 	WARNING 	21.17435510001087: Video catchup needed, advancing self._nextFrameT from 20.99999999999973 to 21.03999999999973
40.6687 	WARNING 	21.174367200001143: Video catchup needed, advancing self._nextFrameT from 21.03999999999973 to 21.07999999999973
40.6687 	WARNING 	21.174379300005967: Video catchup needed, advancing self._nextFrameT from 21.07999999999973 to 21.119999999999727
40.6764 	WARNING 	0.29871569998795167: Video catchup needed, advancing self._nextFrameT from 0.12 to 0.16
40.6764 	WARNING 	0.2987533999985317: Video catchup needed, advancing self._nextFrameT from 0.16 to 0.2
40.6764 	WARNING 	0.2987696999916807: Video catchup needed, advancing self._nextFrameT from 0.2 to 0.24000000000000002
40.7142 	WARNING 	20.32736943331838: Video catchup needed, advancing self._nextFrameT from 20.253566666666398 to 20.286933333333064
40.7142 	WARNING 	Max reportNDroppedFrames reached, will not log any more dropped frames
40.9306 	EXP 	image_4: autoDraw = True
41.5076 	DATA 	Keypress: space
41.5573 	EXP 	Sound  stopped
41.5857 	EXP 	Sound  stopped
41.5863 	EXP 	New trial (rep=0, index=1): {'routineName': 'music_words'}
41.5935 	EXP 	image_4: autoDraw = False
41.5935 	EXP 	Set unnamed MovieStim3 stopped
41.5935 	EXP 	Set unnamed MovieStim3 stopped
41.5935 	EXP 	text_7: text = 'Nueva ronda'
41.5935 	EXP 	text_7: autoDraw = True
43.5952 	EXP 	Imported imgs/iceberg_times.xlsx as conditions, 2 conditions, 3 params
43.5956 	EXP 	Created sequence: random, trialTypes=2, nReps=1, seed=None
43.5958 	EXP 	New trial (rep=0, index=0): {'timepresentation': 8, 'posx': 0.7, 'posy': 0.1}
43.6022 	EXP 	Created unnamed MovieStim3 = MovieStim3(__class__=<class 'psychopy.visual.movie3.MovieStim3'>, anchor=('center', 'center'), autoLog=True, color=UNKNOWN, colorSpace=UNKNOWN, depth=0.0, filename='imgs/video_mar.mp4', flipHoriz=False, flipVert=False, fps=UNKNOWN, interpolate=True, loop=True, name='unnamed MovieStim3', noAudio=False, opacity=1, ori=method-wrapper(...), pos=array([0., 0.]), size=None, units='pix', vframe_callback=UNKNOWN, volume=UNKNOWN, win=Window(...))
44.0123 	WARNING 	0.4100135000044247: Video catchup needed, advancing self._nextFrameT from 0.0 to 0.04
44.0123 	WARNING 	0.41004780000366736: Video catchup needed, advancing self._nextFrameT from 0.04 to 0.08
44.0123 	WARNING 	0.410060499998508: Video catchup needed, advancing self._nextFrameT from 0.08 to 0.12
44.0123 	WARNING 	0.4100712000072235: Video catchup needed, advancing self._nextFrameT from 0.12 to 0.16
44.0123 	WARNING 	0.41008090000832453: Video catchup needed, advancing self._nextFrameT from 0.16 to 0.2
44.0123 	WARNING 	0.4100909999979194: Video catchup needed, advancing self._nextFrameT from 0.2 to 0.24000000000000002
44.0123 	WARNING 	0.41010069999902043: Video catchup needed, advancing self._nextFrameT from 0.24000000000000002 to 0.28
44.0123 	WARNING 	0.4101105000008829: Video catchup needed, advancing self._nextFrameT from 0.28 to 0.32
44.0123 	WARNING 	0.41012010000122245: Video catchup needed, advancing self._nextFrameT from 0.32 to 0.36
44.2190 	EXP 	Sound  started
44.2191 	EXP 	Sound  started
44.2195 	EXP 	New trial (rep=0, index=1): {'timepresentation': 14, 'posx': 0.9, 'posy': 0.1}
44.2261 	EXP 	Created unnamed MovieStim3 = MovieStim3(__class__=<class 'psychopy.visual.movie3.MovieStim3'>, anchor=('center', 'center'), autoLog=True, color=UNKNOWN, colorSpace=UNKNOWN, depth=0.0, filename='imgs/video_mar.mp4', flipHoriz=False, flipVert=False, fps=UNKNOWN, interpolate=True, loop=True, name='unnamed MovieStim3', noAudio=False, opacity=1, ori=method-wrapper(...), pos=array([0., 0.]), size=None, units='pix', vframe_callback=UNKNOWN, volume=UNKNOWN, win=Window(...))
44.6162 	WARNING 	0.3899998999986565: Video catchup needed, advancing self._nextFrameT from 0.0 to 0.04
44.6162 	WARNING 	0.39003939999383874: Video catchup needed, advancing self._nextFrameT from 0.04 to 0.08
44.6162 	WARNING 	0.3900563999923179: Video catchup needed, advancing self._nextFrameT from 0.08 to 0.12
44.6162 	WARNING 	0.39007049999781884: Video catchup needed, advancing self._nextFrameT from 0.12 to 0.16
44.6162 	WARNING 	0.39008289999037515: Video catchup needed, advancing self._nextFrameT from 0.16 to 0.2
44.6163 	WARNING 	0.3900920000014594: Video catchup needed, advancing self._nextFrameT from 0.2 to 0.24000000000000002
44.6163 	WARNING 	0.3901017000025604: Video catchup needed, advancing self._nextFrameT from 0.24000000000000002 to 0.28
44.6163 	WARNING 	0.3901114000036614: Video catchup needed, advancing self._nextFrameT from 0.28 to 0.32
44.8326 	EXP 	Sound  started
44.8327 	EXP 	Sound  started
44.8660 	EXP 	Sound  stopped
44.8715 	EXP 	Imported imgs/iceberg_times.xlsx as conditions, 2 conditions, 3 params
44.8719 	EXP 	Created sequence: random, trialTypes=2, nReps=1, seed=None
44.8720 	EXP 	New trial (rep=0, index=0): {'timepresentation': 8, 'posx': 0.7, 'posy': 0.1}
44.8787 	EXP 	Created unnamed MovieStim3 = MovieStim3(__class__=<class 'psychopy.visual.movie3.MovieStim3'>, anchor=('center', 'center'), autoLog=True, color=UNKNOWN, colorSpace=UNKNOWN, depth=0.0, filename='imgs/song_titanic.mp4', flipHoriz=False, flipVert=False, fps=UNKNOWN, interpolate=True, loop=False, name='unnamed MovieStim3', noAudio=False, opacity=1, ori=method-wrapper(...), pos=array([0., 0.]), size=None, units='pix', vframe_callback=UNKNOWN, volume=UNKNOWN, win=Window(...))
45.6883 	WARNING 	0.8095040000043809: Video catchup needed, advancing self._nextFrameT from 0.0 to 0.041666666666666664
45.6883 	WARNING 	0.8095523999945726: Video catchup needed, advancing self._nextFrameT from 0.041666666666666664 to 0.08333333333333333
45.6883 	WARNING 	0.8095669000031194: Video catchup needed, advancing self._nextFrameT from 0.08333333333333333 to 0.125
45.6883 	WARNING 	0.809578500004136: Video catchup needed, advancing self._nextFrameT from 0.125 to 0.16666666666666666
45.6883 	WARNING 	0.8095895000005839: Video catchup needed, advancing self._nextFrameT from 0.16666666666666666 to 0.20833333333333331
45.6884 	WARNING 	0.8096000999939861: Video catchup needed, advancing self._nextFrameT from 0.20833333333333331 to 0.24999999999999997
45.6884 	WARNING 	0.8096100999973714: Video catchup needed, advancing self._nextFrameT from 0.24999999999999997 to 0.29166666666666663
45.6884 	WARNING 	0.8096198999992339: Video catchup needed, advancing self._nextFrameT from 0.29166666666666663 to 0.3333333333333333
45.6884 	WARNING 	0.809629399998812: Video catchup needed, advancing self._nextFrameT from 0.3333333333333333 to 0.375
45.6884 	WARNING 	0.8096387999976287: Video catchup needed, advancing self._nextFrameT from 0.375 to 0.4166666666666667
45.6884 	WARNING 	Max reportNDroppedFrames reached, will not log any more dropped frames
46.4573 	EXP 	Sound  started
46.4573 	EXP 	Sound  started
46.4578 	EXP 	Created unnamed MovieStim3 = MovieStim3(__class__=<class 'psychopy.visual.movie3.MovieStim3'>, anchor=('center', 'center'), autoLog=True, color=UNKNOWN, colorSpace=UNKNOWN, depth=0.0, filename='imgs/video_mar.mp4', flipHoriz=False, flipVert=False, fps=UNKNOWN, interpolate=True, loop=True, name='unnamed MovieStim3', noAudio=False, opacity=1, ori=method-wrapper(...), pos=array([0., 0.]), size=None, units='pix', vframe_callback=UNKNOWN, volume=UNKNOWN, win=Window(...))
46.8890 	WARNING 	0.43112249999830965: Video catchup needed, advancing self._nextFrameT from 0.0 to 0.04
46.8890 	WARNING 	0.43116180000652093: Video catchup needed, advancing self._nextFrameT from 0.04 to 0.08
46.8890 	WARNING 	0.431175700010499: Video catchup needed, advancing self._nextFrameT from 0.08 to 0.12
46.8890 	WARNING 	0.4311873000115156: Video catchup needed, advancing self._nextFrameT from 0.12 to 0.16
46.8890 	WARNING 	0.4311986000102479: Video catchup needed, advancing self._nextFrameT from 0.16 to 0.2
46.8890 	WARNING 	0.4312093000044115: Video catchup needed, advancing self._nextFrameT from 0.2 to 0.24000000000000002
46.8890 	WARNING 	0.4312203000008594: Video catchup needed, advancing self._nextFrameT from 0.24000000000000002 to 0.28
46.8891 	WARNING 	0.4312318000011146: Video catchup needed, advancing self._nextFrameT from 0.28 to 0.32
46.8891 	WARNING 	0.4312423000083072: Video catchup needed, advancing self._nextFrameT from 0.32 to 0.36
47.1803 	EXP 	Sound  started
47.1804 	EXP 	Sound  started
47.1810 	EXP 	New trial (rep=0, index=1): {'timepresentation': 14, 'posx': 0.9, 'posy': 0.1}
47.1900 	EXP 	Created unnamed MovieStim3 = MovieStim3(__class__=<class 'psychopy.visual.movie3.MovieStim3'>, anchor=('center', 'center'), autoLog=True, color=UNKNOWN, colorSpace=UNKNOWN, depth=0.0, filename='imgs/song_titanic.mp4', flipHoriz=False, flipVert=False, fps=UNKNOWN, interpolate=True, loop=False, name='unnamed MovieStim3', noAudio=False, opacity=1, ori=method-wrapper(...), pos=array([0., 0.]), size=None, units='pix', vframe_callback=UNKNOWN, volume=UNKNOWN, win=Window(...))
48.3571 	WARNING 	1.1670481999899494: Video catchup needed, advancing self._nextFrameT from 0.0 to 0.041666666666666664
48.3571 	WARNING 	1.1670894999988377: Video catchup needed, advancing self._nextFrameT from 0.041666666666666664 to 0.08333333333333333
48.3571 	WARNING 	1.167106299995794: Video catchup needed, advancing self._nextFrameT from 0.08333333333333333 to 0.125
48.3571 	WARNING 	1.1671226999897044: Video catchup needed, advancing self._nextFrameT from 0.125 to 0.16666666666666666
48.3571 	WARNING 	1.1671359999891138: Video catchup needed, advancing self._nextFrameT from 0.16666666666666666 to 0.20833333333333331
48.3572 	WARNING 	1.1671490999870002: Video catchup needed, advancing self._nextFrameT from 0.20833333333333331 to 0.24999999999999997
48.3572 	WARNING 	1.1671620999986771: Video catchup needed, advancing self._nextFrameT from 0.24999999999999997 to 0.29166666666666663
48.3572 	WARNING 	1.1671769999957178: Video catchup needed, advancing self._nextFrameT from 0.29166666666666663 to 0.3333333333333333
48.3572 	WARNING 	1.1671894999890355: Video catchup needed, advancing self._nextFrameT from 0.3333333333333333 to 0.375
48.3572 	WARNING 	1.1672072999936063: Video catchup needed, advancing self._nextFrameT from 0.375 to 0.4166666666666667
48.3572 	WARNING 	Max reportNDroppedFrames reached, will not log any more dropped frames
49.2333 	EXP 	Sound  started
49.2338 	EXP 	Created unnamed MovieStim3 = MovieStim3(__class__=<class 'psychopy.visual.movie3.MovieStim3'>, anchor=('center', 'center'), autoLog=True, color=UNKNOWN, colorSpace=UNKNOWN, depth=0.0, filename='imgs/video_mar.mp4', flipHoriz=False, flipVert=False, fps=UNKNOWN, interpolate=True, loop=True, name='unnamed MovieStim3', noAudio=False, opacity=1, ori=method-wrapper(...), pos=array([0., 0.]), size=None, units='pix', vframe_callback=UNKNOWN, volume=UNKNOWN, win=Window(...))
49.7361 	WARNING 	0.5023099999962142: Video catchup needed, advancing self._nextFrameT from 0.0 to 0.04
49.7362 	WARNING 	0.5023500999959651: Video catchup needed, advancing self._nextFrameT from 0.04 to 0.08
49.7362 	WARNING 	0.5023662000021432: Video catchup needed, advancing self._nextFrameT from 0.08 to 0.12
49.7362 	WARNING 	0.5023798999900464: Video catchup needed, advancing self._nextFrameT from 0.12 to 0.16
49.7362 	WARNING 	0.5023930999886943: Video catchup needed, advancing self._nextFrameT from 0.16 to 0.2
49.7362 	WARNING 	0.5024059999996098: Video catchup needed, advancing self._nextFrameT from 0.2 to 0.24000000000000002
49.7362 	WARNING 	0.502418599993689: Video catchup needed, advancing self._nextFrameT from 0.24000000000000002 to 0.28
49.7363 	WARNING 	0.5024312000023201: Video catchup needed, advancing self._nextFrameT from 0.28 to 0.32
49.7363 	WARNING 	0.5024432999925921: Video catchup needed, advancing self._nextFrameT from 0.32 to 0.36
49.7363 	WARNING 	0.5024556999997003: Video catchup needed, advancing self._nextFrameT from 0.36 to 0.39999999999999997
49.7363 	WARNING 	Max reportNDroppedFrames reached, will not log any more dropped frames
50.0649 	EXP 	Sound  started
50.0650 	EXP 	Sound  started
50.0869 	EXP 	Sound  stopped
50.1007 	EXP 	Imported imgs/iceberg_times.xlsx as conditions, 2 conditions, 3 params
50.1012 	EXP 	Created sequence: random, trialTypes=2, nReps=1, seed=None
50.1014 	EXP 	New trial (rep=0, index=0): {'timepresentation': 14, 'posx': 0.9, 'posy': 0.1}
50.1017 	EXP 	Created unnamed MovieStim3 = MovieStim3(__class__=<class 'psychopy.visual.movie3.MovieStim3'>, anchor=('center', 'center'), autoLog=True, color=UNKNOWN, colorSpace=UNKNOWN, depth=0.0, filename='imgs/titanic_spanish.mp4', flipHoriz=False, flipVert=False, fps=UNKNOWN, interpolate=True, loop=False, name='unnamed MovieStim3', noAudio=False, opacity=1, ori=method-wrapper(...), pos=array([0., 0.]), size=None, units='pix', vframe_callback=UNKNOWN, volume=UNKNOWN, win=Window(...))
51.9435 	WARNING 	1.8416713000042364: Video catchup needed, advancing self._nextFrameT from 0.0 to 0.04
51.9435 	WARNING 	1.8417175999929896: Video catchup needed, advancing self._nextFrameT from 0.04 to 0.08
51.9435 	WARNING 	1.8417336999991676: Video catchup needed, advancing self._nextFrameT from 0.08 to 0.12
51.9435 	WARNING 	1.8417476000031456: Video catchup needed, advancing self._nextFrameT from 0.12 to 0.16
51.9436 	WARNING 	1.841760900002555: Video catchup needed, advancing self._nextFrameT from 0.16 to 0.2
51.9436 	WARNING 	1.8417733999958728: Video catchup needed, advancing self._nextFrameT from 0.2 to 0.24000000000000002
51.9436 	WARNING 	1.841786699995282: Video catchup needed, advancing self._nextFrameT from 0.24000000000000002 to 0.28
51.9436 	WARNING 	1.8417995000054361: Video catchup needed, advancing self._nextFrameT from 0.28 to 0.32
51.9436 	WARNING 	1.841811599995708: Video catchup needed, advancing self._nextFrameT from 0.32 to 0.36
51.9436 	WARNING 	1.8418248999951174: Video catchup needed, advancing self._nextFrameT from 0.36 to 0.39999999999999997
51.9436 	WARNING 	Max reportNDroppedFrames reached, will not log any more dropped frames
53.6984 	EXP 	Sound  started
53.6985 	EXP 	Sound  started
53.6992 	EXP 	Created unnamed MovieStim3 = MovieStim3(__class__=<class 'psychopy.visual.movie3.MovieStim3'>, anchor=('center', 'center'), autoLog=True, color=UNKNOWN, colorSpace=UNKNOWN, depth=0.0, filename='imgs/video_mar.mp4', flipHoriz=False, flipVert=False, fps=UNKNOWN, interpolate=True, loop=True, name='unnamed MovieStim3', noAudio=False, opacity=1, ori=method-wrapper(...), pos=array([0., 0.]), size=None, units='pix', vframe_callback=UNKNOWN, volume=UNKNOWN, win=Window(...))
54.2429 	WARNING 	0.5437237000005553: Video catchup needed, advancing self._nextFrameT from 0.0 to 0.04
54.2430 	WARNING 	0.5437679000024218: Video catchup needed, advancing self._nextFrameT from 0.04 to 0.08
54.2430 	WARNING 	0.5437834999902407: Video catchup needed, advancing self._nextFrameT from 0.08 to 0.12
54.2430 	WARNING 	0.5438146999949822: Video catchup needed, advancing self._nextFrameT from 0.12 to 0.16
54.2430 	WARNING 	0.5438368000031915: Video catchup needed, advancing self._nextFrameT from 0.16 to 0.2
54.2431 	WARNING 	0.5438582999922801: Video catchup needed, advancing self._nextFrameT from 0.2 to 0.24000000000000002
54.2431 	WARNING 	0.543880099998205: Video catchup needed, advancing self._nextFrameT from 0.24000000000000002 to 0.28
54.2431 	WARNING 	0.5438962999905925: Video catchup needed, advancing self._nextFrameT from 0.28 to 0.32
54.2431 	WARNING 	0.5439098999922862: Video catchup needed, advancing self._nextFrameT from 0.32 to 0.36
54.2431 	WARNING 	0.5439228000032017: Video catchup needed, advancing self._nextFrameT from 0.36 to 0.39999999999999997
54.2431 	WARNING 	Max reportNDroppedFrames reached, will not log any more dropped frames
54.5673 	EXP 	Sound  started
54.5674 	EXP 	Sound  started
54.5768 	WARNING 	0.8382702999952016: Video catchup needed, advancing self._nextFrameT from 0 to 0.04
54.5769 	WARNING 	0.8383313999947859: Video catchup needed, advancing self._nextFrameT from 0.04 to 0.08
54.5769 	WARNING 	0.8383580999943661: Video catchup needed, advancing self._nextFrameT from 0.08 to 0.12
54.5769 	WARNING 	0.8383822000032524: Video catchup needed, advancing self._nextFrameT from 0.12 to 0.16
54.5769 	WARNING 	0.8384054000052856: Video catchup needed, advancing self._nextFrameT from 0.16 to 0.2
54.5770 	WARNING 	0.8384287000080803: Video catchup needed, advancing self._nextFrameT from 0.2 to 0.24000000000000002
54.5770 	WARNING 	0.8384528000024147: Video catchup needed, advancing self._nextFrameT from 0.24000000000000002 to 0.28
54.5770 	WARNING 	0.8384763000067323: Video catchup needed, advancing self._nextFrameT from 0.28 to 0.32
54.5770 	WARNING 	0.8385024000017438: Video catchup needed, advancing self._nextFrameT from 0.32 to 0.36
54.5770 	WARNING 	0.8385249999992084: Video catchup needed, advancing self._nextFrameT from 0.36 to 0.39999999999999997
54.5771 	WARNING 	Max reportNDroppedFrames reached, will not log any more dropped frames
54.6892 	WARNING 	0.0817047000018647: Video catchup needed, advancing self._nextFrameT from 0 to 0.04
54.8951 	EXP 	text_7: autoDraw = False
54.8951 	EXP 	text_7: autoDraw = False
54.8951 	EXP 	image: image = 'imgs/iceberg.png'
54.8951 	EXP 	unnamed MovieStim3: autoLog = True
54.8951 	EXP 	unnamed MovieStim3: movie = 'imgs/video_mar.mp4'
54.8951 	EXP 	unnamed MovieStim3: ori = 0.0
54.8951 	EXP 	Set unnamed MovieStim3 playing
54.8951 	EXP 	image: autoDraw = False
54.8951 	EXP 	image: image = 'imgs/iceberg.png'
54.8951 	EXP 	unnamed MovieStim3: autoLog = True
54.8951 	EXP 	unnamed MovieStim3: movie = 'imgs/video_mar.mp4'
54.8951 	EXP 	unnamed MovieStim3: ori = 0.0
54.8951 	EXP 	Set unnamed MovieStim3 playing
54.8951 	EXP 	image: autoDraw = False
54.8951 	EXP 	image_2: image = 'imgs/iceberg.png'
54.8951 	EXP 	unnamed MovieStim3: autoLog = True
54.8951 	EXP 	unnamed MovieStim3: movie = 'imgs/song_titanic.mp4'
54.8951 	EXP 	unnamed MovieStim3: ori = 0.0
54.8951 	EXP 	Set unnamed MovieStim3 playing
54.8951 	EXP 	unnamed MovieStim3: autoLog = True
54.8951 	EXP 	unnamed MovieStim3: movie = 'imgs/video_mar.mp4'
54.8951 	EXP 	unnamed MovieStim3: ori = 0.0
54.8951 	EXP 	Set unnamed MovieStim3 playing
54.8951 	EXP 	image_2: autoDraw = False
54.8951 	EXP 	image_2: image = 'imgs/iceberg.png'
54.8951 	EXP 	unnamed MovieStim3: autoLog = True
54.8951 	EXP 	unnamed MovieStim3: movie = 'imgs/song_titanic.mp4'
54.8951 	EXP 	unnamed MovieStim3: ori = 0.0
54.8951 	EXP 	unnamed MovieStim3: autoLog = True
54.8951 	EXP 	unnamed MovieStim3: movie = 'imgs/video_mar.mp4'
54.8951 	EXP 	unnamed MovieStim3: ori = 0.0
54.8951 	EXP 	Set unnamed MovieStim3 playing
54.8951 	EXP 	image_2: autoDraw = False
54.8951 	EXP 	Set unnamed MovieStim3 stopped
54.8951 	EXP 	unnamed MovieStim3: autoLog = True
54.8951 	EXP 	unnamed MovieStim3: movie = 'imgs/titanic_spanish.mp4'
54.8951 	EXP 	unnamed MovieStim3: ori = 0.0
54.8951 	EXP 	Set unnamed MovieStim3 playing
54.8951 	EXP 	unnamed MovieStim3: autoLog = True
54.8951 	EXP 	unnamed MovieStim3: movie = 'imgs/video_mar.mp4'
54.8951 	EXP 	unnamed MovieStim3: ori = 0.0
54.8951 	EXP 	Set unnamed MovieStim3 playing
54.8951 	EXP 	image_3: image = 'imgs/iceberg.png'
54.9154 	WARNING 	0.3079213000019081: Video catchup needed, advancing self._nextFrameT from 0.08 to 0.12
54.9155 	WARNING 	0.3079887000058079: Video catchup needed, advancing self._nextFrameT from 0.12 to 0.16
54.9155 	WARNING 	0.30801930000598077: Video catchup needed, advancing self._nextFrameT from 0.16 to 0.2
54.9155 	WARNING 	0.30804560000251513: Video catchup needed, advancing self._nextFrameT from 0.2 to 0.24000000000000002
55.0939 	WARNING 	0.4864212999964366: Video catchup needed, advancing self._nextFrameT from 0.28 to 0.32
55.0940 	WARNING 	0.486480899999151: Video catchup needed, advancing self._nextFrameT from 0.32 to 0.36
55.0940 	WARNING 	0.4865092999971239: Video catchup needed, advancing self._nextFrameT from 0.36 to 0.39999999999999997
55.0940 	WARNING 	0.48653700000431854: Video catchup needed, advancing self._nextFrameT from 0.39999999999999997 to 0.43999999999999995
55.1717 	WARNING 	0.5641783000028227: Video catchup needed, advancing self._nextFrameT from 0.4799999999999999 to 0.5199999999999999
55.1717 	WARNING 	Max reportNDroppedFrames reached, will not log any more dropped frames
64.0907 	EXP 	image_3: autoDraw = True
64.5759 	EXP 	New trial (rep=0, index=1): {'timepresentation': 8, 'posx': 0.7, 'posy': 0.1}
64.5762 	EXP 	Created unnamed MovieStim3 = MovieStim3(__class__=<class 'psychopy.visual.movie3.MovieStim3'>, anchor=('center', 'center'), autoLog=True, color=UNKNOWN, colorSpace=UNKNOWN, depth=0.0, filename='imgs/titanic_spanish.mp4', flipHoriz=False, flipVert=False, fps=UNKNOWN, interpolate=True, loop=False, name='unnamed MovieStim3', noAudio=False, opacity=1, ori=method-wrapper(...), pos=array([0., 0.]), size=None, units='pix', vframe_callback=UNKNOWN, volume=UNKNOWN, win=Window(...))
66.3685 	WARNING 	1.7922616999858292: Video catchup needed, advancing self._nextFrameT from 0.0 to 0.04
66.3686 	WARNING 	1.792322699999204: Video catchup needed, advancing self._nextFrameT from 0.04 to 0.08
66.3686 	WARNING 	1.7923511999979382: Video catchup needed, advancing self._nextFrameT from 0.08 to 0.12
66.3686 	WARNING 	1.792375599994557: Video catchup needed, advancing self._nextFrameT from 0.12 to 0.16
66.3687 	WARNING 	1.7924034999887226: Video catchup needed, advancing self._nextFrameT from 0.16 to 0.2
66.3687 	WARNING 	1.7924263999884715: Video catchup needed, advancing self._nextFrameT from 0.2 to 0.24000000000000002
66.3687 	WARNING 	1.792449199987459: Video catchup needed, advancing self._nextFrameT from 0.24000000000000002 to 0.28
66.3687 	WARNING 	1.7924713999964297: Video catchup needed, advancing self._nextFrameT from 0.28 to 0.32
66.3688 	WARNING 	1.7925360999943223: Video catchup needed, advancing self._nextFrameT from 0.32 to 0.36
66.3688 	WARNING 	1.792565999989165: Video catchup needed, advancing self._nextFrameT from 0.36 to 0.39999999999999997
66.3688 	WARNING 	Max reportNDroppedFrames reached, will not log any more dropped frames
68.0690 	EXP 	Sound  started
68.0696 	EXP 	Created unnamed MovieStim3 = MovieStim3(__class__=<class 'psychopy.visual.movie3.MovieStim3'>, anchor=('center', 'center'), autoLog=True, color=UNKNOWN, colorSpace=UNKNOWN, depth=0.0, filename='imgs/video_mar.mp4', flipHoriz=False, flipVert=False, fps=UNKNOWN, interpolate=True, loop=True, name='unnamed MovieStim3', noAudio=False, opacity=1, ori=method-wrapper(...), pos=array([0., 0.]), size=None, units='pix', vframe_callback=UNKNOWN, volume=UNKNOWN, win=Window(...))
68.5887 	WARNING 	0.5190569999977015: Video catchup needed, advancing self._nextFrameT from 0.0 to 0.04
68.5888 	WARNING 	0.5190967999951681: Video catchup needed, advancing self._nextFrameT from 0.04 to 0.08
68.5888 	WARNING 	0.519112199996016: Video catchup needed, advancing self._nextFrameT from 0.08 to 0.12
68.5888 	WARNING 	0.5191253999946639: Video catchup needed, advancing self._nextFrameT from 0.12 to 0.16
68.5888 	WARNING 	0.5191381000040565: Video catchup needed, advancing self._nextFrameT from 0.16 to 0.2
68.5888 	WARNING 	0.5191597000084585: Video catchup needed, advancing self._nextFrameT from 0.2 to 0.24000000000000002
68.5888 	WARNING 	0.5191749000077834: Video catchup needed, advancing self._nextFrameT from 0.24000000000000002 to 0.28
68.5889 	WARNING 	0.5191877000033855: Video catchup needed, advancing self._nextFrameT from 0.28 to 0.32
68.5889 	WARNING 	0.5191998000082094: Video catchup needed, advancing self._nextFrameT from 0.32 to 0.36
68.5889 	WARNING 	0.5192118999984814: Video catchup needed, advancing self._nextFrameT from 0.36 to 0.39999999999999997
68.5889 	WARNING 	Max reportNDroppedFrames reached, will not log any more dropped frames
68.8845 	EXP 	Sound  started
68.8846 	EXP 	Sound  started
68.8929 	EXP 	Sound  started
68.8944 	DATA 	Keypress: space
68.9043 	EXP 	image_3: autoDraw = False
68.9043 	EXP 	unnamed MovieStim3: autoLog = True
68.9043 	EXP 	unnamed MovieStim3: movie = 'imgs/titanic_spanish.mp4'
68.9043 	EXP 	unnamed MovieStim3: ori = 0.0
68.9043 	EXP 	unnamed MovieStim3: autoLog = True
68.9043 	EXP 	unnamed MovieStim3: movie = 'imgs/video_mar.mp4'
68.9043 	EXP 	unnamed MovieStim3: ori = 0.0
68.9043 	EXP 	Set unnamed MovieStim3 playing
68.9043 	EXP 	image_3: image = 'imgs/iceberg.png'
68.9043 	EXP 	Set unnamed MovieStim3 playing
69.1127 	WARNING 	0.1796947000111686: Video catchup needed, advancing self._nextFrameT from 0 to 0.04
69.1127 	WARNING 	0.1797841000079643: Video catchup needed, advancing self._nextFrameT from 0.04 to 0.08
69.1127 	WARNING 	0.179810700006783: Video catchup needed, advancing self._nextFrameT from 0.08 to 0.12
69.2217 	WARNING 	0.29703370000061113: Video catchup needed, advancing self._nextFrameT from 0.04 to 0.08
69.2217 	WARNING 	0.29707470000721514: Video catchup needed, advancing self._nextFrameT from 0.08 to 0.12
69.2217 	WARNING 	0.29709100000036415: Video catchup needed, advancing self._nextFrameT from 0.12 to 0.16
69.2217 	WARNING 	0.2971047000028193: Video catchup needed, advancing self._nextFrameT from 0.16 to 0.2
69.2217 	WARNING 	0.29713510000146925: Video catchup needed, advancing self._nextFrameT from 0.2 to 0.24000000000000002
69.3049 	WARNING 	0.37196050000784453: Video catchup needed, advancing self._nextFrameT from 0.16 to 0.2
69.3049 	WARNING 	0.372017900008359: Video catchup needed, advancing self._nextFrameT from 0.2 to 0.24000000000000002
69.3050 	WARNING 	0.3720350000075996: Video catchup needed, advancing self._nextFrameT from 0.24000000000000002 to 0.28
69.3050 	WARNING 	0.3720497000031173: Video catchup needed, advancing self._nextFrameT from 0.28 to 0.32
69.3132 	WARNING 	0.3886252000083914: Video catchup needed, advancing self._nextFrameT from 0.28 to 0.32
72.5852 	EXP 	image_3: autoDraw = True
73.0366 	EXP 	Sound  stopped
73.0515 	EXP 	Sound  stopped
73.0757 	EXP 	Sound  stopped
73.0868 	EXP 	Sound  stopped
73.0979 	EXP 	Sound  stopped
73.1165 	EXP 	Sound  stopped
73.1451 	EXP 	Sound  stopped
73.1507 	EXP 	Imported imgs/iceberg_times.xlsx as conditions, 2 conditions, 3 params
73.1513 	EXP 	Created sequence: random, trialTypes=2, nReps=1, seed=None
73.1514 	EXP 	New trial (rep=0, index=0): {'timepresentation': 14, 'posx': -0.8, 'posy': 0.15}
73.3584 	EXP 	window1: mouseVisible = True
