6.6225 	WARNING 	User requested fullscreen with size [1536  864], but screen is actually [1920, 1080]. Using actual size
7.2764 	EXP 	Created window1 = Window(allowGUI=True, allowStencil=False, autoLog=True, backendConf=UNKNOWN, backgroundFit=<method-wrapper '__getattribute__' of attributeSetter object at 0x000001DFBE593E50>, backgroundImage=<method-wrapper '__getattribute__' of attributeSetter object at 0x000001DFBE593DF0>, bitsMode=UNKNOWN, blendMode='avg', bpc=(8, 8, 8), color=array([0, 0, 0]), colorSpace='rgb', depthBits=8, fullscr=<method-wrapper '__getattribute__' of attributeSetter object at 0x000001DFBE593C10>, gamma=None, gammaErrorPolicy='raise', lms=UNKNOWN, monitor=<psychopy.monitors.calibTools.Monitor object at 0x000001DFBEA623A0>, multiSample=False, name='window1', numSamples=2, pos=(0, 0), screen=0, size=array([1920, 1080]), stencilBits=0, stereo=False, title='PsychoPy', units='height', useFBO=True, useRetina=False, viewOri=0.0, viewPos=None, viewScale=None, waitBlanking=True, winType='pyglet')
7.2766 	EXP 	window1: mouseVisible = True
7.2766 	EXP 	window1: backgroundImage = ''
7.2766 	EXP 	window1: backgroundFit = 'none'
7.2792 	EXP 	window1: Attempting to measure frame rate of screen (0) ...
7.2792 	EXP 	window1: recordFrameIntervals = False
7.4418 	EXP 	window1: recordFrameIntervals = True
7.6256 	EXP 	Screen (0) actual frame rate measured at 60.05Hz
7.6256 	EXP 	window1: recordFrameIntervals = False
7.6258 	EXP 	window1: mouseVisible = False
9.2957 	EXP 	tarea_iceberg: status = STARTED
9.2960 	EXP 	window1: mouseVisible = True
9.2966 	WARNING 	Requested image 'imgs/logo_OB.jpeg' not found but similar filename 'imgs/logo_OB.png' exists. This will be used instead but changing the filename is advised.
9.3009 	WARNING 	Requested image 'imgs/logo_OB.jpeg' not found but similar filename 'imgs/logo_OB.png' exists. This will be used instead but changing the filename is advised.
9.3047 	WARNING 	Requested image 'imgs/logo_OB.jpeg' not found but similar filename 'imgs/logo_OB.png' exists. This will be used instead but changing the filename is advised.
9.3080 	WARNING 	Requested image 'imgs/logo_OB.jpeg' not found but similar filename 'imgs/logo_OB.png' exists. This will be used instead but changing the filename is advised.
9.3120 	EXP 	Created image_5 = ImageStim(__class__=<class 'psychopy.visual.image.ImageStim'>, anchor=('center', 'center'), autoLog=True, color=array([1., 1., 1.]), colorSpace='rgb', contrast=1.0, depth=0.0, draggable=False, flipHoriz=False, flipVert=False, image='imgs/logo_OB.jpeg', interpolate=True, mask=None, maskParams=None, name='image_5', opacity=1.0, ori=0.0, pos=array([0., 0.]), size=array([0.6, 0.7]), texRes=128.0, units='height', win=Window(...))
9.3122 	EXP 	window1: mouseVisible = True
9.3635 	EXP 	Created text_6 = TextStim(__class__=<class 'psychopy.visual.text.TextStim'>, alignHoriz=method-wrapper(...), alignText='center', alignVert=method-wrapper(...), anchorHoriz='center', anchorVert='center', antialias=True, autoDraw=False, autoLog=True, bold=False, color=array([1., 1., 1.]), colorSpace='rgb', contrast=1.0, depth=-1.0, draggable=False, flipHoriz=False, flipVert=False, font='Open Sans', fontFiles=[], height=0.04, italic=False, languageStyle='LTR', name='text_6', opacity=1.0, ori=0.0, pos=array([ 0.  , -0.35]), rgb=UNKNOWN, text='¡Bienvenido a un experimento de Open Brains!', units='height', win=Window(...), wrapWidth=1)
9.3636 	EXP 	window1: mouseVisible = True
9.3816 	EXP 	Created text_5 = TextStim(__class__=<class 'psychopy.visual.text.TextStim'>, alignHoriz=method-wrapper(...), alignText='center', alignVert=method-wrapper(...), anchorHoriz='center', anchorVert='center', antialias=True, autoDraw=False, autoLog=True, bold=False, color=array([1., 1., 1.]), colorSpace='rgb', contrast=1.0, depth=0.0, draggable=False, flipHoriz=False, flipVert=False, font='Open Sans', fontFiles=[], height=0.035, italic=False, languageStyle='LTR', name='text_5', opacity=1.0, ori=0.0, pos=array([0., 0.]), rgb=UNKNOWN, text=str(...), units='height', win=Window(...), wrapWidth=1)
9.3818 	EXP 	window1: mouseVisible = True
9.3829 	EXP 	Created text_7 = TextStim(__class__=<class 'psychopy.visual.text.TextStim'>, alignHoriz=method-wrapper(...), alignText='center', alignVert=method-wrapper(...), anchorHoriz='center', anchorVert='center', antialias=True, autoDraw=False, autoLog=True, bold=False, color=array([1., 1., 1.]), colorSpace='rgb', contrast=1.0, depth=0.0, draggable=False, flipHoriz=False, flipVert=False, font='Open Sans', fontFiles=[], height=0.05, italic=False, languageStyle='LTR', name='text_7', opacity=1.0, ori=0.0, pos=array([0., 0.]), rgb=UNKNOWN, text='', units='height', win=Window(...), wrapWidth=1)
9.3830 	EXP 	window1: mouseVisible = True
9.3906 	EXP 	Created image = ImageStim(__class__=<class 'psychopy.visual.image.ImageStim'>, anchor=('center', 'center'), autoLog=True, color=array([1., 1., 1.]), colorSpace='rgb', contrast=1.0, depth=-1.0, draggable=False, flipHoriz=False, flipVert=False, image='default.png', interpolate=True, mask=None, maskParams=None, name='image', opacity=1.0, ori=0.0, pos=array([0., 0.]), size=array([0.35, 0.35]), texRes=128.0, units='height', win=Window(...))
9.4968 	EXP 	Created unnamed MovieStim3 = MovieStim3(__class__=<class 'psychopy.visual.movie3.MovieStim3'>, anchor=('center', 'center'), autoLog=True, color=UNKNOWN, colorSpace=UNKNOWN, depth=0.0, filename='imgs/video_mar.mp4', flipHoriz=False, flipVert=False, fps=UNKNOWN, interpolate=True, loop=True, name='unnamed MovieStim3', noAudio=False, opacity=1, ori=method-wrapper(...), pos=array([0., 0.]), size=None, units='pix', vframe_callback=UNKNOWN, volume=UNKNOWN, win=Window(...))
10.5193 	WARNING 	1.0224325000017416: Video catchup needed, advancing self._nextFrameT from 0.0 to 0.04
10.5193 	WARNING 	1.0224649000010686: Video catchup needed, advancing self._nextFrameT from 0.04 to 0.08
10.5193 	WARNING 	1.0224760999990394: Video catchup needed, advancing self._nextFrameT from 0.08 to 0.12
10.5193 	WARNING 	1.0224852999963332: Video catchup needed, advancing self._nextFrameT from 0.12 to 0.16
10.5193 	WARNING 	1.0224943999928655: Video catchup needed, advancing self._nextFrameT from 0.16 to 0.2
10.5193 	WARNING 	1.0225058999931207: Video catchup needed, advancing self._nextFrameT from 0.2 to 0.24000000000000002
10.5193 	WARNING 	1.0225218999985373: Video catchup needed, advancing self._nextFrameT from 0.24000000000000002 to 0.28
10.5193 	WARNING 	1.0225304999912623: Video catchup needed, advancing self._nextFrameT from 0.28 to 0.32
10.5194 	WARNING 	1.0225383999932092: Video catchup needed, advancing self._nextFrameT from 0.32 to 0.36
10.5194 	WARNING 	1.0225463999959175: Video catchup needed, advancing self._nextFrameT from 0.36 to 0.39999999999999997
10.5194 	WARNING 	Max reportNDroppedFrames reached, will not log any more dropped frames
10.7162 	EXP 	window1: mouseVisible = True
10.7247 	EXP 	Created image_2 = ImageStim(__class__=<class 'psychopy.visual.image.ImageStim'>, anchor=('center', 'center'), autoLog=True, color=array([1., 1., 1.]), colorSpace='rgb', contrast=1.0, depth=-1.0, draggable=False, flipHoriz=False, flipVert=False, image='default.png', interpolate=True, mask=None, maskParams=None, name='image_2', opacity=1.0, ori=0.0, pos=array([0., 0.]), size=array([0.35, 0.35]), texRes=128.0, units='height', win=Window(...))
10.7249 	EXP 	Created unnamed MovieStim3 = MovieStim3(__class__=<class 'psychopy.visual.movie3.MovieStim3'>, anchor=('center', 'center'), autoLog=True, color=UNKNOWN, colorSpace=UNKNOWN, depth=0.0, filename='imgs/song_titanic.mp4', flipHoriz=False, flipVert=False, fps=UNKNOWN, interpolate=True, loop=False, name='unnamed MovieStim3', noAudio=False, opacity=1, ori=method-wrapper(...), pos=array([0., 0.]), size=None, units='pix', vframe_callback=UNKNOWN, volume=UNKNOWN, win=Window(...))
11.4574 	WARNING 	0.7324306000082288: Video catchup needed, advancing self._nextFrameT from 0.0 to 0.041666666666666664
11.4574 	WARNING 	0.7324631000083173: Video catchup needed, advancing self._nextFrameT from 0.041666666666666664 to 0.08333333333333333
11.4574 	WARNING 	0.7324741000047652: Video catchup needed, advancing self._nextFrameT from 0.08333333333333333 to 0.125
11.4574 	WARNING 	0.7324843000096735: Video catchup needed, advancing self._nextFrameT from 0.125 to 0.16666666666666666
11.4574 	WARNING 	0.732493900010013: Video catchup needed, advancing self._nextFrameT from 0.16666666666666666 to 0.20833333333333331
11.4575 	WARNING 	0.7325033000088297: Video catchup needed, advancing self._nextFrameT from 0.20833333333333331 to 0.24999999999999997
11.4575 	WARNING 	0.7325125000061234: Video catchup needed, advancing self._nextFrameT from 0.24999999999999997 to 0.29166666666666663
11.4575 	WARNING 	0.73252119999961: Video catchup needed, advancing self._nextFrameT from 0.29166666666666663 to 0.3333333333333333
11.4575 	WARNING 	0.7325303000106942: Video catchup needed, advancing self._nextFrameT from 0.3333333333333333 to 0.375
11.4575 	WARNING 	0.7325390000041807: Video catchup needed, advancing self._nextFrameT from 0.375 to 0.4166666666666667
11.4575 	WARNING 	Max reportNDroppedFrames reached, will not log any more dropped frames
11.4694 	EXP 	Created unnamed MovieStim3 = MovieStim3(__class__=<class 'psychopy.visual.movie3.MovieStim3'>, anchor=('center', 'center'), autoLog=True, color=UNKNOWN, colorSpace=UNKNOWN, depth=0.0, filename='imgs/titanic_spanish.mp4', flipHoriz=False, flipVert=False, fps=UNKNOWN, interpolate=True, loop=False, name='unnamed MovieStim3', noAudio=False, opacity=1, ori=method-wrapper(...), pos=array([0., 0.]), size=None, units='pix', vframe_callback=UNKNOWN, volume=UNKNOWN, win=Window(...))
12.6314 	WARNING 	1.1619754999992438: Video catchup needed, advancing self._nextFrameT from 0.0 to 0.04
12.6314 	WARNING 	1.1620066999894334: Video catchup needed, advancing self._nextFrameT from 0.04 to 0.08
12.6314 	WARNING 	1.1620164999912959: Video catchup needed, advancing self._nextFrameT from 0.08 to 0.12
12.6314 	WARNING 	1.1620247999962885: Video catchup needed, advancing self._nextFrameT from 0.12 to 0.16
12.6314 	WARNING 	1.1620324999967124: Video catchup needed, advancing self._nextFrameT from 0.16 to 0.2
12.6315 	WARNING 	1.1620401999971364: Video catchup needed, advancing self._nextFrameT from 0.2 to 0.24000000000000002
12.6315 	WARNING 	1.1620496999967145: Video catchup needed, advancing self._nextFrameT from 0.24000000000000002 to 0.28
12.6315 	WARNING 	1.1620576999994228: Video catchup needed, advancing self._nextFrameT from 0.28 to 0.32
12.6315 	WARNING 	1.1620652999990853: Video catchup needed, advancing self._nextFrameT from 0.32 to 0.36
12.6315 	WARNING 	1.162073399988003: Video catchup needed, advancing self._nextFrameT from 0.36 to 0.39999999999999997
12.6315 	WARNING 	Max reportNDroppedFrames reached, will not log any more dropped frames
12.6593 	EXP 	window1: mouseVisible = True
12.6679 	EXP 	Created image_3 = ImageStim(__class__=<class 'psychopy.visual.image.ImageStim'>, anchor=('center', 'center'), autoLog=True, color=array([1., 1., 1.]), colorSpace='rgb', contrast=1.0, depth=-3.0, draggable=False, flipHoriz=False, flipVert=False, image='default.png', interpolate=True, mask=None, maskParams=None, name='image_3', opacity=1.0, ori=0.0, pos=array([0., 0.]), size=array([0.35, 0.35]), texRes=128.0, units='height', win=Window(...))
12.6681 	EXP 	Created unnamed MovieStim3 = MovieStim3(__class__=<class 'psychopy.visual.movie3.MovieStim3'>, anchor=('center', 'center'), autoLog=True, color=UNKNOWN, colorSpace=UNKNOWN, depth=0.0, filename='imgs/titanic_spanish.mp4', flipHoriz=False, flipVert=False, fps=UNKNOWN, interpolate=True, loop=False, name='unnamed MovieStim3', noAudio=False, opacity=1, ori=method-wrapper(...), pos=array([0., 0.]), size=None, units='pix', vframe_callback=UNKNOWN, volume=UNKNOWN, win=Window(...))
13.7917 	WARNING 	1.1235000000015134: Video catchup needed, advancing self._nextFrameT from 0.0 to 0.04
13.7917 	WARNING 	1.1235473999986425: Video catchup needed, advancing self._nextFrameT from 0.04 to 0.08
13.7917 	WARNING 	1.1235574000020279: Video catchup needed, advancing self._nextFrameT from 0.08 to 0.12
13.7917 	WARNING 	1.1235660000093048: Video catchup needed, advancing self._nextFrameT from 0.12 to 0.16
13.7917 	WARNING 	1.1235740000120131: Video catchup needed, advancing self._nextFrameT from 0.16 to 0.2
13.7917 	WARNING 	1.1235824000032153: Video catchup needed, advancing self._nextFrameT from 0.2 to 0.24000000000000002
13.7917 	WARNING 	1.1235932999989018: Video catchup needed, advancing self._nextFrameT from 0.24000000000000002 to 0.28
13.7918 	WARNING 	1.123601500003133: Video catchup needed, advancing self._nextFrameT from 0.28 to 0.32
13.7918 	WARNING 	1.1236094000050798: Video catchup needed, advancing self._nextFrameT from 0.32 to 0.36
13.7918 	WARNING 	1.1236170000047423: Video catchup needed, advancing self._nextFrameT from 0.36 to 0.39999999999999997
13.7918 	WARNING 	Max reportNDroppedFrames reached, will not log any more dropped frames
13.8185 	EXP 	Created unnamed MovieStim3 = MovieStim3(__class__=<class 'psychopy.visual.movie3.MovieStim3'>, anchor=('center', 'center'), autoLog=True, color=UNKNOWN, colorSpace=UNKNOWN, depth=0.0, filename='imgs/titanic.mp4', flipHoriz=False, flipVert=False, fps=UNKNOWN, interpolate=True, loop=False, name='unnamed MovieStim3', noAudio=False, opacity=1, ori=method-wrapper(...), pos=array([  0., 100.]), size=None, units='pix', vframe_callback=UNKNOWN, volume=UNKNOWN, win=Window(...))
14.8361 	WARNING 	1.0175410000083502: Video catchup needed, advancing self._nextFrameT from 0.0 to 0.03336666666666667
14.8361 	WARNING 	1.0176070000015898: Video catchup needed, advancing self._nextFrameT from 0.03336666666666667 to 0.06673333333333334
14.8361 	WARNING 	1.017619200007175: Video catchup needed, advancing self._nextFrameT from 0.06673333333333334 to 0.10010000000000001
14.8361 	WARNING 	1.0176299000013387: Video catchup needed, advancing self._nextFrameT from 0.10010000000000001 to 0.13346666666666668
14.8361 	WARNING 	1.0176395000016782: Video catchup needed, advancing self._nextFrameT from 0.13346666666666668 to 0.16683333333333333
14.8361 	WARNING 	1.0176487999997335: Video catchup needed, advancing self._nextFrameT from 0.16683333333333333 to 0.2002
14.8361 	WARNING 	1.0176578000100562: Video catchup needed, advancing self._nextFrameT from 0.2002 to 0.23356666666666664
14.8362 	WARNING 	1.017667200008873: Video catchup needed, advancing self._nextFrameT from 0.23356666666666664 to 0.2669333333333333
14.8362 	WARNING 	1.0176762000046438: Video catchup needed, advancing self._nextFrameT from 0.2669333333333333 to 0.30029999999999996
14.8362 	WARNING 	1.0176849999988917: Video catchup needed, advancing self._nextFrameT from 0.30029999999999996 to 0.3336666666666666
14.8362 	WARNING 	Max reportNDroppedFrames reached, will not log any more dropped frames
14.8603 	EXP 	window1: mouseVisible = True
14.8686 	EXP 	Created image_4 = ImageStim(__class__=<class 'psychopy.visual.image.ImageStim'>, anchor=('center', 'center'), autoLog=True, color=array([1., 1., 1.]), colorSpace='rgb', contrast=1.0, depth=-4.0, draggable=False, flipHoriz=False, flipVert=False, image='default.png', interpolate=True, mask=None, maskParams=None, name='image_4', opacity=1.0, ori=0.0, pos=array([0., 0.]), size=array([0.35, 0.35]), texRes=128.0, units='height', win=Window(...))
14.8687 	EXP 	window1: mouseVisible = True
14.8789 	EXP 	Created text_4 = TextStim(__class__=<class 'psychopy.visual.text.TextStim'>, alignHoriz=method-wrapper(...), alignText='center', alignVert=method-wrapper(...), anchorHoriz='center', anchorVert='center', antialias=True, autoDraw=False, autoLog=True, bold=False, color=array([1., 1., 1.]), colorSpace='rgb', contrast=1.0, depth=0.0, draggable=False, flipHoriz=False, flipVert=False, font='Open Sans', fontFiles=[], height=0.05, italic=False, languageStyle='LTR', name='text_4', opacity=1.0, ori=0.0, pos=array([0., 0.]), rgb=UNKNOWN, text='¡Muchas gracias por participar!', units='height', win=Window(...), wrapWidth=1)
0.0019 	EXP 	unnamed MovieStim3: autoLog = True
0.0019 	EXP 	unnamed MovieStim3: movie = 'imgs/video_mar.mp4'
0.0019 	EXP 	unnamed MovieStim3: ori = 0.0
0.0019 	EXP 	unnamed MovieStim3: autoLog = True
0.0019 	EXP 	unnamed MovieStim3: movie = 'imgs/song_titanic.mp4'
0.0019 	EXP 	unnamed MovieStim3: ori = 0.0
0.0019 	EXP 	unnamed MovieStim3: autoLog = True
0.0019 	EXP 	unnamed MovieStim3: movie = 'imgs/titanic_spanish.mp4'
0.0019 	EXP 	unnamed MovieStim3: ori = 0.0
0.0019 	EXP 	unnamed MovieStim3: autoLog = True
0.0019 	EXP 	unnamed MovieStim3: movie = 'imgs/titanic_spanish.mp4'
0.0019 	EXP 	unnamed MovieStim3: ori = 0.0
0.0019 	EXP 	unnamed MovieStim3: autoLog = True
0.0019 	EXP 	unnamed MovieStim3: movie = 'imgs/titanic.mp4'
0.0019 	EXP 	unnamed MovieStim3: ori = 0.0
0.0126 	EXP 	image_5: autoDraw = True
0.0126 	EXP 	text_6: autoDraw = True
3.0226 	EXP 	image_5: autoDraw = False
3.0226 	EXP 	text_6: autoDraw = False
3.0226 	EXP 	text_5: autoDraw = True
7.3171 	DATA 	Keypress: space
7.3192 	EXP 	text_5: autoDraw = False
7.3192 	EXP 	text_7: height = 0.05
7.3192 	EXP 	text_7: height = 0.05
7.3192 	EXP 	text_7: height = 0.05
7.3192 	EXP 	text_7: text = 'Ronda 1/4'
7.3192 	EXP 	text_7: autoDraw = True
9.3147 	EXP 	Imported imgs/iceberg_times.xlsx as conditions, 2 conditions, 3 params
9.3151 	EXP 	Created sequence: random, trialTypes=2, nReps=1, seed=None
9.3153 	EXP 	New trial (rep=0, index=0): {'timepresentation': 6, 'posx': -0.7, 'posy': 0.15}
9.3212 	EXP 	Sound  started
9.3215 	EXP 	New trial (rep=0, index=1): {'timepresentation': 13, 'posx': 0.8, 'posy': 0.1}
9.3337 	EXP 	Imported imgs/iceberg_times.xlsx as conditions, 2 conditions, 3 params
9.3340 	EXP 	Created sequence: random, trialTypes=2, nReps=1, seed=None
9.3341 	EXP 	New trial (rep=0, index=0): {'timepresentation': 13, 'posx': 0.8, 'posy': 0.1}
9.3390 	EXP 	Sound  started
9.3468 	EXP 	text_7: autoDraw = False
9.3468 	EXP 	text_7: autoDraw = False
9.3468 	EXP 	image: image = 'imgs/iceberg.png'
9.3468 	EXP 	Set unnamed MovieStim3 playing
9.3468 	EXP 	image: autoDraw = False
9.3468 	EXP 	image: image = 'imgs/iceberg.png'
9.3468 	EXP 	image: autoDraw = False
9.3468 	EXP 	image_2: image = 'imgs/iceberg.png'
9.3468 	EXP 	Set unnamed MovieStim3 playing
22.3298 	EXP 	image_2: autoDraw = True
22.6821 	DATA 	Keypress: space
22.7053 	EXP 	New trial (rep=0, index=1): {'timepresentation': 6, 'posx': -0.7, 'posy': 0.15}
22.7193 	EXP 	image_2: autoDraw = False
22.7193 	EXP 	image_2: image = 'imgs/iceberg.png'
27.4164 	EXP 	Sound  stopped
27.5411 	EXP 	Sound  started
27.5411 	WARNING 	0.1459093000012217: Video catchup needed, advancing self._nextFrameT from 0.0 to 0.04
27.5411 	WARNING 	0.14592799999809358: Video catchup needed, advancing self._nextFrameT from 0.04 to 0.08
27.6616 	EXP 	Set unnamed MovieStim3 finished
27.6618 	WARNING 	18.94773780000105: Video catchup needed, advancing self._nextFrameT from 18.708333333333318 to 18.749999999999986
27.6618 	WARNING 	18.947766099998262: Video catchup needed, advancing self._nextFrameT from 18.749999999999986 to 18.791666666666654
27.6618 	WARNING 	18.947776699991664: Video catchup needed, advancing self._nextFrameT from 18.791666666666654 to 18.83333333333332
27.6618 	WARNING 	18.94778679999581: Video catchup needed, advancing self._nextFrameT from 18.83333333333332 to 18.87499999999999
27.6666 	WARNING 	0.27139539999188855: Video catchup needed, advancing self._nextFrameT from 0.12 to 0.16
27.6666 	WARNING 	0.27142729998740833: Video catchup needed, advancing self._nextFrameT from 0.16 to 0.2
28.7093 	EXP 	image_2: autoDraw = True
29.1347 	DATA 	Keypress: space
29.1662 	EXP 	Sound  stopped
29.1734 	EXP 	Imported imgs/iceberg_times.xlsx as conditions, 2 conditions, 3 params
29.1738 	EXP 	Created sequence: random, trialTypes=2, nReps=1, seed=None
29.1739 	EXP 	New trial (rep=0, index=0): {'timepresentation': 6, 'posx': -0.7, 'posy': 0.15}
29.1739 	EXP 	Sound  started
29.1798 	EXP 	New trial (rep=0, index=1): {'timepresentation': 13, 'posx': 0.8, 'posy': 0.1}
29.2071 	EXP 	Sound  stopped
29.2139 	EXP 	Imported imgs/iceberg_times.xlsx as conditions, 2 conditions, 3 params
29.2142 	EXP 	Created sequence: random, trialTypes=2, nReps=1, seed=None
29.2143 	EXP 	New trial (rep=0, index=0): {'timepresentation': 12, 'posx': 0.7, 'posy': 0.1}
29.2143 	EXP 	Sound  started
29.2145 	EXP 	Sound  started
29.2206 	EXP 	New trial (rep=0, index=1): {'timepresentation': 6, 'posx': 0.8, 'posy': 0.1}
29.2459 	EXP 	Sound  stopped
29.2666 	EXP 	Sound  stopped
29.2738 	EXP 	image_2: autoDraw = False
29.2738 	EXP 	Set unnamed MovieStim3 stopped
29.2738 	EXP 	Set unnamed MovieStim3 playing
29.2738 	EXP 	image_3: image = 'imgs/iceberg.png'
29.2738 	EXP 	image_3: autoDraw = False
29.2738 	EXP 	image_3: image = 'imgs/iceberg.png'
29.2738 	EXP 	image_3: autoDraw = False
29.2738 	EXP 	Set unnamed MovieStim3 stopped
29.2738 	EXP 	Set unnamed MovieStim3 playing
29.2738 	EXP 	Set unnamed MovieStim3 playing
29.2738 	EXP 	image_4: image = 'imgs/iceberg.png'
29.2738 	EXP 	image_4: autoDraw = False
29.2738 	EXP 	image_4: image = 'imgs/iceberg.png'
29.2738 	EXP 	image_4: autoDraw = False
29.2738 	EXP 	Set unnamed MovieStim3 stopped
29.2738 	EXP 	Set unnamed MovieStim3 stopped
29.2738 	EXP 	text_4: autoDraw = True
31.2880 	EXP 	text_4: autoDraw = False
31.2881 	EXP 	tarea_iceberg: status = STOPPED
31.4394 	EXP 	window1: mouseVisible = True
