11.1453 	WARNING 	User requested fullscreen with size [1024  768], but screen is actually [1920, 1080]. Using actual size
11.8271 	EXP 	Created window1 = Window(allowGUI=True, allowStencil=False, autoLog=True, backendConf=UNKNOWN, backgroundFit=<method-wrapper '__getattribute__' of attributeSetter object at 0x000001B652533D60>, backgroundImage=<method-wrapper '__getattribute__' of attributeSetter object at 0x000001B652533D00>, bitsMode=UNKNOWN, blendMode='avg', bpc=(8, 8, 8), color=array([0, 0, 0]), colorSpace='rgb', depthBits=8, fullscr=<method-wrapper '__getattribute__' of attributeSetter object at 0x000001B652533B20>, gamma=None, gammaErrorPolicy='raise', lms=UNKNOWN, monitor=<psychopy.monitors.calibTools.Monitor object at 0x000001B652AB2D30>, multiSample=False, name='window1', numSamples=2, pos=(0, 0), screen=0, size=array([1920, 1080]), stencilBits=0, stereo=False, title='PsychoPy', units='height', useFBO=True, useRetina=False, viewOri=0.0, viewPos=None, viewScale=None, waitBlanking=True, winType='pyglet')
11.8272 	EXP 	window1: mouseVisible = True
11.8272 	EXP 	window1: backgroundImage = ''
11.8273 	EXP 	window1: backgroundFit = 'none'
11.8295 	EXP 	window1: Attempting to measure frame rate of screen (0) ...
11.8295 	EXP 	window1: recordFrameIntervals = False
11.9925 	EXP 	window1: recordFrameIntervals = True
12.1763 	EXP 	Screen (0) actual frame rate measured at 60.11Hz
12.1764 	EXP 	window1: recordFrameIntervals = False
12.1766 	EXP 	window1: mouseVisible = False
13.6210 	EXP 	tarea_iceberg: status = STARTED
13.6230 	EXP 	window1: mouseVisible = True
13.7745 	EXP 	window1: mouseVisible = True
13.7858 	EXP 	Created image = ImageStim(__class__=<class 'psychopy.visual.image.ImageStim'>, anchor=('center', 'center'), autoLog=True, color=array([1., 1., 1.]), colorSpace='rgb', contrast=1.0, depth=-1.0, draggable=False, flipHoriz=False, flipVert=False, image='default.png', interpolate=True, mask=None, maskParams=None, name='image', opacity=1.0, ori=0.0, pos=array([0., 0.]), size=array([0.35, 0.35]), texRes=128.0, units='height', win=Window(...))
13.7860 	EXP 	window1: mouseVisible = True
13.8328 	EXP 	Created text = TextStim(__class__=<class 'psychopy.visual.text.TextStim'>, alignHoriz=method-wrapper(...), alignText='center', alignVert=method-wrapper(...), anchorHoriz='center', anchorVert='center', antialias=True, autoDraw=False, autoLog=True, bold=False, color=array([1., 1., 1.]), colorSpace='rgb', contrast=1.0, depth=0.0, draggable=False, flipHoriz=False, flipVert=False, font='Open Sans', fontFiles=[], height=0.05, italic=False, languageStyle='LTR', name='text', opacity=1.0, ori=0.0, pos=array([0., 0.]), rgb=UNKNOWN, text='¡Empezamos la segunda ronda!', units='height', win=Window(...), wrapWidth=1)
13.8329 	EXP 	window1: mouseVisible = True
13.9313 	EXP 	window1: mouseVisible = True
13.9389 	EXP 	Created image_2 = ImageStim(__class__=<class 'psychopy.visual.image.ImageStim'>, anchor=('center', 'center'), autoLog=True, color=array([1., 1., 1.]), colorSpace='rgb', contrast=1.0, depth=-1.0, draggable=False, flipHoriz=False, flipVert=False, image='default.png', interpolate=True, mask=None, maskParams=None, name='image_2', opacity=1.0, ori=0.0, pos=array([0., 0.]), size=array([0.35, 0.35]), texRes=128.0, units='height', win=Window(...))
14.0239 	EXP 	Created unnamed MovieStim3 = MovieStim3(__class__=<class 'psychopy.visual.movie3.MovieStim3'>, anchor=('center', 'center'), autoLog=True, color=UNKNOWN, colorSpace=UNKNOWN, depth=0.0, filename='imgs/song_titanic.mp4', flipHoriz=False, flipVert=False, fps=UNKNOWN, interpolate=True, loop=False, name='unnamed MovieStim3', noAudio=False, opacity=1, ori=method-wrapper(...), pos=array([0., 0.]), size=None, units='pix', vframe_callback=UNKNOWN, volume=UNKNOWN, win=Window(...))
14.9358 	WARNING 	0.9119046999985585: Video catchup needed, advancing self._nextFrameT from 0.0 to 0.041666666666666664
14.9358 	WARNING 	0.9119590999998763: Video catchup needed, advancing self._nextFrameT from 0.041666666666666664 to 0.08333333333333333
14.9359 	WARNING 	0.9119699000002583: Video catchup needed, advancing self._nextFrameT from 0.08333333333333333 to 0.125
14.9359 	WARNING 	0.9119785000002594: Video catchup needed, advancing self._nextFrameT from 0.125 to 0.16666666666666666
14.9359 	WARNING 	0.9119872999999643: Video catchup needed, advancing self._nextFrameT from 0.16666666666666666 to 0.20833333333333331
14.9359 	WARNING 	0.9119961999986117: Video catchup needed, advancing self._nextFrameT from 0.20833333333333331 to 0.24999999999999997
14.9359 	WARNING 	0.912004199999501: Video catchup needed, advancing self._nextFrameT from 0.24999999999999997 to 0.29166666666666663
14.9359 	WARNING 	0.9120124999990367: Video catchup needed, advancing self._nextFrameT from 0.29166666666666663 to 0.3333333333333333
14.9359 	WARNING 	0.9120206999996299: Video catchup needed, advancing self._nextFrameT from 0.3333333333333333 to 0.375
14.9359 	WARNING 	0.9120282999992924: Video catchup needed, advancing self._nextFrameT from 0.375 to 0.4166666666666667
14.9359 	WARNING 	Max reportNDroppedFrames reached, will not log any more dropped frames
14.9598 	EXP 	window1: mouseVisible = True
14.9637 	EXP 	Created text_2 = TextStim(__class__=<class 'psychopy.visual.text.TextStim'>, alignHoriz=method-wrapper(...), alignText='center', alignVert=method-wrapper(...), anchorHoriz='center', anchorVert='center', antialias=True, autoDraw=False, autoLog=True, bold=False, color=array([1., 1., 1.]), colorSpace='rgb', contrast=1.0, depth=0.0, draggable=False, flipHoriz=False, flipVert=False, font='Open Sans', fontFiles=[], height=0.05, italic=False, languageStyle='LTR', name='text_2', opacity=1.0, ori=0.0, pos=array([0., 0.]), rgb=UNKNOWN, text='¡empezamos la tercera ronda!', units='height', win=Window(...), wrapWidth=1)
14.9637 	EXP 	window1: mouseVisible = True
15.0581 	EXP 	window1: mouseVisible = True
15.0665 	EXP 	Created image_3 = ImageStim(__class__=<class 'psychopy.visual.image.ImageStim'>, anchor=('center', 'center'), autoLog=True, color=array([1., 1., 1.]), colorSpace='rgb', contrast=1.0, depth=-1.0, draggable=False, flipHoriz=False, flipVert=False, image='default.png', interpolate=True, mask=None, maskParams=None, name='image_3', opacity=1.0, ori=0.0, pos=array([0., 0.]), size=array([0.35, 0.35]), texRes=128.0, units='height', win=Window(...))
15.0667 	EXP 	Created unnamed MovieStim3 = MovieStim3(__class__=<class 'psychopy.visual.movie3.MovieStim3'>, anchor=('center', 'center'), autoLog=True, color=UNKNOWN, colorSpace=UNKNOWN, depth=0.0, filename='imgs/video_celine.mp4', flipHoriz=False, flipVert=False, fps=UNKNOWN, interpolate=True, loop=False, name='unnamed MovieStim3', noAudio=False, opacity=1, ori=method-wrapper(...), pos=array([0., 0.]), size=None, units='pix', vframe_callback=UNKNOWN, volume=UNKNOWN, win=Window(...))
16.3225 	WARNING 	1.2557485999986966: Video catchup needed, advancing self._nextFrameT from 0.0 to 0.03336666666666667
16.3225 	WARNING 	1.2557933999996749: Video catchup needed, advancing self._nextFrameT from 0.03336666666666667 to 0.06673333333333334
16.3225 	WARNING 	1.2558042000000569: Video catchup needed, advancing self._nextFrameT from 0.06673333333333334 to 0.10010000000000001
16.3225 	WARNING 	1.2558132999984082: Video catchup needed, advancing self._nextFrameT from 0.10010000000000001 to 0.13346666666666668
16.3225 	WARNING 	1.2558218999984092: Video catchup needed, advancing self._nextFrameT from 0.13346666666666668 to 0.16683333333333333
16.3226 	WARNING 	1.2558509999998932: Video catchup needed, advancing self._nextFrameT from 0.16683333333333333 to 0.2002
16.3226 	WARNING 	1.255868999998711: Video catchup needed, advancing self._nextFrameT from 0.2002 to 0.23356666666666664
16.3226 	WARNING 	1.2558827999982896: Video catchup needed, advancing self._nextFrameT from 0.23356666666666664 to 0.2669333333333333
16.3226 	WARNING 	1.2559290999997756: Video catchup needed, advancing self._nextFrameT from 0.2669333333333333 to 0.30029999999999996
16.3227 	WARNING 	1.2559395999996923: Video catchup needed, advancing self._nextFrameT from 0.30029999999999996 to 0.3336666666666666
16.3227 	WARNING 	Max reportNDroppedFrames reached, will not log any more dropped frames
16.6559 	EXP 	window1: mouseVisible = True
16.6605 	EXP 	Created text_3 = TextStim(__class__=<class 'psychopy.visual.text.TextStim'>, alignHoriz=method-wrapper(...), alignText='center', alignVert=method-wrapper(...), anchorHoriz='center', anchorVert='center', antialias=True, autoDraw=False, autoLog=True, bold=False, color=array([1., 1., 1.]), colorSpace='rgb', contrast=1.0, depth=0.0, draggable=False, flipHoriz=False, flipVert=False, font='Open Sans', fontFiles=[], height=0.05, italic=False, languageStyle='LTR', name='text_3', opacity=1.0, ori=0.0, pos=array([0., 0.]), rgb=UNKNOWN, text='¡última ronda!', units='height', win=Window(...), wrapWidth=1)
16.6607 	EXP 	Created unnamed MovieStim3 = MovieStim3(__class__=<class 'psychopy.visual.movie3.MovieStim3'>, anchor=('center', 'center'), autoLog=True, color=UNKNOWN, colorSpace=UNKNOWN, depth=0.0, filename='imgs/video_mar.mp4', flipHoriz=False, flipVert=False, fps=UNKNOWN, interpolate=True, loop=True, name='unnamed MovieStim3', noAudio=False, opacity=1, ori=method-wrapper(...), pos=array([0., 0.]), size=None, units='pix', vframe_callback=UNKNOWN, volume=UNKNOWN, win=Window(...))
17.0003 	WARNING 	0.3395576999992045: Video catchup needed, advancing self._nextFrameT from 0.0 to 0.04
17.0004 	WARNING 	0.3396069999998872: Video catchup needed, advancing self._nextFrameT from 0.04 to 0.08
17.0004 	WARNING 	0.339618199999677: Video catchup needed, advancing self._nextFrameT from 0.08 to 0.12
17.0004 	WARNING 	0.33962740000060876: Video catchup needed, advancing self._nextFrameT from 0.12 to 0.16
17.0004 	WARNING 	0.3396367999994254: Video catchup needed, advancing self._nextFrameT from 0.16 to 0.2
17.0004 	WARNING 	0.3396455000001879: Video catchup needed, advancing self._nextFrameT from 0.2 to 0.24000000000000002
17.0004 	WARNING 	0.33965449999959674: Video catchup needed, advancing self._nextFrameT from 0.24000000000000002 to 0.28
17.0636 	EXP 	Created unnamed MovieStim3 = MovieStim3(__class__=<class 'psychopy.visual.movie3.MovieStim3'>, anchor=('center', 'center'), autoLog=True, color=UNKNOWN, colorSpace=UNKNOWN, depth=0.0, filename='imgs/video_celine.mp4', flipHoriz=False, flipVert=False, fps=UNKNOWN, interpolate=True, loop=False, name='unnamed MovieStim3', noAudio=False, opacity=1, ori=method-wrapper(...), pos=array([  0., 100.]), size=None, units='pix', vframe_callback=UNKNOWN, volume=UNKNOWN, win=Window(...))
18.3341 	WARNING 	1.2704345999991347: Video catchup needed, advancing self._nextFrameT from 0.0 to 0.03336666666666667
18.3341 	WARNING 	1.2704810999985057: Video catchup needed, advancing self._nextFrameT from 0.03336666666666667 to 0.06673333333333334
18.3341 	WARNING 	1.2704930999989301: Video catchup needed, advancing self._nextFrameT from 0.06673333333333334 to 0.10010000000000001
18.3341 	WARNING 	1.2705030999986775: Video catchup needed, advancing self._nextFrameT from 0.10010000000000001 to 0.13346666666666668
18.3341 	WARNING 	1.2705122999996092: Video catchup needed, advancing self._nextFrameT from 0.13346666666666668 to 0.16683333333333333
18.3341 	WARNING 	1.2705217999991874: Video catchup needed, advancing self._nextFrameT from 0.16683333333333333 to 0.2002
18.3342 	WARNING 	1.2705308999993576: Video catchup needed, advancing self._nextFrameT from 0.2002 to 0.23356666666666664
18.3342 	WARNING 	1.2705396999990626: Video catchup needed, advancing self._nextFrameT from 0.23356666666666664 to 0.2669333333333333
18.3342 	WARNING 	1.2705487999992329: Video catchup needed, advancing self._nextFrameT from 0.2669333333333333 to 0.30029999999999996
18.3342 	WARNING 	1.2705580000001646: Video catchup needed, advancing self._nextFrameT from 0.30029999999999996 to 0.3336666666666666
18.3342 	WARNING 	Max reportNDroppedFrames reached, will not log any more dropped frames
18.6528 	EXP 	window1: mouseVisible = True
18.6623 	EXP 	Created image_4 = ImageStim(__class__=<class 'psychopy.visual.image.ImageStim'>, anchor=('center', 'center'), autoLog=True, color=array([1., 1., 1.]), colorSpace='rgb', contrast=1.0, depth=-2.0, draggable=False, flipHoriz=False, flipVert=False, image='default.png', interpolate=True, mask=None, maskParams=None, name='image_4', opacity=1.0, ori=0.0, pos=array([0., 0.]), size=array([0.35, 0.35]), texRes=128.0, units='height', win=Window(...))
0.0039 	EXP 	movie: autoLog = True
0.0039 	EXP 	movie_2: autoLog = True
0.0039 	EXP 	unnamed MovieStim3: autoLog = True
0.0039 	EXP 	unnamed MovieStim3: movie = 'imgs/song_titanic.mp4'
0.0039 	EXP 	unnamed MovieStim3: ori = 0.0
0.0039 	EXP 	movie_3: autoLog = True
0.0039 	EXP 	unnamed MovieStim3: autoLog = True
0.0039 	EXP 	unnamed MovieStim3: movie = 'imgs/video_celine.mp4'
0.0039 	EXP 	unnamed MovieStim3: ori = 0.0
0.0039 	EXP 	unnamed MovieStim3: autoLog = True
0.0039 	EXP 	unnamed MovieStim3: movie = 'imgs/video_mar.mp4'
0.0039 	EXP 	unnamed MovieStim3: ori = 0.0
0.0039 	EXP 	unnamed MovieStim3: autoLog = True
0.0039 	EXP 	unnamed MovieStim3: movie = 'imgs/video_celine.mp4'
0.0039 	EXP 	unnamed MovieStim3: ori = 0.0
0.0077 	EXP 	Imported imgs/trials_fake.xlsx as conditions, 2 conditions, 3 params
0.0080 	EXP 	Created sequence: random, trialTypes=2, nReps=1, seed=None
0.0082 	EXP 	New trial (rep=0, index=0): {'timepresentation': 2, 'posx': -0.8, 'posy': 0.15}
0.0543 	EXP 	image: image = 'imgs/iceberg.png'
0.0543 	EXP 	movie: autoDraw = True
2.0108 	EXP 	image: autoDraw = True
3.5401 	EXP 	New trial (rep=0, index=1): {'timepresentation': 2, 'posx': -0.7, 'posy': 0.15}
3.5900 	DATA 	Keypress: space
3.5980 	EXP 	movie: autoDraw = False
3.5980 	EXP 	image: autoDraw = False
3.5980 	EXP 	image: image = 'imgs/iceberg.png'
3.5980 	EXP 	movie: autoDraw = True
5.5422 	EXP 	image: autoDraw = True
6.1269 	DATA 	Keypress: space
6.1286 	EXP 	movie: autoDraw = False
6.1286 	EXP 	image: autoDraw = False
6.1286 	EXP 	text: autoDraw = True
7.1263 	EXP 	Imported imgs/trials_fake.xlsx as conditions, 2 conditions, 3 params
7.1267 	EXP 	Created sequence: random, trialTypes=2, nReps=1, seed=None
7.1268 	EXP 	New trial (rep=0, index=0): {'timepresentation': 2, 'posx': -0.7, 'posy': 0.15}
7.1317 	EXP 	Sound  started
7.1490 	EXP 	text: autoDraw = False
7.1490 	EXP 	text: autoDraw = False
7.1490 	EXP 	image_2: image = 'imgs/iceberg.png'
7.1490 	EXP 	Set unnamed MovieStim3 playing
7.1490 	EXP 	movie_2: autoDraw = True
9.1231 	EXP 	image_2: autoDraw = True
11.1627 	EXP 	New trial (rep=0, index=1): {'timepresentation': 2, 'posx': -0.8, 'posy': 0.15}
11.2116 	DATA 	Keypress: space
11.2175 	EXP 	movie_2: autoDraw = False
11.2175 	EXP 	image_2: autoDraw = False
11.2175 	EXP 	image_2: image = 'imgs/iceberg.png'
11.2175 	EXP 	movie_2: autoDraw = True
13.1716 	EXP 	image_2: autoDraw = True
13.6937 	EXP 	Sound  stopped
13.6956 	DATA 	Keypress: space
13.6976 	EXP 	movie_2: autoDraw = False
13.6976 	EXP 	image_2: autoDraw = False
13.6976 	EXP 	Set unnamed MovieStim3 stopped
13.6976 	EXP 	text_2: autoDraw = True
14.6888 	EXP 	Imported imgs/trials_fake.xlsx as conditions, 2 conditions, 3 params
14.6891 	EXP 	Created sequence: random, trialTypes=2, nReps=1, seed=None
14.6892 	EXP 	New trial (rep=0, index=0): {'timepresentation': 2, 'posx': -0.7, 'posy': 0.15}
14.6943 	EXP 	Sound  started
14.7214 	EXP 	text_2: autoDraw = False
14.7214 	EXP 	text_2: autoDraw = False
14.7214 	EXP 	image_3: image = 'imgs/iceberg.png'
14.7214 	EXP 	Set unnamed MovieStim3 playing
14.7214 	EXP 	movie_3: autoDraw = True
16.7103 	EXP 	image_3: autoDraw = True
17.2526 	EXP 	New trial (rep=0, index=1): {'timepresentation': 2, 'posx': -0.8, 'posy': 0.15}
17.2931 	WARNING 	3.766635733332805: Video catchup needed, advancing self._nextFrameT from 3.6036000000000077 to 3.6369666666666745
17.2932 	WARNING 	3.7667292333317164: Video catchup needed, advancing self._nextFrameT from 3.6369666666666745 to 3.670333333333341
17.2933 	WARNING 	3.7667797333324415: Video catchup needed, advancing self._nextFrameT from 3.670333333333341 to 3.703700000000008
17.3630 	DATA 	Keypress: space
17.3715 	EXP 	movie_3: autoDraw = False
17.3715 	EXP 	image_3: autoDraw = False
17.3715 	EXP 	image_3: image = 'imgs/iceberg.png'
17.3715 	EXP 	movie_3: autoDraw = True
17.3717 	WARNING 	3.845193533332349: Video catchup needed, advancing self._nextFrameT from 3.7370666666666748 to 3.7704333333333415
17.3717 	WARNING 	3.8452121333320974: Video catchup needed, advancing self._nextFrameT from 3.7704333333333415 to 3.8038000000000083
19.2449 	EXP 	image_3: autoDraw = True
19.7438 	EXP 	Sound  stopped
19.7461 	DATA 	Keypress: space
19.7508 	EXP 	movie_3: autoDraw = False
19.7508 	EXP 	image_3: autoDraw = False
19.7508 	EXP 	Set unnamed MovieStim3 stopped
19.7508 	EXP 	text_3: autoDraw = True
20.7512 	EXP 	Imported imgs/trials_iceberg_2.xlsx as conditions, 8 conditions, 3 params
20.7516 	EXP 	Created sequence: random, trialTypes=8, nReps=1, seed=None
20.7517 	EXP 	New trial (rep=0, index=0): {'timepresentation': 7, 'posx': 0.6, 'posy': 0.1}
20.7518 	EXP 	Sound  started
20.7518 	EXP 	Sound  started
20.7660 	EXP 	text_3: autoDraw = False
20.7660 	EXP 	Set unnamed MovieStim3 playing
20.7660 	EXP 	Set unnamed MovieStim3 playing
20.7660 	EXP 	image_4: image = 'imgs/iceberg.png'
27.7387 	EXP 	image_4: autoDraw = True
28.3224 	EXP 	New trial (rep=0, index=1): {'timepresentation': 4, 'posx': -0.6, 'posy': 0.15}
28.3345 	DATA 	Keypress: space
28.3438 	EXP 	image_4: autoDraw = False
28.3438 	EXP 	image_4: image = 'imgs/iceberg.png'
32.3245 	EXP 	image_4: autoDraw = True
32.9323 	EXP 	Sound  stopped
32.9329 	EXP 	New trial (rep=0, index=2): {'timepresentation': 8, 'posx': -0.8, 'posy': 0.15}
32.9544 	DATA 	Keypress: space
32.9623 	EXP 	image_4: autoDraw = False
32.9623 	EXP 	Set unnamed MovieStim3 stopped
32.9623 	EXP 	image_4: image = 'imgs/iceberg.png'
38.4684 	DATA 	Keypress: escape
38.5443 	EXP 	tarea_iceberg: status = STOPPED
38.5513 	EXP 	tarea_iceberg: status = STOPPED
38.7312 	EXP 	window1: mouseVisible = True
