6.2777 	WARNING 	User requested fullscreen with size [1536  864], but screen is actually [1920, 1080]. Using actual size
7.0416 	EXP 	Created window1 = Window(allowGUI=True, allowStencil=False, autoLog=True, backendConf=UNKNOWN, backgroundFit=<method-wrapper '__getattribute__' of attributeSetter object at 0x000001894B5C7B80>, backgroundImage=<method-wrapper '__getattribute__' of attributeSetter object at 0x000001894B5C7B20>, bitsMode=UNKNOWN, blendMode='avg', bpc=(8, 8, 8), color=array([0, 0, 0]), colorSpace='rgb', depthBits=8, fullscr=<method-wrapper '__getattribute__' of attributeSetter object at 0x000001894B5C7940>, gamma=None, gammaErrorPolicy='raise', lms=UNKNOWN, monitor=<psychopy.monitors.calibTools.Monitor object at 0x000001894BAA20D0>, multiSample=False, name='window1', numSamples=2, pos=(0, 0), screen=0, size=array([1920, 1080]), stencilBits=0, stereo=False, title='PsychoPy', units='height', useFBO=True, useRetina=False, viewOri=0.0, viewPos=None, viewScale=None, waitBlanking=True, winType='pyglet')
7.0418 	EXP 	window1: mouseVisible = True
7.0418 	EXP 	window1: backgroundImage = ''
7.0418 	EXP 	window1: backgroundFit = 'none'
7.0439 	EXP 	window1: Attempting to measure frame rate of screen (0) ...
7.0439 	EXP 	window1: recordFrameIntervals = False
7.2073 	EXP 	window1: recordFrameIntervals = True
7.3910 	EXP 	Screen (0) actual frame rate measured at 60.11Hz
7.3911 	EXP 	window1: recordFrameIntervals = False
7.3912 	EXP 	window1: mouseVisible = False
9.3680 	EXP 	tarea_iceberg: status = STARTED
9.3683 	EXP 	window1: mouseVisible = True
9.3688 	WARNING 	Requested image 'imgs/logo_OB.jpeg' not found but similar filename 'imgs/logo_OB.png' exists. This will be used instead but changing the filename is advised.
9.3733 	WARNING 	Requested image 'imgs/logo_OB.jpeg' not found but similar filename 'imgs/logo_OB.png' exists. This will be used instead but changing the filename is advised.
9.3765 	WARNING 	Requested image 'imgs/logo_OB.jpeg' not found but similar filename 'imgs/logo_OB.png' exists. This will be used instead but changing the filename is advised.
9.3796 	WARNING 	Requested image 'imgs/logo_OB.jpeg' not found but similar filename 'imgs/logo_OB.png' exists. This will be used instead but changing the filename is advised.
9.3835 	EXP 	Created image_5 = ImageStim(__class__=<class 'psychopy.visual.image.ImageStim'>, anchor=('center', 'center'), autoLog=True, color=array([1., 1., 1.]), colorSpace='rgb', contrast=1.0, depth=0.0, draggable=False, flipHoriz=False, flipVert=False, image='imgs/logo_OB.jpeg', interpolate=True, mask=None, maskParams=None, name='image_5', opacity=1.0, ori=0.0, pos=array([0., 0.]), size=array([0.6, 0.7]), texRes=128.0, units='height', win=Window(...))
9.3837 	EXP 	window1: mouseVisible = True
9.4387 	EXP 	Created text_6 = TextStim(__class__=<class 'psychopy.visual.text.TextStim'>, alignHoriz=method-wrapper(...), alignText='center', alignVert=method-wrapper(...), anchorHoriz='center', anchorVert='center', antialias=True, autoDraw=False, autoLog=True, bold=False, color=array([1., 1., 1.]), colorSpace='rgb', contrast=1.0, depth=-1.0, draggable=False, flipHoriz=False, flipVert=False, font='Open Sans', fontFiles=[], height=0.04, italic=False, languageStyle='LTR', name='text_6', opacity=1.0, ori=0.0, pos=array([ 0.  , -0.35]), rgb=UNKNOWN, text='¡Bienvenido a un experimento de Open Brains!', units='height', win=Window(...), wrapWidth=1)
9.4388 	EXP 	window1: mouseVisible = True
9.4550 	EXP 	Created text_5 = TextStim(__class__=<class 'psychopy.visual.text.TextStim'>, alignHoriz=method-wrapper(...), alignText='center', alignVert=method-wrapper(...), anchorHoriz='center', anchorVert='center', antialias=True, autoDraw=False, autoLog=True, bold=False, color=array([1., 1., 1.]), colorSpace='rgb', contrast=1.0, depth=0.0, draggable=False, flipHoriz=False, flipVert=False, font='Open Sans', fontFiles=[], height=0.035, italic=False, languageStyle='LTR', name='text_5', opacity=1.0, ori=0.0, pos=array([0., 0.]), rgb=UNKNOWN, text=str(...), units='height', win=Window(...), wrapWidth=1)
9.4551 	EXP 	window1: mouseVisible = True
9.4566 	EXP 	Created text_7 = TextStim(__class__=<class 'psychopy.visual.text.TextStim'>, alignHoriz=method-wrapper(...), alignText='center', alignVert=method-wrapper(...), anchorHoriz='center', anchorVert='center', antialias=True, autoDraw=False, autoLog=True, bold=False, color=array([1., 1., 1.]), colorSpace='rgb', contrast=1.0, depth=0.0, draggable=False, flipHoriz=False, flipVert=False, font='Open Sans', fontFiles=[], height=0.05, italic=False, languageStyle='LTR', name='text_7', opacity=1.0, ori=0.0, pos=array([0., 0.]), rgb=UNKNOWN, text='', units='height', win=Window(...), wrapWidth=1)
9.4567 	EXP 	window1: mouseVisible = True
9.4646 	EXP 	Created image = ImageStim(__class__=<class 'psychopy.visual.image.ImageStim'>, anchor=('center', 'center'), autoLog=True, color=array([1., 1., 1.]), colorSpace='rgb', contrast=1.0, depth=0.0, draggable=False, flipHoriz=False, flipVert=False, image='default.png', interpolate=True, mask=None, maskParams=None, name='image', opacity=1.0, ori=0.0, pos=array([0., 0.]), size=array([0.35, 0.35]), texRes=128.0, units='height', win=Window(...))
9.5774 	EXP 	Created unnamed MovieStim3 = MovieStim3(__class__=<class 'psychopy.visual.movie3.MovieStim3'>, anchor=('center', 'center'), autoLog=True, color=UNKNOWN, colorSpace=UNKNOWN, depth=0.0, filename='imgs/video_mar.mp4', flipHoriz=False, flipVert=False, fps=UNKNOWN, interpolate=True, loop=True, name='unnamed MovieStim3', noAudio=False, opacity=1, ori=method-wrapper(...), pos=array([0., 0.]), size=None, units='pix', vframe_callback=UNKNOWN, volume=UNKNOWN, win=Window(...))
10.6211 	WARNING 	1.043664600001648: Video catchup needed, advancing self._nextFrameT from 0.0 to 0.04
10.6212 	WARNING 	1.0437808999995468: Video catchup needed, advancing self._nextFrameT from 0.04 to 0.08
10.6212 	WARNING 	1.043814000004204: Video catchup needed, advancing self._nextFrameT from 0.08 to 0.12
10.6212 	WARNING 	1.0438338000094518: Video catchup needed, advancing self._nextFrameT from 0.12 to 0.16
10.6212 	WARNING 	1.0438522000040393: Video catchup needed, advancing self._nextFrameT from 0.16 to 0.2
10.6213 	WARNING 	1.0438704000116559: Video catchup needed, advancing self._nextFrameT from 0.2 to 0.24000000000000002
10.6213 	WARNING 	1.0438900000008289: Video catchup needed, advancing self._nextFrameT from 0.24000000000000002 to 0.28
10.6213 	WARNING 	1.0439424000069266: Video catchup needed, advancing self._nextFrameT from 0.28 to 0.32
10.6214 	WARNING 	1.043962100011413: Video catchup needed, advancing self._nextFrameT from 0.32 to 0.36
10.6214 	WARNING 	1.0439829000097234: Video catchup needed, advancing self._nextFrameT from 0.36 to 0.39999999999999997
10.6216 	WARNING 	Max reportNDroppedFrames reached, will not log any more dropped frames
10.8880 	EXP 	window1: mouseVisible = True
10.8965 	EXP 	Created image_2 = ImageStim(__class__=<class 'psychopy.visual.image.ImageStim'>, anchor=('center', 'center'), autoLog=True, color=array([1., 1., 1.]), colorSpace='rgb', contrast=1.0, depth=0.0, draggable=False, flipHoriz=False, flipVert=False, image='default.png', interpolate=True, mask=None, maskParams=None, name='image_2', opacity=1.0, ori=0.0, pos=array([0., 0.]), size=array([0.35, 0.35]), texRes=128.0, units='height', win=Window(...))
10.8967 	EXP 	Created unnamed MovieStim3 = MovieStim3(__class__=<class 'psychopy.visual.movie3.MovieStim3'>, anchor=('center', 'center'), autoLog=True, color=UNKNOWN, colorSpace=UNKNOWN, depth=0.0, filename='imgs/song_titanic.mp4', flipHoriz=False, flipVert=False, fps=UNKNOWN, interpolate=True, loop=False, name='unnamed MovieStim3', noAudio=False, opacity=1, ori=method-wrapper(...), pos=array([0., 0.]), size=None, units='pix', vframe_callback=UNKNOWN, volume=UNKNOWN, win=Window(...))
11.6864 	WARNING 	0.7896215999935521: Video catchup needed, advancing self._nextFrameT from 0.0 to 0.041666666666666664
11.6864 	WARNING 	0.78967250000278: Video catchup needed, advancing self._nextFrameT from 0.041666666666666664 to 0.08333333333333333
11.6864 	WARNING 	0.7896834999992279: Video catchup needed, advancing self._nextFrameT from 0.08333333333333333 to 0.125
11.6864 	WARNING 	0.7896930999995675: Video catchup needed, advancing self._nextFrameT from 0.125 to 0.16666666666666666
11.6864 	WARNING 	0.7897020999953384: Video catchup needed, advancing self._nextFrameT from 0.16666666666666666 to 0.20833333333333331
11.6865 	WARNING 	0.789711499994155: Video catchup needed, advancing self._nextFrameT from 0.20833333333333331 to 0.24999999999999997
11.6865 	WARNING 	0.789721199995256: Video catchup needed, advancing self._nextFrameT from 0.24999999999999997 to 0.29166666666666663
11.6865 	WARNING 	0.7897301000048174: Video catchup needed, advancing self._nextFrameT from 0.29166666666666663 to 0.3333333333333333
11.6865 	WARNING 	0.7897389999998268: Video catchup needed, advancing self._nextFrameT from 0.3333333333333333 to 0.375
11.6865 	WARNING 	0.7897475999925518: Video catchup needed, advancing self._nextFrameT from 0.375 to 0.4166666666666667
11.6865 	WARNING 	Max reportNDroppedFrames reached, will not log any more dropped frames
11.7252 	EXP 	Created unnamed MovieStim3 = MovieStim3(__class__=<class 'psychopy.visual.movie3.MovieStim3'>, anchor=('center', 'center'), autoLog=True, color=UNKNOWN, colorSpace=UNKNOWN, depth=0.0, filename='imgs/titanic_spanish.mp4', flipHoriz=False, flipVert=False, fps=UNKNOWN, interpolate=True, loop=False, name='unnamed MovieStim3', noAudio=False, opacity=1, ori=method-wrapper(...), pos=array([0., 0.]), size=None, units='pix', vframe_callback=UNKNOWN, volume=UNKNOWN, win=Window(...))
12.8983 	WARNING 	1.173055999999633: Video catchup needed, advancing self._nextFrameT from 0.0 to 0.04
12.8984 	WARNING 	1.1731308000016725: Video catchup needed, advancing self._nextFrameT from 0.04 to 0.08
12.8984 	WARNING 	1.1731434999965131: Video catchup needed, advancing self._nextFrameT from 0.08 to 0.12
12.8984 	WARNING 	1.1731528999953298: Video catchup needed, advancing self._nextFrameT from 0.12 to 0.16
12.8984 	WARNING 	1.1731644999963464: Video catchup needed, advancing self._nextFrameT from 0.16 to 0.2
12.8984 	WARNING 	1.173173000002862: Video catchup needed, advancing self._nextFrameT from 0.2 to 0.24000000000000002
12.8984 	WARNING 	1.173197900003288: Video catchup needed, advancing self._nextFrameT from 0.24000000000000002 to 0.28
12.8984 	WARNING 	1.1732072000013432: Video catchup needed, advancing self._nextFrameT from 0.28 to 0.32
12.8984 	WARNING 	1.1732158999948297: Video catchup needed, advancing self._nextFrameT from 0.32 to 0.36
12.8985 	WARNING 	1.1732244000013452: Video catchup needed, advancing self._nextFrameT from 0.36 to 0.39999999999999997
12.8985 	WARNING 	Max reportNDroppedFrames reached, will not log any more dropped frames
12.9292 	EXP 	window1: mouseVisible = True
12.9376 	EXP 	Created image_3 = ImageStim(__class__=<class 'psychopy.visual.image.ImageStim'>, anchor=('center', 'center'), autoLog=True, color=array([1., 1., 1.]), colorSpace='rgb', contrast=1.0, depth=-2.0, draggable=False, flipHoriz=False, flipVert=False, image='default.png', interpolate=True, mask=None, maskParams=None, name='image_3', opacity=1.0, ori=0.0, pos=array([0., 0.]), size=array([0.35, 0.35]), texRes=128.0, units='height', win=Window(...))
12.9378 	EXP 	Created unnamed MovieStim3 = MovieStim3(__class__=<class 'psychopy.visual.movie3.MovieStim3'>, anchor=('center', 'center'), autoLog=True, color=UNKNOWN, colorSpace=UNKNOWN, depth=0.0, filename='imgs/titanic_spanish.mp4', flipHoriz=False, flipVert=False, fps=UNKNOWN, interpolate=True, loop=False, name='unnamed MovieStim3', noAudio=False, opacity=1, ori=method-wrapper(...), pos=array([0., 0.]), size=None, units='pix', vframe_callback=UNKNOWN, volume=UNKNOWN, win=Window(...))
14.1304 	WARNING 	1.192531599997892: Video catchup needed, advancing self._nextFrameT from 0.0 to 0.04
14.1304 	WARNING 	1.1925842999917222: Video catchup needed, advancing self._nextFrameT from 0.04 to 0.08
14.1305 	WARNING 	1.1925974000041606: Video catchup needed, advancing self._nextFrameT from 0.08 to 0.12
14.1305 	WARNING 	1.192609599995194: Video catchup needed, advancing self._nextFrameT from 0.12 to 0.16
14.1305 	WARNING 	1.1926217000000179: Video catchup needed, advancing self._nextFrameT from 0.16 to 0.2
14.1305 	WARNING 	1.1926338999910513: Video catchup needed, advancing self._nextFrameT from 0.2 to 0.24000000000000002
14.1305 	WARNING 	1.1926497999957064: Video catchup needed, advancing self._nextFrameT from 0.24000000000000002 to 0.28
14.1305 	WARNING 	1.1926614999974845: Video catchup needed, advancing self._nextFrameT from 0.28 to 0.32
14.1305 	WARNING 	1.1926737000030698: Video catchup needed, advancing self._nextFrameT from 0.32 to 0.36
14.1305 	WARNING 	1.192685200003325: Video catchup needed, advancing self._nextFrameT from 0.36 to 0.39999999999999997
14.1305 	WARNING 	Max reportNDroppedFrames reached, will not log any more dropped frames
14.1841 	EXP 	Created unnamed MovieStim3 = MovieStim3(__class__=<class 'psychopy.visual.movie3.MovieStim3'>, anchor=('center', 'center'), autoLog=True, color=UNKNOWN, colorSpace=UNKNOWN, depth=0.0, filename='imgs/titanic.mp4', flipHoriz=False, flipVert=False, fps=UNKNOWN, interpolate=True, loop=False, name='unnamed MovieStim3', noAudio=False, opacity=1, ori=method-wrapper(...), pos=array([  0., 100.]), size=None, units='pix', vframe_callback=UNKNOWN, volume=UNKNOWN, win=Window(...))
15.2891 	WARNING 	1.1048465999920154: Video catchup needed, advancing self._nextFrameT from 0.0 to 0.03336666666666667
15.2891 	WARNING 	1.1049420999916038: Video catchup needed, advancing self._nextFrameT from 0.03336666666666667 to 0.06673333333333334
15.2891 	WARNING 	1.1049593999923673: Video catchup needed, advancing self._nextFrameT from 0.06673333333333334 to 0.10010000000000001
15.2891 	WARNING 	1.1049764000053983: Video catchup needed, advancing self._nextFrameT from 0.10010000000000001 to 0.13346666666666668
15.2892 	WARNING 	1.1049954000045545: Video catchup needed, advancing self._nextFrameT from 0.13346666666666668 to 0.16683333333333333
15.2892 	WARNING 	1.105008300000918: Video catchup needed, advancing self._nextFrameT from 0.16683333333333333 to 0.2002
15.2892 	WARNING 	1.1050206999934744: Video catchup needed, advancing self._nextFrameT from 0.2002 to 0.23356666666666664
15.2892 	WARNING 	1.1050336000043899: Video catchup needed, advancing self._nextFrameT from 0.23356666666666664 to 0.2669333333333333
15.2892 	WARNING 	1.105046399999992: Video catchup needed, advancing self._nextFrameT from 0.2669333333333333 to 0.30029999999999996
15.2892 	WARNING 	1.1050590999948326: Video catchup needed, advancing self._nextFrameT from 0.30029999999999996 to 0.3336666666666666
15.2892 	WARNING 	Max reportNDroppedFrames reached, will not log any more dropped frames
15.3380 	EXP 	window1: mouseVisible = True
15.3472 	EXP 	Created image_4 = ImageStim(__class__=<class 'psychopy.visual.image.ImageStim'>, anchor=('center', 'center'), autoLog=True, color=array([1., 1., 1.]), colorSpace='rgb', contrast=1.0, depth=-3.0, draggable=False, flipHoriz=False, flipVert=False, image='default.png', interpolate=True, mask=None, maskParams=None, name='image_4', opacity=1.0, ori=0.0, pos=array([0., 0.]), size=array([0.35, 0.35]), texRes=128.0, units='height', win=Window(...))
15.3474 	EXP 	window1: mouseVisible = True
15.3574 	EXP 	Created text_4 = TextStim(__class__=<class 'psychopy.visual.text.TextStim'>, alignHoriz=method-wrapper(...), alignText='center', alignVert=method-wrapper(...), anchorHoriz='center', anchorVert='center', antialias=True, autoDraw=False, autoLog=True, bold=False, color=array([1., 1., 1.]), colorSpace='rgb', contrast=1.0, depth=0.0, draggable=False, flipHoriz=False, flipVert=False, font='Open Sans', fontFiles=[], height=0.05, italic=False, languageStyle='LTR', name='text_4', opacity=1.0, ori=0.0, pos=array([0., 0.]), rgb=UNKNOWN, text='¡Muchas gracias por participar!', units='height', win=Window(...), wrapWidth=1)
0.0019 	EXP 	unnamed MovieStim3: autoLog = True
0.0019 	EXP 	unnamed MovieStim3: movie = 'imgs/video_mar.mp4'
0.0019 	EXP 	unnamed MovieStim3: ori = 0.0
0.0019 	EXP 	unnamed MovieStim3: autoLog = True
0.0019 	EXP 	unnamed MovieStim3: movie = 'imgs/song_titanic.mp4'
0.0019 	EXP 	unnamed MovieStim3: ori = 0.0
0.0019 	EXP 	unnamed MovieStim3: autoLog = True
0.0019 	EXP 	unnamed MovieStim3: movie = 'imgs/titanic_spanish.mp4'
0.0019 	EXP 	unnamed MovieStim3: ori = 0.0
0.0019 	EXP 	unnamed MovieStim3: autoLog = True
0.0019 	EXP 	unnamed MovieStim3: movie = 'imgs/titanic_spanish.mp4'
0.0019 	EXP 	unnamed MovieStim3: ori = 0.0
0.0019 	EXP 	unnamed MovieStim3: autoLog = True
0.0019 	EXP 	unnamed MovieStim3: movie = 'imgs/titanic.mp4'
0.0019 	EXP 	unnamed MovieStim3: ori = 0.0
0.0147 	EXP 	image_5: autoDraw = True
0.0147 	EXP 	text_6: autoDraw = True
3.0264 	EXP 	image_5: autoDraw = False
3.0264 	EXP 	text_6: autoDraw = False
3.0264 	EXP 	text_5: autoDraw = True
6.3983 	EXP 	Imported imgs/routines_order.xlsx as conditions, 4 conditions, 1 params
6.3986 	EXP 	Created sequence: sequential, trialTypes=4, nReps=1, seed=None
6.3988 	EXP 	New trial (rep=0, index=0): {'routineName': 'music'}
6.4055 	DATA 	Keypress: space
6.4076 	EXP 	text_5: autoDraw = False
6.4076 	EXP 	text_7: autoDraw = True
8.4139 	EXP 	Imported imgs/iceberg_times.xlsx as conditions, 2 conditions, 3 params
8.4142 	EXP 	Created sequence: random, trialTypes=2, nReps=1, seed=None
8.4143 	EXP 	New trial (rep=0, index=0): {'timepresentation': 6, 'posx': 0.8, 'posy': 0.1}
8.4196 	EXP 	Sound  started
8.4199 	EXP 	New trial (rep=0, index=1): {'timepresentation': 14, 'posx': -0.7, 'posy': 0.15}
8.4309 	EXP 	Imported imgs/iceberg_times.xlsx as conditions, 2 conditions, 3 params
8.4312 	EXP 	Created sequence: random, trialTypes=2, nReps=1, seed=None
8.4313 	EXP 	New trial (rep=0, index=0): {'timepresentation': 6, 'posx': 0.8, 'posy': 0.1}
8.4355 	EXP 	Sound  started
8.4433 	EXP 	text_7: autoDraw = False
8.4433 	EXP 	image: image = 'imgs/iceberg.png'
8.4433 	EXP 	Set unnamed MovieStim3 playing
8.4433 	EXP 	image: autoDraw = False
8.4433 	EXP 	image: image = 'imgs/iceberg.png'
8.4433 	EXP 	image: autoDraw = False
8.4433 	EXP 	image_2: image = 'imgs/iceberg.png'
8.4433 	EXP 	Set unnamed MovieStim3 playing
14.4220 	EXP 	image_2: autoDraw = True
14.8629 	EXP 	New trial (rep=0, index=1): {'timepresentation': 14, 'posx': -0.7, 'posy': 0.15}
14.8890 	DATA 	Keypress: space
14.8968 	EXP 	image_2: autoDraw = False
14.8968 	EXP 	image_2: image = 'imgs/iceberg.png'
26.4699 	EXP 	Sound  stopped
26.6278 	EXP 	Sound  started
26.6279 	WARNING 	0.17980479999096133: Video catchup needed, advancing self._nextFrameT from 0.0 to 0.04
26.6279 	WARNING 	0.1798283999960404: Video catchup needed, advancing self._nextFrameT from 0.04 to 0.08
26.6279 	WARNING 	0.17984070000238717: Video catchup needed, advancing self._nextFrameT from 0.08 to 0.12
26.7632 	EXP 	Set unnamed MovieStim3 finished
26.7634 	WARNING 	0.31532559999322984: Video catchup needed, advancing self._nextFrameT from 0.16 to 0.2
26.7634 	WARNING 	0.3153621999954339: Video catchup needed, advancing self._nextFrameT from 0.2 to 0.24000000000000002
28.8797 	EXP 	image_2: autoDraw = True
29.3904 	EXP 	Sound  stopped
29.3979 	EXP 	Imported imgs/iceberg_times.xlsx as conditions, 2 conditions, 3 params
29.3982 	EXP 	Created sequence: random, trialTypes=2, nReps=1, seed=None
29.3983 	EXP 	New trial (rep=0, index=0): {'timepresentation': 14, 'posx': -0.7, 'posy': 0.15}
29.3984 	EXP 	Sound  started
29.4082 	EXP 	New trial (rep=0, index=1): {'timepresentation': 6, 'posx': 0.8, 'posy': 0.1}
29.4396 	EXP 	Sound  stopped
29.4469 	EXP 	Imported imgs/iceberg_times.xlsx as conditions, 2 conditions, 3 params
29.4472 	EXP 	Created sequence: random, trialTypes=2, nReps=1, seed=None
29.4473 	EXP 	New trial (rep=0, index=0): {'timepresentation': 9, 'posx': 0.5, 'posy': 0.1}
29.4474 	EXP 	Sound  started
29.4476 	EXP 	Sound  started
29.4549 	EXP 	New trial (rep=0, index=1): {'timepresentation': 10, 'posx': -0.6, 'posy': 0.15}
29.4903 	EXP 	Sound  stopped
29.5210 	EXP 	Sound  stopped
29.5213 	EXP 	New trial (rep=0, index=1): {'routineName': 'control'}
29.5228 	DATA 	Keypress: space
29.5306 	EXP 	image_2: autoDraw = False
29.5306 	EXP 	Set unnamed MovieStim3 stopped
29.5306 	EXP 	Set unnamed MovieStim3 playing
29.5306 	EXP 	image_3: image = 'imgs/iceberg.png'
29.5306 	EXP 	image_3: autoDraw = False
29.5306 	EXP 	image_3: image = 'imgs/iceberg.png'
29.5306 	EXP 	image_3: autoDraw = False
29.5306 	EXP 	Set unnamed MovieStim3 stopped
29.5306 	EXP 	Set unnamed MovieStim3 playing
29.5306 	EXP 	Set unnamed MovieStim3 playing
29.5306 	EXP 	image_4: image = 'imgs/iceberg.png'
29.5306 	EXP 	image_4: autoDraw = False
29.5306 	EXP 	image_4: image = 'imgs/iceberg.png'
29.5306 	EXP 	image_4: autoDraw = False
29.5306 	EXP 	Set unnamed MovieStim3 stopped
29.5306 	EXP 	Set unnamed MovieStim3 stopped
29.5306 	EXP 	text_7: autoDraw = True
31.5326 	EXP 	Imported imgs/iceberg_times.xlsx as conditions, 2 conditions, 3 params
31.5330 	EXP 	Created sequence: random, trialTypes=2, nReps=1, seed=None
31.5331 	EXP 	New trial (rep=0, index=0): {'timepresentation': 11, 'posx': 0.6, 'posy': 0.1}
31.5383 	WARNING 	5.090205699991202: Video catchup needed, advancing self._nextFrameT from 2.9200000000000017 to 2.9600000000000017
31.5383 	WARNING 	5.090226300002541: Video catchup needed, advancing self._nextFrameT from 2.9600000000000017 to 3.0000000000000018
31.5383 	WARNING 	5.090237099997466: Video catchup needed, advancing self._nextFrameT from 3.0000000000000018 to 3.040000000000002
31.5383 	WARNING 	5.090246799998567: Video catchup needed, advancing self._nextFrameT from 3.040000000000002 to 3.080000000000002
31.5383 	WARNING 	5.090256099996623: Video catchup needed, advancing self._nextFrameT from 3.080000000000002 to 3.120000000000002
31.5383 	WARNING 	Max reportNDroppedFrames reached, will not log any more dropped frames
32.0914 	EXP 	text_7: autoDraw = False
32.0914 	EXP 	image: image = 'imgs/iceberg.png'
42.5237 	EXP 	image: autoDraw = True
42.8966 	EXP 	New trial (rep=0, index=1): {'timepresentation': 7, 'posx': -0.6, 'posy': 0.15}
42.9154 	DATA 	Keypress: space
42.9239 	EXP 	image: autoDraw = False
42.9239 	EXP 	image: image = 'imgs/iceberg.png'
45.4612 	EXP 	Sound  stopped
45.5946 	EXP 	Sound  started
45.7182 	EXP 	Set unnamed MovieStim3 finished
49.8998 	EXP 	image: autoDraw = True
50.3896 	EXP 	Imported imgs/iceberg_times.xlsx as conditions, 2 conditions, 3 params
50.3900 	EXP 	Created sequence: random, trialTypes=2, nReps=1, seed=None
50.3901 	EXP 	New trial (rep=0, index=0): {'timepresentation': 7, 'posx': -0.6, 'posy': 0.15}
50.5936 	EXP 	window1: mouseVisible = True
