5.1580 	WARNING 	User requested fullscreen with size [1536  864], but screen is actually [1920, 1080]. Using actual size
5.8476 	EXP 	Created window1 = Window(allowGUI=True, allowStencil=False, autoLog=True, backendConf=UNKNOWN, backgroundFit=<method-wrapper '__getattribute__' of attributeSetter object at 0x000001438BDD4C70>, backgroundImage=<method-wrapper '__getattribute__' of attributeSetter object at 0x000001438BDD4C10>, bitsMode=UNKNOWN, blendMode='avg', bpc=(8, 8, 8), color=array([0, 0, 0]), colorSpace='rgb', depthBits=8, fullscr=<method-wrapper '__getattribute__' of attributeSetter object at 0x000001438BDD4A30>, gamma=None, gammaErrorPolicy='raise', lms=UNKNOWN, monitor=<psychopy.monitors.calibTools.Monitor object at 0x000001438C2911C0>, multiSample=False, name='window1', numSamples=2, pos=(0, 0), screen=0, size=array([1920, 1080]), stencilBits=0, stereo=False, title='PsychoPy', units='height', useFBO=True, useRetina=False, viewOri=0.0, viewPos=None, viewScale=None, waitBlanking=True, winType='pyglet')
5.8478 	EXP 	window1: mouseVisible = True
5.8478 	EXP 	window1: backgroundImage = ''
5.8478 	EXP 	window1: backgroundFit = 'none'
5.8500 	EXP 	window1: Attempting to measure frame rate of screen (0) ...
5.8500 	EXP 	window1: recordFrameIntervals = False
6.0134 	EXP 	window1: recordFrameIntervals = True
6.1965 	EXP 	Screen (0) actual frame rate measured at 60.23Hz
6.1965 	EXP 	window1: recordFrameIntervals = False
6.1967 	EXP 	window1: mouseVisible = False
7.9748 	EXP 	tarea_iceberg: status = STARTED
7.9752 	EXP 	window1: mouseVisible = True
7.9758 	WARNING 	Requested image 'imgs/logo_OB.jpeg' not found but similar filename 'imgs/logo_OB.png' exists. This will be used instead but changing the filename is advised.
7.9807 	WARNING 	Requested image 'imgs/logo_OB.jpeg' not found but similar filename 'imgs/logo_OB.png' exists. This will be used instead but changing the filename is advised.
7.9849 	WARNING 	Requested image 'imgs/logo_OB.jpeg' not found but similar filename 'imgs/logo_OB.png' exists. This will be used instead but changing the filename is advised.
7.9888 	WARNING 	Requested image 'imgs/logo_OB.jpeg' not found but similar filename 'imgs/logo_OB.png' exists. This will be used instead but changing the filename is advised.
7.9938 	EXP 	Created image_5 = ImageStim(__class__=<class 'psychopy.visual.image.ImageStim'>, anchor=('center', 'center'), autoLog=True, color=array([1., 1., 1.]), colorSpace='rgb', contrast=1.0, depth=0.0, draggable=False, flipHoriz=False, flipVert=False, image='imgs/logo_OB.jpeg', interpolate=True, mask=None, maskParams=None, name='image_5', opacity=1.0, ori=0.0, pos=array([0., 0.]), size=array([0.6, 0.7]), texRes=128.0, units='height', win=Window(...))
7.9941 	EXP 	window1: mouseVisible = True
8.0486 	EXP 	Created text_6 = TextStim(__class__=<class 'psychopy.visual.text.TextStim'>, alignHoriz=method-wrapper(...), alignText='center', alignVert=method-wrapper(...), anchorHoriz='center', anchorVert='center', antialias=True, autoDraw=False, autoLog=True, bold=False, color=array([1., 1., 1.]), colorSpace='rgb', contrast=1.0, depth=-1.0, draggable=False, flipHoriz=False, flipVert=False, font='Open Sans', fontFiles=[], height=0.04, italic=False, languageStyle='LTR', name='text_6', opacity=1.0, ori=0.0, pos=array([ 0.  , -0.35]), rgb=UNKNOWN, text='¡Bienvenido a un experimento de Open Brains!', units='height', win=Window(...), wrapWidth=1)
8.0487 	EXP 	window1: mouseVisible = True
8.0658 	EXP 	Created text_5 = TextStim(__class__=<class 'psychopy.visual.text.TextStim'>, alignHoriz=method-wrapper(...), alignText='center', alignVert=method-wrapper(...), anchorHoriz='center', anchorVert='center', antialias=True, autoDraw=False, autoLog=True, bold=False, color=array([1., 1., 1.]), colorSpace='rgb', contrast=1.0, depth=0.0, draggable=False, flipHoriz=False, flipVert=False, font='Open Sans', fontFiles=[], height=0.035, italic=False, languageStyle='LTR', name='text_5', opacity=1.0, ori=0.0, pos=array([0., 0.]), rgb=UNKNOWN, text=str(...), units='height', win=Window(...), wrapWidth=1)
8.0659 	EXP 	window1: mouseVisible = True
8.0739 	EXP 	Created image = ImageStim(__class__=<class 'psychopy.visual.image.ImageStim'>, anchor=('center', 'center'), autoLog=True, color=array([1., 1., 1.]), colorSpace='rgb', contrast=1.0, depth=0.0, draggable=False, flipHoriz=False, flipVert=False, image='default.png', interpolate=True, mask=None, maskParams=None, name='image', opacity=1.0, ori=0.0, pos=array([0., 0.]), size=array([0.35, 0.35]), texRes=128.0, units='height', win=Window(...))
8.1872 	EXP 	Created unnamed MovieStim3 = MovieStim3(__class__=<class 'psychopy.visual.movie3.MovieStim3'>, anchor=('center', 'center'), autoLog=True, color=UNKNOWN, colorSpace=UNKNOWN, depth=0.0, filename='imgs/video_mar.mp4', flipHoriz=False, flipVert=False, fps=UNKNOWN, interpolate=True, loop=True, name='unnamed MovieStim3', noAudio=False, opacity=1, ori=method-wrapper(...), pos=array([0., 0.]), size=None, units='pix', vframe_callback=UNKNOWN, volume=UNKNOWN, win=Window(...))
9.2414 	WARNING 	1.05411230000027: Video catchup needed, advancing self._nextFrameT from 0.0 to 0.04
9.2415 	WARNING 	1.0542036000115331: Video catchup needed, advancing self._nextFrameT from 0.04 to 0.08
9.2415 	WARNING 	1.0542466000042623: Video catchup needed, advancing self._nextFrameT from 0.08 to 0.12
9.2415 	WARNING 	1.054277400005958: Video catchup needed, advancing self._nextFrameT from 0.12 to 0.16
9.2415 	WARNING 	1.0542996000003768: Video catchup needed, advancing self._nextFrameT from 0.16 to 0.2
9.2416 	WARNING 	1.054321000003256: Video catchup needed, advancing self._nextFrameT from 0.2 to 0.24000000000000002
9.2416 	WARNING 	1.0543474000005517: Video catchup needed, advancing self._nextFrameT from 0.24000000000000002 to 0.28
9.2416 	WARNING 	1.054372800004785: Video catchup needed, advancing self._nextFrameT from 0.28 to 0.32
9.2417 	WARNING 	1.0544296000007307: Video catchup needed, advancing self._nextFrameT from 0.32 to 0.36
9.2417 	WARNING 	1.0544636999984505: Video catchup needed, advancing self._nextFrameT from 0.36 to 0.39999999999999997
9.2417 	WARNING 	Max reportNDroppedFrames reached, will not log any more dropped frames
9.4855 	EXP 	window1: mouseVisible = True
9.4957 	EXP 	Created text = TextStim(__class__=<class 'psychopy.visual.text.TextStim'>, alignHoriz=method-wrapper(...), alignText='center', alignVert=method-wrapper(...), anchorHoriz='center', anchorVert='center', antialias=True, autoDraw=False, autoLog=True, bold=False, color=array([1., 1., 1.]), colorSpace='rgb', contrast=1.0, depth=0.0, draggable=False, flipHoriz=False, flipVert=False, font='Open Sans', fontFiles=[], height=0.05, italic=False, languageStyle='LTR', name='text', opacity=1.0, ori=0.0, pos=array([0., 0.]), rgb=UNKNOWN, text='¡Empezamos la segunda ronda!', units='height', win=Window(...), wrapWidth=1)
9.4958 	EXP 	window1: mouseVisible = True
9.5033 	EXP 	Created image_2 = ImageStim(__class__=<class 'psychopy.visual.image.ImageStim'>, anchor=('center', 'center'), autoLog=True, color=array([1., 1., 1.]), colorSpace='rgb', contrast=1.0, depth=0.0, draggable=False, flipHoriz=False, flipVert=False, image='default.png', interpolate=True, mask=None, maskParams=None, name='image_2', opacity=1.0, ori=0.0, pos=array([0., 0.]), size=array([0.35, 0.35]), texRes=128.0, units='height', win=Window(...))
9.5035 	EXP 	Created unnamed MovieStim3 = MovieStim3(__class__=<class 'psychopy.visual.movie3.MovieStim3'>, anchor=('center', 'center'), autoLog=True, color=UNKNOWN, colorSpace=UNKNOWN, depth=0.0, filename='imgs/song_titanic.mp4', flipHoriz=False, flipVert=False, fps=UNKNOWN, interpolate=True, loop=False, name='unnamed MovieStim3', noAudio=False, opacity=1, ori=method-wrapper(...), pos=array([0., 0.]), size=None, units='pix', vframe_callback=UNKNOWN, volume=UNKNOWN, win=Window(...))
10.2555 	WARNING 	0.751959800007171: Video catchup needed, advancing self._nextFrameT from 0.0 to 0.041666666666666664
10.2556 	WARNING 	0.7520612000080291: Video catchup needed, advancing self._nextFrameT from 0.041666666666666664 to 0.08333333333333333
10.2556 	WARNING 	0.7520762000058312: Video catchup needed, advancing self._nextFrameT from 0.08333333333333333 to 0.125
10.2556 	WARNING 	0.7520883000106551: Video catchup needed, advancing self._nextFrameT from 0.125 to 0.16666666666666666
10.2556 	WARNING 	0.7521012000070186: Video catchup needed, advancing self._nextFrameT from 0.16666666666666666 to 0.20833333333333331
10.2556 	WARNING 	0.7521118000004208: Video catchup needed, advancing self._nextFrameT from 0.20833333333333331 to 0.24999999999999997
10.2556 	WARNING 	0.7521228000114206: Video catchup needed, advancing self._nextFrameT from 0.24999999999999997 to 0.29166666666666663
10.2557 	WARNING 	0.7521332000032999: Video catchup needed, advancing self._nextFrameT from 0.29166666666666663 to 0.3333333333333333
10.2557 	WARNING 	0.7521420000120997: Video catchup needed, advancing self._nextFrameT from 0.3333333333333333 to 0.375
10.2557 	WARNING 	0.7521517999994103: Video catchup needed, advancing self._nextFrameT from 0.375 to 0.4166666666666667
10.2557 	WARNING 	Max reportNDroppedFrames reached, will not log any more dropped frames
10.2835 	EXP 	window1: mouseVisible = True
10.2882 	EXP 	Created text_2 = TextStim(__class__=<class 'psychopy.visual.text.TextStim'>, alignHoriz=method-wrapper(...), alignText='center', alignVert=method-wrapper(...), anchorHoriz='center', anchorVert='center', antialias=True, autoDraw=False, autoLog=True, bold=False, color=array([1., 1., 1.]), colorSpace='rgb', contrast=1.0, depth=0.0, draggable=False, flipHoriz=False, flipVert=False, font='Open Sans', fontFiles=[], height=0.05, italic=False, languageStyle='LTR', name='text_2', opacity=1.0, ori=0.0, pos=array([0., 0.]), rgb=UNKNOWN, text='¡empezamos la tercera ronda!', units='height', win=Window(...), wrapWidth=1)
10.2884 	EXP 	Created unnamed MovieStim3 = MovieStim3(__class__=<class 'psychopy.visual.movie3.MovieStim3'>, anchor=('center', 'center'), autoLog=True, color=UNKNOWN, colorSpace=UNKNOWN, depth=0.0, filename='imgs/titanic_spanish.mp4', flipHoriz=False, flipVert=False, fps=UNKNOWN, interpolate=True, loop=False, name='unnamed MovieStim3', noAudio=False, opacity=1, ori=method-wrapper(...), pos=array([0., 0.]), size=None, units='pix', vframe_callback=UNKNOWN, volume=UNKNOWN, win=Window(...))
11.5521 	WARNING 	1.2636577999946894: Video catchup needed, advancing self._nextFrameT from 0.0 to 0.04
11.5521 	WARNING 	1.263701999996556: Video catchup needed, advancing self._nextFrameT from 0.04 to 0.08
11.5521 	WARNING 	1.2637124000029871: Video catchup needed, advancing self._nextFrameT from 0.08 to 0.12
11.5521 	WARNING 	1.2637228999956278: Video catchup needed, advancing self._nextFrameT from 0.12 to 0.16
11.5522 	WARNING 	1.263737300003413: Video catchup needed, advancing self._nextFrameT from 0.16 to 0.2
11.5522 	WARNING 	1.2637638000014704: Video catchup needed, advancing self._nextFrameT from 0.2 to 0.24000000000000002
11.5522 	WARNING 	1.2637855000066338: Video catchup needed, advancing self._nextFrameT from 0.24000000000000002 to 0.28
11.5522 	WARNING 	1.2638012999959756: Video catchup needed, advancing self._nextFrameT from 0.28 to 0.32
11.5522 	WARNING 	1.263812000004691: Video catchup needed, advancing self._nextFrameT from 0.32 to 0.36
11.5522 	WARNING 	1.2638211000012234: Video catchup needed, advancing self._nextFrameT from 0.36 to 0.39999999999999997
11.5522 	WARNING 	Max reportNDroppedFrames reached, will not log any more dropped frames
11.5954 	EXP 	window1: mouseVisible = True
11.6031 	EXP 	Created image_3 = ImageStim(__class__=<class 'psychopy.visual.image.ImageStim'>, anchor=('center', 'center'), autoLog=True, color=array([1., 1., 1.]), colorSpace='rgb', contrast=1.0, depth=-2.0, draggable=False, flipHoriz=False, flipVert=False, image='default.png', interpolate=True, mask=None, maskParams=None, name='image_3', opacity=1.0, ori=0.0, pos=array([0., 0.]), size=array([0.35, 0.35]), texRes=128.0, units='height', win=Window(...))
11.6033 	EXP 	window1: mouseVisible = True
11.6069 	EXP 	Created text_3 = TextStim(__class__=<class 'psychopy.visual.text.TextStim'>, alignHoriz=method-wrapper(...), alignText='center', alignVert=method-wrapper(...), anchorHoriz='center', anchorVert='center', antialias=True, autoDraw=False, autoLog=True, bold=False, color=array([1., 1., 1.]), colorSpace='rgb', contrast=1.0, depth=0.0, draggable=False, flipHoriz=False, flipVert=False, font='Open Sans', fontFiles=[], height=0.05, italic=False, languageStyle='LTR', name='text_3', opacity=1.0, ori=0.0, pos=array([0., 0.]), rgb=UNKNOWN, text='¡última ronda!', units='height', win=Window(...), wrapWidth=1)
11.6072 	EXP 	Created unnamed MovieStim3 = MovieStim3(__class__=<class 'psychopy.visual.movie3.MovieStim3'>, anchor=('center', 'center'), autoLog=True, color=UNKNOWN, colorSpace=UNKNOWN, depth=0.0, filename='imgs/titanic_spanish.mp4', flipHoriz=False, flipVert=False, fps=UNKNOWN, interpolate=True, loop=False, name='unnamed MovieStim3', noAudio=False, opacity=1, ori=method-wrapper(...), pos=array([0., 0.]), size=None, units='pix', vframe_callback=UNKNOWN, volume=UNKNOWN, win=Window(...))
12.8050 	WARNING 	1.1977096000046004: Video catchup needed, advancing self._nextFrameT from 0.0 to 0.04
12.8050 	WARNING 	1.1977515000035055: Video catchup needed, advancing self._nextFrameT from 0.04 to 0.08
12.8050 	WARNING 	1.1977674999943702: Video catchup needed, advancing self._nextFrameT from 0.08 to 0.12
12.8050 	WARNING 	1.1977767000062158: Video catchup needed, advancing self._nextFrameT from 0.12 to 0.16
12.8050 	WARNING 	1.1977856000012252: Video catchup needed, advancing self._nextFrameT from 0.16 to 0.2
12.8050 	WARNING 	1.1977945999969961: Video catchup needed, advancing self._nextFrameT from 0.2 to 0.24000000000000002
12.8051 	WARNING 	1.1978035000065574: Video catchup needed, advancing self._nextFrameT from 0.24000000000000002 to 0.28
12.8051 	WARNING 	1.197812200000044: Video catchup needed, advancing self._nextFrameT from 0.28 to 0.32
12.8051 	WARNING 	1.1978205000050366: Video catchup needed, advancing self._nextFrameT from 0.32 to 0.36
12.8051 	WARNING 	1.1978292999992846: Video catchup needed, advancing self._nextFrameT from 0.36 to 0.39999999999999997
12.8051 	WARNING 	Max reportNDroppedFrames reached, will not log any more dropped frames
12.8565 	EXP 	Created unnamed MovieStim3 = MovieStim3(__class__=<class 'psychopy.visual.movie3.MovieStim3'>, anchor=('center', 'center'), autoLog=True, color=UNKNOWN, colorSpace=UNKNOWN, depth=0.0, filename='imgs/titanic.mp4', flipHoriz=False, flipVert=False, fps=UNKNOWN, interpolate=True, loop=False, name='unnamed MovieStim3', noAudio=False, opacity=1, ori=method-wrapper(...), pos=array([  0., 100.]), size=None, units='pix', vframe_callback=UNKNOWN, volume=UNKNOWN, win=Window(...))
13.9676 	WARNING 	1.1110194000066258: Video catchup needed, advancing self._nextFrameT from 0.0 to 0.03336666666666667
13.9676 	WARNING 	1.1110554000042612: Video catchup needed, advancing self._nextFrameT from 0.03336666666666667 to 0.06673333333333334
13.9676 	WARNING 	1.1110674000083236: Video catchup needed, advancing self._nextFrameT from 0.06673333333333334 to 0.10010000000000001
13.9677 	WARNING 	1.111144399998011: Video catchup needed, advancing self._nextFrameT from 0.10010000000000001 to 0.13346666666666668
13.9677 	WARNING 	1.1111557999975048: Video catchup needed, advancing self._nextFrameT from 0.13346666666666668 to 0.16683333333333333
13.9677 	WARNING 	1.111165100010112: Video catchup needed, advancing self._nextFrameT from 0.16683333333333333 to 0.2002
13.9677 	WARNING 	1.1111761000065599: Video catchup needed, advancing self._nextFrameT from 0.2002 to 0.23356666666666664
13.9677 	WARNING 	1.1111850000015693: Video catchup needed, advancing self._nextFrameT from 0.23356666666666664 to 0.2669333333333333
13.9677 	WARNING 	1.111194000011892: Video catchup needed, advancing self._nextFrameT from 0.2669333333333333 to 0.30029999999999996
13.9677 	WARNING 	1.111203000007663: Video catchup needed, advancing self._nextFrameT from 0.30029999999999996 to 0.3336666666666666
13.9677 	WARNING 	Max reportNDroppedFrames reached, will not log any more dropped frames
13.9927 	EXP 	window1: mouseVisible = True
14.0004 	EXP 	Created image_4 = ImageStim(__class__=<class 'psychopy.visual.image.ImageStim'>, anchor=('center', 'center'), autoLog=True, color=array([1., 1., 1.]), colorSpace='rgb', contrast=1.0, depth=-3.0, draggable=False, flipHoriz=False, flipVert=False, image='default.png', interpolate=True, mask=None, maskParams=None, name='image_4', opacity=1.0, ori=0.0, pos=array([0., 0.]), size=array([0.35, 0.35]), texRes=128.0, units='height', win=Window(...))
14.0005 	EXP 	window1: mouseVisible = True
14.0047 	EXP 	Created text_4 = TextStim(__class__=<class 'psychopy.visual.text.TextStim'>, alignHoriz=method-wrapper(...), alignText='center', alignVert=method-wrapper(...), anchorHoriz='center', anchorVert='center', antialias=True, autoDraw=False, autoLog=True, bold=False, color=array([1., 1., 1.]), colorSpace='rgb', contrast=1.0, depth=0.0, draggable=False, flipHoriz=False, flipVert=False, font='Open Sans', fontFiles=[], height=0.05, italic=False, languageStyle='LTR', name='text_4', opacity=1.0, ori=0.0, pos=array([0., 0.]), rgb=UNKNOWN, text='¡Muchas gracias por participar!', units='height', win=Window(...), wrapWidth=1)
0.0020 	EXP 	unnamed MovieStim3: autoLog = True
0.0020 	EXP 	unnamed MovieStim3: movie = 'imgs/video_mar.mp4'
0.0020 	EXP 	unnamed MovieStim3: ori = 0.0
0.0020 	EXP 	unnamed MovieStim3: autoLog = True
0.0020 	EXP 	unnamed MovieStim3: movie = 'imgs/song_titanic.mp4'
0.0020 	EXP 	unnamed MovieStim3: ori = 0.0
0.0020 	EXP 	unnamed MovieStim3: autoLog = True
0.0020 	EXP 	unnamed MovieStim3: movie = 'imgs/titanic_spanish.mp4'
0.0020 	EXP 	unnamed MovieStim3: ori = 0.0
0.0020 	EXP 	unnamed MovieStim3: autoLog = True
0.0020 	EXP 	unnamed MovieStim3: movie = 'imgs/titanic_spanish.mp4'
0.0020 	EXP 	unnamed MovieStim3: ori = 0.0
0.0020 	EXP 	unnamed MovieStim3: autoLog = True
0.0020 	EXP 	unnamed MovieStim3: movie = 'imgs/titanic.mp4'
0.0020 	EXP 	unnamed MovieStim3: ori = 0.0
0.0134 	EXP 	image_5: autoDraw = True
0.0134 	EXP 	text_6: autoDraw = True
3.0175 	EXP 	image_5: autoDraw = False
3.0175 	EXP 	text_6: autoDraw = False
3.0175 	EXP 	text_5: autoDraw = True
6.2874 	EXP 	Imported imgs/routines_order.xlsx as conditions, 4 conditions, 1 params
6.2877 	EXP 	Created sequence: random, trialTypes=4, nReps=1, seed=None
6.2878 	EXP 	New trial (rep=0, index=0): {'routineName': 'control'}
6.2879 	EXP 	New trial (rep=0, index=1): {'routineName': 'music_video'}
6.2880 	EXP 	New trial (rep=0, index=2): {'routineName': 'music_words'}
6.2881 	EXP 	New trial (rep=0, index=3): {'routineName': 'music'}
6.2945 	EXP 	Imported imgs/iceberg_times.xlsx as conditions, 2 conditions, 3 params
6.2947 	EXP 	Created sequence: random, trialTypes=2, nReps=1, seed=None
6.2948 	EXP 	New trial (rep=0, index=0): {'timepresentation': 15, 'posx': 0.7, 'posy': 0.1}
6.3002 	EXP 	Sound  started
6.3005 	EXP 	New trial (rep=0, index=1): {'timepresentation': 4, 'posx': 0.6, 'posy': 0.1}
6.3072 	DATA 	Keypress: space
6.3095 	EXP 	text_5: autoDraw = False
6.3095 	EXP 	image: image = 'imgs/iceberg.png'
6.3095 	EXP 	Set unnamed MovieStim3 playing
6.3095 	EXP 	image: autoDraw = False
6.3095 	EXP 	image: image = 'imgs/iceberg.png'
6.3095 	EXP 	image: autoDraw = False
6.3095 	EXP 	text: autoDraw = True
7.3075 	EXP 	Imported imgs/iceberg_times.xlsx as conditions, 2 conditions, 3 params
7.3078 	EXP 	Created sequence: random, trialTypes=2, nReps=1, seed=None
7.3079 	EXP 	New trial (rep=0, index=0): {'timepresentation': 15, 'posx': 0.7, 'posy': 0.1}
7.3120 	EXP 	Sound  started
7.3121 	WARNING 	1.9718825000163633: Video catchup needed, advancing self._nextFrameT from 1.0000000000000002 to 1.0400000000000003
7.3121 	WARNING 	1.9718992000125581: Video catchup needed, advancing self._nextFrameT from 1.0400000000000003 to 1.0800000000000003
7.3121 	WARNING 	1.9719094000174664: Video catchup needed, advancing self._nextFrameT from 1.0800000000000003 to 1.1200000000000003
7.3121 	WARNING 	1.9719274000090081: Video catchup needed, advancing self._nextFrameT from 1.1200000000000003 to 1.1600000000000004
7.3122 	WARNING 	1.971938200018485: Video catchup needed, advancing self._nextFrameT from 1.1600000000000004 to 1.2000000000000004
7.3122 	WARNING 	1.971947200014256: Video catchup needed, advancing self._nextFrameT from 1.2000000000000004 to 1.2400000000000004
7.3122 	WARNING 	1.9719557000062196: Video catchup needed, advancing self._nextFrameT from 1.2400000000000004 to 1.2800000000000005
7.3122 	WARNING 	1.9719641000119736: Video catchup needed, advancing self._nextFrameT from 1.2800000000000005 to 1.3200000000000005
7.3122 	WARNING 	1.9719733000092674: Video catchup needed, advancing self._nextFrameT from 1.3200000000000005 to 1.3600000000000005
7.3122 	WARNING 	1.9719824000057997: Video catchup needed, advancing self._nextFrameT from 1.3600000000000005 to 1.4000000000000006
7.3122 	WARNING 	Max reportNDroppedFrames reached, will not log any more dropped frames
7.5593 	EXP 	text: autoDraw = False
7.5593 	EXP 	text: autoDraw = False
7.5593 	EXP 	image_2: image = 'imgs/iceberg.png'
7.5593 	EXP 	Set unnamed MovieStim3 playing
22.2975 	EXP 	image_2: autoDraw = True
23.5762 	DATA 	Keypress: space
23.5836 	EXP 	New trial (rep=0, index=1): {'timepresentation': 4, 'posx': 0.6, 'posy': 0.1}
23.5955 	EXP 	image_2: autoDraw = False
23.5955 	EXP 	image_2: image = 'imgs/iceberg.png'
24.3617 	EXP 	Sound  stopped
24.5297 	EXP 	Sound  started
24.6600 	EXP 	Set unnamed MovieStim3 finished
27.5881 	EXP 	image_2: autoDraw = True
28.4544 	DATA 	Keypress: space
28.4841 	EXP 	Sound  stopped
28.4901 	EXP 	image_2: autoDraw = False
28.4901 	EXP 	Set unnamed MovieStim3 stopped
28.4901 	EXP 	text_2: autoDraw = True
29.4927 	EXP 	Imported imgs/iceberg_times.xlsx as conditions, 2 conditions, 3 params
29.4929 	EXP 	Created sequence: random, trialTypes=2, nReps=1, seed=None
29.4931 	EXP 	New trial (rep=0, index=0): {'timepresentation': 15, 'posx': 0.7, 'posy': 0.1}
29.4931 	EXP 	Sound  started
29.4988 	EXP 	New trial (rep=0, index=1): {'timepresentation': 4, 'posx': 0.6, 'posy': 0.1}
29.5333 	EXP 	Sound  stopped
29.5374 	EXP 	text_2: autoDraw = False
29.5374 	EXP 	Set unnamed MovieStim3 playing
29.5374 	EXP 	image_3: image = 'imgs/iceberg.png'
29.5374 	EXP 	image_3: autoDraw = False
29.5374 	EXP 	image_3: image = 'imgs/iceberg.png'
29.5374 	EXP 	image_3: autoDraw = False
29.5374 	EXP 	Set unnamed MovieStim3 stopped
29.5374 	EXP 	text_3: autoDraw = True
30.5427 	EXP 	Imported imgs/iceberg_times.xlsx as conditions, 2 conditions, 3 params
30.5430 	EXP 	Created sequence: random, trialTypes=2, nReps=1, seed=None
30.5431 	EXP 	New trial (rep=0, index=0): {'timepresentation': 9, 'posx': 0.8, 'posy': 0.1}
30.5432 	EXP 	Sound  started
30.5434 	EXP 	Sound  started
30.5491 	EXP 	New trial (rep=0, index=1): {'timepresentation': 13, 'posx': -0.7, 'posy': 0.15}
30.5834 	EXP 	Sound  stopped
30.6118 	EXP 	Sound  stopped
30.6159 	EXP 	text_3: autoDraw = False
30.6159 	EXP 	Set unnamed MovieStim3 playing
30.6159 	EXP 	Set unnamed MovieStim3 playing
30.6159 	EXP 	image_4: image = 'imgs/iceberg.png'
30.6159 	EXP 	image_4: autoDraw = False
30.6159 	EXP 	image_4: image = 'imgs/iceberg.png'
30.6159 	EXP 	image_4: autoDraw = False
30.6159 	EXP 	Set unnamed MovieStim3 stopped
30.6159 	EXP 	Set unnamed MovieStim3 stopped
30.6159 	EXP 	text_4: autoDraw = True
32.6156 	EXP 	text_4: autoDraw = False
32.6156 	EXP 	text_4: autoDraw = False
32.6158 	EXP 	tarea_iceberg: status = STOPPED
32.8399 	EXP 	window1: mouseVisible = True
