5.6316 	WARNING 	User requested fullscreen with size [1536  864], but screen is actually [1920, 1080]. Using actual size
6.3538 	EXP 	Created window1 = Window(allowGUI=True, allowStencil=False, autoLog=True, backendConf=UNKNOWN, backgroundFit=<method-wrapper '__getattribute__' of attributeSetter object at 0x0000025932B23E50>, backgroundImage=<method-wrapper '__getattribute__' of attributeSetter object at 0x0000025932B23DF0>, bitsMode=UNKNOWN, blendMode='avg', bpc=(8, 8, 8), color=array([0, 0, 0]), colorSpace='rgb', depthBits=8, fullscr=<method-wrapper '__getattribute__' of attributeSetter object at 0x0000025932B23C10>, gamma=None, gammaErrorPolicy='raise', lms=UNKNOWN, monitor=<psychopy.monitors.calibTools.Monitor object at 0x000002593E4113A0>, multiSample=False, name='window1', numSamples=2, pos=(0, 0), screen=0, size=array([1920, 1080]), stencilBits=0, stereo=False, title='PsychoPy', units='height', useFBO=True, useRetina=False, viewOri=0.0, viewPos=None, viewScale=None, waitBlanking=True, winType='pyglet')
6.3539 	EXP 	window1: mouseVisible = True
6.3539 	EXP 	window1: backgroundImage = ''
6.3539 	EXP 	window1: backgroundFit = 'none'
6.3558 	EXP 	window1: Attempting to measure frame rate of screen (0) ...
6.3559 	EXP 	window1: recordFrameIntervals = False
6.5198 	EXP 	window1: recordFrameIntervals = True
6.7032 	EXP 	Screen (0) actual frame rate measured at 60.23Hz
6.7032 	EXP 	window1: recordFrameIntervals = False
6.7035 	EXP 	window1: mouseVisible = False
8.4835 	EXP 	tarea_iceberg: status = STARTED
8.4839 	EXP 	window1: mouseVisible = True
8.4844 	WARNING 	Requested image 'imgs/logo_OB.jpeg' not found but similar filename 'imgs/logo_OB.png' exists. This will be used instead but changing the filename is advised.
8.4891 	WARNING 	Requested image 'imgs/logo_OB.jpeg' not found but similar filename 'imgs/logo_OB.png' exists. This will be used instead but changing the filename is advised.
8.4932 	WARNING 	Requested image 'imgs/logo_OB.jpeg' not found but similar filename 'imgs/logo_OB.png' exists. This will be used instead but changing the filename is advised.
8.4973 	WARNING 	Requested image 'imgs/logo_OB.jpeg' not found but similar filename 'imgs/logo_OB.png' exists. This will be used instead but changing the filename is advised.
8.5023 	EXP 	Created image_5 = ImageStim(__class__=<class 'psychopy.visual.image.ImageStim'>, anchor=('center', 'center'), autoLog=True, color=array([1., 1., 1.]), colorSpace='rgb', contrast=1.0, depth=0.0, draggable=False, flipHoriz=False, flipVert=False, image='imgs/logo_OB.jpeg', interpolate=True, mask=None, maskParams=None, name='image_5', opacity=1.0, ori=0.0, pos=array([0., 0.]), size=array([0.6, 0.7]), texRes=128.0, units='height', win=Window(...))
8.5025 	EXP 	window1: mouseVisible = True
8.5622 	EXP 	Created text_6 = TextStim(__class__=<class 'psychopy.visual.text.TextStim'>, alignHoriz=method-wrapper(...), alignText='center', alignVert=method-wrapper(...), anchorHoriz='center', anchorVert='center', antialias=True, autoDraw=False, autoLog=True, bold=False, color=array([1., 1., 1.]), colorSpace='rgb', contrast=1.0, depth=-1.0, draggable=False, flipHoriz=False, flipVert=False, font='Open Sans', fontFiles=[], height=0.04, italic=False, languageStyle='LTR', name='text_6', opacity=1.0, ori=0.0, pos=array([ 0.  , -0.35]), rgb=UNKNOWN, text='¡Bienvenido a un experimento de Open Brains!', units='height', win=Window(...), wrapWidth=1)
8.5623 	EXP 	window1: mouseVisible = True
8.5794 	EXP 	Created text_5 = TextStim(__class__=<class 'psychopy.visual.text.TextStim'>, alignHoriz=method-wrapper(...), alignText='center', alignVert=method-wrapper(...), anchorHoriz='center', anchorVert='center', antialias=True, autoDraw=False, autoLog=True, bold=False, color=array([1., 1., 1.]), colorSpace='rgb', contrast=1.0, depth=0.0, draggable=False, flipHoriz=False, flipVert=False, font='Open Sans', fontFiles=[], height=0.035, italic=False, languageStyle='LTR', name='text_5', opacity=1.0, ori=0.0, pos=array([0., 0.]), rgb=UNKNOWN, text=str(...), units='height', win=Window(...), wrapWidth=1)
8.5795 	EXP 	window1: mouseVisible = True
8.5806 	EXP 	Created text_7 = TextStim(__class__=<class 'psychopy.visual.text.TextStim'>, alignHoriz=method-wrapper(...), alignText='center', alignVert=method-wrapper(...), anchorHoriz='center', anchorVert='center', antialias=True, autoDraw=False, autoLog=True, bold=False, color=array([1., 1., 1.]), colorSpace='rgb', contrast=1.0, depth=0.0, draggable=False, flipHoriz=False, flipVert=False, font='Open Sans', fontFiles=[], height=0.05, italic=False, languageStyle='LTR', name='text_7', opacity=1.0, ori=0.0, pos=array([0., 0.]), rgb=UNKNOWN, text='', units='height', win=Window(...), wrapWidth=1)
8.5807 	EXP 	window1: mouseVisible = True
8.5887 	EXP 	Created image = ImageStim(__class__=<class 'psychopy.visual.image.ImageStim'>, anchor=('center', 'center'), autoLog=True, color=array([1., 1., 1.]), colorSpace='rgb', contrast=1.0, depth=-1.0, draggable=False, flipHoriz=False, flipVert=False, image='default.png', interpolate=True, mask=None, maskParams=None, name='image', opacity=1.0, ori=0.0, pos=array([0., 0.]), size=array([0.35, 0.35]), texRes=128.0, units='height', win=Window(...))
8.7040 	EXP 	Created unnamed MovieStim3 = MovieStim3(__class__=<class 'psychopy.visual.movie3.MovieStim3'>, anchor=('center', 'center'), autoLog=True, color=UNKNOWN, colorSpace=UNKNOWN, depth=0.0, filename='imgs/video_mar.mp4', flipHoriz=False, flipVert=False, fps=UNKNOWN, interpolate=True, loop=True, name='unnamed MovieStim3', noAudio=False, opacity=1, ori=method-wrapper(...), pos=array([0., 0.]), size=None, units='pix', vframe_callback=UNKNOWN, volume=UNKNOWN, win=Window(...))
9.7713 	WARNING 	1.0672576000069967: Video catchup needed, advancing self._nextFrameT from 0.0 to 0.04
9.7714 	WARNING 	1.0673457000084454: Video catchup needed, advancing self._nextFrameT from 0.04 to 0.08
9.7714 	WARNING 	1.0673774000024423: Video catchup needed, advancing self._nextFrameT from 0.08 to 0.12
9.7714 	WARNING 	1.0674035999982152: Video catchup needed, advancing self._nextFrameT from 0.12 to 0.16
9.7715 	WARNING 	1.0674297000077786: Video catchup needed, advancing self._nextFrameT from 0.16 to 0.2
9.7715 	WARNING 	1.0674557000020286: Video catchup needed, advancing self._nextFrameT from 0.2 to 0.24000000000000002
9.7715 	WARNING 	1.0674824000016088: Video catchup needed, advancing self._nextFrameT from 0.24000000000000002 to 0.28
9.7716 	WARNING 	1.067536000002292: Video catchup needed, advancing self._nextFrameT from 0.28 to 0.32
9.7716 	WARNING 	1.067563100004918: Video catchup needed, advancing self._nextFrameT from 0.32 to 0.36
9.7716 	WARNING 	1.0675907000113511: Video catchup needed, advancing self._nextFrameT from 0.36 to 0.39999999999999997
9.7719 	WARNING 	Max reportNDroppedFrames reached, will not log any more dropped frames
10.0124 	EXP 	window1: mouseVisible = True
10.0229 	EXP 	Created image_2 = ImageStim(__class__=<class 'psychopy.visual.image.ImageStim'>, anchor=('center', 'center'), autoLog=True, color=array([1., 1., 1.]), colorSpace='rgb', contrast=1.0, depth=-1.0, draggable=False, flipHoriz=False, flipVert=False, image='default.png', interpolate=True, mask=None, maskParams=None, name='image_2', opacity=1.0, ori=0.0, pos=array([0., 0.]), size=array([0.35, 0.35]), texRes=128.0, units='height', win=Window(...))
10.0232 	EXP 	Created unnamed MovieStim3 = MovieStim3(__class__=<class 'psychopy.visual.movie3.MovieStim3'>, anchor=('center', 'center'), autoLog=True, color=UNKNOWN, colorSpace=UNKNOWN, depth=0.0, filename='imgs/song_titanic.mp4', flipHoriz=False, flipVert=False, fps=UNKNOWN, interpolate=True, loop=False, name='unnamed MovieStim3', noAudio=False, opacity=1, ori=method-wrapper(...), pos=array([0., 0.]), size=None, units='pix', vframe_callback=UNKNOWN, volume=UNKNOWN, win=Window(...))
10.7933 	WARNING 	0.7700572999892756: Video catchup needed, advancing self._nextFrameT from 0.0 to 0.041666666666666664
10.7933 	WARNING 	0.7700997999927495: Video catchup needed, advancing self._nextFrameT from 0.041666666666666664 to 0.08333333333333333
10.7933 	WARNING 	0.7701101999991806: Video catchup needed, advancing self._nextFrameT from 0.08333333333333333 to 0.125
10.7933 	WARNING 	0.7701187999919057: Video catchup needed, advancing self._nextFrameT from 0.125 to 0.16666666666666666
10.7933 	WARNING 	0.7701261999900453: Video catchup needed, advancing self._nextFrameT from 0.16666666666666666 to 0.20833333333333331
10.7933 	WARNING 	0.7701343999942765: Video catchup needed, advancing self._nextFrameT from 0.20833333333333331 to 0.24999999999999997
10.7933 	WARNING 	0.7701431000023149: Video catchup needed, advancing self._nextFrameT from 0.24999999999999997 to 0.29166666666666663
10.7933 	WARNING 	0.7701509999897098: Video catchup needed, advancing self._nextFrameT from 0.29166666666666663 to 0.3333333333333333
10.7933 	WARNING 	0.7701584999886109: Video catchup needed, advancing self._nextFrameT from 0.3333333333333333 to 0.375
10.7933 	WARNING 	0.7701660000020638: Video catchup needed, advancing self._nextFrameT from 0.375 to 0.4166666666666667
10.7933 	WARNING 	Max reportNDroppedFrames reached, will not log any more dropped frames
10.8145 	EXP 	Created unnamed MovieStim3 = MovieStim3(__class__=<class 'psychopy.visual.movie3.MovieStim3'>, anchor=('center', 'center'), autoLog=True, color=UNKNOWN, colorSpace=UNKNOWN, depth=0.0, filename='imgs/titanic_spanish.mp4', flipHoriz=False, flipVert=False, fps=UNKNOWN, interpolate=True, loop=False, name='unnamed MovieStim3', noAudio=False, opacity=1, ori=method-wrapper(...), pos=array([0., 0.]), size=None, units='pix', vframe_callback=UNKNOWN, volume=UNKNOWN, win=Window(...))
12.0805 	WARNING 	1.265975599992089: Video catchup needed, advancing self._nextFrameT from 0.0 to 0.04
12.0805 	WARNING 	1.2660051999991992: Video catchup needed, advancing self._nextFrameT from 0.04 to 0.08
12.0805 	WARNING 	1.2660147999995388: Video catchup needed, advancing self._nextFrameT from 0.08 to 0.12
12.0805 	WARNING 	1.266022999989218: Video catchup needed, advancing self._nextFrameT from 0.12 to 0.16
12.0806 	WARNING 	1.2660305999888806: Video catchup needed, advancing self._nextFrameT from 0.16 to 0.2
12.0806 	WARNING 	1.2660389999946347: Video catchup needed, advancing self._nextFrameT from 0.2 to 0.24000000000000002
12.0806 	WARNING 	1.2660483999934513: Video catchup needed, advancing self._nextFrameT from 0.24000000000000002 to 0.28
12.0806 	WARNING 	1.2660563999961596: Video catchup needed, advancing self._nextFrameT from 0.28 to 0.32
12.0806 	WARNING 	1.2660638999950606: Video catchup needed, advancing self._nextFrameT from 0.32 to 0.36
12.0806 	WARNING 	1.2660714999947231: Video catchup needed, advancing self._nextFrameT from 0.36 to 0.39999999999999997
12.0806 	WARNING 	Max reportNDroppedFrames reached, will not log any more dropped frames
12.1312 	EXP 	window1: mouseVisible = True
12.1443 	EXP 	Created image_3 = ImageStim(__class__=<class 'psychopy.visual.image.ImageStim'>, anchor=('center', 'center'), autoLog=True, color=array([1., 1., 1.]), colorSpace='rgb', contrast=1.0, depth=-3.0, draggable=False, flipHoriz=False, flipVert=False, image='default.png', interpolate=True, mask=None, maskParams=None, name='image_3', opacity=1.0, ori=0.0, pos=array([0., 0.]), size=array([0.35, 0.35]), texRes=128.0, units='height', win=Window(...))
12.1445 	EXP 	Created unnamed MovieStim3 = MovieStim3(__class__=<class 'psychopy.visual.movie3.MovieStim3'>, anchor=('center', 'center'), autoLog=True, color=UNKNOWN, colorSpace=UNKNOWN, depth=0.0, filename='imgs/titanic_spanish.mp4', flipHoriz=False, flipVert=False, fps=UNKNOWN, interpolate=True, loop=False, name='unnamed MovieStim3', noAudio=False, opacity=1, ori=method-wrapper(...), pos=array([0., 0.]), size=None, units='pix', vframe_callback=UNKNOWN, volume=UNKNOWN, win=Window(...))
13.3376 	WARNING 	1.193059200013522: Video catchup needed, advancing self._nextFrameT from 0.0 to 0.04
13.3376 	WARNING 	1.1930938000004971: Video catchup needed, advancing self._nextFrameT from 0.04 to 0.08
13.3376 	WARNING 	1.1931034000008367: Video catchup needed, advancing self._nextFrameT from 0.08 to 0.12
13.3376 	WARNING 	1.1931119000073522: Video catchup needed, advancing self._nextFrameT from 0.12 to 0.16
13.3376 	WARNING 	1.193120000010822: Video catchup needed, advancing self._nextFrameT from 0.16 to 0.2
13.3376 	WARNING 	1.1931280000135303: Video catchup needed, advancing self._nextFrameT from 0.2 to 0.24000000000000002
13.3377 	WARNING 	1.193138300004648: Video catchup needed, advancing self._nextFrameT from 0.24000000000000002 to 0.28
13.3377 	WARNING 	1.1931462000065949: Video catchup needed, advancing self._nextFrameT from 0.28 to 0.32
13.3377 	WARNING 	1.1931540000077803: Video catchup needed, advancing self._nextFrameT from 0.32 to 0.36
13.3377 	WARNING 	1.1931615000066813: Video catchup needed, advancing self._nextFrameT from 0.36 to 0.39999999999999997
13.3377 	WARNING 	Max reportNDroppedFrames reached, will not log any more dropped frames
13.3728 	EXP 	Created unnamed MovieStim3 = MovieStim3(__class__=<class 'psychopy.visual.movie3.MovieStim3'>, anchor=('center', 'center'), autoLog=True, color=UNKNOWN, colorSpace=UNKNOWN, depth=0.0, filename='imgs/titanic.mp4', flipHoriz=False, flipVert=False, fps=UNKNOWN, interpolate=True, loop=False, name='unnamed MovieStim3', noAudio=False, opacity=1, ori=method-wrapper(...), pos=array([  0., 100.]), size=None, units='pix', vframe_callback=UNKNOWN, volume=UNKNOWN, win=Window(...))
15.1590 	WARNING 	1.7861587999941548: Video catchup needed, advancing self._nextFrameT from 0.0 to 0.03336666666666667
15.1590 	WARNING 	1.7861899999988964: Video catchup needed, advancing self._nextFrameT from 0.03336666666666667 to 0.06673333333333334
15.1590 	WARNING 	1.7862029999960214: Video catchup needed, advancing self._nextFrameT from 0.06673333333333334 to 0.10010000000000001
15.1591 	WARNING 	1.7862119999917923: Video catchup needed, advancing self._nextFrameT from 0.10010000000000001 to 0.13346666666666668
15.1591 	WARNING 	1.7862203999975463: Video catchup needed, advancing self._nextFrameT from 0.13346666666666668 to 0.16683333333333333
15.1591 	WARNING 	1.7862280999979703: Video catchup needed, advancing self._nextFrameT from 0.16683333333333333 to 0.2002
15.1591 	WARNING 	1.7862358999991557: Video catchup needed, advancing self._nextFrameT from 0.2002 to 0.23356666666666664
15.1591 	WARNING 	1.7862438000011025: Video catchup needed, advancing self._nextFrameT from 0.23356666666666664 to 0.2669333333333333
15.1591 	WARNING 	1.7862520999915432: Video catchup needed, advancing self._nextFrameT from 0.2669333333333333 to 0.30029999999999996
15.1591 	WARNING 	1.7862762000004295: Video catchup needed, advancing self._nextFrameT from 0.30029999999999996 to 0.3336666666666666
15.1591 	WARNING 	Max reportNDroppedFrames reached, will not log any more dropped frames
15.2120 	EXP 	window1: mouseVisible = True
15.2276 	EXP 	Created image_4 = ImageStim(__class__=<class 'psychopy.visual.image.ImageStim'>, anchor=('center', 'center'), autoLog=True, color=array([1., 1., 1.]), colorSpace='rgb', contrast=1.0, depth=-4.0, draggable=False, flipHoriz=False, flipVert=False, image='default.png', interpolate=True, mask=None, maskParams=None, name='image_4', opacity=1.0, ori=0.0, pos=array([0., 0.]), size=array([0.35, 0.35]), texRes=128.0, units='height', win=Window(...))
15.2278 	EXP 	window1: mouseVisible = True
15.2420 	EXP 	Created text_4 = TextStim(__class__=<class 'psychopy.visual.text.TextStim'>, alignHoriz=method-wrapper(...), alignText='center', alignVert=method-wrapper(...), anchorHoriz='center', anchorVert='center', antialias=True, autoDraw=False, autoLog=True, bold=False, color=array([1., 1., 1.]), colorSpace='rgb', contrast=1.0, depth=0.0, draggable=False, flipHoriz=False, flipVert=False, font='Open Sans', fontFiles=[], height=0.05, italic=False, languageStyle='LTR', name='text_4', opacity=1.0, ori=0.0, pos=array([0., 0.]), rgb=UNKNOWN, text='¡Muchas gracias por participar!', units='height', win=Window(...), wrapWidth=1)
0.0021 	EXP 	unnamed MovieStim3: autoLog = True
0.0021 	EXP 	unnamed MovieStim3: movie = 'imgs/video_mar.mp4'
0.0021 	EXP 	unnamed MovieStim3: ori = 0.0
0.0021 	EXP 	unnamed MovieStim3: autoLog = True
0.0021 	EXP 	unnamed MovieStim3: movie = 'imgs/song_titanic.mp4'
0.0021 	EXP 	unnamed MovieStim3: ori = 0.0
0.0021 	EXP 	unnamed MovieStim3: autoLog = True
0.0021 	EXP 	unnamed MovieStim3: movie = 'imgs/titanic_spanish.mp4'
0.0021 	EXP 	unnamed MovieStim3: ori = 0.0
0.0021 	EXP 	unnamed MovieStim3: autoLog = True
0.0021 	EXP 	unnamed MovieStim3: movie = 'imgs/titanic_spanish.mp4'
0.0021 	EXP 	unnamed MovieStim3: ori = 0.0
0.0021 	EXP 	unnamed MovieStim3: autoLog = True
0.0021 	EXP 	unnamed MovieStim3: movie = 'imgs/titanic.mp4'
0.0021 	EXP 	unnamed MovieStim3: ori = 0.0
0.0140 	EXP 	image_5: autoDraw = True
0.0140 	EXP 	text_6: autoDraw = True
3.0201 	EXP 	image_5: autoDraw = False
3.0201 	EXP 	text_6: autoDraw = False
3.0201 	EXP 	text_5: autoDraw = True
5.2729 	DATA 	Keypress: space
6.7250 	EXP 	Imported imgs/routines_order.xlsx as conditions, 4 conditions, 1 params
6.7253 	EXP 	Created sequence: random, trialTypes=4, nReps=1, seed=None
6.7254 	EXP 	New trial (rep=0, index=0): {'routineName': 'music_words'}
6.7320 	DATA 	Keypress: space
6.7342 	EXP 	text_5: autoDraw = False
6.7342 	EXP 	text_7: height = 0.05
6.7342 	EXP 	text_7: height = 0.05
6.7342 	EXP 	text_7: height = 0.05
6.7342 	EXP 	text_7: text = 'Nueva ronda'
6.7342 	EXP 	text_7: autoDraw = True
8.7412 	EXP 	Imported imgs/iceberg_times.xlsx as conditions, 2 conditions, 3 params
8.7415 	EXP 	Created sequence: random, trialTypes=2, nReps=1, seed=None
8.7416 	EXP 	New trial (rep=0, index=0): {'timepresentation': 7, 'posx': 0.6, 'posy': 0.1}
8.7468 	EXP 	Sound  started
8.7471 	EXP 	New trial (rep=0, index=1): {'timepresentation': 14, 'posx': 0.8, 'posy': 0.1}
8.7579 	EXP 	Imported imgs/iceberg_times.xlsx as conditions, 2 conditions, 3 params
8.7583 	EXP 	Created sequence: random, trialTypes=2, nReps=1, seed=None
8.7584 	EXP 	New trial (rep=0, index=0): {'timepresentation': 14, 'posx': 0.8, 'posy': 0.1}
8.7633 	EXP 	Sound  started
8.7636 	EXP 	New trial (rep=0, index=1): {'timepresentation': 7, 'posx': 0.6, 'posy': 0.1}
8.7953 	EXP 	Sound  stopped
8.8025 	EXP 	Imported imgs/iceberg_times.xlsx as conditions, 2 conditions, 3 params
8.8028 	EXP 	Created sequence: random, trialTypes=2, nReps=1, seed=None
8.8029 	EXP 	New trial (rep=0, index=0): {'timepresentation': 14, 'posx': 0.8, 'posy': 0.1}
8.8030 	EXP 	Sound  started
8.8185 	EXP 	text_7: autoDraw = False
8.8185 	EXP 	image: image = 'imgs/iceberg.png'
8.8185 	EXP 	Set unnamed MovieStim3 playing
8.8185 	EXP 	image: autoDraw = False
8.8185 	EXP 	image: image = 'imgs/iceberg.png'
8.8185 	EXP 	image: autoDraw = False
8.8185 	EXP 	image_2: image = 'imgs/iceberg.png'
8.8185 	EXP 	Set unnamed MovieStim3 playing
8.8185 	EXP 	image_2: autoDraw = False
8.8185 	EXP 	image_2: image = 'imgs/iceberg.png'
8.8185 	EXP 	image_2: autoDraw = False
8.8185 	EXP 	Set unnamed MovieStim3 stopped
8.8185 	EXP 	Set unnamed MovieStim3 playing
8.8185 	EXP 	image_3: image = 'imgs/iceberg.png'
22.7934 	EXP 	image_3: autoDraw = True
23.4988 	EXP 	New trial (rep=0, index=1): {'timepresentation': 7, 'posx': 0.6, 'posy': 0.1}
23.5091 	DATA 	Keypress: space
23.5174 	EXP 	image_3: autoDraw = False
23.5174 	EXP 	image_3: image = 'imgs/iceberg.png'
26.7943 	EXP 	Sound  stopped
26.9503 	EXP 	Sound  started
26.9504 	WARNING 	0.17168720001063775: Video catchup needed, advancing self._nextFrameT from 0.0 to 0.04
26.9504 	WARNING 	0.17172450000362005: Video catchup needed, advancing self._nextFrameT from 0.04 to 0.08
26.9504 	WARNING 	0.17175740000675432: Video catchup needed, advancing self._nextFrameT from 0.08 to 0.12
27.0738 	EXP 	Set unnamed MovieStim3 finished
27.0740 	WARNING 	19.430957300006412: Video catchup needed, advancing self._nextFrameT from 19.15999999999977 to 19.19999999999977
27.0740 	WARNING 	19.430978500007768: Video catchup needed, advancing self._nextFrameT from 19.19999999999977 to 19.239999999999768
27.0740 	WARNING 	19.430988500011154: Video catchup needed, advancing self._nextFrameT from 19.239999999999768 to 19.279999999999767
27.0740 	WARNING 	19.430997500006924: Video catchup needed, advancing self._nextFrameT from 19.279999999999767 to 19.319999999999766
27.0740 	WARNING 	19.431006600003457: Video catchup needed, advancing self._nextFrameT from 19.319999999999766 to 19.359999999999765
27.0804 	WARNING 	0.3017409000021871: Video catchup needed, advancing self._nextFrameT from 0.16 to 0.2
27.0804 	WARNING 	0.30176919999939855: Video catchup needed, advancing self._nextFrameT from 0.2 to 0.24000000000000002
30.5038 	EXP 	image_3: autoDraw = True
30.9938 	EXP 	Sound  stopped
31.0009 	EXP 	Imported imgs/iceberg_times.xlsx as conditions, 2 conditions, 3 params
31.0012 	EXP 	Created sequence: random, trialTypes=2, nReps=1, seed=None
31.0013 	EXP 	New trial (rep=0, index=0): {'timepresentation': 13, 'posx': -0.8, 'posy': 0.15}
31.0014 	EXP 	Sound  started
31.0016 	EXP 	Sound  started
31.0070 	EXP 	New trial (rep=0, index=1): {'timepresentation': 13, 'posx': 0.9, 'posy': 0.1}
31.0348 	EXP 	Sound  stopped
31.0541 	EXP 	Sound  stopped
31.0544 	EXP 	New trial (rep=0, index=1): {'routineName': 'music'}
31.0562 	DATA 	Keypress: space
31.0646 	EXP 	image_3: autoDraw = False
31.0646 	EXP 	Set unnamed MovieStim3 stopped
31.0646 	EXP 	Set unnamed MovieStim3 playing
31.0646 	EXP 	Set unnamed MovieStim3 playing
31.0646 	EXP 	image_4: image = 'imgs/iceberg.png'
31.0646 	EXP 	image_4: autoDraw = False
31.0646 	EXP 	image_4: image = 'imgs/iceberg.png'
31.0646 	EXP 	image_4: autoDraw = False
31.0646 	EXP 	Set unnamed MovieStim3 stopped
31.0646 	EXP 	Set unnamed MovieStim3 stopped
31.0646 	EXP 	text_7: text = 'Nueva ronda'
31.0646 	EXP 	text_7: autoDraw = True
33.0599 	EXP 	Imported imgs/iceberg_times.xlsx as conditions, 2 conditions, 3 params
33.0603 	EXP 	Created sequence: random, trialTypes=2, nReps=1, seed=None
33.0604 	EXP 	New trial (rep=0, index=0): {'timepresentation': 3, 'posx': 0.7, 'posy': 0.1}
33.0656 	EXP 	New trial (rep=0, index=1): {'timepresentation': 13, 'posx': -0.6, 'posy': 0.15}
33.0773 	EXP 	Imported imgs/iceberg_times.xlsx as conditions, 2 conditions, 3 params
33.0776 	EXP 	Created sequence: random, trialTypes=2, nReps=1, seed=None
33.0777 	EXP 	New trial (rep=0, index=0): {'timepresentation': 13, 'posx': -0.6, 'posy': 0.15}
33.3388 	EXP 	window1: mouseVisible = True
