4.7684 	WARNING 	User requested fullscreen with size [1024  768], but screen is actually [1920, 1080]. Using actual size
5.4584 	EXP 	Created window1 = Window(allowGUI=True, allowStencil=False, autoLog=True, backendConf=UNKNOWN, backgroundFit=<method-wrapper '__getattribute__' of attributeSetter object at 0x000002317D10CF10>, backgroundImage=<method-wrapper '__getattribute__' of attributeSetter object at 0x000002317D10CEB0>, bitsMode=UNKNOWN, blendMode='avg', bpc=(8, 8, 8), color=array([0, 0, 0]), colorSpace='rgb', depthBits=8, fullscr=<method-wrapper '__getattribute__' of attributeSetter object at 0x000002317D10CCD0>, gamma=None, gammaErrorPolicy='raise', lms=UNKNOWN, monitor=<psychopy.monitors.calibTools.Monitor object at 0x000002317D691E50>, multiSample=False, name='window1', numSamples=2, pos=(0, 0), screen=0, size=array([1920, 1080]), stencilBits=0, stereo=False, title='PsychoPy', units='height', useFBO=True, useRetina=False, viewOri=0.0, viewPos=None, viewScale=None, waitBlanking=True, winType='pyglet')
5.4585 	EXP 	window1: mouseVisible = True
5.4586 	EXP 	window1: backgroundImage = ''
5.4586 	EXP 	window1: backgroundFit = 'none'
5.4606 	EXP 	window1: Attempting to measure frame rate of screen (0) ...
5.4606 	EXP 	window1: recordFrameIntervals = False
5.6237 	EXP 	window1: recordFrameIntervals = True
5.8069 	EXP 	Screen (0) actual frame rate measured at 60.23Hz
5.8070 	EXP 	window1: recordFrameIntervals = False
5.8071 	EXP 	window1: mouseVisible = False
7.2562 	EXP 	tarea_iceberg: status = STARTED
7.2583 	EXP 	window1: mouseVisible = True
7.4031 	EXP 	window1: mouseVisible = True
7.4149 	EXP 	Created image = ImageStim(__class__=<class 'psychopy.visual.image.ImageStim'>, anchor=('center', 'center'), autoLog=True, color=array([1., 1., 1.]), colorSpace='rgb', contrast=1.0, depth=-1.0, draggable=False, flipHoriz=False, flipVert=False, image='default.png', interpolate=True, mask=None, maskParams=None, name='image', opacity=1.0, ori=0.0, pos=array([0., 0.]), size=array([0.35, 0.35]), texRes=128.0, units='height', win=Window(...))
7.4152 	EXP 	window1: mouseVisible = True
7.4643 	EXP 	Created text = TextStim(__class__=<class 'psychopy.visual.text.TextStim'>, alignHoriz=method-wrapper(...), alignText='center', alignVert=method-wrapper(...), anchorHoriz='center', anchorVert='center', antialias=True, autoDraw=False, autoLog=True, bold=False, color=array([1., 1., 1.]), colorSpace='rgb', contrast=1.0, depth=0.0, draggable=False, flipHoriz=False, flipVert=False, font='Open Sans', fontFiles=[], height=0.05, italic=False, languageStyle='LTR', name='text', opacity=1.0, ori=0.0, pos=array([0., 0.]), rgb=UNKNOWN, text='¡Empezamos la segunda ronda!', units='height', win=Window(...), wrapWidth=1)
7.4645 	EXP 	window1: mouseVisible = True
7.5630 	EXP 	window1: mouseVisible = True
7.5704 	EXP 	Created image_2 = ImageStim(__class__=<class 'psychopy.visual.image.ImageStim'>, anchor=('center', 'center'), autoLog=True, color=array([1., 1., 1.]), colorSpace='rgb', contrast=1.0, depth=-1.0, draggable=False, flipHoriz=False, flipVert=False, image='default.png', interpolate=True, mask=None, maskParams=None, name='image_2', opacity=1.0, ori=0.0, pos=array([0., 0.]), size=array([0.35, 0.35]), texRes=128.0, units='height', win=Window(...))
7.6566 	EXP 	Created unnamed MovieStim3 = MovieStim3(__class__=<class 'psychopy.visual.movie3.MovieStim3'>, anchor=('center', 'center'), autoLog=True, color=UNKNOWN, colorSpace=UNKNOWN, depth=0.0, filename='imgs/song_titanic.mp4', flipHoriz=False, flipVert=False, fps=UNKNOWN, interpolate=True, loop=False, name='unnamed MovieStim3', noAudio=False, opacity=1, ori=method-wrapper(...), pos=array([0., 0.]), size=None, units='pix', vframe_callback=UNKNOWN, volume=UNKNOWN, win=Window(...))
8.6039 	WARNING 	0.9472447999996803: Video catchup needed, advancing self._nextFrameT from 0.0 to 0.041666666666666664
8.6039 	WARNING 	0.9472953999993479: Video catchup needed, advancing self._nextFrameT from 0.041666666666666664 to 0.08333333333333333
8.6039 	WARNING 	0.9473053000001528: Video catchup needed, advancing self._nextFrameT from 0.08333333333333333 to 0.125
8.6039 	WARNING 	0.9473135999996884: Video catchup needed, advancing self._nextFrameT from 0.125 to 0.16666666666666666
8.6039 	WARNING 	0.9473211999993509: Video catchup needed, advancing self._nextFrameT from 0.16666666666666666 to 0.20833333333333331
8.6039 	WARNING 	0.9473302999995212: Video catchup needed, advancing self._nextFrameT from 0.20833333333333331 to 0.24999999999999997
8.6039 	WARNING 	0.9473378999991837: Video catchup needed, advancing self._nextFrameT from 0.24999999999999997 to 0.29166666666666663
8.6039 	WARNING 	0.9473455999996077: Video catchup needed, advancing self._nextFrameT from 0.29166666666666663 to 0.3333333333333333
8.6040 	WARNING 	0.9473560999995243: Video catchup needed, advancing self._nextFrameT from 0.3333333333333333 to 0.375
8.6040 	WARNING 	0.9473639999996522: Video catchup needed, advancing self._nextFrameT from 0.375 to 0.4166666666666667
8.6040 	WARNING 	Max reportNDroppedFrames reached, will not log any more dropped frames
8.6398 	EXP 	window1: mouseVisible = True
8.6439 	EXP 	Created text_2 = TextStim(__class__=<class 'psychopy.visual.text.TextStim'>, alignHoriz=method-wrapper(...), alignText='center', alignVert=method-wrapper(...), anchorHoriz='center', anchorVert='center', antialias=True, autoDraw=False, autoLog=True, bold=False, color=array([1., 1., 1.]), colorSpace='rgb', contrast=1.0, depth=0.0, draggable=False, flipHoriz=False, flipVert=False, font='Open Sans', fontFiles=[], height=0.05, italic=False, languageStyle='LTR', name='text_2', opacity=1.0, ori=0.0, pos=array([0., 0.]), rgb=UNKNOWN, text='¡empezamos la tercera ronda!', units='height', win=Window(...), wrapWidth=1)
8.6440 	EXP 	window1: mouseVisible = True
8.7426 	EXP 	window1: mouseVisible = True
8.7504 	EXP 	Created image_3 = ImageStim(__class__=<class 'psychopy.visual.image.ImageStim'>, anchor=('center', 'center'), autoLog=True, color=array([1., 1., 1.]), colorSpace='rgb', contrast=1.0, depth=-1.0, draggable=False, flipHoriz=False, flipVert=False, image='default.png', interpolate=True, mask=None, maskParams=None, name='image_3', opacity=1.0, ori=0.0, pos=array([0., 0.]), size=array([0.35, 0.35]), texRes=128.0, units='height', win=Window(...))
8.7506 	EXP 	Created unnamed MovieStim3 = MovieStim3(__class__=<class 'psychopy.visual.movie3.MovieStim3'>, anchor=('center', 'center'), autoLog=True, color=UNKNOWN, colorSpace=UNKNOWN, depth=0.0, filename='imgs/video_celine.mp4', flipHoriz=False, flipVert=False, fps=UNKNOWN, interpolate=True, loop=False, name='unnamed MovieStim3', noAudio=False, opacity=1, ori=method-wrapper(...), pos=array([0., 0.]), size=None, units='pix', vframe_callback=UNKNOWN, volume=UNKNOWN, win=Window(...))
10.0049 	WARNING 	1.254308999999921: Video catchup needed, advancing self._nextFrameT from 0.0 to 0.03336666666666667
10.0049 	WARNING 	1.2543537999990804: Video catchup needed, advancing self._nextFrameT from 0.03336666666666667 to 0.06673333333333334
10.0049 	WARNING 	1.2543647999991663: Video catchup needed, advancing self._nextFrameT from 0.06673333333333334 to 0.10010000000000001
10.0050 	WARNING 	1.2543735999988712: Video catchup needed, advancing self._nextFrameT from 0.10010000000000001 to 0.13346666666666668
10.0050 	WARNING 	1.2543820999999298: Video catchup needed, advancing self._nextFrameT from 0.13346666666666668 to 0.16683333333333333
10.0050 	WARNING 	1.2543900000000576: Video catchup needed, advancing self._nextFrameT from 0.16683333333333333 to 0.2002
10.0050 	WARNING 	1.254406599999129: Video catchup needed, advancing self._nextFrameT from 0.2002 to 0.23356666666666664
10.0050 	WARNING 	1.2544151000001875: Video catchup needed, advancing self._nextFrameT from 0.23356666666666664 to 0.2669333333333333
10.0050 	WARNING 	1.2544233999997232: Video catchup needed, advancing self._nextFrameT from 0.2669333333333333 to 0.30029999999999996
10.0050 	WARNING 	1.2544418999987101: Video catchup needed, advancing self._nextFrameT from 0.30029999999999996 to 0.3336666666666666
10.0050 	WARNING 	Max reportNDroppedFrames reached, will not log any more dropped frames
10.3482 	EXP 	window1: mouseVisible = True
10.3526 	EXP 	Created text_3 = TextStim(__class__=<class 'psychopy.visual.text.TextStim'>, alignHoriz=method-wrapper(...), alignText='center', alignVert=method-wrapper(...), anchorHoriz='center', anchorVert='center', antialias=True, autoDraw=False, autoLog=True, bold=False, color=array([1., 1., 1.]), colorSpace='rgb', contrast=1.0, depth=0.0, draggable=False, flipHoriz=False, flipVert=False, font='Open Sans', fontFiles=[], height=0.05, italic=False, languageStyle='LTR', name='text_3', opacity=1.0, ori=0.0, pos=array([0., 0.]), rgb=UNKNOWN, text='¡última ronda!', units='height', win=Window(...), wrapWidth=1)
10.3529 	EXP 	Created unnamed MovieStim3 = MovieStim3(__class__=<class 'psychopy.visual.movie3.MovieStim3'>, anchor=('center', 'center'), autoLog=True, color=UNKNOWN, colorSpace=UNKNOWN, depth=0.0, filename='imgs/video_mar.mp4', flipHoriz=False, flipVert=False, fps=UNKNOWN, interpolate=True, loop=False, name='unnamed MovieStim3', noAudio=False, opacity=1, ori=method-wrapper(...), pos=array([0., 0.]), size=None, units='pix', vframe_callback=UNKNOWN, volume=UNKNOWN, win=Window(...))
10.7025 	WARNING 	0.3495607000004384: Video catchup needed, advancing self._nextFrameT from 0.0 to 0.04
10.7025 	WARNING 	0.34960140000112006: Video catchup needed, advancing self._nextFrameT from 0.04 to 0.08
10.7025 	WARNING 	0.34961760000078357: Video catchup needed, advancing self._nextFrameT from 0.08 to 0.12
10.7025 	WARNING 	0.34962690000065777: Video catchup needed, advancing self._nextFrameT from 0.12 to 0.16
10.7025 	WARNING 	0.3496357000003627: Video catchup needed, advancing self._nextFrameT from 0.16 to 0.2
10.7025 	WARNING 	0.3496439000009559: Video catchup needed, advancing self._nextFrameT from 0.2 to 0.24000000000000002
10.7025 	WARNING 	0.3496519000000262: Video catchup needed, advancing self._nextFrameT from 0.24000000000000002 to 0.28
10.7720 	EXP 	Created unnamed MovieStim3 = MovieStim3(__class__=<class 'psychopy.visual.movie3.MovieStim3'>, anchor=('center', 'center'), autoLog=True, color=UNKNOWN, colorSpace=UNKNOWN, depth=0.0, filename='imgs/video_celine.mp4', flipHoriz=False, flipVert=False, fps=UNKNOWN, interpolate=True, loop=False, name='unnamed MovieStim3', noAudio=False, opacity=1, ori=method-wrapper(...), pos=array([  0., 100.]), size=None, units='pix', vframe_callback=UNKNOWN, volume=UNKNOWN, win=Window(...))
12.0935 	WARNING 	1.3214480000006006: Video catchup needed, advancing self._nextFrameT from 0.0 to 0.03336666666666667
12.0936 	WARNING 	1.3215007000017067: Video catchup needed, advancing self._nextFrameT from 0.03336666666666667 to 0.06673333333333334
12.0936 	WARNING 	1.3215127000003122: Video catchup needed, advancing self._nextFrameT from 0.06673333333333334 to 0.10010000000000001
12.0936 	WARNING 	1.321522800000821: Video catchup needed, advancing self._nextFrameT from 0.10010000000000001 to 0.13346666666666668
12.0936 	WARNING 	1.3215321000006952: Video catchup needed, advancing self._nextFrameT from 0.13346666666666668 to 0.16683333333333333
12.0936 	WARNING 	1.3215418000017962: Video catchup needed, advancing self._nextFrameT from 0.16683333333333333 to 0.2002
12.0936 	WARNING 	1.3215512000006129: Video catchup needed, advancing self._nextFrameT from 0.2002 to 0.23356666666666664
12.0936 	WARNING 	1.321559800000614: Video catchup needed, advancing self._nextFrameT from 0.23356666666666664 to 0.2669333333333333
12.0936 	WARNING 	1.3215686000003188: Video catchup needed, advancing self._nextFrameT from 0.2669333333333333 to 0.30029999999999996
12.0936 	WARNING 	1.3215780000009545: Video catchup needed, advancing self._nextFrameT from 0.30029999999999996 to 0.3336666666666666
12.0937 	WARNING 	Max reportNDroppedFrames reached, will not log any more dropped frames
12.4251 	EXP 	window1: mouseVisible = True
12.4341 	EXP 	Created image_4 = ImageStim(__class__=<class 'psychopy.visual.image.ImageStim'>, anchor=('center', 'center'), autoLog=True, color=array([1., 1., 1.]), colorSpace='rgb', contrast=1.0, depth=-2.0, draggable=False, flipHoriz=False, flipVert=False, image='default.png', interpolate=True, mask=None, maskParams=None, name='image_4', opacity=1.0, ori=0.0, pos=array([0., 0.]), size=array([0.35, 0.35]), texRes=128.0, units='height', win=Window(...))
0.0038 	EXP 	movie: autoLog = True
0.0038 	EXP 	movie_2: autoLog = True
0.0038 	EXP 	unnamed MovieStim3: autoLog = True
0.0038 	EXP 	unnamed MovieStim3: movie = 'imgs/song_titanic.mp4'
0.0038 	EXP 	unnamed MovieStim3: ori = 0.0
0.0038 	EXP 	movie_3: autoLog = True
0.0038 	EXP 	unnamed MovieStim3: autoLog = True
0.0038 	EXP 	unnamed MovieStim3: movie = 'imgs/video_celine.mp4'
0.0038 	EXP 	unnamed MovieStim3: ori = 0.0
0.0038 	EXP 	unnamed MovieStim3: autoLog = True
0.0038 	EXP 	unnamed MovieStim3: movie = 'imgs/video_mar.mp4'
0.0038 	EXP 	unnamed MovieStim3: ori = 0.0
0.0038 	EXP 	unnamed MovieStim3: autoLog = True
0.0038 	EXP 	unnamed MovieStim3: movie = 'imgs/video_celine.mp4'
0.0038 	EXP 	unnamed MovieStim3: ori = 0.0
0.0077 	EXP 	Imported imgs/trials_fake.xlsx as conditions, 2 conditions, 3 params
0.0080 	EXP 	Created sequence: random, trialTypes=2, nReps=1, seed=None
0.0081 	EXP 	New trial (rep=0, index=0): {'timepresentation': 2, 'posx': -0.8, 'posy': 0.15}
0.0457 	EXP 	image: image = 'imgs/iceberg.png'
0.0457 	EXP 	movie: autoDraw = True
2.0030 	EXP 	image: autoDraw = True
2.5307 	EXP 	New trial (rep=0, index=1): {'timepresentation': 2, 'posx': -0.7, 'posy': 0.15}
2.5798 	DATA 	Keypress: space
2.5865 	EXP 	movie: autoDraw = False
2.5865 	EXP 	image: autoDraw = False
2.5865 	EXP 	image: image = 'imgs/iceberg.png'
2.5865 	EXP 	movie: autoDraw = True
4.5364 	EXP 	image: autoDraw = True
5.0762 	DATA 	Keypress: space
5.0777 	EXP 	movie: autoDraw = False
5.0777 	EXP 	image: autoDraw = False
5.0777 	EXP 	text: autoDraw = True
6.0701 	EXP 	Imported imgs/trials_fake.xlsx as conditions, 2 conditions, 3 params
6.0705 	EXP 	Created sequence: random, trialTypes=2, nReps=1, seed=None
6.0706 	EXP 	New trial (rep=0, index=0): {'timepresentation': 2, 'posx': -0.8, 'posy': 0.15}
6.0751 	EXP 	Sound  started
6.0851 	EXP 	text: autoDraw = False
6.0851 	EXP 	text: autoDraw = False
6.0851 	EXP 	image_2: image = 'imgs/iceberg.png'
6.0851 	EXP 	Set unnamed MovieStim3 playing
6.0851 	EXP 	movie_2: autoDraw = True
8.0840 	EXP 	image_2: autoDraw = True
8.7375 	EXP 	New trial (rep=0, index=1): {'timepresentation': 2, 'posx': -0.7, 'posy': 0.15}
8.7859 	DATA 	Keypress: space
8.7928 	EXP 	movie_2: autoDraw = False
8.7928 	EXP 	image_2: autoDraw = False
8.7928 	EXP 	image_2: image = 'imgs/iceberg.png'
8.7928 	EXP 	movie_2: autoDraw = True
10.7489 	EXP 	image_2: autoDraw = True
11.2314 	EXP 	Sound  stopped
11.2333 	DATA 	Keypress: space
11.2365 	EXP 	movie_2: autoDraw = False
11.2365 	EXP 	image_2: autoDraw = False
11.2365 	EXP 	Set unnamed MovieStim3 stopped
11.2365 	EXP 	text_2: autoDraw = True
12.2327 	EXP 	Imported imgs/trials_fake.xlsx as conditions, 2 conditions, 3 params
12.2330 	EXP 	Created sequence: random, trialTypes=2, nReps=1, seed=None
12.2332 	EXP 	New trial (rep=0, index=0): {'timepresentation': 2, 'posx': -0.7, 'posy': 0.15}
12.2376 	EXP 	Sound  started
12.2603 	EXP 	text_2: autoDraw = False
12.2603 	EXP 	text_2: autoDraw = False
12.2603 	EXP 	image_3: image = 'imgs/iceberg.png'
12.2603 	EXP 	Set unnamed MovieStim3 playing
12.2603 	EXP 	movie_3: autoDraw = True
14.2534 	EXP 	image_3: autoDraw = True
15.5524 	EXP 	New trial (rep=0, index=1): {'timepresentation': 2, 'posx': -0.8, 'posy': 0.15}
15.5920 	WARNING 	4.522199033332072: Video catchup needed, advancing self._nextFrameT from 4.337666666666676 to 4.371033333333343
15.5920 	WARNING 	4.522246533331781: Video catchup needed, advancing self._nextFrameT from 4.371033333333343 to 4.40440000000001
15.5920 	WARNING 	4.522268033331784: Video catchup needed, advancing self._nextFrameT from 4.40440000000001 to 4.437766666666676
15.5921 	WARNING 	4.522286633331532: Video catchup needed, advancing self._nextFrameT from 4.437766666666676 to 4.471133333333343
15.6618 	DATA 	Keypress: space
15.6696 	EXP 	movie_3: autoDraw = False
15.6696 	EXP 	image_3: autoDraw = False
15.6696 	EXP 	image_3: image = 'imgs/iceberg.png'
15.6696 	EXP 	movie_3: autoDraw = True
15.6697 	WARNING 	4.599936033331687: Video catchup needed, advancing self._nextFrameT from 4.50450000000001 to 4.537866666666677
15.7094 	WARNING 	4.6396630333329085: Video catchup needed, advancing self._nextFrameT from 4.5712333333333435 to 4.60460000000001
17.5835 	EXP 	image_3: autoDraw = True
18.6128 	EXP 	Sound  stopped
18.6148 	DATA 	Keypress: space
18.6180 	EXP 	movie_3: autoDraw = False
18.6180 	EXP 	image_3: autoDraw = False
18.6180 	EXP 	Set unnamed MovieStim3 stopped
18.6180 	EXP 	text_3: autoDraw = True
19.6098 	EXP 	Imported imgs/trials_iceberg_3.xlsx as conditions, 8 conditions, 3 params
19.6101 	EXP 	Created sequence: random, trialTypes=8, nReps=1, seed=None
19.6102 	EXP 	New trial (rep=0, index=0): {'timepresentation': 8, 'posx': 0.5, 'posy': 0.1}
19.6103 	EXP 	Sound  started
19.6103 	EXP 	Sound  started
19.6257 	EXP 	text_3: autoDraw = False
19.6257 	EXP 	text_3: autoDraw = False
19.6257 	EXP 	Set unnamed MovieStim3 playing
19.6257 	EXP 	Set unnamed MovieStim3 playing
19.6257 	EXP 	image_4: image = 'imgs/iceberg.png'
27.6197 	EXP 	image_4: autoDraw = True
28.0718 	EXP 	Sound  stopped
28.0723 	EXP 	New trial (rep=0, index=1): {'timepresentation': 5, 'posx': -0.6, 'posy': 0.15}
28.2433 	EXP 	window1: mouseVisible = True
