4.6708 	WARNING 	User requested fullscreen with size [1024  768], but screen is actually [1920, 1080]. Using actual size
5.3633 	EXP 	Created window1 = Window(allowGUI=True, allowStencil=False, autoLog=True, backendConf=UNKNOWN, backgroundFit=<method-wrapper '__getattribute__' of attributeSetter object at 0x000001FDBC012CA0>, backgroundImage=<method-wrapper '__getattribute__' of attributeSetter object at 0x000001FDBC012C40>, bitsMode=UNKNOWN, blendMode='avg', bpc=(8, 8, 8), color=array([0, 0, 0]), colorSpace='rgb', depthBits=8, fullscr=<method-wrapper '__getattribute__' of attributeSetter object at 0x000001FDBC012A60>, gamma=None, gammaErrorPolicy='raise', lms=UNKNOWN, monitor=<psychopy.monitors.calibTools.Monitor object at 0x000001FDBC592BE0>, multiSample=False, name='window1', numSamples=2, pos=(0, 0), screen=0, size=array([1920, 1080]), stencilBits=0, stereo=False, title='PsychoPy', units='height', useFBO=True, useRetina=False, viewOri=0.0, viewPos=None, viewScale=None, waitBlanking=True, winType='pyglet')
5.3635 	EXP 	window1: mouseVisible = True
5.3635 	EXP 	window1: backgroundImage = ''
5.3636 	EXP 	window1: backgroundFit = 'none'
5.3661 	EXP 	window1: Attempting to measure frame rate of screen (0) ...
5.3661 	EXP 	window1: recordFrameIntervals = False
5.5286 	EXP 	window1: recordFrameIntervals = True
5.7129 	EXP 	Screen (0) actual frame rate measured at 59.85Hz
5.7130 	EXP 	window1: recordFrameIntervals = False
5.7133 	EXP 	window1: mouseVisible = False
7.5715 	EXP 	tarea_iceberg: status = STARTED
7.5737 	EXP 	window1: mouseVisible = True
7.7182 	EXP 	window1: mouseVisible = True
7.7321 	EXP 	Created image = ImageStim(__class__=<class 'psychopy.visual.image.ImageStim'>, anchor=('center', 'center'), autoLog=True, color=array([1., 1., 1.]), colorSpace='rgb', contrast=1.0, depth=-1.0, draggable=False, flipHoriz=False, flipVert=False, image='default.png', interpolate=True, mask=None, maskParams=None, name='image', opacity=1.0, ori=0.0, pos=array([0., 0.]), size=array([0.35, 0.35]), texRes=128.0, units='height', win=Window(...))
7.8531 	EXP 	Created unnamed MovieStim3 = MovieStim3(__class__=<class 'psychopy.visual.movie3.MovieStim3'>, anchor=('center', 'center'), autoLog=True, color=UNKNOWN, colorSpace=UNKNOWN, depth=0.0, filename='imgs/video_celine.mp4', flipHoriz=False, flipVert=False, fps=UNKNOWN, interpolate=True, loop=False, name='unnamed MovieStim3', noAudio=False, opacity=1, ori=method-wrapper(...), pos=array([0., 0.]), size=None, units='pix', vframe_callback=UNKNOWN, volume=UNKNOWN, win=Window(...))
9.2920 	WARNING 	1.4388689999996132: Video catchup needed, advancing self._nextFrameT from 0.0 to 0.03336666666666667
9.2920 	WARNING 	1.438909300000887: Video catchup needed, advancing self._nextFrameT from 0.03336666666666667 to 0.06673333333333334
9.2920 	WARNING 	1.4389212999994925: Video catchup needed, advancing self._nextFrameT from 0.06673333333333334 to 0.10010000000000001
9.2920 	WARNING 	1.4389315999997052: Video catchup needed, advancing self._nextFrameT from 0.10010000000000001 to 0.13346666666666668
9.2920 	WARNING 	1.4389410000003409: Video catchup needed, advancing self._nextFrameT from 0.13346666666666668 to 0.16683333333333333
9.2920 	WARNING 	1.4389499999997497: Video catchup needed, advancing self._nextFrameT from 0.16683333333333333 to 0.2002
9.2921 	WARNING 	1.4389587999994546: Video catchup needed, advancing self._nextFrameT from 0.2002 to 0.23356666666666664
9.2921 	WARNING 	1.438967699999921: Video catchup needed, advancing self._nextFrameT from 0.23356666666666664 to 0.2669333333333333
9.2921 	WARNING 	1.4389766999993299: Video catchup needed, advancing self._nextFrameT from 0.2669333333333333 to 0.30029999999999996
9.2921 	WARNING 	1.4389855999997962: Video catchup needed, advancing self._nextFrameT from 0.30029999999999996 to 0.3336666666666666
9.2921 	WARNING 	Max reportNDroppedFrames reached, will not log any more dropped frames
9.6640 	EXP 	window1: mouseVisible = True
9.7100 	EXP 	Created text = TextStim(__class__=<class 'psychopy.visual.text.TextStim'>, alignHoriz=method-wrapper(...), alignText='center', alignVert=method-wrapper(...), anchorHoriz='center', anchorVert='center', antialias=True, autoDraw=False, autoLog=True, bold=False, color=array([1., 1., 1.]), colorSpace='rgb', contrast=1.0, depth=0.0, draggable=False, flipHoriz=False, flipVert=False, font='Open Sans', fontFiles=[], height=0.05, italic=False, languageStyle='LTR', name='text', opacity=1.0, ori=0.0, pos=array([0., 0.]), rgb=UNKNOWN, text='¡Empezamos la segunda ronda!', units='height', win=Window(...), wrapWidth=1)
9.7101 	EXP 	window1: mouseVisible = True
9.7928 	EXP 	window1: mouseVisible = True
9.8003 	EXP 	Created image_2 = ImageStim(__class__=<class 'psychopy.visual.image.ImageStim'>, anchor=('center', 'center'), autoLog=True, color=array([1., 1., 1.]), colorSpace='rgb', contrast=1.0, depth=-1.0, draggable=False, flipHoriz=False, flipVert=False, image='default.png', interpolate=True, mask=None, maskParams=None, name='image_2', opacity=1.0, ori=0.0, pos=array([0., 0.]), size=array([0.35, 0.35]), texRes=128.0, units='height', win=Window(...))
9.8005 	EXP 	Created unnamed MovieStim3 = MovieStim3(__class__=<class 'psychopy.visual.movie3.MovieStim3'>, anchor=('center', 'center'), autoLog=True, color=UNKNOWN, colorSpace=UNKNOWN, depth=0.0, filename='imgs/song_titanic.mp4', flipHoriz=False, flipVert=False, fps=UNKNOWN, interpolate=True, loop=False, name='unnamed MovieStim3', noAudio=False, opacity=1, ori=method-wrapper(...), pos=array([0., 0.]), size=None, units='pix', vframe_callback=UNKNOWN, volume=UNKNOWN, win=Window(...))
10.5659 	WARNING 	0.7653761000001396: Video catchup needed, advancing self._nextFrameT from 0.0 to 0.041666666666666664
10.5660 	WARNING 	0.7654284000000189: Video catchup needed, advancing self._nextFrameT from 0.041666666666666664 to 0.08333333333333333
10.5660 	WARNING 	0.7654394000001048: Video catchup needed, advancing self._nextFrameT from 0.08333333333333333 to 0.125
10.5660 	WARNING 	0.7654493999998522: Video catchup needed, advancing self._nextFrameT from 0.125 to 0.16666666666666666
10.5660 	WARNING 	0.7654579999998532: Video catchup needed, advancing self._nextFrameT from 0.16666666666666666 to 0.20833333333333331
10.5660 	WARNING 	0.7654689999999391: Video catchup needed, advancing self._nextFrameT from 0.20833333333333331 to 0.24999999999999997
10.5660 	WARNING 	0.7654818000009982: Video catchup needed, advancing self._nextFrameT from 0.24999999999999997 to 0.29166666666666663
10.5660 	WARNING 	0.7654911999998149: Video catchup needed, advancing self._nextFrameT from 0.29166666666666663 to 0.3333333333333333
10.5660 	WARNING 	0.765500699999393: Video catchup needed, advancing self._nextFrameT from 0.3333333333333333 to 0.375
10.5661 	WARNING 	0.7655101000000286: Video catchup needed, advancing self._nextFrameT from 0.375 to 0.4166666666666667
10.5661 	WARNING 	Max reportNDroppedFrames reached, will not log any more dropped frames
10.5792 	EXP 	window1: mouseVisible = True
10.5833 	EXP 	Created text_2 = TextStim(__class__=<class 'psychopy.visual.text.TextStim'>, alignHoriz=method-wrapper(...), alignText='center', alignVert=method-wrapper(...), anchorHoriz='center', anchorVert='center', antialias=True, autoDraw=False, autoLog=True, bold=False, color=array([1., 1., 1.]), colorSpace='rgb', contrast=1.0, depth=0.0, draggable=False, flipHoriz=False, flipVert=False, font='Open Sans', fontFiles=[], height=0.05, italic=False, languageStyle='LTR', name='text_2', opacity=1.0, ori=0.0, pos=array([0., 0.]), rgb=UNKNOWN, text='¡empezamos la tercera ronda!', units='height', win=Window(...), wrapWidth=1)
10.5834 	EXP 	window1: mouseVisible = True
10.6692 	EXP 	window1: mouseVisible = True
10.6856 	EXP 	Created image_3 = ImageStim(__class__=<class 'psychopy.visual.image.ImageStim'>, anchor=('center', 'center'), autoLog=True, color=array([1., 1., 1.]), colorSpace='rgb', contrast=1.0, depth=-1.0, draggable=False, flipHoriz=False, flipVert=False, image='default.png', interpolate=True, mask=None, maskParams=None, name='image_3', opacity=1.0, ori=0.0, pos=array([0., 0.]), size=array([0.35, 0.35]), texRes=128.0, units='height', win=Window(...))
10.6859 	EXP 	Created unnamed MovieStim3 = MovieStim3(__class__=<class 'psychopy.visual.movie3.MovieStim3'>, anchor=('center', 'center'), autoLog=True, color=UNKNOWN, colorSpace=UNKNOWN, depth=0.0, filename='imgs/video_celine.mp4', flipHoriz=False, flipVert=False, fps=UNKNOWN, interpolate=True, loop=False, name='unnamed MovieStim3', noAudio=False, opacity=1, ori=method-wrapper(...), pos=array([0., 0.]), size=None, units='pix', vframe_callback=UNKNOWN, volume=UNKNOWN, win=Window(...))
12.0512 	WARNING 	1.3653129000012996: Video catchup needed, advancing self._nextFrameT from 0.0 to 0.03336666666666667
12.0512 	WARNING 	1.3653512000000774: Video catchup needed, advancing self._nextFrameT from 0.03336666666666667 to 0.06673333333333334
12.0512 	WARNING 	1.365365000001475: Video catchup needed, advancing self._nextFrameT from 0.06673333333333334 to 0.10010000000000001
12.0513 	WARNING 	1.3653744000002916: Video catchup needed, advancing self._nextFrameT from 0.10010000000000001 to 0.13346666666666668
12.0513 	WARNING 	1.365384400000039: Video catchup needed, advancing self._nextFrameT from 0.13346666666666668 to 0.16683333333333333
12.0513 	WARNING 	1.36539410000114: Video catchup needed, advancing self._nextFrameT from 0.16683333333333333 to 0.2002
12.0513 	WARNING 	1.3654022999999142: Video catchup needed, advancing self._nextFrameT from 0.2002 to 0.23356666666666664
12.0513 	WARNING 	1.3654215000005934: Video catchup needed, advancing self._nextFrameT from 0.23356666666666664 to 0.2669333333333333
12.0513 	WARNING 	1.3654325000006793: Video catchup needed, advancing self._nextFrameT from 0.2669333333333333 to 0.30029999999999996
12.0513 	WARNING 	1.3654438000012306: Video catchup needed, advancing self._nextFrameT from 0.30029999999999996 to 0.3336666666666666
12.0513 	WARNING 	Max reportNDroppedFrames reached, will not log any more dropped frames
0.0054 	EXP 	movie: autoLog = True
0.0054 	EXP 	unnamed MovieStim3: autoLog = True
0.0054 	EXP 	unnamed MovieStim3: movie = 'imgs/video_celine.mp4'
0.0054 	EXP 	unnamed MovieStim3: ori = 0.0
0.0054 	EXP 	movie_2: autoLog = True
0.0054 	EXP 	unnamed MovieStim3: autoLog = True
0.0054 	EXP 	unnamed MovieStim3: movie = 'imgs/song_titanic.mp4'
0.0054 	EXP 	unnamed MovieStim3: ori = 0.0
0.0054 	EXP 	movie_3: autoLog = True
0.0054 	EXP 	unnamed MovieStim3: autoLog = True
0.0054 	EXP 	unnamed MovieStim3: movie = 'imgs/video_celine.mp4'
0.0054 	EXP 	unnamed MovieStim3: ori = 0.0
0.0309 	EXP 	Imported imgs/trials_fake.xlsx as conditions, 2 conditions, 3 params
0.0313 	EXP 	Created sequence: random, trialTypes=2, nReps=1, seed=None
0.0314 	EXP 	New trial (rep=0, index=0): {'timepresentation': 2, 'posx': -0.7, 'posy': 0.15}
0.0914 	EXP 	image: image = 'imgs/iceberg.png'
0.0914 	EXP 	movie: autoDraw = True
2.0035 	EXP 	image: autoDraw = True
2.4536 	EXP 	New trial (rep=0, index=1): {'timepresentation': 2, 'posx': -0.8, 'posy': 0.15}
2.5032 	DATA 	Keypress: space
2.5090 	EXP 	movie: autoDraw = False
2.5090 	EXP 	image: autoDraw = False
2.5090 	EXP 	image: image = 'imgs/iceberg.png'
2.5090 	EXP 	movie: autoDraw = True
4.4678 	EXP 	image: autoDraw = True
5.0405 	EXP 	Imported imgs/trials_fake.xlsx as conditions, 2 conditions, 3 params
5.0408 	EXP 	Created sequence: random, trialTypes=2, nReps=1, seed=None
5.0409 	EXP 	New trial (rep=0, index=0): {'timepresentation': 2, 'posx': -0.8, 'posy': 0.15}
5.0410 	EXP 	Sound  started
5.0419 	DATA 	Keypress: space
5.0435 	EXP 	movie: autoDraw = False
5.0435 	EXP 	image: autoDraw = False
5.0435 	EXP 	Set unnamed MovieStim3 playing
12.2499 	EXP 	New trial (rep=0, index=1): {'timepresentation': 2, 'posx': -0.7, 'posy': 0.15}
12.2513 	DATA 	Keypress: space
13.9766 	DATA 	Keypress: space
14.0042 	EXP 	Sound  stopped
14.0082 	EXP 	Set unnamed MovieStim3 stopped
14.0082 	EXP 	text: autoDraw = True
17.0102 	EXP 	Imported imgs/trials_fake.xlsx as conditions, 2 conditions, 3 params
17.0106 	EXP 	Created sequence: random, trialTypes=2, nReps=1, seed=None
17.0107 	EXP 	New trial (rep=0, index=0): {'timepresentation': 2, 'posx': -0.7, 'posy': 0.15}
17.0159 	EXP 	Sound  started
17.0439 	EXP 	text: autoDraw = False
17.0439 	EXP 	image_2: image = 'imgs/iceberg.png'
17.0439 	EXP 	Set unnamed MovieStim3 playing
17.0439 	EXP 	movie_2: autoDraw = True
19.0096 	EXP 	image_2: autoDraw = True
23.9279 	DATA 	Keypress: space
24.0554 	EXP 	New trial (rep=0, index=1): {'timepresentation': 2, 'posx': -0.8, 'posy': 0.15}
24.1109 	EXP 	movie_2: autoDraw = False
24.1109 	EXP 	image_2: autoDraw = False
24.1109 	EXP 	image_2: image = 'imgs/iceberg.png'
24.1109 	EXP 	movie_2: autoDraw = True
26.0547 	EXP 	image_2: autoDraw = True
28.3943 	EXP 	Sound  stopped
28.3964 	DATA 	Keypress: space
28.3979 	EXP 	movie_2: autoDraw = False
28.3979 	EXP 	image_2: autoDraw = False
28.3979 	EXP 	Set unnamed MovieStim3 stopped
28.3979 	EXP 	text_2: autoDraw = True
29.3864 	EXP 	Imported imgs/trials_iceberg_3.xlsx as conditions, 8 conditions, 3 params
29.3867 	EXP 	Created sequence: random, trialTypes=8, nReps=1, seed=None
29.3868 	EXP 	New trial (rep=0, index=0): {'timepresentation': 14, 'posx': 0.6, 'posy': 0.1}
29.6254 	EXP 	window1: mouseVisible = True
