5.0284 	WARNING 	User requested fullscreen with size [1536  864], but screen is actually [1920, 1080]. Using actual size
5.6780 	EXP 	Created window1 = Window(allowGUI=True, allowStencil=False, autoLog=True, backendConf=UNKNOWN, backgroundFit=<method-wrapper '__getattribute__' of attributeSetter object at 0x000001755AE91160>, backgroundImage=<method-wrapper '__getattribute__' of attributeSetter object at 0x000001755AE91100>, bitsMode=UNKNOWN, blendMode='avg', bpc=(8, 8, 8), color=array([0, 0, 0]), colorSpace='rgb', depthBits=8, fullscr=<method-wrapper '__getattribute__' of attributeSetter object at 0x000001755AE7DFA0>, gamma=None, gammaErrorPolicy='raise', lms=UNKNOWN, monitor=<psychopy.monitors.calibTools.Monitor object at 0x000001755B3516D0>, multiSample=False, name='window1', numSamples=2, pos=(0, 0), screen=0, size=array([1920, 1080]), stencilBits=0, stereo=False, title='PsychoPy', units='height', useFBO=True, useRetina=False, viewOri=0.0, viewPos=None, viewScale=None, waitBlanking=True, winType='pyglet')
5.6782 	EXP 	window1: mouseVisible = True
5.6782 	EXP 	window1: backgroundImage = ''
5.6783 	EXP 	window1: backgroundFit = 'none'
5.6802 	EXP 	window1: Attempting to measure frame rate of screen (0) ...
5.6802 	EXP 	window1: recordFrameIntervals = False
5.8439 	EXP 	window1: recordFrameIntervals = True
6.0276 	EXP 	Screen (0) actual frame rate measured at 59.95Hz
6.0277 	EXP 	window1: recordFrameIntervals = False
6.0279 	EXP 	window1: mouseVisible = False
7.6967 	EXP 	tarea_iceberg: status = STARTED
7.6970 	EXP 	window1: mouseVisible = True
7.6975 	WARNING 	Requested image 'imgs/logo_OB.jpeg' not found but similar filename 'imgs/logo_OB.png' exists. This will be used instead but changing the filename is advised.
7.7021 	WARNING 	Requested image 'imgs/logo_OB.jpeg' not found but similar filename 'imgs/logo_OB.png' exists. This will be used instead but changing the filename is advised.
7.7055 	WARNING 	Requested image 'imgs/logo_OB.jpeg' not found but similar filename 'imgs/logo_OB.png' exists. This will be used instead but changing the filename is advised.
7.7090 	WARNING 	Requested image 'imgs/logo_OB.jpeg' not found but similar filename 'imgs/logo_OB.png' exists. This will be used instead but changing the filename is advised.
7.7132 	EXP 	Created image_5 = ImageStim(__class__=<class 'psychopy.visual.image.ImageStim'>, anchor=('center', 'center'), autoLog=True, color=array([1., 1., 1.]), colorSpace='rgb', contrast=1.0, depth=0.0, draggable=False, flipHoriz=False, flipVert=False, image='imgs/logo_OB.jpeg', interpolate=True, mask=None, maskParams=None, name='image_5', opacity=1.0, ori=0.0, pos=array([0., 0.]), size=array([0.6, 0.7]), texRes=128.0, units='height', win=Window(...))
7.7134 	EXP 	window1: mouseVisible = True
7.7672 	EXP 	Created text_6 = TextStim(__class__=<class 'psychopy.visual.text.TextStim'>, alignHoriz=method-wrapper(...), alignText='center', alignVert=method-wrapper(...), anchorHoriz='center', anchorVert='center', antialias=True, autoDraw=False, autoLog=True, bold=False, color=array([1., 1., 1.]), colorSpace='rgb', contrast=1.0, depth=-1.0, draggable=False, flipHoriz=False, flipVert=False, font='Open Sans', fontFiles=[], height=0.04, italic=False, languageStyle='LTR', name='text_6', opacity=1.0, ori=0.0, pos=array([ 0.  , -0.35]), rgb=UNKNOWN, text='¡Bienvenido a un experimento de Open Brains!', units='height', win=Window(...), wrapWidth=1)
7.7673 	EXP 	window1: mouseVisible = True
7.7839 	EXP 	Created text_5 = TextStim(__class__=<class 'psychopy.visual.text.TextStim'>, alignHoriz=method-wrapper(...), alignText='center', alignVert=method-wrapper(...), anchorHoriz='center', anchorVert='center', antialias=True, autoDraw=False, autoLog=True, bold=False, color=array([1., 1., 1.]), colorSpace='rgb', contrast=1.0, depth=0.0, draggable=False, flipHoriz=False, flipVert=False, font='Open Sans', fontFiles=[], height=0.035, italic=False, languageStyle='LTR', name='text_5', opacity=1.0, ori=0.0, pos=array([0., 0.]), rgb=UNKNOWN, text=str(...), units='height', win=Window(...), wrapWidth=1)
7.7840 	EXP 	window1: mouseVisible = True
7.7851 	EXP 	Created text_7 = TextStim(__class__=<class 'psychopy.visual.text.TextStim'>, alignHoriz=method-wrapper(...), alignText='center', alignVert=method-wrapper(...), anchorHoriz='center', anchorVert='center', antialias=True, autoDraw=False, autoLog=True, bold=False, color=array([1., 1., 1.]), colorSpace='rgb', contrast=1.0, depth=0.0, draggable=False, flipHoriz=False, flipVert=False, font='Open Sans', fontFiles=[], height=0.05, italic=False, languageStyle='LTR', name='text_7', opacity=1.0, ori=0.0, pos=array([0., 0.]), rgb=UNKNOWN, text='', units='height', win=Window(...), wrapWidth=1)
7.7852 	EXP 	window1: mouseVisible = True
7.7929 	EXP 	Created image = ImageStim(__class__=<class 'psychopy.visual.image.ImageStim'>, anchor=('center', 'center'), autoLog=True, color=array([1., 1., 1.]), colorSpace='rgb', contrast=1.0, depth=-1.0, draggable=False, flipHoriz=False, flipVert=False, image='default.png', interpolate=True, mask=None, maskParams=None, name='image', opacity=1.0, ori=0.0, pos=array([0., 0.]), size=array([0.35, 0.35]), texRes=128.0, units='height', win=Window(...))
7.8931 	EXP 	Created unnamed MovieStim3 = MovieStim3(__class__=<class 'psychopy.visual.movie3.MovieStim3'>, anchor=('center', 'center'), autoLog=True, color=UNKNOWN, colorSpace=UNKNOWN, depth=0.0, filename='imgs/video_mar.mp4', flipHoriz=False, flipVert=False, fps=UNKNOWN, interpolate=True, loop=True, name='unnamed MovieStim3', noAudio=False, opacity=1, ori=method-wrapper(...), pos=array([0., 0.]), size=None, units='pix', vframe_callback=UNKNOWN, volume=UNKNOWN, win=Window(...))
8.9058 	WARNING 	1.0126034999993863: Video catchup needed, advancing self._nextFrameT from 0.0 to 0.04
8.9058 	WARNING 	1.0126356999971904: Video catchup needed, advancing self._nextFrameT from 0.04 to 0.08
8.9058 	WARNING 	1.0126463000051444: Video catchup needed, advancing self._nextFrameT from 0.08 to 0.12
8.9058 	WARNING 	1.0126553000009153: Video catchup needed, advancing self._nextFrameT from 0.12 to 0.16
8.9058 	WARNING 	1.0126640000089537: Video catchup needed, advancing self._nextFrameT from 0.16 to 0.2
8.9058 	WARNING 	1.012672199998633: Video catchup needed, advancing self._nextFrameT from 0.2 to 0.24000000000000002
8.9058 	WARNING 	1.0126807000051485: Video catchup needed, advancing self._nextFrameT from 0.24000000000000002 to 0.28
8.9059 	WARNING 	1.0126900000032037: Video catchup needed, advancing self._nextFrameT from 0.28 to 0.32
8.9059 	WARNING 	1.0126987000112422: Video catchup needed, advancing self._nextFrameT from 0.32 to 0.36
8.9059 	WARNING 	1.0127075000054901: Video catchup needed, advancing self._nextFrameT from 0.36 to 0.39999999999999997
8.9060 	WARNING 	Max reportNDroppedFrames reached, will not log any more dropped frames
9.1017 	EXP 	window1: mouseVisible = True
9.1101 	EXP 	Created image_2 = ImageStim(__class__=<class 'psychopy.visual.image.ImageStim'>, anchor=('center', 'center'), autoLog=True, color=array([1., 1., 1.]), colorSpace='rgb', contrast=1.0, depth=-1.0, draggable=False, flipHoriz=False, flipVert=False, image='default.png', interpolate=True, mask=None, maskParams=None, name='image_2', opacity=1.0, ori=0.0, pos=array([0., 0.]), size=array([0.35, 0.35]), texRes=128.0, units='height', win=Window(...))
9.1104 	EXP 	Created unnamed MovieStim3 = MovieStim3(__class__=<class 'psychopy.visual.movie3.MovieStim3'>, anchor=('center', 'center'), autoLog=True, color=UNKNOWN, colorSpace=UNKNOWN, depth=0.0, filename='imgs/song_titanic.mp4', flipHoriz=False, flipVert=False, fps=UNKNOWN, interpolate=True, loop=False, name='unnamed MovieStim3', noAudio=False, opacity=1, ori=method-wrapper(...), pos=array([0., 0.]), size=None, units='pix', vframe_callback=UNKNOWN, volume=UNKNOWN, win=Window(...))
9.8321 	WARNING 	0.7216994000045815: Video catchup needed, advancing self._nextFrameT from 0.0 to 0.041666666666666664
9.8321 	WARNING 	0.7217337000038242: Video catchup needed, advancing self._nextFrameT from 0.041666666666666664 to 0.08333333333333333
9.8321 	WARNING 	0.7217450000025565: Video catchup needed, advancing self._nextFrameT from 0.08333333333333333 to 0.125
9.8322 	WARNING 	0.7217549999913899: Video catchup needed, advancing self._nextFrameT from 0.125 to 0.16666666666666666
9.8322 	WARNING 	0.7217648999940138: Video catchup needed, advancing self._nextFrameT from 0.16666666666666666 to 0.20833333333333331
9.8322 	WARNING 	0.7217743999935919: Video catchup needed, advancing self._nextFrameT from 0.20833333333333331 to 0.24999999999999997
9.8322 	WARNING 	0.721784099994693: Video catchup needed, advancing self._nextFrameT from 0.24999999999999997 to 0.29166666666666663
9.8322 	WARNING 	0.7217933999927482: Video catchup needed, advancing self._nextFrameT from 0.29166666666666663 to 0.3333333333333333
9.8322 	WARNING 	0.7218025000038324: Video catchup needed, advancing self._nextFrameT from 0.3333333333333333 to 0.375
9.8322 	WARNING 	0.7218118000018876: Video catchup needed, advancing self._nextFrameT from 0.375 to 0.4166666666666667
9.8322 	WARNING 	Max reportNDroppedFrames reached, will not log any more dropped frames
9.8454 	EXP 	Created unnamed MovieStim3 = MovieStim3(__class__=<class 'psychopy.visual.movie3.MovieStim3'>, anchor=('center', 'center'), autoLog=True, color=UNKNOWN, colorSpace=UNKNOWN, depth=0.0, filename='imgs/titanic_spanish.mp4', flipHoriz=False, flipVert=False, fps=UNKNOWN, interpolate=True, loop=False, name='unnamed MovieStim3', noAudio=False, opacity=1, ori=method-wrapper(...), pos=array([0., 0.]), size=None, units='pix', vframe_callback=UNKNOWN, volume=UNKNOWN, win=Window(...))
10.9833 	WARNING 	1.1379181000083918: Video catchup needed, advancing self._nextFrameT from 0.0 to 0.04
10.9833 	WARNING 	1.1379486000078032: Video catchup needed, advancing self._nextFrameT from 0.04 to 0.08
10.9834 	WARNING 	1.1379587999981595: Video catchup needed, advancing self._nextFrameT from 0.08 to 0.12
10.9834 	WARNING 	1.1379674000054365: Video catchup needed, advancing self._nextFrameT from 0.12 to 0.16
10.9834 	WARNING 	1.1379751000058604: Video catchup needed, advancing self._nextFrameT from 0.16 to 0.2
10.9834 	WARNING 	1.1379828000062844: Video catchup needed, advancing self._nextFrameT from 0.2 to 0.24000000000000002
10.9834 	WARNING 	1.1379919000028167: Video catchup needed, advancing self._nextFrameT from 0.24000000000000002 to 0.28
10.9834 	WARNING 	1.1380000000062864: Video catchup needed, advancing self._nextFrameT from 0.28 to 0.32
10.9834 	WARNING 	1.1380080000089947: Video catchup needed, advancing self._nextFrameT from 0.32 to 0.36
10.9834 	WARNING 	1.1380155000078958: Video catchup needed, advancing self._nextFrameT from 0.36 to 0.39999999999999997
10.9834 	WARNING 	Max reportNDroppedFrames reached, will not log any more dropped frames
11.0073 	EXP 	window1: mouseVisible = True
11.0164 	EXP 	Created image_3 = ImageStim(__class__=<class 'psychopy.visual.image.ImageStim'>, anchor=('center', 'center'), autoLog=True, color=array([1., 1., 1.]), colorSpace='rgb', contrast=1.0, depth=-3.0, draggable=False, flipHoriz=False, flipVert=False, image='default.png', interpolate=True, mask=None, maskParams=None, name='image_3', opacity=1.0, ori=0.0, pos=array([0., 0.]), size=array([0.35, 0.35]), texRes=128.0, units='height', win=Window(...))
11.0166 	EXP 	Created unnamed MovieStim3 = MovieStim3(__class__=<class 'psychopy.visual.movie3.MovieStim3'>, anchor=('center', 'center'), autoLog=True, color=UNKNOWN, colorSpace=UNKNOWN, depth=0.0, filename='imgs/titanic.mp4', flipHoriz=False, flipVert=False, fps=UNKNOWN, interpolate=True, loop=False, name='unnamed MovieStim3', noAudio=False, opacity=1, ori=method-wrapper(...), pos=array([  0., 100.]), size=None, units='pix', vframe_callback=UNKNOWN, volume=UNKNOWN, win=Window(...))
12.0415 	WARNING 	1.0248326000000816: Video catchup needed, advancing self._nextFrameT from 0.0 to 0.03336666666666667
12.0415 	WARNING 	1.0248619000049075: Video catchup needed, advancing self._nextFrameT from 0.03336666666666667 to 0.06673333333333334
12.0415 	WARNING 	1.0248716000060085: Video catchup needed, advancing self._nextFrameT from 0.06673333333333334 to 0.10010000000000001
12.0415 	WARNING 	1.0248809000040637: Video catchup needed, advancing self._nextFrameT from 0.10010000000000001 to 0.13346666666666668
12.0415 	WARNING 	1.0248892000090564: Video catchup needed, advancing self._nextFrameT from 0.13346666666666668 to 0.16683333333333333
12.0415 	WARNING 	1.0248978000017814: Video catchup needed, advancing self._nextFrameT from 0.16683333333333333 to 0.2002
12.0416 	WARNING 	1.024908500010497: Video catchup needed, advancing self._nextFrameT from 0.2002 to 0.23356666666666664
12.0416 	WARNING 	1.0249166000139667: Video catchup needed, advancing self._nextFrameT from 0.23356666666666664 to 0.2669333333333333
12.0416 	WARNING 	1.0249245000013616: Video catchup needed, advancing self._nextFrameT from 0.2669333333333333 to 0.30029999999999996
12.0416 	WARNING 	1.0249324000033084: Video catchup needed, advancing self._nextFrameT from 0.30029999999999996 to 0.3336666666666666
12.0416 	WARNING 	Max reportNDroppedFrames reached, will not log any more dropped frames
12.0643 	EXP 	window1: mouseVisible = True
12.0725 	EXP 	Created image_4 = ImageStim(__class__=<class 'psychopy.visual.image.ImageStim'>, anchor=('center', 'center'), autoLog=True, color=array([1., 1., 1.]), colorSpace='rgb', contrast=1.0, depth=-4.0, draggable=False, flipHoriz=False, flipVert=False, image='default.png', interpolate=True, mask=None, maskParams=None, name='image_4', opacity=1.0, ori=0.0, pos=array([0., 0.]), size=array([0.35, 0.35]), texRes=128.0, units='height', win=Window(...))
12.0726 	EXP 	window1: mouseVisible = True
12.0831 	EXP 	Created text_4 = TextStim(__class__=<class 'psychopy.visual.text.TextStim'>, alignHoriz=method-wrapper(...), alignText='center', alignVert=method-wrapper(...), anchorHoriz='center', anchorVert='center', antialias=True, autoDraw=False, autoLog=True, bold=False, color=array([1., 1., 1.]), colorSpace='rgb', contrast=1.0, depth=0.0, draggable=False, flipHoriz=False, flipVert=False, font='Open Sans', fontFiles=[], height=0.05, italic=False, languageStyle='LTR', name='text_4', opacity=1.0, ori=0.0, pos=array([0., 0.]), rgb=UNKNOWN, text='¡Muchas gracias por participar!', units='height', win=Window(...), wrapWidth=1)
0.0021 	EXP 	unnamed MovieStim3: autoLog = True
0.0021 	EXP 	unnamed MovieStim3: movie = 'imgs/video_mar.mp4'
0.0021 	EXP 	unnamed MovieStim3: ori = 0.0
0.0021 	EXP 	unnamed MovieStim3: autoLog = True
0.0021 	EXP 	unnamed MovieStim3: movie = 'imgs/song_titanic.mp4'
0.0021 	EXP 	unnamed MovieStim3: ori = 0.0
0.0021 	EXP 	unnamed MovieStim3: autoLog = True
0.0021 	EXP 	unnamed MovieStim3: movie = 'imgs/titanic_spanish.mp4'
0.0021 	EXP 	unnamed MovieStim3: ori = 0.0
0.0021 	EXP 	unnamed MovieStim3: autoLog = True
0.0021 	EXP 	unnamed MovieStim3: movie = 'imgs/titanic.mp4'
0.0021 	EXP 	unnamed MovieStim3: ori = 0.0
0.0129 	EXP 	image_5: autoDraw = True
0.0129 	EXP 	text_6: autoDraw = True
3.0210 	EXP 	image_5: autoDraw = False
3.0210 	EXP 	text_6: autoDraw = False
3.0210 	EXP 	text_5: autoDraw = True
8.2792 	DATA 	Keypress: space
8.2843 	EXP 	text_5: autoDraw = False
8.2843 	EXP 	text_7: height = 0.05
8.2843 	EXP 	text_7: height = 0.05
8.2843 	EXP 	text_7: height = 0.05
8.2843 	EXP 	text_7: text = 'Ronda 1/4'
8.2843 	EXP 	text_7: autoDraw = True
10.2796 	EXP 	Imported imgs/iceberg_times.xlsx as conditions, 2 conditions, 3 params
10.2800 	EXP 	Created sequence: random, trialTypes=2, nReps=1, seed=None
10.2801 	EXP 	New trial (rep=0, index=0): {'timepresentation': 5, 'posx': -0.5, 'posy': 0.15}
10.2858 	EXP 	Sound  started
10.2861 	EXP 	New trial (rep=0, index=1): {'timepresentation': 15, 'posx': 0.7, 'posy': 0.1}
10.2974 	EXP 	Imported imgs/iceberg_times.xlsx as conditions, 2 conditions, 3 params
10.2977 	EXP 	Created sequence: random, trialTypes=2, nReps=1, seed=None
10.2978 	EXP 	New trial (rep=0, index=0): {'timepresentation': 5, 'posx': -0.5, 'posy': 0.15}
10.3028 	EXP 	Sound  started
10.3030 	EXP 	New trial (rep=0, index=1): {'timepresentation': 15, 'posx': 0.7, 'posy': 0.1}
10.3312 	EXP 	Sound  stopped
10.3383 	EXP 	Imported imgs/iceberg_times.xlsx as conditions, 2 conditions, 3 params
10.3386 	EXP 	Created sequence: random, trialTypes=2, nReps=1, seed=None
10.3388 	EXP 	New trial (rep=0, index=0): {'timepresentation': 15, 'posx': 0.7, 'posy': 0.1}
10.3389 	EXP 	Sound  started
10.3474 	EXP 	New trial (rep=0, index=1): {'timepresentation': 5, 'posx': -0.5, 'posy': 0.15}
10.3804 	EXP 	Sound  stopped
10.3875 	EXP 	Imported imgs/iceberg_times.xlsx as conditions, 2 conditions, 3 params
10.3878 	EXP 	Created sequence: random, trialTypes=2, nReps=1, seed=None
10.3879 	EXP 	New trial (rep=0, index=0): {'timepresentation': 11, 'posx': 0.7, 'posy': 0.1}
10.5487 	EXP 	window1: mouseVisible = True
