10.1171 	WARNING 	User requested fullscreen with size [1536  864], but screen is actually [1920, 1080]. Using actual size
10.8162 	EXP 	Created window1 = Window(allowGUI=True, allowStencil=False, autoLog=True, backendConf=UNKNOWN, backgroundFit=<method-wrapper '__getattribute__' of attributeSetter object at 0x0000023910103C40>, backgroundImage=<method-wrapper '__getattribute__' of attributeSetter object at 0x0000023910103BE0>, bitsMode=UNKNOWN, blendMode='avg', bpc=(8, 8, 8), color=array([0, 0, 0]), colorSpace='rgb', depthBits=8, fullscr=<method-wrapper '__getattribute__' of attributeSetter object at 0x0000023910103A00>, gamma=None, gammaErrorPolicy='raise', lms=UNKNOWN, monitor=<psychopy.monitors.calibTools.Monitor object at 0x00000239105D1190>, multiSample=False, name='window1', numSamples=2, pos=(0, 0), screen=0, size=array([1920, 1080]), stencilBits=0, stereo=False, title='PsychoPy', units='height', useFBO=True, useRetina=False, viewOri=0.0, viewPos=None, viewScale=None, waitBlanking=True, winType='pyglet')
10.8163 	EXP 	window1: mouseVisible = True
10.8163 	EXP 	window1: backgroundImage = ''
10.8163 	EXP 	window1: backgroundFit = 'none'
10.8184 	EXP 	window1: Attempting to measure frame rate of screen (0) ...
10.8184 	EXP 	window1: recordFrameIntervals = False
10.9828 	EXP 	window1: recordFrameIntervals = True
11.1666 	EXP 	Screen (0) actual frame rate measured at 60.07Hz
11.1667 	EXP 	window1: recordFrameIntervals = False
11.1671 	EXP 	window1: mouseVisible = False
13.2674 	EXP 	tarea_iceberg: status = STARTED
13.2678 	EXP 	window1: mouseVisible = True
13.2685 	WARNING 	Requested image 'imgs/logo_OB.jpeg' not found but similar filename 'imgs/logo_OB.png' exists. This will be used instead but changing the filename is advised.
13.2774 	WARNING 	Requested image 'imgs/logo_OB.jpeg' not found but similar filename 'imgs/logo_OB.png' exists. This will be used instead but changing the filename is advised.
13.2828 	WARNING 	Requested image 'imgs/logo_OB.jpeg' not found but similar filename 'imgs/logo_OB.png' exists. This will be used instead but changing the filename is advised.
13.2871 	WARNING 	Requested image 'imgs/logo_OB.jpeg' not found but similar filename 'imgs/logo_OB.png' exists. This will be used instead but changing the filename is advised.
13.2925 	EXP 	Created image_5 = ImageStim(__class__=<class 'psychopy.visual.image.ImageStim'>, anchor=('center', 'center'), autoLog=True, color=array([1., 1., 1.]), colorSpace='rgb', contrast=1.0, depth=0.0, draggable=False, flipHoriz=False, flipVert=False, image='imgs/logo_OB.jpeg', interpolate=True, mask=None, maskParams=None, name='image_5', opacity=1.0, ori=0.0, pos=array([0., 0.]), size=array([0.6, 0.7]), texRes=128.0, units='height', win=Window(...))
13.2927 	EXP 	window1: mouseVisible = True
13.3488 	EXP 	Created text_6 = TextStim(__class__=<class 'psychopy.visual.text.TextStim'>, alignHoriz=method-wrapper(...), alignText='center', alignVert=method-wrapper(...), anchorHoriz='center', anchorVert='center', antialias=True, autoDraw=False, autoLog=True, bold=False, color=array([1., 1., 1.]), colorSpace='rgb', contrast=1.0, depth=-1.0, draggable=False, flipHoriz=False, flipVert=False, font='Open Sans', fontFiles=[], height=0.04, italic=False, languageStyle='LTR', name='text_6', opacity=1.0, ori=0.0, pos=array([ 0.  , -0.35]), rgb=UNKNOWN, text='¡Bienvenido a un experimento de Open Brains!', units='height', win=Window(...), wrapWidth=1)
13.3490 	EXP 	window1: mouseVisible = True
13.3672 	EXP 	Created text_5 = TextStim(__class__=<class 'psychopy.visual.text.TextStim'>, alignHoriz=method-wrapper(...), alignText='center', alignVert=method-wrapper(...), anchorHoriz='center', anchorVert='center', antialias=True, autoDraw=False, autoLog=True, bold=False, color=array([1., 1., 1.]), colorSpace='rgb', contrast=1.0, depth=0.0, draggable=False, flipHoriz=False, flipVert=False, font='Open Sans', fontFiles=[], height=0.035, italic=False, languageStyle='LTR', name='text_5', opacity=1.0, ori=0.0, pos=array([0., 0.]), rgb=UNKNOWN, text=str(...), units='height', win=Window(...), wrapWidth=1)
13.3674 	EXP 	window1: mouseVisible = True
13.3684 	EXP 	Created text_7 = TextStim(__class__=<class 'psychopy.visual.text.TextStim'>, alignHoriz=method-wrapper(...), alignText='center', alignVert=method-wrapper(...), anchorHoriz='center', anchorVert='center', antialias=True, autoDraw=False, autoLog=True, bold=False, color=array([1., 1., 1.]), colorSpace='rgb', contrast=1.0, depth=0.0, draggable=False, flipHoriz=False, flipVert=False, font='Open Sans', fontFiles=[], height=0.05, italic=False, languageStyle='LTR', name='text_7', opacity=1.0, ori=0.0, pos=array([0., 0.]), rgb=UNKNOWN, text='', units='height', win=Window(...), wrapWidth=1)
13.3685 	EXP 	window1: mouseVisible = True
13.3803 	EXP 	Created image = ImageStim(__class__=<class 'psychopy.visual.image.ImageStim'>, anchor=('center', 'center'), autoLog=True, color=array([1., 1., 1.]), colorSpace='rgb', contrast=1.0, depth=0.0, draggable=False, flipHoriz=False, flipVert=False, image='default.png', interpolate=True, mask=None, maskParams=None, name='image', opacity=1.0, ori=0.0, pos=array([0., 0.]), size=array([0.35, 0.35]), texRes=128.0, units='height', win=Window(...))
13.5105 	EXP 	Created unnamed MovieStim3 = MovieStim3(__class__=<class 'psychopy.visual.movie3.MovieStim3'>, anchor=('center', 'center'), autoLog=True, color=UNKNOWN, colorSpace=UNKNOWN, depth=0.0, filename='imgs/video_mar.mp4', flipHoriz=False, flipVert=False, fps=UNKNOWN, interpolate=True, loop=True, name='unnamed MovieStim3', noAudio=False, opacity=1, ori=method-wrapper(...), pos=array([0., 0.]), size=None, units='pix', vframe_callback=UNKNOWN, volume=UNKNOWN, win=Window(...))
14.6989 	WARNING 	1.1883104000007734: Video catchup needed, advancing self._nextFrameT from 0.0 to 0.04
14.6991 	WARNING 	1.18850360000215: Video catchup needed, advancing self._nextFrameT from 0.04 to 0.08
14.6992 	WARNING 	1.1886112999927718: Video catchup needed, advancing self._nextFrameT from 0.08 to 0.12
14.6993 	WARNING 	1.1887930999946548: Video catchup needed, advancing self._nextFrameT from 0.12 to 0.16
14.6993 	WARNING 	1.188831499996013: Video catchup needed, advancing self._nextFrameT from 0.16 to 0.2
14.6994 	WARNING 	1.1888688000035472: Video catchup needed, advancing self._nextFrameT from 0.2 to 0.24000000000000002
14.6994 	WARNING 	1.1889056999934837: Video catchup needed, advancing self._nextFrameT from 0.24000000000000002 to 0.28
14.6994 	WARNING 	1.1889319000038086: Video catchup needed, advancing self._nextFrameT from 0.28 to 0.32
14.6995 	WARNING 	1.1889554999943357: Video catchup needed, advancing self._nextFrameT from 0.32 to 0.36
14.6995 	WARNING 	1.1889793000009377: Video catchup needed, advancing self._nextFrameT from 0.36 to 0.39999999999999997
14.6997 	WARNING 	Max reportNDroppedFrames reached, will not log any more dropped frames
14.9697 	EXP 	window1: mouseVisible = True
14.9779 	EXP 	Created image_2 = ImageStim(__class__=<class 'psychopy.visual.image.ImageStim'>, anchor=('center', 'center'), autoLog=True, color=array([1., 1., 1.]), colorSpace='rgb', contrast=1.0, depth=0.0, draggable=False, flipHoriz=False, flipVert=False, image='default.png', interpolate=True, mask=None, maskParams=None, name='image_2', opacity=1.0, ori=0.0, pos=array([0., 0.]), size=array([0.35, 0.35]), texRes=128.0, units='height', win=Window(...))
14.9782 	EXP 	Created unnamed MovieStim3 = MovieStim3(__class__=<class 'psychopy.visual.movie3.MovieStim3'>, anchor=('center', 'center'), autoLog=True, color=UNKNOWN, colorSpace=UNKNOWN, depth=0.0, filename='imgs/song_titanic.mp4', flipHoriz=False, flipVert=False, fps=UNKNOWN, interpolate=True, loop=False, name='unnamed MovieStim3', noAudio=False, opacity=1, ori=method-wrapper(...), pos=array([0., 0.]), size=None, units='pix', vframe_callback=UNKNOWN, volume=UNKNOWN, win=Window(...))
15.9023 	WARNING 	0.9240285999985645: Video catchup needed, advancing self._nextFrameT from 0.0 to 0.041666666666666664
15.9023 	WARNING 	0.9241030999983195: Video catchup needed, advancing self._nextFrameT from 0.041666666666666664 to 0.08333333333333333
15.9024 	WARNING 	0.9241155999916373: Video catchup needed, advancing self._nextFrameT from 0.08333333333333333 to 0.125
15.9024 	WARNING 	0.9241267999896081: Video catchup needed, advancing self._nextFrameT from 0.125 to 0.16666666666666666
15.9024 	WARNING 	0.9241520999930799: Video catchup needed, advancing self._nextFrameT from 0.16666666666666666 to 0.20833333333333331
15.9024 	WARNING 	0.9241631999902893: Video catchup needed, advancing self._nextFrameT from 0.20833333333333331 to 0.24999999999999997
15.9024 	WARNING 	0.9241748999920674: Video catchup needed, advancing self._nextFrameT from 0.24999999999999997 to 0.29166666666666663
15.9024 	WARNING 	0.9241840999893611: Video catchup needed, advancing self._nextFrameT from 0.29166666666666663 to 0.3333333333333333
15.9024 	WARNING 	0.9241929999989225: Video catchup needed, advancing self._nextFrameT from 0.3333333333333333 to 0.375
15.9024 	WARNING 	0.9242015999916475: Video catchup needed, advancing self._nextFrameT from 0.375 to 0.4166666666666667
15.9024 	WARNING 	Max reportNDroppedFrames reached, will not log any more dropped frames
15.9200 	EXP 	Created unnamed MovieStim3 = MovieStim3(__class__=<class 'psychopy.visual.movie3.MovieStim3'>, anchor=('center', 'center'), autoLog=True, color=UNKNOWN, colorSpace=UNKNOWN, depth=0.0, filename='imgs/titanic_spanish.mp4', flipHoriz=False, flipVert=False, fps=UNKNOWN, interpolate=True, loop=False, name='unnamed MovieStim3', noAudio=False, opacity=1, ori=method-wrapper(...), pos=array([0., 0.]), size=None, units='pix', vframe_callback=UNKNOWN, volume=UNKNOWN, win=Window(...))
17.3933 	WARNING 	1.473191000011866: Video catchup needed, advancing self._nextFrameT from 0.0 to 0.04
17.3933 	WARNING 	1.473277800003416: Video catchup needed, advancing self._nextFrameT from 0.04 to 0.08
17.3934 	WARNING 	1.4732891000021482: Video catchup needed, advancing self._nextFrameT from 0.08 to 0.12
17.3934 	WARNING 	1.4732989000040106: Video catchup needed, advancing self._nextFrameT from 0.12 to 0.16
17.3934 	WARNING 	1.4733094000112033: Video catchup needed, advancing self._nextFrameT from 0.16 to 0.2
17.3934 	WARNING 	1.4733191000123043: Video catchup needed, advancing self._nextFrameT from 0.2 to 0.24000000000000002
17.3934 	WARNING 	1.4733317000063835: Video catchup needed, advancing self._nextFrameT from 0.24000000000000002 to 0.28
17.3934 	WARNING 	1.4733418000105303: Video catchup needed, advancing self._nextFrameT from 0.28 to 0.32
17.3934 	WARNING 	1.4733498000132386: Video catchup needed, advancing self._nextFrameT from 0.32 to 0.36
17.3934 	WARNING 	1.4733571000106167: Video catchup needed, advancing self._nextFrameT from 0.36 to 0.39999999999999997
17.3934 	WARNING 	Max reportNDroppedFrames reached, will not log any more dropped frames
17.4370 	EXP 	window1: mouseVisible = True
17.4457 	EXP 	Created image_3 = ImageStim(__class__=<class 'psychopy.visual.image.ImageStim'>, anchor=('center', 'center'), autoLog=True, color=array([1., 1., 1.]), colorSpace='rgb', contrast=1.0, depth=-2.0, draggable=False, flipHoriz=False, flipVert=False, image='default.png', interpolate=True, mask=None, maskParams=None, name='image_3', opacity=1.0, ori=0.0, pos=array([0., 0.]), size=array([0.35, 0.35]), texRes=128.0, units='height', win=Window(...))
17.4460 	EXP 	Created unnamed MovieStim3 = MovieStim3(__class__=<class 'psychopy.visual.movie3.MovieStim3'>, anchor=('center', 'center'), autoLog=True, color=UNKNOWN, colorSpace=UNKNOWN, depth=0.0, filename='imgs/titanic_spanish.mp4', flipHoriz=False, flipVert=False, fps=UNKNOWN, interpolate=True, loop=False, name='unnamed MovieStim3', noAudio=False, opacity=1, ori=method-wrapper(...), pos=array([0., 0.]), size=None, units='pix', vframe_callback=UNKNOWN, volume=UNKNOWN, win=Window(...))
19.0531 	WARNING 	1.607151199990767: Video catchup needed, advancing self._nextFrameT from 0.0 to 0.04
19.0532 	WARNING 	1.6071909999882337: Video catchup needed, advancing self._nextFrameT from 0.04 to 0.08
19.0532 	WARNING 	1.6072056999983033: Video catchup needed, advancing self._nextFrameT from 0.08 to 0.12
19.0532 	WARNING 	1.6072180999908596: Video catchup needed, advancing self._nextFrameT from 0.12 to 0.16
19.0532 	WARNING 	1.6072295999911148: Video catchup needed, advancing self._nextFrameT from 0.16 to 0.2
19.0532 	WARNING 	1.6072415999951772: Video catchup needed, advancing self._nextFrameT from 0.2 to 0.24000000000000002
19.0532 	WARNING 	1.6072566999937408: Video catchup needed, advancing self._nextFrameT from 0.24000000000000002 to 0.28
19.0532 	WARNING 	1.60726929998782: Video catchup needed, advancing self._nextFrameT from 0.28 to 0.32
19.0533 	WARNING 	1.6072808999888366: Video catchup needed, advancing self._nextFrameT from 0.32 to 0.36
19.0533 	WARNING 	1.6072923999890918: Video catchup needed, advancing self._nextFrameT from 0.36 to 0.39999999999999997
19.0533 	WARNING 	Max reportNDroppedFrames reached, will not log any more dropped frames
19.1001 	EXP 	Created unnamed MovieStim3 = MovieStim3(__class__=<class 'psychopy.visual.movie3.MovieStim3'>, anchor=('center', 'center'), autoLog=True, color=UNKNOWN, colorSpace=UNKNOWN, depth=0.0, filename='imgs/titanic.mp4', flipHoriz=False, flipVert=False, fps=UNKNOWN, interpolate=True, loop=False, name='unnamed MovieStim3', noAudio=False, opacity=1, ori=method-wrapper(...), pos=array([  0., 100.]), size=None, units='pix', vframe_callback=UNKNOWN, volume=UNKNOWN, win=Window(...))
20.5769 	WARNING 	1.4767064999905415: Video catchup needed, advancing self._nextFrameT from 0.0 to 0.03336666666666667
20.5769 	WARNING 	1.4767551999975694: Video catchup needed, advancing self._nextFrameT from 0.03336666666666667 to 0.06673333333333334
20.5769 	WARNING 	1.4767657999909716: Video catchup needed, advancing self._nextFrameT from 0.06673333333333334 to 0.10010000000000001
20.5769 	WARNING 	1.4767750999890268: Video catchup needed, advancing self._nextFrameT from 0.10010000000000001 to 0.13346666666666668
20.5769 	WARNING 	1.4767838999978267: Video catchup needed, advancing self._nextFrameT from 0.13346666666666668 to 0.16683333333333333
20.5769 	WARNING 	1.476791699999012: Video catchup needed, advancing self._nextFrameT from 0.16683333333333333 to 0.2002
20.5769 	WARNING 	1.476799600000959: Video catchup needed, advancing self._nextFrameT from 0.2002 to 0.23356666666666664
20.5770 	WARNING 	1.4768074000021443: Video catchup needed, advancing self._nextFrameT from 0.23356666666666664 to 0.2669333333333333
20.5770 	WARNING 	1.4768153999903006: Video catchup needed, advancing self._nextFrameT from 0.2669333333333333 to 0.30029999999999996
20.5770 	WARNING 	1.476823399993009: Video catchup needed, advancing self._nextFrameT from 0.30029999999999996 to 0.3336666666666666
20.5770 	WARNING 	Max reportNDroppedFrames reached, will not log any more dropped frames
20.6297 	EXP 	window1: mouseVisible = True
20.6426 	EXP 	Created image_4 = ImageStim(__class__=<class 'psychopy.visual.image.ImageStim'>, anchor=('center', 'center'), autoLog=True, color=array([1., 1., 1.]), colorSpace='rgb', contrast=1.0, depth=-3.0, draggable=False, flipHoriz=False, flipVert=False, image='default.png', interpolate=True, mask=None, maskParams=None, name='image_4', opacity=1.0, ori=0.0, pos=array([0., 0.]), size=array([0.35, 0.35]), texRes=128.0, units='height', win=Window(...))
20.6427 	EXP 	window1: mouseVisible = True
20.6563 	EXP 	Created text_4 = TextStim(__class__=<class 'psychopy.visual.text.TextStim'>, alignHoriz=method-wrapper(...), alignText='center', alignVert=method-wrapper(...), anchorHoriz='center', anchorVert='center', antialias=True, autoDraw=False, autoLog=True, bold=False, color=array([1., 1., 1.]), colorSpace='rgb', contrast=1.0, depth=0.0, draggable=False, flipHoriz=False, flipVert=False, font='Open Sans', fontFiles=[], height=0.05, italic=False, languageStyle='LTR', name='text_4', opacity=1.0, ori=0.0, pos=array([0., 0.]), rgb=UNKNOWN, text='¡Muchas gracias por participar!', units='height', win=Window(...), wrapWidth=1)
0.0021 	EXP 	unnamed MovieStim3: autoLog = True
0.0021 	EXP 	unnamed MovieStim3: movie = 'imgs/video_mar.mp4'
0.0021 	EXP 	unnamed MovieStim3: ori = 0.0
0.0021 	EXP 	unnamed MovieStim3: autoLog = True
0.0021 	EXP 	unnamed MovieStim3: movie = 'imgs/song_titanic.mp4'
0.0021 	EXP 	unnamed MovieStim3: ori = 0.0
0.0021 	EXP 	unnamed MovieStim3: autoLog = True
0.0021 	EXP 	unnamed MovieStim3: movie = 'imgs/titanic_spanish.mp4'
0.0021 	EXP 	unnamed MovieStim3: ori = 0.0
0.0021 	EXP 	unnamed MovieStim3: autoLog = True
0.0021 	EXP 	unnamed MovieStim3: movie = 'imgs/titanic_spanish.mp4'
0.0021 	EXP 	unnamed MovieStim3: ori = 0.0
0.0021 	EXP 	unnamed MovieStim3: autoLog = True
0.0021 	EXP 	unnamed MovieStim3: movie = 'imgs/titanic.mp4'
0.0021 	EXP 	unnamed MovieStim3: ori = 0.0
0.0133 	EXP 	image_5: autoDraw = True
0.0133 	EXP 	text_6: autoDraw = True
3.0184 	EXP 	image_5: autoDraw = False
3.0184 	EXP 	text_6: autoDraw = False
3.0184 	EXP 	text_5: autoDraw = True
8.2342 	DATA 	Keypress: space
8.2547 	EXP 	Imported imgs/routines_order.xlsx as conditions, 4 conditions, 1 params
8.2550 	EXP 	Created sequence: sequential, trialTypes=4, nReps=1, seed=None
8.2552 	EXP 	New trial (rep=0, index=0): {'routineName': 'music_words'}
8.2649 	EXP 	text_5: autoDraw = False
8.2649 	EXP 	text_7: autoDraw = True
10.2714 	EXP 	Imported imgs/iceberg_times.xlsx as conditions, 2 conditions, 3 params
10.2717 	EXP 	Created sequence: random, trialTypes=2, nReps=1, seed=None
10.2718 	EXP 	New trial (rep=0, index=0): {'timepresentation': 7, 'posx': -0.6, 'posy': 0.15}
10.2774 	EXP 	Sound  started
10.2777 	EXP 	New trial (rep=0, index=1): {'timepresentation': 10, 'posx': 0.7, 'posy': 0.1}
10.2896 	EXP 	Imported imgs/iceberg_times.xlsx as conditions, 2 conditions, 3 params
10.2899 	EXP 	Created sequence: random, trialTypes=2, nReps=1, seed=None
10.2901 	EXP 	New trial (rep=0, index=0): {'timepresentation': 10, 'posx': 0.7, 'posy': 0.1}
10.2952 	EXP 	Sound  started
10.2955 	EXP 	New trial (rep=0, index=1): {'timepresentation': 7, 'posx': -0.6, 'posy': 0.15}
10.3183 	EXP 	Sound  stopped
10.3253 	EXP 	Imported imgs/iceberg_times.xlsx as conditions, 2 conditions, 3 params
10.3255 	EXP 	Created sequence: random, trialTypes=2, nReps=1, seed=None
10.3256 	EXP 	New trial (rep=0, index=0): {'timepresentation': 7, 'posx': -0.6, 'posy': 0.15}
10.3257 	EXP 	Sound  started
10.3433 	EXP 	text_7: autoDraw = False
10.3433 	EXP 	image: image = 'imgs/iceberg.png'
10.3433 	EXP 	Set unnamed MovieStim3 playing
10.3433 	EXP 	image: autoDraw = False
10.3433 	EXP 	image: image = 'imgs/iceberg.png'
10.3433 	EXP 	image: autoDraw = False
10.3433 	EXP 	image_2: image = 'imgs/iceberg.png'
10.3433 	EXP 	Set unnamed MovieStim3 playing
10.3433 	EXP 	image_2: autoDraw = False
10.3433 	EXP 	image_2: image = 'imgs/iceberg.png'
10.3433 	EXP 	image_2: autoDraw = False
10.3433 	EXP 	Set unnamed MovieStim3 stopped
10.3433 	EXP 	Set unnamed MovieStim3 playing
10.3433 	EXP 	image_3: image = 'imgs/iceberg.png'
17.3286 	EXP 	image_3: autoDraw = True
17.7637 	EXP 	New trial (rep=0, index=1): {'timepresentation': 10, 'posx': 0.7, 'posy': 0.1}
17.7864 	DATA 	Keypress: space
17.7945 	EXP 	image_3: autoDraw = False
17.7945 	EXP 	image_3: image = 'imgs/iceberg.png'
27.7717 	EXP 	image_3: autoDraw = True
28.2074 	EXP 	Sound  stopped
28.3491 	EXP 	Sound  started
28.3492 	WARNING 	0.1570135000074515: Video catchup needed, advancing self._nextFrameT from 0.0 to 0.04
28.3493 	WARNING 	0.15704550000373274: Video catchup needed, advancing self._nextFrameT from 0.04 to 0.08
28.4989 	EXP 	Sound  stopped
28.5064 	EXP 	Imported imgs/iceberg_times.xlsx as conditions, 2 conditions, 3 params
28.5066 	EXP 	Created sequence: random, trialTypes=2, nReps=1, seed=None
28.5068 	EXP 	New trial (rep=0, index=0): {'timepresentation': 8, 'posx': -0.5, 'posy': 0.15}
28.5068 	EXP 	Sound  started
28.5070 	EXP 	Sound  started
28.5131 	EXP 	New trial (rep=0, index=1): {'timepresentation': 10, 'posx': 0.6, 'posy': 0.1}
28.5380 	EXP 	Sound  stopped
28.5584 	EXP 	Sound  stopped
28.5587 	EXP 	New trial (rep=0, index=1): {'routineName': 'music'}
28.5601 	DATA 	Keypress: space
28.5672 	EXP 	Set unnamed MovieStim3 finished
28.5672 	EXP 	image_3: autoDraw = False
28.5672 	EXP 	Set unnamed MovieStim3 stopped
28.5672 	EXP 	Set unnamed MovieStim3 playing
28.5672 	EXP 	Set unnamed MovieStim3 playing
28.5672 	EXP 	image_4: image = 'imgs/iceberg.png'
28.5672 	EXP 	image_4: autoDraw = False
28.5672 	EXP 	image_4: image = 'imgs/iceberg.png'
28.5672 	EXP 	image_4: autoDraw = False
28.5672 	EXP 	Set unnamed MovieStim3 stopped
28.5672 	EXP 	Set unnamed MovieStim3 stopped
28.5672 	EXP 	text_7: autoDraw = True
30.5595 	EXP 	Imported imgs/iceberg_times.xlsx as conditions, 2 conditions, 3 params
30.5598 	EXP 	Created sequence: random, trialTypes=2, nReps=1, seed=None
30.5599 	EXP 	New trial (rep=0, index=0): {'timepresentation': 12, 'posx': -0.7, 'posy': 0.15}
30.5655 	EXP 	New trial (rep=0, index=1): {'timepresentation': 13, 'posx': -0.7, 'posy': 0.15}
30.5774 	EXP 	Imported imgs/iceberg_times.xlsx as conditions, 2 conditions, 3 params
30.5777 	EXP 	Created sequence: random, trialTypes=2, nReps=1, seed=None
30.5778 	EXP 	New trial (rep=0, index=0): {'timepresentation': 13, 'posx': -0.7, 'posy': 0.15}
30.8496 	EXP 	window1: mouseVisible = True
