6.4421 	WARNING 	User requested fullscreen with size [1536  864], but screen is actually [1920, 1080]. Using actual size
7.3483 	EXP 	Created window1 = Window(allowGUI=True, allowStencil=False, autoLog=True, backendConf=UNKNOWN, backgroundFit=<method-wrapper '__getattribute__' of attributeSetter object at 0x0000017BBC273E80>, backgroundImage=<method-wrapper '__getattribute__' of attributeSetter object at 0x0000017BBC273E20>, bitsMode=UNKNOWN, blendMode='avg', bpc=(8, 8, 8), color=array([0, 0, 0]), colorSpace='rgb', depthBits=8, fullscr=<method-wrapper '__getattribute__' of attributeSetter object at 0x0000017BBC273C40>, gamma=None, gammaErrorPolicy='raise', lms=UNKNOWN, monitor=<psychopy.monitors.calibTools.Monitor object at 0x0000017BBC7413D0>, multiSample=False, name='window1', numSamples=2, pos=(0, 0), screen=0, size=array([1920, 1080]), stencilBits=0, stereo=False, title='PsychoPy', units='height', useFBO=True, useRetina=False, viewOri=0.0, viewPos=None, viewScale=None, waitBlanking=True, winType='pyglet')
7.3485 	EXP 	window1: mouseVisible = True
7.3486 	EXP 	window1: backgroundImage = ''
7.3486 	EXP 	window1: backgroundFit = 'none'
7.3512 	EXP 	window1: Attempting to measure frame rate of screen (0) ...
7.3512 	EXP 	window1: recordFrameIntervals = False
7.5124 	EXP 	window1: recordFrameIntervals = True
7.6969 	EXP 	Screen (0) actual frame rate measured at 59.98Hz
7.6970 	EXP 	window1: recordFrameIntervals = False
7.6975 	EXP 	window1: mouseVisible = False
10.0603 	EXP 	tarea_iceberg: status = STARTED
10.0606 	EXP 	window1: mouseVisible = True
10.0611 	WARNING 	Requested image 'imgs/logo_OB.jpeg' not found but similar filename 'imgs/logo_OB.png' exists. This will be used instead but changing the filename is advised.
10.0783 	WARNING 	Requested image 'imgs/logo_OB.jpeg' not found but similar filename 'imgs/logo_OB.png' exists. This will be used instead but changing the filename is advised.
10.0842 	WARNING 	Requested image 'imgs/logo_OB.jpeg' not found but similar filename 'imgs/logo_OB.png' exists. This will be used instead but changing the filename is advised.
10.0892 	WARNING 	Requested image 'imgs/logo_OB.jpeg' not found but similar filename 'imgs/logo_OB.png' exists. This will be used instead but changing the filename is advised.
10.0959 	EXP 	Created image_5 = ImageStim(__class__=<class 'psychopy.visual.image.ImageStim'>, anchor=('center', 'center'), autoLog=True, color=array([1., 1., 1.]), colorSpace='rgb', contrast=1.0, depth=0.0, draggable=False, flipHoriz=False, flipVert=False, image='imgs/logo_OB.jpeg', interpolate=True, mask=None, maskParams=None, name='image_5', opacity=1.0, ori=0.0, pos=array([0., 0.]), size=array([0.6, 0.7]), texRes=128.0, units='height', win=Window(...))
10.0961 	EXP 	window1: mouseVisible = True
10.2142 	EXP 	Created text_6 = TextStim(__class__=<class 'psychopy.visual.text.TextStim'>, alignHoriz=method-wrapper(...), alignText='center', alignVert=method-wrapper(...), anchorHoriz='center', anchorVert='center', antialias=True, autoDraw=False, autoLog=True, bold=False, color=array([1., 1., 1.]), colorSpace='rgb', contrast=1.0, depth=-1.0, draggable=False, flipHoriz=False, flipVert=False, font='Open Sans', fontFiles=[], height=0.04, italic=False, languageStyle='LTR', name='text_6', opacity=1.0, ori=0.0, pos=array([ 0.  , -0.35]), rgb=UNKNOWN, text='¡Bienvenido a un experimento de Open Brains!', units='height', win=Window(...), wrapWidth=1)
10.2143 	EXP 	window1: mouseVisible = True
10.2323 	EXP 	Created text_5 = TextStim(__class__=<class 'psychopy.visual.text.TextStim'>, alignHoriz=method-wrapper(...), alignText='center', alignVert=method-wrapper(...), anchorHoriz='center', anchorVert='center', antialias=True, autoDraw=False, autoLog=True, bold=False, color=array([1., 1., 1.]), colorSpace='rgb', contrast=1.0, depth=0.0, draggable=False, flipHoriz=False, flipVert=False, font='Open Sans', fontFiles=[], height=0.035, italic=False, languageStyle='LTR', name='text_5', opacity=1.0, ori=0.0, pos=array([0., 0.]), rgb=UNKNOWN, text=str(...), units='height', win=Window(...), wrapWidth=1)
10.2324 	EXP 	window1: mouseVisible = True
10.2436 	EXP 	Created image = ImageStim(__class__=<class 'psychopy.visual.image.ImageStim'>, anchor=('center', 'center'), autoLog=True, color=array([1., 1., 1.]), colorSpace='rgb', contrast=1.0, depth=0.0, draggable=False, flipHoriz=False, flipVert=False, image='default.png', interpolate=True, mask=None, maskParams=None, name='image', opacity=1.0, ori=0.0, pos=array([0., 0.]), size=array([0.35, 0.35]), texRes=128.0, units='height', win=Window(...))
10.4990 	EXP 	Created unnamed MovieStim3 = MovieStim3(__class__=<class 'psychopy.visual.movie3.MovieStim3'>, anchor=('center', 'center'), autoLog=True, color=UNKNOWN, colorSpace=UNKNOWN, depth=0.0, filename='imgs/video_mar.mp4', flipHoriz=False, flipVert=False, fps=UNKNOWN, interpolate=True, loop=True, name='unnamed MovieStim3', noAudio=False, opacity=1, ori=method-wrapper(...), pos=array([0., 0.]), size=None, units='pix', vframe_callback=UNKNOWN, volume=UNKNOWN, win=Window(...))
11.5899 	WARNING 	1.0907963000063319: Video catchup needed, advancing self._nextFrameT from 0.0 to 0.04
11.5899 	WARNING 	1.0909167000063462: Video catchup needed, advancing self._nextFrameT from 0.04 to 0.08
11.5900 	WARNING 	1.0909494000079576: Video catchup needed, advancing self._nextFrameT from 0.08 to 0.12
11.5900 	WARNING 	1.0909762000082992: Video catchup needed, advancing self._nextFrameT from 0.12 to 0.16
11.5900 	WARNING 	1.091001500011771: Video catchup needed, advancing self._nextFrameT from 0.16 to 0.2
11.5900 	WARNING 	1.0910283000121126: Video catchup needed, advancing self._nextFrameT from 0.2 to 0.24000000000000002
11.5901 	WARNING 	1.0910556000017095: Video catchup needed, advancing self._nextFrameT from 0.24000000000000002 to 0.28
11.5901 	WARNING 	1.091088300003321: Video catchup needed, advancing self._nextFrameT from 0.28 to 0.32
11.5901 	WARNING 	1.0911158000089927: Video catchup needed, advancing self._nextFrameT from 0.32 to 0.36
11.5901 	WARNING 	1.0911438000039198: Video catchup needed, advancing self._nextFrameT from 0.36 to 0.39999999999999997
11.5902 	WARNING 	Max reportNDroppedFrames reached, will not log any more dropped frames
11.8660 	EXP 	window1: mouseVisible = True
11.8766 	EXP 	Created text = TextStim(__class__=<class 'psychopy.visual.text.TextStim'>, alignHoriz=method-wrapper(...), alignText='center', alignVert=method-wrapper(...), anchorHoriz='center', anchorVert='center', antialias=True, autoDraw=False, autoLog=True, bold=False, color=array([1., 1., 1.]), colorSpace='rgb', contrast=1.0, depth=0.0, draggable=False, flipHoriz=False, flipVert=False, font='Open Sans', fontFiles=[], height=0.05, italic=False, languageStyle='LTR', name='text', opacity=1.0, ori=0.0, pos=array([0., 0.]), rgb=UNKNOWN, text='¡Empezamos la segunda ronda!', units='height', win=Window(...), wrapWidth=1)
11.8767 	EXP 	window1: mouseVisible = True
11.8837 	EXP 	Created image_2 = ImageStim(__class__=<class 'psychopy.visual.image.ImageStim'>, anchor=('center', 'center'), autoLog=True, color=array([1., 1., 1.]), colorSpace='rgb', contrast=1.0, depth=0.0, draggable=False, flipHoriz=False, flipVert=False, image='default.png', interpolate=True, mask=None, maskParams=None, name='image_2', opacity=1.0, ori=0.0, pos=array([0., 0.]), size=array([0.35, 0.35]), texRes=128.0, units='height', win=Window(...))
11.8839 	EXP 	Created unnamed MovieStim3 = MovieStim3(__class__=<class 'psychopy.visual.movie3.MovieStim3'>, anchor=('center', 'center'), autoLog=True, color=UNKNOWN, colorSpace=UNKNOWN, depth=0.0, filename='imgs/song_titanic.mp4', flipHoriz=False, flipVert=False, fps=UNKNOWN, interpolate=True, loop=False, name='unnamed MovieStim3', noAudio=False, opacity=1, ori=method-wrapper(...), pos=array([0., 0.]), size=None, units='pix', vframe_callback=UNKNOWN, volume=UNKNOWN, win=Window(...))
12.6586 	WARNING 	0.7746948999993037: Video catchup needed, advancing self._nextFrameT from 0.0 to 0.041666666666666664
12.6587 	WARNING 	0.7747578999988036: Video catchup needed, advancing self._nextFrameT from 0.041666666666666664 to 0.08333333333333333
12.6587 	WARNING 	0.774774300007266: Video catchup needed, advancing self._nextFrameT from 0.08333333333333333 to 0.125
12.6587 	WARNING 	0.7747879000089597: Video catchup needed, advancing self._nextFrameT from 0.125 to 0.16666666666666666
12.6587 	WARNING 	0.7748008000053233: Video catchup needed, advancing self._nextFrameT from 0.16666666666666666 to 0.20833333333333331
12.6587 	WARNING 	0.7748140000039712: Video catchup needed, advancing self._nextFrameT from 0.20833333333333331 to 0.24999999999999997
12.6587 	WARNING 	0.7748267999995733: Video catchup needed, advancing self._nextFrameT from 0.24999999999999997 to 0.29166666666666663
12.6587 	WARNING 	0.7748394000082044: Video catchup needed, advancing self._nextFrameT from 0.29166666666666663 to 0.3333333333333333
12.6588 	WARNING 	0.7748513000115054: Video catchup needed, advancing self._nextFrameT from 0.3333333333333333 to 0.375
12.6588 	WARNING 	0.7748632000002544: Video catchup needed, advancing self._nextFrameT from 0.375 to 0.4166666666666667
12.6588 	WARNING 	Max reportNDroppedFrames reached, will not log any more dropped frames
12.6853 	EXP 	window1: mouseVisible = True
12.6890 	EXP 	Created text_2 = TextStim(__class__=<class 'psychopy.visual.text.TextStim'>, alignHoriz=method-wrapper(...), alignText='center', alignVert=method-wrapper(...), anchorHoriz='center', anchorVert='center', antialias=True, autoDraw=False, autoLog=True, bold=False, color=array([1., 1., 1.]), colorSpace='rgb', contrast=1.0, depth=0.0, draggable=False, flipHoriz=False, flipVert=False, font='Open Sans', fontFiles=[], height=0.05, italic=False, languageStyle='LTR', name='text_2', opacity=1.0, ori=0.0, pos=array([0., 0.]), rgb=UNKNOWN, text='¡empezamos la tercera ronda!', units='height', win=Window(...), wrapWidth=1)
12.6892 	EXP 	Created unnamed MovieStim3 = MovieStim3(__class__=<class 'psychopy.visual.movie3.MovieStim3'>, anchor=('center', 'center'), autoLog=True, color=UNKNOWN, colorSpace=UNKNOWN, depth=0.0, filename='imgs/titanic_spanish.mp4', flipHoriz=False, flipVert=False, fps=UNKNOWN, interpolate=True, loop=False, name='unnamed MovieStim3', noAudio=False, opacity=1, ori=method-wrapper(...), pos=array([0., 0.]), size=None, units='pix', vframe_callback=UNKNOWN, volume=UNKNOWN, win=Window(...))
13.8665 	WARNING 	1.1773211000108859: Video catchup needed, advancing self._nextFrameT from 0.0 to 0.04
13.8666 	WARNING 	1.1774032000103034: Video catchup needed, advancing self._nextFrameT from 0.04 to 0.08
13.8666 	WARNING 	1.1774158000043826: Video catchup needed, advancing self._nextFrameT from 0.08 to 0.12
13.8666 	WARNING 	1.1774253000039607: Video catchup needed, advancing self._nextFrameT from 0.12 to 0.16
13.8666 	WARNING 	1.1774384000018472: Video catchup needed, advancing self._nextFrameT from 0.16 to 0.2
13.8666 	WARNING 	1.1774486000067554: Video catchup needed, advancing self._nextFrameT from 0.2 to 0.24000000000000002
13.8666 	WARNING 	1.1774586000101408: Video catchup needed, advancing self._nextFrameT from 0.24000000000000002 to 0.28
13.8666 	WARNING 	1.1774677000066731: Video catchup needed, advancing self._nextFrameT from 0.28 to 0.32
13.8667 	WARNING 	1.1774774000077741: Video catchup needed, advancing self._nextFrameT from 0.32 to 0.36
13.8667 	WARNING 	1.1774860000004992: Video catchup needed, advancing self._nextFrameT from 0.36 to 0.39999999999999997
13.8667 	WARNING 	Max reportNDroppedFrames reached, will not log any more dropped frames
13.9056 	EXP 	window1: mouseVisible = True
13.9136 	EXP 	Created image_3 = ImageStim(__class__=<class 'psychopy.visual.image.ImageStim'>, anchor=('center', 'center'), autoLog=True, color=array([1., 1., 1.]), colorSpace='rgb', contrast=1.0, depth=-2.0, draggable=False, flipHoriz=False, flipVert=False, image='default.png', interpolate=True, mask=None, maskParams=None, name='image_3', opacity=1.0, ori=0.0, pos=array([0., 0.]), size=array([0.35, 0.35]), texRes=128.0, units='height', win=Window(...))
13.9137 	EXP 	window1: mouseVisible = True
13.9172 	EXP 	Created text_3 = TextStim(__class__=<class 'psychopy.visual.text.TextStim'>, alignHoriz=method-wrapper(...), alignText='center', alignVert=method-wrapper(...), anchorHoriz='center', anchorVert='center', antialias=True, autoDraw=False, autoLog=True, bold=False, color=array([1., 1., 1.]), colorSpace='rgb', contrast=1.0, depth=0.0, draggable=False, flipHoriz=False, flipVert=False, font='Open Sans', fontFiles=[], height=0.05, italic=False, languageStyle='LTR', name='text_3', opacity=1.0, ori=0.0, pos=array([0., 0.]), rgb=UNKNOWN, text='¡última ronda!', units='height', win=Window(...), wrapWidth=1)
13.9175 	EXP 	Created unnamed MovieStim3 = MovieStim3(__class__=<class 'psychopy.visual.movie3.MovieStim3'>, anchor=('center', 'center'), autoLog=True, color=UNKNOWN, colorSpace=UNKNOWN, depth=0.0, filename='imgs/titanic_spanish.mp4', flipHoriz=False, flipVert=False, fps=UNKNOWN, interpolate=True, loop=False, name='unnamed MovieStim3', noAudio=False, opacity=1, ori=method-wrapper(...), pos=array([0., 0.]), size=None, units='pix', vframe_callback=UNKNOWN, volume=UNKNOWN, win=Window(...))
15.1205 	WARNING 	1.20300049999787: Video catchup needed, advancing self._nextFrameT from 0.0 to 0.04
15.1206 	WARNING 	1.203070799994748: Video catchup needed, advancing self._nextFrameT from 0.04 to 0.08
15.1206 	WARNING 	1.2030862999963574: Video catchup needed, advancing self._nextFrameT from 0.08 to 0.12
15.1206 	WARNING 	1.2030953999928897: Video catchup needed, advancing self._nextFrameT from 0.12 to 0.16
15.1206 	WARNING 	1.2031040000001667: Video catchup needed, advancing self._nextFrameT from 0.16 to 0.2
15.1206 	WARNING 	1.2031122999906074: Video catchup needed, advancing self._nextFrameT from 0.2 to 0.24000000000000002
15.1206 	WARNING 	1.2031214000016917: Video catchup needed, advancing self._nextFrameT from 0.24000000000000002 to 0.28
15.1206 	WARNING 	1.2031305999989854: Video catchup needed, advancing self._nextFrameT from 0.28 to 0.32
15.1206 	WARNING 	1.2031391999917105: Video catchup needed, advancing self._nextFrameT from 0.32 to 0.36
15.1206 	WARNING 	1.2031483000027947: Video catchup needed, advancing self._nextFrameT from 0.36 to 0.39999999999999997
15.1207 	WARNING 	Max reportNDroppedFrames reached, will not log any more dropped frames
15.1723 	EXP 	Created unnamed MovieStim3 = MovieStim3(__class__=<class 'psychopy.visual.movie3.MovieStim3'>, anchor=('center', 'center'), autoLog=True, color=UNKNOWN, colorSpace=UNKNOWN, depth=0.0, filename='imgs/titanic.mp4', flipHoriz=False, flipVert=False, fps=UNKNOWN, interpolate=True, loop=False, name='unnamed MovieStim3', noAudio=False, opacity=1, ori=method-wrapper(...), pos=array([  0., 100.]), size=None, units='pix', vframe_callback=UNKNOWN, volume=UNKNOWN, win=Window(...))
16.2871 	WARNING 	1.1147339000017382: Video catchup needed, advancing self._nextFrameT from 0.0 to 0.03336666666666667
16.2871 	WARNING 	1.1147801000042818: Video catchup needed, advancing self._nextFrameT from 0.03336666666666667 to 0.06673333333333334
16.2871 	WARNING 	1.1147911000007298: Video catchup needed, advancing self._nextFrameT from 0.06673333333333334 to 0.10010000000000001
16.2872 	WARNING 	1.1148008000018308: Video catchup needed, advancing self._nextFrameT from 0.10010000000000001 to 0.13346666666666668
16.2872 	WARNING 	1.1148104000021704: Video catchup needed, advancing self._nextFrameT from 0.13346666666666668 to 0.16683333333333333
16.2872 	WARNING 	1.1148191999964183: Video catchup needed, advancing self._nextFrameT from 0.16683333333333333 to 0.2002
16.2872 	WARNING 	1.1148304999951506: Video catchup needed, advancing self._nextFrameT from 0.2002 to 0.23356666666666664
16.2872 	WARNING 	1.1148401999962516: Video catchup needed, advancing self._nextFrameT from 0.23356666666666664 to 0.2669333333333333
16.2872 	WARNING 	1.114849299992784: Video catchup needed, advancing self._nextFrameT from 0.2669333333333333 to 0.30029999999999996
16.2872 	WARNING 	1.1148584000038682: Video catchup needed, advancing self._nextFrameT from 0.30029999999999996 to 0.3336666666666666
16.2872 	WARNING 	Max reportNDroppedFrames reached, will not log any more dropped frames
16.3169 	EXP 	window1: mouseVisible = True
16.3246 	EXP 	Created image_4 = ImageStim(__class__=<class 'psychopy.visual.image.ImageStim'>, anchor=('center', 'center'), autoLog=True, color=array([1., 1., 1.]), colorSpace='rgb', contrast=1.0, depth=-3.0, draggable=False, flipHoriz=False, flipVert=False, image='default.png', interpolate=True, mask=None, maskParams=None, name='image_4', opacity=1.0, ori=0.0, pos=array([0., 0.]), size=array([0.35, 0.35]), texRes=128.0, units='height', win=Window(...))
16.3247 	EXP 	window1: mouseVisible = True
16.3289 	EXP 	Created text_4 = TextStim(__class__=<class 'psychopy.visual.text.TextStim'>, alignHoriz=method-wrapper(...), alignText='center', alignVert=method-wrapper(...), anchorHoriz='center', anchorVert='center', antialias=True, autoDraw=False, autoLog=True, bold=False, color=array([1., 1., 1.]), colorSpace='rgb', contrast=1.0, depth=0.0, draggable=False, flipHoriz=False, flipVert=False, font='Open Sans', fontFiles=[], height=0.05, italic=False, languageStyle='LTR', name='text_4', opacity=1.0, ori=0.0, pos=array([0., 0.]), rgb=UNKNOWN, text='¡Muchas gracias por participar!', units='height', win=Window(...), wrapWidth=1)
0.0021 	EXP 	unnamed MovieStim3: autoLog = True
0.0021 	EXP 	unnamed MovieStim3: movie = 'imgs/video_mar.mp4'
0.0021 	EXP 	unnamed MovieStim3: ori = 0.0
0.0021 	EXP 	unnamed MovieStim3: autoLog = True
0.0021 	EXP 	unnamed MovieStim3: movie = 'imgs/song_titanic.mp4'
0.0021 	EXP 	unnamed MovieStim3: ori = 0.0
0.0021 	EXP 	unnamed MovieStim3: autoLog = True
0.0021 	EXP 	unnamed MovieStim3: movie = 'imgs/titanic_spanish.mp4'
0.0021 	EXP 	unnamed MovieStim3: ori = 0.0
0.0021 	EXP 	unnamed MovieStim3: autoLog = True
0.0021 	EXP 	unnamed MovieStim3: movie = 'imgs/titanic_spanish.mp4'
0.0021 	EXP 	unnamed MovieStim3: ori = 0.0
0.0021 	EXP 	unnamed MovieStim3: autoLog = True
0.0021 	EXP 	unnamed MovieStim3: movie = 'imgs/titanic.mp4'
0.0021 	EXP 	unnamed MovieStim3: ori = 0.0
0.0132 	EXP 	image_5: autoDraw = True
0.0132 	EXP 	text_6: autoDraw = True
3.0264 	EXP 	image_5: autoDraw = False
3.0264 	EXP 	text_6: autoDraw = False
3.0264 	EXP 	text_5: autoDraw = True
8.7795 	EXP 	Imported imgs/routines_order.xlsx as conditions, 4 conditions, 1 params
8.7799 	EXP 	Created sequence: random, trialTypes=4, nReps=1, seed=None
8.7800 	EXP 	New trial (rep=0, index=0): {'routineName': 'music_video'}
8.7801 	EXP 	New trial (rep=0, index=1): {'routineName': 'music'}
8.7802 	EXP 	New trial (rep=0, index=2): {'routineName': 'music_words'}
8.7803 	EXP 	New trial (rep=0, index=3): {'routineName': 'control'}
8.7866 	EXP 	Imported imgs/iceberg_times.xlsx as conditions, 2 conditions, 3 params
8.7868 	EXP 	Created sequence: random, trialTypes=2, nReps=1, seed=None
8.7869 	EXP 	New trial (rep=0, index=0): {'timepresentation': 13, 'posx': 0.9, 'posy': 0.1}
8.8005 	EXP 	Sound  started
8.8041 	DATA 	Keypress: space
8.8089 	EXP 	text_5: autoDraw = False
8.8089 	EXP 	image: image = 'imgs/iceberg.png'
8.8089 	EXP 	Set unnamed MovieStim3 playing
21.7843 	EXP 	image: autoDraw = True
22.1242 	DATA 	Keypress: space
22.1482 	EXP 	New trial (rep=0, index=1): {'timepresentation': 7, 'posx': -0.8, 'posy': 0.15}
22.1618 	EXP 	image: autoDraw = False
22.1618 	EXP 	image: image = 'imgs/iceberg.png'
26.8194 	EXP 	Sound  stopped
26.9639 	EXP 	Sound  started
26.9640 	WARNING 	0.16548660000262316: Video catchup needed, advancing self._nextFrameT from 0.0 to 0.04
26.9641 	WARNING 	0.16552310000406578: Video catchup needed, advancing self._nextFrameT from 0.04 to 0.08
26.9641 	WARNING 	0.16553450000355951: Video catchup needed, advancing self._nextFrameT from 0.08 to 0.12
27.0917 	EXP 	Set unnamed MovieStim3 finished
27.0919 	WARNING 	0.2933279999997467: Video catchup needed, advancing self._nextFrameT from 0.16 to 0.2
27.0919 	WARNING 	0.29334730000118725: Video catchup needed, advancing self._nextFrameT from 0.2 to 0.24000000000000002
29.1628 	EXP 	image: autoDraw = True
29.5996 	DATA 	Keypress: space
29.6040 	EXP 	image: autoDraw = False
29.6040 	EXP 	text: autoDraw = True
30.6004 	EXP 	Imported imgs/iceberg_times.xlsx as conditions, 2 conditions, 3 params
30.6007 	EXP 	Created sequence: random, trialTypes=2, nReps=1, seed=None
30.6008 	EXP 	New trial (rep=0, index=0): {'timepresentation': 7, 'posx': -0.8, 'posy': 0.15}
30.6067 	EXP 	Sound  started
30.6068 	WARNING 	3.8082781999983126: Video catchup needed, advancing self._nextFrameT from 2.8000000000000016 to 2.8400000000000016
30.6068 	WARNING 	3.808294999995269: Video catchup needed, advancing self._nextFrameT from 2.8400000000000016 to 2.8800000000000017
30.6068 	WARNING 	3.8083035000017844: Video catchup needed, advancing self._nextFrameT from 2.8800000000000017 to 2.9200000000000017
30.6069 	WARNING 	3.8083239999978105: Video catchup needed, advancing self._nextFrameT from 2.9200000000000017 to 2.9600000000000017
30.6069 	WARNING 	3.808332700005849: Video catchup needed, advancing self._nextFrameT from 2.9600000000000017 to 3.0000000000000018
30.6069 	WARNING 	Max reportNDroppedFrames reached, will not log any more dropped frames
30.8663 	EXP 	text: autoDraw = False
30.8663 	EXP 	text: autoDraw = False
30.8663 	EXP 	image_2: image = 'imgs/iceberg.png'
30.8663 	EXP 	Set unnamed MovieStim3 playing
37.5964 	EXP 	image_2: autoDraw = True
37.9609 	EXP 	New trial (rep=0, index=1): {'timepresentation': 13, 'posx': 0.9, 'posy': 0.1}
37.9675 	DATA 	Keypress: space
37.9749 	EXP 	image_2: autoDraw = False
37.9749 	EXP 	image_2: image = 'imgs/iceberg.png'
45.8099 	EXP 	Sound  stopped
45.9459 	EXP 	Sound  started
46.0712 	EXP 	Set unnamed MovieStim3 finished
50.9507 	EXP 	image_2: autoDraw = True
51.3386 	DATA 	Keypress: space
51.3688 	EXP 	Sound  stopped
51.3748 	EXP 	image_2: autoDraw = False
51.3748 	EXP 	Set unnamed MovieStim3 stopped
51.3748 	EXP 	text_2: autoDraw = True
52.3713 	EXP 	Imported imgs/iceberg_times.xlsx as conditions, 2 conditions, 3 params
52.3716 	EXP 	Created sequence: random, trialTypes=2, nReps=1, seed=None
52.3717 	EXP 	New trial (rep=0, index=0): {'timepresentation': 13, 'posx': 0.9, 'posy': 0.1}
52.3718 	EXP 	Sound  started
52.6231 	EXP 	text_2: autoDraw = False
52.6231 	EXP 	text_2: autoDraw = False
52.6231 	EXP 	Set unnamed MovieStim3 playing
52.6231 	EXP 	image_3: image = 'imgs/iceberg.png'
52.6232 	WARNING 	1.3314380000083474: Video catchup needed, advancing self._nextFrameT from 1.1200000000000003 to 1.1600000000000004
52.6233 	WARNING 	1.3314585000043735: Video catchup needed, advancing self._nextFrameT from 1.1600000000000004 to 1.2000000000000004
52.6233 	WARNING 	1.3314685000077588: Video catchup needed, advancing self._nextFrameT from 1.2000000000000004 to 1.2400000000000004
52.6233 	WARNING 	1.3314783000096213: Video catchup needed, advancing self._nextFrameT from 1.2400000000000004 to 1.2800000000000005
53.8417 	WARNING 	2.549921900004847: Video catchup needed, advancing self._nextFrameT from 2.4400000000000013 to 2.4800000000000013
57.4254 	WARNING 	6.133566700009396: Video catchup needed, advancing self._nextFrameT from 6.000000000000004 to 6.0400000000000045
57.4254 	WARNING 	6.133595700011938: Video catchup needed, advancing self._nextFrameT from 6.0400000000000045 to 6.0800000000000045
64.7886 	EXP 	Sound  stopped
64.9548 	EXP 	Sound  started
65.0864 	EXP 	Set unnamed MovieStim3 finished
65.0867 	WARNING 	13.79486550000729: Video catchup needed, advancing self._nextFrameT from 13.479999999999889 to 13.519999999999888
65.0867 	WARNING 	13.794892500009155: Video catchup needed, advancing self._nextFrameT from 13.519999999999888 to 13.559999999999887
65.0867 	WARNING 	13.794903000001796: Video catchup needed, advancing self._nextFrameT from 13.559999999999887 to 13.599999999999886
65.0867 	WARNING 	Max reportNDroppedFrames reached, will not log any more dropped frames
65.3805 	EXP 	image_3: autoDraw = True
66.0403 	EXP 	New trial (rep=0, index=1): {'timepresentation': 7, 'posx': -0.8, 'posy': 0.15}
66.0465 	DATA 	Keypress: space
66.0542 	EXP 	image_3: autoDraw = False
66.0542 	EXP 	image_3: image = 'imgs/iceberg.png'
73.0553 	EXP 	image_3: autoDraw = True
73.7184 	EXP 	Sound  stopped
73.7203 	DATA 	Keypress: space
73.7255 	EXP 	image_3: autoDraw = False
73.7255 	EXP 	Set unnamed MovieStim3 stopped
73.7255 	EXP 	text_3: autoDraw = True
74.7234 	EXP 	Imported imgs/iceberg_times.xlsx as conditions, 2 conditions, 3 params
74.7237 	EXP 	Created sequence: random, trialTypes=2, nReps=1, seed=None
74.7238 	EXP 	New trial (rep=0, index=0): {'timepresentation': 14, 'posx': -0.6, 'posy': 0.15}
74.7238 	EXP 	Sound  started
74.7241 	EXP 	Sound  started
75.0633 	WARNING 	1.3735657666547922: Video catchup needed, advancing self._nextFrameT from 1.0677333333333334 to 1.1011000000000002
75.0633 	WARNING 	1.3736080666567432: Video catchup needed, advancing self._nextFrameT from 1.1011000000000002 to 1.134466666666667
75.0634 	WARNING 	1.373622766652261: Video catchup needed, advancing self._nextFrameT from 1.134466666666667 to 1.1678333333333337
75.0634 	WARNING 	1.3736327666556463: Video catchup needed, advancing self._nextFrameT from 1.1678333333333337 to 1.2012000000000005
75.0634 	WARNING 	1.3736426666582702: Video catchup needed, advancing self._nextFrameT from 1.2012000000000005 to 1.2345666666666673
75.0634 	WARNING 	1.3736523666593712: Video catchup needed, advancing self._nextFrameT from 1.2345666666666673 to 1.267933333333334
75.0634 	WARNING 	1.3736608666513348: Video catchup needed, advancing self._nextFrameT from 1.267933333333334 to 1.3013000000000008
75.0634 	WARNING 	1.3736693666578503: Video catchup needed, advancing self._nextFrameT from 1.3013000000000008 to 1.3346666666666676
75.0780 	EXP 	text_3: autoDraw = False
75.0780 	EXP 	text_3: autoDraw = False
75.0780 	EXP 	Set unnamed MovieStim3 playing
75.0780 	EXP 	Set unnamed MovieStim3 playing
75.0780 	EXP 	image_4: image = 'imgs/iceberg.png'
75.0782 	WARNING 	1.4743156000040472: Video catchup needed, advancing self._nextFrameT from 1.1600000000000004 to 1.2000000000000004
75.0782 	WARNING 	1.4743364000023575: Video catchup needed, advancing self._nextFrameT from 1.2000000000000004 to 1.2400000000000004
75.0782 	WARNING 	1.4743461000034586: Video catchup needed, advancing self._nextFrameT from 1.2400000000000004 to 1.2800000000000005
75.0782 	WARNING 	1.4743553000007523: Video catchup needed, advancing self._nextFrameT from 1.2800000000000005 to 1.3200000000000005
75.0782 	WARNING 	1.4743651000026148: Video catchup needed, advancing self._nextFrameT from 1.3200000000000005 to 1.3600000000000005
75.0782 	WARNING 	1.4743745000014314: Video catchup needed, advancing self._nextFrameT from 1.3600000000000005 to 1.4000000000000006
75.1770 	WARNING 	1.487266666663345: Video catchup needed, advancing self._nextFrameT from 1.3680333333333343 to 1.401400000000001
75.1770 	WARNING 	1.4873105666629272: Video catchup needed, advancing self._nextFrameT from 1.401400000000001 to 1.4347666666666679
75.1770 	WARNING 	Max reportNDroppedFrames reached, will not log any more dropped frames
75.1899 	WARNING 	1.5859703000023728: Video catchup needed, advancing self._nextFrameT from 1.4400000000000006 to 1.4800000000000006
75.1899 	WARNING 	1.586019700000179: Video catchup needed, advancing self._nextFrameT from 1.4800000000000006 to 1.5200000000000007
83.7778 	EXP 	Sound  stopped
83.9221 	EXP 	Sound  started
84.0579 	EXP 	Set unnamed MovieStim3 finished
84.0581 	WARNING 	10.454228400005377: Video catchup needed, advancing self._nextFrameT from 10.15999999999996 to 10.199999999999958
84.0581 	WARNING 	10.454257400007918: Video catchup needed, advancing self._nextFrameT from 10.199999999999958 to 10.239999999999958
84.0581 	WARNING 	Max reportNDroppedFrames reached, will not log any more dropped frames
88.7265 	EXP 	image_4: autoDraw = True
89.1251 	EXP 	New trial (rep=0, index=1): {'timepresentation': 14, 'posx': -0.5, 'posy': 0.15}
89.1452 	DATA 	Keypress: space
89.1537 	EXP 	image_4: autoDraw = False
89.1537 	EXP 	image_4: image = 'imgs/iceberg.png'
102.7592 	EXP 	Sound  stopped
102.9273 	EXP 	Sound  started
103.0642 	EXP 	Set unnamed MovieStim3 finished
103.1361 	EXP 	image_4: autoDraw = True
103.5883 	EXP 	Sound  stopped
103.6188 	EXP 	Sound  stopped
103.6207 	DATA 	Keypress: space
103.6262 	EXP 	image_4: autoDraw = False
103.6262 	EXP 	Set unnamed MovieStim3 stopped
103.6262 	EXP 	Set unnamed MovieStim3 stopped
103.6262 	EXP 	text_4: autoDraw = True
105.6278 	EXP 	text_4: autoDraw = False
105.6278 	EXP 	text_4: autoDraw = False
105.6279 	EXP 	tarea_iceberg: status = STOPPED
105.8370 	EXP 	window1: mouseVisible = True
