6.0721 	WARNING 	User requested fullscreen with size [1536  864], but screen is actually [1920, 1080]. Using actual size
6.8080 	EXP 	Created window1 = Window(allowGUI=True, allowStencil=False, autoLog=True, backendConf=UNKNOWN, backgroundFit=<method-wrapper '__getattribute__' of attributeSetter object at 0x000001750E280FA0>, backgroundImage=<method-wrapper '__getattribute__' of attributeSetter object at 0x000001750E280F40>, bitsMode=UNKNOWN, blendMode='avg', bpc=(8, 8, 8), color=array([0, 0, 0]), colorSpace='rgb', depthBits=8, fullscr=<method-wrapper '__getattribute__' of attributeSetter object at 0x000001750E280D60>, gamma=None, gammaErrorPolicy='raise', lms=UNKNOWN, monitor=<psychopy.monitors.calibTools.Monitor object at 0x000001751A2D14F0>, multiSample=False, name='window1', numSamples=2, pos=(0, 0), screen=0, size=array([1920, 1080]), stencilBits=0, stereo=False, title='PsychoPy', units='height', useFBO=True, useRetina=False, viewOri=0.0, viewPos=None, viewScale=None, waitBlanking=True, winType='pyglet')
6.8081 	EXP 	window1: mouseVisible = True
6.8081 	EXP 	window1: backgroundImage = ''
6.8081 	EXP 	window1: backgroundFit = 'none'
6.8092 	EXP 	window1: Attempting to measure frame rate of screen (0) ...
6.8092 	EXP 	window1: recordFrameIntervals = False
6.9740 	EXP 	window1: recordFrameIntervals = True
7.1578 	EXP 	Screen (0) actual frame rate measured at 59.94Hz
7.1579 	EXP 	window1: recordFrameIntervals = False
7.1582 	EXP 	window1: mouseVisible = False
9.0365 	EXP 	tarea_iceberg: status = STARTED
9.0368 	EXP 	window1: mouseVisible = True
9.0374 	WARNING 	Requested image 'imgs/logo_OB.jpeg' not found but similar filename 'imgs/logo_OB.png' exists. This will be used instead but changing the filename is advised.
9.0418 	WARNING 	Requested image 'imgs/logo_OB.jpeg' not found but similar filename 'imgs/logo_OB.png' exists. This will be used instead but changing the filename is advised.
9.0459 	WARNING 	Requested image 'imgs/logo_OB.jpeg' not found but similar filename 'imgs/logo_OB.png' exists. This will be used instead but changing the filename is advised.
9.0509 	WARNING 	Requested image 'imgs/logo_OB.jpeg' not found but similar filename 'imgs/logo_OB.png' exists. This will be used instead but changing the filename is advised.
9.0579 	EXP 	Created image_5 = ImageStim(__class__=<class 'psychopy.visual.image.ImageStim'>, anchor=('center', 'center'), autoLog=True, color=array([1., 1., 1.]), colorSpace='rgb', contrast=1.0, depth=0.0, draggable=False, flipHoriz=False, flipVert=False, image='imgs/logo_OB.jpeg', interpolate=True, mask=None, maskParams=None, name='image_5', opacity=1.0, ori=0.0, pos=array([0., 0.]), size=array([0.6, 0.7]), texRes=128.0, units='height', win=Window(...))
9.0582 	EXP 	window1: mouseVisible = True
9.1160 	EXP 	Created text_6 = TextStim(__class__=<class 'psychopy.visual.text.TextStim'>, alignHoriz=method-wrapper(...), alignText='center', alignVert=method-wrapper(...), anchorHoriz='center', anchorVert='center', antialias=True, autoDraw=False, autoLog=True, bold=False, color=array([1., 1., 1.]), colorSpace='rgb', contrast=1.0, depth=-1.0, draggable=False, flipHoriz=False, flipVert=False, font='Open Sans', fontFiles=[], height=0.04, italic=False, languageStyle='LTR', name='text_6', opacity=1.0, ori=0.0, pos=array([ 0.  , -0.35]), rgb=UNKNOWN, text='¡Bienvenido a un experimento de Open Brains!', units='height', win=Window(...), wrapWidth=1)
9.1162 	EXP 	window1: mouseVisible = True
9.1345 	EXP 	Created text_5 = TextStim(__class__=<class 'psychopy.visual.text.TextStim'>, alignHoriz=method-wrapper(...), alignText='center', alignVert=method-wrapper(...), anchorHoriz='center', anchorVert='center', antialias=True, autoDraw=False, autoLog=True, bold=False, color=array([1., 1., 1.]), colorSpace='rgb', contrast=1.0, depth=0.0, draggable=False, flipHoriz=False, flipVert=False, font='Open Sans', fontFiles=[], height=0.035, italic=False, languageStyle='LTR', name='text_5', opacity=1.0, ori=0.0, pos=array([0., 0.]), rgb=UNKNOWN, text=str(...), units='height', win=Window(...), wrapWidth=1)
9.1346 	EXP 	window1: mouseVisible = True
9.1357 	EXP 	Created text_7 = TextStim(__class__=<class 'psychopy.visual.text.TextStim'>, alignHoriz=method-wrapper(...), alignText='center', alignVert=method-wrapper(...), anchorHoriz='center', anchorVert='center', antialias=True, autoDraw=False, autoLog=True, bold=False, color=array([1., 1., 1.]), colorSpace='rgb', contrast=1.0, depth=0.0, draggable=False, flipHoriz=False, flipVert=False, font='Open Sans', fontFiles=[], height=0.05, italic=False, languageStyle='LTR', name='text_7', opacity=1.0, ori=0.0, pos=array([0., 0.]), rgb=UNKNOWN, text='', units='height', win=Window(...), wrapWidth=1)
9.1358 	EXP 	window1: mouseVisible = True
9.1460 	EXP 	Created image = ImageStim(__class__=<class 'psychopy.visual.image.ImageStim'>, anchor=('center', 'center'), autoLog=True, color=array([1., 1., 1.]), colorSpace='rgb', contrast=1.0, depth=-1.0, draggable=False, flipHoriz=False, flipVert=False, image='default.png', interpolate=True, mask=None, maskParams=None, name='image', opacity=1.0, ori=0.0, pos=array([0., 0.]), size=array([0.35, 0.35]), texRes=128.0, units='height', win=Window(...))
9.2589 	EXP 	Created unnamed MovieStim3 = MovieStim3(__class__=<class 'psychopy.visual.movie3.MovieStim3'>, anchor=('center', 'center'), autoLog=True, color=UNKNOWN, colorSpace=UNKNOWN, depth=0.0, filename='imgs/video_mar.mp4', flipHoriz=False, flipVert=False, fps=UNKNOWN, interpolate=True, loop=True, name='unnamed MovieStim3', noAudio=False, opacity=1, ori=method-wrapper(...), pos=array([0., 0.]), size=None, units='pix', vframe_callback=UNKNOWN, volume=UNKNOWN, win=Window(...))
10.3489 	WARNING 	1.0899473000026774: Video catchup needed, advancing self._nextFrameT from 0.0 to 0.04
10.3490 	WARNING 	1.0900547000055667: Video catchup needed, advancing self._nextFrameT from 0.04 to 0.08
10.3490 	WARNING 	1.090084299998125: Video catchup needed, advancing self._nextFrameT from 0.08 to 0.12
10.3491 	WARNING 	1.0901088000100572: Video catchup needed, advancing self._nextFrameT from 0.12 to 0.16
10.3491 	WARNING 	1.0901356000103988: Video catchup needed, advancing self._nextFrameT from 0.16 to 0.2
10.3491 	WARNING 	1.0901606999977957: Video catchup needed, advancing self._nextFrameT from 0.2 to 0.24000000000000002
10.3491 	WARNING 	1.090183699998306: Video catchup needed, advancing self._nextFrameT from 0.24000000000000002 to 0.28
10.3491 	WARNING 	1.0902073000033852: Video catchup needed, advancing self._nextFrameT from 0.28 to 0.32
10.3492 	WARNING 	1.0902610000048298: Video catchup needed, advancing self._nextFrameT from 0.32 to 0.36
10.3493 	WARNING 	1.0903255000011995: Video catchup needed, advancing self._nextFrameT from 0.36 to 0.39999999999999997
10.3496 	WARNING 	Max reportNDroppedFrames reached, will not log any more dropped frames
10.5943 	EXP 	window1: mouseVisible = True
10.6027 	EXP 	Created image_2 = ImageStim(__class__=<class 'psychopy.visual.image.ImageStim'>, anchor=('center', 'center'), autoLog=True, color=array([1., 1., 1.]), colorSpace='rgb', contrast=1.0, depth=-1.0, draggable=False, flipHoriz=False, flipVert=False, image='default.png', interpolate=True, mask=None, maskParams=None, name='image_2', opacity=1.0, ori=0.0, pos=array([0., 0.]), size=array([0.35, 0.35]), texRes=128.0, units='height', win=Window(...))
10.6030 	EXP 	Created unnamed MovieStim3 = MovieStim3(__class__=<class 'psychopy.visual.movie3.MovieStim3'>, anchor=('center', 'center'), autoLog=True, color=UNKNOWN, colorSpace=UNKNOWN, depth=0.0, filename='imgs/song_titanic.mp4', flipHoriz=False, flipVert=False, fps=UNKNOWN, interpolate=True, loop=False, name='unnamed MovieStim3', noAudio=False, opacity=1, ori=method-wrapper(...), pos=array([0., 0.]), size=None, units='pix', vframe_callback=UNKNOWN, volume=UNKNOWN, win=Window(...))
11.3958 	WARNING 	0.7928220000030706: Video catchup needed, advancing self._nextFrameT from 0.0 to 0.041666666666666664
11.3958 	WARNING 	0.7928574999968987: Video catchup needed, advancing self._nextFrameT from 0.041666666666666664 to 0.08333333333333333
11.3958 	WARNING 	0.7928692999994382: Video catchup needed, advancing self._nextFrameT from 0.08333333333333333 to 0.125
11.3959 	WARNING 	0.792879400003585: Video catchup needed, advancing self._nextFrameT from 0.125 to 0.16666666666666666
11.3959 	WARNING 	0.7928895000077318: Video catchup needed, advancing self._nextFrameT from 0.16666666666666666 to 0.20833333333333331
11.3959 	WARNING 	0.7928991000080714: Video catchup needed, advancing self._nextFrameT from 0.20833333333333331 to 0.24999999999999997
11.3959 	WARNING 	0.7929089999961434: Video catchup needed, advancing self._nextFrameT from 0.24999999999999997 to 0.29166666666666663
11.3959 	WARNING 	0.7929187999980059: Video catchup needed, advancing self._nextFrameT from 0.29166666666666663 to 0.3333333333333333
11.3959 	WARNING 	0.7929368000040995: Video catchup needed, advancing self._nextFrameT from 0.3333333333333333 to 0.375
11.3959 	WARNING 	0.7929475999990245: Video catchup needed, advancing self._nextFrameT from 0.375 to 0.4166666666666667
11.3959 	WARNING 	Max reportNDroppedFrames reached, will not log any more dropped frames
11.4131 	EXP 	Created unnamed MovieStim3 = MovieStim3(__class__=<class 'psychopy.visual.movie3.MovieStim3'>, anchor=('center', 'center'), autoLog=True, color=UNKNOWN, colorSpace=UNKNOWN, depth=0.0, filename='imgs/titanic_spanish.mp4', flipHoriz=False, flipVert=False, fps=UNKNOWN, interpolate=True, loop=False, name='unnamed MovieStim3', noAudio=False, opacity=1, ori=method-wrapper(...), pos=array([0., 0.]), size=None, units='pix', vframe_callback=UNKNOWN, volume=UNKNOWN, win=Window(...))
12.7093 	WARNING 	1.2961194000090472: Video catchup needed, advancing self._nextFrameT from 0.0 to 0.04
12.7093 	WARNING 	1.2961551000043983: Video catchup needed, advancing self._nextFrameT from 0.04 to 0.08
12.7093 	WARNING 	1.2961671000084607: Video catchup needed, advancing self._nextFrameT from 0.08 to 0.12
12.7093 	WARNING 	1.2961777000018628: Video catchup needed, advancing self._nextFrameT from 0.12 to 0.16
12.7093 	WARNING 	1.2961882000090554: Video catchup needed, advancing self._nextFrameT from 0.16 to 0.2
12.7093 	WARNING 	1.2961985000001732: Video catchup needed, advancing self._nextFrameT from 0.2 to 0.24000000000000002
12.7094 	WARNING 	1.2962103000027128: Video catchup needed, advancing self._nextFrameT from 0.24000000000000002 to 0.28
12.7094 	WARNING 	1.2962213000137126: Video catchup needed, advancing self._nextFrameT from 0.28 to 0.32
12.7094 	WARNING 	1.2962317000055918: Video catchup needed, advancing self._nextFrameT from 0.32 to 0.36
12.7094 	WARNING 	1.2962414000066929: Video catchup needed, advancing self._nextFrameT from 0.36 to 0.39999999999999997
12.7094 	WARNING 	Max reportNDroppedFrames reached, will not log any more dropped frames
12.7435 	EXP 	window1: mouseVisible = True
12.7584 	EXP 	Created image_3 = ImageStim(__class__=<class 'psychopy.visual.image.ImageStim'>, anchor=('center', 'center'), autoLog=True, color=array([1., 1., 1.]), colorSpace='rgb', contrast=1.0, depth=-3.0, draggable=False, flipHoriz=False, flipVert=False, image='default.png', interpolate=True, mask=None, maskParams=None, name='image_3', opacity=1.0, ori=0.0, pos=array([0., 0.]), size=array([0.35, 0.35]), texRes=128.0, units='height', win=Window(...))
12.7587 	EXP 	Created unnamed MovieStim3 = MovieStim3(__class__=<class 'psychopy.visual.movie3.MovieStim3'>, anchor=('center', 'center'), autoLog=True, color=UNKNOWN, colorSpace=UNKNOWN, depth=0.0, filename='imgs/titanic_spanish.mp4', flipHoriz=False, flipVert=False, fps=UNKNOWN, interpolate=True, loop=False, name='unnamed MovieStim3', noAudio=False, opacity=1, ori=method-wrapper(...), pos=array([0., 0.]), size=None, units='pix', vframe_callback=UNKNOWN, volume=UNKNOWN, win=Window(...))
13.9753 	WARNING 	1.2165712000132771: Video catchup needed, advancing self._nextFrameT from 0.0 to 0.04
13.9753 	WARNING 	1.2166026000049897: Video catchup needed, advancing self._nextFrameT from 0.04 to 0.08
13.9753 	WARNING 	1.2166121000045678: Video catchup needed, advancing self._nextFrameT from 0.08 to 0.12
13.9753 	WARNING 	1.2166208000126062: Video catchup needed, advancing self._nextFrameT from 0.12 to 0.16
13.9753 	WARNING 	1.2166286000137916: Video catchup needed, advancing self._nextFrameT from 0.16 to 0.2
13.9753 	WARNING 	1.2166361000126926: Video catchup needed, advancing self._nextFrameT from 0.2 to 0.24000000000000002
13.9753 	WARNING 	1.216645200009225: Video catchup needed, advancing self._nextFrameT from 0.24000000000000002 to 0.28
13.9753 	WARNING 	1.2166533000126947: Video catchup needed, advancing self._nextFrameT from 0.28 to 0.32
13.9753 	WARNING 	1.21666110001388: Video catchup needed, advancing self._nextFrameT from 0.32 to 0.36
13.9753 	WARNING 	1.2166684000112582: Video catchup needed, advancing self._nextFrameT from 0.36 to 0.39999999999999997
13.9754 	WARNING 	Max reportNDroppedFrames reached, will not log any more dropped frames
14.0084 	EXP 	Created unnamed MovieStim3 = MovieStim3(__class__=<class 'psychopy.visual.movie3.MovieStim3'>, anchor=('center', 'center'), autoLog=True, color=UNKNOWN, colorSpace=UNKNOWN, depth=0.0, filename='imgs/titanic.mp4', flipHoriz=False, flipVert=False, fps=UNKNOWN, interpolate=True, loop=False, name='unnamed MovieStim3', noAudio=False, opacity=1, ori=method-wrapper(...), pos=array([  0., 100.]), size=None, units='pix', vframe_callback=UNKNOWN, volume=UNKNOWN, win=Window(...))
15.1736 	WARNING 	1.1651665999961551: Video catchup needed, advancing self._nextFrameT from 0.0 to 0.03336666666666667
15.1736 	WARNING 	1.1652011999976821: Video catchup needed, advancing self._nextFrameT from 0.03336666666666667 to 0.06673333333333334
15.1736 	WARNING 	1.1652126999979373: Video catchup needed, advancing self._nextFrameT from 0.06673333333333334 to 0.10010000000000001
15.1736 	WARNING 	1.165223000003607: Video catchup needed, advancing self._nextFrameT from 0.10010000000000001 to 0.13346666666666668
15.1736 	WARNING 	1.1652325000031851: Video catchup needed, advancing self._nextFrameT from 0.13346666666666668 to 0.16683333333333333
15.1736 	WARNING 	1.1652413999981945: Video catchup needed, advancing self._nextFrameT from 0.16683333333333333 to 0.2002
15.1737 	WARNING 	1.165250100006233: Video catchup needed, advancing self._nextFrameT from 0.2002 to 0.23356666666666664
15.1737 	WARNING 	1.1652622999972664: Video catchup needed, advancing self._nextFrameT from 0.23356666666666664 to 0.2669333333333333
15.1737 	WARNING 	1.1652720999991288: Video catchup needed, advancing self._nextFrameT from 0.2669333333333333 to 0.30029999999999996
15.1737 	WARNING 	1.1652808000071673: Video catchup needed, advancing self._nextFrameT from 0.30029999999999996 to 0.3336666666666666
15.1737 	WARNING 	Max reportNDroppedFrames reached, will not log any more dropped frames
15.2096 	EXP 	window1: mouseVisible = True
15.2229 	EXP 	Created image_4 = ImageStim(__class__=<class 'psychopy.visual.image.ImageStim'>, anchor=('center', 'center'), autoLog=True, color=array([1., 1., 1.]), colorSpace='rgb', contrast=1.0, depth=-4.0, draggable=False, flipHoriz=False, flipVert=False, image='default.png', interpolate=True, mask=None, maskParams=None, name='image_4', opacity=1.0, ori=0.0, pos=array([0., 0.]), size=array([0.35, 0.35]), texRes=128.0, units='height', win=Window(...))
15.2230 	EXP 	window1: mouseVisible = True
15.2353 	EXP 	Created text_4 = TextStim(__class__=<class 'psychopy.visual.text.TextStim'>, alignHoriz=method-wrapper(...), alignText='center', alignVert=method-wrapper(...), anchorHoriz='center', anchorVert='center', antialias=True, autoDraw=False, autoLog=True, bold=False, color=array([1., 1., 1.]), colorSpace='rgb', contrast=1.0, depth=0.0, draggable=False, flipHoriz=False, flipVert=False, font='Open Sans', fontFiles=[], height=0.05, italic=False, languageStyle='LTR', name='text_4', opacity=1.0, ori=0.0, pos=array([0., 0.]), rgb=UNKNOWN, text='¡Muchas gracias por participar!', units='height', win=Window(...), wrapWidth=1)
0.0017 	DATA 	Mouse: Left button down, pos=(867,652)
0.0038 	DATA 	Mouse:  Left button up, pos=(858,658)
0.0070 	EXP 	unnamed MovieStim3: autoLog = True
0.0070 	EXP 	unnamed MovieStim3: movie = 'imgs/video_mar.mp4'
0.0070 	EXP 	unnamed MovieStim3: ori = 0.0
0.0070 	EXP 	unnamed MovieStim3: autoLog = True
0.0070 	EXP 	unnamed MovieStim3: movie = 'imgs/song_titanic.mp4'
0.0070 	EXP 	unnamed MovieStim3: ori = 0.0
0.0070 	EXP 	unnamed MovieStim3: autoLog = True
0.0070 	EXP 	unnamed MovieStim3: movie = 'imgs/titanic_spanish.mp4'
0.0070 	EXP 	unnamed MovieStim3: ori = 0.0
0.0070 	EXP 	unnamed MovieStim3: autoLog = True
0.0070 	EXP 	unnamed MovieStim3: movie = 'imgs/titanic_spanish.mp4'
0.0070 	EXP 	unnamed MovieStim3: ori = 0.0
0.0070 	EXP 	unnamed MovieStim3: autoLog = True
0.0070 	EXP 	unnamed MovieStim3: movie = 'imgs/titanic.mp4'
0.0070 	EXP 	unnamed MovieStim3: ori = 0.0
0.0238 	EXP 	image_5: autoDraw = True
0.0238 	EXP 	text_6: autoDraw = True
3.0320 	EXP 	image_5: autoDraw = False
3.0320 	EXP 	text_6: autoDraw = False
3.0320 	EXP 	text_5: autoDraw = True
6.5802 	EXP 	window1: mouseVisible = True
