6.1682 	WARNING 	User requested fullscreen with size [1536  864], but screen is actually [1920, 1080]. Using actual size
6.7434 	EXP 	Created window1 = Window(allowGUI=True, allowStencil=False, autoLog=True, backendConf=UNKNOWN, backgroundFit=<method-wrapper '__getattribute__' of attributeSetter object at 0x000001DB0DDC8CA0>, backgroundImage=<method-wrapper '__getattribute__' of attributeSetter object at 0x000001DB0DDC8C40>, bitsMode=UNKNOWN, blendMode='avg', bpc=(8, 8, 8), color=array([0, 0, 0]), colorSpace='rgb', depthBits=8, fullscr=<method-wrapper '__getattribute__' of attributeSetter object at 0x000001DB0DDC8A90>, gamma=None, gammaErrorPolicy='raise', lms=UNKNOWN, monitor=<psychopy.monitors.calibTools.Monitor object at 0x000001DB0E1E1D30>, multiSample=False, name='window1', numSamples=2, pos=(1920, 789), screen=0, size=array([1920, 1080]), stencilBits=0, stereo=False, title='PsychoPy', units='height', useFBO=True, useRetina=False, viewOri=0.0, viewPos=None, viewScale=None, waitBlanking=True, winType='pyglet')
6.7435 	EXP 	window1: mouseVisible = True
6.7435 	EXP 	window1: backgroundImage = ''
6.7435 	EXP 	window1: backgroundFit = 'none'
6.7446 	EXP 	window1: Attempting to measure frame rate of screen (0) ...
6.7446 	EXP 	window1: recordFrameIntervals = False
6.9096 	EXP 	window1: recordFrameIntervals = True
7.0919 	EXP 	Screen (0) actual frame rate measured at 60.37Hz
7.0920 	EXP 	window1: recordFrameIntervals = False
7.0920 	EXP 	window1: mouseVisible = False
8.7583 	EXP 	tarea_iceberg: status = STARTED
8.7584 	EXP 	window1: mouseVisible = True
8.7589 	WARNING 	Requested image 'imgs/logo_OB.jpeg' not found but similar filename 'imgs/logo_OB.png' exists. This will be used instead but changing the filename is advised.
8.7632 	WARNING 	Requested image 'imgs/logo_OB.jpeg' not found but similar filename 'imgs/logo_OB.png' exists. This will be used instead but changing the filename is advised.
8.7668 	WARNING 	Requested image 'imgs/logo_OB.jpeg' not found but similar filename 'imgs/logo_OB.png' exists. This will be used instead but changing the filename is advised.
8.7699 	WARNING 	Requested image 'imgs/logo_OB.jpeg' not found but similar filename 'imgs/logo_OB.png' exists. This will be used instead but changing the filename is advised.
8.7738 	EXP 	Created image_5 = ImageStim(__class__=<class 'psychopy.visual.image.ImageStim'>, anchor=('center', 'center'), autoLog=True, color=array([1., 1., 1.]), colorSpace='rgb', contrast=1.0, depth=0.0, draggable=False, flipHoriz=False, flipVert=False, image='imgs/logo_OB.jpeg', interpolate=True, mask=None, maskParams=None, name='image_5', opacity=1.0, ori=0.0, pos=array([0., 0.]), size=array([0.6, 0.7]), texRes=128.0, units='height', win=Window(...))
8.7740 	EXP 	window1: mouseVisible = True
8.8278 	EXP 	Created text_6 = TextStim(__class__=<class 'psychopy.visual.text.TextStim'>, alignHoriz=method-wrapper(...), alignText='center', alignVert=method-wrapper(...), anchorHoriz='center', anchorVert='center', antialias=True, autoDraw=False, autoLog=True, bold=False, color=array([1., 1., 1.]), colorSpace='rgb', contrast=1.0, depth=-1.0, draggable=False, flipHoriz=False, flipVert=False, font='Open Sans', fontFiles=[], height=0.04, italic=False, languageStyle='LTR', name='text_6', opacity=1.0, ori=0.0, pos=array([ 0.  , -0.35]), rgb=UNKNOWN, text='¡Bienvenido a un experimento de Open Brains!', units='height', win=Window(...), wrapWidth=1)
8.8279 	EXP 	window1: mouseVisible = True
8.8449 	EXP 	Created text_5 = TextStim(__class__=<class 'psychopy.visual.text.TextStim'>, alignHoriz=method-wrapper(...), alignText='center', alignVert=method-wrapper(...), anchorHoriz='center', anchorVert='center', antialias=True, autoDraw=False, autoLog=True, bold=False, color=array([1., 1., 1.]), colorSpace='rgb', contrast=1.0, depth=0.0, draggable=False, flipHoriz=False, flipVert=False, font='Open Sans', fontFiles=[], height=0.035, italic=False, languageStyle='LTR', name='text_5', opacity=1.0, ori=0.0, pos=array([0., 0.]), rgb=UNKNOWN, text=str(...), units='height', win=Window(...), wrapWidth=1)
8.8450 	EXP 	window1: mouseVisible = True
8.8461 	EXP 	Created text_7 = TextStim(__class__=<class 'psychopy.visual.text.TextStim'>, alignHoriz=method-wrapper(...), alignText='center', alignVert=method-wrapper(...), anchorHoriz='center', anchorVert='center', antialias=True, autoDraw=False, autoLog=True, bold=False, color=array([1., 1., 1.]), colorSpace='rgb', contrast=1.0, depth=0.0, draggable=False, flipHoriz=False, flipVert=False, font='Open Sans', fontFiles=[], height=0.05, italic=False, languageStyle='LTR', name='text_7', opacity=1.0, ori=0.0, pos=array([0., 0.]), rgb=UNKNOWN, text='', units='height', win=Window(...), wrapWidth=1)
8.8462 	EXP 	window1: mouseVisible = True
8.8537 	EXP 	Created image = ImageStim(__class__=<class 'psychopy.visual.image.ImageStim'>, anchor=('center', 'center'), autoLog=True, color=array([1., 1., 1.]), colorSpace='rgb', contrast=1.0, depth=-1.0, draggable=False, flipHoriz=False, flipVert=False, image='default.png', interpolate=True, mask=None, maskParams=None, name='image', opacity=1.0, ori=0.0, pos=array([0., 0.]), size=array([0.35, 0.35]), texRes=128.0, units='height', win=Window(...))
8.9516 	EXP 	Created unnamed MovieStim3 = MovieStim3(__class__=<class 'psychopy.visual.movie3.MovieStim3'>, anchor=('center', 'center'), autoLog=True, color=UNKNOWN, colorSpace=UNKNOWN, depth=0.0, filename='imgs/video_mar_luis.mp4', flipHoriz=False, flipVert=False, fps=UNKNOWN, interpolate=True, loop=True, name='unnamed MovieStim3', noAudio=False, opacity=1, ori=method-wrapper(...), pos=array([0., 0.]), size=None, units='pix', vframe_callback=UNKNOWN, volume=UNKNOWN, win=Window(...))
10.1114 	WARNING 	1.1597545000258833: Video catchup needed, advancing self._nextFrameT from 0.0 to 0.03333333333333333
10.1115 	WARNING 	1.1597854000283405: Video catchup needed, advancing self._nextFrameT from 0.03333333333333333 to 0.06666666666666667
10.1115 	WARNING 	1.1597965999972075: Video catchup needed, advancing self._nextFrameT from 0.06666666666666667 to 0.1
10.1115 	WARNING 	1.159805899951607: Video catchup needed, advancing self._nextFrameT from 0.1 to 0.13333333333333333
10.1115 	WARNING 	1.1598145000170916: Video catchup needed, advancing self._nextFrameT from 0.13333333333333333 to 0.16666666666666666
10.1115 	WARNING 	1.159822899964638: Video catchup needed, advancing self._nextFrameT from 0.16666666666666666 to 0.19999999999999998
10.1115 	WARNING 	1.1598424999974668: Video catchup needed, advancing self._nextFrameT from 0.19999999999999998 to 0.2333333333333333
10.1115 	WARNING 	1.1598529999610037: Video catchup needed, advancing self._nextFrameT from 0.2333333333333333 to 0.26666666666666666
10.1115 	WARNING 	1.1598618000280112: Video catchup needed, advancing self._nextFrameT from 0.26666666666666666 to 0.3
10.1115 	WARNING 	1.1598708999808878: Video catchup needed, advancing self._nextFrameT from 0.3 to 0.3333333333333333
10.1115 	WARNING 	Max reportNDroppedFrames reached, will not log any more dropped frames
10.3721 	EXP 	window1: mouseVisible = True
10.3803 	EXP 	Created image_2 = ImageStim(__class__=<class 'psychopy.visual.image.ImageStim'>, anchor=('center', 'center'), autoLog=True, color=array([1., 1., 1.]), colorSpace='rgb', contrast=1.0, depth=-1.0, draggable=False, flipHoriz=False, flipVert=False, image='default.png', interpolate=True, mask=None, maskParams=None, name='image_2', opacity=1.0, ori=0.0, pos=array([0., 0.]), size=array([0.35, 0.35]), texRes=128.0, units='height', win=Window(...))
10.3805 	EXP 	Created unnamed MovieStim3 = MovieStim3(__class__=<class 'psychopy.visual.movie3.MovieStim3'>, anchor=('center', 'center'), autoLog=True, color=UNKNOWN, colorSpace=UNKNOWN, depth=0.0, filename='imgs/song_titanic.mp4', flipHoriz=False, flipVert=False, fps=UNKNOWN, interpolate=True, loop=False, name='unnamed MovieStim3', noAudio=False, opacity=1, ori=method-wrapper(...), pos=array([0., 0.]), size=None, units='pix', vframe_callback=UNKNOWN, volume=UNKNOWN, win=Window(...))
11.1449 	WARNING 	0.76433909998741: Video catchup needed, advancing self._nextFrameT from 0.0 to 0.041666666666666664
11.1449 	WARNING 	0.764375300030224: Video catchup needed, advancing self._nextFrameT from 0.041666666666666664 to 0.08333333333333333
11.1449 	WARNING 	0.7643863999983296: Video catchup needed, advancing self._nextFrameT from 0.08333333333333333 to 0.125
11.1449 	WARNING 	0.7643955999519676: Video catchup needed, advancing self._nextFrameT from 0.125 to 0.16666666666666666
11.1449 	WARNING 	0.7644048000220209: Video catchup needed, advancing self._nextFrameT from 0.16666666666666666 to 0.20833333333333331
11.1449 	WARNING 	0.7644136999733746: Video catchup needed, advancing self._nextFrameT from 0.20833333333333331 to 0.24999999999999997
11.1450 	WARNING 	0.7644231000449508: Video catchup needed, advancing self._nextFrameT from 0.24999999999999997 to 0.29166666666666663
11.1450 	WARNING 	0.7644321999978274: Video catchup needed, advancing self._nextFrameT from 0.29166666666666663 to 0.3333333333333333
11.1450 	WARNING 	0.7644409999484196: Video catchup needed, advancing self._nextFrameT from 0.3333333333333333 to 0.375
11.1450 	WARNING 	0.7644496000139043: Video catchup needed, advancing self._nextFrameT from 0.375 to 0.4166666666666667
11.1450 	WARNING 	Max reportNDroppedFrames reached, will not log any more dropped frames
11.1567 	EXP 	Created unnamed MovieStim3 = MovieStim3(__class__=<class 'psychopy.visual.movie3.MovieStim3'>, anchor=('center', 'center'), autoLog=True, color=UNKNOWN, colorSpace=UNKNOWN, depth=0.0, filename='imgs/titanic_spanish.mp4', flipHoriz=False, flipVert=False, fps=UNKNOWN, interpolate=True, loop=False, name='unnamed MovieStim3', noAudio=False, opacity=1, ori=method-wrapper(...), pos=array([0., 0.]), size=None, units='pix', vframe_callback=UNKNOWN, volume=UNKNOWN, win=Window(...))
12.3636 	WARNING 	1.2069217000389472: Video catchup needed, advancing self._nextFrameT from 0.0 to 0.04
12.3637 	WARNING 	1.206951400032267: Video catchup needed, advancing self._nextFrameT from 0.04 to 0.08
12.3637 	WARNING 	1.2069609999889508: Video catchup needed, advancing self._nextFrameT from 0.08 to 0.12
12.3637 	WARNING 	1.2069690000498667: Video catchup needed, advancing self._nextFrameT from 0.12 to 0.16
12.3637 	WARNING 	1.2069765999913216: Video catchup needed, advancing self._nextFrameT from 0.16 to 0.2
12.3637 	WARNING 	1.2069841000484303: Video catchup needed, advancing self._nextFrameT from 0.2 to 0.24000000000000002
12.3637 	WARNING 	1.2069931000005454: Video catchup needed, advancing self._nextFrameT from 0.24000000000000002 to 0.28
12.3637 	WARNING 	1.2070005999412388: Video catchup needed, advancing self._nextFrameT from 0.28 to 0.32
12.3637 	WARNING 	1.2070080999983475: Video catchup needed, advancing self._nextFrameT from 0.32 to 0.36
12.3637 	WARNING 	1.2070152000524104: Video catchup needed, advancing self._nextFrameT from 0.36 to 0.39999999999999997
12.3637 	WARNING 	Max reportNDroppedFrames reached, will not log any more dropped frames
12.3912 	EXP 	window1: mouseVisible = True
12.4003 	EXP 	Created image_3 = ImageStim(__class__=<class 'psychopy.visual.image.ImageStim'>, anchor=('center', 'center'), autoLog=True, color=array([1., 1., 1.]), colorSpace='rgb', contrast=1.0, depth=-3.0, draggable=False, flipHoriz=False, flipVert=False, image='default.png', interpolate=True, mask=None, maskParams=None, name='image_3', opacity=1.0, ori=0.0, pos=array([0., 0.]), size=array([0.35, 0.35]), texRes=128.0, units='height', win=Window(...))
12.4005 	EXP 	Created unnamed MovieStim3 = MovieStim3(__class__=<class 'psychopy.visual.movie3.MovieStim3'>, anchor=('center', 'center'), autoLog=True, color=UNKNOWN, colorSpace=UNKNOWN, depth=0.0, filename='imgs/titanic_spanish.mp4', flipHoriz=False, flipVert=False, fps=UNKNOWN, interpolate=True, loop=False, name='unnamed MovieStim3', noAudio=False, opacity=1, ori=method-wrapper(...), pos=array([0., 0.]), size=None, units='pix', vframe_callback=UNKNOWN, volume=UNKNOWN, win=Window(...))
13.5966 	WARNING 	1.1960349000291899: Video catchup needed, advancing self._nextFrameT from 0.0 to 0.04
13.5966 	WARNING 	1.1960667000385001: Video catchup needed, advancing self._nextFrameT from 0.04 to 0.08
13.5966 	WARNING 	1.1960759999928996: Video catchup needed, advancing self._nextFrameT from 0.08 to 0.12
13.5966 	WARNING 	1.1960838000522926: Video catchup needed, advancing self._nextFrameT from 0.12 to 0.16
13.5966 	WARNING 	1.196091499994509: Video catchup needed, advancing self._nextFrameT from 0.16 to 0.2
13.5967 	WARNING 	1.1960995000554249: Video catchup needed, advancing self._nextFrameT from 0.2 to 0.24000000000000002
13.5967 	WARNING 	1.1961099000182003: Video catchup needed, advancing self._nextFrameT from 0.24000000000000002 to 0.28
13.5967 	WARNING 	1.1961178000783548: Video catchup needed, advancing self._nextFrameT from 0.28 to 0.32
13.5967 	WARNING 	1.1961254000198096: Video catchup needed, advancing self._nextFrameT from 0.32 to 0.36
13.5967 	WARNING 	1.1961328000761569: Video catchup needed, advancing self._nextFrameT from 0.36 to 0.39999999999999997
13.5967 	WARNING 	Max reportNDroppedFrames reached, will not log any more dropped frames
13.6240 	EXP 	Created unnamed MovieStim3 = MovieStim3(__class__=<class 'psychopy.visual.movie3.MovieStim3'>, anchor=('center', 'center'), autoLog=True, color=UNKNOWN, colorSpace=UNKNOWN, depth=0.0, filename='imgs/titanic.mp4', flipHoriz=False, flipVert=False, fps=UNKNOWN, interpolate=True, loop=False, name='unnamed MovieStim3', noAudio=False, opacity=1, ori=method-wrapper(...), pos=array([   0., -300.]), size=None, units='pix', vframe_callback=UNKNOWN, volume=UNKNOWN, win=Window(...))
14.6988 	WARNING 	1.0746448999270797: Video catchup needed, advancing self._nextFrameT from 0.0 to 0.03336666666666667
14.6988 	WARNING 	1.0747802999103442: Video catchup needed, advancing self._nextFrameT from 0.03336666666666667 to 0.06673333333333334
14.6988 	WARNING 	1.074805499985814: Video catchup needed, advancing self._nextFrameT from 0.06673333333333334 to 0.10010000000000001
14.6989 	WARNING 	1.0748222999973223: Video catchup needed, advancing self._nextFrameT from 0.10010000000000001 to 0.13346666666666668
14.6989 	WARNING 	1.074840100016445: Video catchup needed, advancing self._nextFrameT from 0.13346666666666668 to 0.16683333333333333
14.6989 	WARNING 	1.0748567999107763: Video catchup needed, advancing self._nextFrameT from 0.16683333333333333 to 0.2002
14.6989 	WARNING 	1.074872399913147: Video catchup needed, advancing self._nextFrameT from 0.2002 to 0.23356666666666664
14.6989 	WARNING 	1.074889799929224: Video catchup needed, advancing self._nextFrameT from 0.23356666666666664 to 0.2669333333333333
14.6989 	WARNING 	1.0749066999414936: Video catchup needed, advancing self._nextFrameT from 0.2669333333333333 to 0.30029999999999996
14.6990 	WARNING 	1.074922899948433: Video catchup needed, advancing self._nextFrameT from 0.30029999999999996 to 0.3336666666666666
14.6990 	WARNING 	Max reportNDroppedFrames reached, will not log any more dropped frames
14.7333 	EXP 	window1: mouseVisible = True
14.7431 	EXP 	Created image_4 = ImageStim(__class__=<class 'psychopy.visual.image.ImageStim'>, anchor=('center', 'center'), autoLog=True, color=array([1., 1., 1.]), colorSpace='rgb', contrast=1.0, depth=-4.0, draggable=False, flipHoriz=False, flipVert=False, image='default.png', interpolate=True, mask=None, maskParams=None, name='image_4', opacity=1.0, ori=0.0, pos=array([0., 0.]), size=array([0.35, 0.35]), texRes=128.0, units='height', win=Window(...))
14.7433 	EXP 	window1: mouseVisible = True
14.7443 	EXP 	Created text_8 = TextStim(__class__=<class 'psychopy.visual.text.TextStim'>, alignHoriz=method-wrapper(...), alignText='center', alignVert=method-wrapper(...), anchorHoriz='center', anchorVert='center', antialias=True, autoDraw=False, autoLog=True, bold=False, color=array([1., 1., 1.]), colorSpace='rgb', contrast=1.0, depth=0.0, draggable=False, flipHoriz=False, flipVert=False, font='Open Sans', fontFiles=[], height=0.05, italic=False, languageStyle='LTR', name='text_8', opacity=1.0, ori=0.0, pos=array([0., 0.]), rgb=UNKNOWN, text='', units='height', win=Window(...), wrapWidth=1)
14.7444 	EXP 	window1: mouseVisible = True
14.7529 	EXP 	Created image_6 = ImageStim(__class__=<class 'psychopy.visual.image.ImageStim'>, anchor=('center', 'center'), autoLog=True, color=array([1., 1., 1.]), colorSpace='rgb', contrast=1.0, depth=-1.0, draggable=False, flipHoriz=False, flipVert=False, image='default.png', interpolate=True, mask=None, maskParams=None, name='image_6', opacity=1.0, ori=0.0, pos=array([0., 0.]), size=array([0.35, 0.35]), texRes=128.0, units='height', win=Window(...))
14.7531 	EXP 	Created unnamed MovieStim3 = MovieStim3(__class__=<class 'psychopy.visual.movie3.MovieStim3'>, anchor=('center', 'center'), autoLog=True, color=UNKNOWN, colorSpace=UNKNOWN, depth=0.0, filename='imgs/video_mar_luis.mp4', flipHoriz=False, flipVert=False, fps=UNKNOWN, interpolate=True, loop=True, name='unnamed MovieStim3', noAudio=False, opacity=1, ori=method-wrapper(...), pos=array([0., 0.]), size=None, units='pix', vframe_callback=UNKNOWN, volume=UNKNOWN, win=Window(...))
15.2885 	WARNING 	0.5353913999861106: Video catchup needed, advancing self._nextFrameT from 0.0 to 0.03333333333333333
15.2886 	WARNING 	0.5354244000045583: Video catchup needed, advancing self._nextFrameT from 0.03333333333333333 to 0.06666666666666667
15.2886 	WARNING 	0.5354352999711409: Video catchup needed, advancing self._nextFrameT from 0.06666666666666667 to 0.1
15.2886 	WARNING 	0.5354447999270633: Video catchup needed, advancing self._nextFrameT from 0.1 to 0.13333333333333333
15.2886 	WARNING 	0.5354534999933094: Video catchup needed, advancing self._nextFrameT from 0.13333333333333333 to 0.16666666666666666
15.2886 	WARNING 	0.535462599946186: Video catchup needed, advancing self._nextFrameT from 0.16666666666666666 to 0.19999999999999998
15.2886 	WARNING 	0.5354715000139549: Video catchup needed, advancing self._nextFrameT from 0.19999999999999998 to 0.2333333333333333
15.2886 	WARNING 	0.5354807999683544: Video catchup needed, advancing self._nextFrameT from 0.2333333333333333 to 0.26666666666666666
15.2886 	WARNING 	0.5354897999204695: Video catchup needed, advancing self._nextFrameT from 0.26666666666666666 to 0.3
15.2886 	WARNING 	0.5354988999897614: Video catchup needed, advancing self._nextFrameT from 0.3 to 0.3333333333333333
15.2886 	WARNING 	Max reportNDroppedFrames reached, will not log any more dropped frames
15.4220 	EXP 	window1: mouseVisible = True
15.4303 	EXP 	Created image_7 = ImageStim(__class__=<class 'psychopy.visual.image.ImageStim'>, anchor=('center', 'center'), autoLog=True, color=array([1., 1., 1.]), colorSpace='rgb', contrast=1.0, depth=-1.0, draggable=False, flipHoriz=False, flipVert=False, image='default.png', interpolate=True, mask=None, maskParams=None, name='image_7', opacity=1.0, ori=0.0, pos=array([0., 0.]), size=array([0.35, 0.35]), texRes=128.0, units='height', win=Window(...))
15.4306 	EXP 	Created unnamed MovieStim3 = MovieStim3(__class__=<class 'psychopy.visual.movie3.MovieStim3'>, anchor=('center', 'center'), autoLog=True, color=UNKNOWN, colorSpace=UNKNOWN, depth=0.0, filename='imgs/song_titanic.mp4', flipHoriz=False, flipVert=False, fps=UNKNOWN, interpolate=True, loop=False, name='unnamed MovieStim3', noAudio=False, opacity=1, ori=method-wrapper(...), pos=array([0., 0.]), size=None, units='pix', vframe_callback=UNKNOWN, volume=UNKNOWN, win=Window(...))
16.1733 	WARNING 	0.7426172998966649: Video catchup needed, advancing self._nextFrameT from 0.0 to 0.041666666666666664
16.1733 	WARNING 	0.7427187999710441: Video catchup needed, advancing self._nextFrameT from 0.041666666666666664 to 0.08333333333333333
16.1733 	WARNING 	0.7427311999490485: Video catchup needed, advancing self._nextFrameT from 0.08333333333333333 to 0.125
16.1733 	WARNING 	0.7427417999133468: Video catchup needed, advancing self._nextFrameT from 0.125 to 0.16666666666666666
16.1733 	WARNING 	0.7427517999894917: Video catchup needed, advancing self._nextFrameT from 0.16666666666666666 to 0.20833333333333331
16.1734 	WARNING 	0.7427610999438912: Video catchup needed, advancing self._nextFrameT from 0.20833333333333331 to 0.24999999999999997
16.1734 	WARNING 	0.7427703998982906: Video catchup needed, advancing self._nextFrameT from 0.24999999999999997 to 0.29166666666666663
16.1734 	WARNING 	0.7427792999660596: Video catchup needed, advancing self._nextFrameT from 0.29166666666666663 to 0.3333333333333333
16.1734 	WARNING 	0.7427883999189362: Video catchup needed, advancing self._nextFrameT from 0.3333333333333333 to 0.375
16.1734 	WARNING 	0.7427970999851823: Video catchup needed, advancing self._nextFrameT from 0.375 to 0.4166666666666667
16.1734 	WARNING 	Max reportNDroppedFrames reached, will not log any more dropped frames
16.1923 	EXP 	Created unnamed MovieStim3 = MovieStim3(__class__=<class 'psychopy.visual.movie3.MovieStim3'>, anchor=('center', 'center'), autoLog=True, color=UNKNOWN, colorSpace=UNKNOWN, depth=0.0, filename='imgs/titanic_spanish.mp4', flipHoriz=False, flipVert=False, fps=UNKNOWN, interpolate=True, loop=False, name='unnamed MovieStim3', noAudio=False, opacity=1, ori=method-wrapper(...), pos=array([0., 0.]), size=None, units='pix', vframe_callback=UNKNOWN, volume=UNKNOWN, win=Window(...))
17.3518 	WARNING 	1.159471100079827: Video catchup needed, advancing self._nextFrameT from 0.0 to 0.04
17.3518 	WARNING 	1.1595517999958247: Video catchup needed, advancing self._nextFrameT from 0.04 to 0.08
17.3519 	WARNING 	1.1595635000849143: Video catchup needed, advancing self._nextFrameT from 0.08 to 0.12
17.3519 	WARNING 	1.1595748000545427: Video catchup needed, advancing self._nextFrameT from 0.12 to 0.16
17.3519 	WARNING 	1.1595895000500605: Video catchup needed, advancing self._nextFrameT from 0.16 to 0.2
17.3519 	WARNING 	1.1595980999991298: Video catchup needed, advancing self._nextFrameT from 0.2 to 0.24000000000000002
17.3519 	WARNING 	1.1596070000668988: Video catchup needed, advancing self._nextFrameT from 0.24000000000000002 to 0.28
17.3519 	WARNING 	1.1596157000167295: Video catchup needed, advancing self._nextFrameT from 0.28 to 0.32
17.3519 	WARNING 	1.1596242000814527: Video catchup needed, advancing self._nextFrameT from 0.32 to 0.36
17.3519 	WARNING 	1.159633700037375: Video catchup needed, advancing self._nextFrameT from 0.36 to 0.39999999999999997
17.3519 	WARNING 	Max reportNDroppedFrames reached, will not log any more dropped frames
17.3791 	EXP 	window1: mouseVisible = True
17.3885 	EXP 	Created image_8 = ImageStim(__class__=<class 'psychopy.visual.image.ImageStim'>, anchor=('center', 'center'), autoLog=True, color=array([1., 1., 1.]), colorSpace='rgb', contrast=1.0, depth=-3.0, draggable=False, flipHoriz=False, flipVert=False, image='default.png', interpolate=True, mask=None, maskParams=None, name='image_8', opacity=1.0, ori=0.0, pos=array([0., 0.]), size=array([0.35, 0.35]), texRes=128.0, units='height', win=Window(...))
17.3887 	EXP 	Created unnamed MovieStim3 = MovieStim3(__class__=<class 'psychopy.visual.movie3.MovieStim3'>, anchor=('center', 'center'), autoLog=True, color=UNKNOWN, colorSpace=UNKNOWN, depth=0.0, filename='imgs/titanic_spanish.mp4', flipHoriz=False, flipVert=False, fps=UNKNOWN, interpolate=True, loop=False, name='unnamed MovieStim3', noAudio=False, opacity=1, ori=method-wrapper(...), pos=array([0., 0.]), size=None, units='pix', vframe_callback=UNKNOWN, volume=UNKNOWN, win=Window(...))
18.5820 	WARNING 	1.1932562999427319: Video catchup needed, advancing self._nextFrameT from 0.0 to 0.04
18.5820 	WARNING 	1.1932865999406204: Video catchup needed, advancing self._nextFrameT from 0.04 to 0.08
18.5821 	WARNING 	1.1932968000182882: Video catchup needed, advancing self._nextFrameT from 0.08 to 0.12
18.5821 	WARNING 	1.1933051999658346: Video catchup needed, advancing self._nextFrameT from 0.12 to 0.16
18.5821 	WARNING 	1.1933129000244662: Video catchup needed, advancing self._nextFrameT from 0.16 to 0.2
18.5821 	WARNING 	1.1933205999666825: Video catchup needed, advancing self._nextFrameT from 0.2 to 0.24000000000000002
18.5821 	WARNING 	1.1933282000245526: Video catchup needed, advancing self._nextFrameT from 0.24000000000000002 to 0.28
18.5821 	WARNING 	1.1933357999660075: Video catchup needed, advancing self._nextFrameT from 0.28 to 0.32
18.5821 	WARNING 	1.1933433000231162: Video catchup needed, advancing self._nextFrameT from 0.32 to 0.36
18.5821 	WARNING 	1.1933503999607638: Video catchup needed, advancing self._nextFrameT from 0.36 to 0.39999999999999997
18.5821 	WARNING 	Max reportNDroppedFrames reached, will not log any more dropped frames
18.6102 	EXP 	Created unnamed MovieStim3 = MovieStim3(__class__=<class 'psychopy.visual.movie3.MovieStim3'>, anchor=('center', 'center'), autoLog=True, color=UNKNOWN, colorSpace=UNKNOWN, depth=0.0, filename='imgs/titanic.mp4', flipHoriz=False, flipVert=False, fps=UNKNOWN, interpolate=True, loop=False, name='unnamed MovieStim3', noAudio=False, opacity=1, ori=method-wrapper(...), pos=array([  0., 100.]), size=None, units='pix', vframe_callback=UNKNOWN, volume=UNKNOWN, win=Window(...))
19.6521 	WARNING 	1.041842699982226: Video catchup needed, advancing self._nextFrameT from 0.0 to 0.03336666666666667
19.6521 	WARNING 	1.0419004999566823: Video catchup needed, advancing self._nextFrameT from 0.03336666666666667 to 0.06673333333333334
19.6521 	WARNING 	1.0419169999659061: Video catchup needed, advancing self._nextFrameT from 0.06673333333333334 to 0.10010000000000001
19.6521 	WARNING 	1.0419304999522865: Video catchup needed, advancing self._nextFrameT from 0.10010000000000001 to 0.13346666666666668
19.6521 	WARNING 	1.0419434000505134: Video catchup needed, advancing self._nextFrameT from 0.13346666666666668 to 0.16683333333333333
19.6521 	WARNING 	1.0419562000315636: Video catchup needed, advancing self._nextFrameT from 0.16683333333333333 to 0.2002
19.6522 	WARNING 	1.0419684000080451: Video catchup needed, advancing self._nextFrameT from 0.2002 to 0.23356666666666664
19.6522 	WARNING 	1.0419803999830037: Video catchup needed, advancing self._nextFrameT from 0.23356666666666664 to 0.2669333333333333
19.6522 	WARNING 	1.0419926999602467: Video catchup needed, advancing self._nextFrameT from 0.2669333333333333 to 0.30029999999999996
19.6522 	WARNING 	1.0420159000204876: Video catchup needed, advancing self._nextFrameT from 0.30029999999999996 to 0.3336666666666666
19.6522 	WARNING 	Max reportNDroppedFrames reached, will not log any more dropped frames
19.6817 	EXP 	window1: mouseVisible = True
19.6906 	EXP 	Created image_9 = ImageStim(__class__=<class 'psychopy.visual.image.ImageStim'>, anchor=('center', 'center'), autoLog=True, color=array([1., 1., 1.]), colorSpace='rgb', contrast=1.0, depth=-4.0, draggable=False, flipHoriz=False, flipVert=False, image='default.png', interpolate=True, mask=None, maskParams=None, name='image_9', opacity=1.0, ori=0.0, pos=array([0., 0.]), size=array([0.35, 0.35]), texRes=128.0, units='height', win=Window(...))
19.6908 	EXP 	window1: mouseVisible = True
19.6915 	EXP 	Created text_9 = TextStim(__class__=<class 'psychopy.visual.text.TextStim'>, alignHoriz=method-wrapper(...), alignText='center', alignVert=method-wrapper(...), anchorHoriz='center', anchorVert='center', antialias=True, autoDraw=False, autoLog=True, bold=False, color=array([1., 1., 1.]), colorSpace='rgb', contrast=1.0, depth=0.0, draggable=False, flipHoriz=False, flipVert=False, font='Open Sans', fontFiles=[], height=0.05, italic=False, languageStyle='LTR', name='text_9', opacity=1.0, ori=0.0, pos=array([0., 0.]), rgb=UNKNOWN, text='', units='height', win=Window(...), wrapWidth=1)
19.6915 	EXP 	window1: mouseVisible = True
19.6990 	EXP 	Created image_10 = ImageStim(__class__=<class 'psychopy.visual.image.ImageStim'>, anchor=('center', 'center'), autoLog=True, color=array([1., 1., 1.]), colorSpace='rgb', contrast=1.0, depth=-1.0, draggable=False, flipHoriz=False, flipVert=False, image='default.png', interpolate=True, mask=None, maskParams=None, name='image_10', opacity=1.0, ori=0.0, pos=array([0., 0.]), size=array([0.35, 0.35]), texRes=128.0, units='height', win=Window(...))
19.6992 	EXP 	Created unnamed MovieStim3 = MovieStim3(__class__=<class 'psychopy.visual.movie3.MovieStim3'>, anchor=('center', 'center'), autoLog=True, color=UNKNOWN, colorSpace=UNKNOWN, depth=0.0, filename='imgs/video_mar_luis.mp4', flipHoriz=False, flipVert=False, fps=UNKNOWN, interpolate=True, loop=True, name='unnamed MovieStim3', noAudio=False, opacity=1, ori=method-wrapper(...), pos=array([0., 0.]), size=None, units='pix', vframe_callback=UNKNOWN, volume=UNKNOWN, win=Window(...))
20.2529 	WARNING 	0.553612400079146: Video catchup needed, advancing self._nextFrameT from 0.0 to 0.03333333333333333
20.2529 	WARNING 	0.553639900055714: Video catchup needed, advancing self._nextFrameT from 0.03333333333333333 to 0.06666666666666667
20.2529 	WARNING 	0.5536497000139207: Video catchup needed, advancing self._nextFrameT from 0.06666666666666667 to 0.1
20.2529 	WARNING 	0.553658000077121: Video catchup needed, advancing self._nextFrameT from 0.1 to 0.13333333333333333
20.2529 	WARNING 	0.5536662000231445: Video catchup needed, advancing self._nextFrameT from 0.13333333333333333 to 0.16666666666666666
20.2529 	WARNING 	0.5536738000810146: Video catchup needed, advancing self._nextFrameT from 0.16666666666666666 to 0.19999999999999998
20.2529 	WARNING 	0.5536815000232309: Video catchup needed, advancing self._nextFrameT from 0.19999999999999998 to 0.2333333333333333
20.2529 	WARNING 	0.55369110009633: Video catchup needed, advancing self._nextFrameT from 0.2333333333333333 to 0.26666666666666666
20.2529 	WARNING 	0.5536987000377849: Video catchup needed, advancing self._nextFrameT from 0.26666666666666666 to 0.3
20.2530 	WARNING 	0.5537062000948936: Video catchup needed, advancing self._nextFrameT from 0.3 to 0.3333333333333333
20.2530 	WARNING 	Max reportNDroppedFrames reached, will not log any more dropped frames
20.3718 	EXP 	window1: mouseVisible = True
20.3805 	EXP 	Created image_11 = ImageStim(__class__=<class 'psychopy.visual.image.ImageStim'>, anchor=('center', 'center'), autoLog=True, color=array([1., 1., 1.]), colorSpace='rgb', contrast=1.0, depth=-1.0, draggable=False, flipHoriz=False, flipVert=False, image='default.png', interpolate=True, mask=None, maskParams=None, name='image_11', opacity=1.0, ori=0.0, pos=array([0., 0.]), size=array([0.35, 0.35]), texRes=128.0, units='height', win=Window(...))
20.3807 	EXP 	Created unnamed MovieStim3 = MovieStim3(__class__=<class 'psychopy.visual.movie3.MovieStim3'>, anchor=('center', 'center'), autoLog=True, color=UNKNOWN, colorSpace=UNKNOWN, depth=0.0, filename='imgs/song_titanic.mp4', flipHoriz=False, flipVert=False, fps=UNKNOWN, interpolate=True, loop=False, name='unnamed MovieStim3', noAudio=False, opacity=1, ori=method-wrapper(...), pos=array([0., 0.]), size=None, units='pix', vframe_callback=UNKNOWN, volume=UNKNOWN, win=Window(...))
21.1155 	WARNING 	0.7347601000219584: Video catchup needed, advancing self._nextFrameT from 0.0 to 0.041666666666666664
21.1155 	WARNING 	0.7347938000457361: Video catchup needed, advancing self._nextFrameT from 0.041666666666666664 to 0.08333333333333333
21.1155 	WARNING 	0.7348040000069886: Video catchup needed, advancing self._nextFrameT from 0.08333333333333333 to 0.125
21.1155 	WARNING 	0.7348125000717118: Video catchup needed, advancing self._nextFrameT from 0.125 to 0.16666666666666666
21.1155 	WARNING 	0.734820400015451: Video catchup needed, advancing self._nextFrameT from 0.16666666666666666 to 0.20833333333333331
21.1156 	WARNING 	0.7348282000748441: Video catchup needed, advancing self._nextFrameT from 0.20833333333333331 to 0.24999999999999997
21.1156 	WARNING 	0.7348361000185832: Video catchup needed, advancing self._nextFrameT from 0.24999999999999997 to 0.29166666666666663
21.1156 	WARNING 	0.7348436000756919: Video catchup needed, advancing self._nextFrameT from 0.29166666666666663 to 0.3333333333333333
21.1156 	WARNING 	0.7348514000186697: Video catchup needed, advancing self._nextFrameT from 0.3333333333333333 to 0.375
21.1156 	WARNING 	0.7348592000780627: Video catchup needed, advancing self._nextFrameT from 0.375 to 0.4166666666666667
21.1156 	WARNING 	Max reportNDroppedFrames reached, will not log any more dropped frames
21.1465 	EXP 	Created unnamed MovieStim3 = MovieStim3(__class__=<class 'psychopy.visual.movie3.MovieStim3'>, anchor=('center', 'center'), autoLog=True, color=UNKNOWN, colorSpace=UNKNOWN, depth=0.0, filename='imgs/titanic_spanish.mp4', flipHoriz=False, flipVert=False, fps=UNKNOWN, interpolate=True, loop=False, name='unnamed MovieStim3', noAudio=False, opacity=1, ori=method-wrapper(...), pos=array([0., 0.]), size=None, units='pix', vframe_callback=UNKNOWN, volume=UNKNOWN, win=Window(...))
22.3157 	WARNING 	1.1691472000675276: Video catchup needed, advancing self._nextFrameT from 0.0 to 0.04
22.3157 	WARNING 	1.1691822001012042: Video catchup needed, advancing self._nextFrameT from 0.04 to 0.08
22.3157 	WARNING 	1.1691915000556037: Video catchup needed, advancing self._nextFrameT from 0.08 to 0.12
22.3157 	WARNING 	1.1691993999993429: Video catchup needed, advancing self._nextFrameT from 0.12 to 0.16
22.3157 	WARNING 	1.1692071000579745: Video catchup needed, advancing self._nextFrameT from 0.16 to 0.2
22.3157 	WARNING 	1.1692149000009522: Video catchup needed, advancing self._nextFrameT from 0.2 to 0.24000000000000002
22.3158 	WARNING 	1.1692228000611067: Video catchup needed, advancing self._nextFrameT from 0.24000000000000002 to 0.28
22.3158 	WARNING 	1.1692303000018: Video catchup needed, advancing self._nextFrameT from 0.28 to 0.32
22.3158 	WARNING 	1.1692380000604317: Video catchup needed, advancing self._nextFrameT from 0.32 to 0.36
22.3158 	WARNING 	1.169248400023207: Video catchup needed, advancing self._nextFrameT from 0.36 to 0.39999999999999997
22.3158 	WARNING 	Max reportNDroppedFrames reached, will not log any more dropped frames
22.3441 	EXP 	window1: mouseVisible = True
22.3529 	EXP 	Created image_12 = ImageStim(__class__=<class 'psychopy.visual.image.ImageStim'>, anchor=('center', 'center'), autoLog=True, color=array([1., 1., 1.]), colorSpace='rgb', contrast=1.0, depth=-3.0, draggable=False, flipHoriz=False, flipVert=False, image='default.png', interpolate=True, mask=None, maskParams=None, name='image_12', opacity=1.0, ori=0.0, pos=array([0., 0.]), size=array([0.35, 0.35]), texRes=128.0, units='height', win=Window(...))
22.3531 	EXP 	Created unnamed MovieStim3 = MovieStim3(__class__=<class 'psychopy.visual.movie3.MovieStim3'>, anchor=('center', 'center'), autoLog=True, color=UNKNOWN, colorSpace=UNKNOWN, depth=0.0, filename='imgs/titanic_spanish.mp4', flipHoriz=False, flipVert=False, fps=UNKNOWN, interpolate=True, loop=False, name='unnamed MovieStim3', noAudio=False, opacity=1, ori=method-wrapper(...), pos=array([0., 0.]), size=None, units='pix', vframe_callback=UNKNOWN, volume=UNKNOWN, win=Window(...))
23.5218 	WARNING 	1.1686154999770224: Video catchup needed, advancing self._nextFrameT from 0.0 to 0.04
23.5218 	WARNING 	1.1686933999881148: Video catchup needed, advancing self._nextFrameT from 0.04 to 0.08
23.5218 	WARNING 	1.16870480007492: Video catchup needed, advancing self._nextFrameT from 0.08 to 0.12
23.5218 	WARNING 	1.16871620004531: Video catchup needed, advancing self._nextFrameT from 0.12 to 0.16
23.5219 	WARNING 	1.1687280000187457: Video catchup needed, advancing self._nextFrameT from 0.16 to 0.2
23.5219 	WARNING 	1.1687375999754295: Video catchup needed, advancing self._nextFrameT from 0.2 to 0.24000000000000002
23.5219 	WARNING 	1.168746400042437: Video catchup needed, advancing self._nextFrameT from 0.24000000000000002 to 0.28
23.5219 	WARNING 	1.1687554999953136: Video catchup needed, advancing self._nextFrameT from 0.28 to 0.32
23.5219 	WARNING 	1.1687650000676513: Video catchup needed, advancing self._nextFrameT from 0.32 to 0.36
23.5219 	WARNING 	1.1687735000159591: Video catchup needed, advancing self._nextFrameT from 0.36 to 0.39999999999999997
23.5219 	WARNING 	Max reportNDroppedFrames reached, will not log any more dropped frames
23.5563 	EXP 	Created unnamed MovieStim3 = MovieStim3(__class__=<class 'psychopy.visual.movie3.MovieStim3'>, anchor=('center', 'center'), autoLog=True, color=UNKNOWN, colorSpace=UNKNOWN, depth=0.0, filename='imgs/titanic.mp4', flipHoriz=False, flipVert=False, fps=UNKNOWN, interpolate=True, loop=False, name='unnamed MovieStim3', noAudio=False, opacity=1, ori=method-wrapper(...), pos=array([  0., 100.]), size=None, units='pix', vframe_callback=UNKNOWN, volume=UNKNOWN, win=Window(...))
24.5754 	WARNING 	1.0190440999576822: Video catchup needed, advancing self._nextFrameT from 0.0 to 0.03336666666666667
24.5754 	WARNING 	1.0191297000274062: Video catchup needed, advancing self._nextFrameT from 0.03336666666666667 to 0.06673333333333334
24.5754 	WARNING 	1.019143300014548: Video catchup needed, advancing self._nextFrameT from 0.06673333333333334 to 0.10010000000000001
24.5755 	WARNING 	1.0191551999887452: Video catchup needed, advancing self._nextFrameT from 0.10010000000000001 to 0.13346666666666668
24.5755 	WARNING 	1.0191654999507591: Video catchup needed, advancing self._nextFrameT from 0.13346666666666668 to 0.16683333333333333
24.5755 	WARNING 	1.019174800021574: Video catchup needed, advancing self._nextFrameT from 0.16683333333333333 to 0.2002
24.5755 	WARNING 	1.0191835999721661: Video catchup needed, advancing self._nextFrameT from 0.2002 to 0.23356666666666664
24.5755 	WARNING 	1.019192700041458: Video catchup needed, advancing self._nextFrameT from 0.23356666666666664 to 0.2669333333333333
24.5755 	WARNING 	1.0192014999920502: Video catchup needed, advancing self._nextFrameT from 0.2669333333333333 to 0.30029999999999996
24.5755 	WARNING 	1.0192107999464497: Video catchup needed, advancing self._nextFrameT from 0.30029999999999996 to 0.3336666666666666
24.5755 	WARNING 	Max reportNDroppedFrames reached, will not log any more dropped frames
24.6053 	EXP 	window1: mouseVisible = True
24.6150 	EXP 	Created image_13 = ImageStim(__class__=<class 'psychopy.visual.image.ImageStim'>, anchor=('center', 'center'), autoLog=True, color=array([1., 1., 1.]), colorSpace='rgb', contrast=1.0, depth=-4.0, draggable=False, flipHoriz=False, flipVert=False, image='default.png', interpolate=True, mask=None, maskParams=None, name='image_13', opacity=1.0, ori=0.0, pos=array([0., 0.]), size=array([0.35, 0.35]), texRes=128.0, units='height', win=Window(...))
24.6151 	EXP 	window1: mouseVisible = True
24.6158 	EXP 	Created text_10 = TextStim(__class__=<class 'psychopy.visual.text.TextStim'>, alignHoriz=method-wrapper(...), alignText='center', alignVert=method-wrapper(...), anchorHoriz='center', anchorVert='center', antialias=True, autoDraw=False, autoLog=True, bold=False, color=array([1., 1., 1.]), colorSpace='rgb', contrast=1.0, depth=0.0, draggable=False, flipHoriz=False, flipVert=False, font='Open Sans', fontFiles=[], height=0.05, italic=False, languageStyle='LTR', name='text_10', opacity=1.0, ori=0.0, pos=array([0., 0.]), rgb=UNKNOWN, text='', units='height', win=Window(...), wrapWidth=1)
24.6159 	EXP 	window1: mouseVisible = True
24.6251 	EXP 	Created image_14 = ImageStim(__class__=<class 'psychopy.visual.image.ImageStim'>, anchor=('center', 'center'), autoLog=True, color=array([1., 1., 1.]), colorSpace='rgb', contrast=1.0, depth=-1.0, draggable=False, flipHoriz=False, flipVert=False, image='default.png', interpolate=True, mask=None, maskParams=None, name='image_14', opacity=1.0, ori=0.0, pos=array([0., 0.]), size=array([0.35, 0.35]), texRes=128.0, units='height', win=Window(...))
24.6254 	EXP 	Created unnamed MovieStim3 = MovieStim3(__class__=<class 'psychopy.visual.movie3.MovieStim3'>, anchor=('center', 'center'), autoLog=True, color=UNKNOWN, colorSpace=UNKNOWN, depth=0.0, filename='imgs/video_mar_luis.mp4', flipHoriz=False, flipVert=False, fps=UNKNOWN, interpolate=True, loop=True, name='unnamed MovieStim3', noAudio=False, opacity=1, ori=method-wrapper(...), pos=array([0., 0.]), size=None, units='pix', vframe_callback=UNKNOWN, volume=UNKNOWN, win=Window(...))
25.1520 	WARNING 	0.5266249000560492: Video catchup needed, advancing self._nextFrameT from 0.0 to 0.03333333333333333
25.1520 	WARNING 	0.5266710000578314: Video catchup needed, advancing self._nextFrameT from 0.03333333333333333 to 0.06666666666666667
25.1521 	WARNING 	0.5266849000472575: Video catchup needed, advancing self._nextFrameT from 0.06666666666666667 to 0.1
25.1521 	WARNING 	0.5266969000222161: Video catchup needed, advancing self._nextFrameT from 0.1 to 0.13333333333333333
25.1521 	WARNING 	0.5267089999979362: Video catchup needed, advancing self._nextFrameT from 0.13333333333333333 to 0.16666666666666666
25.1521 	WARNING 	0.5267212999751791: Video catchup needed, advancing self._nextFrameT from 0.16666666666666666 to 0.19999999999999998
25.1521 	WARNING 	0.5267333000665531: Video catchup needed, advancing self._nextFrameT from 0.19999999999999998 to 0.2333333333333333
25.1521 	WARNING 	0.526745600043796: Video catchup needed, advancing self._nextFrameT from 0.2333333333333333 to 0.26666666666666666
25.1521 	WARNING 	0.526757900021039: Video catchup needed, advancing self._nextFrameT from 0.26666666666666666 to 0.3
25.1521 	WARNING 	0.5267693999921903: Video catchup needed, advancing self._nextFrameT from 0.3 to 0.3333333333333333
25.1522 	WARNING 	Max reportNDroppedFrames reached, will not log any more dropped frames
25.2735 	EXP 	window1: mouseVisible = True
25.2824 	EXP 	Created image_15 = ImageStim(__class__=<class 'psychopy.visual.image.ImageStim'>, anchor=('center', 'center'), autoLog=True, color=array([1., 1., 1.]), colorSpace='rgb', contrast=1.0, depth=-1.0, draggable=False, flipHoriz=False, flipVert=False, image='default.png', interpolate=True, mask=None, maskParams=None, name='image_15', opacity=1.0, ori=0.0, pos=array([0., 0.]), size=array([0.35, 0.35]), texRes=128.0, units='height', win=Window(...))
25.2827 	EXP 	Created unnamed MovieStim3 = MovieStim3(__class__=<class 'psychopy.visual.movie3.MovieStim3'>, anchor=('center', 'center'), autoLog=True, color=UNKNOWN, colorSpace=UNKNOWN, depth=0.0, filename='imgs/song_titanic.mp4', flipHoriz=False, flipVert=False, fps=UNKNOWN, interpolate=True, loop=False, name='unnamed MovieStim3', noAudio=False, opacity=1, ori=method-wrapper(...), pos=array([0., 0.]), size=None, units='pix', vframe_callback=UNKNOWN, volume=UNKNOWN, win=Window(...))
25.9943 	WARNING 	0.7115408000536263: Video catchup needed, advancing self._nextFrameT from 0.0 to 0.041666666666666664
25.9943 	WARNING 	0.7116228999802843: Video catchup needed, advancing self._nextFrameT from 0.041666666666666664 to 0.08333333333333333
25.9943 	WARNING 	0.7116363000823185: Video catchup needed, advancing self._nextFrameT from 0.08333333333333333 to 0.125
25.9943 	WARNING 	0.7116463000420481: Video catchup needed, advancing self._nextFrameT from 0.125 to 0.16666666666666666
25.9944 	WARNING 	0.7116565000033006: Video catchup needed, advancing self._nextFrameT from 0.16666666666666666 to 0.20833333333333331
25.9944 	WARNING 	0.7116672000847757: Video catchup needed, advancing self._nextFrameT from 0.20833333333333331 to 0.24999999999999997
25.9944 	WARNING 	0.7116777000483125: Video catchup needed, advancing self._nextFrameT from 0.24999999999999997 to 0.29166666666666663
25.9944 	WARNING 	0.7116872000042349: Video catchup needed, advancing self._nextFrameT from 0.29166666666666663 to 0.3333333333333333
25.9944 	WARNING 	0.7116967000765726: Video catchup needed, advancing self._nextFrameT from 0.3333333333333333 to 0.375
25.9944 	WARNING 	0.7117059000302106: Video catchup needed, advancing self._nextFrameT from 0.375 to 0.4166666666666667
25.9944 	WARNING 	Max reportNDroppedFrames reached, will not log any more dropped frames
26.0116 	EXP 	Created unnamed MovieStim3 = MovieStim3(__class__=<class 'psychopy.visual.movie3.MovieStim3'>, anchor=('center', 'center'), autoLog=True, color=UNKNOWN, colorSpace=UNKNOWN, depth=0.0, filename='imgs/titanic_spanish.mp4', flipHoriz=False, flipVert=False, fps=UNKNOWN, interpolate=True, loop=False, name='unnamed MovieStim3', noAudio=False, opacity=1, ori=method-wrapper(...), pos=array([0., 0.]), size=None, units='pix', vframe_callback=UNKNOWN, volume=UNKNOWN, win=Window(...))
27.1892 	WARNING 	1.177599799935706: Video catchup needed, advancing self._nextFrameT from 0.0 to 0.04
27.1892 	WARNING 	1.1776615999406204: Video catchup needed, advancing self._nextFrameT from 0.04 to 0.08
27.1892 	WARNING 	1.1776759999338537: Video catchup needed, advancing self._nextFrameT from 0.08 to 0.12
27.1893 	WARNING 	1.1776889000320807: Video catchup needed, advancing self._nextFrameT from 0.12 to 0.16
27.1893 	WARNING 	1.1777020000154153: Video catchup needed, advancing self._nextFrameT from 0.16 to 0.2
27.1893 	WARNING 	1.177714499994181: Video catchup needed, advancing self._nextFrameT from 0.2 to 0.24000000000000002
27.1893 	WARNING 	1.1777264999691397: Video catchup needed, advancing self._nextFrameT from 0.24000000000000002 to 0.28
27.1893 	WARNING 	1.1777438999852166: Video catchup needed, advancing self._nextFrameT from 0.28 to 0.32
27.1893 	WARNING 	1.1777563999639824: Video catchup needed, advancing self._nextFrameT from 0.32 to 0.36
27.1893 	WARNING 	1.177768599940464: Video catchup needed, advancing self._nextFrameT from 0.36 to 0.39999999999999997
27.1893 	WARNING 	Max reportNDroppedFrames reached, will not log any more dropped frames
27.2214 	EXP 	window1: mouseVisible = True
27.2302 	EXP 	Created image_16 = ImageStim(__class__=<class 'psychopy.visual.image.ImageStim'>, anchor=('center', 'center'), autoLog=True, color=array([1., 1., 1.]), colorSpace='rgb', contrast=1.0, depth=-3.0, draggable=False, flipHoriz=False, flipVert=False, image='default.png', interpolate=True, mask=None, maskParams=None, name='image_16', opacity=1.0, ori=0.0, pos=array([0., 0.]), size=array([0.35, 0.35]), texRes=128.0, units='height', win=Window(...))
27.2304 	EXP 	Created unnamed MovieStim3 = MovieStim3(__class__=<class 'psychopy.visual.movie3.MovieStim3'>, anchor=('center', 'center'), autoLog=True, color=UNKNOWN, colorSpace=UNKNOWN, depth=0.0, filename='imgs/titanic_spanish.mp4', flipHoriz=False, flipVert=False, fps=UNKNOWN, interpolate=True, loop=False, name='unnamed MovieStim3', noAudio=False, opacity=1, ori=method-wrapper(...), pos=array([0., 0.]), size=None, units='pix', vframe_callback=UNKNOWN, volume=UNKNOWN, win=Window(...))
28.4469 	WARNING 	1.216418599942699: Video catchup needed, advancing self._nextFrameT from 0.0 to 0.04
28.4469 	WARNING 	1.2165073999203742: Video catchup needed, advancing self._nextFrameT from 0.04 to 0.08
28.4469 	WARNING 	1.2165201999014243: Video catchup needed, advancing self._nextFrameT from 0.08 to 0.12
28.4469 	WARNING 	1.2165303999790922: Video catchup needed, advancing self._nextFrameT from 0.12 to 0.16
28.4469 	WARNING 	1.216539999935776: Video catchup needed, advancing self._nextFrameT from 0.16 to 0.2
28.4470 	WARNING 	1.2165503998985514: Video catchup needed, advancing self._nextFrameT from 0.2 to 0.24000000000000002
28.4470 	WARNING 	1.216559899970889: Video catchup needed, advancing self._nextFrameT from 0.24000000000000002 to 0.28
28.4470 	WARNING 	1.2165695999283344: Video catchup needed, advancing self._nextFrameT from 0.28 to 0.32
28.4470 	WARNING 	1.216578399995342: Video catchup needed, advancing self._nextFrameT from 0.32 to 0.36
28.4470 	WARNING 	1.2165867999428883: Video catchup needed, advancing self._nextFrameT from 0.36 to 0.39999999999999997
28.4470 	WARNING 	Max reportNDroppedFrames reached, will not log any more dropped frames
28.4766 	EXP 	Created unnamed MovieStim3 = MovieStim3(__class__=<class 'psychopy.visual.movie3.MovieStim3'>, anchor=('center', 'center'), autoLog=True, color=UNKNOWN, colorSpace=UNKNOWN, depth=0.0, filename='imgs/titanic.mp4', flipHoriz=False, flipVert=False, fps=UNKNOWN, interpolate=True, loop=False, name='unnamed MovieStim3', noAudio=False, opacity=1, ori=method-wrapper(...), pos=array([  0., 100.]), size=None, units='pix', vframe_callback=UNKNOWN, volume=UNKNOWN, win=Window(...))
29.5424 	WARNING 	1.0657769000390545: Video catchup needed, advancing self._nextFrameT from 0.0 to 0.03336666666666667
29.5424 	WARNING 	1.0658074000384659: Video catchup needed, advancing self._nextFrameT from 0.03336666666666667 to 0.06673333333333334
29.5424 	WARNING 	1.0658169999951497: Video catchup needed, advancing self._nextFrameT from 0.06673333333333334 to 0.10010000000000001
29.5424 	WARNING 	1.0658265000674874: Video catchup needed, advancing self._nextFrameT from 0.10010000000000001 to 0.13346666666666668
29.5424 	WARNING 	1.0658352000173181: Video catchup needed, advancing self._nextFrameT from 0.13346666666666668 to 0.16683333333333333
29.5424 	WARNING 	1.0658430000767112: Video catchup needed, advancing self._nextFrameT from 0.16683333333333333 to 0.2002
29.5424 	WARNING 	1.065850400016643: Video catchup needed, advancing self._nextFrameT from 0.2002 to 0.23356666666666664
29.5425 	WARNING 	1.0658578000729904: Video catchup needed, advancing self._nextFrameT from 0.23356666666666664 to 0.2669333333333333
29.5425 	WARNING 	1.0658652000129223: Video catchup needed, advancing self._nextFrameT from 0.2669333333333333 to 0.30029999999999996
29.5425 	WARNING 	1.065872700070031: Video catchup needed, advancing self._nextFrameT from 0.30029999999999996 to 0.3336666666666666
29.5425 	WARNING 	Max reportNDroppedFrames reached, will not log any more dropped frames
29.5679 	EXP 	window1: mouseVisible = True
29.5758 	EXP 	Created image_17 = ImageStim(__class__=<class 'psychopy.visual.image.ImageStim'>, anchor=('center', 'center'), autoLog=True, color=array([1., 1., 1.]), colorSpace='rgb', contrast=1.0, depth=-4.0, draggable=False, flipHoriz=False, flipVert=False, image='default.png', interpolate=True, mask=None, maskParams=None, name='image_17', opacity=1.0, ori=0.0, pos=array([0., 0.]), size=array([0.35, 0.35]), texRes=128.0, units='height', win=Window(...))
29.5759 	EXP 	window1: mouseVisible = True
29.5906 	EXP 	Created text_4 = TextStim(__class__=<class 'psychopy.visual.text.TextStim'>, alignHoriz=method-wrapper(...), alignText='center', alignVert=method-wrapper(...), anchorHoriz='center', anchorVert='center', antialias=True, autoDraw=False, autoLog=True, bold=False, color=array([1., 1., 1.]), colorSpace='rgb', contrast=1.0, depth=0.0, draggable=False, flipHoriz=False, flipVert=False, font='Open Sans', fontFiles=[], height=0.05, italic=False, languageStyle='LTR', name='text_4', opacity=1.0, ori=0.0, pos=array([0., 0.]), rgb=UNKNOWN, text='¡Muchas gracias por participar!', units='height', win=Window(...), wrapWidth=1)
0.0045 	EXP 	unnamed MovieStim3: autoLog = True
0.0045 	EXP 	unnamed MovieStim3: movie = 'imgs/video_mar_luis.mp4'
0.0045 	EXP 	unnamed MovieStim3: ori = 0.0
0.0045 	EXP 	unnamed MovieStim3: autoLog = True
0.0045 	EXP 	unnamed MovieStim3: movie = 'imgs/song_titanic.mp4'
0.0045 	EXP 	unnamed MovieStim3: ori = 0.0
0.0045 	EXP 	unnamed MovieStim3: autoLog = True
0.0045 	EXP 	unnamed MovieStim3: movie = 'imgs/titanic_spanish.mp4'
0.0045 	EXP 	unnamed MovieStim3: ori = 0.0
0.0045 	EXP 	unnamed MovieStim3: autoLog = True
0.0045 	EXP 	unnamed MovieStim3: movie = 'imgs/titanic_spanish.mp4'
0.0045 	EXP 	unnamed MovieStim3: ori = 0.0
0.0045 	EXP 	unnamed MovieStim3: autoLog = True
0.0045 	EXP 	unnamed MovieStim3: movie = 'imgs/titanic.mp4'
0.0045 	EXP 	unnamed MovieStim3: ori = 0.0
0.0045 	EXP 	unnamed MovieStim3: autoLog = True
0.0045 	EXP 	unnamed MovieStim3: movie = 'imgs/video_mar_luis.mp4'
0.0045 	EXP 	unnamed MovieStim3: ori = 0.0
0.0045 	EXP 	unnamed MovieStim3: autoLog = True
0.0045 	EXP 	unnamed MovieStim3: movie = 'imgs/song_titanic.mp4'
0.0045 	EXP 	unnamed MovieStim3: ori = 0.0
0.0045 	EXP 	unnamed MovieStim3: autoLog = True
0.0045 	EXP 	unnamed MovieStim3: movie = 'imgs/titanic_spanish.mp4'
0.0045 	EXP 	unnamed MovieStim3: ori = 0.0
0.0045 	EXP 	unnamed MovieStim3: autoLog = True
0.0045 	EXP 	unnamed MovieStim3: movie = 'imgs/titanic_spanish.mp4'
0.0045 	EXP 	unnamed MovieStim3: ori = 0.0
0.0045 	EXP 	unnamed MovieStim3: autoLog = True
0.0045 	EXP 	unnamed MovieStim3: movie = 'imgs/titanic.mp4'
0.0045 	EXP 	unnamed MovieStim3: ori = 0.0
0.0045 	EXP 	unnamed MovieStim3: autoLog = True
0.0045 	EXP 	unnamed MovieStim3: movie = 'imgs/video_mar_luis.mp4'
0.0045 	EXP 	unnamed MovieStim3: ori = 0.0
0.0045 	EXP 	unnamed MovieStim3: autoLog = True
0.0045 	EXP 	unnamed MovieStim3: movie = 'imgs/song_titanic.mp4'
0.0045 	EXP 	unnamed MovieStim3: ori = 0.0
0.0045 	EXP 	unnamed MovieStim3: autoLog = True
0.0045 	EXP 	unnamed MovieStim3: movie = 'imgs/titanic_spanish.mp4'
0.0045 	EXP 	unnamed MovieStim3: ori = 0.0
0.0045 	EXP 	unnamed MovieStim3: autoLog = True
0.0045 	EXP 	unnamed MovieStim3: movie = 'imgs/titanic_spanish.mp4'
0.0045 	EXP 	unnamed MovieStim3: ori = 0.0
0.0045 	EXP 	unnamed MovieStim3: autoLog = True
0.0045 	EXP 	unnamed MovieStim3: movie = 'imgs/titanic.mp4'
0.0045 	EXP 	unnamed MovieStim3: ori = 0.0
0.0045 	EXP 	unnamed MovieStim3: autoLog = True
0.0045 	EXP 	unnamed MovieStim3: movie = 'imgs/video_mar_luis.mp4'
0.0045 	EXP 	unnamed MovieStim3: ori = 0.0
0.0045 	EXP 	unnamed MovieStim3: autoLog = True
0.0045 	EXP 	unnamed MovieStim3: movie = 'imgs/song_titanic.mp4'
0.0045 	EXP 	unnamed MovieStim3: ori = 0.0
0.0045 	EXP 	unnamed MovieStim3: autoLog = True
0.0045 	EXP 	unnamed MovieStim3: movie = 'imgs/titanic_spanish.mp4'
0.0045 	EXP 	unnamed MovieStim3: ori = 0.0
0.0045 	EXP 	unnamed MovieStim3: autoLog = True
0.0045 	EXP 	unnamed MovieStim3: movie = 'imgs/titanic_spanish.mp4'
0.0045 	EXP 	unnamed MovieStim3: ori = 0.0
0.0045 	EXP 	unnamed MovieStim3: autoLog = True
0.0045 	EXP 	unnamed MovieStim3: movie = 'imgs/titanic.mp4'
0.0045 	EXP 	unnamed MovieStim3: ori = 0.0
0.0231 	EXP 	image_5: autoDraw = True
0.0231 	EXP 	text_6: autoDraw = True
3.0268 	EXP 	image_5: autoDraw = False
3.0268 	EXP 	text_6: autoDraw = False
3.0268 	EXP 	text_5: autoDraw = True
6.9714 	DATA 	Keypress: space
6.9801 	EXP 	text_5: autoDraw = False
6.9801 	EXP 	text_7: height = 0.05
6.9801 	EXP 	text_7: height = 0.05
6.9801 	EXP 	text_7: height = 0.05
6.9801 	EXP 	text_7: text = 'Ronda 1/4'
6.9801 	EXP 	text_7: autoDraw = True
9.0168 	EXP 	Imported imgs/iceberg_times.xlsx as conditions, 2 conditions, 3 params
9.0172 	EXP 	Created sequence: random, trialTypes=2, nReps=1, seed=None
9.0173 	EXP 	New trial (rep=0, index=0): {'timepresentation': 7, 'posx': -0.7, 'posy': 0.1}
9.0227 	EXP 	Sound  started
9.0230 	EXP 	New trial (rep=0, index=1): {'timepresentation': 14, 'posx': -0.3, 'posy': 0.1}
9.0394 	EXP 	Imported imgs/iceberg_times.xlsx as conditions, 2 conditions, 3 params
9.0397 	EXP 	Created sequence: random, trialTypes=2, nReps=1, seed=None
9.0398 	EXP 	New trial (rep=0, index=0): {'timepresentation': 7, 'posx': -0.7, 'posy': 0.1}
9.0441 	EXP 	Sound  started
9.0444 	EXP 	New trial (rep=0, index=1): {'timepresentation': 14, 'posx': -0.3, 'posy': 0.1}
9.0733 	EXP 	Sound  stopped
9.0858 	EXP 	Imported imgs/iceberg_times.xlsx as conditions, 2 conditions, 3 params
9.0861 	EXP 	Created sequence: random, trialTypes=2, nReps=1, seed=None
9.0862 	EXP 	New trial (rep=0, index=0): {'timepresentation': 14, 'posx': -0.3, 'posy': 0.1}
9.0863 	EXP 	Sound  started
9.0934 	EXP 	New trial (rep=0, index=1): {'timepresentation': 7, 'posx': -0.7, 'posy': 0.1}
9.1231 	EXP 	Sound  stopped
9.1357 	EXP 	Imported imgs/iceberg_times.xlsx as conditions, 2 conditions, 3 params
9.1360 	EXP 	Created sequence: random, trialTypes=2, nReps=1, seed=None
9.1362 	EXP 	New trial (rep=0, index=0): {'timepresentation': 10, 'posx': 0.1, 'posy': 0.1}
9.1362 	EXP 	Sound  started
9.1364 	EXP 	Sound  started
9.1419 	WARNING 	0.5524894334375858: Video catchup needed, advancing self._nextFrameT from 0.4666666666666666 to 0.49999999999999994
9.1580 	EXP 	text_7: autoDraw = False
9.1580 	EXP 	image: image = 'imgs/iceberg.png'
9.1580 	EXP 	Set unnamed MovieStim3 playing
9.1580 	EXP 	image: autoDraw = False
9.1580 	EXP 	image: image = 'imgs/iceberg.png'
9.1580 	EXP 	image: autoDraw = False
9.1580 	EXP 	image_2: image = 'imgs/iceberg.png'
9.1580 	EXP 	Set unnamed MovieStim3 playing
9.1580 	EXP 	image_2: autoDraw = False
9.1580 	EXP 	image_2: image = 'imgs/iceberg.png'
9.1580 	EXP 	image_2: autoDraw = False
9.1580 	EXP 	Set unnamed MovieStim3 stopped
9.1580 	EXP 	Set unnamed MovieStim3 playing
9.1580 	EXP 	image_3: image = 'imgs/iceberg.png'
9.1580 	EXP 	image_3: autoDraw = False
9.1580 	EXP 	image_3: image = 'imgs/iceberg.png'
9.1580 	EXP 	image_3: autoDraw = False
9.1580 	EXP 	Set unnamed MovieStim3 stopped
9.1580 	EXP 	Set unnamed MovieStim3 playing
9.1580 	EXP 	Set unnamed MovieStim3 playing
9.1580 	EXP 	image_4: image = 'imgs/iceberg.png'
19.1279 	EXP 	image_4: autoDraw = True
21.5654 	EXP 	New trial (rep=0, index=1): {'timepresentation': 7, 'posx': -0.5, 'posy': 0.1}
21.5797 	DATA 	Keypress: space
21.5885 	EXP 	image_4: autoDraw = False
21.5885 	EXP 	image_4: image = 'imgs/iceberg.png'
28.5685 	EXP 	image_4: autoDraw = True
39.0339 	EXP 	Sound  stopped
39.0538 	EXP 	Sound  stopped
39.0602 	DATA 	Keypress: space
39.0645 	EXP 	image_4: autoDraw = False
39.0645 	EXP 	Set unnamed MovieStim3 stopped
39.0645 	EXP 	Set unnamed MovieStim3 stopped
39.0645 	EXP 	text_8: height = 0.05
39.0645 	EXP 	text_8: height = 0.05
39.0645 	EXP 	text_8: height = 0.05
39.0645 	EXP 	text_8: text = 'Ronda 2/4'
39.0645 	EXP 	text_8: autoDraw = True
41.0615 	EXP 	Imported imgs/iceberg_times.xlsx as conditions, 2 conditions, 3 params
41.0618 	EXP 	Created sequence: random, trialTypes=2, nReps=1, seed=None
41.0620 	EXP 	New trial (rep=0, index=0): {'timepresentation': 13, 'posx': -0.3, 'posy': 0.1}
41.0682 	EXP 	New trial (rep=0, index=1): {'timepresentation': 4, 'posx': -0.6, 'posy': 0.1}
41.0854 	EXP 	Imported imgs/iceberg_times.xlsx as conditions, 2 conditions, 3 params
41.0857 	EXP 	Created sequence: random, trialTypes=2, nReps=1, seed=None
41.0858 	EXP 	New trial (rep=0, index=0): {'timepresentation': 4, 'posx': -0.6, 'posy': 0.1}
41.0903 	EXP 	Sound  started
41.0905 	EXP 	New trial (rep=0, index=1): {'timepresentation': 13, 'posx': -0.3, 'posy': 0.1}
41.1228 	EXP 	Sound  stopped
41.1349 	EXP 	Imported imgs/iceberg_times.xlsx as conditions, 2 conditions, 3 params
41.1352 	EXP 	Created sequence: random, trialTypes=2, nReps=1, seed=None
41.1353 	EXP 	New trial (rep=0, index=0): {'timepresentation': 13, 'posx': -0.3, 'posy': 0.1}
41.1353 	EXP 	Sound  started
41.1402 	WARNING 	32.550744033418596: Video catchup needed, advancing self._nextFrameT from 30.433333333334005 to 30.46666666666734
41.1402 	WARNING 	32.55076383345295: Video catchup needed, advancing self._nextFrameT from 30.46666666666734 to 30.500000000000675
41.1402 	WARNING 	32.550775133422576: Video catchup needed, advancing self._nextFrameT from 30.500000000000675 to 30.53333333333401
41.1402 	WARNING 	32.55078323336784: Video catchup needed, advancing self._nextFrameT from 30.53333333333401 to 30.566666666667345
41.1402 	WARNING 	32.55079093342647: Video catchup needed, advancing self._nextFrameT from 30.566666666667345 to 30.60000000000068
41.1402 	WARNING 	32.55079893337097: Video catchup needed, advancing self._nextFrameT from 30.60000000000068 to 30.633333333334015
41.1402 	WARNING 	32.55080643342808: Video catchup needed, advancing self._nextFrameT from 30.633333333334015 to 30.66666666666735
41.1402 	WARNING 	32.55081433337182: Video catchup needed, advancing self._nextFrameT from 30.66666666666735 to 30.700000000000685
41.1402 	WARNING 	32.55082213343121: Video catchup needed, advancing self._nextFrameT from 30.700000000000685 to 30.73333333333402
41.1402 	WARNING 	Max reportNDroppedFrames reached, will not log any more dropped frames
41.6937 	EXP 	text_8: autoDraw = False
41.6937 	EXP 	text_8: autoDraw = False
41.6937 	EXP 	image_6: image = 'imgs/iceberg.png'
41.6937 	EXP 	image_6: autoDraw = False
41.6937 	EXP 	image_6: image = 'imgs/iceberg.png'
41.6937 	EXP 	image_6: autoDraw = False
41.6937 	EXP 	image_7: image = 'imgs/iceberg.png'
41.6937 	EXP 	Set unnamed MovieStim3 playing
41.6937 	EXP 	image_7: autoDraw = False
41.6937 	EXP 	image_7: image = 'imgs/iceberg.png'
41.6937 	EXP 	image_7: autoDraw = False
41.6937 	EXP 	Set unnamed MovieStim3 stopped
41.6937 	EXP 	Set unnamed MovieStim3 playing
41.6937 	EXP 	image_8: image = 'imgs/iceberg.png'
41.6939 	WARNING 	1.5985272000543773: Video catchup needed, advancing self._nextFrameT from 1.0800000000000003 to 1.1200000000000003
41.6939 	WARNING 	1.598547299974598: Video catchup needed, advancing self._nextFrameT from 1.1200000000000003 to 1.1600000000000004
41.6939 	WARNING 	1.5985572000499815: Video catchup needed, advancing self._nextFrameT from 1.1600000000000004 to 1.2000000000000004
41.6939 	WARNING 	1.5985662000020966: Video catchup needed, advancing self._nextFrameT from 1.2000000000000004 to 1.2400000000000004
41.6939 	WARNING 	1.5985749999526888: Video catchup needed, advancing self._nextFrameT from 1.2400000000000004 to 1.2800000000000005
41.6939 	WARNING 	1.5985843000235036: Video catchup needed, advancing self._nextFrameT from 1.2800000000000005 to 1.3200000000000005
41.6940 	WARNING 	1.5985929999733344: Video catchup needed, advancing self._nextFrameT from 1.3200000000000005 to 1.3600000000000005
41.6940 	WARNING 	1.5986022000433877: Video catchup needed, advancing self._nextFrameT from 1.3600000000000005 to 1.4000000000000006
41.6940 	WARNING 	1.59861099999398: Video catchup needed, advancing self._nextFrameT from 1.4000000000000006 to 1.4400000000000006
41.6940 	WARNING 	1.5986197999445722: Video catchup needed, advancing self._nextFrameT from 1.4400000000000006 to 1.4800000000000006
41.6940 	WARNING 	Max reportNDroppedFrames reached, will not log any more dropped frames
47.6121 	DATA 	Keypress: escape
47.7140 	EXP 	tarea_iceberg: status = STOPPED
47.7232 	EXP 	tarea_iceberg: status = STOPPED
47.7697 	EXP 	window1: mouseVisible = True
