5.1056 	WARNING 	User requested fullscreen with size [1024  768], but screen is actually [1920, 1080]. Using actual size
5.8593 	EXP 	Created window1 = Window(allowGUI=True, allowStencil=False, autoLog=True, backendConf=UNKNOWN, backgroundFit=<method-wrapper '__getattribute__' of attributeSetter object at 0x00000224C4A03E50>, backgroundImage=<method-wrapper '__getattribute__' of attributeSetter object at 0x00000224C4A03DF0>, bitsMode=UNKNOWN, blendMode='avg', bpc=(8, 8, 8), color=array([0, 0, 0]), colorSpace='rgb', depthBits=8, fullscr=<method-wrapper '__getattribute__' of attributeSetter object at 0x00000224C4A03C10>, gamma=None, gammaErrorPolicy='raise', lms=UNKNOWN, monitor=<psychopy.monitors.calibTools.Monitor object at 0x00000224C4F9CE20>, multiSample=False, name='window1', numSamples=2, pos=(0, 0), screen=0, size=array([1920, 1080]), stencilBits=0, stereo=False, title='PsychoPy', units='height', useFBO=True, useRetina=False, viewOri=0.0, viewPos=None, viewScale=None, waitBlanking=True, winType='pyglet')
5.8595 	EXP 	window1: mouseVisible = True
5.8595 	EXP 	window1: backgroundImage = ''
5.8596 	EXP 	window1: backgroundFit = 'none'
5.8623 	EXP 	window1: Attempting to measure frame rate of screen (0) ...
5.8623 	EXP 	window1: recordFrameIntervals = False
6.0246 	EXP 	window1: recordFrameIntervals = True
6.2081 	EXP 	Screen (0) actual frame rate measured at 60.40Hz
6.2082 	EXP 	window1: recordFrameIntervals = False
6.2084 	EXP 	window1: mouseVisible = False
7.6525 	EXP 	tarea_iceberg: status = STARTED
7.6544 	EXP 	window1: mouseVisible = True
7.8057 	EXP 	window1: mouseVisible = True
7.8153 	EXP 	Created image = ImageStim(__class__=<class 'psychopy.visual.image.ImageStim'>, anchor=('center', 'center'), autoLog=True, color=array([1., 1., 1.]), colorSpace='rgb', contrast=1.0, depth=-1.0, draggable=False, flipHoriz=False, flipVert=False, image='default.png', interpolate=True, mask=None, maskParams=None, name='image', opacity=1.0, ori=0.0, pos=array([0., 0.]), size=array([0.35, 0.35]), texRes=128.0, units='height', win=Window(...))
7.8155 	EXP 	window1: mouseVisible = True
7.8632 	EXP 	Created text = TextStim(__class__=<class 'psychopy.visual.text.TextStim'>, alignHoriz=method-wrapper(...), alignText='center', alignVert=method-wrapper(...), anchorHoriz='center', anchorVert='center', antialias=True, autoDraw=False, autoLog=True, bold=False, color=array([1., 1., 1.]), colorSpace='rgb', contrast=1.0, depth=0.0, draggable=False, flipHoriz=False, flipVert=False, font='Open Sans', fontFiles=[], height=0.05, italic=False, languageStyle='LTR', name='text', opacity=1.0, ori=0.0, pos=array([0., 0.]), rgb=UNKNOWN, text='¡Empezamos la segunda ronda!', units='height', win=Window(...), wrapWidth=1)
7.8633 	EXP 	window1: mouseVisible = True
7.9603 	EXP 	window1: mouseVisible = True
7.9682 	EXP 	Created image_2 = ImageStim(__class__=<class 'psychopy.visual.image.ImageStim'>, anchor=('center', 'center'), autoLog=True, color=array([1., 1., 1.]), colorSpace='rgb', contrast=1.0, depth=-1.0, draggable=False, flipHoriz=False, flipVert=False, image='default.png', interpolate=True, mask=None, maskParams=None, name='image_2', opacity=1.0, ori=0.0, pos=array([0., 0.]), size=array([0.35, 0.35]), texRes=128.0, units='height', win=Window(...))
8.0533 	EXP 	Created unnamed MovieStim3 = MovieStim3(__class__=<class 'psychopy.visual.movie3.MovieStim3'>, anchor=('center', 'center'), autoLog=True, color=UNKNOWN, colorSpace=UNKNOWN, depth=0.0, filename='imgs/song_titanic.mp4', flipHoriz=False, flipVert=False, fps=UNKNOWN, interpolate=True, loop=False, name='unnamed MovieStim3', noAudio=False, opacity=1, ori=method-wrapper(...), pos=array([0., 0.]), size=None, units='pix', vframe_callback=UNKNOWN, volume=UNKNOWN, win=Window(...))
8.9896 	WARNING 	0.9362349000002723: Video catchup needed, advancing self._nextFrameT from 0.0 to 0.041666666666666664
8.9896 	WARNING 	0.9362820999995165: Video catchup needed, advancing self._nextFrameT from 0.041666666666666664 to 0.08333333333333333
8.9896 	WARNING 	0.9362928999998985: Video catchup needed, advancing self._nextFrameT from 0.08333333333333333 to 0.125
8.9896 	WARNING 	0.936301600000661: Video catchup needed, advancing self._nextFrameT from 0.125 to 0.16666666666666666
8.9897 	WARNING 	0.9363099000001966: Video catchup needed, advancing self._nextFrameT from 0.16666666666666666 to 0.20833333333333331
8.9897 	WARNING 	0.9363190000003669: Video catchup needed, advancing self._nextFrameT from 0.20833333333333331 to 0.24999999999999997
8.9897 	WARNING 	0.9363267999997333: Video catchup needed, advancing self._nextFrameT from 0.24999999999999997 to 0.29166666666666663
8.9897 	WARNING 	0.9363346000009187: Video catchup needed, advancing self._nextFrameT from 0.29166666666666663 to 0.3333333333333333
8.9897 	WARNING 	0.9363427000007505: Video catchup needed, advancing self._nextFrameT from 0.3333333333333333 to 0.375
8.9897 	WARNING 	0.9363508999995247: Video catchup needed, advancing self._nextFrameT from 0.375 to 0.4166666666666667
8.9897 	WARNING 	Max reportNDroppedFrames reached, will not log any more dropped frames
9.0336 	EXP 	window1: mouseVisible = True
9.0378 	EXP 	Created text_2 = TextStim(__class__=<class 'psychopy.visual.text.TextStim'>, alignHoriz=method-wrapper(...), alignText='center', alignVert=method-wrapper(...), anchorHoriz='center', anchorVert='center', antialias=True, autoDraw=False, autoLog=True, bold=False, color=array([1., 1., 1.]), colorSpace='rgb', contrast=1.0, depth=0.0, draggable=False, flipHoriz=False, flipVert=False, font='Open Sans', fontFiles=[], height=0.05, italic=False, languageStyle='LTR', name='text_2', opacity=1.0, ori=0.0, pos=array([0., 0.]), rgb=UNKNOWN, text='¡empezamos la tercera ronda!', units='height', win=Window(...), wrapWidth=1)
9.0379 	EXP 	window1: mouseVisible = True
9.1363 	EXP 	window1: mouseVisible = True
9.1442 	EXP 	Created image_3 = ImageStim(__class__=<class 'psychopy.visual.image.ImageStim'>, anchor=('center', 'center'), autoLog=True, color=array([1., 1., 1.]), colorSpace='rgb', contrast=1.0, depth=-1.0, draggable=False, flipHoriz=False, flipVert=False, image='default.png', interpolate=True, mask=None, maskParams=None, name='image_3', opacity=1.0, ori=0.0, pos=array([0., 0.]), size=array([0.35, 0.35]), texRes=128.0, units='height', win=Window(...))
9.1445 	EXP 	Created unnamed MovieStim3 = MovieStim3(__class__=<class 'psychopy.visual.movie3.MovieStim3'>, anchor=('center', 'center'), autoLog=True, color=UNKNOWN, colorSpace=UNKNOWN, depth=0.0, filename='imgs/video_celine.mp4', flipHoriz=False, flipVert=False, fps=UNKNOWN, interpolate=True, loop=False, name='unnamed MovieStim3', noAudio=False, opacity=1, ori=method-wrapper(...), pos=array([0., 0.]), size=None, units='pix', vframe_callback=UNKNOWN, volume=UNKNOWN, win=Window(...))
10.4000 	WARNING 	1.255449399999634: Video catchup needed, advancing self._nextFrameT from 0.0 to 0.03336666666666667
10.4000 	WARNING 	1.2555026999998518: Video catchup needed, advancing self._nextFrameT from 0.03336666666666667 to 0.06673333333333334
10.4000 	WARNING 	1.2555137999988801: Video catchup needed, advancing self._nextFrameT from 0.06673333333333334 to 0.10010000000000001
10.4000 	WARNING 	1.255522600000404: Video catchup needed, advancing self._nextFrameT from 0.10010000000000001 to 0.13346666666666668
10.4000 	WARNING 	1.2555310999996436: Video catchup needed, advancing self._nextFrameT from 0.13346666666666668 to 0.16683333333333333
10.4000 	WARNING 	1.255539100000533: Video catchup needed, advancing self._nextFrameT from 0.16683333333333333 to 0.2002
10.4001 	WARNING 	1.2555479000002379: Video catchup needed, advancing self._nextFrameT from 0.2002 to 0.23356666666666664
10.4001 	WARNING 	1.2555561999997735: Video catchup needed, advancing self._nextFrameT from 0.23356666666666664 to 0.2669333333333333
10.4001 	WARNING 	1.2555640999999014: Video catchup needed, advancing self._nextFrameT from 0.2669333333333333 to 0.30029999999999996
10.4001 	WARNING 	1.2555728000006638: Video catchup needed, advancing self._nextFrameT from 0.30029999999999996 to 0.3336666666666666
10.4001 	WARNING 	Max reportNDroppedFrames reached, will not log any more dropped frames
10.7145 	EXP 	window1: mouseVisible = True
10.7192 	EXP 	Created text_3 = TextStim(__class__=<class 'psychopy.visual.text.TextStim'>, alignHoriz=method-wrapper(...), alignText='center', alignVert=method-wrapper(...), anchorHoriz='center', anchorVert='center', antialias=True, autoDraw=False, autoLog=True, bold=False, color=array([1., 1., 1.]), colorSpace='rgb', contrast=1.0, depth=0.0, draggable=False, flipHoriz=False, flipVert=False, font='Open Sans', fontFiles=[], height=0.05, italic=False, languageStyle='LTR', name='text_3', opacity=1.0, ori=0.0, pos=array([0., 0.]), rgb=UNKNOWN, text='¡última ronda!', units='height', win=Window(...), wrapWidth=1)
10.7194 	EXP 	Created unnamed MovieStim3 = MovieStim3(__class__=<class 'psychopy.visual.movie3.MovieStim3'>, anchor=('center', 'center'), autoLog=True, color=UNKNOWN, colorSpace=UNKNOWN, depth=0.0, filename='imgs/video_celine.mp4', flipHoriz=False, flipVert=False, fps=UNKNOWN, interpolate=True, loop=False, name='unnamed MovieStim3', noAudio=False, opacity=1, ori=method-wrapper(...), pos=array([0., 0.]), size=None, units='pix', vframe_callback=UNKNOWN, volume=UNKNOWN, win=Window(...))
11.9802 	WARNING 	1.2606991000011476: Video catchup needed, advancing self._nextFrameT from 0.0 to 0.03336666666666667
11.9803 	WARNING 	1.2607861000014964: Video catchup needed, advancing self._nextFrameT from 0.03336666666666667 to 0.06673333333333334
11.9803 	WARNING 	1.2608095000014146: Video catchup needed, advancing self._nextFrameT from 0.06673333333333334 to 0.10010000000000001
11.9803 	WARNING 	1.2608295000009093: Video catchup needed, advancing self._nextFrameT from 0.10010000000000001 to 0.13346666666666668
11.9803 	WARNING 	1.2608402000005299: Video catchup needed, advancing self._nextFrameT from 0.13346666666666668 to 0.16683333333333333
11.9803 	WARNING 	1.260849500000404: Video catchup needed, advancing self._nextFrameT from 0.16683333333333333 to 0.2002
11.9803 	WARNING 	1.2608588000002783: Video catchup needed, advancing self._nextFrameT from 0.2002 to 0.23356666666666664
11.9803 	WARNING 	1.260870000000068: Video catchup needed, advancing self._nextFrameT from 0.23356666666666664 to 0.2669333333333333
11.9803 	WARNING 	1.2608789000005345: Video catchup needed, advancing self._nextFrameT from 0.2669333333333333 to 0.30029999999999996
11.9804 	WARNING 	1.260887600001297: Video catchup needed, advancing self._nextFrameT from 0.30029999999999996 to 0.3336666666666666
11.9804 	WARNING 	Max reportNDroppedFrames reached, will not log any more dropped frames
12.2991 	EXP 	window1: mouseVisible = True
0.0029 	EXP 	movie: autoLog = True
0.0029 	EXP 	movie_2: autoLog = True
0.0029 	EXP 	unnamed MovieStim3: autoLog = True
0.0029 	EXP 	unnamed MovieStim3: movie = 'imgs/song_titanic.mp4'
0.0029 	EXP 	unnamed MovieStim3: ori = 0.0
0.0029 	EXP 	movie_3: autoLog = True
0.0029 	EXP 	unnamed MovieStim3: autoLog = True
0.0029 	EXP 	unnamed MovieStim3: movie = 'imgs/video_celine.mp4'
0.0029 	EXP 	unnamed MovieStim3: ori = 0.0
0.0029 	EXP 	unnamed MovieStim3: autoLog = True
0.0029 	EXP 	unnamed MovieStim3: movie = 'imgs/video_celine.mp4'
0.0029 	EXP 	unnamed MovieStim3: ori = 0.0
0.0029 	EXP 	movie_4: autoLog = True
0.0079 	EXP 	Imported imgs/trials_fake.xlsx as conditions, 2 conditions, 3 params
0.0082 	EXP 	Created sequence: random, trialTypes=2, nReps=1, seed=None
0.0084 	EXP 	New trial (rep=0, index=0): {'timepresentation': 2, 'posx': -0.8, 'posy': 0.15}
0.0638 	EXP 	image: image = 'imgs/iceberg.png'
0.0638 	EXP 	movie: autoDraw = True
2.0075 	EXP 	image: autoDraw = True
11.8051 	EXP 	New trial (rep=0, index=1): {'timepresentation': 2, 'posx': -0.7, 'posy': 0.15}
11.8547 	DATA 	Keypress: space
11.8612 	EXP 	movie: autoDraw = False
11.8612 	EXP 	image: autoDraw = False
11.8612 	EXP 	image: image = 'imgs/iceberg.png'
11.8612 	EXP 	movie: autoDraw = True
13.8160 	EXP 	image: autoDraw = True
14.3099 	DATA 	Keypress: space
14.3122 	EXP 	movie: autoDraw = False
14.3122 	EXP 	image: autoDraw = False
14.3122 	EXP 	text: autoDraw = True
15.2999 	EXP 	Imported imgs/trials_fake.xlsx as conditions, 2 conditions, 3 params
15.3002 	EXP 	Created sequence: random, trialTypes=2, nReps=1, seed=None
15.3004 	EXP 	New trial (rep=0, index=0): {'timepresentation': 2, 'posx': -0.7, 'posy': 0.15}
15.3048 	EXP 	Sound  started
15.3318 	EXP 	text: autoDraw = False
15.3318 	EXP 	text: autoDraw = False
15.3318 	EXP 	image_2: image = 'imgs/iceberg.png'
15.3318 	EXP 	Set unnamed MovieStim3 playing
15.3318 	EXP 	movie_2: autoDraw = True
17.3135 	EXP 	image_2: autoDraw = True
18.1998 	DATA 	Keypress: space
18.3448 	EXP 	New trial (rep=0, index=1): {'timepresentation': 2, 'posx': -0.8, 'posy': 0.15}
18.4006 	EXP 	movie_2: autoDraw = False
18.4006 	EXP 	image_2: autoDraw = False
18.4006 	EXP 	image_2: image = 'imgs/iceberg.png'
18.4006 	EXP 	movie_2: autoDraw = True
20.3452 	EXP 	image_2: autoDraw = True
20.8379 	EXP 	Sound  stopped
20.8401 	DATA 	Keypress: space
20.8422 	EXP 	movie_2: autoDraw = False
20.8422 	EXP 	image_2: autoDraw = False
20.8422 	EXP 	Set unnamed MovieStim3 stopped
20.8422 	EXP 	text_2: autoDraw = True
21.8442 	EXP 	Imported imgs/trials_fake.xlsx as conditions, 2 conditions, 3 params
21.8445 	EXP 	Created sequence: random, trialTypes=2, nReps=1, seed=None
21.8446 	EXP 	New trial (rep=0, index=0): {'timepresentation': 2, 'posx': -0.7, 'posy': 0.15}
21.8491 	EXP 	Sound  started
21.8700 	EXP 	text_2: autoDraw = False
21.8700 	EXP 	image_3: image = 'imgs/iceberg.png'
21.8700 	EXP 	Set unnamed MovieStim3 playing
21.8700 	EXP 	movie_3: autoDraw = True
23.8644 	EXP 	image_3: autoDraw = True
26.1219 	EXP 	New trial (rep=0, index=1): {'timepresentation': 2, 'posx': -0.8, 'posy': 0.15}
26.1624 	WARNING 	5.481117433331747: Video catchup needed, advancing self._nextFrameT from 5.338666666666679 to 5.372033333333346
26.1624 	WARNING 	5.481169633332684: Video catchup needed, advancing self._nextFrameT from 5.372033333333346 to 5.405400000000013
26.1624 	WARNING 	5.481192233331967: Video catchup needed, advancing self._nextFrameT from 5.405400000000013 to 5.438766666666679
26.2258 	DATA 	Keypress: space
26.2356 	EXP 	movie_3: autoDraw = False
26.2356 	EXP 	image_3: autoDraw = False
26.2356 	EXP 	image_3: image = 'imgs/iceberg.png'
26.2356 	EXP 	movie_3: autoDraw = True
26.2359 	WARNING 	5.554589133331319: Video catchup needed, advancing self._nextFrameT from 5.472133333333346 to 5.505500000000013
28.1579 	EXP 	image_3: autoDraw = True
28.6569 	EXP 	Sound  stopped
28.6587 	DATA 	Keypress: space
28.6616 	EXP 	movie_3: autoDraw = False
28.6616 	EXP 	image_3: autoDraw = False
28.6616 	EXP 	Set unnamed MovieStim3 stopped
28.6616 	EXP 	text_3: autoDraw = True
29.6570 	EXP 	Imported imgs/trials_iceberg_3.xlsx as conditions, 8 conditions, 3 params
29.6574 	EXP 	Created sequence: random, trialTypes=8, nReps=1, seed=None
29.6575 	EXP 	New trial (rep=0, index=0): {'timepresentation': 12, 'posx': 0.8, 'posy': 0.1}
29.6576 	EXP 	Sound  started
29.7016 	EXP 	text_3: autoDraw = False
29.7016 	EXP 	text_3: autoDraw = False
29.7016 	EXP 	Set unnamed MovieStim3 playing
29.7016 	EXP 	movie_4: autoDraw = True
31.8596 	DATA 	Keypress: escape
31.9195 	EXP 	tarea_iceberg: status = STOPPED
31.9230 	EXP 	movie_4: autoDraw = False
31.9232 	EXP 	tarea_iceberg: status = STOPPED
32.1055 	EXP 	window1: mouseVisible = True
