5.8736 	WARNING 	User requested fullscreen with size [1024  768], but screen is actually [1920, 1080]. Using actual size
7.1590 	EXP 	Created window1 = Window(allowGUI=True, allowStencil=False, autoLog=True, backendConf=UNKNOWN, backgroundFit=<method-wrapper '__getattribute__' of attributeSetter object at 0x000002054C067F40>, backgroundImage=<method-wrapper '__getattribute__' of attributeSetter object at 0x000002054C067FA0>, bitsMode=UNKNOWN, blendMode='avg', bpc=(8, 8, 8), color=array([0, 0, 0]), colorSpace='rgb', depthBits=8, fullscr=<method-wrapper '__getattribute__' of attributeSetter object at 0x000002054C067DC0>, gamma=None, gammaErrorPolicy='raise', lms=UNKNOWN, monitor=<psychopy.monitors.calibTools.Monitor object at 0x000002054C66EF70>, multiSample=False, name='window1', numSamples=2, pos=(0, 0), screen=0, size=array([1920, 1080]), stencilBits=0, stereo=False, title='PsychoPy', units='height', useFBO=True, useRetina=False, viewOri=0.0, viewPos=None, viewScale=None, waitBlanking=True, winType='pyglet')
7.1591 	EXP 	window1: mouseVisible = True
7.1591 	EXP 	window1: backgroundImage = ''
7.1591 	EXP 	window1: backgroundFit = 'none'
7.1614 	EXP 	window1: Attempting to measure frame rate of screen (0) ...
7.1614 	EXP 	window1: recordFrameIntervals = False
7.3247 	EXP 	window1: recordFrameIntervals = True
7.5082 	EXP 	Screen (0) actual frame rate measured at 60.02Hz
7.5082 	EXP 	window1: recordFrameIntervals = False
7.5084 	EXP 	window1: mouseVisible = False
10.5348 	EXP 	tarea_iceberg: status = STARTED
10.5624 	EXP 	window1: mouseVisible = True
11.2380 	EXP 	window1: mouseVisible = True
11.2529 	EXP 	Created image = ImageStim(__class__=<class 'psychopy.visual.image.ImageStim'>, anchor=('center', 'center'), autoLog=True, color=array([1., 1., 1.]), colorSpace='rgb', contrast=1.0, depth=-1.0, draggable=False, flipHoriz=False, flipVert=False, image='default.png', interpolate=True, mask=None, maskParams=None, name='image', opacity=1.0, ori=0.0, pos=array([0., 0.]), size=array([0.5, 0.5]), texRes=128.0, units='height', win=Window(...))
0.0069 	EXP 	movie: autoLog = True
0.0132 	EXP 	Imported imgs/trials_iceberg.xlsx as conditions, 4 conditions, 3 params
0.0148 	EXP 	Created sequence: random, trialTypes=4, nReps=1, seed=None
0.0150 	EXP 	New trial (rep=0, index=0): {'timepresentation': 4, 'posx': 0.3, 'posy': 0.2}
0.1065 	EXP 	image: image = 'imgs/iceberg.png'
0.1065 	EXP 	movie: autoDraw = True
4.0128 	EXP 	image: autoDraw = True
6.1657 	EXP 	New trial (rep=0, index=1): {'timepresentation': 8, 'posx': 0.5, 'posy': 0.2}
6.2190 	EXP 	movie: autoDraw = False
6.2190 	EXP 	image: autoDraw = False
6.2190 	EXP 	image: image = 'imgs/iceberg.png'
6.2190 	EXP 	movie: autoDraw = True
14.1785 	EXP 	image: autoDraw = True
15.4290 	EXP 	New trial (rep=0, index=2): {'timepresentation': 6, 'posx': -0.3, 'posy': 0.2}
15.4816 	EXP 	movie: autoDraw = False
15.4816 	EXP 	image: autoDraw = False
15.4816 	EXP 	image: image = 'imgs/iceberg.png'
15.4816 	EXP 	movie: autoDraw = True
21.4402 	EXP 	image: autoDraw = True
22.8217 	EXP 	New trial (rep=0, index=3): {'timepresentation': 3, 'posx': -0.5, 'posy': 0.2}
22.8728 	EXP 	movie: autoDraw = False
22.8728 	EXP 	image: autoDraw = False
22.8728 	EXP 	image: image = 'imgs/iceberg.png'
22.8728 	EXP 	movie: autoDraw = True
25.8374 	EXP 	image: autoDraw = True
28.3684 	EXP 	movie: autoDraw = False
28.3684 	EXP 	image: autoDraw = False
28.3685 	EXP 	tarea_iceberg: status = STOPPED
28.4562 	EXP 	window1: mouseVisible = True
