6.9088 	WARNING 	User requested fullscreen with size [1536  864], but screen is actually [1920, 1080]. Using actual size
7.4923 	EXP 	Created window1 = Window(allowGUI=True, allowStencil=False, autoLog=True, backendConf=UNKNOWN, backgroundFit=<method-wrapper '__getattribute__' of attributeSetter object at 0x0000021537491CA0>, backgroundImage=<method-wrapper '__getattribute__' of attributeSetter object at 0x0000021537491C40>, bitsMode=UNKNOWN, blendMode='avg', bpc=(8, 8, 8), color=array([0, 0, 0]), colorSpace='rgb', depthBits=8, fullscr=<method-wrapper '__getattribute__' of attributeSetter object at 0x0000021537491A60>, gamma=None, gammaErrorPolicy='raise', lms=UNKNOWN, monitor=<psychopy.monitors.calibTools.Monitor object at 0x00000215378A01F0>, multiSample=False, name='window1', numSamples=2, pos=(1920, 789), screen=0, size=array([1920, 1080]), stencilBits=0, stereo=False, title='PsychoPy', units='height', useFBO=True, useRetina=False, viewOri=0.0, viewPos=None, viewScale=None, waitBlanking=True, winType='pyglet')
7.4923 	EXP 	window1: mouseVisible = True
7.4924 	EXP 	window1: backgroundImage = ''
7.4924 	EXP 	window1: backgroundFit = 'none'
7.4934 	EXP 	window1: Attempting to measure frame rate of screen (0) ...
7.4934 	EXP 	window1: recordFrameIntervals = False
7.6578 	EXP 	window1: recordFrameIntervals = True
7.8413 	EXP 	Screen (0) actual frame rate measured at 59.72Hz
7.8413 	EXP 	window1: recordFrameIntervals = False
7.8418 	EXP 	window1: mouseVisible = False
9.5069 	EXP 	tarea_iceberg: status = STARTED
9.5070 	EXP 	window1: mouseVisible = True
9.5075 	WARNING 	Requested image 'imgs/logo_OB.jpeg' not found but similar filename 'imgs/logo_OB.png' exists. This will be used instead but changing the filename is advised.
9.5128 	WARNING 	Requested image 'imgs/logo_OB.jpeg' not found but similar filename 'imgs/logo_OB.png' exists. This will be used instead but changing the filename is advised.
9.5174 	WARNING 	Requested image 'imgs/logo_OB.jpeg' not found but similar filename 'imgs/logo_OB.png' exists. This will be used instead but changing the filename is advised.
9.5220 	WARNING 	Requested image 'imgs/logo_OB.jpeg' not found but similar filename 'imgs/logo_OB.png' exists. This will be used instead but changing the filename is advised.
9.5273 	EXP 	Created image_5 = ImageStim(__class__=<class 'psychopy.visual.image.ImageStim'>, anchor=('center', 'center'), autoLog=True, color=array([1., 1., 1.]), colorSpace='rgb', contrast=1.0, depth=0.0, draggable=False, flipHoriz=False, flipVert=False, image='imgs/logo_OB.jpeg', interpolate=True, mask=None, maskParams=None, name='image_5', opacity=1.0, ori=0.0, pos=array([0., 0.]), size=array([0.6, 0.7]), texRes=128.0, units='height', win=Window(...))
9.5275 	EXP 	window1: mouseVisible = True
9.5907 	EXP 	Created text_6 = TextStim(__class__=<class 'psychopy.visual.text.TextStim'>, alignHoriz=method-wrapper(...), alignText='center', alignVert=method-wrapper(...), anchorHoriz='center', anchorVert='center', antialias=True, autoDraw=False, autoLog=True, bold=False, color=array([1., 1., 1.]), colorSpace='rgb', contrast=1.0, depth=-1.0, draggable=False, flipHoriz=False, flipVert=False, font='Open Sans', fontFiles=[], height=0.04, italic=False, languageStyle='LTR', name='text_6', opacity=1.0, ori=0.0, pos=array([ 0.  , -0.35]), rgb=UNKNOWN, text='¡Bienvenido a un experimento de Open Brains!', units='height', win=Window(...), wrapWidth=1)
9.5908 	EXP 	window1: mouseVisible = True
9.6072 	EXP 	Created text_5 = TextStim(__class__=<class 'psychopy.visual.text.TextStim'>, alignHoriz=method-wrapper(...), alignText='center', alignVert=method-wrapper(...), anchorHoriz='center', anchorVert='center', antialias=True, autoDraw=False, autoLog=True, bold=False, color=array([1., 1., 1.]), colorSpace='rgb', contrast=1.0, depth=0.0, draggable=False, flipHoriz=False, flipVert=False, font='Open Sans', fontFiles=[], height=0.035, italic=False, languageStyle='LTR', name='text_5', opacity=1.0, ori=0.0, pos=array([0., 0.]), rgb=UNKNOWN, text=str(...), units='height', win=Window(...), wrapWidth=1)
9.6073 	EXP 	window1: mouseVisible = True
9.6084 	EXP 	Created text_7 = TextStim(__class__=<class 'psychopy.visual.text.TextStim'>, alignHoriz=method-wrapper(...), alignText='center', alignVert=method-wrapper(...), anchorHoriz='center', anchorVert='center', antialias=True, autoDraw=False, autoLog=True, bold=False, color=array([1., 1., 1.]), colorSpace='rgb', contrast=1.0, depth=0.0, draggable=False, flipHoriz=False, flipVert=False, font='Open Sans', fontFiles=[], height=0.05, italic=False, languageStyle='LTR', name='text_7', opacity=1.0, ori=0.0, pos=array([0., 0.]), rgb=UNKNOWN, text='', units='height', win=Window(...), wrapWidth=1)
9.6085 	EXP 	window1: mouseVisible = True
9.6164 	EXP 	Created image = ImageStim(__class__=<class 'psychopy.visual.image.ImageStim'>, anchor=('center', 'center'), autoLog=True, color=array([1., 1., 1.]), colorSpace='rgb', contrast=1.0, depth=-1.0, draggable=False, flipHoriz=False, flipVert=False, image='default.png', interpolate=True, mask=None, maskParams=None, name='image', opacity=1.0, ori=0.0, pos=array([0., 0.]), size=array([0.35, 0.35]), texRes=128.0, units='height', win=Window(...))
9.7161 	EXP 	Created unnamed MovieStim3 = MovieStim3(__class__=<class 'psychopy.visual.movie3.MovieStim3'>, anchor=('center', 'center'), autoLog=True, color=UNKNOWN, colorSpace=UNKNOWN, depth=0.0, filename='imgs/marluis.mp4', flipHoriz=False, flipVert=False, fps=UNKNOWN, interpolate=True, loop=True, name='unnamed MovieStim3', noAudio=False, opacity=1, ori=method-wrapper(...), pos=array([0., 0.]), size=None, units='pix', vframe_callback=UNKNOWN, volume=UNKNOWN, win=Window(...))
10.8512 	WARNING 	1.1350202000467107: Video catchup needed, advancing self._nextFrameT from 0.0 to 0.03333333333333333
10.8512 	WARNING 	1.1350571000948548: Video catchup needed, advancing self._nextFrameT from 0.03333333333333333 to 0.06666666666666667
10.8512 	WARNING 	1.135067900060676: Video catchup needed, advancing self._nextFrameT from 0.06666666666666667 to 0.1
10.8512 	WARNING 	1.135077300015837: Video catchup needed, advancing self._nextFrameT from 0.1 to 0.13333333333333333
10.8512 	WARNING 	1.1350861000828445: Video catchup needed, advancing self._nextFrameT from 0.13333333333333333 to 0.16666666666666666
10.8512 	WARNING 	1.1350946000311524: Video catchup needed, advancing self._nextFrameT from 0.16666666666666666 to 0.19999999999999998
10.8513 	WARNING 	1.1351030999794602: Video catchup needed, advancing self._nextFrameT from 0.19999999999999998 to 0.2333333333333333
10.8513 	WARNING 	1.135111500043422: Video catchup needed, advancing self._nextFrameT from 0.2333333333333333 to 0.26666666666666666
10.8513 	WARNING 	1.1351201999932528: Video catchup needed, advancing self._nextFrameT from 0.26666666666666666 to 0.3
10.8513 	WARNING 	1.1351292000617832: Video catchup needed, advancing self._nextFrameT from 0.3 to 0.3333333333333333
10.8513 	WARNING 	Max reportNDroppedFrames reached, will not log any more dropped frames
10.9991 	EXP 	window1: mouseVisible = True
11.0077 	EXP 	Created image_2 = ImageStim(__class__=<class 'psychopy.visual.image.ImageStim'>, anchor=('center', 'center'), autoLog=True, color=array([1., 1., 1.]), colorSpace='rgb', contrast=1.0, depth=-1.0, draggable=False, flipHoriz=False, flipVert=False, image='default.png', interpolate=True, mask=None, maskParams=None, name='image_2', opacity=1.0, ori=0.0, pos=array([0., 0.]), size=array([0.35, 0.35]), texRes=128.0, units='height', win=Window(...))
11.0079 	EXP 	Created unnamed MovieStim3 = MovieStim3(__class__=<class 'psychopy.visual.movie3.MovieStim3'>, anchor=('center', 'center'), autoLog=True, color=UNKNOWN, colorSpace=UNKNOWN, depth=0.0, filename='imgs/song_titanic.mp4', flipHoriz=False, flipVert=False, fps=UNKNOWN, interpolate=True, loop=False, name='unnamed MovieStim3', noAudio=False, opacity=1, ori=method-wrapper(...), pos=array([0., 0.]), size=None, units='pix', vframe_callback=UNKNOWN, volume=UNKNOWN, win=Window(...))
11.7333 	WARNING 	0.7253012000583112: Video catchup needed, advancing self._nextFrameT from 0.0 to 0.041666666666666664
11.7333 	WARNING 	0.7253323000622913: Video catchup needed, advancing self._nextFrameT from 0.041666666666666664 to 0.08333333333333333
11.7333 	WARNING 	0.7253424000227824: Video catchup needed, advancing self._nextFrameT from 0.08333333333333333 to 0.125
11.7333 	WARNING 	0.7253509000875056: Video catchup needed, advancing self._nextFrameT from 0.125 to 0.16666666666666666
11.7333 	WARNING 	0.7253590000327677: Video catchup needed, advancing self._nextFrameT from 0.16666666666666666 to 0.20833333333333331
11.7333 	WARNING 	0.7253669000929222: Video catchup needed, advancing self._nextFrameT from 0.20833333333333331 to 0.24999999999999997
11.7333 	WARNING 	0.7253751000389457: Video catchup needed, advancing self._nextFrameT from 0.24999999999999997 to 0.29166666666666663
11.7333 	WARNING 	0.7253830000991002: Video catchup needed, advancing self._nextFrameT from 0.29166666666666663 to 0.3333333333333333
11.7334 	WARNING 	0.7253911000443622: Video catchup needed, advancing self._nextFrameT from 0.3333333333333333 to 0.375
11.7334 	WARNING 	0.7253988001029938: Video catchup needed, advancing self._nextFrameT from 0.375 to 0.4166666666666667
11.7334 	WARNING 	Max reportNDroppedFrames reached, will not log any more dropped frames
11.7458 	EXP 	Created unnamed MovieStim3 = MovieStim3(__class__=<class 'psychopy.visual.movie3.MovieStim3'>, anchor=('center', 'center'), autoLog=True, color=UNKNOWN, colorSpace=UNKNOWN, depth=0.0, filename='imgs/titanic_spanish.mp4', flipHoriz=False, flipVert=False, fps=UNKNOWN, interpolate=True, loop=False, name='unnamed MovieStim3', noAudio=False, opacity=1, ori=method-wrapper(...), pos=array([0., 0.]), size=None, units='pix', vframe_callback=UNKNOWN, volume=UNKNOWN, win=Window(...))
12.9575 	WARNING 	1.2116847999859601: Video catchup needed, advancing self._nextFrameT from 0.0 to 0.04
12.9576 	WARNING 	1.2117158999899402: Video catchup needed, advancing self._nextFrameT from 0.04 to 0.08
12.9576 	WARNING 	1.2117269999580458: Video catchup needed, advancing self._nextFrameT from 0.08 to 0.12
12.9576 	WARNING 	1.211736699915491: Video catchup needed, advancing self._nextFrameT from 0.12 to 0.16
12.9576 	WARNING 	1.2117453999817371: Video catchup needed, advancing self._nextFrameT from 0.16 to 0.2
12.9576 	WARNING 	1.2117541999323294: Video catchup needed, advancing self._nextFrameT from 0.2 to 0.24000000000000002
12.9576 	WARNING 	1.2117641000077128: Video catchup needed, advancing self._nextFrameT from 0.24000000000000002 to 0.28
12.9576 	WARNING 	1.2117731999605894: Video catchup needed, advancing self._nextFrameT from 0.28 to 0.32
12.9576 	WARNING 	1.2117814999073744: Video catchup needed, advancing self._nextFrameT from 0.32 to 0.36
12.9576 	WARNING 	1.2117899999720976: Video catchup needed, advancing self._nextFrameT from 0.36 to 0.39999999999999997
12.9576 	WARNING 	Max reportNDroppedFrames reached, will not log any more dropped frames
12.9860 	EXP 	window1: mouseVisible = True
12.9944 	EXP 	Created image_3 = ImageStim(__class__=<class 'psychopy.visual.image.ImageStim'>, anchor=('center', 'center'), autoLog=True, color=array([1., 1., 1.]), colorSpace='rgb', contrast=1.0, depth=-3.0, draggable=False, flipHoriz=False, flipVert=False, image='default.png', interpolate=True, mask=None, maskParams=None, name='image_3', opacity=1.0, ori=0.0, pos=array([0., 0.]), size=array([0.35, 0.35]), texRes=128.0, units='height', win=Window(...))
12.9947 	EXP 	Created unnamed MovieStim3 = MovieStim3(__class__=<class 'psychopy.visual.movie3.MovieStim3'>, anchor=('center', 'center'), autoLog=True, color=UNKNOWN, colorSpace=UNKNOWN, depth=0.0, filename='imgs/titanic_spanish.mp4', flipHoriz=False, flipVert=False, fps=UNKNOWN, interpolate=True, loop=False, name='unnamed MovieStim3', noAudio=False, opacity=1, ori=method-wrapper(...), pos=array([0., 0.]), size=None, units='pix', vframe_callback=UNKNOWN, volume=UNKNOWN, win=Window(...))
14.1650 	WARNING 	1.170342899975367: Video catchup needed, advancing self._nextFrameT from 0.0 to 0.04
14.1650 	WARNING 	1.1703734999755397: Video catchup needed, advancing self._nextFrameT from 0.04 to 0.08
14.1651 	WARNING 	1.170382999931462: Video catchup needed, advancing self._nextFrameT from 0.08 to 0.12
14.1651 	WARNING 	1.1703910999931395: Video catchup needed, advancing self._nextFrameT from 0.12 to 0.16
14.1651 	WARNING 	1.1703996999422088: Video catchup needed, advancing self._nextFrameT from 0.16 to 0.2
14.1651 	WARNING 	1.1704077000031248: Video catchup needed, advancing self._nextFrameT from 0.2 to 0.24000000000000002
14.1651 	WARNING 	1.1704176999628544: Video catchup needed, advancing self._nextFrameT from 0.24000000000000002 to 0.28
14.1651 	WARNING 	1.1704253999050707: Video catchup needed, advancing self._nextFrameT from 0.28 to 0.32
14.1651 	WARNING 	1.1704329999629408: Video catchup needed, advancing self._nextFrameT from 0.32 to 0.36
14.1651 	WARNING 	1.1704404999036342: Video catchup needed, advancing self._nextFrameT from 0.36 to 0.39999999999999997
14.1651 	WARNING 	Max reportNDroppedFrames reached, will not log any more dropped frames
14.1929 	EXP 	Created unnamed MovieStim3 = MovieStim3(__class__=<class 'psychopy.visual.movie3.MovieStim3'>, anchor=('center', 'center'), autoLog=True, color=UNKNOWN, colorSpace=UNKNOWN, depth=0.0, filename='imgs/titanic.mp4', flipHoriz=False, flipVert=False, fps=UNKNOWN, interpolate=True, loop=False, name='unnamed MovieStim3', noAudio=False, opacity=1, ori=method-wrapper(...), pos=array([  0., 100.]), size=None, units='pix', vframe_callback=UNKNOWN, volume=UNKNOWN, win=Window(...))
15.2377 	WARNING 	1.0448083000956103: Video catchup needed, advancing self._nextFrameT from 0.0 to 0.03336666666666667
15.2378 	WARNING 	1.0448388000950217: Video catchup needed, advancing self._nextFrameT from 0.03336666666666667 to 0.06673333333333334
15.2378 	WARNING 	1.0448488000547513: Video catchup needed, advancing self._nextFrameT from 0.06673333333333334 to 0.10010000000000001
15.2378 	WARNING 	1.044857700006105: Video catchup needed, advancing self._nextFrameT from 0.10010000000000001 to 0.13346666666666668
15.2378 	WARNING 	1.0448660000693053: Video catchup needed, advancing self._nextFrameT from 0.13346666666666668 to 0.16683333333333333
15.2378 	WARNING 	1.044873800012283: Video catchup needed, advancing self._nextFrameT from 0.16683333333333333 to 0.2002
15.2378 	WARNING 	1.0448814000701532: Video catchup needed, advancing self._nextFrameT from 0.2002 to 0.23356666666666664
15.2378 	WARNING 	1.0448891000123695: Video catchup needed, advancing self._nextFrameT from 0.23356666666666664 to 0.2669333333333333
15.2378 	WARNING 	1.0448969000717625: Video catchup needed, advancing self._nextFrameT from 0.2669333333333333 to 0.30029999999999996
15.2378 	WARNING 	1.0449046000139788: Video catchup needed, advancing self._nextFrameT from 0.30029999999999996 to 0.3336666666666666
15.2378 	WARNING 	Max reportNDroppedFrames reached, will not log any more dropped frames
15.2622 	EXP 	window1: mouseVisible = True
15.2703 	EXP 	Created image_4 = ImageStim(__class__=<class 'psychopy.visual.image.ImageStim'>, anchor=('center', 'center'), autoLog=True, color=array([1., 1., 1.]), colorSpace='rgb', contrast=1.0, depth=-4.0, draggable=False, flipHoriz=False, flipVert=False, image='default.png', interpolate=True, mask=None, maskParams=None, name='image_4', opacity=1.0, ori=0.0, pos=array([0., 0.]), size=array([0.35, 0.35]), texRes=128.0, units='height', win=Window(...))
15.2704 	EXP 	window1: mouseVisible = True
15.2711 	EXP 	Created text_8 = TextStim(__class__=<class 'psychopy.visual.text.TextStim'>, alignHoriz=method-wrapper(...), alignText='center', alignVert=method-wrapper(...), anchorHoriz='center', anchorVert='center', antialias=True, autoDraw=False, autoLog=True, bold=False, color=array([1., 1., 1.]), colorSpace='rgb', contrast=1.0, depth=0.0, draggable=False, flipHoriz=False, flipVert=False, font='Open Sans', fontFiles=[], height=0.05, italic=False, languageStyle='LTR', name='text_8', opacity=1.0, ori=0.0, pos=array([0., 0.]), rgb=UNKNOWN, text='', units='height', win=Window(...), wrapWidth=1)
15.2712 	EXP 	window1: mouseVisible = True
15.2784 	EXP 	Created image_6 = ImageStim(__class__=<class 'psychopy.visual.image.ImageStim'>, anchor=('center', 'center'), autoLog=True, color=array([1., 1., 1.]), colorSpace='rgb', contrast=1.0, depth=-1.0, draggable=False, flipHoriz=False, flipVert=False, image='default.png', interpolate=True, mask=None, maskParams=None, name='image_6', opacity=1.0, ori=0.0, pos=array([0., 0.]), size=array([0.35, 0.35]), texRes=128.0, units='height', win=Window(...))
15.2786 	EXP 	Created unnamed MovieStim3 = MovieStim3(__class__=<class 'psychopy.visual.movie3.MovieStim3'>, anchor=('center', 'center'), autoLog=True, color=UNKNOWN, colorSpace=UNKNOWN, depth=0.0, filename='imgs/marluis.mp4', flipHoriz=False, flipVert=False, fps=UNKNOWN, interpolate=True, loop=True, name='unnamed MovieStim3', noAudio=False, opacity=1, ori=method-wrapper(...), pos=array([0., 0.]), size=None, units='pix', vframe_callback=UNKNOWN, volume=UNKNOWN, win=Window(...))
15.7442 	WARNING 	0.4655704000033438: Video catchup needed, advancing self._nextFrameT from 0.0 to 0.03333333333333333
15.7443 	WARNING 	0.46559869998600334: Video catchup needed, advancing self._nextFrameT from 0.03333333333333333 to 0.06666666666666667
15.7443 	WARNING 	0.46560869994573295: Video catchup needed, advancing self._nextFrameT from 0.06666666666666667 to 0.1
15.7443 	WARNING 	0.4656171000096947: Video catchup needed, advancing self._nextFrameT from 0.1 to 0.13333333333333333
15.7443 	WARNING 	0.46562499995343387: Video catchup needed, advancing self._nextFrameT from 0.13333333333333333 to 0.16666666666666666
15.7443 	WARNING 	0.465632600011304: Video catchup needed, advancing self._nextFrameT from 0.16666666666666666 to 0.19999999999999998
15.7443 	WARNING 	0.46564019995275885: Video catchup needed, advancing self._nextFrameT from 0.19999999999999998 to 0.2333333333333333
15.7443 	WARNING 	0.465647800010629: Video catchup needed, advancing self._nextFrameT from 0.2333333333333333 to 0.26666666666666666
15.7443 	WARNING 	0.4656552999513224: Video catchup needed, advancing self._nextFrameT from 0.26666666666666666 to 0.3
15.7443 	WARNING 	0.4656628000084311: Video catchup needed, advancing self._nextFrameT from 0.3 to 0.3333333333333333
15.7443 	WARNING 	Max reportNDroppedFrames reached, will not log any more dropped frames
15.7969 	EXP 	window1: mouseVisible = True
15.8059 	EXP 	Created image_7 = ImageStim(__class__=<class 'psychopy.visual.image.ImageStim'>, anchor=('center', 'center'), autoLog=True, color=array([1., 1., 1.]), colorSpace='rgb', contrast=1.0, depth=-1.0, draggable=False, flipHoriz=False, flipVert=False, image='default.png', interpolate=True, mask=None, maskParams=None, name='image_7', opacity=1.0, ori=0.0, pos=array([0., 0.]), size=array([0.35, 0.35]), texRes=128.0, units='height', win=Window(...))
15.8062 	EXP 	Created unnamed MovieStim3 = MovieStim3(__class__=<class 'psychopy.visual.movie3.MovieStim3'>, anchor=('center', 'center'), autoLog=True, color=UNKNOWN, colorSpace=UNKNOWN, depth=0.0, filename='imgs/song_titanic.mp4', flipHoriz=False, flipVert=False, fps=UNKNOWN, interpolate=True, loop=False, name='unnamed MovieStim3', noAudio=False, opacity=1, ori=method-wrapper(...), pos=array([0., 0.]), size=None, units='pix', vframe_callback=UNKNOWN, volume=UNKNOWN, win=Window(...))
16.5498 	WARNING 	0.7435315999900922: Video catchup needed, advancing self._nextFrameT from 0.0 to 0.041666666666666664
16.5498 	WARNING 	0.743616999941878: Video catchup needed, advancing self._nextFrameT from 0.041666666666666664 to 0.08333333333333333
16.5498 	WARNING 	0.7436333999503404: Video catchup needed, advancing self._nextFrameT from 0.08333333333333333 to 0.125
16.5499 	WARNING 	0.743646000046283: Video catchup needed, advancing self._nextFrameT from 0.125 to 0.16666666666666666
16.5499 	WARNING 	0.7436567000113428: Video catchup needed, advancing self._nextFrameT from 0.16666666666666666 to 0.20833333333333331
16.5499 	WARNING 	0.7436682999832556: Video catchup needed, advancing self._nextFrameT from 0.20833333333333331 to 0.24999999999999997
16.5499 	WARNING 	0.7436781999422237: Video catchup needed, advancing self._nextFrameT from 0.24999999999999997 to 0.29166666666666663
16.5499 	WARNING 	0.7436869000084698: Video catchup needed, advancing self._nextFrameT from 0.29166666666666663 to 0.3333333333333333
16.5499 	WARNING 	0.7436954999575391: Video catchup needed, advancing self._nextFrameT from 0.3333333333333333 to 0.375
16.5499 	WARNING 	0.7437040000222623: Video catchup needed, advancing self._nextFrameT from 0.375 to 0.4166666666666667
16.5499 	WARNING 	Max reportNDroppedFrames reached, will not log any more dropped frames
16.5758 	EXP 	Created unnamed MovieStim3 = MovieStim3(__class__=<class 'psychopy.visual.movie3.MovieStim3'>, anchor=('center', 'center'), autoLog=True, color=UNKNOWN, colorSpace=UNKNOWN, depth=0.0, filename='imgs/titanic_spanish.mp4', flipHoriz=False, flipVert=False, fps=UNKNOWN, interpolate=True, loop=False, name='unnamed MovieStim3', noAudio=False, opacity=1, ori=method-wrapper(...), pos=array([0., 0.]), size=None, units='pix', vframe_callback=UNKNOWN, volume=UNKNOWN, win=Window(...))
17.7719 	WARNING 	1.1961003999458626: Video catchup needed, advancing self._nextFrameT from 0.0 to 0.04
17.7719 	WARNING 	1.1961295999353752: Video catchup needed, advancing self._nextFrameT from 0.04 to 0.08
17.7719 	WARNING 	1.196138700004667: Video catchup needed, advancing self._nextFrameT from 0.08 to 0.12
17.7720 	WARNING 	1.1961465999484062: Video catchup needed, advancing self._nextFrameT from 0.12 to 0.16
17.7720 	WARNING 	1.19615619990509: Video catchup needed, advancing self._nextFrameT from 0.16 to 0.2
17.7720 	WARNING 	1.1961634999606758: Video catchup needed, advancing self._nextFrameT from 0.2 to 0.24000000000000002
17.7720 	WARNING 	1.1961712999036536: Video catchup needed, advancing self._nextFrameT from 0.24000000000000002 to 0.28
17.7720 	WARNING 	1.1961788999615237: Video catchup needed, advancing self._nextFrameT from 0.28 to 0.32
17.7720 	WARNING 	1.1961861999006942: Video catchup needed, advancing self._nextFrameT from 0.32 to 0.36
17.7720 	WARNING 	1.1961933999555185: Video catchup needed, advancing self._nextFrameT from 0.36 to 0.39999999999999997
17.7720 	WARNING 	Max reportNDroppedFrames reached, will not log any more dropped frames
17.7991 	EXP 	window1: mouseVisible = True
17.8078 	EXP 	Created image_8 = ImageStim(__class__=<class 'psychopy.visual.image.ImageStim'>, anchor=('center', 'center'), autoLog=True, color=array([1., 1., 1.]), colorSpace='rgb', contrast=1.0, depth=-3.0, draggable=False, flipHoriz=False, flipVert=False, image='default.png', interpolate=True, mask=None, maskParams=None, name='image_8', opacity=1.0, ori=0.0, pos=array([0., 0.]), size=array([0.35, 0.35]), texRes=128.0, units='height', win=Window(...))
17.8080 	EXP 	Created unnamed MovieStim3 = MovieStim3(__class__=<class 'psychopy.visual.movie3.MovieStim3'>, anchor=('center', 'center'), autoLog=True, color=UNKNOWN, colorSpace=UNKNOWN, depth=0.0, filename='imgs/titanic_spanish.mp4', flipHoriz=False, flipVert=False, fps=UNKNOWN, interpolate=True, loop=False, name='unnamed MovieStim3', noAudio=False, opacity=1, ori=method-wrapper(...), pos=array([0., 0.]), size=None, units='pix', vframe_callback=UNKNOWN, volume=UNKNOWN, win=Window(...))
18.9631 	WARNING 	1.155039699980989: Video catchup needed, advancing self._nextFrameT from 0.0 to 0.04
18.9631 	WARNING 	1.155087499995716: Video catchup needed, advancing self._nextFrameT from 0.04 to 0.08
18.9631 	WARNING 	1.155101399985142: Video catchup needed, advancing self._nextFrameT from 0.08 to 0.12
18.9631 	WARNING 	1.1551135999616235: Video catchup needed, advancing self._nextFrameT from 0.12 to 0.16
18.9632 	WARNING 	1.1551252999342978: Video catchup needed, advancing self._nextFrameT from 0.16 to 0.2
18.9632 	WARNING 	1.1551370999077335: Video catchup needed, advancing self._nextFrameT from 0.2 to 0.24000000000000002
18.9632 	WARNING 	1.1551493000006303: Video catchup needed, advancing self._nextFrameT from 0.24000000000000002 to 0.28
18.9632 	WARNING 	1.1551614999771118: Video catchup needed, advancing self._nextFrameT from 0.28 to 0.32
18.9632 	WARNING 	1.1551730999490246: Video catchup needed, advancing self._nextFrameT from 0.32 to 0.36
18.9632 	WARNING 	1.1551848999224603: Video catchup needed, advancing self._nextFrameT from 0.36 to 0.39999999999999997
18.9632 	WARNING 	Max reportNDroppedFrames reached, will not log any more dropped frames
18.9944 	EXP 	Created unnamed MovieStim3 = MovieStim3(__class__=<class 'psychopy.visual.movie3.MovieStim3'>, anchor=('center', 'center'), autoLog=True, color=UNKNOWN, colorSpace=UNKNOWN, depth=0.0, filename='imgs/titanic.mp4', flipHoriz=False, flipVert=False, fps=UNKNOWN, interpolate=True, loop=False, name='unnamed MovieStim3', noAudio=False, opacity=1, ori=method-wrapper(...), pos=array([  0., 100.]), size=None, units='pix', vframe_callback=UNKNOWN, volume=UNKNOWN, win=Window(...))
20.0629 	WARNING 	1.0684359000297263: Video catchup needed, advancing self._nextFrameT from 0.0 to 0.03336666666666667
20.0630 	WARNING 	1.0685149000491947: Video catchup needed, advancing self._nextFrameT from 0.03336666666666667 to 0.06673333333333334
20.0630 	WARNING 	1.0685288000386208: Video catchup needed, advancing self._nextFrameT from 0.06673333333333334 to 0.10010000000000001
20.0630 	WARNING 	1.0685402000090107: Video catchup needed, advancing self._nextFrameT from 0.10010000000000001 to 0.13346666666666668
20.0630 	WARNING 	1.0685495999641716: Video catchup needed, advancing self._nextFrameT from 0.13346666666666668 to 0.16683333333333333
20.0630 	WARNING 	1.0685598000418395: Video catchup needed, advancing self._nextFrameT from 0.16683333333333333 to 0.2002
20.0630 	WARNING 	1.0685682999901474: Video catchup needed, advancing self._nextFrameT from 0.2002 to 0.23356666666666664
20.0630 	WARNING 	1.0685770000563934: Video catchup needed, advancing self._nextFrameT from 0.23356666666666664 to 0.2669333333333333
20.0631 	WARNING 	1.0685858000069857: Video catchup needed, advancing self._nextFrameT from 0.2669333333333333 to 0.30029999999999996
20.0631 	WARNING 	1.0685946000739932: Video catchup needed, advancing self._nextFrameT from 0.30029999999999996 to 0.3336666666666666
20.0631 	WARNING 	Max reportNDroppedFrames reached, will not log any more dropped frames
20.0918 	EXP 	window1: mouseVisible = True
20.1007 	EXP 	Created image_9 = ImageStim(__class__=<class 'psychopy.visual.image.ImageStim'>, anchor=('center', 'center'), autoLog=True, color=array([1., 1., 1.]), colorSpace='rgb', contrast=1.0, depth=-4.0, draggable=False, flipHoriz=False, flipVert=False, image='default.png', interpolate=True, mask=None, maskParams=None, name='image_9', opacity=1.0, ori=0.0, pos=array([0., 0.]), size=array([0.35, 0.35]), texRes=128.0, units='height', win=Window(...))
20.1008 	EXP 	window1: mouseVisible = True
20.1015 	EXP 	Created text_9 = TextStim(__class__=<class 'psychopy.visual.text.TextStim'>, alignHoriz=method-wrapper(...), alignText='center', alignVert=method-wrapper(...), anchorHoriz='center', anchorVert='center', antialias=True, autoDraw=False, autoLog=True, bold=False, color=array([1., 1., 1.]), colorSpace='rgb', contrast=1.0, depth=0.0, draggable=False, flipHoriz=False, flipVert=False, font='Open Sans', fontFiles=[], height=0.05, italic=False, languageStyle='LTR', name='text_9', opacity=1.0, ori=0.0, pos=array([0., 0.]), rgb=UNKNOWN, text='', units='height', win=Window(...), wrapWidth=1)
20.1016 	EXP 	window1: mouseVisible = True
20.1092 	EXP 	Created image_10 = ImageStim(__class__=<class 'psychopy.visual.image.ImageStim'>, anchor=('center', 'center'), autoLog=True, color=array([1., 1., 1.]), colorSpace='rgb', contrast=1.0, depth=-1.0, draggable=False, flipHoriz=False, flipVert=False, image='default.png', interpolate=True, mask=None, maskParams=None, name='image_10', opacity=1.0, ori=0.0, pos=array([0., 0.]), size=array([0.35, 0.35]), texRes=128.0, units='height', win=Window(...))
20.1094 	EXP 	Created unnamed MovieStim3 = MovieStim3(__class__=<class 'psychopy.visual.movie3.MovieStim3'>, anchor=('center', 'center'), autoLog=True, color=UNKNOWN, colorSpace=UNKNOWN, depth=0.0, filename='imgs/marluis.mp4', flipHoriz=False, flipVert=False, fps=UNKNOWN, interpolate=True, loop=True, name='unnamed MovieStim3', noAudio=False, opacity=1, ori=method-wrapper(...), pos=array([0., 0.]), size=None, units='pix', vframe_callback=UNKNOWN, volume=UNKNOWN, win=Window(...))
20.6047 	WARNING 	0.49519869999494404: Video catchup needed, advancing self._nextFrameT from 0.0 to 0.03333333333333333
20.6047 	WARNING 	0.49522839998826385: Video catchup needed, advancing self._nextFrameT from 0.03333333333333333 to 0.06666666666666667
20.6047 	WARNING 	0.4952386999502778: Video catchup needed, advancing self._nextFrameT from 0.06666666666666667 to 0.1
20.6047 	WARNING 	0.495247200015001: Video catchup needed, advancing self._nextFrameT from 0.1 to 0.13333333333333333
20.6047 	WARNING 	0.49525569996330887: Video catchup needed, advancing self._nextFrameT from 0.13333333333333333 to 0.16666666666666666
20.6047 	WARNING 	0.49526379990857095: Video catchup needed, advancing self._nextFrameT from 0.16666666666666666 to 0.19999999999999998
20.6047 	WARNING 	0.4952717999694869: Video catchup needed, advancing self._nextFrameT from 0.19999999999999998 to 0.2333333333333333
20.6047 	WARNING 	0.4952819999307394: Video catchup needed, advancing self._nextFrameT from 0.2333333333333333 to 0.26666666666666666
20.6047 	WARNING 	0.49528999999165535: Video catchup needed, advancing self._nextFrameT from 0.26666666666666666 to 0.3
20.6048 	WARNING 	0.4952978999353945: Video catchup needed, advancing self._nextFrameT from 0.3 to 0.3333333333333333
20.6048 	WARNING 	Max reportNDroppedFrames reached, will not log any more dropped frames
20.6666 	EXP 	window1: mouseVisible = True
20.6753 	EXP 	Created image_11 = ImageStim(__class__=<class 'psychopy.visual.image.ImageStim'>, anchor=('center', 'center'), autoLog=True, color=array([1., 1., 1.]), colorSpace='rgb', contrast=1.0, depth=-1.0, draggable=False, flipHoriz=False, flipVert=False, image='default.png', interpolate=True, mask=None, maskParams=None, name='image_11', opacity=1.0, ori=0.0, pos=array([0., 0.]), size=array([0.35, 0.35]), texRes=128.0, units='height', win=Window(...))
20.6756 	EXP 	Created unnamed MovieStim3 = MovieStim3(__class__=<class 'psychopy.visual.movie3.MovieStim3'>, anchor=('center', 'center'), autoLog=True, color=UNKNOWN, colorSpace=UNKNOWN, depth=0.0, filename='imgs/song_titanic.mp4', flipHoriz=False, flipVert=False, fps=UNKNOWN, interpolate=True, loop=False, name='unnamed MovieStim3', noAudio=False, opacity=1, ori=method-wrapper(...), pos=array([0., 0.]), size=None, units='pix', vframe_callback=UNKNOWN, volume=UNKNOWN, win=Window(...))
21.4205 	WARNING 	0.744873599964194: Video catchup needed, advancing self._nextFrameT from 0.0 to 0.041666666666666664
21.4205 	WARNING 	0.7449042999651283: Video catchup needed, advancing self._nextFrameT from 0.041666666666666664 to 0.08333333333333333
21.4205 	WARNING 	0.7449136999202892: Video catchup needed, advancing self._nextFrameT from 0.08333333333333333 to 0.125
21.4205 	WARNING 	0.744922099984251: Video catchup needed, advancing self._nextFrameT from 0.125 to 0.16666666666666666
21.4205 	WARNING 	0.744930199929513: Video catchup needed, advancing self._nextFrameT from 0.16666666666666666 to 0.20833333333333331
21.4205 	WARNING 	0.7449379999889061: Video catchup needed, advancing self._nextFrameT from 0.20833333333333331 to 0.24999999999999997
21.4205 	WARNING 	0.7449454999295995: Video catchup needed, advancing self._nextFrameT from 0.24999999999999997 to 0.29166666666666663
21.4205 	WARNING 	0.7449530999874696: Video catchup needed, advancing self._nextFrameT from 0.29166666666666663 to 0.3333333333333333
21.4205 	WARNING 	0.744961499935016: Video catchup needed, advancing self._nextFrameT from 0.3333333333333333 to 0.375
21.4206 	WARNING 	0.7449697999982163: Video catchup needed, advancing self._nextFrameT from 0.375 to 0.4166666666666667
21.4206 	WARNING 	Max reportNDroppedFrames reached, will not log any more dropped frames
21.4327 	EXP 	Created unnamed MovieStim3 = MovieStim3(__class__=<class 'psychopy.visual.movie3.MovieStim3'>, anchor=('center', 'center'), autoLog=True, color=UNKNOWN, colorSpace=UNKNOWN, depth=0.0, filename='imgs/titanic_spanish.mp4', flipHoriz=False, flipVert=False, fps=UNKNOWN, interpolate=True, loop=False, name='unnamed MovieStim3', noAudio=False, opacity=1, ori=method-wrapper(...), pos=array([0., 0.]), size=None, units='pix', vframe_callback=UNKNOWN, volume=UNKNOWN, win=Window(...))
22.6567 	WARNING 	1.2239104000618681: Video catchup needed, advancing self._nextFrameT from 0.0 to 0.04
22.6567 	WARNING 	1.2239870000630617: Video catchup needed, advancing self._nextFrameT from 0.04 to 0.08
22.6568 	WARNING 	1.2239988000364974: Video catchup needed, advancing self._nextFrameT from 0.08 to 0.12
22.6568 	WARNING 	1.2240082999924198: Video catchup needed, advancing self._nextFrameT from 0.12 to 0.16
22.6568 	WARNING 	1.2240189000731334: Video catchup needed, advancing self._nextFrameT from 0.16 to 0.2
22.6568 	WARNING 	1.2240279000252485: Video catchup needed, advancing self._nextFrameT from 0.2 to 0.24000000000000002
22.6568 	WARNING 	1.2240372000960633: Video catchup needed, advancing self._nextFrameT from 0.24000000000000002 to 0.28
22.6568 	WARNING 	1.2240467000519857: Video catchup needed, advancing self._nextFrameT from 0.28 to 0.32
22.6568 	WARNING 	1.224056200007908: Video catchup needed, advancing self._nextFrameT from 0.32 to 0.36
22.6568 	WARNING 	1.2240761000430211: Video catchup needed, advancing self._nextFrameT from 0.36 to 0.39999999999999997
22.6568 	WARNING 	Max reportNDroppedFrames reached, will not log any more dropped frames
22.6932 	EXP 	window1: mouseVisible = True
22.7016 	EXP 	Created image_12 = ImageStim(__class__=<class 'psychopy.visual.image.ImageStim'>, anchor=('center', 'center'), autoLog=True, color=array([1., 1., 1.]), colorSpace='rgb', contrast=1.0, depth=-3.0, draggable=False, flipHoriz=False, flipVert=False, image='default.png', interpolate=True, mask=None, maskParams=None, name='image_12', opacity=1.0, ori=0.0, pos=array([0., 0.]), size=array([0.35, 0.35]), texRes=128.0, units='height', win=Window(...))
22.7018 	EXP 	Created unnamed MovieStim3 = MovieStim3(__class__=<class 'psychopy.visual.movie3.MovieStim3'>, anchor=('center', 'center'), autoLog=True, color=UNKNOWN, colorSpace=UNKNOWN, depth=0.0, filename='imgs/titanic_spanish.mp4', flipHoriz=False, flipVert=False, fps=UNKNOWN, interpolate=True, loop=False, name='unnamed MovieStim3', noAudio=False, opacity=1, ori=method-wrapper(...), pos=array([0., 0.]), size=None, units='pix', vframe_callback=UNKNOWN, volume=UNKNOWN, win=Window(...))
23.8888 	WARNING 	1.1869318999815732: Video catchup needed, advancing self._nextFrameT from 0.0 to 0.04
23.8888 	WARNING 	1.1869764999719337: Video catchup needed, advancing self._nextFrameT from 0.04 to 0.08
23.8888 	WARNING 	1.1869857999263331: Video catchup needed, advancing self._nextFrameT from 0.08 to 0.12
23.8888 	WARNING 	1.1869938999880105: Video catchup needed, advancing self._nextFrameT from 0.12 to 0.16
23.8888 	WARNING 	1.1870019999332726: Video catchup needed, advancing self._nextFrameT from 0.16 to 0.2
23.8889 	WARNING 	1.1870097999926656: Video catchup needed, advancing self._nextFrameT from 0.2 to 0.24000000000000002
23.8889 	WARNING 	1.1870175999356434: Video catchup needed, advancing self._nextFrameT from 0.24000000000000002 to 0.28
23.8889 	WARNING 	1.1870253999950364: Video catchup needed, advancing self._nextFrameT from 0.28 to 0.32
23.8889 	WARNING 	1.187032699934207: Video catchup needed, advancing self._nextFrameT from 0.32 to 0.36
23.8889 	WARNING 	1.1870399999897927: Video catchup needed, advancing self._nextFrameT from 0.36 to 0.39999999999999997
23.8889 	WARNING 	Max reportNDroppedFrames reached, will not log any more dropped frames
23.9168 	EXP 	Created unnamed MovieStim3 = MovieStim3(__class__=<class 'psychopy.visual.movie3.MovieStim3'>, anchor=('center', 'center'), autoLog=True, color=UNKNOWN, colorSpace=UNKNOWN, depth=0.0, filename='imgs/titanic.mp4', flipHoriz=False, flipVert=False, fps=UNKNOWN, interpolate=True, loop=False, name='unnamed MovieStim3', noAudio=False, opacity=1, ori=method-wrapper(...), pos=array([  0., 100.]), size=None, units='pix', vframe_callback=UNKNOWN, volume=UNKNOWN, win=Window(...))
25.0474 	WARNING 	1.1304977999534458: Video catchup needed, advancing self._nextFrameT from 0.0 to 0.03336666666666667
25.0474 	WARNING 	1.130587900057435: Video catchup needed, advancing self._nextFrameT from 0.03336666666666667 to 0.06673333333333334
25.0474 	WARNING 	1.1305995000293478: Video catchup needed, advancing self._nextFrameT from 0.06673333333333334 to 0.10010000000000001
25.0475 	WARNING 	1.130609599989839: Video catchup needed, advancing self._nextFrameT from 0.10010000000000001 to 0.13346666666666668
25.0475 	WARNING 	1.130619200062938: Video catchup needed, advancing self._nextFrameT from 0.13346666666666668 to 0.16683333333333333
25.0475 	WARNING 	1.1306280000135303: Video catchup needed, advancing self._nextFrameT from 0.16683333333333333 to 0.2002
25.0475 	WARNING 	1.130636899964884: Video catchup needed, advancing self._nextFrameT from 0.2002 to 0.23356666666666664
25.0475 	WARNING 	1.1306453000288457: Video catchup needed, advancing self._nextFrameT from 0.23356666666666664 to 0.2669333333333333
25.0475 	WARNING 	1.1306540999794379: Video catchup needed, advancing self._nextFrameT from 0.2669333333333333 to 0.30029999999999996
25.0475 	WARNING 	1.1306632000487298: Video catchup needed, advancing self._nextFrameT from 0.30029999999999996 to 0.3336666666666666
25.0475 	WARNING 	Max reportNDroppedFrames reached, will not log any more dropped frames
25.0787 	EXP 	window1: mouseVisible = True
25.0892 	EXP 	Created image_13 = ImageStim(__class__=<class 'psychopy.visual.image.ImageStim'>, anchor=('center', 'center'), autoLog=True, color=array([1., 1., 1.]), colorSpace='rgb', contrast=1.0, depth=-4.0, draggable=False, flipHoriz=False, flipVert=False, image='default.png', interpolate=True, mask=None, maskParams=None, name='image_13', opacity=1.0, ori=0.0, pos=array([0., 0.]), size=array([0.35, 0.35]), texRes=128.0, units='height', win=Window(...))
25.0893 	EXP 	window1: mouseVisible = True
25.0900 	EXP 	Created text_10 = TextStim(__class__=<class 'psychopy.visual.text.TextStim'>, alignHoriz=method-wrapper(...), alignText='center', alignVert=method-wrapper(...), anchorHoriz='center', anchorVert='center', antialias=True, autoDraw=False, autoLog=True, bold=False, color=array([1., 1., 1.]), colorSpace='rgb', contrast=1.0, depth=0.0, draggable=False, flipHoriz=False, flipVert=False, font='Open Sans', fontFiles=[], height=0.05, italic=False, languageStyle='LTR', name='text_10', opacity=1.0, ori=0.0, pos=array([0., 0.]), rgb=UNKNOWN, text='', units='height', win=Window(...), wrapWidth=1)
25.0901 	EXP 	window1: mouseVisible = True
25.0983 	EXP 	Created image_14 = ImageStim(__class__=<class 'psychopy.visual.image.ImageStim'>, anchor=('center', 'center'), autoLog=True, color=array([1., 1., 1.]), colorSpace='rgb', contrast=1.0, depth=-1.0, draggable=False, flipHoriz=False, flipVert=False, image='default.png', interpolate=True, mask=None, maskParams=None, name='image_14', opacity=1.0, ori=0.0, pos=array([0., 0.]), size=array([0.35, 0.35]), texRes=128.0, units='height', win=Window(...))
25.0985 	EXP 	Created unnamed MovieStim3 = MovieStim3(__class__=<class 'psychopy.visual.movie3.MovieStim3'>, anchor=('center', 'center'), autoLog=True, color=UNKNOWN, colorSpace=UNKNOWN, depth=0.0, filename='imgs/marluis.mp4', flipHoriz=False, flipVert=False, fps=UNKNOWN, interpolate=True, loop=True, name='unnamed MovieStim3', noAudio=False, opacity=1, ori=method-wrapper(...), pos=array([0., 0.]), size=None, units='pix', vframe_callback=UNKNOWN, volume=UNKNOWN, win=Window(...))
25.5733 	WARNING 	0.4747604998992756: Video catchup needed, advancing self._nextFrameT from 0.0 to 0.03333333333333333
25.5733 	WARNING 	0.4748151999665424: Video catchup needed, advancing self._nextFrameT from 0.03333333333333333 to 0.06666666666666667
25.5734 	WARNING 	0.4748317999765277: Video catchup needed, advancing self._nextFrameT from 0.06666666666666667 to 0.1
25.5734 	WARNING 	0.4748447999591008: Video catchup needed, advancing self._nextFrameT from 0.1 to 0.13333333333333333
25.5734 	WARNING 	0.4748571999371052: Video catchup needed, advancing self._nextFrameT from 0.13333333333333333 to 0.16666666666666666
25.5734 	WARNING 	0.4748708999250084: Video catchup needed, advancing self._nextFrameT from 0.16666666666666666 to 0.19999999999999998
25.5734 	WARNING 	0.4748836999060586: Video catchup needed, advancing self._nextFrameT from 0.19999999999999998 to 0.2333333333333333
25.5734 	WARNING 	0.474896700005047: Video catchup needed, advancing self._nextFrameT from 0.2333333333333333 to 0.26666666666666666
25.5734 	WARNING 	0.47490999998990446: Video catchup needed, advancing self._nextFrameT from 0.26666666666666666 to 0.3
25.5735 	WARNING 	0.47492199996486306: Video catchup needed, advancing self._nextFrameT from 0.3 to 0.3333333333333333
25.5735 	WARNING 	Max reportNDroppedFrames reached, will not log any more dropped frames
25.6357 	EXP 	window1: mouseVisible = True
25.6469 	EXP 	Created image_15 = ImageStim(__class__=<class 'psychopy.visual.image.ImageStim'>, anchor=('center', 'center'), autoLog=True, color=array([1., 1., 1.]), colorSpace='rgb', contrast=1.0, depth=-1.0, draggable=False, flipHoriz=False, flipVert=False, image='default.png', interpolate=True, mask=None, maskParams=None, name='image_15', opacity=1.0, ori=0.0, pos=array([0., 0.]), size=array([0.35, 0.35]), texRes=128.0, units='height', win=Window(...))
25.6472 	EXP 	Created unnamed MovieStim3 = MovieStim3(__class__=<class 'psychopy.visual.movie3.MovieStim3'>, anchor=('center', 'center'), autoLog=True, color=UNKNOWN, colorSpace=UNKNOWN, depth=0.0, filename='imgs/song_titanic.mp4', flipHoriz=False, flipVert=False, fps=UNKNOWN, interpolate=True, loop=False, name='unnamed MovieStim3', noAudio=False, opacity=1, ori=method-wrapper(...), pos=array([0., 0.]), size=None, units='pix', vframe_callback=UNKNOWN, volume=UNKNOWN, win=Window(...))
26.3811 	WARNING 	0.7339223000453785: Video catchup needed, advancing self._nextFrameT from 0.0 to 0.041666666666666664
26.3812 	WARNING 	0.7340055999811739: Video catchup needed, advancing self._nextFrameT from 0.041666666666666664 to 0.08333333333333333
26.3812 	WARNING 	0.7340198999736458: Video catchup needed, advancing self._nextFrameT from 0.08333333333333333 to 0.125
26.3812 	WARNING 	0.7340309000574052: Video catchup needed, advancing self._nextFrameT from 0.125 to 0.16666666666666666
26.3812 	WARNING 	0.7340409000171348: Video catchup needed, advancing self._nextFrameT from 0.16666666666666666 to 0.20833333333333331
26.3812 	WARNING 	0.7340500999707729: Video catchup needed, advancing self._nextFrameT from 0.20833333333333331 to 0.24999999999999997
26.3812 	WARNING 	0.7340594000415877: Video catchup needed, advancing self._nextFrameT from 0.24999999999999997 to 0.29166666666666663
26.3812 	WARNING 	0.7340682999929413: Video catchup needed, advancing self._nextFrameT from 0.29166666666666663 to 0.3333333333333333
26.3812 	WARNING 	0.734076900058426: Video catchup needed, advancing self._nextFrameT from 0.3333333333333333 to 0.375
26.3813 	WARNING 	0.7340862000128254: Video catchup needed, advancing self._nextFrameT from 0.375 to 0.4166666666666667
26.3813 	WARNING 	Max reportNDroppedFrames reached, will not log any more dropped frames
26.4018 	EXP 	Created unnamed MovieStim3 = MovieStim3(__class__=<class 'psychopy.visual.movie3.MovieStim3'>, anchor=('center', 'center'), autoLog=True, color=UNKNOWN, colorSpace=UNKNOWN, depth=0.0, filename='imgs/titanic_spanish.mp4', flipHoriz=False, flipVert=False, fps=UNKNOWN, interpolate=True, loop=False, name='unnamed MovieStim3', noAudio=False, opacity=1, ori=method-wrapper(...), pos=array([0., 0.]), size=None, units='pix', vframe_callback=UNKNOWN, volume=UNKNOWN, win=Window(...))
27.6341 	WARNING 	1.2322504000039771: Video catchup needed, advancing self._nextFrameT from 0.0 to 0.04
27.6341 	WARNING 	1.2323070000857115: Video catchup needed, advancing self._nextFrameT from 0.04 to 0.08
27.6341 	WARNING 	1.2323226000880823: Video catchup needed, advancing self._nextFrameT from 0.08 to 0.12
27.6341 	WARNING 	1.2323357000714168: Video catchup needed, advancing self._nextFrameT from 0.12 to 0.16
27.6341 	WARNING 	1.2323482000501826: Video catchup needed, advancing self._nextFrameT from 0.16 to 0.2
27.6342 	WARNING 	1.2323601000243798: Video catchup needed, advancing self._nextFrameT from 0.2 to 0.24000000000000002
27.6342 	WARNING 	1.2323735000099987: Video catchup needed, advancing self._nextFrameT from 0.24000000000000002 to 0.28
27.6342 	WARNING 	1.232394800055772: Video catchup needed, advancing self._nextFrameT from 0.28 to 0.32
27.6342 	WARNING 	1.2324070000322536: Video catchup needed, advancing self._nextFrameT from 0.32 to 0.36
27.6342 	WARNING 	1.2324193000094965: Video catchup needed, advancing self._nextFrameT from 0.36 to 0.39999999999999997
27.6342 	WARNING 	Max reportNDroppedFrames reached, will not log any more dropped frames
27.6723 	EXP 	window1: mouseVisible = True
27.6820 	EXP 	Created image_16 = ImageStim(__class__=<class 'psychopy.visual.image.ImageStim'>, anchor=('center', 'center'), autoLog=True, color=array([1., 1., 1.]), colorSpace='rgb', contrast=1.0, depth=-3.0, draggable=False, flipHoriz=False, flipVert=False, image='default.png', interpolate=True, mask=None, maskParams=None, name='image_16', opacity=1.0, ori=0.0, pos=array([0., 0.]), size=array([0.35, 0.35]), texRes=128.0, units='height', win=Window(...))
27.6822 	EXP 	Created unnamed MovieStim3 = MovieStim3(__class__=<class 'psychopy.visual.movie3.MovieStim3'>, anchor=('center', 'center'), autoLog=True, color=UNKNOWN, colorSpace=UNKNOWN, depth=0.0, filename='imgs/titanic_spanish.mp4', flipHoriz=False, flipVert=False, fps=UNKNOWN, interpolate=True, loop=False, name='unnamed MovieStim3', noAudio=False, opacity=1, ori=method-wrapper(...), pos=array([0., 0.]), size=None, units='pix', vframe_callback=UNKNOWN, volume=UNKNOWN, win=Window(...))
28.9155 	WARNING 	1.233214100007899: Video catchup needed, advancing self._nextFrameT from 0.0 to 0.04
28.9155 	WARNING 	1.2332442000042647: Video catchup needed, advancing self._nextFrameT from 0.04 to 0.08
28.9155 	WARNING 	1.2332572999875993: Video catchup needed, advancing self._nextFrameT from 0.08 to 0.12
28.9155 	WARNING 	1.233265900053084: Video catchup needed, advancing self._nextFrameT from 0.12 to 0.16
28.9155 	WARNING 	1.233273799996823: Video catchup needed, advancing self._nextFrameT from 0.16 to 0.2
28.9155 	WARNING 	1.2332817000569776: Video catchup needed, advancing self._nextFrameT from 0.2 to 0.24000000000000002
28.9155 	WARNING 	1.2332894999999553: Video catchup needed, advancing self._nextFrameT from 0.24000000000000002 to 0.28
28.9156 	WARNING 	1.2332971000578254: Video catchup needed, advancing self._nextFrameT from 0.28 to 0.32
28.9156 	WARNING 	1.2333044999977574: Video catchup needed, advancing self._nextFrameT from 0.32 to 0.36
28.9156 	WARNING 	1.2333121000556275: Video catchup needed, advancing self._nextFrameT from 0.36 to 0.39999999999999997
28.9156 	WARNING 	Max reportNDroppedFrames reached, will not log any more dropped frames
28.9467 	EXP 	Created unnamed MovieStim3 = MovieStim3(__class__=<class 'psychopy.visual.movie3.MovieStim3'>, anchor=('center', 'center'), autoLog=True, color=UNKNOWN, colorSpace=UNKNOWN, depth=0.0, filename='imgs/titanic.mp4', flipHoriz=False, flipVert=False, fps=UNKNOWN, interpolate=True, loop=False, name='unnamed MovieStim3', noAudio=False, opacity=1, ori=method-wrapper(...), pos=array([  0., 100.]), size=None, units='pix', vframe_callback=UNKNOWN, volume=UNKNOWN, win=Window(...))
30.0100 	WARNING 	1.063255300046876: Video catchup needed, advancing self._nextFrameT from 0.0 to 0.03336666666666667
30.0100 	WARNING 	1.0632874000584707: Video catchup needed, advancing self._nextFrameT from 0.03336666666666667 to 0.06673333333333334
30.0100 	WARNING 	1.0632984000258148: Video catchup needed, advancing self._nextFrameT from 0.06673333333333334 to 0.10010000000000001
30.0100 	WARNING 	1.0633075999794528: Video catchup needed, advancing self._nextFrameT from 0.10010000000000001 to 0.13346666666666668
30.0100 	WARNING 	1.0633183000609279: Video catchup needed, advancing self._nextFrameT from 0.13346666666666668 to 0.16683333333333333
30.0100 	WARNING 	1.063327300013043: Video catchup needed, advancing self._nextFrameT from 0.16683333333333333 to 0.2002
30.0101 	WARNING 	1.0633358000777662: Video catchup needed, advancing self._nextFrameT from 0.2002 to 0.23356666666666664
30.0101 	WARNING 	1.0633442000253126: Video catchup needed, advancing self._nextFrameT from 0.23356666666666664 to 0.2669333333333333
30.0101 	WARNING 	1.0633526999736205: Video catchup needed, advancing self._nextFrameT from 0.2669333333333333 to 0.30029999999999996
30.0101 	WARNING 	1.0633613000391051: Video catchup needed, advancing self._nextFrameT from 0.30029999999999996 to 0.3336666666666666
30.0101 	WARNING 	Max reportNDroppedFrames reached, will not log any more dropped frames
30.0362 	EXP 	window1: mouseVisible = True
30.0458 	EXP 	Created image_17 = ImageStim(__class__=<class 'psychopy.visual.image.ImageStim'>, anchor=('center', 'center'), autoLog=True, color=array([1., 1., 1.]), colorSpace='rgb', contrast=1.0, depth=-4.0, draggable=False, flipHoriz=False, flipVert=False, image='default.png', interpolate=True, mask=None, maskParams=None, name='image_17', opacity=1.0, ori=0.0, pos=array([0., 0.]), size=array([0.35, 0.35]), texRes=128.0, units='height', win=Window(...))
30.0459 	EXP 	window1: mouseVisible = True
30.0591 	EXP 	Created text_4 = TextStim(__class__=<class 'psychopy.visual.text.TextStim'>, alignHoriz=method-wrapper(...), alignText='center', alignVert=method-wrapper(...), anchorHoriz='center', anchorVert='center', antialias=True, autoDraw=False, autoLog=True, bold=False, color=array([1., 1., 1.]), colorSpace='rgb', contrast=1.0, depth=0.0, draggable=False, flipHoriz=False, flipVert=False, font='Open Sans', fontFiles=[], height=0.05, italic=False, languageStyle='LTR', name='text_4', opacity=1.0, ori=0.0, pos=array([0., 0.]), rgb=UNKNOWN, text='¡Muchas gracias por participar!', units='height', win=Window(...), wrapWidth=1)
0.0052 	EXP 	unnamed MovieStim3: autoLog = True
0.0052 	EXP 	unnamed MovieStim3: movie = 'imgs/marluis.mp4'
0.0052 	EXP 	unnamed MovieStim3: ori = 0.0
0.0052 	EXP 	unnamed MovieStim3: autoLog = True
0.0052 	EXP 	unnamed MovieStim3: movie = 'imgs/song_titanic.mp4'
0.0052 	EXP 	unnamed MovieStim3: ori = 0.0
0.0052 	EXP 	unnamed MovieStim3: autoLog = True
0.0052 	EXP 	unnamed MovieStim3: movie = 'imgs/titanic_spanish.mp4'
0.0052 	EXP 	unnamed MovieStim3: ori = 0.0
0.0052 	EXP 	unnamed MovieStim3: autoLog = True
0.0052 	EXP 	unnamed MovieStim3: movie = 'imgs/titanic_spanish.mp4'
0.0052 	EXP 	unnamed MovieStim3: ori = 0.0
0.0052 	EXP 	unnamed MovieStim3: autoLog = True
0.0052 	EXP 	unnamed MovieStim3: movie = 'imgs/titanic.mp4'
0.0052 	EXP 	unnamed MovieStim3: ori = 0.0
0.0052 	EXP 	unnamed MovieStim3: autoLog = True
0.0052 	EXP 	unnamed MovieStim3: movie = 'imgs/marluis.mp4'
0.0052 	EXP 	unnamed MovieStim3: ori = 0.0
0.0052 	EXP 	unnamed MovieStim3: autoLog = True
0.0052 	EXP 	unnamed MovieStim3: movie = 'imgs/song_titanic.mp4'
0.0052 	EXP 	unnamed MovieStim3: ori = 0.0
0.0052 	EXP 	unnamed MovieStim3: autoLog = True
0.0052 	EXP 	unnamed MovieStim3: movie = 'imgs/titanic_spanish.mp4'
0.0052 	EXP 	unnamed MovieStim3: ori = 0.0
0.0052 	EXP 	unnamed MovieStim3: autoLog = True
0.0052 	EXP 	unnamed MovieStim3: movie = 'imgs/titanic_spanish.mp4'
0.0052 	EXP 	unnamed MovieStim3: ori = 0.0
0.0052 	EXP 	unnamed MovieStim3: autoLog = True
0.0052 	EXP 	unnamed MovieStim3: movie = 'imgs/titanic.mp4'
0.0052 	EXP 	unnamed MovieStim3: ori = 0.0
0.0052 	EXP 	unnamed MovieStim3: autoLog = True
0.0052 	EXP 	unnamed MovieStim3: movie = 'imgs/marluis.mp4'
0.0052 	EXP 	unnamed MovieStim3: ori = 0.0
0.0052 	EXP 	unnamed MovieStim3: autoLog = True
0.0052 	EXP 	unnamed MovieStim3: movie = 'imgs/song_titanic.mp4'
0.0052 	EXP 	unnamed MovieStim3: ori = 0.0
0.0052 	EXP 	unnamed MovieStim3: autoLog = True
0.0052 	EXP 	unnamed MovieStim3: movie = 'imgs/titanic_spanish.mp4'
0.0052 	EXP 	unnamed MovieStim3: ori = 0.0
0.0052 	EXP 	unnamed MovieStim3: autoLog = True
0.0052 	EXP 	unnamed MovieStim3: movie = 'imgs/titanic_spanish.mp4'
0.0052 	EXP 	unnamed MovieStim3: ori = 0.0
0.0052 	EXP 	unnamed MovieStim3: autoLog = True
0.0052 	EXP 	unnamed MovieStim3: movie = 'imgs/titanic.mp4'
0.0052 	EXP 	unnamed MovieStim3: ori = 0.0
0.0052 	EXP 	unnamed MovieStim3: autoLog = True
0.0052 	EXP 	unnamed MovieStim3: movie = 'imgs/marluis.mp4'
0.0052 	EXP 	unnamed MovieStim3: ori = 0.0
0.0052 	EXP 	unnamed MovieStim3: autoLog = True
0.0052 	EXP 	unnamed MovieStim3: movie = 'imgs/song_titanic.mp4'
0.0052 	EXP 	unnamed MovieStim3: ori = 0.0
0.0052 	EXP 	unnamed MovieStim3: autoLog = True
0.0052 	EXP 	unnamed MovieStim3: movie = 'imgs/titanic_spanish.mp4'
0.0052 	EXP 	unnamed MovieStim3: ori = 0.0
0.0052 	EXP 	unnamed MovieStim3: autoLog = True
0.0052 	EXP 	unnamed MovieStim3: movie = 'imgs/titanic_spanish.mp4'
0.0052 	EXP 	unnamed MovieStim3: ori = 0.0
0.0052 	EXP 	unnamed MovieStim3: autoLog = True
0.0052 	EXP 	unnamed MovieStim3: movie = 'imgs/titanic.mp4'
0.0052 	EXP 	unnamed MovieStim3: ori = 0.0
0.0197 	EXP 	image_5: autoDraw = True
0.0197 	EXP 	text_6: autoDraw = True
3.0233 	EXP 	image_5: autoDraw = False
3.0233 	EXP 	text_6: autoDraw = False
3.0233 	EXP 	text_5: autoDraw = True
5.6781 	DATA 	Keypress: space
7.5140 	DATA 	Mouse: Left button down, pos=(385,888)
7.6146 	DATA 	Mouse:  Left button up, pos=(385,888)
8.3477 	DATA 	Keypress: space
8.3787 	EXP 	text_5: autoDraw = False
8.3787 	EXP 	text_7: height = 0.05
8.3787 	EXP 	text_7: height = 0.05
8.3787 	EXP 	text_7: height = 0.05
8.3787 	EXP 	text_7: text = 'Ronda 1/4'
8.3787 	EXP 	text_7: autoDraw = True
10.4030 	EXP 	Imported imgs/iceberg_times.xlsx as conditions, 2 conditions, 3 params
10.4034 	EXP 	Created sequence: random, trialTypes=2, nReps=1, seed=None
10.4035 	EXP 	New trial (rep=0, index=0): {'timepresentation': 9, 'posx': -0.6, 'posy': 0.15}
10.4091 	EXP 	Sound  started
10.4093 	EXP 	New trial (rep=0, index=1): {'timepresentation': 11, 'posx': 0.7, 'posy': 0.1}
10.4209 	EXP 	Imported imgs/iceberg_times.xlsx as conditions, 2 conditions, 3 params
10.4212 	EXP 	Created sequence: random, trialTypes=2, nReps=1, seed=None
10.4213 	EXP 	New trial (rep=0, index=0): {'timepresentation': 9, 'posx': -0.6, 'posy': 0.15}
10.4258 	EXP 	Sound  started
10.4261 	EXP 	New trial (rep=0, index=1): {'timepresentation': 11, 'posx': 0.7, 'posy': 0.1}
10.4548 	EXP 	Sound  stopped
10.4622 	EXP 	Imported imgs/iceberg_times.xlsx as conditions, 2 conditions, 3 params
10.4625 	EXP 	Created sequence: random, trialTypes=2, nReps=1, seed=None
10.4626 	EXP 	New trial (rep=0, index=0): {'timepresentation': 9, 'posx': -0.6, 'posy': 0.15}
10.4627 	EXP 	Sound  started
10.4703 	EXP 	New trial (rep=0, index=1): {'timepresentation': 11, 'posx': 0.7, 'posy': 0.1}
10.4939 	EXP 	Sound  stopped
10.5007 	EXP 	Imported imgs/iceberg_times.xlsx as conditions, 2 conditions, 3 params
10.5010 	EXP 	Created sequence: random, trialTypes=2, nReps=1, seed=None
10.5011 	EXP 	New trial (rep=0, index=0): {'timepresentation': 12, 'posx': 0.8, 'posy': 0.1}
10.5011 	EXP 	Sound  started
10.5013 	EXP 	Sound  started
10.5152 	EXP 	text_7: autoDraw = False
10.5152 	EXP 	image: image = 'imgs/iceberg.png'
10.5152 	EXP 	Set unnamed MovieStim3 playing
10.5152 	EXP 	image: autoDraw = False
10.5152 	EXP 	image: image = 'imgs/iceberg.png'
10.5152 	EXP 	image: autoDraw = False
10.5152 	EXP 	image_2: image = 'imgs/iceberg.png'
10.5152 	EXP 	Set unnamed MovieStim3 playing
10.5152 	EXP 	image_2: autoDraw = False
10.5152 	EXP 	image_2: image = 'imgs/iceberg.png'
10.5152 	EXP 	image_2: autoDraw = False
10.5152 	EXP 	Set unnamed MovieStim3 stopped
10.5152 	EXP 	Set unnamed MovieStim3 playing
10.5152 	EXP 	image_3: image = 'imgs/iceberg.png'
10.5152 	EXP 	image_3: autoDraw = False
10.5152 	EXP 	image_3: image = 'imgs/iceberg.png'
10.5152 	EXP 	image_3: autoDraw = False
10.5152 	EXP 	Set unnamed MovieStim3 stopped
10.5152 	EXP 	Set unnamed MovieStim3 playing
10.5152 	EXP 	Set unnamed MovieStim3 playing
10.5152 	EXP 	image_4: image = 'imgs/iceberg.png'
22.5090 	EXP 	image_4: autoDraw = True
23.4665 	EXP 	New trial (rep=0, index=1): {'timepresentation': 9, 'posx': 0.9, 'posy': 0.1}
23.4728 	DATA 	Keypress: space
23.4813 	EXP 	image_4: autoDraw = False
23.4813 	EXP 	image_4: image = 'imgs/iceberg.png'
32.4691 	EXP 	image_4: autoDraw = True
33.1535 	EXP 	Sound  stopped
33.1741 	EXP 	Sound  stopped
33.1796 	DATA 	Keypress: space
33.1835 	EXP 	image_4: autoDraw = False
33.1835 	EXP 	Set unnamed MovieStim3 stopped
33.1835 	EXP 	Set unnamed MovieStim3 stopped
33.1835 	EXP 	text_8: height = 0.05
33.1835 	EXP 	text_8: height = 0.05
33.1835 	EXP 	text_8: height = 0.05
33.1835 	EXP 	text_8: text = 'Ronda 2/4'
33.1835 	EXP 	text_8: autoDraw = True
35.1794 	EXP 	Imported imgs/iceberg_times.xlsx as conditions, 2 conditions, 3 params
35.1797 	EXP 	Created sequence: random, trialTypes=2, nReps=1, seed=None
35.1799 	EXP 	New trial (rep=0, index=0): {'timepresentation': 11, 'posx': 0.6, 'posy': 0.1}
35.1850 	EXP 	New trial (rep=0, index=1): {'timepresentation': 11, 'posx': -0.6, 'posy': 0.15}
35.1959 	EXP 	Imported imgs/iceberg_times.xlsx as conditions, 2 conditions, 3 params
35.1962 	EXP 	Created sequence: random, trialTypes=2, nReps=1, seed=None
35.1963 	EXP 	New trial (rep=0, index=0): {'timepresentation': 11, 'posx': 0.6, 'posy': 0.1}
35.2004 	EXP 	Sound  started
35.2006 	WARNING 	25.19147249998059: Video catchup needed, advancing self._nextFrameT from 23.133333333333642 to 23.166666666666977
35.2006 	WARNING 	25.191490299999714: Video catchup needed, advancing self._nextFrameT from 23.166666666666977 to 23.200000000000312
35.2006 	WARNING 	25.19149960007053: Video catchup needed, advancing self._nextFrameT from 23.200000000000312 to 23.233333333333647
35.2006 	WARNING 	25.191507500014268: Video catchup needed, advancing self._nextFrameT from 23.233333333333647 to 23.266666666666982
35.2006 	WARNING 	25.19151530007366: Video catchup needed, advancing self._nextFrameT from 23.266666666666982 to 23.300000000000317
35.2006 	WARNING 	25.19152310001664: Video catchup needed, advancing self._nextFrameT from 23.300000000000317 to 23.333333333333652
35.2006 	WARNING 	25.19153080007527: Video catchup needed, advancing self._nextFrameT from 23.333333333333652 to 23.366666666666987
35.2006 	WARNING 	25.191538500017487: Video catchup needed, advancing self._nextFrameT from 23.366666666666987 to 23.400000000000322
35.2006 	WARNING 	25.191546100075357: Video catchup needed, advancing self._nextFrameT from 23.400000000000322 to 23.433333333333657
35.2007 	WARNING 	25.191553400014527: Video catchup needed, advancing self._nextFrameT from 23.433333333333657 to 23.466666666666992
35.2007 	WARNING 	Max reportNDroppedFrames reached, will not log any more dropped frames
35.4831 	EXP 	text_8: autoDraw = False
35.4831 	EXP 	text_8: autoDraw = False
35.4831 	EXP 	image_6: image = 'imgs/iceberg.png'
35.4831 	EXP 	image_6: autoDraw = False
35.4831 	EXP 	image_6: image = 'imgs/iceberg.png'
35.4831 	EXP 	image_6: autoDraw = False
35.4831 	EXP 	image_7: image = 'imgs/iceberg.png'
35.4831 	EXP 	Set unnamed MovieStim3 playing
35.4832 	WARNING 	0.9078105000080541: Video catchup needed, advancing self._nextFrameT from 0.6666666666666665 to 0.7083333333333331
35.4832 	WARNING 	0.9078312000492588: Video catchup needed, advancing self._nextFrameT from 0.7083333333333331 to 0.7499999999999998
35.4832 	WARNING 	0.9078414000105113: Video catchup needed, advancing self._nextFrameT from 0.7499999999999998 to 0.7916666666666664
35.4833 	WARNING 	0.9078511000843719: Video catchup needed, advancing self._nextFrameT from 0.7916666666666664 to 0.833333333333333
46.1995 	EXP 	image_7: autoDraw = True
46.8407 	EXP 	New trial (rep=0, index=1): {'timepresentation': 11, 'posx': -0.6, 'posy': 0.15}
46.8463 	DATA 	Keypress: space
46.8549 	EXP 	image_7: autoDraw = False
46.8549 	EXP 	image_7: image = 'imgs/iceberg.png'
57.8442 	EXP 	image_7: autoDraw = True
58.2544 	EXP 	Sound  stopped
58.2615 	EXP 	Imported imgs/iceberg_times.xlsx as conditions, 2 conditions, 3 params
58.2618 	EXP 	Created sequence: random, trialTypes=2, nReps=1, seed=None
58.2619 	EXP 	New trial (rep=0, index=0): {'timepresentation': 11, 'posx': -0.6, 'posy': 0.15}
58.2620 	EXP 	Sound  started
58.2668 	EXP 	New trial (rep=0, index=1): {'timepresentation': 11, 'posx': 0.6, 'posy': 0.1}
58.2951 	EXP 	Sound  stopped
58.3019 	EXP 	Imported imgs/iceberg_times.xlsx as conditions, 2 conditions, 3 params
58.3022 	EXP 	Created sequence: random, trialTypes=2, nReps=1, seed=None
58.3023 	EXP 	New trial (rep=0, index=0): {'timepresentation': 14, 'posx': -0.7, 'posy': 0.15}
58.3024 	EXP 	Sound  started
58.3026 	EXP 	Sound  started
58.3082 	EXP 	New trial (rep=0, index=1): {'timepresentation': 4, 'posx': -0.6, 'posy': 0.15}
58.3442 	EXP 	Sound  stopped
58.3747 	EXP 	Sound  stopped
58.3806 	DATA 	Keypress: space
58.3843 	EXP 	image_7: autoDraw = False
58.3843 	EXP 	Set unnamed MovieStim3 stopped
58.3843 	EXP 	Set unnamed MovieStim3 playing
58.3843 	EXP 	image_8: image = 'imgs/iceberg.png'
58.3843 	EXP 	image_8: autoDraw = False
58.3843 	EXP 	image_8: image = 'imgs/iceberg.png'
58.3843 	EXP 	image_8: autoDraw = False
58.3843 	EXP 	Set unnamed MovieStim3 stopped
58.3843 	EXP 	Set unnamed MovieStim3 playing
58.3843 	EXP 	Set unnamed MovieStim3 playing
58.3843 	EXP 	image_9: image = 'imgs/iceberg.png'
58.3843 	EXP 	image_9: autoDraw = False
58.3843 	EXP 	image_9: image = 'imgs/iceberg.png'
58.3843 	EXP 	image_9: autoDraw = False
58.3843 	EXP 	Set unnamed MovieStim3 stopped
58.3843 	EXP 	Set unnamed MovieStim3 stopped
58.3843 	EXP 	text_9: height = 0.05
58.3843 	EXP 	text_9: height = 0.05
58.3843 	EXP 	text_9: height = 0.05
58.3843 	EXP 	text_9: text = 'Ronda 3/4'
58.3843 	EXP 	text_9: autoDraw = True
60.3877 	EXP 	Imported imgs/iceberg_times.xlsx as conditions, 2 conditions, 3 params
60.3879 	EXP 	Created sequence: random, trialTypes=2, nReps=1, seed=None
60.3881 	EXP 	New trial (rep=0, index=0): {'timepresentation': 10, 'posx': 0.9, 'posy': 0.1}
60.6958 	EXP 	text_9: autoDraw = False
60.6958 	EXP 	image_10: image = 'imgs/iceberg.png'
70.3899 	EXP 	image_10: autoDraw = True
70.9085 	EXP 	New trial (rep=0, index=1): {'timepresentation': 11, 'posx': -0.6, 'posy': 0.15}
70.9139 	DATA 	Keypress: space
70.9242 	EXP 	image_10: autoDraw = False
70.9242 	EXP 	image_10: image = 'imgs/iceberg.png'
80.9449 	EXP 	Sound  stopped
81.2555 	EXP 	Sound  started
81.3547 	EXP 	Set unnamed MovieStim3 finished
81.9187 	EXP 	image_10: autoDraw = True
82.3162 	EXP 	Imported imgs/iceberg_times.xlsx as conditions, 2 conditions, 3 params
82.3167 	EXP 	Created sequence: random, trialTypes=2, nReps=1, seed=None
82.3170 	EXP 	New trial (rep=0, index=0): {'timepresentation': 11, 'posx': -0.6, 'posy': 0.15}
82.3225 	EXP 	Sound  started
82.3228 	EXP 	New trial (rep=0, index=1): {'timepresentation': 10, 'posx': 0.9, 'posy': 0.1}
82.3543 	EXP 	Sound  stopped
82.3609 	EXP 	Imported imgs/iceberg_times.xlsx as conditions, 2 conditions, 3 params
82.3612 	EXP 	Created sequence: random, trialTypes=2, nReps=1, seed=None
82.3613 	EXP 	New trial (rep=0, index=0): {'timepresentation': 10, 'posx': 0.9, 'posy': 0.1}
82.3614 	EXP 	Sound  started
82.3665 	EXP 	New trial (rep=0, index=1): {'timepresentation': 11, 'posx': -0.6, 'posy': 0.15}
82.4033 	EXP 	Sound  stopped
82.4100 	EXP 	Imported imgs/iceberg_times.xlsx as conditions, 2 conditions, 3 params
82.4103 	EXP 	Created sequence: random, trialTypes=2, nReps=1, seed=None
82.4104 	EXP 	New trial (rep=0, index=0): {'timepresentation': 5, 'posx': 0.9, 'posy': 0.1}
82.4105 	EXP 	Sound  started
82.4107 	EXP 	Sound  started
82.4163 	EXP 	New trial (rep=0, index=1): {'timepresentation': 9, 'posx': 0.5, 'posy': 0.1}
82.4441 	EXP 	Sound  stopped
82.4647 	EXP 	Sound  stopped
82.4679 	DATA 	Keypress: space
82.4758 	EXP 	image_10: autoDraw = False
82.4758 	EXP 	image_11: image = 'imgs/iceberg.png'
82.4758 	EXP 	Set unnamed MovieStim3 playing
82.4758 	EXP 	image_11: autoDraw = False
82.4758 	EXP 	image_11: image = 'imgs/iceberg.png'
82.4758 	EXP 	image_11: autoDraw = False
82.4758 	EXP 	Set unnamed MovieStim3 stopped
82.4758 	EXP 	Set unnamed MovieStim3 playing
82.4758 	EXP 	image_12: image = 'imgs/iceberg.png'
82.4758 	EXP 	image_12: autoDraw = False
82.4758 	EXP 	image_12: image = 'imgs/iceberg.png'
82.4758 	EXP 	image_12: autoDraw = False
82.4758 	EXP 	Set unnamed MovieStim3 stopped
82.4758 	EXP 	Set unnamed MovieStim3 playing
82.4758 	EXP 	Set unnamed MovieStim3 playing
82.4758 	EXP 	image_13: image = 'imgs/iceberg.png'
82.4758 	EXP 	image_13: autoDraw = False
82.4758 	EXP 	image_13: image = 'imgs/iceberg.png'
82.4758 	EXP 	image_13: autoDraw = False
82.4758 	EXP 	Set unnamed MovieStim3 stopped
82.4758 	EXP 	Set unnamed MovieStim3 stopped
82.4758 	EXP 	text_10: height = 0.05
82.4758 	EXP 	text_10: height = 0.05
82.4758 	EXP 	text_10: height = 0.05
82.4758 	EXP 	text_10: text = 'Ronda 4/4'
82.4758 	EXP 	text_10: autoDraw = True
84.4786 	EXP 	Imported imgs/iceberg_times.xlsx as conditions, 2 conditions, 3 params
84.4789 	EXP 	Created sequence: random, trialTypes=2, nReps=1, seed=None
84.4790 	EXP 	New trial (rep=0, index=0): {'timepresentation': 7, 'posx': 0.6, 'posy': 0.1}
84.4843 	EXP 	New trial (rep=0, index=1): {'timepresentation': 5, 'posx': 0.8, 'posy': 0.1}
84.4957 	EXP 	Imported imgs/iceberg_times.xlsx as conditions, 2 conditions, 3 params
84.4960 	EXP 	Created sequence: random, trialTypes=2, nReps=1, seed=None
84.4961 	EXP 	New trial (rep=0, index=0): {'timepresentation': 7, 'posx': 0.6, 'posy': 0.1}
84.5000 	EXP 	Sound  started
84.5004 	EXP 	New trial (rep=0, index=1): {'timepresentation': 5, 'posx': 0.8, 'posy': 0.1}
84.5255 	EXP 	Sound  stopped
84.5323 	EXP 	Imported imgs/iceberg_times.xlsx as conditions, 2 conditions, 3 params
84.5325 	EXP 	Created sequence: random, trialTypes=2, nReps=1, seed=None
84.5327 	EXP 	New trial (rep=0, index=0): {'timepresentation': 7, 'posx': 0.6, 'posy': 0.1}
84.5328 	EXP 	Sound  started
84.8465 	EXP 	text_10: autoDraw = False
84.8465 	EXP 	image_14: image = 'imgs/iceberg.png'
84.8465 	EXP 	image_14: autoDraw = False
84.8465 	EXP 	image_14: image = 'imgs/iceberg.png'
84.8465 	EXP 	image_14: autoDraw = False
84.8465 	EXP 	image_15: image = 'imgs/iceberg.png'
84.8465 	EXP 	Set unnamed MovieStim3 playing
84.8465 	EXP 	image_15: autoDraw = False
84.8465 	EXP 	image_15: image = 'imgs/iceberg.png'
84.8465 	EXP 	image_15: autoDraw = False
84.8465 	EXP 	Set unnamed MovieStim3 stopped
84.8465 	EXP 	Set unnamed MovieStim3 playing
84.8465 	EXP 	image_16: image = 'imgs/iceberg.png'
84.8466 	WARNING 	1.4338285999838263: Video catchup needed, advancing self._nextFrameT from 1.1600000000000004 to 1.2000000000000004
84.8466 	WARNING 	1.433849100023508: Video catchup needed, advancing self._nextFrameT from 1.2000000000000004 to 1.2400000000000004
84.8466 	WARNING 	1.4338605999946594: Video catchup needed, advancing self._nextFrameT from 1.2400000000000004 to 1.2800000000000005
84.8466 	WARNING 	1.4338702999521047: Video catchup needed, advancing self._nextFrameT from 1.2800000000000005 to 1.3200000000000005
84.8467 	WARNING 	1.4338801000267267: Video catchup needed, advancing self._nextFrameT from 1.3200000000000005 to 1.3600000000000005
84.8974 	WARNING 	1.4846047000028193: Video catchup needed, advancing self._nextFrameT from 1.4000000000000006 to 1.4400000000000006
91.5275 	EXP 	image_16: autoDraw = True
91.9194 	EXP 	New trial (rep=0, index=1): {'timepresentation': 5, 'posx': 0.8, 'posy': 0.1}
91.9249 	DATA 	Keypress: space
91.9333 	EXP 	image_16: autoDraw = False
91.9333 	EXP 	image_16: image = 'imgs/iceberg.png'
96.9331 	EXP 	image_16: autoDraw = True
97.3629 	EXP 	Sound  stopped
97.3710 	EXP 	Imported imgs/iceberg_times.xlsx as conditions, 2 conditions, 3 params
97.3713 	EXP 	Created sequence: random, trialTypes=2, nReps=1, seed=None
97.3714 	EXP 	New trial (rep=0, index=0): {'timepresentation': 9, 'posx': 0.9, 'posy': 0.1}
97.3715 	EXP 	Sound  started
97.3717 	EXP 	Sound  started
97.3779 	EXP 	New trial (rep=0, index=1): {'timepresentation': 7, 'posx': -0.7, 'posy': 0.15}
97.4038 	EXP 	Sound  stopped
97.4242 	EXP 	Sound  stopped
97.4258 	DATA 	Keypress: space
97.4323 	EXP 	image_16: autoDraw = False
97.4323 	EXP 	Set unnamed MovieStim3 stopped
97.4323 	EXP 	Set unnamed MovieStim3 playing
97.4323 	EXP 	Set unnamed MovieStim3 playing
97.4323 	EXP 	image_17: image = 'imgs/iceberg.png'
97.4323 	EXP 	image_17: autoDraw = False
97.4323 	EXP 	image_17: image = 'imgs/iceberg.png'
97.4323 	EXP 	image_17: autoDraw = False
97.4323 	EXP 	Set unnamed MovieStim3 stopped
97.4323 	EXP 	Set unnamed MovieStim3 stopped
97.4323 	EXP 	text_4: autoDraw = True
99.4360 	EXP 	text_4: autoDraw = False
99.4360 	EXP 	text_4: autoDraw = False
99.4361 	EXP 	tarea_iceberg: status = STOPPED
99.4866 	EXP 	window1: mouseVisible = True
