5.1147 	WARNING 	User requested fullscreen with size [1024  768], but screen is actually [1920, 1080]. Using actual size
5.8139 	EXP 	Created window1 = Window(allowGUI=True, allowStencil=False, autoLog=True, backendConf=UNKNOWN, backgroundFit=<method-wrapper '__getattribute__' of attributeSetter object at 0x000001E7D1B65CD0>, backgroundImage=<method-wrapper '__getattribute__' of attributeSetter object at 0x000001E7D1B65970>, bitsMode=UNKNOWN, blendMode='avg', bpc=(8, 8, 8), color=array([0, 0, 0]), colorSpace='rgb', depthBits=8, fullscr=<method-wrapper '__getattribute__' of attributeSetter object at 0x000001E7D1B65AF0>, gamma=None, gammaErrorPolicy='raise', lms=UNKNOWN, monitor=<psychopy.monitors.calibTools.Monitor object at 0x000001E7D212AA00>, multiSample=False, name='window1', numSamples=2, pos=(0, 0), screen=0, size=array([1920, 1080]), stencilBits=0, stereo=False, title='PsychoPy', units='height', useFBO=True, useRetina=False, viewOri=0.0, viewPos=None, viewScale=None, waitBlanking=True, winType='pyglet')
5.8140 	EXP 	window1: mouseVisible = True
5.8140 	EXP 	window1: backgroundImage = ''
5.8141 	EXP 	window1: backgroundFit = 'none'
5.8165 	EXP 	window1: Attempting to measure frame rate of screen (0) ...
5.8166 	EXP 	window1: recordFrameIntervals = False
5.9798 	EXP 	window1: recordFrameIntervals = True
6.1638 	EXP 	Screen (0) actual frame rate measured at 60.06Hz
6.1639 	EXP 	window1: recordFrameIntervals = False
6.1644 	EXP 	window1: mouseVisible = False
8.0262 	EXP 	tarea_iceberg: status = STARTED
8.0285 	EXP 	window1: mouseVisible = True
8.1742 	EXP 	window1: mouseVisible = True
8.1908 	EXP 	Created image = ImageStim(__class__=<class 'psychopy.visual.image.ImageStim'>, anchor=('center', 'center'), autoLog=True, color=array([1., 1., 1.]), colorSpace='rgb', contrast=1.0, depth=-1.0, draggable=False, flipHoriz=False, flipVert=False, image='default.png', interpolate=True, mask=None, maskParams=None, name='image', opacity=1.0, ori=0.0, pos=array([0., 0.]), size=array([0.35, 0.35]), texRes=128.0, units='height', win=Window(...))
8.3240 	EXP 	Created unnamed MovieStim3 = MovieStim3(__class__=<class 'psychopy.visual.movie3.MovieStim3'>, anchor=('center', 'center'), autoLog=True, color=UNKNOWN, colorSpace=UNKNOWN, depth=0.0, filename='imgs/video_celine.mp4', flipHoriz=False, flipVert=False, fps=UNKNOWN, interpolate=True, loop=False, name='unnamed MovieStim3', noAudio=False, opacity=1, ori=method-wrapper(...), pos=array([0., 0.]), size=None, units='pix', vframe_callback=UNKNOWN, volume=UNKNOWN, win=Window(...))
9.7610 	WARNING 	1.436934499999552: Video catchup needed, advancing self._nextFrameT from 0.0 to 0.03336666666666667
9.7610 	WARNING 	1.4369843999993464: Video catchup needed, advancing self._nextFrameT from 0.03336666666666667 to 0.06673333333333334
9.7610 	WARNING 	1.4370092000008299: Video catchup needed, advancing self._nextFrameT from 0.06673333333333334 to 0.10010000000000001
9.7610 	WARNING 	1.4370213000001968: Video catchup needed, advancing self._nextFrameT from 0.10010000000000001 to 0.13346666666666668
9.7610 	WARNING 	1.4370311000002403: Video catchup needed, advancing self._nextFrameT from 0.13346666666666668 to 0.16683333333333333
9.7610 	WARNING 	1.4370405999998184: Video catchup needed, advancing self._nextFrameT from 0.16683333333333333 to 0.2002
9.7611 	WARNING 	1.4370498999996926: Video catchup needed, advancing self._nextFrameT from 0.2002 to 0.23356666666666664
9.7611 	WARNING 	1.4370617999993556: Video catchup needed, advancing self._nextFrameT from 0.23356666666666664 to 0.2669333333333333
9.7611 	WARNING 	1.4370710000002873: Video catchup needed, advancing self._nextFrameT from 0.2669333333333333 to 0.30029999999999996
9.7611 	WARNING 	1.4370808000003308: Video catchup needed, advancing self._nextFrameT from 0.30029999999999996 to 0.3336666666666666
9.7611 	WARNING 	Max reportNDroppedFrames reached, will not log any more dropped frames
10.1458 	EXP 	window1: mouseVisible = True
10.1918 	EXP 	Created text = TextStim(__class__=<class 'psychopy.visual.text.TextStim'>, alignHoriz=method-wrapper(...), alignText='center', alignVert=method-wrapper(...), anchorHoriz='center', anchorVert='center', antialias=True, autoDraw=False, autoLog=True, bold=False, color=array([1., 1., 1.]), colorSpace='rgb', contrast=1.0, depth=0.0, draggable=False, flipHoriz=False, flipVert=False, font='Open Sans', fontFiles=[], height=0.05, italic=False, languageStyle='LTR', name='text', opacity=1.0, ori=0.0, pos=array([0., 0.]), rgb=UNKNOWN, text='¡Empezamos la segunda ronda!', units='height', win=Window(...), wrapWidth=1)
10.1919 	EXP 	window1: mouseVisible = True
10.2740 	EXP 	window1: mouseVisible = True
10.2839 	EXP 	Created image_2 = ImageStim(__class__=<class 'psychopy.visual.image.ImageStim'>, anchor=('center', 'center'), autoLog=True, color=array([1., 1., 1.]), colorSpace='rgb', contrast=1.0, depth=-1.0, draggable=False, flipHoriz=False, flipVert=False, image='default.png', interpolate=True, mask=None, maskParams=None, name='image_2', opacity=1.0, ori=0.0, pos=array([0., 0.]), size=array([0.35, 0.35]), texRes=128.0, units='height', win=Window(...))
10.2841 	EXP 	Created unnamed MovieStim3 = MovieStim3(__class__=<class 'psychopy.visual.movie3.MovieStim3'>, anchor=('center', 'center'), autoLog=True, color=UNKNOWN, colorSpace=UNKNOWN, depth=0.0, filename='imgs/song_titanic.mp4', flipHoriz=False, flipVert=False, fps=UNKNOWN, interpolate=True, loop=False, name='unnamed MovieStim3', noAudio=False, opacity=1, ori=method-wrapper(...), pos=array([0., 0.]), size=None, units='pix', vframe_callback=UNKNOWN, volume=UNKNOWN, win=Window(...))
11.1040 	WARNING 	0.8197928000008687: Video catchup needed, advancing self._nextFrameT from 0.0 to 0.041666666666666664
11.1040 	WARNING 	0.8198410000004515: Video catchup needed, advancing self._nextFrameT from 0.041666666666666664 to 0.08333333333333333
11.1040 	WARNING 	0.819852799999353: Video catchup needed, advancing self._nextFrameT from 0.08333333333333333 to 0.125
11.1040 	WARNING 	0.8198640000009618: Video catchup needed, advancing self._nextFrameT from 0.125 to 0.16666666666666666
11.1040 	WARNING 	0.8198735999994824: Video catchup needed, advancing self._nextFrameT from 0.16666666666666666 to 0.20833333333333331
11.1040 	WARNING 	0.819883199999822: Video catchup needed, advancing self._nextFrameT from 0.20833333333333331 to 0.24999999999999997
11.1041 	WARNING 	0.8198924000007537: Video catchup needed, advancing self._nextFrameT from 0.24999999999999997 to 0.29166666666666663
11.1041 	WARNING 	0.8199017999995704: Video catchup needed, advancing self._nextFrameT from 0.29166666666666663 to 0.3333333333333333
11.1041 	WARNING 	0.8199110000005021: Video catchup needed, advancing self._nextFrameT from 0.3333333333333333 to 0.375
11.1041 	WARNING 	0.8199201000006724: Video catchup needed, advancing self._nextFrameT from 0.375 to 0.4166666666666667
11.1041 	WARNING 	Max reportNDroppedFrames reached, will not log any more dropped frames
11.1268 	EXP 	window1: mouseVisible = True
11.1306 	EXP 	Created text_2 = TextStim(__class__=<class 'psychopy.visual.text.TextStim'>, alignHoriz=method-wrapper(...), alignText='center', alignVert=method-wrapper(...), anchorHoriz='center', anchorVert='center', antialias=True, autoDraw=False, autoLog=True, bold=False, color=array([1., 1., 1.]), colorSpace='rgb', contrast=1.0, depth=0.0, draggable=False, flipHoriz=False, flipVert=False, font='Open Sans', fontFiles=[], height=0.05, italic=False, languageStyle='LTR', name='text_2', opacity=1.0, ori=0.0, pos=array([0., 0.]), rgb=UNKNOWN, text='¡empezamos la tercera ronda!', units='height', win=Window(...), wrapWidth=1)
11.1307 	EXP 	window1: mouseVisible = True
11.2206 	EXP 	window1: mouseVisible = True
11.2325 	EXP 	Created image_3 = ImageStim(__class__=<class 'psychopy.visual.image.ImageStim'>, anchor=('center', 'center'), autoLog=True, color=array([1., 1., 1.]), colorSpace='rgb', contrast=1.0, depth=-1.0, draggable=False, flipHoriz=False, flipVert=False, image='default.png', interpolate=True, mask=None, maskParams=None, name='image_3', opacity=1.0, ori=0.0, pos=array([0., 0.]), size=array([0.35, 0.35]), texRes=128.0, units='height', win=Window(...))
11.2327 	EXP 	Created unnamed MovieStim3 = MovieStim3(__class__=<class 'psychopy.visual.movie3.MovieStim3'>, anchor=('center', 'center'), autoLog=True, color=UNKNOWN, colorSpace=UNKNOWN, depth=0.0, filename='imgs/video_celine.mp4', flipHoriz=False, flipVert=False, fps=UNKNOWN, interpolate=True, loop=False, name='unnamed MovieStim3', noAudio=False, opacity=1, ori=method-wrapper(...), pos=array([0., 0.]), size=None, units='pix', vframe_callback=UNKNOWN, volume=UNKNOWN, win=Window(...))
12.6057 	WARNING 	1.3729591999999684: Video catchup needed, advancing self._nextFrameT from 0.0 to 0.03336666666666667
12.6057 	WARNING 	1.372995699999592: Video catchup needed, advancing self._nextFrameT from 0.03336666666666667 to 0.06673333333333334
12.6057 	WARNING 	1.3730071999998472: Video catchup needed, advancing self._nextFrameT from 0.06673333333333334 to 0.10010000000000001
12.6058 	WARNING 	1.373017299998537: Video catchup needed, advancing self._nextFrameT from 0.10010000000000001 to 0.13346666666666668
12.6058 	WARNING 	1.373027199999342: Video catchup needed, advancing self._nextFrameT from 0.13346666666666668 to 0.16683333333333333
12.6058 	WARNING 	1.373036899998624: Video catchup needed, advancing self._nextFrameT from 0.16683333333333333 to 0.2002
12.6058 	WARNING 	1.3730464999989636: Video catchup needed, advancing self._nextFrameT from 0.2002 to 0.23356666666666664
12.6058 	WARNING 	1.3730559999985417: Video catchup needed, advancing self._nextFrameT from 0.23356666666666664 to 0.2669333333333333
12.6058 	WARNING 	1.3730654999999388: Video catchup needed, advancing self._nextFrameT from 0.2669333333333333 to 0.30029999999999996
12.6058 	WARNING 	1.3730761999995593: Video catchup needed, advancing self._nextFrameT from 0.30029999999999996 to 0.3336666666666666
12.6058 	WARNING 	Max reportNDroppedFrames reached, will not log any more dropped frames
0.0071 	EXP 	movie: autoLog = True
0.0071 	EXP 	unnamed MovieStim3: autoLog = True
0.0071 	EXP 	unnamed MovieStim3: movie = 'imgs/video_celine.mp4'
0.0071 	EXP 	unnamed MovieStim3: ori = 0.0
0.0071 	EXP 	movie_2: autoLog = True
0.0071 	EXP 	unnamed MovieStim3: autoLog = True
0.0071 	EXP 	unnamed MovieStim3: movie = 'imgs/song_titanic.mp4'
0.0071 	EXP 	unnamed MovieStim3: ori = 0.0
0.0071 	EXP 	movie_3: autoLog = True
0.0071 	EXP 	unnamed MovieStim3: autoLog = True
0.0071 	EXP 	unnamed MovieStim3: movie = 'imgs/video_celine.mp4'
0.0071 	EXP 	unnamed MovieStim3: ori = 0.0
0.0127 	EXP 	Imported imgs/trials_fake.xlsx as conditions, 2 conditions, 3 params
0.0131 	EXP 	Created sequence: random, trialTypes=2, nReps=1, seed=None
0.0133 	EXP 	New trial (rep=0, index=0): {'timepresentation': 2, 'posx': -0.7, 'posy': 0.15}
0.0413 	EXP 	image: image = 'imgs/iceberg.png'
0.0413 	EXP 	movie: autoDraw = True
2.0130 	EXP 	image: autoDraw = True
2.7658 	EXP 	New trial (rep=0, index=1): {'timepresentation': 2, 'posx': -0.8, 'posy': 0.15}
2.8146 	DATA 	Keypress: space
2.8208 	EXP 	movie: autoDraw = False
2.8208 	EXP 	image: autoDraw = False
2.8208 	EXP 	image: image = 'imgs/iceberg.png'
2.8208 	EXP 	movie: autoDraw = True
4.7765 	EXP 	image: autoDraw = True
5.2341 	EXP 	Imported imgs/trials_fake.xlsx as conditions, 2 conditions, 3 params
5.2343 	EXP 	Created sequence: random, trialTypes=2, nReps=1, seed=None
5.2345 	EXP 	New trial (rep=0, index=0): {'timepresentation': 2, 'posx': -0.8, 'posy': 0.15}
5.2346 	EXP 	Sound  started
5.2357 	DATA 	Keypress: space
5.2424 	EXP 	movie: autoDraw = False
5.2424 	EXP 	image: autoDraw = False
5.2424 	EXP 	Set unnamed MovieStim3 playing
24.8297 	EXP 	New trial (rep=0, index=1): {'timepresentation': 2, 'posx': -0.7, 'posy': 0.15}
24.8487 	DATA 	Keypress: space
27.3529 	DATA 	Keypress: escape
27.5145 	EXP 	tarea_iceberg: status = STOPPED
27.5202 	EXP 	tarea_iceberg: status = STOPPED
27.6659 	EXP 	window1: mouseVisible = True
