5.0521 	WARNING 	User requested fullscreen with size [1024  768], but screen is actually [1920, 1080]. Using actual size
5.7474 	EXP 	Created window1 = Window(allowGUI=True, allowStencil=False, autoLog=True, backendConf=UNKNOWN, backgroundFit=<method-wrapper '__getattribute__' of attributeSetter object at 0x0000021488F41C40>, backgroundImage=<method-wrapper '__getattribute__' of attributeSetter object at 0x0000021488F41BE0>, bitsMode=UNKNOWN, blendMode='avg', bpc=(8, 8, 8), color=array([0, 0, 0]), colorSpace='rgb', depthBits=8, fullscr=<method-wrapper '__getattribute__' of attributeSetter object at 0x0000021488F41A00>, gamma=None, gammaErrorPolicy='raise', lms=UNKNOWN, monitor=<psychopy.monitors.calibTools.Monitor object at 0x00000214894D1C10>, multiSample=False, name='window1', numSamples=2, pos=(0, 0), screen=0, size=array([1920, 1080]), stencilBits=0, stereo=False, title='PsychoPy', units='height', useFBO=True, useRetina=False, viewOri=0.0, viewPos=None, viewScale=None, waitBlanking=True, winType='pyglet')
5.7475 	EXP 	window1: mouseVisible = True
5.7476 	EXP 	window1: backgroundImage = ''
5.7476 	EXP 	window1: backgroundFit = 'none'
5.7502 	EXP 	window1: Attempting to measure frame rate of screen (0) ...
5.7502 	EXP 	window1: recordFrameIntervals = False
5.9128 	EXP 	window1: recordFrameIntervals = True
6.0965 	EXP 	Screen (0) actual frame rate measured at 60.29Hz
6.0966 	EXP 	window1: recordFrameIntervals = False
6.0969 	EXP 	window1: mouseVisible = False
7.5424 	EXP 	tarea_iceberg: status = STARTED
7.5444 	EXP 	window1: mouseVisible = True
7.7003 	EXP 	window1: mouseVisible = True
7.7122 	EXP 	Created image = ImageStim(__class__=<class 'psychopy.visual.image.ImageStim'>, anchor=('center', 'center'), autoLog=True, color=array([1., 1., 1.]), colorSpace='rgb', contrast=1.0, depth=-1.0, draggable=False, flipHoriz=False, flipVert=False, image='default.png', interpolate=True, mask=None, maskParams=None, name='image', opacity=1.0, ori=0.0, pos=array([0., 0.]), size=array([0.35, 0.35]), texRes=128.0, units='height', win=Window(...))
7.7125 	EXP 	window1: mouseVisible = True
7.7677 	EXP 	Created text = TextStim(__class__=<class 'psychopy.visual.text.TextStim'>, alignHoriz=method-wrapper(...), alignText='center', alignVert=method-wrapper(...), anchorHoriz='center', anchorVert='center', antialias=True, autoDraw=False, autoLog=True, bold=False, color=array([1., 1., 1.]), colorSpace='rgb', contrast=1.0, depth=0.0, draggable=False, flipHoriz=False, flipVert=False, font='Open Sans', fontFiles=[], height=0.05, italic=False, languageStyle='LTR', name='text', opacity=1.0, ori=0.0, pos=array([0., 0.]), rgb=UNKNOWN, text='¡Empezamos la segunda ronda!', units='height', win=Window(...), wrapWidth=1)
7.7678 	EXP 	window1: mouseVisible = True
7.8773 	EXP 	window1: mouseVisible = True
7.8862 	EXP 	Created image_2 = ImageStim(__class__=<class 'psychopy.visual.image.ImageStim'>, anchor=('center', 'center'), autoLog=True, color=array([1., 1., 1.]), colorSpace='rgb', contrast=1.0, depth=-1.0, draggable=False, flipHoriz=False, flipVert=False, image='default.png', interpolate=True, mask=None, maskParams=None, name='image_2', opacity=1.0, ori=0.0, pos=array([0., 0.]), size=array([0.35, 0.35]), texRes=128.0, units='height', win=Window(...))
7.9781 	EXP 	Created unnamed MovieStim3 = MovieStim3(__class__=<class 'psychopy.visual.movie3.MovieStim3'>, anchor=('center', 'center'), autoLog=True, color=UNKNOWN, colorSpace=UNKNOWN, depth=0.0, filename='imgs/song_titanic.mp4', flipHoriz=False, flipVert=False, fps=UNKNOWN, interpolate=True, loop=False, name='unnamed MovieStim3', noAudio=False, opacity=1, ori=method-wrapper(...), pos=array([0., 0.]), size=None, units='pix', vframe_callback=UNKNOWN, volume=UNKNOWN, win=Window(...))
8.9107 	WARNING 	0.932646699999168: Video catchup needed, advancing self._nextFrameT from 0.0 to 0.041666666666666664
8.9108 	WARNING 	0.9326982000002317: Video catchup needed, advancing self._nextFrameT from 0.041666666666666664 to 0.08333333333333333
8.9108 	WARNING 	0.9327102999995986: Video catchup needed, advancing self._nextFrameT from 0.08333333333333333 to 0.125
8.9108 	WARNING 	0.9327197000002343: Video catchup needed, advancing self._nextFrameT from 0.125 to 0.16666666666666666
8.9108 	WARNING 	0.9327281999994739: Video catchup needed, advancing self._nextFrameT from 0.16666666666666666 to 0.20833333333333331
8.9108 	WARNING 	0.9327372999996442: Video catchup needed, advancing self._nextFrameT from 0.20833333333333331 to 0.24999999999999997
8.9108 	WARNING 	0.9327453999994759: Video catchup needed, advancing self._nextFrameT from 0.24999999999999997 to 0.29166666666666663
8.9108 	WARNING 	0.9327530999998999: Video catchup needed, advancing self._nextFrameT from 0.29166666666666663 to 0.3333333333333333
8.9108 	WARNING 	0.9327608000003238: Video catchup needed, advancing self._nextFrameT from 0.3333333333333333 to 0.375
8.9109 	WARNING 	0.9327718999993522: Video catchup needed, advancing self._nextFrameT from 0.375 to 0.4166666666666667
8.9109 	WARNING 	Max reportNDroppedFrames reached, will not log any more dropped frames
8.9405 	EXP 	window1: mouseVisible = True
8.9448 	EXP 	Created text_2 = TextStim(__class__=<class 'psychopy.visual.text.TextStim'>, alignHoriz=method-wrapper(...), alignText='center', alignVert=method-wrapper(...), anchorHoriz='center', anchorVert='center', antialias=True, autoDraw=False, autoLog=True, bold=False, color=array([1., 1., 1.]), colorSpace='rgb', contrast=1.0, depth=0.0, draggable=False, flipHoriz=False, flipVert=False, font='Open Sans', fontFiles=[], height=0.05, italic=False, languageStyle='LTR', name='text_2', opacity=1.0, ori=0.0, pos=array([0., 0.]), rgb=UNKNOWN, text='¡empezamos la tercera ronda!', units='height', win=Window(...), wrapWidth=1)
8.9449 	EXP 	window1: mouseVisible = True
9.0407 	EXP 	window1: mouseVisible = True
9.0484 	EXP 	Created image_3 = ImageStim(__class__=<class 'psychopy.visual.image.ImageStim'>, anchor=('center', 'center'), autoLog=True, color=array([1., 1., 1.]), colorSpace='rgb', contrast=1.0, depth=-1.0, draggable=False, flipHoriz=False, flipVert=False, image='default.png', interpolate=True, mask=None, maskParams=None, name='image_3', opacity=1.0, ori=0.0, pos=array([0., 0.]), size=array([0.35, 0.35]), texRes=128.0, units='height', win=Window(...))
9.0485 	EXP 	Created unnamed MovieStim3 = MovieStim3(__class__=<class 'psychopy.visual.movie3.MovieStim3'>, anchor=('center', 'center'), autoLog=True, color=UNKNOWN, colorSpace=UNKNOWN, depth=0.0, filename='imgs/video_celine.mp4', flipHoriz=False, flipVert=False, fps=UNKNOWN, interpolate=True, loop=False, name='unnamed MovieStim3', noAudio=False, opacity=1, ori=method-wrapper(...), pos=array([0., 0.]), size=None, units='pix', vframe_callback=UNKNOWN, volume=UNKNOWN, win=Window(...))
10.3245 	WARNING 	1.2759389999991981: Video catchup needed, advancing self._nextFrameT from 0.0 to 0.03336666666666667
10.3245 	WARNING 	1.2759765999999217: Video catchup needed, advancing self._nextFrameT from 0.03336666666666667 to 0.06673333333333334
10.3245 	WARNING 	1.2759884000006423: Video catchup needed, advancing self._nextFrameT from 0.06673333333333334 to 0.10010000000000001
10.3246 	WARNING 	1.2759984999993321: Video catchup needed, advancing self._nextFrameT from 0.10010000000000001 to 0.13346666666666668
10.3246 	WARNING 	1.2760082999993756: Video catchup needed, advancing self._nextFrameT from 0.13346666666666668 to 0.16683333333333333
10.3246 	WARNING 	1.2760175000003073: Video catchup needed, advancing self._nextFrameT from 0.16683333333333333 to 0.2002
10.3246 	WARNING 	1.276026899999124: Video catchup needed, advancing self._nextFrameT from 0.2002 to 0.23356666666666664
10.3246 	WARNING 	1.2760359000003518: Video catchup needed, advancing self._nextFrameT from 0.23356666666666664 to 0.2669333333333333
10.3246 	WARNING 	1.2760448999997607: Video catchup needed, advancing self._nextFrameT from 0.2669333333333333 to 0.30029999999999996
10.3246 	WARNING 	1.2760543000003963: Video catchup needed, advancing self._nextFrameT from 0.30029999999999996 to 0.3336666666666666
10.3246 	WARNING 	Max reportNDroppedFrames reached, will not log any more dropped frames
10.6470 	EXP 	window1: mouseVisible = True
10.6514 	EXP 	Created text_3 = TextStim(__class__=<class 'psychopy.visual.text.TextStim'>, alignHoriz=method-wrapper(...), alignText='center', alignVert=method-wrapper(...), anchorHoriz='center', anchorVert='center', antialias=True, autoDraw=False, autoLog=True, bold=False, color=array([1., 1., 1.]), colorSpace='rgb', contrast=1.0, depth=0.0, draggable=False, flipHoriz=False, flipVert=False, font='Open Sans', fontFiles=[], height=0.05, italic=False, languageStyle='LTR', name='text_3', opacity=1.0, ori=0.0, pos=array([0., 0.]), rgb=UNKNOWN, text='¡última ronda!', units='height', win=Window(...), wrapWidth=1)
10.6515 	EXP 	window1: mouseVisible = True
10.7399 	EXP 	Created unnamed MovieStim3 = MovieStim3(__class__=<class 'psychopy.visual.movie3.MovieStim3'>, anchor=('center', 'center'), autoLog=True, color=UNKNOWN, colorSpace=UNKNOWN, depth=0.0, filename='imgs/video_celine.mp4', flipHoriz=False, flipVert=False, fps=UNKNOWN, interpolate=True, loop=False, name='unnamed MovieStim3', noAudio=False, opacity=1, ori=method-wrapper(...), pos=array([0., 0.]), size=None, units='pix', vframe_callback=UNKNOWN, volume=UNKNOWN, win=Window(...))
12.0117 	WARNING 	1.271661299999323: Video catchup needed, advancing self._nextFrameT from 0.0 to 0.03336666666666667
12.0117 	WARNING 	1.2717274999995425: Video catchup needed, advancing self._nextFrameT from 0.03336666666666667 to 0.06673333333333334
12.0117 	WARNING 	1.2717399999983172: Video catchup needed, advancing self._nextFrameT from 0.06673333333333334 to 0.10010000000000001
12.0117 	WARNING 	1.2717501999995875: Video catchup needed, advancing self._nextFrameT from 0.10010000000000001 to 0.13346666666666668
12.0117 	WARNING 	1.2717594999994617: Video catchup needed, advancing self._nextFrameT from 0.13346666666666668 to 0.16683333333333333
12.0117 	WARNING 	1.271768799999336: Video catchup needed, advancing self._nextFrameT from 0.16683333333333333 to 0.2002
12.0117 	WARNING 	1.2717808999987028: Video catchup needed, advancing self._nextFrameT from 0.2002 to 0.23356666666666664
12.0118 	WARNING 	1.2717896999984077: Video catchup needed, advancing self._nextFrameT from 0.23356666666666664 to 0.2669333333333333
12.0118 	WARNING 	1.2717984999999317: Video catchup needed, advancing self._nextFrameT from 0.2669333333333333 to 0.30029999999999996
12.0118 	WARNING 	1.271807399998579: Video catchup needed, advancing self._nextFrameT from 0.30029999999999996 to 0.3336666666666666
12.0118 	WARNING 	Max reportNDroppedFrames reached, will not log any more dropped frames
0.0039 	EXP 	movie: autoLog = True
0.0039 	EXP 	movie_2: autoLog = True
0.0039 	EXP 	unnamed MovieStim3: autoLog = True
0.0039 	EXP 	unnamed MovieStim3: movie = 'imgs/song_titanic.mp4'
0.0039 	EXP 	unnamed MovieStim3: ori = 0.0
0.0039 	EXP 	movie_3: autoLog = True
0.0039 	EXP 	unnamed MovieStim3: autoLog = True
0.0039 	EXP 	unnamed MovieStim3: movie = 'imgs/video_celine.mp4'
0.0039 	EXP 	unnamed MovieStim3: ori = 0.0
0.0039 	EXP 	movie_4: autoLog = True
0.0039 	EXP 	unnamed MovieStim3: autoLog = True
0.0039 	EXP 	unnamed MovieStim3: movie = 'imgs/video_celine.mp4'
0.0039 	EXP 	unnamed MovieStim3: ori = 0.0
0.0084 	EXP 	Imported imgs/trials_fake.xlsx as conditions, 2 conditions, 3 params
0.0087 	EXP 	Created sequence: random, trialTypes=2, nReps=1, seed=None
0.0089 	EXP 	New trial (rep=0, index=0): {'timepresentation': 2, 'posx': -0.8, 'posy': 0.15}
0.0707 	EXP 	image: image = 'imgs/iceberg.png'
0.0707 	EXP 	movie: autoDraw = True
2.0101 	EXP 	image: autoDraw = True
2.4733 	EXP 	New trial (rep=0, index=1): {'timepresentation': 2, 'posx': -0.7, 'posy': 0.15}
2.5269 	DATA 	Keypress: space
2.5361 	EXP 	movie: autoDraw = False
2.5361 	EXP 	image: autoDraw = False
2.5361 	EXP 	image: image = 'imgs/iceberg.png'
2.5361 	EXP 	movie: autoDraw = True
4.4728 	EXP 	image: autoDraw = True
4.8453 	DATA 	Keypress: space
4.9811 	EXP 	movie: autoDraw = False
4.9811 	EXP 	image: autoDraw = False
4.9811 	EXP 	text: autoDraw = True
5.9777 	EXP 	Imported imgs/trials_fake.xlsx as conditions, 2 conditions, 3 params
5.9788 	EXP 	Created sequence: random, trialTypes=2, nReps=1, seed=None
5.9793 	EXP 	New trial (rep=0, index=0): {'timepresentation': 2, 'posx': -0.7, 'posy': 0.15}
5.9885 	EXP 	Sound  started
6.0238 	EXP 	text: autoDraw = False
6.0238 	EXP 	text: autoDraw = False
6.0238 	EXP 	image_2: image = 'imgs/iceberg.png'
6.0238 	EXP 	Set unnamed MovieStim3 playing
6.0238 	EXP 	movie_2: autoDraw = True
7.9871 	EXP 	image_2: autoDraw = True
8.5165 	EXP 	New trial (rep=0, index=1): {'timepresentation': 2, 'posx': -0.8, 'posy': 0.15}
8.5655 	DATA 	Keypress: space
8.5710 	EXP 	movie_2: autoDraw = False
8.5710 	EXP 	image_2: autoDraw = False
8.5710 	EXP 	image_2: image = 'imgs/iceberg.png'
8.5710 	EXP 	movie_2: autoDraw = True
10.5186 	EXP 	image_2: autoDraw = True
11.1624 	EXP 	Sound  stopped
11.1643 	DATA 	Keypress: space
11.1659 	EXP 	movie_2: autoDraw = False
11.1659 	EXP 	image_2: autoDraw = False
11.1659 	EXP 	Set unnamed MovieStim3 stopped
11.1659 	EXP 	text_2: autoDraw = True
12.1689 	EXP 	Imported imgs/trials_fake.xlsx as conditions, 2 conditions, 3 params
12.1692 	EXP 	Created sequence: random, trialTypes=2, nReps=1, seed=None
12.1693 	EXP 	New trial (rep=0, index=0): {'timepresentation': 2, 'posx': -0.8, 'posy': 0.15}
12.1737 	EXP 	Sound  started
12.1959 	EXP 	text_2: autoDraw = False
12.1959 	EXP 	image_3: image = 'imgs/iceberg.png'
12.1959 	EXP 	Set unnamed MovieStim3 playing
12.1959 	EXP 	movie_3: autoDraw = True
14.1788 	EXP 	image_3: autoDraw = True
14.6878 	EXP 	New trial (rep=0, index=1): {'timepresentation': 2, 'posx': -0.7, 'posy': 0.15}
14.7279 	WARNING 	3.7553227999997034: Video catchup needed, advancing self._nextFrameT from 3.570233333333341 to 3.6036000000000077
14.7281 	WARNING 	3.7555076999997254: Video catchup needed, advancing self._nextFrameT from 3.6036000000000077 to 3.6369666666666745
14.7282 	WARNING 	3.7556342000007135: Video catchup needed, advancing self._nextFrameT from 3.6369666666666745 to 3.670333333333341
14.7283 	WARNING 	3.7557139999989886: Video catchup needed, advancing self._nextFrameT from 3.670333333333341 to 3.703700000000008
14.7975 	DATA 	Keypress: space
14.8046 	EXP 	movie_3: autoDraw = False
14.8046 	EXP 	image_3: autoDraw = False
14.8046 	EXP 	image_3: image = 'imgs/iceberg.png'
14.8046 	EXP 	movie_3: autoDraw = True
14.8048 	WARNING 	3.8322363999996014: Video catchup needed, advancing self._nextFrameT from 3.7370666666666748 to 3.7704333333333415
14.8433 	WARNING 	3.8707790000007662: Video catchup needed, advancing self._nextFrameT from 3.8038000000000083 to 3.837166666666675
16.7227 	EXP 	image_3: autoDraw = True
17.1830 	EXP 	Sound  stopped
17.1850 	DATA 	Keypress: space
17.1883 	EXP 	movie_3: autoDraw = False
17.1883 	EXP 	image_3: autoDraw = False
17.1883 	EXP 	Set unnamed MovieStim3 stopped
17.1883 	EXP 	text_3: autoDraw = True
18.1811 	EXP 	Imported imgs/trials_iceberg_3.xlsx as conditions, 8 conditions, 3 params
18.1814 	EXP 	Created sequence: random, trialTypes=8, nReps=1, seed=None
18.1816 	EXP 	New trial (rep=0, index=0): {'timepresentation': 13, 'posx': -0.8, 'posy': 0.15}
18.1816 	EXP 	Sound  started
18.2263 	EXP 	text_3: autoDraw = False
18.2263 	EXP 	text_3: autoDraw = False
18.2263 	EXP 	Set unnamed MovieStim3 playing
18.2263 	EXP 	movie_4: autoDraw = True
19.7519 	WARNING 	2.771440499998789: Video catchup needed, advancing self._nextFrameT from 2.702700000000005 to 2.7360666666666718
19.9851 	WARNING 	3.0045984999997017: Video catchup needed, advancing self._nextFrameT from 2.9362666666666724 to 2.969633333333339
20.7889 	WARNING 	3.808393799999976: Video catchup needed, advancing self._nextFrameT from 3.7370666666666748 to 3.7704333333333415
21.3884 	WARNING 	4.407976599999529: Video catchup needed, advancing self._nextFrameT from 4.337666666666676 to 4.371033333333343
21.7520 	WARNING 	4.771544399998675: Video catchup needed, advancing self._nextFrameT from 4.7047000000000105 to 4.738066666666677
21.9549 	WARNING 	4.974417399998856: Video catchup needed, advancing self._nextFrameT from 4.904900000000011 to 4.938266666666678
22.3919 	WARNING 	5.41145940000024: Video catchup needed, advancing self._nextFrameT from 5.338666666666679 to 5.372033333333346
22.4542 	WARNING 	5.47374949999903: Video catchup needed, advancing self._nextFrameT from 5.405400000000013 to 5.438766666666679
22.5554 	WARNING 	5.574918499998603: Video catchup needed, advancing self._nextFrameT from 5.505500000000013 to 5.53886666666668
22.6203 	WARNING 	5.639870400000291: Video catchup needed, advancing self._nextFrameT from 5.5722333333333465 to 5.605600000000013
22.6203 	WARNING 	Max reportNDroppedFrames reached, will not log any more dropped frames
26.8707 	DATA 	Keypress: escape
26.9707 	EXP 	tarea_iceberg: status = STOPPED
26.9795 	EXP 	movie_4: autoDraw = False
26.9796 	EXP 	tarea_iceberg: status = STOPPED
27.1155 	EXP 	window1: mouseVisible = True
