4.9388 	WARNING 	User requested fullscreen with size [1024  768], but screen is actually [1920, 1080]. Using actual size
5.5937 	EXP 	Created window1 = Window(allowGUI=True, allowStencil=False, autoLog=True, backendConf=UNKNOWN, backgroundFit=<method-wrapper '__getattribute__' of attributeSetter object at 0x0000024A4E3A0DC0>, backgroundImage=<method-wrapper '__getattribute__' of attributeSetter object at 0x0000024A4E3A0D60>, bitsMode=UNKNOWN, blendMode='avg', bpc=(8, 8, 8), color=array([0, 0, 0]), colorSpace='rgb', depthBits=8, fullscr=<method-wrapper '__getattribute__' of attributeSetter object at 0x0000024A4E3A0B80>, gamma=None, gammaErrorPolicy='raise', lms=UNKNOWN, monitor=<psychopy.monitors.calibTools.Monitor object at 0x0000024A4E977D00>, multiSample=False, name='window1', numSamples=2, pos=(0, 0), screen=0, size=array([1920, 1080]), stencilBits=0, stereo=False, title='PsychoPy', units='height', useFBO=True, useRetina=False, viewOri=0.0, viewPos=None, viewScale=None, waitBlanking=True, winType='pyglet')
5.5939 	EXP 	window1: mouseVisible = True
5.5940 	EXP 	window1: backgroundImage = ''
5.5940 	EXP 	window1: backgroundFit = 'none'
5.5981 	EXP 	window1: Attempting to measure frame rate of screen (0) ...
5.5981 	EXP 	window1: recordFrameIntervals = False
5.7587 	EXP 	window1: recordFrameIntervals = True
5.9423 	EXP 	Screen (0) actual frame rate measured at 60.15Hz
5.9424 	EXP 	window1: recordFrameIntervals = False
5.9427 	EXP 	window1: mouseVisible = False
8.1275 	EXP 	tarea_iceberg: status = STARTED
8.1295 	EXP 	window1: mouseVisible = True
8.2772 	EXP 	window1: mouseVisible = True
8.2985 	EXP 	Created image = ImageStim(__class__=<class 'psychopy.visual.image.ImageStim'>, anchor=('center', 'center'), autoLog=True, color=array([1., 1., 1.]), colorSpace='rgb', contrast=1.0, depth=-1.0, draggable=False, flipHoriz=False, flipVert=False, image='default.png', interpolate=True, mask=None, maskParams=None, name='image', opacity=1.0, ori=0.0, pos=array([0., 0.]), size=array([0.35, 0.35]), texRes=128.0, units='height', win=Window(...))
0.0119 	EXP 	movie: autoLog = True
0.0200 	EXP 	Imported imgs/trials_iceberg.xlsx as conditions, 15 conditions, 3 params
0.0206 	EXP 	Created sequence: sequential, trialTypes=15, nReps=1, seed=None
0.0208 	EXP 	New trial (rep=0, index=0): {'timepresentation': 3, 'posx': -0.7, 'posy': 0}
0.0907 	EXP 	image: image = 'imgs/iceberg.png'
0.0907 	EXP 	movie: autoDraw = True
3.0140 	EXP 	image: autoDraw = True
6.3598 	EXP 	New trial (rep=0, index=1): {'timepresentation': 3, 'posx': -0.6, 'posy': 0}
6.4168 	EXP 	movie: autoDraw = False
6.4168 	EXP 	image: autoDraw = False
6.4168 	EXP 	image: image = 'imgs/iceberg.png'
6.4168 	EXP 	movie: autoDraw = True
9.3727 	EXP 	image: autoDraw = True
12.0711 	EXP 	New trial (rep=0, index=2): {'timepresentation': 3, 'posx': -0.5, 'posy': 0}
12.1271 	EXP 	movie: autoDraw = False
12.1271 	EXP 	image: autoDraw = False
12.1271 	EXP 	image: image = 'imgs/iceberg.png'
12.1271 	EXP 	movie: autoDraw = True
15.0860 	EXP 	image: autoDraw = True
18.0149 	EXP 	New trial (rep=0, index=3): {'timepresentation': 3, 'posx': -0.4, 'posy': 0}
18.0754 	EXP 	movie: autoDraw = False
18.0754 	EXP 	image: autoDraw = False
18.0754 	EXP 	image: image = 'imgs/iceberg.png'
18.0754 	EXP 	movie: autoDraw = True
21.0153 	EXP 	image: autoDraw = True
27.2458 	EXP 	tarea_iceberg: status = STOPPED
27.2577 	EXP 	movie: autoDraw = False
27.2577 	EXP 	image: autoDraw = False
27.2577 	EXP 	tarea_iceberg: status = STOPPED
27.3811 	EXP 	window1: mouseVisible = True
