4.7112 	WARNING 	User requested fullscreen with size [1536  864], but screen is actually [1920, 1080]. Using actual size
5.3873 	EXP 	Created window1 = Window(allowGUI=True, allowStencil=False, autoLog=True, backendConf=UNKNOWN, backgroundFit=<method-wrapper '__getattribute__' of attributeSetter object at 0x00000275FCAF9D00>, backgroundImage=<method-wrapper '__getattribute__' of attributeSetter object at 0x00000275FCAF9CA0>, bitsMode=UNKNOWN, blendMode='avg', bpc=(8, 8, 8), color=array([0, 0, 0]), colorSpace='rgb', depthBits=8, fullscr=<method-wrapper '__getattribute__' of attributeSetter object at 0x00000275FCAF9AC0>, gamma=None, gammaErrorPolicy='raise', lms=UNKNOWN, monitor=<psychopy.monitors.calibTools.Monitor object at 0x00000275FCF83280>, multiSample=False, name='window1', numSamples=2, pos=(0, 0), screen=0, size=array([1920, 1080]), stencilBits=0, stereo=False, title='PsychoPy', units='height', useFBO=True, useRetina=False, viewOri=0.0, viewPos=None, viewScale=None, waitBlanking=True, winType='pyglet')
5.3874 	EXP 	window1: mouseVisible = True
5.3875 	EXP 	window1: backgroundImage = ''
5.3875 	EXP 	window1: backgroundFit = 'none'
5.3897 	EXP 	window1: Attempting to measure frame rate of screen (0) ...
5.3897 	EXP 	window1: recordFrameIntervals = False
5.5531 	EXP 	window1: recordFrameIntervals = True
5.7370 	EXP 	Screen (0) actual frame rate measured at 59.91Hz
5.7371 	EXP 	window1: recordFrameIntervals = False
5.7375 	EXP 	window1: mouseVisible = False
7.4085 	EXP 	tarea_iceberg: status = STARTED
7.4088 	EXP 	window1: mouseVisible = True
7.4093 	WARNING 	Requested image 'imgs/logo_OB.jpeg' not found but similar filename 'imgs/logo_OB.png' exists. This will be used instead but changing the filename is advised.
7.4139 	WARNING 	Requested image 'imgs/logo_OB.jpeg' not found but similar filename 'imgs/logo_OB.png' exists. This will be used instead but changing the filename is advised.
7.4174 	WARNING 	Requested image 'imgs/logo_OB.jpeg' not found but similar filename 'imgs/logo_OB.png' exists. This will be used instead but changing the filename is advised.
7.4206 	WARNING 	Requested image 'imgs/logo_OB.jpeg' not found but similar filename 'imgs/logo_OB.png' exists. This will be used instead but changing the filename is advised.
7.4247 	EXP 	Created image_5 = ImageStim(__class__=<class 'psychopy.visual.image.ImageStim'>, anchor=('center', 'center'), autoLog=True, color=array([1., 1., 1.]), colorSpace='rgb', contrast=1.0, depth=0.0, draggable=False, flipHoriz=False, flipVert=False, image='imgs/logo_OB.jpeg', interpolate=True, mask=None, maskParams=None, name='image_5', opacity=1.0, ori=0.0, pos=array([0., 0.]), size=array([0.6, 0.7]), texRes=128.0, units='height', win=Window(...))
7.4249 	EXP 	window1: mouseVisible = True
7.4735 	EXP 	Created text_6 = TextStim(__class__=<class 'psychopy.visual.text.TextStim'>, alignHoriz=method-wrapper(...), alignText='center', alignVert=method-wrapper(...), anchorHoriz='center', anchorVert='center', antialias=True, autoDraw=False, autoLog=True, bold=False, color=array([1., 1., 1.]), colorSpace='rgb', contrast=1.0, depth=-1.0, draggable=False, flipHoriz=False, flipVert=False, font='Open Sans', fontFiles=[], height=0.04, italic=False, languageStyle='LTR', name='text_6', opacity=1.0, ori=0.0, pos=array([ 0.  , -0.35]), rgb=UNKNOWN, text='¡Bienvenido a un experimento de Open Brains!', units='height', win=Window(...), wrapWidth=1)
7.4736 	EXP 	window1: mouseVisible = True
7.4890 	EXP 	Created text_5 = TextStim(__class__=<class 'psychopy.visual.text.TextStim'>, alignHoriz=method-wrapper(...), alignText='center', alignVert=method-wrapper(...), anchorHoriz='center', anchorVert='center', antialias=True, autoDraw=False, autoLog=True, bold=False, color=array([1., 1., 1.]), colorSpace='rgb', contrast=1.0, depth=0.0, draggable=False, flipHoriz=False, flipVert=False, font='Open Sans', fontFiles=[], height=0.035, italic=False, languageStyle='LTR', name='text_5', opacity=1.0, ori=0.0, pos=array([0., 0.]), rgb=UNKNOWN, text=str(...), units='height', win=Window(...), wrapWidth=1)
7.4892 	EXP 	window1: mouseVisible = True
7.4903 	EXP 	Created text_7 = TextStim(__class__=<class 'psychopy.visual.text.TextStim'>, alignHoriz=method-wrapper(...), alignText='center', alignVert=method-wrapper(...), anchorHoriz='center', anchorVert='center', antialias=True, autoDraw=False, autoLog=True, bold=False, color=array([1., 1., 1.]), colorSpace='rgb', contrast=1.0, depth=0.0, draggable=False, flipHoriz=False, flipVert=False, font='Open Sans', fontFiles=[], height=0.05, italic=False, languageStyle='LTR', name='text_7', opacity=1.0, ori=0.0, pos=array([0., 0.]), rgb=UNKNOWN, text='', units='height', win=Window(...), wrapWidth=1)
7.4904 	EXP 	window1: mouseVisible = True
7.4980 	EXP 	Created image = ImageStim(__class__=<class 'psychopy.visual.image.ImageStim'>, anchor=('center', 'center'), autoLog=True, color=array([1., 1., 1.]), colorSpace='rgb', contrast=1.0, depth=-1.0, draggable=False, flipHoriz=False, flipVert=False, image='default.png', interpolate=True, mask=None, maskParams=None, name='image', opacity=1.0, ori=0.0, pos=array([0., 0.]), size=array([0.35, 0.35]), texRes=128.0, units='height', win=Window(...))
7.5949 	EXP 	Created unnamed MovieStim3 = MovieStim3(__class__=<class 'psychopy.visual.movie3.MovieStim3'>, anchor=('center', 'center'), autoLog=True, color=UNKNOWN, colorSpace=UNKNOWN, depth=0.0, filename='imgs/video_mar.mp4', flipHoriz=False, flipVert=False, fps=UNKNOWN, interpolate=True, loop=True, name='unnamed MovieStim3', noAudio=False, opacity=1, ori=method-wrapper(...), pos=array([0., 0.]), size=None, units='pix', vframe_callback=UNKNOWN, volume=UNKNOWN, win=Window(...))
8.6060 	WARNING 	1.0110964000050444: Video catchup needed, advancing self._nextFrameT from 0.0 to 0.04
8.6061 	WARNING 	1.0111346000048798: Video catchup needed, advancing self._nextFrameT from 0.04 to 0.08
8.6061 	WARNING 	1.011151200000313: Video catchup needed, advancing self._nextFrameT from 0.08 to 0.12
8.6061 	WARNING 	1.011163100003614: Video catchup needed, advancing self._nextFrameT from 0.12 to 0.16
8.6061 	WARNING 	1.011174100000062: Video catchup needed, advancing self._nextFrameT from 0.16 to 0.2
8.6061 	WARNING 	1.011184000002686: Video catchup needed, advancing self._nextFrameT from 0.2 to 0.24000000000000002
8.6061 	WARNING 	1.0111954000021797: Video catchup needed, advancing self._nextFrameT from 0.24000000000000002 to 0.28
8.6061 	WARNING 	1.011207600007765: Video catchup needed, advancing self._nextFrameT from 0.28 to 0.32
8.6061 	WARNING 	1.0112183000019286: Video catchup needed, advancing self._nextFrameT from 0.32 to 0.36
8.6062 	WARNING 	1.0112299000029452: Video catchup needed, advancing self._nextFrameT from 0.36 to 0.39999999999999997
8.6063 	WARNING 	Max reportNDroppedFrames reached, will not log any more dropped frames
8.8011 	EXP 	window1: mouseVisible = True
8.8092 	EXP 	Created image_2 = ImageStim(__class__=<class 'psychopy.visual.image.ImageStim'>, anchor=('center', 'center'), autoLog=True, color=array([1., 1., 1.]), colorSpace='rgb', contrast=1.0, depth=-1.0, draggable=False, flipHoriz=False, flipVert=False, image='default.png', interpolate=True, mask=None, maskParams=None, name='image_2', opacity=1.0, ori=0.0, pos=array([0., 0.]), size=array([0.35, 0.35]), texRes=128.0, units='height', win=Window(...))
8.8094 	EXP 	Created unnamed MovieStim3 = MovieStim3(__class__=<class 'psychopy.visual.movie3.MovieStim3'>, anchor=('center', 'center'), autoLog=True, color=UNKNOWN, colorSpace=UNKNOWN, depth=0.0, filename='imgs/song_titanic.mp4', flipHoriz=False, flipVert=False, fps=UNKNOWN, interpolate=True, loop=False, name='unnamed MovieStim3', noAudio=False, opacity=1, ori=method-wrapper(...), pos=array([0., 0.]), size=None, units='pix', vframe_callback=UNKNOWN, volume=UNKNOWN, win=Window(...))
9.5300 	WARNING 	0.7205491999920923: Video catchup needed, advancing self._nextFrameT from 0.0 to 0.041666666666666664
9.5300 	WARNING 	0.7205800999945495: Video catchup needed, advancing self._nextFrameT from 0.041666666666666664 to 0.08333333333333333
9.5300 	WARNING 	0.7205894999933662: Video catchup needed, advancing self._nextFrameT from 0.08333333333333333 to 0.125
9.5300 	WARNING 	0.7205978999991203: Video catchup needed, advancing self._nextFrameT from 0.125 to 0.16666666666666666
9.5300 	WARNING 	0.7206060999887995: Video catchup needed, advancing self._nextFrameT from 0.16666666666666666 to 0.20833333333333331
9.5300 	WARNING 	0.7206142999930307: Video catchup needed, advancing self._nextFrameT from 0.20833333333333331 to 0.24999999999999997
9.5300 	WARNING 	0.7206226999987848: Video catchup needed, advancing self._nextFrameT from 0.24999999999999997 to 0.29166666666666663
9.5301 	WARNING 	0.7206306999869412: Video catchup needed, advancing self._nextFrameT from 0.29166666666666663 to 0.3333333333333333
9.5301 	WARNING 	0.720638599988888: Video catchup needed, advancing self._nextFrameT from 0.3333333333333333 to 0.375
9.5301 	WARNING 	0.7206461999885505: Video catchup needed, advancing self._nextFrameT from 0.375 to 0.4166666666666667
9.5301 	WARNING 	Max reportNDroppedFrames reached, will not log any more dropped frames
9.5420 	EXP 	Created unnamed MovieStim3 = MovieStim3(__class__=<class 'psychopy.visual.movie3.MovieStim3'>, anchor=('center', 'center'), autoLog=True, color=UNKNOWN, colorSpace=UNKNOWN, depth=0.0, filename='imgs/titanic_spanish.mp4', flipHoriz=False, flipVert=False, fps=UNKNOWN, interpolate=True, loop=False, name='unnamed MovieStim3', noAudio=False, opacity=1, ori=method-wrapper(...), pos=array([0., 0.]), size=None, units='pix', vframe_callback=UNKNOWN, volume=UNKNOWN, win=Window(...))
10.6785 	WARNING 	1.1364518999907887: Video catchup needed, advancing self._nextFrameT from 0.0 to 0.04
10.6785 	WARNING 	1.136488099989947: Video catchup needed, advancing self._nextFrameT from 0.04 to 0.08
10.6785 	WARNING 	1.1364973000017926: Video catchup needed, advancing self._nextFrameT from 0.08 to 0.12
10.6785 	WARNING 	1.1365055999922333: Video catchup needed, advancing self._nextFrameT from 0.12 to 0.16
10.6786 	WARNING 	1.1365135999949416: Video catchup needed, advancing self._nextFrameT from 0.16 to 0.2
10.6786 	WARNING 	1.136521399996127: Video catchup needed, advancing self._nextFrameT from 0.2 to 0.24000000000000002
10.6786 	WARNING 	1.1365304999926593: Video catchup needed, advancing self._nextFrameT from 0.24000000000000002 to 0.28
10.6786 	WARNING 	1.1365383999946062: Video catchup needed, advancing self._nextFrameT from 0.28 to 0.32
10.6786 	WARNING 	1.1365458999935072: Video catchup needed, advancing self._nextFrameT from 0.32 to 0.36
10.6786 	WARNING 	1.1365535999939311: Video catchup needed, advancing self._nextFrameT from 0.36 to 0.39999999999999997
10.6786 	WARNING 	Max reportNDroppedFrames reached, will not log any more dropped frames
10.7034 	EXP 	window1: mouseVisible = True
10.7128 	EXP 	Created image_3 = ImageStim(__class__=<class 'psychopy.visual.image.ImageStim'>, anchor=('center', 'center'), autoLog=True, color=array([1., 1., 1.]), colorSpace='rgb', contrast=1.0, depth=-3.0, draggable=False, flipHoriz=False, flipVert=False, image='default.png', interpolate=True, mask=None, maskParams=None, name='image_3', opacity=1.0, ori=0.0, pos=array([0., 0.]), size=array([0.35, 0.35]), texRes=128.0, units='height', win=Window(...))
10.7131 	EXP 	Created unnamed MovieStim3 = MovieStim3(__class__=<class 'psychopy.visual.movie3.MovieStim3'>, anchor=('center', 'center'), autoLog=True, color=UNKNOWN, colorSpace=UNKNOWN, depth=0.0, filename='imgs/titanic_spanish.mp4', flipHoriz=False, flipVert=False, fps=UNKNOWN, interpolate=True, loop=False, name='unnamed MovieStim3', noAudio=False, opacity=1, ori=method-wrapper(...), pos=array([0., 0.]), size=None, units='pix', vframe_callback=UNKNOWN, volume=UNKNOWN, win=Window(...))
11.8670 	WARNING 	1.1538997999887215: Video catchup needed, advancing self._nextFrameT from 0.0 to 0.04
11.8670 	WARNING 	1.1539341999887256: Video catchup needed, advancing self._nextFrameT from 0.04 to 0.08
11.8670 	WARNING 	1.153944899997441: Video catchup needed, advancing self._nextFrameT from 0.08 to 0.12
11.8670 	WARNING 	1.1539540999947349: Video catchup needed, advancing self._nextFrameT from 0.12 to 0.16
11.8671 	WARNING 	1.1539628999889828: Video catchup needed, advancing self._nextFrameT from 0.16 to 0.2
11.8671 	WARNING 	1.1539716999977827: Video catchup needed, advancing self._nextFrameT from 0.2 to 0.24000000000000002
11.8671 	WARNING 	1.1539865999948233: Video catchup needed, advancing self._nextFrameT from 0.24000000000000002 to 0.28
11.8671 	WARNING 	1.1539945999975316: Video catchup needed, advancing self._nextFrameT from 0.28 to 0.32
11.8671 	WARNING 	1.1540016999933869: Video catchup needed, advancing self._nextFrameT from 0.32 to 0.36
11.8671 	WARNING 	1.1540094999945723: Video catchup needed, advancing self._nextFrameT from 0.36 to 0.39999999999999997
11.8671 	WARNING 	Max reportNDroppedFrames reached, will not log any more dropped frames
11.8916 	EXP 	Created unnamed MovieStim3 = MovieStim3(__class__=<class 'psychopy.visual.movie3.MovieStim3'>, anchor=('center', 'center'), autoLog=True, color=UNKNOWN, colorSpace=UNKNOWN, depth=0.0, filename='imgs/titanic.mp4', flipHoriz=False, flipVert=False, fps=UNKNOWN, interpolate=True, loop=False, name='unnamed MovieStim3', noAudio=False, opacity=1, ori=method-wrapper(...), pos=array([  0., 100.]), size=None, units='pix', vframe_callback=UNKNOWN, volume=UNKNOWN, win=Window(...))
12.9035 	WARNING 	1.011807000002591: Video catchup needed, advancing self._nextFrameT from 0.0 to 0.03336666666666667
12.9035 	WARNING 	1.0118412000010721: Video catchup needed, advancing self._nextFrameT from 0.03336666666666667 to 0.06673333333333334
12.9035 	WARNING 	1.0118515000067418: Video catchup needed, advancing self._nextFrameT from 0.06673333333333334 to 0.10010000000000001
12.9035 	WARNING 	1.011860099999467: Video catchup needed, advancing self._nextFrameT from 0.10010000000000001 to 0.13346666666666668
12.9035 	WARNING 	1.0118684000044595: Video catchup needed, advancing self._nextFrameT from 0.13346666666666668 to 0.16683333333333333
12.9035 	WARNING 	1.0118763000064064: Video catchup needed, advancing self._nextFrameT from 0.16683333333333333 to 0.2002
12.9035 	WARNING 	1.0118842000083532: Video catchup needed, advancing self._nextFrameT from 0.2002 to 0.23356666666666664
12.9035 	WARNING 	1.0118924000125844: Video catchup needed, advancing self._nextFrameT from 0.23356666666666664 to 0.2669333333333333
12.9035 	WARNING 	1.0119005000015022: Video catchup needed, advancing self._nextFrameT from 0.2669333333333333 to 0.30029999999999996
12.9036 	WARNING 	1.011908600004972: Video catchup needed, advancing self._nextFrameT from 0.30029999999999996 to 0.3336666666666666
12.9036 	WARNING 	Max reportNDroppedFrames reached, will not log any more dropped frames
12.9261 	EXP 	window1: mouseVisible = True
12.9345 	EXP 	Created image_4 = ImageStim(__class__=<class 'psychopy.visual.image.ImageStim'>, anchor=('center', 'center'), autoLog=True, color=array([1., 1., 1.]), colorSpace='rgb', contrast=1.0, depth=-4.0, draggable=False, flipHoriz=False, flipVert=False, image='default.png', interpolate=True, mask=None, maskParams=None, name='image_4', opacity=1.0, ori=0.0, pos=array([0., 0.]), size=array([0.35, 0.35]), texRes=128.0, units='height', win=Window(...))
12.9346 	EXP 	window1: mouseVisible = True
12.9354 	EXP 	Created text_8 = TextStim(__class__=<class 'psychopy.visual.text.TextStim'>, alignHoriz=method-wrapper(...), alignText='center', alignVert=method-wrapper(...), anchorHoriz='center', anchorVert='center', antialias=True, autoDraw=False, autoLog=True, bold=False, color=array([1., 1., 1.]), colorSpace='rgb', contrast=1.0, depth=0.0, draggable=False, flipHoriz=False, flipVert=False, font='Open Sans', fontFiles=[], height=0.05, italic=False, languageStyle='LTR', name='text_8', opacity=1.0, ori=0.0, pos=array([0., 0.]), rgb=UNKNOWN, text='', units='height', win=Window(...), wrapWidth=1)
12.9355 	EXP 	window1: mouseVisible = True
12.9430 	EXP 	Created image_6 = ImageStim(__class__=<class 'psychopy.visual.image.ImageStim'>, anchor=('center', 'center'), autoLog=True, color=array([1., 1., 1.]), colorSpace='rgb', contrast=1.0, depth=-1.0, draggable=False, flipHoriz=False, flipVert=False, image='default.png', interpolate=True, mask=None, maskParams=None, name='image_6', opacity=1.0, ori=0.0, pos=array([0., 0.]), size=array([0.35, 0.35]), texRes=128.0, units='height', win=Window(...))
12.9432 	EXP 	Created unnamed MovieStim3 = MovieStim3(__class__=<class 'psychopy.visual.movie3.MovieStim3'>, anchor=('center', 'center'), autoLog=True, color=UNKNOWN, colorSpace=UNKNOWN, depth=0.0, filename='imgs/video_mar.mp4', flipHoriz=False, flipVert=False, fps=UNKNOWN, interpolate=True, loop=True, name='unnamed MovieStim3', noAudio=False, opacity=1, ori=method-wrapper(...), pos=array([0., 0.]), size=None, units='pix', vframe_callback=UNKNOWN, volume=UNKNOWN, win=Window(...))
13.2788 	WARNING 	0.33551649999571964: Video catchup needed, advancing self._nextFrameT from 0.0 to 0.04
13.2788 	WARNING 	0.3355468999943696: Video catchup needed, advancing self._nextFrameT from 0.04 to 0.08
13.2788 	WARNING 	0.3355561999924248: Video catchup needed, advancing self._nextFrameT from 0.08 to 0.12
13.2788 	WARNING 	0.335564399996656: Video catchup needed, advancing self._nextFrameT from 0.12 to 0.16
13.2788 	WARNING 	0.33557209999707993: Video catchup needed, advancing self._nextFrameT from 0.16 to 0.2
13.2788 	WARNING 	0.33557999999902677: Video catchup needed, advancing self._nextFrameT from 0.2 to 0.24000000000000002
13.2788 	WARNING 	0.33558780000021216: Video catchup needed, advancing self._nextFrameT from 0.24000000000000002 to 0.28
13.3411 	EXP 	window1: mouseVisible = True
13.3512 	EXP 	Created image_7 = ImageStim(__class__=<class 'psychopy.visual.image.ImageStim'>, anchor=('center', 'center'), autoLog=True, color=array([1., 1., 1.]), colorSpace='rgb', contrast=1.0, depth=-1.0, draggable=False, flipHoriz=False, flipVert=False, image='default.png', interpolate=True, mask=None, maskParams=None, name='image_7', opacity=1.0, ori=0.0, pos=array([0., 0.]), size=array([0.35, 0.35]), texRes=128.0, units='height', win=Window(...))
13.3515 	EXP 	Created unnamed MovieStim3 = MovieStim3(__class__=<class 'psychopy.visual.movie3.MovieStim3'>, anchor=('center', 'center'), autoLog=True, color=UNKNOWN, colorSpace=UNKNOWN, depth=0.0, filename='imgs/song_titanic.mp4', flipHoriz=False, flipVert=False, fps=UNKNOWN, interpolate=True, loop=False, name='unnamed MovieStim3', noAudio=False, opacity=1, ori=method-wrapper(...), pos=array([0., 0.]), size=None, units='pix', vframe_callback=UNKNOWN, volume=UNKNOWN, win=Window(...))
14.0657 	WARNING 	0.714146799989976: Video catchup needed, advancing self._nextFrameT from 0.0 to 0.041666666666666664
14.0657 	WARNING 	0.714179000002332: Video catchup needed, advancing self._nextFrameT from 0.041666666666666664 to 0.08333333333333333
14.0658 	WARNING 	0.7141886000026716: Video catchup needed, advancing self._nextFrameT from 0.08333333333333333 to 0.125
14.0658 	WARNING 	0.7141975999984425: Video catchup needed, advancing self._nextFrameT from 0.125 to 0.16666666666666666
14.0658 	WARNING 	0.7142058000026736: Video catchup needed, advancing self._nextFrameT from 0.16666666666666666 to 0.20833333333333331
14.0658 	WARNING 	0.71421379999083: Video catchup needed, advancing self._nextFrameT from 0.20833333333333331 to 0.24999999999999997
14.0658 	WARNING 	0.7142217999935383: Video catchup needed, advancing self._nextFrameT from 0.24999999999999997 to 0.29166666666666663
14.0658 	WARNING 	0.7142304000008153: Video catchup needed, advancing self._nextFrameT from 0.29166666666666663 to 0.3333333333333333
14.0658 	WARNING 	0.7142383999889717: Video catchup needed, advancing self._nextFrameT from 0.3333333333333333 to 0.375
14.0658 	WARNING 	0.7142462999909185: Video catchup needed, advancing self._nextFrameT from 0.375 to 0.4166666666666667
14.0658 	WARNING 	Max reportNDroppedFrames reached, will not log any more dropped frames
14.0771 	EXP 	Created unnamed MovieStim3 = MovieStim3(__class__=<class 'psychopy.visual.movie3.MovieStim3'>, anchor=('center', 'center'), autoLog=True, color=UNKNOWN, colorSpace=UNKNOWN, depth=0.0, filename='imgs/titanic_spanish.mp4', flipHoriz=False, flipVert=False, fps=UNKNOWN, interpolate=True, loop=False, name='unnamed MovieStim3', noAudio=False, opacity=1, ori=method-wrapper(...), pos=array([0., 0.]), size=None, units='pix', vframe_callback=UNKNOWN, volume=UNKNOWN, win=Window(...))
15.2047 	WARNING 	1.1276394000014989: Video catchup needed, advancing self._nextFrameT from 0.0 to 0.04
15.2048 	WARNING 	1.127684799997951: Video catchup needed, advancing self._nextFrameT from 0.04 to 0.08
15.2048 	WARNING 	1.1277033999940613: Video catchup needed, advancing self._nextFrameT from 0.08 to 0.12
15.2048 	WARNING 	1.1277132999966852: Video catchup needed, advancing self._nextFrameT from 0.12 to 0.16
15.2048 	WARNING 	1.1277227999962633: Video catchup needed, advancing self._nextFrameT from 0.16 to 0.2
15.2048 	WARNING 	1.1277318000065861: Video catchup needed, advancing self._nextFrameT from 0.2 to 0.24000000000000002
15.2048 	WARNING 	1.1277409000031184: Video catchup needed, advancing self._nextFrameT from 0.24000000000000002 to 0.28
15.2048 	WARNING 	1.1277498999988893: Video catchup needed, advancing self._nextFrameT from 0.28 to 0.32
15.2049 	WARNING 	1.1277608999953372: Video catchup needed, advancing self._nextFrameT from 0.32 to 0.36
15.2049 	WARNING 	1.1277697000041371: Video catchup needed, advancing self._nextFrameT from 0.36 to 0.39999999999999997
15.2049 	WARNING 	Max reportNDroppedFrames reached, will not log any more dropped frames
15.2286 	EXP 	window1: mouseVisible = True
15.2376 	EXP 	Created image_8 = ImageStim(__class__=<class 'psychopy.visual.image.ImageStim'>, anchor=('center', 'center'), autoLog=True, color=array([1., 1., 1.]), colorSpace='rgb', contrast=1.0, depth=-3.0, draggable=False, flipHoriz=False, flipVert=False, image='default.png', interpolate=True, mask=None, maskParams=None, name='image_8', opacity=1.0, ori=0.0, pos=array([0., 0.]), size=array([0.35, 0.35]), texRes=128.0, units='height', win=Window(...))
15.2378 	EXP 	Created unnamed MovieStim3 = MovieStim3(__class__=<class 'psychopy.visual.movie3.MovieStim3'>, anchor=('center', 'center'), autoLog=True, color=UNKNOWN, colorSpace=UNKNOWN, depth=0.0, filename='imgs/titanic_spanish.mp4', flipHoriz=False, flipVert=False, fps=UNKNOWN, interpolate=True, loop=False, name='unnamed MovieStim3', noAudio=False, opacity=1, ori=method-wrapper(...), pos=array([0., 0.]), size=None, units='pix', vframe_callback=UNKNOWN, volume=UNKNOWN, win=Window(...))
16.3947 	WARNING 	1.1568963000026997: Video catchup needed, advancing self._nextFrameT from 0.0 to 0.04
16.3948 	WARNING 	1.1569328000041423: Video catchup needed, advancing self._nextFrameT from 0.04 to 0.08
16.3948 	WARNING 	1.1569469000096433: Video catchup needed, advancing self._nextFrameT from 0.08 to 0.12
16.3948 	WARNING 	1.1569553000008455: Video catchup needed, advancing self._nextFrameT from 0.12 to 0.16
16.3948 	WARNING 	1.156962900000508: Video catchup needed, advancing self._nextFrameT from 0.16 to 0.2
16.3948 	WARNING 	1.1569707000016933: Video catchup needed, advancing self._nextFrameT from 0.2 to 0.24000000000000002
16.3948 	WARNING 	1.156978800005163: Video catchup needed, advancing self._nextFrameT from 0.24000000000000002 to 0.28
16.3948 	WARNING 	1.1569866000063485: Video catchup needed, advancing self._nextFrameT from 0.28 to 0.32
16.3948 	WARNING 	1.156994200006011: Video catchup needed, advancing self._nextFrameT from 0.32 to 0.36
16.3948 	WARNING 	1.1570020000071963: Video catchup needed, advancing self._nextFrameT from 0.36 to 0.39999999999999997
16.3948 	WARNING 	Max reportNDroppedFrames reached, will not log any more dropped frames
16.4233 	EXP 	Created unnamed MovieStim3 = MovieStim3(__class__=<class 'psychopy.visual.movie3.MovieStim3'>, anchor=('center', 'center'), autoLog=True, color=UNKNOWN, colorSpace=UNKNOWN, depth=0.0, filename='imgs/titanic.mp4', flipHoriz=False, flipVert=False, fps=UNKNOWN, interpolate=True, loop=False, name='unnamed MovieStim3', noAudio=False, opacity=1, ori=method-wrapper(...), pos=array([  0., 100.]), size=None, units='pix', vframe_callback=UNKNOWN, volume=UNKNOWN, win=Window(...))
17.4699 	WARNING 	1.0466136000031838: Video catchup needed, advancing self._nextFrameT from 0.0 to 0.03336666666666667
17.4699 	WARNING 	1.0466513999999734: Video catchup needed, advancing self._nextFrameT from 0.03336666666666667 to 0.06673333333333334
17.4699 	WARNING 	1.0466626999987056: Video catchup needed, advancing self._nextFrameT from 0.06673333333333334 to 0.10010000000000001
17.4699 	WARNING 	1.0466732000058983: Video catchup needed, advancing self._nextFrameT from 0.10010000000000001 to 0.13346666666666668
17.4700 	WARNING 	1.0466853999969317: Video catchup needed, advancing self._nextFrameT from 0.13346666666666668 to 0.16683333333333333
17.4700 	WARNING 	1.046694500008016: Video catchup needed, advancing self._nextFrameT from 0.16683333333333333 to 0.2002
17.4700 	WARNING 	1.0467035000037868: Video catchup needed, advancing self._nextFrameT from 0.2002 to 0.23356666666666664
17.4700 	WARNING 	1.0467123999987962: Video catchup needed, advancing self._nextFrameT from 0.23356666666666664 to 0.2669333333333333
17.4700 	WARNING 	1.0467216999968514: Video catchup needed, advancing self._nextFrameT from 0.2669333333333333 to 0.30029999999999996
17.4700 	WARNING 	1.0467311999964295: Video catchup needed, advancing self._nextFrameT from 0.30029999999999996 to 0.3336666666666666
17.4700 	WARNING 	Max reportNDroppedFrames reached, will not log any more dropped frames
17.4921 	EXP 	window1: mouseVisible = True
17.5007 	EXP 	Created image_9 = ImageStim(__class__=<class 'psychopy.visual.image.ImageStim'>, anchor=('center', 'center'), autoLog=True, color=array([1., 1., 1.]), colorSpace='rgb', contrast=1.0, depth=-4.0, draggable=False, flipHoriz=False, flipVert=False, image='default.png', interpolate=True, mask=None, maskParams=None, name='image_9', opacity=1.0, ori=0.0, pos=array([0., 0.]), size=array([0.35, 0.35]), texRes=128.0, units='height', win=Window(...))
17.5008 	EXP 	window1: mouseVisible = True
17.5119 	EXP 	Created text_4 = TextStim(__class__=<class 'psychopy.visual.text.TextStim'>, alignHoriz=method-wrapper(...), alignText='center', alignVert=method-wrapper(...), anchorHoriz='center', anchorVert='center', antialias=True, autoDraw=False, autoLog=True, bold=False, color=array([1., 1., 1.]), colorSpace='rgb', contrast=1.0, depth=0.0, draggable=False, flipHoriz=False, flipVert=False, font='Open Sans', fontFiles=[], height=0.05, italic=False, languageStyle='LTR', name='text_4', opacity=1.0, ori=0.0, pos=array([0., 0.]), rgb=UNKNOWN, text='¡Muchas gracias por participar!', units='height', win=Window(...), wrapWidth=1)
0.0019 	EXP 	unnamed MovieStim3: autoLog = True
0.0019 	EXP 	unnamed MovieStim3: movie = 'imgs/video_mar.mp4'
0.0019 	EXP 	unnamed MovieStim3: ori = 0.0
0.0019 	EXP 	unnamed MovieStim3: autoLog = True
0.0019 	EXP 	unnamed MovieStim3: movie = 'imgs/song_titanic.mp4'
0.0019 	EXP 	unnamed MovieStim3: ori = 0.0
0.0019 	EXP 	unnamed MovieStim3: autoLog = True
0.0019 	EXP 	unnamed MovieStim3: movie = 'imgs/titanic_spanish.mp4'
0.0019 	EXP 	unnamed MovieStim3: ori = 0.0
0.0019 	EXP 	unnamed MovieStim3: autoLog = True
0.0019 	EXP 	unnamed MovieStim3: movie = 'imgs/titanic_spanish.mp4'
0.0019 	EXP 	unnamed MovieStim3: ori = 0.0
0.0019 	EXP 	unnamed MovieStim3: autoLog = True
0.0019 	EXP 	unnamed MovieStim3: movie = 'imgs/titanic.mp4'
0.0019 	EXP 	unnamed MovieStim3: ori = 0.0
0.0019 	EXP 	unnamed MovieStim3: autoLog = True
0.0019 	EXP 	unnamed MovieStim3: movie = 'imgs/video_mar.mp4'
0.0019 	EXP 	unnamed MovieStim3: ori = 0.0
0.0019 	EXP 	unnamed MovieStim3: autoLog = True
0.0019 	EXP 	unnamed MovieStim3: movie = 'imgs/song_titanic.mp4'
0.0019 	EXP 	unnamed MovieStim3: ori = 0.0
0.0019 	EXP 	unnamed MovieStim3: autoLog = True
0.0019 	EXP 	unnamed MovieStim3: movie = 'imgs/titanic_spanish.mp4'
0.0019 	EXP 	unnamed MovieStim3: ori = 0.0
0.0019 	EXP 	unnamed MovieStim3: autoLog = True
0.0019 	EXP 	unnamed MovieStim3: movie = 'imgs/titanic_spanish.mp4'
0.0019 	EXP 	unnamed MovieStim3: ori = 0.0
0.0019 	EXP 	unnamed MovieStim3: autoLog = True
0.0019 	EXP 	unnamed MovieStim3: movie = 'imgs/titanic.mp4'
0.0019 	EXP 	unnamed MovieStim3: ori = 0.0
0.0132 	EXP 	image_5: autoDraw = True
0.0132 	EXP 	text_6: autoDraw = True
3.0149 	EXP 	image_5: autoDraw = False
3.0149 	EXP 	text_6: autoDraw = False
3.0149 	EXP 	image_5: autoDraw = False
3.0149 	EXP 	text_6: autoDraw = False
3.0149 	EXP 	text_5: autoDraw = True
6.5168 	DATA 	Keypress: space
6.5458 	EXP 	text_5: autoDraw = False
6.5458 	EXP 	text_7: height = 0.05
6.5458 	EXP 	text_7: height = 0.05
6.5458 	EXP 	text_7: height = 0.05
6.5458 	EXP 	text_7: text = 'Ronda 1/4'
6.5458 	EXP 	text_7: autoDraw = True
8.5545 	EXP 	Imported imgs/iceberg_times.xlsx as conditions, 2 conditions, 3 params
8.5550 	EXP 	Created sequence: random, trialTypes=2, nReps=1, seed=None
8.5551 	EXP 	New trial (rep=0, index=0): {'timepresentation': 7, 'posx': 0.8, 'posy': 0.1}
8.5606 	EXP 	Sound  started
8.5609 	EXP 	New trial (rep=0, index=1): {'timepresentation': 12, 'posx': 0.5, 'posy': 0.1}
8.5715 	EXP 	Imported imgs/iceberg_times.xlsx as conditions, 2 conditions, 3 params
8.5718 	EXP 	Created sequence: random, trialTypes=2, nReps=1, seed=None
8.5719 	EXP 	New trial (rep=0, index=0): {'timepresentation': 12, 'posx': 0.5, 'posy': 0.1}
8.5760 	EXP 	Sound  started
8.5841 	EXP 	text_7: autoDraw = False
8.5841 	EXP 	image: image = 'imgs/iceberg.png'
8.5841 	EXP 	Set unnamed MovieStim3 playing
8.5841 	EXP 	image: autoDraw = False
8.5841 	EXP 	image: image = 'imgs/iceberg.png'
8.5841 	EXP 	image: autoDraw = False
8.5841 	EXP 	image_2: image = 'imgs/iceberg.png'
8.5841 	EXP 	Set unnamed MovieStim3 playing
20.5732 	EXP 	image_2: autoDraw = True
20.9261 	EXP 	New trial (rep=0, index=1): {'timepresentation': 7, 'posx': 0.8, 'posy': 0.1}
20.9398 	DATA 	Keypress: space
20.9486 	EXP 	image_2: autoDraw = False
20.9486 	EXP 	image_2: image = 'imgs/iceberg.png'
27.3434 	EXP 	Sound  stopped
27.4663 	EXP 	Sound  started
27.4663 	WARNING 	0.1469684000039706: Video catchup needed, advancing self._nextFrameT from 0.0 to 0.04
27.4663 	WARNING 	0.14698840001074132: Video catchup needed, advancing self._nextFrameT from 0.04 to 0.08
27.5811 	EXP 	Set unnamed MovieStim3 finished
27.5813 	WARNING 	19.630306899998686: Video catchup needed, advancing self._nextFrameT from 19.375000000000004 to 19.41666666666667
27.5814 	WARNING 	19.630341500000213: Video catchup needed, advancing self._nextFrameT from 19.41666666666667 to 19.45833333333334
27.5814 	WARNING 	19.630363000003854: Video catchup needed, advancing self._nextFrameT from 19.45833333333334 to 19.500000000000007
27.5814 	WARNING 	19.630390599995735: Video catchup needed, advancing self._nextFrameT from 19.500000000000007 to 19.541666666666675
27.5814 	WARNING 	19.630411399994045: Video catchup needed, advancing self._nextFrameT from 19.541666666666675 to 19.583333333333343
27.5858 	WARNING 	0.2664764000073774: Video catchup needed, advancing self._nextFrameT from 0.12 to 0.16
27.5858 	WARNING 	0.2665047000045888: Video catchup needed, advancing self._nextFrameT from 0.16 to 0.2
27.9355 	EXP 	image_2: autoDraw = True
28.3111 	DATA 	Keypress: space
28.3418 	EXP 	Sound  stopped
28.3491 	EXP 	Imported imgs/iceberg_times.xlsx as conditions, 2 conditions, 3 params
28.3494 	EXP 	Created sequence: random, trialTypes=2, nReps=1, seed=None
28.3495 	EXP 	New trial (rep=0, index=0): {'timepresentation': 7, 'posx': 0.8, 'posy': 0.1}
28.3496 	EXP 	Sound  started
28.3553 	EXP 	New trial (rep=0, index=1): {'timepresentation': 12, 'posx': 0.5, 'posy': 0.1}
28.3928 	EXP 	Sound  stopped
28.3995 	EXP 	Imported imgs/iceberg_times.xlsx as conditions, 2 conditions, 3 params
28.3999 	EXP 	Created sequence: random, trialTypes=2, nReps=1, seed=None
28.4000 	EXP 	New trial (rep=0, index=0): {'timepresentation': 12, 'posx': -0.8, 'posy': 0.15}
28.4000 	EXP 	Sound  started
28.4002 	EXP 	Sound  started
28.4061 	EXP 	New trial (rep=0, index=1): {'timepresentation': 7, 'posx': -0.5, 'posy': 0.15}
28.4318 	EXP 	Sound  stopped
28.4523 	EXP 	Sound  stopped
28.4627 	EXP 	image_2: autoDraw = False
28.4627 	EXP 	Set unnamed MovieStim3 stopped
28.4627 	EXP 	Set unnamed MovieStim3 playing
28.4627 	EXP 	image_3: image = 'imgs/iceberg.png'
28.4627 	EXP 	image_3: autoDraw = False
28.4627 	EXP 	image_3: image = 'imgs/iceberg.png'
28.4627 	EXP 	image_3: autoDraw = False
28.4627 	EXP 	Set unnamed MovieStim3 stopped
28.4627 	EXP 	Set unnamed MovieStim3 playing
28.4627 	EXP 	Set unnamed MovieStim3 playing
28.4627 	EXP 	image_4: image = 'imgs/iceberg.png'
28.4627 	EXP 	image_4: autoDraw = False
28.4627 	EXP 	image_4: image = 'imgs/iceberg.png'
28.4627 	EXP 	image_4: autoDraw = False
28.4627 	EXP 	Set unnamed MovieStim3 stopped
28.4627 	EXP 	Set unnamed MovieStim3 stopped
28.4627 	EXP 	text_8: height = 0.05
28.4627 	EXP 	text_8: height = 0.05
28.4627 	EXP 	text_8: height = 0.05
28.4627 	EXP 	text_8: text = 'Ronda 2/4'
28.4627 	EXP 	text_8: autoDraw = True
30.4569 	EXP 	Imported imgs/iceberg_times.xlsx as conditions, 2 conditions, 3 params
30.4572 	EXP 	Created sequence: random, trialTypes=2, nReps=1, seed=None
30.4574 	EXP 	New trial (rep=0, index=0): {'timepresentation': 3, 'posx': 0.5, 'posy': 0.1}
30.4626 	EXP 	New trial (rep=0, index=1): {'timepresentation': 10, 'posx': 0.8, 'posy': 0.1}
30.4735 	EXP 	Imported imgs/iceberg_times.xlsx as conditions, 2 conditions, 3 params
30.4738 	EXP 	Created sequence: random, trialTypes=2, nReps=1, seed=None
30.4739 	EXP 	New trial (rep=0, index=0): {'timepresentation': 10, 'posx': 0.8, 'posy': 0.1}
30.4783 	EXP 	New trial (rep=0, index=1): {'timepresentation': 3, 'posx': 0.5, 'posy': 0.1}
30.4891 	EXP 	Imported imgs/iceberg_times.xlsx as conditions, 2 conditions, 3 params
30.4893 	EXP 	Created sequence: random, trialTypes=2, nReps=1, seed=None
30.4894 	EXP 	New trial (rep=0, index=0): {'timepresentation': 3, 'posx': 0.5, 'posy': 0.1}
30.4940 	EXP 	New trial (rep=0, index=1): {'timepresentation': 10, 'posx': 0.8, 'posy': 0.1}
30.5048 	EXP 	Imported imgs/iceberg_times.xlsx as conditions, 2 conditions, 3 params
30.5051 	EXP 	Created sequence: random, trialTypes=2, nReps=1, seed=None
30.5052 	EXP 	New trial (rep=0, index=0): {'timepresentation': 15, 'posx': 0.7, 'posy': 0.1}
30.5095 	WARNING 	3.190150700000231: Video catchup needed, advancing self._nextFrameT from 1.0000000000000002 to 1.0400000000000003
30.5095 	WARNING 	3.190175100011402: Video catchup needed, advancing self._nextFrameT from 1.0400000000000003 to 1.0800000000000003
30.5095 	WARNING 	3.190187500003958: Video catchup needed, advancing self._nextFrameT from 1.0800000000000003 to 1.1200000000000003
30.5095 	WARNING 	3.190198299998883: Video catchup needed, advancing self._nextFrameT from 1.1200000000000003 to 1.1600000000000004
30.5095 	WARNING 	3.1902088000060758: Video catchup needed, advancing self._nextFrameT from 1.1600000000000004 to 1.2000000000000004
30.5095 	WARNING 	3.1902197000017622: Video catchup needed, advancing self._nextFrameT from 1.2000000000000004 to 1.2400000000000004
30.5095 	WARNING 	Max reportNDroppedFrames reached, will not log any more dropped frames
30.9582 	EXP 	text_8: autoDraw = False
30.9582 	EXP 	text_8: autoDraw = False
30.9582 	EXP 	image_6: image = 'imgs/iceberg.png'
30.9582 	EXP 	image_6: autoDraw = False
30.9582 	EXP 	image_6: image = 'imgs/iceberg.png'
30.9582 	EXP 	image_6: autoDraw = False
30.9582 	EXP 	image_7: image = 'imgs/iceberg.png'
30.9582 	EXP 	image_7: autoDraw = False
30.9582 	EXP 	image_7: image = 'imgs/iceberg.png'
30.9582 	EXP 	image_7: autoDraw = False
30.9582 	EXP 	image_8: image = 'imgs/iceberg.png'
30.9582 	EXP 	image_8: autoDraw = False
30.9582 	EXP 	image_8: image = 'imgs/iceberg.png'
30.9582 	EXP 	image_8: autoDraw = False
30.9582 	EXP 	image_9: image = 'imgs/iceberg.png'
45.5080 	EXP 	image_9: autoDraw = True
45.8750 	EXP 	New trial (rep=0, index=1): {'timepresentation': 14, 'posx': -0.5, 'posy': 0.15}
45.8803 	DATA 	Keypress: space
45.8928 	EXP 	image_9: autoDraw = False
45.8928 	EXP 	image_9: image = 'imgs/iceberg.png'
46.3205 	EXP 	Sound  stopped
46.4429 	EXP 	Sound  started
46.5573 	EXP 	Set unnamed MovieStim3 finished
59.9005 	EXP 	image_9: autoDraw = True
60.2676 	DATA 	Keypress: space
60.2812 	EXP 	image_9: autoDraw = False
60.2812 	EXP 	text_4: autoDraw = True
62.2945 	EXP 	text_4: autoDraw = False
62.2947 	EXP 	tarea_iceberg: status = STOPPED
62.4392 	EXP 	window1: mouseVisible = True
