6.4268 	WARNING 	User requested fullscreen with size [1536  864], but screen is actually [1920, 1080]. Using actual size
7.1907 	EXP 	Created window1 = Window(allowGUI=True, allowStencil=False, autoLog=True, backendConf=UNKNOWN, backgroundFit=<method-wrapper '__getattribute__' of attributeSetter object at 0x0000019BDE6C3D60>, backgroundImage=<method-wrapper '__getattribute__' of attributeSetter object at 0x0000019BDE6C3D00>, bitsMode=UNKNOWN, blendMode='avg', bpc=(8, 8, 8), color=array([0, 0, 0]), colorSpace='rgb', depthBits=8, fullscr=<method-wrapper '__getattribute__' of attributeSetter object at 0x0000019BDE6C3B20>, gamma=None, gammaErrorPolicy='raise', lms=UNKNOWN, monitor=<psychopy.monitors.calibTools.Monitor object at 0x0000019BDEB912B0>, multiSample=False, name='window1', numSamples=2, pos=(0, 0), screen=0, size=array([1920, 1080]), stencilBits=0, stereo=False, title='PsychoPy', units='height', useFBO=True, useRetina=False, viewOri=0.0, viewPos=None, viewScale=None, waitBlanking=True, winType='pyglet')
7.1908 	EXP 	window1: mouseVisible = True
7.1908 	EXP 	window1: backgroundImage = ''
7.1908 	EXP 	window1: backgroundFit = 'none'
7.1918 	EXP 	window1: Attempting to measure frame rate of screen (0) ...
7.1919 	EXP 	window1: recordFrameIntervals = False
7.3572 	EXP 	window1: recordFrameIntervals = True
7.5406 	EXP 	Screen (0) actual frame rate measured at 60.08Hz
7.5406 	EXP 	window1: recordFrameIntervals = False
7.5408 	EXP 	window1: mouseVisible = False
9.7647 	EXP 	tarea_iceberg: status = STARTED
9.7651 	EXP 	window1: mouseVisible = True
9.7657 	WARNING 	Requested image 'imgs/logo_OB.jpeg' not found but similar filename 'imgs/logo_OB.png' exists. This will be used instead but changing the filename is advised.
9.7833 	WARNING 	Requested image 'imgs/logo_OB.jpeg' not found but similar filename 'imgs/logo_OB.png' exists. This will be used instead but changing the filename is advised.
9.7886 	WARNING 	Requested image 'imgs/logo_OB.jpeg' not found but similar filename 'imgs/logo_OB.png' exists. This will be used instead but changing the filename is advised.
9.7931 	WARNING 	Requested image 'imgs/logo_OB.jpeg' not found but similar filename 'imgs/logo_OB.png' exists. This will be used instead but changing the filename is advised.
9.8006 	EXP 	Created image_5 = ImageStim(__class__=<class 'psychopy.visual.image.ImageStim'>, anchor=('center', 'center'), autoLog=True, color=array([1., 1., 1.]), colorSpace='rgb', contrast=1.0, depth=0.0, draggable=False, flipHoriz=False, flipVert=False, image='imgs/logo_OB.jpeg', interpolate=True, mask=None, maskParams=None, name='image_5', opacity=1.0, ori=0.0, pos=array([0., 0.]), size=array([0.6, 0.7]), texRes=128.0, units='height', win=Window(...))
9.8009 	EXP 	window1: mouseVisible = True
9.8673 	EXP 	Created text_6 = TextStim(__class__=<class 'psychopy.visual.text.TextStim'>, alignHoriz=method-wrapper(...), alignText='center', alignVert=method-wrapper(...), anchorHoriz='center', anchorVert='center', antialias=True, autoDraw=False, autoLog=True, bold=False, color=array([1., 1., 1.]), colorSpace='rgb', contrast=1.0, depth=-1.0, draggable=False, flipHoriz=False, flipVert=False, font='Open Sans', fontFiles=[], height=0.04, italic=False, languageStyle='LTR', name='text_6', opacity=1.0, ori=0.0, pos=array([ 0.  , -0.35]), rgb=UNKNOWN, text='¡Bienvenido a un experimento de Open Brains!', units='height', win=Window(...), wrapWidth=1)
9.8674 	EXP 	window1: mouseVisible = True
9.8868 	EXP 	Created text_5 = TextStim(__class__=<class 'psychopy.visual.text.TextStim'>, alignHoriz=method-wrapper(...), alignText='center', alignVert=method-wrapper(...), anchorHoriz='center', anchorVert='center', antialias=True, autoDraw=False, autoLog=True, bold=False, color=array([1., 1., 1.]), colorSpace='rgb', contrast=1.0, depth=0.0, draggable=False, flipHoriz=False, flipVert=False, font='Open Sans', fontFiles=[], height=0.035, italic=False, languageStyle='LTR', name='text_5', opacity=1.0, ori=0.0, pos=array([0., 0.]), rgb=UNKNOWN, text=str(...), units='height', win=Window(...), wrapWidth=1)
9.8869 	EXP 	window1: mouseVisible = True
9.8881 	EXP 	Created text_7 = TextStim(__class__=<class 'psychopy.visual.text.TextStim'>, alignHoriz=method-wrapper(...), alignText='center', alignVert=method-wrapper(...), anchorHoriz='center', anchorVert='center', antialias=True, autoDraw=False, autoLog=True, bold=False, color=array([1., 1., 1.]), colorSpace='rgb', contrast=1.0, depth=0.0, draggable=False, flipHoriz=False, flipVert=False, font='Open Sans', fontFiles=[], height=0.05, italic=False, languageStyle='LTR', name='text_7', opacity=1.0, ori=0.0, pos=array([0., 0.]), rgb=UNKNOWN, text='', units='height', win=Window(...), wrapWidth=1)
9.8882 	EXP 	window1: mouseVisible = True
9.8980 	EXP 	Created image = ImageStim(__class__=<class 'psychopy.visual.image.ImageStim'>, anchor=('center', 'center'), autoLog=True, color=array([1., 1., 1.]), colorSpace='rgb', contrast=1.0, depth=-1.0, draggable=False, flipHoriz=False, flipVert=False, image='default.png', interpolate=True, mask=None, maskParams=None, name='image', opacity=1.0, ori=0.0, pos=array([0., 0.]), size=array([0.35, 0.35]), texRes=128.0, units='height', win=Window(...))
10.0319 	EXP 	Created unnamed MovieStim3 = MovieStim3(__class__=<class 'psychopy.visual.movie3.MovieStim3'>, anchor=('center', 'center'), autoLog=True, color=UNKNOWN, colorSpace=UNKNOWN, depth=0.0, filename='imgs/video_mar.mp4', flipHoriz=False, flipVert=False, fps=UNKNOWN, interpolate=True, loop=True, name='unnamed MovieStim3', noAudio=False, opacity=1, ori=method-wrapper(...), pos=array([0., 0.]), size=None, units='pix', vframe_callback=UNKNOWN, volume=UNKNOWN, win=Window(...))
11.2461 	WARNING 	1.2141119000007166: Video catchup needed, advancing self._nextFrameT from 0.0 to 0.04
11.2462 	WARNING 	1.214199499998358: Video catchup needed, advancing self._nextFrameT from 0.04 to 0.08
11.2462 	WARNING 	1.2142104000085965: Video catchup needed, advancing self._nextFrameT from 0.08 to 0.12
11.2462 	WARNING 	1.2142192000028444: Video catchup needed, advancing self._nextFrameT from 0.12 to 0.16
11.2462 	WARNING 	1.214227699994808: Video catchup needed, advancing self._nextFrameT from 0.16 to 0.2
11.2462 	WARNING 	1.2142358999990392: Video catchup needed, advancing self._nextFrameT from 0.2 to 0.24000000000000002
11.2462 	WARNING 	1.2142463000054704: Video catchup needed, advancing self._nextFrameT from 0.24000000000000002 to 0.28
11.2462 	WARNING 	1.2142544999951497: Video catchup needed, advancing self._nextFrameT from 0.28 to 0.32
11.2462 	WARNING 	1.2142620999948122: Video catchup needed, advancing self._nextFrameT from 0.32 to 0.36
11.2462 	WARNING 	1.214270199998282: Video catchup needed, advancing self._nextFrameT from 0.36 to 0.39999999999999997
11.2463 	WARNING 	Max reportNDroppedFrames reached, will not log any more dropped frames
11.5566 	EXP 	window1: mouseVisible = True
11.5763 	EXP 	Created image_2 = ImageStim(__class__=<class 'psychopy.visual.image.ImageStim'>, anchor=('center', 'center'), autoLog=True, color=array([1., 1., 1.]), colorSpace='rgb', contrast=1.0, depth=-1.0, draggable=False, flipHoriz=False, flipVert=False, image='default.png', interpolate=True, mask=None, maskParams=None, name='image_2', opacity=1.0, ori=0.0, pos=array([0., 0.]), size=array([0.35, 0.35]), texRes=128.0, units='height', win=Window(...))
11.5766 	EXP 	Created unnamed MovieStim3 = MovieStim3(__class__=<class 'psychopy.visual.movie3.MovieStim3'>, anchor=('center', 'center'), autoLog=True, color=UNKNOWN, colorSpace=UNKNOWN, depth=0.0, filename='imgs/song_titanic.mp4', flipHoriz=False, flipVert=False, fps=UNKNOWN, interpolate=True, loop=False, name='unnamed MovieStim3', noAudio=False, opacity=1, ori=method-wrapper(...), pos=array([0., 0.]), size=None, units='pix', vframe_callback=UNKNOWN, volume=UNKNOWN, win=Window(...))
12.5743 	WARNING 	0.9976544999954058: Video catchup needed, advancing self._nextFrameT from 0.0 to 0.041666666666666664
12.5743 	WARNING 	0.9976890999969328: Video catchup needed, advancing self._nextFrameT from 0.041666666666666664 to 0.08333333333333333
12.5743 	WARNING 	0.9976992999872891: Video catchup needed, advancing self._nextFrameT from 0.08333333333333333 to 0.125
12.5743 	WARNING 	0.9977076999930432: Video catchup needed, advancing self._nextFrameT from 0.125 to 0.16666666666666666
12.5743 	WARNING 	0.9977156999957515: Video catchup needed, advancing self._nextFrameT from 0.16666666666666666 to 0.20833333333333331
12.5743 	WARNING 	0.997730799994315: Video catchup needed, advancing self._nextFrameT from 0.20833333333333331 to 0.24999999999999997
12.5743 	WARNING 	0.9977393000008306: Video catchup needed, advancing self._nextFrameT from 0.24999999999999997 to 0.29166666666666663
12.5743 	WARNING 	0.997746900000493: Video catchup needed, advancing self._nextFrameT from 0.29166666666666663 to 0.3333333333333333
12.5743 	WARNING 	0.9977542999986326: Video catchup needed, advancing self._nextFrameT from 0.3333333333333333 to 0.375
12.5743 	WARNING 	0.9977616999967722: Video catchup needed, advancing self._nextFrameT from 0.375 to 0.4166666666666667
12.5743 	WARNING 	Max reportNDroppedFrames reached, will not log any more dropped frames
12.5973 	EXP 	Created unnamed MovieStim3 = MovieStim3(__class__=<class 'psychopy.visual.movie3.MovieStim3'>, anchor=('center', 'center'), autoLog=True, color=UNKNOWN, colorSpace=UNKNOWN, depth=0.0, filename='imgs/titanic_spanish.mp4', flipHoriz=False, flipVert=False, fps=UNKNOWN, interpolate=True, loop=False, name='unnamed MovieStim3', noAudio=False, opacity=1, ori=method-wrapper(...), pos=array([0., 0.]), size=None, units='pix', vframe_callback=UNKNOWN, volume=UNKNOWN, win=Window(...))
13.9268 	WARNING 	1.3294931999989785: Video catchup needed, advancing self._nextFrameT from 0.0 to 0.04
13.9268 	WARNING 	1.3295509000017773: Video catchup needed, advancing self._nextFrameT from 0.04 to 0.08
13.9269 	WARNING 	1.3295672999956878: Video catchup needed, advancing self._nextFrameT from 0.08 to 0.12
13.9269 	WARNING 	1.3295819999912055: Video catchup needed, advancing self._nextFrameT from 0.12 to 0.16
13.9269 	WARNING 	1.3295964999997523: Video catchup needed, advancing self._nextFrameT from 0.16 to 0.2
13.9269 	WARNING 	1.3296107999922242: Video catchup needed, advancing self._nextFrameT from 0.2 to 0.24000000000000002
13.9269 	WARNING 	1.3296277999907034: Video catchup needed, advancing self._nextFrameT from 0.24000000000000002 to 0.28
13.9269 	WARNING 	1.3296428000030573: Video catchup needed, advancing self._nextFrameT from 0.28 to 0.32
13.9270 	WARNING 	1.3296648999967147: Video catchup needed, advancing self._nextFrameT from 0.32 to 0.36
13.9270 	WARNING 	1.329684600001201: Video catchup needed, advancing self._nextFrameT from 0.36 to 0.39999999999999997
13.9270 	WARNING 	Max reportNDroppedFrames reached, will not log any more dropped frames
13.9759 	EXP 	window1: mouseVisible = True
13.9924 	EXP 	Created image_3 = ImageStim(__class__=<class 'psychopy.visual.image.ImageStim'>, anchor=('center', 'center'), autoLog=True, color=array([1., 1., 1.]), colorSpace='rgb', contrast=1.0, depth=-3.0, draggable=False, flipHoriz=False, flipVert=False, image='default.png', interpolate=True, mask=None, maskParams=None, name='image_3', opacity=1.0, ori=0.0, pos=array([0., 0.]), size=array([0.35, 0.35]), texRes=128.0, units='height', win=Window(...))
13.9926 	EXP 	Created unnamed MovieStim3 = MovieStim3(__class__=<class 'psychopy.visual.movie3.MovieStim3'>, anchor=('center', 'center'), autoLog=True, color=UNKNOWN, colorSpace=UNKNOWN, depth=0.0, filename='imgs/titanic_spanish.mp4', flipHoriz=False, flipVert=False, fps=UNKNOWN, interpolate=True, loop=False, name='unnamed MovieStim3', noAudio=False, opacity=1, ori=method-wrapper(...), pos=array([0., 0.]), size=None, units='pix', vframe_callback=UNKNOWN, volume=UNKNOWN, win=Window(...))
15.2326 	WARNING 	1.2399352000065846: Video catchup needed, advancing self._nextFrameT from 0.0 to 0.04
15.2326 	WARNING 	1.2399688000004971: Video catchup needed, advancing self._nextFrameT from 0.04 to 0.08
15.2326 	WARNING 	1.239977999997791: Video catchup needed, advancing self._nextFrameT from 0.08 to 0.12
15.2326 	WARNING 	1.2399858999997377: Video catchup needed, advancing self._nextFrameT from 0.12 to 0.16
15.2326 	WARNING 	1.2399943000054918: Video catchup needed, advancing self._nextFrameT from 0.16 to 0.2
15.2326 	WARNING 	1.2400018000043929: Video catchup needed, advancing self._nextFrameT from 0.2 to 0.24000000000000002
15.2326 	WARNING 	1.2400119000085397: Video catchup needed, advancing self._nextFrameT from 0.24000000000000002 to 0.28
15.2326 	WARNING 	1.2400195000082022: Video catchup needed, advancing self._nextFrameT from 0.28 to 0.32
15.2327 	WARNING 	1.240027399995597: Video catchup needed, advancing self._nextFrameT from 0.32 to 0.36
15.2327 	WARNING 	1.2400347000075271: Video catchup needed, advancing self._nextFrameT from 0.36 to 0.39999999999999997
15.2327 	WARNING 	Max reportNDroppedFrames reached, will not log any more dropped frames
15.2666 	EXP 	Created unnamed MovieStim3 = MovieStim3(__class__=<class 'psychopy.visual.movie3.MovieStim3'>, anchor=('center', 'center'), autoLog=True, color=UNKNOWN, colorSpace=UNKNOWN, depth=0.0, filename='imgs/titanic.mp4', flipHoriz=False, flipVert=False, fps=UNKNOWN, interpolate=True, loop=False, name='unnamed MovieStim3', noAudio=False, opacity=1, ori=method-wrapper(...), pos=array([  0., 100.]), size=None, units='pix', vframe_callback=UNKNOWN, volume=UNKNOWN, win=Window(...))
16.4015 	WARNING 	1.1349122999963583: Video catchup needed, advancing self._nextFrameT from 0.0 to 0.03336666666666667
16.4016 	WARNING 	1.1349489999993239: Video catchup needed, advancing self._nextFrameT from 0.03336666666666667 to 0.06673333333333334
16.4016 	WARNING 	1.1349603999988176: Video catchup needed, advancing self._nextFrameT from 0.06673333333333334 to 0.10010000000000001
16.4016 	WARNING 	1.1349707999906968: Video catchup needed, advancing self._nextFrameT from 0.10010000000000001 to 0.13346666666666668
16.4016 	WARNING 	1.134980099988752: Video catchup needed, advancing self._nextFrameT from 0.13346666666666668 to 0.16683333333333333
16.4016 	WARNING 	1.1349889999983134: Video catchup needed, advancing self._nextFrameT from 0.16683333333333333 to 0.2002
16.4016 	WARNING 	1.1349980999948457: Video catchup needed, advancing self._nextFrameT from 0.2002 to 0.23356666666666664
16.4016 	WARNING 	1.1350068999890937: Video catchup needed, advancing self._nextFrameT from 0.23356666666666664 to 0.2669333333333333
16.4016 	WARNING 	1.1350156999978935: Video catchup needed, advancing self._nextFrameT from 0.2669333333333333 to 0.30029999999999996
16.4016 	WARNING 	1.1350269999966258: Video catchup needed, advancing self._nextFrameT from 0.30029999999999996 to 0.3336666666666666
16.4017 	WARNING 	Max reportNDroppedFrames reached, will not log any more dropped frames
16.4438 	EXP 	window1: mouseVisible = True
16.4560 	EXP 	Created image_4 = ImageStim(__class__=<class 'psychopy.visual.image.ImageStim'>, anchor=('center', 'center'), autoLog=True, color=array([1., 1., 1.]), colorSpace='rgb', contrast=1.0, depth=-4.0, draggable=False, flipHoriz=False, flipVert=False, image='default.png', interpolate=True, mask=None, maskParams=None, name='image_4', opacity=1.0, ori=0.0, pos=array([0., 0.]), size=array([0.35, 0.35]), texRes=128.0, units='height', win=Window(...))
16.4561 	EXP 	window1: mouseVisible = True
16.4680 	EXP 	Created text_4 = TextStim(__class__=<class 'psychopy.visual.text.TextStim'>, alignHoriz=method-wrapper(...), alignText='center', alignVert=method-wrapper(...), anchorHoriz='center', anchorVert='center', antialias=True, autoDraw=False, autoLog=True, bold=False, color=array([1., 1., 1.]), colorSpace='rgb', contrast=1.0, depth=0.0, draggable=False, flipHoriz=False, flipVert=False, font='Open Sans', fontFiles=[], height=0.05, italic=False, languageStyle='LTR', name='text_4', opacity=1.0, ori=0.0, pos=array([0., 0.]), rgb=UNKNOWN, text='¡Muchas gracias por participar!', units='height', win=Window(...), wrapWidth=1)
0.0024 	EXP 	unnamed MovieStim3: autoLog = True
0.0024 	EXP 	unnamed MovieStim3: movie = 'imgs/video_mar.mp4'
0.0024 	EXP 	unnamed MovieStim3: ori = 0.0
0.0024 	EXP 	unnamed MovieStim3: autoLog = True
0.0024 	EXP 	unnamed MovieStim3: movie = 'imgs/song_titanic.mp4'
0.0024 	EXP 	unnamed MovieStim3: ori = 0.0
0.0024 	EXP 	unnamed MovieStim3: autoLog = True
0.0024 	EXP 	unnamed MovieStim3: movie = 'imgs/titanic_spanish.mp4'
0.0024 	EXP 	unnamed MovieStim3: ori = 0.0
0.0024 	EXP 	unnamed MovieStim3: autoLog = True
0.0024 	EXP 	unnamed MovieStim3: movie = 'imgs/titanic_spanish.mp4'
0.0024 	EXP 	unnamed MovieStim3: ori = 0.0
0.0024 	EXP 	unnamed MovieStim3: autoLog = True
0.0024 	EXP 	unnamed MovieStim3: movie = 'imgs/titanic.mp4'
0.0024 	EXP 	unnamed MovieStim3: ori = 0.0
0.0135 	EXP 	image_5: autoDraw = True
0.0135 	EXP 	text_6: autoDraw = True
3.0154 	EXP 	image_5: autoDraw = False
3.0154 	EXP 	text_6: autoDraw = False
3.0154 	EXP 	image_5: autoDraw = False
3.0154 	EXP 	text_6: autoDraw = False
3.0154 	EXP 	text_5: autoDraw = True
6.1869 	EXP 	Imported imgs/routines_order.xlsx as conditions, 5 conditions, 1 params
6.1872 	EXP 	Created sequence: sequential, trialTypes=5, nReps=1, seed=None
6.1874 	EXP 	New trial (rep=0, index=0): {'routineName': 'music_video'}
6.1941 	DATA 	Keypress: space
6.1968 	EXP 	text_5: autoDraw = False
6.1968 	EXP 	text_7: height = 0.05
6.1968 	EXP 	text_7: height = 0.05
6.1968 	EXP 	text_7: height = 0.05
6.1968 	EXP 	text_7: text = 'Nueva ronda'
6.1968 	EXP 	text_7: autoDraw = True
8.2030 	EXP 	Imported imgs/iceberg_times.xlsx as conditions, 2 conditions, 3 params
8.2033 	EXP 	Created sequence: random, trialTypes=2, nReps=1, seed=None
8.2035 	EXP 	New trial (rep=0, index=0): {'timepresentation': 4, 'posx': -0.5, 'posy': 0.15}
8.2090 	EXP 	Sound  started
8.2093 	EXP 	New trial (rep=0, index=1): {'timepresentation': 5, 'posx': 0.9, 'posy': 0.1}
8.2209 	EXP 	Imported imgs/iceberg_times.xlsx as conditions, 2 conditions, 3 params
8.2212 	EXP 	Created sequence: random, trialTypes=2, nReps=1, seed=None
8.2213 	EXP 	New trial (rep=0, index=0): {'timepresentation': 5, 'posx': 0.9, 'posy': 0.1}
8.2263 	EXP 	Sound  started
8.2266 	EXP 	New trial (rep=0, index=1): {'timepresentation': 4, 'posx': -0.5, 'posy': 0.15}
8.2539 	EXP 	Sound  stopped
8.2608 	EXP 	Imported imgs/iceberg_times.xlsx as conditions, 2 conditions, 3 params
8.2611 	EXP 	Created sequence: random, trialTypes=2, nReps=1, seed=None
8.2613 	EXP 	New trial (rep=0, index=0): {'timepresentation': 4, 'posx': -0.5, 'posy': 0.15}
8.2613 	EXP 	Sound  started
8.2684 	EXP 	New trial (rep=0, index=1): {'timepresentation': 5, 'posx': 0.9, 'posy': 0.1}
8.3028 	EXP 	Sound  stopped
8.3097 	EXP 	Imported imgs/iceberg_times.xlsx as conditions, 2 conditions, 3 params
8.3100 	EXP 	Created sequence: random, trialTypes=2, nReps=1, seed=None
8.3102 	EXP 	New trial (rep=0, index=0): {'timepresentation': 9, 'posx': 0.5, 'posy': 0.1}
8.3103 	EXP 	Sound  started
8.3105 	EXP 	Sound  started
8.3256 	EXP 	text_7: autoDraw = False
8.3256 	EXP 	image: image = 'imgs/iceberg.png'
8.3256 	EXP 	Set unnamed MovieStim3 playing
8.3256 	EXP 	image: autoDraw = False
8.3256 	EXP 	image: image = 'imgs/iceberg.png'
8.3256 	EXP 	image: autoDraw = False
8.3256 	EXP 	image_2: image = 'imgs/iceberg.png'
8.3256 	EXP 	Set unnamed MovieStim3 playing
8.3256 	EXP 	image_2: autoDraw = False
8.3256 	EXP 	image_2: image = 'imgs/iceberg.png'
8.3256 	EXP 	image_2: autoDraw = False
8.3256 	EXP 	Set unnamed MovieStim3 stopped
8.3256 	EXP 	unnamed MovieStim3: autoDraw = True
8.3256 	EXP 	image_3: image = 'imgs/iceberg.png'
8.3256 	EXP 	image_3: autoDraw = False
8.3256 	EXP 	unnamed MovieStim3: autoDraw = True
8.3256 	EXP 	image_3: image = 'imgs/iceberg.png'
8.3256 	EXP 	image_3: autoDraw = False
8.3256 	EXP 	Set unnamed MovieStim3 stopped
8.3256 	EXP 	Set unnamed MovieStim3 playing
8.3256 	EXP 	Set unnamed MovieStim3 playing
8.3256 	EXP 	image_4: image = 'imgs/iceberg.png'
17.3088 	EXP 	image_4: autoDraw = True
17.8801 	EXP 	New trial (rep=0, index=1): {'timepresentation': 14, 'posx': 0.7, 'posy': 0.1}
17.8893 	DATA 	Keypress: space
17.8968 	EXP 	image_4: autoDraw = False
17.8968 	EXP 	image_4: image = 'imgs/iceberg.png'
26.0940 	EXP 	Sound  stopped
26.2544 	EXP 	Sound  started
26.2544 	WARNING 	0.18360640000901185: Video catchup needed, advancing self._nextFrameT from 0.0 to 0.04
26.2545 	WARNING 	0.18363030000182334: Video catchup needed, advancing self._nextFrameT from 0.04 to 0.08
26.2545 	WARNING 	0.18364370000199415: Video catchup needed, advancing self._nextFrameT from 0.08 to 0.12
26.3803 	WARNING 	19.137515933340183: Video catchup needed, advancing self._nextFrameT from 18.818799999999765 to 18.85216666666643
26.3803 	WARNING 	19.137559133334435: Video catchup needed, advancing self._nextFrameT from 18.85216666666643 to 18.885533333333097
26.3803 	WARNING 	19.13757053333393: Video catchup needed, advancing self._nextFrameT from 18.885533333333097 to 18.918899999999763
26.3803 	WARNING 	19.13758033333579: Video catchup needed, advancing self._nextFrameT from 18.918899999999763 to 18.95226666666643
26.3803 	WARNING 	19.137589433332323: Video catchup needed, advancing self._nextFrameT from 18.95226666666643 to 18.985633333333094
26.3804 	WARNING 	19.13759793333884: Video catchup needed, advancing self._nextFrameT from 18.985633333333094 to 19.01899999999976
26.3804 	WARNING 	19.13760633333004: Video catchup needed, advancing self._nextFrameT from 19.01899999999976 to 19.052366666666426
26.3804 	WARNING 	19.13761503333808: Video catchup needed, advancing self._nextFrameT from 19.052366666666426 to 19.085733333333092
26.3957 	EXP 	Set unnamed MovieStim3 finished
26.3958 	WARNING 	19.245514599999296: Video catchup needed, advancing self._nextFrameT from 18.919999999999774 to 18.959999999999773
26.3958 	WARNING 	19.245536599992192: Video catchup needed, advancing self._nextFrameT from 18.959999999999773 to 18.999999999999773
26.3958 	WARNING 	19.245547099999385: Video catchup needed, advancing self._nextFrameT from 18.999999999999773 to 19.03999999999977
26.3958 	WARNING 	19.245556599998963: Video catchup needed, advancing self._nextFrameT from 19.03999999999977 to 19.07999999999977
26.3958 	WARNING 	19.245565199991688: Video catchup needed, advancing self._nextFrameT from 19.07999999999977 to 19.11999999999977
26.3958 	WARNING 	19.24558160000015: Video catchup needed, advancing self._nextFrameT from 19.11999999999977 to 19.15999999999977
26.3959 	WARNING 	19.245591400002013: Video catchup needed, advancing self._nextFrameT from 19.15999999999977 to 19.19999999999977
26.4032 	WARNING 	0.3323734000005061: Video catchup needed, advancing self._nextFrameT from 0.16 to 0.2
26.4032 	WARNING 	0.33240900000964757: Video catchup needed, advancing self._nextFrameT from 0.2 to 0.24000000000000002
26.4032 	WARNING 	0.3324214000022039: Video catchup needed, advancing self._nextFrameT from 0.24000000000000002 to 0.28
26.4369 	WARNING 	19.194151033341768: Video catchup needed, advancing self._nextFrameT from 19.119099999999758 to 19.152466666666424
31.9081 	EXP 	image_4: autoDraw = True
32.2435 	EXP 	Sound  stopped
32.2644 	EXP 	Sound  stopped
32.2647 	EXP 	New trial (rep=0, index=1): {'routineName': 'control'}
32.2661 	DATA 	Keypress: space
32.2711 	EXP 	image_4: autoDraw = False
32.2711 	EXP 	Set unnamed MovieStim3 stopped
32.2711 	EXP 	Set unnamed MovieStim3 stopped
32.2711 	EXP 	text_7: text = 'Nueva ronda'
32.2711 	EXP 	text_7: autoDraw = True
34.2707 	EXP 	Imported imgs/iceberg_times.xlsx as conditions, 2 conditions, 3 params
34.2709 	EXP 	Created sequence: random, trialTypes=2, nReps=1, seed=None
34.2711 	EXP 	New trial (rep=0, index=0): {'timepresentation': 13, 'posx': -0.6, 'posy': 0.15}
34.2764 	WARNING 	8.2055820000096: Video catchup needed, advancing self._nextFrameT from 6.160000000000005 to 6.200000000000005
34.2764 	WARNING 	8.205602500005625: Video catchup needed, advancing self._nextFrameT from 6.200000000000005 to 6.240000000000005
34.2764 	WARNING 	8.20561330000055: Video catchup needed, advancing self._nextFrameT from 6.240000000000005 to 6.280000000000005
34.2764 	WARNING 	8.205622500012396: Video catchup needed, advancing self._nextFrameT from 6.280000000000005 to 6.320000000000005
34.2764 	WARNING 	Max reportNDroppedFrames reached, will not log any more dropped frames
34.7496 	EXP 	text_7: autoDraw = False
34.7496 	EXP 	text_7: autoDraw = False
34.7496 	EXP 	image: image = 'imgs/iceberg.png'
45.0747 	EXP 	Sound  stopped
45.2085 	EXP 	Sound  started
45.3395 	EXP 	Set unnamed MovieStim3 finished
47.2730 	EXP 	image: autoDraw = True
47.7448 	EXP 	New trial (rep=0, index=1): {'timepresentation': 8, 'posx': -0.7, 'posy': 0.15}
47.7673 	DATA 	Keypress: space
47.7763 	EXP 	image: autoDraw = False
47.7763 	EXP 	image: image = 'imgs/iceberg.png'
55.7519 	EXP 	image: autoDraw = True
56.1702 	DATA 	Keypress: space
56.1852 	EXP 	Imported imgs/iceberg_times.xlsx as conditions, 2 conditions, 3 params
56.1854 	EXP 	Created sequence: random, trialTypes=2, nReps=1, seed=None
56.1855 	EXP 	New trial (rep=0, index=0): {'timepresentation': 8, 'posx': -0.7, 'posy': 0.15}
56.3845 	EXP 	window1: mouseVisible = True
