5.7505 	WARNING 	User requested fullscreen with size [1024  768], but screen is actually [1920, 1080]. Using actual size
6.5424 	EXP 	Created window1 = Window(allowGUI=True, allowStencil=False, autoLog=True, backendConf=UNKNOWN, backgroundFit=<method-wrapper '__getattribute__' of attributeSetter object at 0x000001D9DDB95C70>, backgroundImage=<method-wrapper '__getattribute__' of attributeSetter object at 0x000001D9DDB95C10>, bitsMode=UNKNOWN, blendMode='avg', bpc=(8, 8, 8), color=array([0, 0, 0]), colorSpace='rgb', depthBits=8, fullscr=<method-wrapper '__getattribute__' of attributeSetter object at 0x000001D9DDB95A60>, gamma=None, gammaErrorPolicy='raise', lms=UNKNOWN, monitor=<psychopy.monitors.calibTools.Monitor object at 0x000001D9DE11A790>, multiSample=False, name='window1', numSamples=2, pos=(0, 0), screen=0, size=array([1920, 1080]), stencilBits=0, stereo=False, title='PsychoPy', units='height', useFBO=True, useRetina=False, viewOri=0.0, viewPos=None, viewScale=None, waitBlanking=True, winType='pyglet')
6.5426 	EXP 	window1: mouseVisible = True
6.5427 	EXP 	window1: backgroundImage = ''
6.5427 	EXP 	window1: backgroundFit = 'none'
6.5455 	EXP 	window1: Attempting to measure frame rate of screen (0) ...
6.5455 	EXP 	window1: recordFrameIntervals = False
6.7076 	EXP 	window1: recordFrameIntervals = True
6.8909 	EXP 	Screen (0) actual frame rate measured at 60.33Hz
6.8910 	EXP 	window1: recordFrameIntervals = False
6.8913 	EXP 	window1: mouseVisible = False
8.8480 	EXP 	tarea_iceberg: status = STARTED
8.8500 	EXP 	window1: mouseVisible = True
9.0035 	EXP 	window1: mouseVisible = True
9.0198 	EXP 	Created image = ImageStim(__class__=<class 'psychopy.visual.image.ImageStim'>, anchor=('center', 'center'), autoLog=True, color=array([1., 1., 1.]), colorSpace='rgb', contrast=1.0, depth=-1.0, draggable=False, flipHoriz=False, flipVert=False, image='default.png', interpolate=True, mask=None, maskParams=None, name='image', opacity=1.0, ori=0.0, pos=array([0., 0.]), size=array([0.35, 0.35]), texRes=128.0, units='height', win=Window(...))
9.0202 	EXP 	window1: mouseVisible = True
9.0934 	EXP 	Created text = TextStim(__class__=<class 'psychopy.visual.text.TextStim'>, alignHoriz=method-wrapper(...), alignText='center', alignVert=method-wrapper(...), anchorHoriz='center', anchorVert='center', antialias=True, autoDraw=False, autoLog=True, bold=False, color=array([1., 1., 1.]), colorSpace='rgb', contrast=1.0, depth=0.0, draggable=False, flipHoriz=False, flipVert=False, font='Open Sans', fontFiles=[], height=0.05, italic=False, languageStyle='LTR', name='text', opacity=1.0, ori=0.0, pos=array([0., 0.]), rgb=UNKNOWN, text='¡Empezamos la segunda ronda!', units='height', win=Window(...), wrapWidth=1)
9.0937 	EXP 	window1: mouseVisible = True
9.1901 	EXP 	window1: mouseVisible = True
9.2031 	EXP 	Created image_2 = ImageStim(__class__=<class 'psychopy.visual.image.ImageStim'>, anchor=('center', 'center'), autoLog=True, color=array([1., 1., 1.]), colorSpace='rgb', contrast=1.0, depth=-1.0, draggable=False, flipHoriz=False, flipVert=False, image='default.png', interpolate=True, mask=None, maskParams=None, name='image_2', opacity=1.0, ori=0.0, pos=array([0., 0.]), size=array([0.35, 0.35]), texRes=128.0, units='height', win=Window(...))
9.3962 	EXP 	Created unnamed MovieStim3 = MovieStim3(__class__=<class 'psychopy.visual.movie3.MovieStim3'>, anchor=('center', 'center'), autoLog=True, color=UNKNOWN, colorSpace=UNKNOWN, depth=0.0, filename='imgs/song_titanic.mp4', flipHoriz=False, flipVert=False, fps=UNKNOWN, interpolate=True, loop=False, name='unnamed MovieStim3', noAudio=False, opacity=1, ori=method-wrapper(...), pos=array([0., 0.]), size=None, units='pix', vframe_callback=UNKNOWN, volume=UNKNOWN, win=Window(...))
10.3664 	WARNING 	0.9701084999996965: Video catchup needed, advancing self._nextFrameT from 0.0 to 0.041666666666666664
10.3664 	WARNING 	0.9701629999999568: Video catchup needed, advancing self._nextFrameT from 0.041666666666666664 to 0.08333333333333333
10.3664 	WARNING 	0.9701736000006349: Video catchup needed, advancing self._nextFrameT from 0.08333333333333333 to 0.125
10.3664 	WARNING 	0.9701824000003398: Video catchup needed, advancing self._nextFrameT from 0.125 to 0.16666666666666666
10.3664 	WARNING 	0.9701906999998755: Video catchup needed, advancing self._nextFrameT from 0.16666666666666666 to 0.20833333333333331
10.3664 	WARNING 	0.9702001000005112: Video catchup needed, advancing self._nextFrameT from 0.20833333333333331 to 0.24999999999999997
10.3664 	WARNING 	0.9702080999995815: Video catchup needed, advancing self._nextFrameT from 0.24999999999999997 to 0.29166666666666663
10.3664 	WARNING 	0.9702161999994132: Video catchup needed, advancing self._nextFrameT from 0.29166666666666663 to 0.3333333333333333
10.3664 	WARNING 	0.9702242000003025: Video catchup needed, advancing self._nextFrameT from 0.3333333333333333 to 0.375
10.3664 	WARNING 	0.9702321000004304: Video catchup needed, advancing self._nextFrameT from 0.375 to 0.4166666666666667
10.3664 	WARNING 	Max reportNDroppedFrames reached, will not log any more dropped frames
10.3988 	EXP 	window1: mouseVisible = True
10.4798 	EXP 	window1: mouseVisible = True
10.4909 	EXP 	Created image_3 = ImageStim(__class__=<class 'psychopy.visual.image.ImageStim'>, anchor=('center', 'center'), autoLog=True, color=array([1., 1., 1.]), colorSpace='rgb', contrast=1.0, depth=-1.0, draggable=False, flipHoriz=False, flipVert=False, image='default.png', interpolate=True, mask=None, maskParams=None, name='image_3', opacity=1.0, ori=0.0, pos=array([0., 0.]), size=array([0.35, 0.35]), texRes=128.0, units='height', win=Window(...))
10.4912 	EXP 	Created unnamed MovieStim3 = MovieStim3(__class__=<class 'psychopy.visual.movie3.MovieStim3'>, anchor=('center', 'center'), autoLog=True, color=UNKNOWN, colorSpace=UNKNOWN, depth=0.0, filename='imgs/video_celine.mp4', flipHoriz=False, flipVert=False, fps=UNKNOWN, interpolate=True, loop=False, name='unnamed MovieStim3', noAudio=False, opacity=1, ori=method-wrapper(...), pos=array([0., 0.]), size=None, units='pix', vframe_callback=UNKNOWN, volume=UNKNOWN, win=Window(...))
11.8026 	WARNING 	1.3114227000005485: Video catchup needed, advancing self._nextFrameT from 0.0 to 0.03336666666666667
11.8027 	WARNING 	1.3114774999994552: Video catchup needed, advancing self._nextFrameT from 0.03336666666666667 to 0.06673333333333334
11.8027 	WARNING 	1.3114946999994572: Video catchup needed, advancing self._nextFrameT from 0.06673333333333334 to 0.10010000000000001
11.8027 	WARNING 	1.3115078999999241: Video catchup needed, advancing self._nextFrameT from 0.10010000000000001 to 0.13346666666666668
11.8027 	WARNING 	1.3115219000010256: Video catchup needed, advancing self._nextFrameT from 0.13346666666666668 to 0.16683333333333333
11.8027 	WARNING 	1.3115359999992506: Video catchup needed, advancing self._nextFrameT from 0.16683333333333333 to 0.2002
11.8027 	WARNING 	1.3115508999999292: Video catchup needed, advancing self._nextFrameT from 0.2002 to 0.23356666666666664
11.8027 	WARNING 	1.3115627000006498: Video catchup needed, advancing self._nextFrameT from 0.23356666666666664 to 0.2669333333333333
11.8028 	WARNING 	1.3115723999999318: Video catchup needed, advancing self._nextFrameT from 0.2669333333333333 to 0.30029999999999996
11.8028 	WARNING 	1.3115816000008635: Video catchup needed, advancing self._nextFrameT from 0.30029999999999996 to 0.3336666666666666
11.8028 	WARNING 	Max reportNDroppedFrames reached, will not log any more dropped frames
0.0031 	EXP 	movie: autoLog = True
0.0031 	EXP 	movie_2: autoLog = True
0.0031 	EXP 	unnamed MovieStim3: autoLog = True
0.0031 	EXP 	unnamed MovieStim3: movie = 'imgs/song_titanic.mp4'
0.0031 	EXP 	unnamed MovieStim3: ori = 0.0
0.0031 	EXP 	movie_3: autoLog = True
0.0031 	EXP 	unnamed MovieStim3: autoLog = True
0.0031 	EXP 	unnamed MovieStim3: movie = 'imgs/video_celine.mp4'
0.0031 	EXP 	unnamed MovieStim3: ori = 0.0
0.0069 	EXP 	Imported imgs/trials_fake.xlsx as conditions, 2 conditions, 3 params
0.0072 	EXP 	Created sequence: random, trialTypes=2, nReps=1, seed=None
0.0074 	EXP 	New trial (rep=0, index=0): {'timepresentation': 2, 'posx': -0.8, 'posy': 0.15}
0.0344 	EXP 	image: image = 'imgs/iceberg.png'
0.0344 	EXP 	movie: autoDraw = True
2.0055 	EXP 	image: autoDraw = True
2.5598 	EXP 	New trial (rep=0, index=1): {'timepresentation': 2, 'posx': -0.7, 'posy': 0.15}
2.6079 	DATA 	Keypress: space
2.6131 	EXP 	movie: autoDraw = False
2.6131 	EXP 	image: autoDraw = False
2.6131 	EXP 	image: image = 'imgs/iceberg.png'
2.6131 	EXP 	movie: autoDraw = True
4.5704 	EXP 	image: autoDraw = True
5.1455 	DATA 	Keypress: space
5.1472 	EXP 	movie: autoDraw = False
5.1472 	EXP 	image: autoDraw = False
5.1472 	EXP 	text: autoDraw = True
8.1354 	EXP 	Imported imgs/trials_iceberg_2.xlsx as conditions, 8 conditions, 3 params
8.1357 	EXP 	Created sequence: random, trialTypes=8, nReps=1, seed=None
8.1359 	EXP 	New trial (rep=0, index=0): {'timepresentation': 9, 'posx': 0.5, 'posy': 0.1}
8.1410 	EXP 	Sound  started
8.1878 	EXP 	text: autoDraw = False
8.1878 	EXP 	text: autoDraw = False
8.1878 	EXP 	image_2: image = 'imgs/iceberg.png'
8.1878 	EXP 	Set unnamed MovieStim3 playing
8.1878 	EXP 	movie_2: autoDraw = True
17.1457 	EXP 	image_2: autoDraw = True
17.6393 	EXP 	New trial (rep=0, index=1): {'timepresentation': 15, 'posx': -0.5, 'posy': 0.15}
17.6892 	DATA 	Keypress: space
17.6955 	EXP 	movie_2: autoDraw = False
17.6955 	EXP 	image_2: autoDraw = False
17.6955 	EXP 	image_2: image = 'imgs/iceberg.png'
17.6955 	EXP 	movie_2: autoDraw = True
32.6521 	EXP 	image_2: autoDraw = True
33.1021 	EXP 	New trial (rep=0, index=2): {'timepresentation': 3, 'posx': 0.7, 'posy': 0.1}
33.1515 	DATA 	Keypress: space
33.1570 	EXP 	movie_2: autoDraw = False
33.1570 	EXP 	image_2: autoDraw = False
33.1570 	EXP 	image_2: image = 'imgs/iceberg.png'
33.1570 	EXP 	movie_2: autoDraw = True
36.1170 	EXP 	image_2: autoDraw = True
36.8062 	EXP 	New trial (rep=0, index=3): {'timepresentation': 11, 'posx': 0.8, 'posy': 0.1}
36.8555 	DATA 	Keypress: space
36.8609 	EXP 	movie_2: autoDraw = False
36.8609 	EXP 	image_2: autoDraw = False
36.8609 	EXP 	image_2: image = 'imgs/iceberg.png'
36.8609 	EXP 	movie_2: autoDraw = True
47.8092 	EXP 	image_2: autoDraw = True
48.2308 	EXP 	New trial (rep=0, index=4): {'timepresentation': 8, 'posx': -0.8, 'posy': 0.15}
48.2822 	DATA 	Keypress: space
48.2885 	EXP 	movie_2: autoDraw = False
48.2885 	EXP 	image_2: autoDraw = False
48.2885 	EXP 	image_2: image = 'imgs/iceberg.png'
48.2885 	EXP 	movie_2: autoDraw = True
56.2382 	EXP 	image_2: autoDraw = True
56.6932 	EXP 	New trial (rep=0, index=5): {'timepresentation': 7, 'posx': 0.6, 'posy': 0.1}
56.7469 	DATA 	Keypress: space
56.7535 	EXP 	movie_2: autoDraw = False
56.7535 	EXP 	image_2: autoDraw = False
56.7535 	EXP 	image_2: image = 'imgs/iceberg.png'
56.7535 	EXP 	movie_2: autoDraw = True
63.7001 	EXP 	image_2: autoDraw = True
64.1959 	EXP 	New trial (rep=0, index=6): {'timepresentation': 12, 'posx': -0.7, 'posy': 0.15}
64.2459 	DATA 	Keypress: space
64.2524 	EXP 	movie_2: autoDraw = False
64.2524 	EXP 	image_2: autoDraw = False
64.2524 	EXP 	image_2: image = 'imgs/iceberg.png'
64.2524 	EXP 	movie_2: autoDraw = True
76.2080 	EXP 	image_2: autoDraw = True
76.6991 	EXP 	New trial (rep=0, index=7): {'timepresentation': 4, 'posx': -0.6, 'posy': 0.15}
76.7472 	DATA 	Keypress: space
76.7526 	EXP 	movie_2: autoDraw = False
76.7526 	EXP 	image_2: autoDraw = False
76.7526 	EXP 	image_2: image = 'imgs/iceberg.png'
76.7526 	EXP 	movie_2: autoDraw = True
80.7060 	EXP 	image_2: autoDraw = True
81.2068 	EXP 	Imported imgs/trials_iceberg_3.xlsx as conditions, 8 conditions, 3 params
81.2071 	EXP 	Created sequence: random, trialTypes=8, nReps=1, seed=None
81.2073 	EXP 	New trial (rep=0, index=0): {'timepresentation': 8, 'posx': 0.5, 'posy': 0.1}
81.2326 	DATA 	Keypress: space
81.2388 	EXP 	movie_2: autoDraw = False
81.2388 	EXP 	image_2: autoDraw = False
81.2388 	EXP 	image_3: image = 'imgs/iceberg.png'
81.2388 	EXP 	movie_3: autoDraw = True
89.2160 	EXP 	image_3: autoDraw = True
89.5849 	DATA 	Keypress: space
89.7665 	EXP 	Sound  stopped
89.7668 	EXP 	New trial (rep=0, index=1): {'timepresentation': 13, 'posx': -0.8, 'posy': 0.15}
89.8273 	EXP 	movie_3: autoDraw = False
89.8273 	EXP 	image_3: autoDraw = False
89.8273 	EXP 	Set unnamed MovieStim3 stopped
89.8273 	EXP 	image_3: image = 'imgs/iceberg.png'
89.8273 	EXP 	movie_3: autoDraw = True
99.7290 	DATA 	Keypress: escape
99.8441 	EXP 	tarea_iceberg: status = STOPPED
99.8560 	EXP 	movie_3: autoDraw = False
99.8561 	EXP 	tarea_iceberg: status = STOPPED
100.0426 	EXP 	window1: mouseVisible = True
