5.4904 	WARNING 	User requested fullscreen with size [1024  768], but screen is actually [1920, 1080]. Using actual size
6.1158 	EXP 	Created window1 = Window(allowGUI=True, allowStencil=False, autoLog=True, backendConf=UNKNOWN, backgroundFit=<method-wrapper '__getattribute__' of attributeSetter object at 0x0000023CCB1E1B80>, backgroundImage=<method-wrapper '__getattribute__' of attributeSetter object at 0x0000023CCB1E1B20>, bitsMode=UNKNOWN, blendMode='avg', bpc=(8, 8, 8), color=array([0, 0, 0]), colorSpace='rgb', depthBits=8, fullscr=<method-wrapper '__getattribute__' of attributeSetter object at 0x0000023CCB1E1940>, gamma=None, gammaErrorPolicy='raise', lms=UNKNOWN, monitor=<psychopy.monitors.calibTools.Monitor object at 0x0000023CCB76AB80>, multiSample=False, name='window1', numSamples=2, pos=(0, 0), screen=0, size=array([1920, 1080]), stencilBits=0, stereo=False, title='PsychoPy', units='height', useFBO=True, useRetina=False, viewOri=0.0, viewPos=None, viewScale=None, waitBlanking=True, winType='pyglet')
6.1160 	EXP 	window1: mouseVisible = True
6.1160 	EXP 	window1: backgroundImage = ''
6.1160 	EXP 	window1: backgroundFit = 'none'
6.1171 	EXP 	window1: Attempting to measure frame rate of screen (0) ...
6.1171 	EXP 	window1: recordFrameIntervals = False
6.2840 	EXP 	window1: recordFrameIntervals = True
6.4667 	EXP 	Screen (0) actual frame rate measured at 59.96Hz
6.4668 	EXP 	window1: recordFrameIntervals = False
6.4669 	EXP 	window1: mouseVisible = False
8.4302 	EXP 	tarea_iceberg: status = STARTED
8.4330 	EXP 	window1: mouseVisible = True
8.5833 	EXP 	window1: mouseVisible = True
8.6018 	EXP 	Created image = ImageStim(__class__=<class 'psychopy.visual.image.ImageStim'>, anchor=('center', 'center'), autoLog=True, color=array([1., 1., 1.]), colorSpace='rgb', contrast=1.0, depth=-1.0, draggable=False, flipHoriz=False, flipVert=False, image='default.png', interpolate=True, mask=None, maskParams=None, name='image', opacity=1.0, ori=0.0, pos=array([0., 0.]), size=array([0.35, 0.35]), texRes=128.0, units='height', win=Window(...))
8.6023 	EXP 	window1: mouseVisible = True
8.9082 	EXP 	Created text = TextStim(__class__=<class 'psychopy.visual.text.TextStim'>, alignHoriz=method-wrapper(...), alignText='center', alignVert=method-wrapper(...), anchorHoriz='center', anchorVert='center', antialias=True, autoDraw=False, autoLog=True, bold=False, color=array([1., 1., 1.]), colorSpace='rgb', contrast=1.0, depth=0.0, draggable=False, flipHoriz=False, flipVert=False, font='Open Sans', fontFiles=[], height=0.05, italic=False, languageStyle='LTR', name='text', opacity=1.0, ori=0.0, pos=array([0., 0.]), rgb=UNKNOWN, text='¡Empezamos la segunda ronda!', units='height', win=Window(...), wrapWidth=1)
8.9086 	EXP 	window1: mouseVisible = True
8.9976 	EXP 	window1: mouseVisible = True
9.0055 	EXP 	Created image_2 = ImageStim(__class__=<class 'psychopy.visual.image.ImageStim'>, anchor=('center', 'center'), autoLog=True, color=array([1., 1., 1.]), colorSpace='rgb', contrast=1.0, depth=-1.0, draggable=False, flipHoriz=False, flipVert=False, image='default.png', interpolate=True, mask=None, maskParams=None, name='image_2', opacity=1.0, ori=0.0, pos=array([0., 0.]), size=array([0.35, 0.35]), texRes=128.0, units='height', win=Window(...))
9.0057 	EXP 	window1: mouseVisible = True
9.0421 	EXP 	window1: mouseVisible = True
9.1319 	EXP 	window1: mouseVisible = True
9.1421 	EXP 	Created image_3 = ImageStim(__class__=<class 'psychopy.visual.image.ImageStim'>, anchor=('center', 'center'), autoLog=True, color=array([1., 1., 1.]), colorSpace='rgb', contrast=1.0, depth=-1.0, draggable=False, flipHoriz=False, flipVert=False, image='default.png', interpolate=True, mask=None, maskParams=None, name='image_3', opacity=1.0, ori=0.0, pos=array([0., 0.]), size=array([0.35, 0.35]), texRes=128.0, units='height', win=Window(...))
0.0275 	EXP 	movie: autoLog = True
0.0275 	EXP 	movie_2: autoLog = True
0.0275 	EXP 	movie_song: autoLog = True
0.0275 	EXP 	movie_3: autoLog = True
0.0334 	EXP 	Imported imgs/trials_iceberg.xlsx as conditions, 8 conditions, 3 params
0.0338 	EXP 	Created sequence: random, trialTypes=8, nReps=1, seed=None
0.0339 	EXP 	New trial (rep=0, index=0): {'timepresentation': 14, 'posx': -0.7, 'posy': 0.15}
0.1070 	EXP 	image: image = 'imgs/iceberg.png'
0.1070 	EXP 	movie: autoDraw = True
14.0186 	EXP 	image: autoDraw = True
14.4552 	EXP 	New trial (rep=0, index=1): {'timepresentation': 4, 'posx': 0.8, 'posy': 0.1}
14.5096 	EXP 	movie: autoDraw = False
14.5096 	EXP 	image: autoDraw = False
14.5096 	EXP 	image: image = 'imgs/iceberg.png'
14.5096 	EXP 	movie: autoDraw = True
18.4612 	EXP 	image: autoDraw = True
18.9576 	EXP 	New trial (rep=0, index=2): {'timepresentation': 5, 'posx': -0.6, 'posy': 0.15}
19.0156 	EXP 	movie: autoDraw = False
19.0156 	EXP 	image: autoDraw = False
19.0156 	EXP 	image: image = 'imgs/iceberg.png'
19.0156 	EXP 	movie: autoDraw = True
23.9576 	EXP 	image: autoDraw = True
24.5399 	EXP 	New trial (rep=0, index=3): {'timepresentation': 10, 'posx': 0.5, 'posy': 0.1}
24.5974 	EXP 	movie: autoDraw = False
24.5974 	EXP 	image: autoDraw = False
24.5974 	EXP 	image: image = 'imgs/iceberg.png'
24.5974 	EXP 	movie: autoDraw = True
34.5501 	EXP 	image: autoDraw = True
35.1218 	EXP 	New trial (rep=0, index=4): {'timepresentation': 7, 'posx': -0.8, 'posy': 0.15}
35.1809 	EXP 	movie: autoDraw = False
35.1809 	EXP 	image: autoDraw = False
35.1809 	EXP 	image: image = 'imgs/iceberg.png'
35.1809 	EXP 	movie: autoDraw = True
42.1291 	EXP 	image: autoDraw = True
42.5849 	EXP 	New trial (rep=0, index=5): {'timepresentation': 9, 'posx': 0.6, 'posy': 0.1}
42.6469 	EXP 	movie: autoDraw = False
42.6469 	EXP 	image: autoDraw = False
42.6469 	EXP 	image: image = 'imgs/iceberg.png'
42.6469 	EXP 	movie: autoDraw = True
51.5904 	EXP 	image: autoDraw = True
52.0080 	EXP 	New trial (rep=0, index=6): {'timepresentation': 6, 'posx': 0.7, 'posy': 0.1}
52.0637 	EXP 	movie: autoDraw = False
52.0637 	EXP 	image: autoDraw = False
52.0637 	EXP 	image: image = 'imgs/iceberg.png'
52.0637 	EXP 	movie: autoDraw = True
58.0186 	EXP 	image: autoDraw = True
58.4702 	EXP 	New trial (rep=0, index=7): {'timepresentation': 11, 'posx': -0.5, 'posy': 0.15}
58.5265 	EXP 	movie: autoDraw = False
58.5265 	EXP 	image: autoDraw = False
58.5265 	EXP 	image: image = 'imgs/iceberg.png'
58.5265 	EXP 	movie: autoDraw = True
69.4788 	EXP 	image: autoDraw = True
70.0180 	EXP 	movie: autoDraw = False
70.0180 	EXP 	image: autoDraw = False
70.0180 	EXP 	text: autoDraw = True
73.0137 	EXP 	Imported imgs/trials_iceberg_2.xlsx as conditions, 8 conditions, 3 params
73.0141 	EXP 	Created sequence: random, trialTypes=8, nReps=1, seed=None
73.0142 	EXP 	New trial (rep=0, index=0): {'timepresentation': 4, 'posx': -0.6, 'posy': 0.15}
73.3897 	EXP 	New trial (rep=0, index=1): {'timepresentation': 3, 'posx': 0.7, 'posy': 0.1}
73.8299 	EXP 	New trial (rep=0, index=2): {'timepresentation': 11, 'posx': 0.8, 'posy': 0.1}
74.2268 	EXP 	New trial (rep=0, index=3): {'timepresentation': 7, 'posx': 0.6, 'posy': 0.1}
74.6648 	EXP 	New trial (rep=0, index=4): {'timepresentation': 8, 'posx': -0.8, 'posy': 0.15}
75.0627 	EXP 	New trial (rep=0, index=5): {'timepresentation': 15, 'posx': -0.5, 'posy': 0.15}
75.5410 	EXP 	New trial (rep=0, index=6): {'timepresentation': 9, 'posx': 0.5, 'posy': 0.1}
75.9385 	EXP 	New trial (rep=0, index=7): {'timepresentation': 12, 'posx': -0.7, 'posy': 0.15}
76.3804 	EXP 	Imported imgs/trials_iceberg_3.xlsx as conditions, 8 conditions, 3 params
76.3807 	EXP 	Created sequence: random, trialTypes=8, nReps=1, seed=None
76.3808 	EXP 	New trial (rep=0, index=0): {'timepresentation': 5, 'posx': -0.6, 'posy': 0.15}
76.4145 	EXP 	text: autoDraw = False
76.4145 	EXP 	text: autoDraw = False
76.4145 	EXP 	image_2: image = 'imgs/iceberg.png'
76.4145 	EXP 	movie_2: autoDraw = True
76.4145 	EXP 	movie_song: autoDraw = True
76.4145 	EXP 	movie_2: autoDraw = False
76.4145 	EXP 	image_2: autoDraw = False
76.4145 	EXP 	movie_song: autoDraw = False
76.4145 	EXP 	image_2: image = 'imgs/iceberg.png'
76.4145 	EXP 	movie_2: autoDraw = True
76.4145 	EXP 	movie_song: autoDraw = True
76.4145 	EXP 	movie_2: autoDraw = False
76.4145 	EXP 	image_2: autoDraw = False
76.4145 	EXP 	movie_song: autoDraw = False
76.4145 	EXP 	image_2: image = 'imgs/iceberg.png'
76.4145 	EXP 	movie_2: autoDraw = True
76.4145 	EXP 	movie_song: autoDraw = True
76.4145 	EXP 	movie_2: autoDraw = False
76.4145 	EXP 	image_2: autoDraw = False
76.4145 	EXP 	movie_song: autoDraw = False
76.4145 	EXP 	image_2: image = 'imgs/iceberg.png'
76.4145 	EXP 	movie_2: autoDraw = True
76.4145 	EXP 	movie_song: autoDraw = True
76.4145 	EXP 	movie_2: autoDraw = False
76.4145 	EXP 	image_2: autoDraw = False
76.4145 	EXP 	movie_song: autoDraw = False
76.4145 	EXP 	image_2: image = 'imgs/iceberg.png'
76.4145 	EXP 	movie_2: autoDraw = True
76.4145 	EXP 	movie_song: autoDraw = True
76.4145 	EXP 	movie_2: autoDraw = False
76.4145 	EXP 	image_2: autoDraw = False
76.4145 	EXP 	movie_song: autoDraw = False
76.4145 	EXP 	image_2: image = 'imgs/iceberg.png'
76.4145 	EXP 	movie_2: autoDraw = True
76.4145 	EXP 	movie_song: autoDraw = True
76.4145 	EXP 	movie_2: autoDraw = False
76.4145 	EXP 	image_2: autoDraw = False
76.4145 	EXP 	movie_song: autoDraw = False
76.4145 	EXP 	image_2: image = 'imgs/iceberg.png'
76.4145 	EXP 	movie_2: autoDraw = True
76.4145 	EXP 	movie_song: autoDraw = True
76.4145 	EXP 	movie_2: autoDraw = False
76.4145 	EXP 	image_2: autoDraw = False
76.4145 	EXP 	movie_song: autoDraw = False
76.4145 	EXP 	image_2: image = 'imgs/iceberg.png'
76.4145 	EXP 	movie_2: autoDraw = True
76.4145 	EXP 	movie_song: autoDraw = True
76.4145 	EXP 	movie_2: autoDraw = False
76.4145 	EXP 	image_2: autoDraw = False
76.4145 	EXP 	movie_song: autoDraw = False
76.4145 	EXP 	image_3: image = 'imgs/iceberg.png'
76.4145 	EXP 	movie_3: autoDraw = True
81.3901 	EXP 	image_3: autoDraw = True
81.9835 	EXP 	New trial (rep=0, index=1): {'timepresentation': 12, 'posx': 0.8, 'posy': 0.1}
82.0389 	EXP 	movie_3: autoDraw = False
82.0389 	EXP 	image_3: autoDraw = False
82.0389 	EXP 	image_3: image = 'imgs/iceberg.png'
82.0389 	EXP 	movie_3: autoDraw = True
83.8533 	EXP 	tarea_iceberg: status = STOPPED
83.8699 	EXP 	movie_3: autoDraw = False
83.8699 	EXP 	tarea_iceberg: status = STOPPED
83.9219 	EXP 	window1: mouseVisible = True
