11.8095 	WARNING 	User requested fullscreen with size [1536  864], but screen is actually [1920, 1080]. Using actual size
12.5188 	EXP 	Created window1 = Window(allowGUI=True, allowStencil=False, autoLog=True, backendConf=UNKNOWN, backgroundFit=<method-wrapper '__getattribute__' of attributeSetter object at 0x0000026D3CB30FA0>, backgroundImage=<method-wrapper '__getattribute__' of attributeSetter object at 0x0000026D3CB30F40>, bitsMode=UNKNOWN, blendMode='avg', bpc=(8, 8, 8), color=array([0, 0, 0]), colorSpace='rgb', depthBits=8, fullscr=<method-wrapper '__getattribute__' of attributeSetter object at 0x0000026D3CB30D60>, gamma=None, gammaErrorPolicy='raise', lms=UNKNOWN, monitor=<psychopy.monitors.calibTools.Monitor object at 0x0000026D484224F0>, multiSample=False, name='window1', numSamples=2, pos=(0, 0), screen=0, size=array([1920, 1080]), stencilBits=0, stereo=False, title='PsychoPy', units='height', useFBO=True, useRetina=False, viewOri=0.0, viewPos=None, viewScale=None, waitBlanking=True, winType='pyglet')
12.5189 	EXP 	window1: mouseVisible = True
12.5189 	EXP 	window1: backgroundImage = ''
12.5190 	EXP 	window1: backgroundFit = 'none'
12.5215 	EXP 	window1: Attempting to measure frame rate of screen (0) ...
12.5215 	EXP 	window1: recordFrameIntervals = False
12.6838 	EXP 	window1: recordFrameIntervals = True
12.8678 	EXP 	Screen (0) actual frame rate measured at 60.06Hz
12.8679 	EXP 	window1: recordFrameIntervals = False
12.8681 	EXP 	window1: mouseVisible = False
14.6546 	EXP 	tarea_iceberg: status = STARTED
14.6549 	EXP 	window1: mouseVisible = True
14.6555 	WARNING 	Requested image 'imgs/logo_OB.jpeg' not found but similar filename 'imgs/logo_OB.png' exists. This will be used instead but changing the filename is advised.
14.6664 	WARNING 	Requested image 'imgs/logo_OB.jpeg' not found but similar filename 'imgs/logo_OB.png' exists. This will be used instead but changing the filename is advised.
14.6715 	WARNING 	Requested image 'imgs/logo_OB.jpeg' not found but similar filename 'imgs/logo_OB.png' exists. This will be used instead but changing the filename is advised.
14.6762 	WARNING 	Requested image 'imgs/logo_OB.jpeg' not found but similar filename 'imgs/logo_OB.png' exists. This will be used instead but changing the filename is advised.
14.6826 	EXP 	Created image_5 = ImageStim(__class__=<class 'psychopy.visual.image.ImageStim'>, anchor=('center', 'center'), autoLog=True, color=array([1., 1., 1.]), colorSpace='rgb', contrast=1.0, depth=0.0, draggable=False, flipHoriz=False, flipVert=False, image='imgs/logo_OB.jpeg', interpolate=True, mask=None, maskParams=None, name='image_5', opacity=1.0, ori=0.0, pos=array([0., 0.]), size=array([0.6, 0.7]), texRes=128.0, units='height', win=Window(...))
14.6828 	EXP 	window1: mouseVisible = True
14.7374 	EXP 	Created text_6 = TextStim(__class__=<class 'psychopy.visual.text.TextStim'>, alignHoriz=method-wrapper(...), alignText='center', alignVert=method-wrapper(...), anchorHoriz='center', anchorVert='center', antialias=True, autoDraw=False, autoLog=True, bold=False, color=array([1., 1., 1.]), colorSpace='rgb', contrast=1.0, depth=-1.0, draggable=False, flipHoriz=False, flipVert=False, font='Open Sans', fontFiles=[], height=0.04, italic=False, languageStyle='LTR', name='text_6', opacity=1.0, ori=0.0, pos=array([ 0.  , -0.35]), rgb=UNKNOWN, text='¡Bienvenido a un experimento de Open Brains!', units='height', win=Window(...), wrapWidth=1)
14.7375 	EXP 	window1: mouseVisible = True
14.7545 	EXP 	Created text_5 = TextStim(__class__=<class 'psychopy.visual.text.TextStim'>, alignHoriz=method-wrapper(...), alignText='center', alignVert=method-wrapper(...), anchorHoriz='center', anchorVert='center', antialias=True, autoDraw=False, autoLog=True, bold=False, color=array([1., 1., 1.]), colorSpace='rgb', contrast=1.0, depth=0.0, draggable=False, flipHoriz=False, flipVert=False, font='Open Sans', fontFiles=[], height=0.035, italic=False, languageStyle='LTR', name='text_5', opacity=1.0, ori=0.0, pos=array([0., 0.]), rgb=UNKNOWN, text=str(...), units='height', win=Window(...), wrapWidth=1)
14.7546 	EXP 	window1: mouseVisible = True
14.7558 	EXP 	Created text_7 = TextStim(__class__=<class 'psychopy.visual.text.TextStim'>, alignHoriz=method-wrapper(...), alignText='center', alignVert=method-wrapper(...), anchorHoriz='center', anchorVert='center', antialias=True, autoDraw=False, autoLog=True, bold=False, color=array([1., 1., 1.]), colorSpace='rgb', contrast=1.0, depth=0.0, draggable=False, flipHoriz=False, flipVert=False, font='Open Sans', fontFiles=[], height=0.05, italic=False, languageStyle='LTR', name='text_7', opacity=1.0, ori=0.0, pos=array([0., 0.]), rgb=UNKNOWN, text='', units='height', win=Window(...), wrapWidth=1)
14.7558 	EXP 	window1: mouseVisible = True
14.7648 	EXP 	Created image = ImageStim(__class__=<class 'psychopy.visual.image.ImageStim'>, anchor=('center', 'center'), autoLog=True, color=array([1., 1., 1.]), colorSpace='rgb', contrast=1.0, depth=0.0, draggable=False, flipHoriz=False, flipVert=False, image='default.png', interpolate=True, mask=None, maskParams=None, name='image', opacity=1.0, ori=0.0, pos=array([0., 0.]), size=array([0.35, 0.35]), texRes=128.0, units='height', win=Window(...))
14.8794 	EXP 	Created unnamed MovieStim3 = MovieStim3(__class__=<class 'psychopy.visual.movie3.MovieStim3'>, anchor=('center', 'center'), autoLog=True, color=UNKNOWN, colorSpace=UNKNOWN, depth=0.0, filename='imgs/video_mar.mp4', flipHoriz=False, flipVert=False, fps=UNKNOWN, interpolate=True, loop=True, name='unnamed MovieStim3', noAudio=False, opacity=1, ori=method-wrapper(...), pos=array([0., 0.]), size=None, units='pix', vframe_callback=UNKNOWN, volume=UNKNOWN, win=Window(...))
16.0349 	WARNING 	1.155379299991182: Video catchup needed, advancing self._nextFrameT from 0.0 to 0.04
16.0349 	WARNING 	1.1554965999966953: Video catchup needed, advancing self._nextFrameT from 0.04 to 0.08
16.0350 	WARNING 	1.1555378000048222: Video catchup needed, advancing self._nextFrameT from 0.08 to 0.12
16.0350 	WARNING 	1.15555470000254: Video catchup needed, advancing self._nextFrameT from 0.12 to 0.16
16.0350 	WARNING 	1.1555637999990722: Video catchup needed, advancing self._nextFrameT from 0.16 to 0.2
16.0350 	WARNING 	1.1555723999917973: Video catchup needed, advancing self._nextFrameT from 0.2 to 0.24000000000000002
16.0350 	WARNING 	1.1555808999983128: Video catchup needed, advancing self._nextFrameT from 0.24000000000000002 to 0.28
16.0350 	WARNING 	1.155593300005421: Video catchup needed, advancing self._nextFrameT from 0.28 to 0.32
16.0350 	WARNING 	1.1556025000027148: Video catchup needed, advancing self._nextFrameT from 0.32 to 0.36
16.0350 	WARNING 	1.1556114999984857: Video catchup needed, advancing self._nextFrameT from 0.36 to 0.39999999999999997
16.0352 	WARNING 	Max reportNDroppedFrames reached, will not log any more dropped frames
16.2534 	EXP 	window1: mouseVisible = True
16.2623 	EXP 	Created image_2 = ImageStim(__class__=<class 'psychopy.visual.image.ImageStim'>, anchor=('center', 'center'), autoLog=True, color=array([1., 1., 1.]), colorSpace='rgb', contrast=1.0, depth=0.0, draggable=False, flipHoriz=False, flipVert=False, image='default.png', interpolate=True, mask=None, maskParams=None, name='image_2', opacity=1.0, ori=0.0, pos=array([0., 0.]), size=array([0.35, 0.35]), texRes=128.0, units='height', win=Window(...))
16.2626 	EXP 	Created unnamed MovieStim3 = MovieStim3(__class__=<class 'psychopy.visual.movie3.MovieStim3'>, anchor=('center', 'center'), autoLog=True, color=UNKNOWN, colorSpace=UNKNOWN, depth=0.0, filename='imgs/song_titanic.mp4', flipHoriz=False, flipVert=False, fps=UNKNOWN, interpolate=True, loop=False, name='unnamed MovieStim3', noAudio=False, opacity=1, ori=method-wrapper(...), pos=array([0., 0.]), size=None, units='pix', vframe_callback=UNKNOWN, volume=UNKNOWN, win=Window(...))
17.1459 	WARNING 	0.8833250000025146: Video catchup needed, advancing self._nextFrameT from 0.0 to 0.041666666666666664
17.1460 	WARNING 	0.8833588999987114: Video catchup needed, advancing self._nextFrameT from 0.041666666666666664 to 0.08333333333333333
17.1460 	WARNING 	0.8833710999897448: Video catchup needed, advancing self._nextFrameT from 0.08333333333333333 to 0.125
17.1460 	WARNING 	0.8833806999900844: Video catchup needed, advancing self._nextFrameT from 0.125 to 0.16666666666666666
17.1460 	WARNING 	0.883390299990424: Video catchup needed, advancing self._nextFrameT from 0.16666666666666666 to 0.20833333333333331
17.1460 	WARNING 	0.8833997999900021: Video catchup needed, advancing self._nextFrameT from 0.20833333333333331 to 0.24999999999999997
17.1460 	WARNING 	0.8834091000026092: Video catchup needed, advancing self._nextFrameT from 0.24999999999999997 to 0.29166666666666663
17.1460 	WARNING 	0.8834184000006644: Video catchup needed, advancing self._nextFrameT from 0.29166666666666663 to 0.3333333333333333
17.1460 	WARNING 	0.8834273999964353: Video catchup needed, advancing self._nextFrameT from 0.3333333333333333 to 0.375
17.1460 	WARNING 	0.8834360000037123: Video catchup needed, advancing self._nextFrameT from 0.375 to 0.4166666666666667
17.1460 	WARNING 	Max reportNDroppedFrames reached, will not log any more dropped frames
17.1607 	EXP 	Created unnamed MovieStim3 = MovieStim3(__class__=<class 'psychopy.visual.movie3.MovieStim3'>, anchor=('center', 'center'), autoLog=True, color=UNKNOWN, colorSpace=UNKNOWN, depth=0.0, filename='imgs/titanic_spanish.mp4', flipHoriz=False, flipVert=False, fps=UNKNOWN, interpolate=True, loop=False, name='unnamed MovieStim3', noAudio=False, opacity=1, ori=method-wrapper(...), pos=array([0., 0.]), size=None, units='pix', vframe_callback=UNKNOWN, volume=UNKNOWN, win=Window(...))
18.5773 	WARNING 	1.4165043999964837: Video catchup needed, advancing self._nextFrameT from 0.0 to 0.04
18.5773 	WARNING 	1.4165406000101939: Video catchup needed, advancing self._nextFrameT from 0.04 to 0.08
18.5773 	WARNING 	1.4165502000105334: Video catchup needed, advancing self._nextFrameT from 0.08 to 0.12
18.5773 	WARNING 	1.4165586000017356: Video catchup needed, advancing self._nextFrameT from 0.12 to 0.16
18.5773 	WARNING 	1.4165665000036824: Video catchup needed, advancing self._nextFrameT from 0.16 to 0.2
18.5773 	WARNING 	1.4165742000041064: Video catchup needed, advancing self._nextFrameT from 0.2 to 0.24000000000000002
18.5773 	WARNING 	1.4165837000036845: Video catchup needed, advancing self._nextFrameT from 0.24000000000000002 to 0.28
18.5773 	WARNING 	1.4165921000094386: Video catchup needed, advancing self._nextFrameT from 0.28 to 0.32
18.5773 	WARNING 	1.4166005000006407: Video catchup needed, advancing self._nextFrameT from 0.32 to 0.36
18.5773 	WARNING 	1.4166083000018261: Video catchup needed, advancing self._nextFrameT from 0.36 to 0.39999999999999997
18.5774 	WARNING 	Max reportNDroppedFrames reached, will not log any more dropped frames
18.6088 	EXP 	window1: mouseVisible = True
18.6168 	EXP 	Created image_3 = ImageStim(__class__=<class 'psychopy.visual.image.ImageStim'>, anchor=('center', 'center'), autoLog=True, color=array([1., 1., 1.]), colorSpace='rgb', contrast=1.0, depth=-2.0, draggable=False, flipHoriz=False, flipVert=False, image='default.png', interpolate=True, mask=None, maskParams=None, name='image_3', opacity=1.0, ori=0.0, pos=array([0., 0.]), size=array([0.35, 0.35]), texRes=128.0, units='height', win=Window(...))
18.6171 	EXP 	Created unnamed MovieStim3 = MovieStim3(__class__=<class 'psychopy.visual.movie3.MovieStim3'>, anchor=('center', 'center'), autoLog=True, color=UNKNOWN, colorSpace=UNKNOWN, depth=0.0, filename='imgs/titanic.mp4', flipHoriz=False, flipVert=False, fps=UNKNOWN, interpolate=True, loop=False, name='unnamed MovieStim3', noAudio=False, opacity=1, ori=method-wrapper(...), pos=array([  0., 100.]), size=None, units='pix', vframe_callback=UNKNOWN, volume=UNKNOWN, win=Window(...))
19.8455 	WARNING 	1.2283356000116328: Video catchup needed, advancing self._nextFrameT from 0.0 to 0.03336666666666667
19.8455 	WARNING 	1.228373100006138: Video catchup needed, advancing self._nextFrameT from 0.03336666666666667 to 0.06673333333333334
19.8455 	WARNING 	1.2283845000056317: Video catchup needed, advancing self._nextFrameT from 0.06673333333333334 to 0.10010000000000001
19.8455 	WARNING 	1.2283944000082556: Video catchup needed, advancing self._nextFrameT from 0.10010000000000001 to 0.13346666666666668
19.8455 	WARNING 	1.2284040000085952: Video catchup needed, advancing self._nextFrameT from 0.13346666666666668 to 0.16683333333333333
19.8455 	WARNING 	1.2284131000051275: Video catchup needed, advancing self._nextFrameT from 0.16683333333333333 to 0.2002
19.8455 	WARNING 	1.2284247000061441: Video catchup needed, advancing self._nextFrameT from 0.2002 to 0.23356666666666664
19.8455 	WARNING 	1.228433500000392: Video catchup needed, advancing self._nextFrameT from 0.23356666666666664 to 0.2669333333333333
19.8455 	WARNING 	1.2284427000122378: Video catchup needed, advancing self._nextFrameT from 0.2669333333333333 to 0.30029999999999996
19.8456 	WARNING 	1.2284519000095315: Video catchup needed, advancing self._nextFrameT from 0.30029999999999996 to 0.3336666666666666
19.8456 	WARNING 	Max reportNDroppedFrames reached, will not log any more dropped frames
19.8731 	EXP 	window1: mouseVisible = True
19.8814 	EXP 	Created image_4 = ImageStim(__class__=<class 'psychopy.visual.image.ImageStim'>, anchor=('center', 'center'), autoLog=True, color=array([1., 1., 1.]), colorSpace='rgb', contrast=1.0, depth=-3.0, draggable=False, flipHoriz=False, flipVert=False, image='default.png', interpolate=True, mask=None, maskParams=None, name='image_4', opacity=1.0, ori=0.0, pos=array([0., 0.]), size=array([0.35, 0.35]), texRes=128.0, units='height', win=Window(...))
19.8816 	EXP 	window1: mouseVisible = True
19.8913 	EXP 	Created text_4 = TextStim(__class__=<class 'psychopy.visual.text.TextStim'>, alignHoriz=method-wrapper(...), alignText='center', alignVert=method-wrapper(...), anchorHoriz='center', anchorVert='center', antialias=True, autoDraw=False, autoLog=True, bold=False, color=array([1., 1., 1.]), colorSpace='rgb', contrast=1.0, depth=0.0, draggable=False, flipHoriz=False, flipVert=False, font='Open Sans', fontFiles=[], height=0.05, italic=False, languageStyle='LTR', name='text_4', opacity=1.0, ori=0.0, pos=array([0., 0.]), rgb=UNKNOWN, text='¡Muchas gracias por participar!', units='height', win=Window(...), wrapWidth=1)
0.0018 	EXP 	unnamed MovieStim3: autoLog = True
0.0018 	EXP 	unnamed MovieStim3: movie = 'imgs/video_mar.mp4'
0.0018 	EXP 	unnamed MovieStim3: ori = 0.0
0.0018 	EXP 	unnamed MovieStim3: autoLog = True
0.0018 	EXP 	unnamed MovieStim3: movie = 'imgs/song_titanic.mp4'
0.0018 	EXP 	unnamed MovieStim3: ori = 0.0
0.0018 	EXP 	unnamed MovieStim3: autoLog = True
0.0018 	EXP 	unnamed MovieStim3: movie = 'imgs/titanic_spanish.mp4'
0.0018 	EXP 	unnamed MovieStim3: ori = 0.0
0.0018 	EXP 	unnamed MovieStim3: autoLog = True
0.0018 	EXP 	unnamed MovieStim3: movie = 'imgs/titanic.mp4'
0.0018 	EXP 	unnamed MovieStim3: ori = 0.0
0.0127 	EXP 	image_5: autoDraw = True
0.0127 	EXP 	text_6: autoDraw = True
3.0197 	EXP 	image_5: autoDraw = False
3.0197 	EXP 	text_6: autoDraw = False
3.0197 	EXP 	text_5: autoDraw = True
5.9549 	DATA 	Keypress: space
7.6567 	DATA 	Keypress: space
7.6661 	EXP 	text_5: autoDraw = False
7.6661 	EXP 	text_7: height = 0.05
7.6661 	EXP 	text_7: height = 0.05
7.6661 	EXP 	text_7: height = 0.05
7.6661 	EXP 	text_7: text = 'Nueva ronda'
7.6661 	EXP 	text_7: autoDraw = True
9.6735 	EXP 	Imported imgs/iceberg_times.xlsx as conditions, 2 conditions, 3 params
9.6739 	EXP 	Created sequence: random, trialTypes=2, nReps=1, seed=None
9.6740 	EXP 	New trial (rep=0, index=0): {'timepresentation': 10, 'posx': 0.7, 'posy': 0.1}
9.6792 	EXP 	Sound  started
9.6866 	EXP 	text_7: autoDraw = False
9.6866 	EXP 	image: image = 'imgs/iceberg.png'
9.6866 	EXP 	Set unnamed MovieStim3 playing
19.6620 	EXP 	image: autoDraw = True
20.1037 	EXP 	New trial (rep=0, index=1): {'timepresentation': 15, 'posx': 0.9, 'posy': 0.1}
20.1134 	DATA 	Keypress: space
20.1273 	EXP 	image: autoDraw = False
20.1273 	EXP 	image: image = 'imgs/iceberg.png'
27.6611 	EXP 	Sound  stopped
27.7892 	EXP 	Sound  started
27.7892 	WARNING 	0.14870829999563284: Video catchup needed, advancing self._nextFrameT from 0.0 to 0.04
27.7893 	WARNING 	0.14872789999935776: Video catchup needed, advancing self._nextFrameT from 0.04 to 0.08
27.9091 	EXP 	Set unnamed MovieStim3 finished
27.9094 	WARNING 	0.26882159999513533: Video catchup needed, advancing self._nextFrameT from 0.12 to 0.16
27.9094 	WARNING 	0.2688573999912478: Video catchup needed, advancing self._nextFrameT from 0.16 to 0.2
35.1207 	EXP 	image: autoDraw = True
35.5436 	DATA 	Keypress: space
35.5598 	EXP 	Imported imgs/iceberg_times.xlsx as conditions, 2 conditions, 3 params
35.5601 	EXP 	Created sequence: random, trialTypes=2, nReps=1, seed=None
35.5602 	EXP 	New trial (rep=0, index=0): {'timepresentation': 15, 'posx': 0.9, 'posy': 0.1}
35.5658 	EXP 	Sound  started
35.5732 	EXP 	image: autoDraw = False
35.5732 	EXP 	image_2: image = 'imgs/iceberg.png'
35.5732 	EXP 	Set unnamed MovieStim3 playing
45.8948 	WARNING 	18.25425469999027: Video catchup needed, advancing self._nextFrameT from 18.15999999999979 to 18.19999999999979
46.6512 	EXP 	Sound  stopped
46.7757 	EXP 	Sound  started
46.7758 	WARNING 	0.14612440000928473: Video catchup needed, advancing self._nextFrameT from 0.0 to 0.04
46.7758 	WARNING 	0.14614320000691805: Video catchup needed, advancing self._nextFrameT from 0.04 to 0.08
46.8902 	EXP 	Set unnamed MovieStim3 finished
46.8904 	WARNING 	12.116310566678294: Video catchup needed, advancing self._nextFrameT from 11.874999999999966 to 11.916666666666632
46.8905 	WARNING 	12.116341166678467: Video catchup needed, advancing self._nextFrameT from 11.916666666666632 to 11.958333333333298
46.8905 	WARNING 	12.116381366664427: Video catchup needed, advancing self._nextFrameT from 11.958333333333298 to 11.999999999999964
46.8905 	WARNING 	12.116403966676444: Video catchup needed, advancing self._nextFrameT from 11.999999999999964 to 12.04166666666663
46.8948 	WARNING 	0.2651412000122946: Video catchup needed, advancing self._nextFrameT from 0.12 to 0.16
46.8948 	WARNING 	0.2651719000132289: Video catchup needed, advancing self._nextFrameT from 0.16 to 0.2
50.5588 	EXP 	image_2: autoDraw = True
51.0500 	EXP 	New trial (rep=0, index=1): {'timepresentation': 10, 'posx': 0.7, 'posy': 0.1}
51.0573 	DATA 	Keypress: space
51.0647 	EXP 	image_2: autoDraw = False
51.0647 	EXP 	image_2: image = 'imgs/iceberg.png'
61.0521 	EXP 	image_2: autoDraw = True
61.4901 	EXP 	Sound  stopped
61.4977 	EXP 	Imported imgs/iceberg_times.xlsx as conditions, 2 conditions, 3 params
61.4980 	EXP 	Created sequence: random, trialTypes=2, nReps=1, seed=None
61.4981 	EXP 	New trial (rep=0, index=0): {'timepresentation': 10, 'posx': 0.7, 'posy': 0.1}
61.4982 	EXP 	Sound  started
61.5111 	DATA 	Keypress: space
61.5192 	EXP 	image_2: autoDraw = False
61.5192 	EXP 	Set unnamed MovieStim3 stopped
61.5192 	EXP 	Set unnamed MovieStim3 playing
61.5192 	EXP 	image_3: image = 'imgs/iceberg.png'
65.6400 	EXP 	Sound  stopped
65.7649 	EXP 	Sound  started
65.7650 	WARNING 	0.1484813999995822: Video catchup needed, advancing self._nextFrameT from 0.0 to 0.04
65.7650 	WARNING 	Max reportNDroppedFrames reached, will not log any more dropped frames
65.8796 	EXP 	Set unnamed MovieStim3 finished
65.8798 	WARNING 	5.701585100003285: Video catchup needed, advancing self._nextFrameT from 5.440000000000004 to 5.480000000000004
65.8799 	WARNING 	5.701621800006251: Video catchup needed, advancing self._nextFrameT from 5.480000000000004 to 5.520000000000004
65.8799 	WARNING 	5.70164179999847: Video catchup needed, advancing self._nextFrameT from 5.520000000000004 to 5.560000000000004
65.8799 	WARNING 	5.7017027999972925: Video catchup needed, advancing self._nextFrameT from 5.560000000000004 to 5.600000000000004
65.8800 	WARNING 	5.701716299998225: Video catchup needed, advancing self._nextFrameT from 5.600000000000004 to 5.640000000000004
71.4957 	EXP 	image_3: autoDraw = True
71.9540 	EXP 	New trial (rep=0, index=1): {'timepresentation': 15, 'posx': 0.9, 'posy': 0.1}
71.9618 	DATA 	Keypress: space
71.9688 	EXP 	image_3: autoDraw = False
71.9688 	EXP 	image_3: image = 'imgs/iceberg.png'
84.6299 	EXP 	Sound  stopped
84.7560 	EXP 	Sound  started
84.8728 	EXP 	Set unnamed MovieStim3 finished
84.8730 	WARNING 	24.694762099999934: Video catchup needed, advancing self._nextFrameT from 24.439999999999657 to 24.479999999999656
84.8730 	WARNING 	24.69479740000679: Video catchup needed, advancing self._nextFrameT from 24.479999999999656 to 24.519999999999655
84.8731 	WARNING 	24.694858500006376: Video catchup needed, advancing self._nextFrameT from 24.519999999999655 to 24.559999999999654
84.8731 	WARNING 	24.69488409999758: Video catchup needed, advancing self._nextFrameT from 24.559999999999654 to 24.599999999999653
84.8731 	WARNING 	24.69489430000249: Video catchup needed, advancing self._nextFrameT from 24.599999999999653 to 24.639999999999652
84.8731 	WARNING 	Max reportNDroppedFrames reached, will not log any more dropped frames
86.9688 	EXP 	image_3: autoDraw = True
87.4198 	EXP 	Sound  stopped
87.4273 	EXP 	Imported imgs/iceberg_times.xlsx as conditions, 2 conditions, 3 params
87.4276 	EXP 	Created sequence: random, trialTypes=2, nReps=1, seed=None
87.4277 	EXP 	New trial (rep=0, index=0): {'timepresentation': 15, 'posx': -0.7, 'posy': 0.15}
87.5721 	EXP 	window1: mouseVisible = True
