6.6086 	WARNING 	User requested fullscreen with size [1536  864], but screen is actually [1920, 1080]. Using actual size
7.3828 	EXP 	Created window1 = Window(allowGUI=True, allowStencil=False, autoLog=True, backendConf=UNKNOWN, backgroundFit=<method-wrapper '__getattribute__' of attributeSetter object at 0x000001A58FE95070>, backgroundImage=<method-wrapper '__getattribute__' of attributeSetter object at 0x000001A58FE7D670>, bitsMode=UNKNOWN, blendMode='avg', bpc=(8, 8, 8), color=array([0, 0, 0]), colorSpace='rgb', depthBits=8, fullscr=<method-wrapper '__getattribute__' of attributeSetter object at 0x000001A58FE7DEB0>, gamma=None, gammaErrorPolicy='raise', lms=UNKNOWN, monitor=<psychopy.monitors.calibTools.Monitor object at 0x000001A5903915E0>, multiSample=False, name='window1', numSamples=2, pos=(0, 0), screen=0, size=array([1920, 1080]), stencilBits=0, stereo=False, title='PsychoPy', units='height', useFBO=True, useRetina=False, viewOri=0.0, viewPos=None, viewScale=None, waitBlanking=True, winType='pyglet')
7.3830 	EXP 	window1: mouseVisible = True
7.3830 	EXP 	window1: backgroundImage = ''
7.3831 	EXP 	window1: backgroundFit = 'none'
7.3856 	EXP 	window1: Attempting to measure frame rate of screen (0) ...
7.3856 	EXP 	window1: recordFrameIntervals = False
7.5482 	EXP 	window1: recordFrameIntervals = True
7.7318 	EXP 	Screen (0) actual frame rate measured at 60.01Hz
7.7318 	EXP 	window1: recordFrameIntervals = False
7.7320 	EXP 	window1: mouseVisible = False
9.6071 	EXP 	tarea_iceberg: status = STARTED
9.6075 	EXP 	window1: mouseVisible = True
9.6081 	WARNING 	Requested image 'imgs/logo_OB.jpeg' not found but similar filename 'imgs/logo_OB.png' exists. This will be used instead but changing the filename is advised.
9.6125 	WARNING 	Requested image 'imgs/logo_OB.jpeg' not found but similar filename 'imgs/logo_OB.png' exists. This will be used instead but changing the filename is advised.
9.6159 	WARNING 	Requested image 'imgs/logo_OB.jpeg' not found but similar filename 'imgs/logo_OB.png' exists. This will be used instead but changing the filename is advised.
9.6191 	WARNING 	Requested image 'imgs/logo_OB.jpeg' not found but similar filename 'imgs/logo_OB.png' exists. This will be used instead but changing the filename is advised.
9.6233 	EXP 	Created image_5 = ImageStim(__class__=<class 'psychopy.visual.image.ImageStim'>, anchor=('center', 'center'), autoLog=True, color=array([1., 1., 1.]), colorSpace='rgb', contrast=1.0, depth=0.0, draggable=False, flipHoriz=False, flipVert=False, image='imgs/logo_OB.jpeg', interpolate=True, mask=None, maskParams=None, name='image_5', opacity=1.0, ori=0.0, pos=array([0., 0.]), size=array([0.6, 0.7]), texRes=128.0, units='height', win=Window(...))
9.6236 	EXP 	window1: mouseVisible = True
9.6792 	EXP 	Created text_6 = TextStim(__class__=<class 'psychopy.visual.text.TextStim'>, alignHoriz=method-wrapper(...), alignText='center', alignVert=method-wrapper(...), anchorHoriz='center', anchorVert='center', antialias=True, autoDraw=False, autoLog=True, bold=False, color=array([1., 1., 1.]), colorSpace='rgb', contrast=1.0, depth=-1.0, draggable=False, flipHoriz=False, flipVert=False, font='Open Sans', fontFiles=[], height=0.04, italic=False, languageStyle='LTR', name='text_6', opacity=1.0, ori=0.0, pos=array([ 0.  , -0.35]), rgb=UNKNOWN, text='¡Bienvenido a un experimento de Open Brains!', units='height', win=Window(...), wrapWidth=1)
9.6793 	EXP 	window1: mouseVisible = True
9.6960 	EXP 	Created text_5 = TextStim(__class__=<class 'psychopy.visual.text.TextStim'>, alignHoriz=method-wrapper(...), alignText='center', alignVert=method-wrapper(...), anchorHoriz='center', anchorVert='center', antialias=True, autoDraw=False, autoLog=True, bold=False, color=array([1., 1., 1.]), colorSpace='rgb', contrast=1.0, depth=0.0, draggable=False, flipHoriz=False, flipVert=False, font='Open Sans', fontFiles=[], height=0.035, italic=False, languageStyle='LTR', name='text_5', opacity=1.0, ori=0.0, pos=array([0., 0.]), rgb=UNKNOWN, text=str(...), units='height', win=Window(...), wrapWidth=1)
9.6961 	EXP 	window1: mouseVisible = True
9.6972 	EXP 	Created text_7 = TextStim(__class__=<class 'psychopy.visual.text.TextStim'>, alignHoriz=method-wrapper(...), alignText='center', alignVert=method-wrapper(...), anchorHoriz='center', anchorVert='center', antialias=True, autoDraw=False, autoLog=True, bold=False, color=array([1., 1., 1.]), colorSpace='rgb', contrast=1.0, depth=0.0, draggable=False, flipHoriz=False, flipVert=False, font='Open Sans', fontFiles=[], height=0.05, italic=False, languageStyle='LTR', name='text_7', opacity=1.0, ori=0.0, pos=array([0., 0.]), rgb=UNKNOWN, text='', units='height', win=Window(...), wrapWidth=1)
9.6973 	EXP 	window1: mouseVisible = True
9.7047 	EXP 	Created image = ImageStim(__class__=<class 'psychopy.visual.image.ImageStim'>, anchor=('center', 'center'), autoLog=True, color=array([1., 1., 1.]), colorSpace='rgb', contrast=1.0, depth=0.0, draggable=False, flipHoriz=False, flipVert=False, image='default.png', interpolate=True, mask=None, maskParams=None, name='image', opacity=1.0, ori=0.0, pos=array([0., 0.]), size=array([0.35, 0.35]), texRes=128.0, units='height', win=Window(...))
9.8079 	EXP 	Created unnamed MovieStim3 = MovieStim3(__class__=<class 'psychopy.visual.movie3.MovieStim3'>, anchor=('center', 'center'), autoLog=True, color=UNKNOWN, colorSpace=UNKNOWN, depth=0.0, filename='imgs/video_mar.mp4', flipHoriz=False, flipVert=False, fps=UNKNOWN, interpolate=True, loop=True, name='unnamed MovieStim3', noAudio=False, opacity=1, ori=method-wrapper(...), pos=array([0., 0.]), size=None, units='pix', vframe_callback=UNKNOWN, volume=UNKNOWN, win=Window(...))
10.8621 	WARNING 	1.0541127000033157: Video catchup needed, advancing self._nextFrameT from 0.0 to 0.04
10.8621 	WARNING 	1.0541771999996854: Video catchup needed, advancing self._nextFrameT from 0.04 to 0.08
10.8621 	WARNING 	1.0542015000100946: Video catchup needed, advancing self._nextFrameT from 0.08 to 0.12
10.8622 	WARNING 	1.0542219000053592: Video catchup needed, advancing self._nextFrameT from 0.12 to 0.16
10.8622 	WARNING 	1.0542418000113685: Video catchup needed, advancing self._nextFrameT from 0.16 to 0.2
10.8622 	WARNING 	1.0542616000020644: Video catchup needed, advancing self._nextFrameT from 0.2 to 0.24000000000000002
10.8622 	WARNING 	1.0542821999988519: Video catchup needed, advancing self._nextFrameT from 0.24000000000000002 to 0.28
10.8622 	WARNING 	1.054303600001731: Video catchup needed, advancing self._nextFrameT from 0.28 to 0.32
10.8623 	WARNING 	1.0543240000115475: Video catchup needed, advancing self._nextFrameT from 0.32 to 0.36
10.8623 	WARNING 	1.0543448000098579: Video catchup needed, advancing self._nextFrameT from 0.36 to 0.39999999999999997
10.8624 	WARNING 	Max reportNDroppedFrames reached, will not log any more dropped frames
11.1194 	EXP 	window1: mouseVisible = True
11.1277 	EXP 	Created image_2 = ImageStim(__class__=<class 'psychopy.visual.image.ImageStim'>, anchor=('center', 'center'), autoLog=True, color=array([1., 1., 1.]), colorSpace='rgb', contrast=1.0, depth=0.0, draggable=False, flipHoriz=False, flipVert=False, image='default.png', interpolate=True, mask=None, maskParams=None, name='image_2', opacity=1.0, ori=0.0, pos=array([0., 0.]), size=array([0.35, 0.35]), texRes=128.0, units='height', win=Window(...))
11.1280 	EXP 	Created unnamed MovieStim3 = MovieStim3(__class__=<class 'psychopy.visual.movie3.MovieStim3'>, anchor=('center', 'center'), autoLog=True, color=UNKNOWN, colorSpace=UNKNOWN, depth=0.0, filename='imgs/song_titanic.mp4', flipHoriz=False, flipVert=False, fps=UNKNOWN, interpolate=True, loop=False, name='unnamed MovieStim3', noAudio=False, opacity=1, ori=method-wrapper(...), pos=array([0., 0.]), size=None, units='pix', vframe_callback=UNKNOWN, volume=UNKNOWN, win=Window(...))
11.9104 	WARNING 	0.7823501999955624: Video catchup needed, advancing self._nextFrameT from 0.0 to 0.041666666666666664
11.9105 	WARNING 	0.7824034999939613: Video catchup needed, advancing self._nextFrameT from 0.041666666666666664 to 0.08333333333333333
11.9105 	WARNING 	0.7824149999942165: Video catchup needed, advancing self._nextFrameT from 0.08333333333333333 to 0.125
11.9105 	WARNING 	0.7824250999983633: Video catchup needed, advancing self._nextFrameT from 0.125 to 0.16666666666666666
11.9105 	WARNING 	0.7824343999964185: Video catchup needed, advancing self._nextFrameT from 0.16666666666666666 to 0.20833333333333331
11.9105 	WARNING 	0.7824435000075027: Video catchup needed, advancing self._nextFrameT from 0.20833333333333331 to 0.24999999999999997
11.9105 	WARNING 	0.7824532999948133: Video catchup needed, advancing self._nextFrameT from 0.24999999999999997 to 0.29166666666666663
11.9105 	WARNING 	0.7824619000020903: Video catchup needed, advancing self._nextFrameT from 0.29166666666666663 to 0.3333333333333333
11.9105 	WARNING 	0.7824704999948153: Video catchup needed, advancing self._nextFrameT from 0.3333333333333333 to 0.375
11.9105 	WARNING 	0.7824796000058996: Video catchup needed, advancing self._nextFrameT from 0.375 to 0.4166666666666667
11.9105 	WARNING 	Max reportNDroppedFrames reached, will not log any more dropped frames
11.9267 	EXP 	Created unnamed MovieStim3 = MovieStim3(__class__=<class 'psychopy.visual.movie3.MovieStim3'>, anchor=('center', 'center'), autoLog=True, color=UNKNOWN, colorSpace=UNKNOWN, depth=0.0, filename='imgs/titanic_spanish.mp4', flipHoriz=False, flipVert=False, fps=UNKNOWN, interpolate=True, loop=False, name='unnamed MovieStim3', noAudio=False, opacity=1, ori=method-wrapper(...), pos=array([0., 0.]), size=None, units='pix', vframe_callback=UNKNOWN, volume=UNKNOWN, win=Window(...))
13.1518 	WARNING 	1.224984200001927: Video catchup needed, advancing self._nextFrameT from 0.0 to 0.04
13.1518 	WARNING 	1.2250564000132727: Video catchup needed, advancing self._nextFrameT from 0.04 to 0.08
13.1518 	WARNING 	1.225068800005829: Video catchup needed, advancing self._nextFrameT from 0.08 to 0.12
13.1518 	WARNING 	1.22507850000693: Video catchup needed, advancing self._nextFrameT from 0.12 to 0.16
13.1518 	WARNING 	1.2250883000087924: Video catchup needed, advancing self._nextFrameT from 0.16 to 0.2
13.1518 	WARNING 	1.2250974000053247: Video catchup needed, advancing self._nextFrameT from 0.2 to 0.24000000000000002
13.1519 	WARNING 	1.2251114000100642: Video catchup needed, advancing self._nextFrameT from 0.24000000000000002 to 0.28
13.1519 	WARNING 	1.225120400005835: Video catchup needed, advancing self._nextFrameT from 0.28 to 0.32
13.1519 	WARNING 	1.2251295000023674: Video catchup needed, advancing self._nextFrameT from 0.32 to 0.36
13.1519 	WARNING 	1.2251381000096444: Video catchup needed, advancing self._nextFrameT from 0.36 to 0.39999999999999997
13.1519 	WARNING 	Max reportNDroppedFrames reached, will not log any more dropped frames
13.1808 	EXP 	window1: mouseVisible = True
13.1891 	EXP 	Created image_3 = ImageStim(__class__=<class 'psychopy.visual.image.ImageStim'>, anchor=('center', 'center'), autoLog=True, color=array([1., 1., 1.]), colorSpace='rgb', contrast=1.0, depth=-2.0, draggable=False, flipHoriz=False, flipVert=False, image='default.png', interpolate=True, mask=None, maskParams=None, name='image_3', opacity=1.0, ori=0.0, pos=array([0., 0.]), size=array([0.35, 0.35]), texRes=128.0, units='height', win=Window(...))
13.1893 	EXP 	Created unnamed MovieStim3 = MovieStim3(__class__=<class 'psychopy.visual.movie3.MovieStim3'>, anchor=('center', 'center'), autoLog=True, color=UNKNOWN, colorSpace=UNKNOWN, depth=0.0, filename='imgs/titanic_spanish.mp4', flipHoriz=False, flipVert=False, fps=UNKNOWN, interpolate=True, loop=False, name='unnamed MovieStim3', noAudio=False, opacity=1, ori=method-wrapper(...), pos=array([0., 0.]), size=None, units='pix', vframe_callback=UNKNOWN, volume=UNKNOWN, win=Window(...))
14.3536 	WARNING 	1.164245199994184: Video catchup needed, advancing self._nextFrameT from 0.0 to 0.04
14.3537 	WARNING 	1.1643260999990162: Video catchup needed, advancing self._nextFrameT from 0.04 to 0.08
14.3537 	WARNING 	1.164339299997664: Video catchup needed, advancing self._nextFrameT from 0.08 to 0.12
14.3537 	WARNING 	1.1643488999980036: Video catchup needed, advancing self._nextFrameT from 0.12 to 0.16
14.3537 	WARNING 	1.164357999994536: Video catchup needed, advancing self._nextFrameT from 0.16 to 0.2
14.3537 	WARNING 	1.1643669999903068: Video catchup needed, advancing self._nextFrameT from 0.2 to 0.24000000000000002
14.3537 	WARNING 	1.1643822000041837: Video catchup needed, advancing self._nextFrameT from 0.24000000000000002 to 0.28
14.3537 	WARNING 	1.1643917999899713: Video catchup needed, advancing self._nextFrameT from 0.28 to 0.32
14.3538 	WARNING 	1.1644011000025785: Video catchup needed, advancing self._nextFrameT from 0.32 to 0.36
14.3538 	WARNING 	1.1644093999930192: Video catchup needed, advancing self._nextFrameT from 0.36 to 0.39999999999999997
14.3538 	WARNING 	Max reportNDroppedFrames reached, will not log any more dropped frames
14.4072 	EXP 	Created unnamed MovieStim3 = MovieStim3(__class__=<class 'psychopy.visual.movie3.MovieStim3'>, anchor=('center', 'center'), autoLog=True, color=UNKNOWN, colorSpace=UNKNOWN, depth=0.0, filename='imgs/titanic.mp4', flipHoriz=False, flipVert=False, fps=UNKNOWN, interpolate=True, loop=False, name='unnamed MovieStim3', noAudio=False, opacity=1, ori=method-wrapper(...), pos=array([  0., 100.]), size=None, units='pix', vframe_callback=UNKNOWN, volume=UNKNOWN, win=Window(...))
15.6237 	WARNING 	1.2164920000068378: Video catchup needed, advancing self._nextFrameT from 0.0 to 0.03336666666666667
15.6237 	WARNING 	1.2165230000100564: Video catchup needed, advancing self._nextFrameT from 0.03336666666666667 to 0.06673333333333334
15.6237 	WARNING 	1.2165336000034586: Video catchup needed, advancing self._nextFrameT from 0.06673333333333334 to 0.10010000000000001
15.6238 	WARNING 	1.21654250001302: Video catchup needed, advancing self._nextFrameT from 0.10010000000000001 to 0.13346666666666668
15.6238 	WARNING 	1.2165507000026992: Video catchup needed, advancing self._nextFrameT from 0.13346666666666668 to 0.16683333333333333
15.6238 	WARNING 	1.2165589000069303: Video catchup needed, advancing self._nextFrameT from 0.16683333333333333 to 0.2002
15.6238 	WARNING 	1.2165668000088772: Video catchup needed, advancing self._nextFrameT from 0.2002 to 0.23356666666666664
15.6238 	WARNING 	1.2165746000100626: Video catchup needed, advancing self._nextFrameT from 0.23356666666666664 to 0.2669333333333333
15.6238 	WARNING 	1.216582400011248: Video catchup needed, advancing self._nextFrameT from 0.2669333333333333 to 0.30029999999999996
15.6238 	WARNING 	1.2165903000131948: Video catchup needed, advancing self._nextFrameT from 0.30029999999999996 to 0.3336666666666666
15.6238 	WARNING 	Max reportNDroppedFrames reached, will not log any more dropped frames
15.6559 	EXP 	window1: mouseVisible = True
15.6684 	EXP 	Created image_4 = ImageStim(__class__=<class 'psychopy.visual.image.ImageStim'>, anchor=('center', 'center'), autoLog=True, color=array([1., 1., 1.]), colorSpace='rgb', contrast=1.0, depth=-3.0, draggable=False, flipHoriz=False, flipVert=False, image='default.png', interpolate=True, mask=None, maskParams=None, name='image_4', opacity=1.0, ori=0.0, pos=array([0., 0.]), size=array([0.35, 0.35]), texRes=128.0, units='height', win=Window(...))
15.6685 	EXP 	window1: mouseVisible = True
15.6818 	EXP 	Created text_4 = TextStim(__class__=<class 'psychopy.visual.text.TextStim'>, alignHoriz=method-wrapper(...), alignText='center', alignVert=method-wrapper(...), anchorHoriz='center', anchorVert='center', antialias=True, autoDraw=False, autoLog=True, bold=False, color=array([1., 1., 1.]), colorSpace='rgb', contrast=1.0, depth=0.0, draggable=False, flipHoriz=False, flipVert=False, font='Open Sans', fontFiles=[], height=0.05, italic=False, languageStyle='LTR', name='text_4', opacity=1.0, ori=0.0, pos=array([0., 0.]), rgb=UNKNOWN, text='¡Muchas gracias por participar!', units='height', win=Window(...), wrapWidth=1)
0.0021 	EXP 	unnamed MovieStim3: autoLog = True
0.0021 	EXP 	unnamed MovieStim3: movie = 'imgs/video_mar.mp4'
0.0021 	EXP 	unnamed MovieStim3: ori = 0.0
0.0021 	EXP 	unnamed MovieStim3: autoLog = True
0.0021 	EXP 	unnamed MovieStim3: movie = 'imgs/song_titanic.mp4'
0.0021 	EXP 	unnamed MovieStim3: ori = 0.0
0.0021 	EXP 	unnamed MovieStim3: autoLog = True
0.0021 	EXP 	unnamed MovieStim3: movie = 'imgs/titanic_spanish.mp4'
0.0021 	EXP 	unnamed MovieStim3: ori = 0.0
0.0021 	EXP 	unnamed MovieStim3: autoLog = True
0.0021 	EXP 	unnamed MovieStim3: movie = 'imgs/titanic_spanish.mp4'
0.0021 	EXP 	unnamed MovieStim3: ori = 0.0
0.0021 	EXP 	unnamed MovieStim3: autoLog = True
0.0021 	EXP 	unnamed MovieStim3: movie = 'imgs/titanic.mp4'
0.0021 	EXP 	unnamed MovieStim3: ori = 0.0
0.0142 	EXP 	image_5: autoDraw = True
0.0142 	EXP 	text_6: autoDraw = True
3.0261 	EXP 	image_5: autoDraw = False
3.0261 	EXP 	text_6: autoDraw = False
3.0261 	EXP 	text_5: autoDraw = True
7.3141 	EXP 	Imported imgs/routines_order.xlsx as conditions, 4 conditions, 1 params
7.3144 	EXP 	Created sequence: sequential, trialTypes=4, nReps=1, seed=None
7.3145 	EXP 	New trial (rep=0, index=0): {'routineName': 'control'}
7.3224 	DATA 	Keypress: space
7.3250 	EXP 	text_5: autoDraw = False
7.3250 	EXP 	text_7: autoDraw = True
9.3309 	EXP 	Imported imgs/iceberg_times.xlsx as conditions, 2 conditions, 3 params
9.3312 	EXP 	Created sequence: random, trialTypes=2, nReps=1, seed=None
9.3313 	EXP 	New trial (rep=0, index=0): {'timepresentation': 4, 'posx': 0.7, 'posy': 0.1}
9.3362 	EXP 	Sound  started
9.3439 	EXP 	text_7: autoDraw = False
9.3439 	EXP 	image: image = 'imgs/iceberg.png'
9.3439 	EXP 	Set unnamed MovieStim3 playing
13.3381 	EXP 	image: autoDraw = True
14.1035 	EXP 	New trial (rep=0, index=1): {'timepresentation': 15, 'posx': 0.7, 'posy': 0.1}
14.1277 	DATA 	Keypress: space
14.1375 	EXP 	image: autoDraw = False
14.1375 	EXP 	image: image = 'imgs/iceberg.png'
27.3772 	EXP 	Sound  stopped
27.5106 	EXP 	Sound  started
27.5107 	WARNING 	0.14648019999731332: Video catchup needed, advancing self._nextFrameT from 0.0 to 0.04
27.5107 	WARNING 	0.1465029999963008: Video catchup needed, advancing self._nextFrameT from 0.04 to 0.08
27.6321 	EXP 	Set unnamed MovieStim3 finished
27.6322 	WARNING 	0.2679957999935141: Video catchup needed, advancing self._nextFrameT from 0.12 to 0.16
27.6322 	WARNING 	0.26801610000256915: Video catchup needed, advancing self._nextFrameT from 0.16 to 0.2
29.1193 	EXP 	image: autoDraw = True
29.6109 	EXP 	Imported imgs/iceberg_times.xlsx as conditions, 2 conditions, 3 params
29.6112 	EXP 	Created sequence: random, trialTypes=2, nReps=1, seed=None
29.6113 	EXP 	New trial (rep=0, index=0): {'timepresentation': 4, 'posx': 0.7, 'posy': 0.1}
29.6170 	EXP 	Sound  started
29.6172 	EXP 	New trial (rep=0, index=1): {'timepresentation': 15, 'posx': 0.7, 'posy': 0.1}
29.6467 	EXP 	Sound  stopped
29.6541 	EXP 	Imported imgs/iceberg_times.xlsx as conditions, 2 conditions, 3 params
29.6544 	EXP 	Created sequence: random, trialTypes=2, nReps=1, seed=None
29.6545 	EXP 	New trial (rep=0, index=0): {'timepresentation': 15, 'posx': 0.7, 'posy': 0.1}
29.6546 	EXP 	Sound  started
29.6603 	EXP 	New trial (rep=0, index=1): {'timepresentation': 4, 'posx': 0.7, 'posy': 0.1}
29.6873 	EXP 	Sound  stopped
29.6944 	EXP 	Imported imgs/iceberg_times.xlsx as conditions, 2 conditions, 3 params
29.6947 	EXP 	Created sequence: random, trialTypes=2, nReps=1, seed=None
29.6948 	EXP 	New trial (rep=0, index=0): {'timepresentation': 4, 'posx': 0.7, 'posy': 0.1}
29.6949 	EXP 	Sound  started
29.6952 	EXP 	Sound  started
29.7011 	EXP 	New trial (rep=0, index=1): {'timepresentation': 6, 'posx': 0.7, 'posy': 0.1}
29.7284 	EXP 	Sound  stopped
29.7466 	EXP 	Sound  stopped
29.7469 	EXP 	New trial (rep=0, index=1): {'routineName': 'music'}
29.7496 	DATA 	Keypress: space
29.7549 	EXP 	image: autoDraw = False
29.7549 	EXP 	image_2: image = 'imgs/iceberg.png'
29.7549 	EXP 	Set unnamed MovieStim3 playing
29.7549 	EXP 	image_2: autoDraw = False
29.7549 	EXP 	image_2: image = 'imgs/iceberg.png'
29.7549 	EXP 	image_2: autoDraw = False
29.7549 	EXP 	Set unnamed MovieStim3 stopped
29.7549 	EXP 	Set unnamed MovieStim3 playing
29.7549 	EXP 	image_3: image = 'imgs/iceberg.png'
29.7549 	EXP 	image_3: autoDraw = False
29.7549 	EXP 	image_3: image = 'imgs/iceberg.png'
29.7549 	EXP 	image_3: autoDraw = False
29.7549 	EXP 	Set unnamed MovieStim3 stopped
29.7549 	EXP 	Set unnamed MovieStim3 playing
29.7549 	EXP 	Set unnamed MovieStim3 playing
29.7549 	EXP 	image_4: image = 'imgs/iceberg.png'
29.7549 	EXP 	image_4: autoDraw = False
29.7549 	EXP 	image_4: image = 'imgs/iceberg.png'
29.7549 	EXP 	image_4: autoDraw = False
29.7549 	EXP 	Set unnamed MovieStim3 stopped
29.7549 	EXP 	Set unnamed MovieStim3 stopped
29.7549 	EXP 	text_7: autoDraw = True
31.7493 	EXP 	Imported imgs/iceberg_times.xlsx as conditions, 2 conditions, 3 params
31.7496 	EXP 	Created sequence: random, trialTypes=2, nReps=1, seed=None
31.7497 	EXP 	New trial (rep=0, index=0): {'timepresentation': 10, 'posx': -0.6, 'posy': 0.15}
31.7550 	EXP 	New trial (rep=0, index=1): {'timepresentation': 3, 'posx': -0.7, 'posy': 0.15}
31.7663 	EXP 	Imported imgs/iceberg_times.xlsx as conditions, 2 conditions, 3 params
31.7666 	EXP 	Created sequence: random, trialTypes=2, nReps=1, seed=None
31.7667 	EXP 	New trial (rep=0, index=0): {'timepresentation': 3, 'posx': -0.7, 'posy': 0.15}
32.0299 	EXP 	window1: mouseVisible = True
