6.7046 	WARNING 	User requested fullscreen with size [1024  768], but screen is actually [1920, 1080]. Using actual size
7.3901 	EXP 	Created window1 = Window(allowGUI=True, allowStencil=False, autoLog=True, backendConf=UNKNOWN, backgroundFit=<method-wrapper '__getattribute__' of attributeSetter object at 0x000001C802C84C40>, backgroundImage=<method-wrapper '__getattribute__' of attributeSetter object at 0x000001C802C84BE0>, bitsMode=UNKNOWN, blendMode='avg', bpc=(8, 8, 8), color=array([0, 0, 0]), colorSpace='rgb', depthBits=8, fullscr=<method-wrapper '__getattribute__' of attributeSetter object at 0x000001C802C84A00>, gamma=None, gammaErrorPolicy='raise', lms=UNKNOWN, monitor=<psychopy.monitors.calibTools.Monitor object at 0x000001C803212C10>, multiSample=False, name='window1', numSamples=2, pos=(0, 0), screen=0, size=array([1920, 1080]), stencilBits=0, stereo=False, title='PsychoPy', units='height', useFBO=True, useRetina=False, viewOri=0.0, viewPos=None, viewScale=None, waitBlanking=True, winType='pyglet')
7.3902 	EXP 	window1: mouseVisible = True
7.3903 	EXP 	window1: backgroundImage = ''
7.3903 	EXP 	window1: backgroundFit = 'none'
7.3924 	EXP 	window1: Attempting to measure frame rate of screen (0) ...
7.3925 	EXP 	window1: recordFrameIntervals = False
7.5564 	EXP 	window1: recordFrameIntervals = True
7.7406 	EXP 	Screen (0) actual frame rate measured at 59.93Hz
7.7406 	EXP 	window1: recordFrameIntervals = False
7.7408 	EXP 	window1: mouseVisible = False
9.1854 	EXP 	tarea_iceberg: status = STARTED
9.1878 	EXP 	window1: mouseVisible = True
9.3419 	EXP 	window1: mouseVisible = True
9.3542 	EXP 	Created image = ImageStim(__class__=<class 'psychopy.visual.image.ImageStim'>, anchor=('center', 'center'), autoLog=True, color=array([1., 1., 1.]), colorSpace='rgb', contrast=1.0, depth=-1.0, draggable=False, flipHoriz=False, flipVert=False, image='default.png', interpolate=True, mask=None, maskParams=None, name='image', opacity=1.0, ori=0.0, pos=array([0., 0.]), size=array([0.35, 0.35]), texRes=128.0, units='height', win=Window(...))
9.3545 	EXP 	window1: mouseVisible = True
9.4001 	EXP 	Created text = TextStim(__class__=<class 'psychopy.visual.text.TextStim'>, alignHoriz=method-wrapper(...), alignText='center', alignVert=method-wrapper(...), anchorHoriz='center', anchorVert='center', antialias=True, autoDraw=False, autoLog=True, bold=False, color=array([1., 1., 1.]), colorSpace='rgb', contrast=1.0, depth=0.0, draggable=False, flipHoriz=False, flipVert=False, font='Open Sans', fontFiles=[], height=0.05, italic=False, languageStyle='LTR', name='text', opacity=1.0, ori=0.0, pos=array([0., 0.]), rgb=UNKNOWN, text='¡Empezamos la segunda ronda!', units='height', win=Window(...), wrapWidth=1)
9.4002 	EXP 	window1: mouseVisible = True
9.4947 	EXP 	window1: mouseVisible = True
9.5022 	EXP 	Created image_2 = ImageStim(__class__=<class 'psychopy.visual.image.ImageStim'>, anchor=('center', 'center'), autoLog=True, color=array([1., 1., 1.]), colorSpace='rgb', contrast=1.0, depth=-1.0, draggable=False, flipHoriz=False, flipVert=False, image='default.png', interpolate=True, mask=None, maskParams=None, name='image_2', opacity=1.0, ori=0.0, pos=array([0., 0.]), size=array([0.35, 0.35]), texRes=128.0, units='height', win=Window(...))
9.5847 	EXP 	Created unnamed MovieStim3 = MovieStim3(__class__=<class 'psychopy.visual.movie3.MovieStim3'>, anchor=('center', 'center'), autoLog=True, color=UNKNOWN, colorSpace=UNKNOWN, depth=0.0, filename='imgs/song_titanic.mp4', flipHoriz=False, flipVert=False, fps=UNKNOWN, interpolate=True, loop=False, name='unnamed MovieStim3', noAudio=False, opacity=1, ori=method-wrapper(...), pos=array([0., 0.]), size=None, units='pix', vframe_callback=UNKNOWN, volume=UNKNOWN, win=Window(...))
10.5132 	WARNING 	0.9284794999985024: Video catchup needed, advancing self._nextFrameT from 0.0 to 0.041666666666666664
10.5133 	WARNING 	0.9285270999989734: Video catchup needed, advancing self._nextFrameT from 0.041666666666666664 to 0.08333333333333333
10.5133 	WARNING 	0.928538899999694: Video catchup needed, advancing self._nextFrameT from 0.08333333333333333 to 0.125
10.5133 	WARNING 	0.9285476999993989: Video catchup needed, advancing self._nextFrameT from 0.125 to 0.16666666666666666
10.5133 	WARNING 	0.9285556999984692: Video catchup needed, advancing self._nextFrameT from 0.16666666666666666 to 0.20833333333333331
10.5133 	WARNING 	0.9285641999995278: Video catchup needed, advancing self._nextFrameT from 0.20833333333333331 to 0.24999999999999997
10.5133 	WARNING 	0.9285721999985981: Video catchup needed, advancing self._nextFrameT from 0.24999999999999997 to 0.29166666666666663
10.5133 	WARNING 	0.9285799999997835: Video catchup needed, advancing self._nextFrameT from 0.29166666666666663 to 0.3333333333333333
10.5133 	WARNING 	0.9285877999991499: Video catchup needed, advancing self._nextFrameT from 0.3333333333333333 to 0.375
10.5133 	WARNING 	0.9285960999986855: Video catchup needed, advancing self._nextFrameT from 0.375 to 0.4166666666666667
10.5133 	WARNING 	Max reportNDroppedFrames reached, will not log any more dropped frames
10.5506 	EXP 	window1: mouseVisible = True
10.5549 	EXP 	Created text_2 = TextStim(__class__=<class 'psychopy.visual.text.TextStim'>, alignHoriz=method-wrapper(...), alignText='center', alignVert=method-wrapper(...), anchorHoriz='center', anchorVert='center', antialias=True, autoDraw=False, autoLog=True, bold=False, color=array([1., 1., 1.]), colorSpace='rgb', contrast=1.0, depth=0.0, draggable=False, flipHoriz=False, flipVert=False, font='Open Sans', fontFiles=[], height=0.05, italic=False, languageStyle='LTR', name='text_2', opacity=1.0, ori=0.0, pos=array([0., 0.]), rgb=UNKNOWN, text='¡empezamos la tercera ronda!', units='height', win=Window(...), wrapWidth=1)
10.5550 	EXP 	window1: mouseVisible = True
10.6541 	EXP 	window1: mouseVisible = True
10.6618 	EXP 	Created image_3 = ImageStim(__class__=<class 'psychopy.visual.image.ImageStim'>, anchor=('center', 'center'), autoLog=True, color=array([1., 1., 1.]), colorSpace='rgb', contrast=1.0, depth=-1.0, draggable=False, flipHoriz=False, flipVert=False, image='default.png', interpolate=True, mask=None, maskParams=None, name='image_3', opacity=1.0, ori=0.0, pos=array([0., 0.]), size=array([0.35, 0.35]), texRes=128.0, units='height', win=Window(...))
10.6620 	EXP 	Created unnamed MovieStim3 = MovieStim3(__class__=<class 'psychopy.visual.movie3.MovieStim3'>, anchor=('center', 'center'), autoLog=True, color=UNKNOWN, colorSpace=UNKNOWN, depth=0.0, filename='imgs/video_celine.mp4', flipHoriz=False, flipVert=False, fps=UNKNOWN, interpolate=True, loop=False, name='unnamed MovieStim3', noAudio=False, opacity=1, ori=method-wrapper(...), pos=array([0., 0.]), size=None, units='pix', vframe_callback=UNKNOWN, volume=UNKNOWN, win=Window(...))
11.9432 	WARNING 	1.2811335999995208: Video catchup needed, advancing self._nextFrameT from 0.0 to 0.03336666666666667
11.9432 	WARNING 	1.2812121999995725: Video catchup needed, advancing self._nextFrameT from 0.03336666666666667 to 0.06673333333333334
11.9432 	WARNING 	1.2812247999991087: Video catchup needed, advancing self._nextFrameT from 0.06673333333333334 to 0.10010000000000001
11.9432 	WARNING 	1.2812355999994907: Video catchup needed, advancing self._nextFrameT from 0.10010000000000001 to 0.13346666666666668
11.9432 	WARNING 	1.281246900000042: Video catchup needed, advancing self._nextFrameT from 0.13346666666666668 to 0.16683333333333333
11.9433 	WARNING 	1.2812551999995776: Video catchup needed, advancing self._nextFrameT from 0.16683333333333333 to 0.2002
11.9433 	WARNING 	1.281263200000467: Video catchup needed, advancing self._nextFrameT from 0.2002 to 0.23356666666666664
11.9433 	WARNING 	1.2812709999998333: Video catchup needed, advancing self._nextFrameT from 0.23356666666666664 to 0.2669333333333333
11.9433 	WARNING 	1.2812789999989036: Video catchup needed, advancing self._nextFrameT from 0.2669333333333333 to 0.30029999999999996
11.9433 	WARNING 	1.2812875999989046: Video catchup needed, advancing self._nextFrameT from 0.30029999999999996 to 0.3336666666666666
11.9433 	WARNING 	Max reportNDroppedFrames reached, will not log any more dropped frames
12.2703 	EXP 	window1: mouseVisible = True
12.2747 	EXP 	Created text_3 = TextStim(__class__=<class 'psychopy.visual.text.TextStim'>, alignHoriz=method-wrapper(...), alignText='center', alignVert=method-wrapper(...), anchorHoriz='center', anchorVert='center', antialias=True, autoDraw=False, autoLog=True, bold=False, color=array([1., 1., 1.]), colorSpace='rgb', contrast=1.0, depth=0.0, draggable=False, flipHoriz=False, flipVert=False, font='Open Sans', fontFiles=[], height=0.05, italic=False, languageStyle='LTR', name='text_3', opacity=1.0, ori=0.0, pos=array([0., 0.]), rgb=UNKNOWN, text='¡última ronda!', units='height', win=Window(...), wrapWidth=1)
12.2749 	EXP 	Created unnamed MovieStim3 = MovieStim3(__class__=<class 'psychopy.visual.movie3.MovieStim3'>, anchor=('center', 'center'), autoLog=True, color=UNKNOWN, colorSpace=UNKNOWN, depth=0.0, filename='imgs/video_mar.mp4', flipHoriz=False, flipVert=False, fps=UNKNOWN, interpolate=True, loop=False, name='unnamed MovieStim3', noAudio=False, opacity=1, ori=method-wrapper(...), pos=array([-0.3,  0. ]), size=None, units='pix', vframe_callback=UNKNOWN, volume=UNKNOWN, win=Window(...))
12.6181 	WARNING 	0.34307210000042687: Video catchup needed, advancing self._nextFrameT from 0.0 to 0.04
12.6181 	WARNING 	0.34312839999984135: Video catchup needed, advancing self._nextFrameT from 0.04 to 0.08
12.6181 	WARNING 	0.3431407999996736: Video catchup needed, advancing self._nextFrameT from 0.08 to 0.12
12.6181 	WARNING 	0.3431503000010707: Video catchup needed, advancing self._nextFrameT from 0.12 to 0.16
12.6181 	WARNING 	0.3431598999995913: Video catchup needed, advancing self._nextFrameT from 0.16 to 0.2
12.6181 	WARNING 	0.34316880000005767: Video catchup needed, advancing self._nextFrameT from 0.2 to 0.24000000000000002
12.6181 	WARNING 	0.3431780999999319: Video catchup needed, advancing self._nextFrameT from 0.24000000000000002 to 0.28
12.6841 	EXP 	Created unnamed MovieStim3 = MovieStim3(__class__=<class 'psychopy.visual.movie3.MovieStim3'>, anchor=('center', 'center'), autoLog=True, color=UNKNOWN, colorSpace=UNKNOWN, depth=0.0, filename='imgs/video_celine.mp4', flipHoriz=False, flipVert=False, fps=UNKNOWN, interpolate=True, loop=False, name='unnamed MovieStim3', noAudio=False, opacity=1, ori=method-wrapper(...), pos=array([0.3, 0. ]), size=None, units='pix', vframe_callback=UNKNOWN, volume=UNKNOWN, win=Window(...))
13.9525 	WARNING 	1.2683489999999438: Video catchup needed, advancing self._nextFrameT from 0.0 to 0.03336666666666667
13.9525 	WARNING 	1.268398199999865: Video catchup needed, advancing self._nextFrameT from 0.03336666666666667 to 0.06673333333333334
13.9525 	WARNING 	1.268408999998428: Video catchup needed, advancing self._nextFrameT from 0.06673333333333334 to 0.10010000000000001
13.9525 	WARNING 	1.2684183000001212: Video catchup needed, advancing self._nextFrameT from 0.10010000000000001 to 0.13346666666666668
13.9525 	WARNING 	1.268426599999657: Video catchup needed, advancing self._nextFrameT from 0.13346666666666668 to 0.16683333333333333
13.9525 	WARNING 	1.2684347999984311: Video catchup needed, advancing self._nextFrameT from 0.16683333333333333 to 0.2002
13.9525 	WARNING 	1.2684425999996165: Video catchup needed, advancing self._nextFrameT from 0.2002 to 0.23356666666666664
13.9525 	WARNING 	1.2684509999999136: Video catchup needed, advancing self._nextFrameT from 0.23356666666666664 to 0.2669333333333333
13.9526 	WARNING 	1.2684591999986878: Video catchup needed, advancing self._nextFrameT from 0.2669333333333333 to 0.30029999999999996
13.9526 	WARNING 	1.2684672999985196: Video catchup needed, advancing self._nextFrameT from 0.30029999999999996 to 0.3336666666666666
13.9526 	WARNING 	Max reportNDroppedFrames reached, will not log any more dropped frames
0.0033 	EXP 	movie: autoLog = True
0.0033 	EXP 	movie_2: autoLog = True
0.0033 	EXP 	unnamed MovieStim3: autoLog = True
0.0033 	EXP 	unnamed MovieStim3: movie = 'imgs/song_titanic.mp4'
0.0033 	EXP 	unnamed MovieStim3: ori = 0.0
0.0033 	EXP 	movie_3: autoLog = True
0.0033 	EXP 	unnamed MovieStim3: autoLog = True
0.0033 	EXP 	unnamed MovieStim3: movie = 'imgs/video_celine.mp4'
0.0033 	EXP 	unnamed MovieStim3: ori = 0.0
0.0033 	EXP 	unnamed MovieStim3: autoLog = True
0.0033 	EXP 	unnamed MovieStim3: movie = 'imgs/video_mar.mp4'
0.0033 	EXP 	unnamed MovieStim3: ori = 0.0
0.0033 	EXP 	unnamed MovieStim3: autoLog = True
0.0033 	EXP 	unnamed MovieStim3: movie = 'imgs/video_celine.mp4'
0.0033 	EXP 	unnamed MovieStim3: ori = 0.0
0.0078 	EXP 	Imported imgs/trials_fake.xlsx as conditions, 2 conditions, 3 params
0.0081 	EXP 	Created sequence: random, trialTypes=2, nReps=1, seed=None
0.0083 	EXP 	New trial (rep=0, index=0): {'timepresentation': 2, 'posx': -0.8, 'posy': 0.15}
0.0493 	EXP 	image: image = 'imgs/iceberg.png'
0.0493 	EXP 	movie: autoDraw = True
2.0020 	EXP 	image: autoDraw = True
2.7548 	DATA 	Keypress: space
2.8968 	EXP 	New trial (rep=0, index=1): {'timepresentation': 2, 'posx': -0.7, 'posy': 0.15}
2.9553 	EXP 	movie: autoDraw = False
2.9553 	EXP 	image: autoDraw = False
2.9553 	EXP 	image: image = 'imgs/iceberg.png'
2.9553 	EXP 	movie: autoDraw = True
4.9017 	EXP 	image: autoDraw = True
5.4032 	DATA 	Keypress: space
5.4054 	EXP 	movie: autoDraw = False
5.4054 	EXP 	image: autoDraw = False
5.4054 	EXP 	text: autoDraw = True
6.4017 	EXP 	Imported imgs/trials_fake.xlsx as conditions, 2 conditions, 3 params
6.4021 	EXP 	Created sequence: random, trialTypes=2, nReps=1, seed=None
6.4022 	EXP 	New trial (rep=0, index=0): {'timepresentation': 2, 'posx': -0.8, 'posy': 0.15}
6.4070 	EXP 	Sound  started
6.4207 	EXP 	text: autoDraw = False
6.4207 	EXP 	text: autoDraw = False
6.4207 	EXP 	image_2: image = 'imgs/iceberg.png'
6.4207 	EXP 	Set unnamed MovieStim3 playing
6.4207 	EXP 	movie_2: autoDraw = True
8.4164 	EXP 	image_2: autoDraw = True
8.9134 	EXP 	New trial (rep=0, index=1): {'timepresentation': 2, 'posx': -0.7, 'posy': 0.15}
8.9614 	DATA 	Keypress: space
8.9673 	EXP 	movie_2: autoDraw = False
8.9673 	EXP 	image_2: autoDraw = False
8.9673 	EXP 	image_2: image = 'imgs/iceberg.png'
8.9673 	EXP 	movie_2: autoDraw = True
10.9134 	EXP 	image_2: autoDraw = True
11.3689 	EXP 	Sound  stopped
11.3708 	DATA 	Keypress: space
11.3721 	EXP 	movie_2: autoDraw = False
11.3721 	EXP 	image_2: autoDraw = False
11.3721 	EXP 	Set unnamed MovieStim3 stopped
11.3721 	EXP 	text_2: autoDraw = True
12.3644 	EXP 	Imported imgs/trials_fake.xlsx as conditions, 2 conditions, 3 params
12.3648 	EXP 	Created sequence: random, trialTypes=2, nReps=1, seed=None
12.3649 	EXP 	New trial (rep=0, index=0): {'timepresentation': 2, 'posx': -0.8, 'posy': 0.15}
12.3695 	EXP 	Sound  started
12.4098 	EXP 	text_2: autoDraw = False
12.4098 	EXP 	text_2: autoDraw = False
12.4098 	EXP 	image_3: image = 'imgs/iceberg.png'
12.4098 	EXP 	Set unnamed MovieStim3 playing
12.4098 	EXP 	movie_3: autoDraw = True
14.3874 	EXP 	image_3: autoDraw = True
14.7365 	DATA 	Keypress: space
14.8591 	EXP 	New trial (rep=0, index=1): {'timepresentation': 2, 'posx': -0.7, 'posy': 0.15}
14.8996 	WARNING 	3.7312519999995857: Video catchup needed, advancing self._nextFrameT from 3.570233333333341 to 3.6036000000000077
14.8996 	WARNING 	3.7313063999990845: Video catchup needed, advancing self._nextFrameT from 3.6036000000000077 to 3.6369666666666745
14.8997 	WARNING 	3.7313310999998066: Video catchup needed, advancing self._nextFrameT from 3.6369666666666745 to 3.670333333333341
14.9762 	EXP 	movie_3: autoDraw = False
14.9762 	EXP 	image_3: autoDraw = False
14.9762 	EXP 	image_3: image = 'imgs/iceberg.png'
14.9762 	EXP 	movie_3: autoDraw = True
14.9763 	WARNING 	3.807995099999971: Video catchup needed, advancing self._nextFrameT from 3.703700000000008 to 3.7370666666666748
14.9763 	WARNING 	3.808014499998535: Video catchup needed, advancing self._nextFrameT from 3.7370666666666748 to 3.7704333333333415
16.8944 	EXP 	image_3: autoDraw = True
17.3138 	DATA 	Keypress: space
17.5193 	EXP 	Sound  stopped
17.5249 	EXP 	movie_3: autoDraw = False
17.5249 	EXP 	image_3: autoDraw = False
17.5249 	EXP 	Set unnamed MovieStim3 stopped
17.5249 	EXP 	text_3: autoDraw = True
18.5266 	EXP 	Imported imgs/trials_iceberg_3.xlsx as conditions, 8 conditions, 3 params
18.5269 	EXP 	Created sequence: random, trialTypes=8, nReps=1, seed=None
18.5270 	EXP 	New trial (rep=0, index=0): {'timepresentation': 10, 'posx': -0.5, 'posy': 0.15}
18.5271 	EXP 	Sound  started
18.5271 	EXP 	Sound  started
18.5424 	EXP 	text_3: autoDraw = False
18.5424 	EXP 	Set unnamed MovieStim3 playing
18.5424 	EXP 	Set unnamed MovieStim3 playing
19.3011 	WARNING 	1.9751398999997036: Video catchup needed, advancing self._nextFrameT from 1.9019000000000026 to 1.9352666666666694
25.6092 	DATA 	Keypress: escape
25.7287 	EXP 	tarea_iceberg: status = STOPPED
25.7355 	EXP 	tarea_iceberg: status = STOPPED
25.8962 	EXP 	window1: mouseVisible = True
