4.7883 	WARNING 	User requested fullscreen with size [1024  768], but screen is actually [1920, 1080]. Using actual size
5.5107 	EXP 	Created window1 = Window(allowGUI=True, allowStencil=False, autoLog=True, backendConf=UNKNOWN, backgroundFit=<method-wrapper '__getattribute__' of attributeSetter object at 0x0000021E30274BB0>, backgroundImage=<method-wrapper '__getattribute__' of attributeSetter object at 0x0000021E30274B50>, bitsMode=UNKNOWN, blendMode='avg', bpc=(8, 8, 8), color=array([0, 0, 0]), colorSpace='rgb', depthBits=8, fullscr=<method-wrapper '__getattribute__' of attributeSetter object at 0x0000021E30274970>, gamma=None, gammaErrorPolicy='raise', lms=UNKNOWN, monitor=<psychopy.monitors.calibTools.Monitor object at 0x0000021E3BC1BB20>, multiSample=False, name='window1', numSamples=2, pos=(0, 0), screen=0, size=array([1920, 1080]), stencilBits=0, stereo=False, title='PsychoPy', units='height', useFBO=True, useRetina=False, viewOri=0.0, viewPos=None, viewScale=None, waitBlanking=True, winType='pyglet')
5.5108 	EXP 	window1: mouseVisible = True
5.5108 	EXP 	window1: backgroundImage = ''
5.5108 	EXP 	window1: backgroundFit = 'none'
5.5129 	EXP 	window1: Attempting to measure frame rate of screen (0) ...
5.5130 	EXP 	window1: recordFrameIntervals = False
5.6767 	EXP 	window1: recordFrameIntervals = True
5.8594 	EXP 	Screen (0) actual frame rate measured at 60.54Hz
5.8594 	EXP 	window1: recordFrameIntervals = False
5.8596 	EXP 	window1: mouseVisible = False
7.7151 	EXP 	tarea_iceberg: status = STARTED
7.7171 	EXP 	window1: mouseVisible = True
7.8605 	EXP 	window1: mouseVisible = True
7.8764 	EXP 	Created image = ImageStim(__class__=<class 'psychopy.visual.image.ImageStim'>, anchor=('center', 'center'), autoLog=True, color=array([1., 1., 1.]), colorSpace='rgb', contrast=1.0, depth=-1.0, draggable=False, flipHoriz=False, flipVert=False, image='default.png', interpolate=True, mask=None, maskParams=None, name='image', opacity=1.0, ori=0.0, pos=array([0., 0.]), size=array([0.35, 0.35]), texRes=128.0, units='height', win=Window(...))
7.8767 	EXP 	window1: mouseVisible = True
7.9218 	EXP 	Created text = TextStim(__class__=<class 'psychopy.visual.text.TextStim'>, alignHoriz=method-wrapper(...), alignText='center', alignVert=method-wrapper(...), anchorHoriz='center', anchorVert='center', antialias=True, autoDraw=False, autoLog=True, bold=False, color=array([1., 1., 1.]), colorSpace='rgb', contrast=1.0, depth=0.0, draggable=False, flipHoriz=False, flipVert=False, font='Open Sans', fontFiles=[], height=0.05, italic=False, languageStyle='LTR', name='text', opacity=1.0, ori=0.0, pos=array([0., 0.]), rgb=UNKNOWN, text='¡Empezamos la segunda ronda!', units='height', win=Window(...), wrapWidth=1)
7.9219 	EXP 	window1: mouseVisible = True
8.0172 	EXP 	window1: mouseVisible = True
8.0385 	EXP 	Created image_2 = ImageStim(__class__=<class 'psychopy.visual.image.ImageStim'>, anchor=('center', 'center'), autoLog=True, color=array([1., 1., 1.]), colorSpace='rgb', contrast=1.0, depth=-1.0, draggable=False, flipHoriz=False, flipVert=False, image='default.png', interpolate=True, mask=None, maskParams=None, name='image_2', opacity=1.0, ori=0.0, pos=array([0., 0.]), size=array([0.35, 0.35]), texRes=128.0, units='height', win=Window(...))
8.1659 	EXP 	Created unnamed MovieStim3 = MovieStim3(__class__=<class 'psychopy.visual.movie3.MovieStim3'>, anchor=('center', 'center'), autoLog=True, color=UNKNOWN, colorSpace=UNKNOWN, depth=0.0, filename='imgs/song_titanic.mp4', flipHoriz=False, flipVert=False, fps=UNKNOWN, interpolate=True, loop=False, name='unnamed MovieStim3', noAudio=False, opacity=1, ori=method-wrapper(...), pos=array([0., 0.]), size=None, units='pix', vframe_callback=UNKNOWN, volume=UNKNOWN, win=Window(...))
9.1283 	WARNING 	0.9623873000000458: Video catchup needed, advancing self._nextFrameT from 0.0 to 0.041666666666666664
9.1283 	WARNING 	0.9624207000015303: Video catchup needed, advancing self._nextFrameT from 0.041666666666666664 to 0.08333333333333333
9.1283 	WARNING 	0.9624303000000509: Video catchup needed, advancing self._nextFrameT from 0.08333333333333333 to 0.125
9.1284 	WARNING 	0.962438700000348: Video catchup needed, advancing self._nextFrameT from 0.125 to 0.16666666666666666
9.1284 	WARNING 	0.962449700000434: Video catchup needed, advancing self._nextFrameT from 0.16666666666666666 to 0.20833333333333331
9.1284 	WARNING 	0.9624581000007311: Video catchup needed, advancing self._nextFrameT from 0.20833333333333331 to 0.24999999999999997
9.1284 	WARNING 	0.9624657000003936: Video catchup needed, advancing self._nextFrameT from 0.24999999999999997 to 0.29166666666666663
9.1284 	WARNING 	0.962473300000056: Video catchup needed, advancing self._nextFrameT from 0.29166666666666663 to 0.3333333333333333
9.1284 	WARNING 	0.9624809000015375: Video catchup needed, advancing self._nextFrameT from 0.3333333333333333 to 0.375
9.1284 	WARNING 	0.9624886000001425: Video catchup needed, advancing self._nextFrameT from 0.375 to 0.4166666666666667
9.1284 	WARNING 	Max reportNDroppedFrames reached, will not log any more dropped frames
9.1480 	EXP 	window1: mouseVisible = True
9.1566 	EXP 	Created text_2 = TextStim(__class__=<class 'psychopy.visual.text.TextStim'>, alignHoriz=method-wrapper(...), alignText='center', alignVert=method-wrapper(...), anchorHoriz='center', anchorVert='center', antialias=True, autoDraw=False, autoLog=True, bold=False, color=array([1., 1., 1.]), colorSpace='rgb', contrast=1.0, depth=0.0, draggable=False, flipHoriz=False, flipVert=False, font='Open Sans', fontFiles=[], height=0.05, italic=False, languageStyle='LTR', name='text_2', opacity=1.0, ori=0.0, pos=array([0., 0.]), rgb=UNKNOWN, text='¡empezamos la tercera ronda!', units='height', win=Window(...), wrapWidth=1)
9.1567 	EXP 	window1: mouseVisible = True
9.2504 	EXP 	window1: mouseVisible = True
9.2694 	EXP 	Created image_3 = ImageStim(__class__=<class 'psychopy.visual.image.ImageStim'>, anchor=('center', 'center'), autoLog=True, color=array([1., 1., 1.]), colorSpace='rgb', contrast=1.0, depth=-1.0, draggable=False, flipHoriz=False, flipVert=False, image='default.png', interpolate=True, mask=None, maskParams=None, name='image_3', opacity=1.0, ori=0.0, pos=array([0., 0.]), size=array([0.35, 0.35]), texRes=128.0, units='height', win=Window(...))
9.2696 	EXP 	Created unnamed MovieStim3 = MovieStim3(__class__=<class 'psychopy.visual.movie3.MovieStim3'>, anchor=('center', 'center'), autoLog=True, color=UNKNOWN, colorSpace=UNKNOWN, depth=0.0, filename='imgs/video_celine.mp4', flipHoriz=False, flipVert=False, fps=UNKNOWN, interpolate=True, loop=False, name='unnamed MovieStim3', noAudio=False, opacity=1, ori=method-wrapper(...), pos=array([0., 0.]), size=None, units='pix', vframe_callback=UNKNOWN, volume=UNKNOWN, win=Window(...))
10.6259 	WARNING 	1.3562853000003088: Video catchup needed, advancing self._nextFrameT from 0.0 to 0.03336666666666667
10.6260 	WARNING 	1.3563219000006939: Video catchup needed, advancing self._nextFrameT from 0.03336666666666667 to 0.06673333333333334
10.6260 	WARNING 	1.3563334999998915: Video catchup needed, advancing self._nextFrameT from 0.06673333333333334 to 0.10010000000000001
10.6260 	WARNING 	1.3563439999998081: Video catchup needed, advancing self._nextFrameT from 0.10010000000000001 to 0.13346666666666668
10.6260 	WARNING 	1.3563540000013745: Video catchup needed, advancing self._nextFrameT from 0.13346666666666668 to 0.16683333333333333
10.6260 	WARNING 	1.3563632000004873: Video catchup needed, advancing self._nextFrameT from 0.16683333333333333 to 0.2002
10.6260 	WARNING 	1.3563725000003615: Video catchup needed, advancing self._nextFrameT from 0.2002 to 0.23356666666666664
10.6260 	WARNING 	1.3563819999999396: Video catchup needed, advancing self._nextFrameT from 0.23356666666666664 to 0.2669333333333333
10.6260 	WARNING 	1.3563910000011674: Video catchup needed, advancing self._nextFrameT from 0.2669333333333333 to 0.30029999999999996
10.6260 	WARNING 	1.356400599999688: Video catchup needed, advancing self._nextFrameT from 0.30029999999999996 to 0.3336666666666666
10.6260 	WARNING 	Max reportNDroppedFrames reached, will not log any more dropped frames
0.0041 	EXP 	movie: autoLog = True
0.0041 	EXP 	movie_2: autoLog = True
0.0041 	EXP 	unnamed MovieStim3: autoLog = True
0.0041 	EXP 	unnamed MovieStim3: movie = 'imgs/song_titanic.mp4'
0.0041 	EXP 	unnamed MovieStim3: ori = 0.0
0.0041 	EXP 	movie_3: autoLog = True
0.0041 	EXP 	unnamed MovieStim3: autoLog = True
0.0041 	EXP 	unnamed MovieStim3: movie = 'imgs/video_celine.mp4'
0.0041 	EXP 	unnamed MovieStim3: ori = 0.0
0.0090 	EXP 	Imported imgs/trials_fake.xlsx as conditions, 2 conditions, 3 params
0.0094 	EXP 	Created sequence: random, trialTypes=2, nReps=1, seed=None
0.0096 	EXP 	New trial (rep=0, index=0): {'timepresentation': 2, 'posx': -0.7, 'posy': 0.15}
0.0519 	EXP 	image: image = 'imgs/iceberg.png'
0.0519 	EXP 	movie: autoDraw = True
2.0154 	EXP 	image: autoDraw = True
2.4591 	EXP 	New trial (rep=0, index=1): {'timepresentation': 2, 'posx': -0.8, 'posy': 0.15}
2.5075 	DATA 	Keypress: space
2.5133 	EXP 	movie: autoDraw = False
2.5133 	EXP 	image: autoDraw = False
2.5133 	EXP 	image: image = 'imgs/iceberg.png'
2.5133 	EXP 	movie: autoDraw = True
4.4724 	EXP 	image: autoDraw = True
4.9649 	DATA 	Keypress: space
4.9669 	EXP 	movie: autoDraw = False
4.9669 	EXP 	image: autoDraw = False
4.9669 	EXP 	text: autoDraw = True
7.9539 	EXP 	Imported imgs/trials_fake.xlsx as conditions, 2 conditions, 3 params
7.9542 	EXP 	Created sequence: random, trialTypes=2, nReps=1, seed=None
7.9543 	EXP 	New trial (rep=0, index=0): {'timepresentation': 2, 'posx': -0.8, 'posy': 0.15}
7.9586 	EXP 	Sound  started
7.9701 	EXP 	text: autoDraw = False
7.9701 	EXP 	text: autoDraw = False
7.9701 	EXP 	image_2: image = 'imgs/iceberg.png'
7.9701 	EXP 	Set unnamed MovieStim3 playing
7.9701 	EXP 	movie_2: autoDraw = True
9.9682 	EXP 	image_2: autoDraw = True
10.4236 	EXP 	New trial (rep=0, index=1): {'timepresentation': 2, 'posx': -0.7, 'posy': 0.15}
10.4721 	DATA 	Keypress: space
10.4777 	EXP 	movie_2: autoDraw = False
10.4777 	EXP 	image_2: autoDraw = False
10.4777 	EXP 	image_2: image = 'imgs/iceberg.png'
10.4777 	EXP 	movie_2: autoDraw = True
12.4337 	EXP 	image_2: autoDraw = True
12.9097 	EXP 	Sound  stopped
12.9116 	DATA 	Keypress: space
12.9143 	EXP 	movie_2: autoDraw = False
12.9143 	EXP 	image_2: autoDraw = False
12.9143 	EXP 	Set unnamed MovieStim3 stopped
12.9143 	EXP 	text_2: autoDraw = True
13.9180 	EXP 	Imported imgs/trials_iceberg_3.xlsx as conditions, 8 conditions, 3 params
13.9183 	EXP 	Created sequence: random, trialTypes=8, nReps=1, seed=None
13.9184 	EXP 	New trial (rep=0, index=0): {'timepresentation': 14, 'posx': 0.6, 'posy': 0.1}
13.9238 	EXP 	Sound  started
13.9607 	EXP 	text_2: autoDraw = False
13.9607 	EXP 	image_3: image = 'imgs/iceberg.png'
13.9607 	EXP 	Set unnamed MovieStim3 playing
13.9607 	EXP 	movie_3: autoDraw = True
16.3642 	DATA 	Keypress: escape
16.5181 	EXP 	tarea_iceberg: status = STOPPED
16.5223 	EXP 	movie_3: autoDraw = False
16.5224 	EXP 	tarea_iceberg: status = STOPPED
16.6743 	EXP 	window1: mouseVisible = True
