5.6412 	WARNING 	User requested fullscreen with size [1536  864], but screen is actually [1920, 1080]. Using actual size
6.4370 	EXP 	Created window1 = Window(allowGUI=True, allowStencil=False, autoLog=True, backendConf=UNKNOWN, backgroundFit=<method-wrapper '__getattribute__' of attributeSetter object at 0x0000025C26178CD0>, backgroundImage=<method-wrapper '__getattribute__' of attributeSetter object at 0x0000025C26178C70>, bitsMode=UNKNOWN, blendMode='avg', bpc=(8, 8, 8), color=array([0, 0, 0]), colorSpace='rgb', depthBits=8, fullscr=<method-wrapper '__getattribute__' of attributeSetter object at 0x0000025C26178AF0>, gamma=None, gammaErrorPolicy='raise', lms=UNKNOWN, monitor=<psychopy.monitors.calibTools.Monitor object at 0x0000025C2673FE50>, multiSample=False, name='window1', numSamples=2, pos=(0, 0), screen=0, size=array([1920, 1080]), stencilBits=0, stereo=False, title='PsychoPy', units='height', useFBO=True, useRetina=False, viewOri=0.0, viewPos=None, viewScale=None, waitBlanking=True, winType='pyglet')
6.4384 	EXP 	window1: mouseVisible = True
6.4384 	EXP 	window1: backgroundImage = ''
6.4384 	EXP 	window1: backgroundFit = 'none'
6.4395 	EXP 	window1: Attempting to measure frame rate of screen (0) ...
6.4395 	EXP 	window1: recordFrameIntervals = False
6.6027 	EXP 	window1: recordFrameIntervals = True
6.7859 	EXP 	Screen (0) actual frame rate measured at 59.97Hz
6.7859 	EXP 	window1: recordFrameIntervals = False
6.7860 	EXP 	window1: mouseVisible = False
8.6751 	EXP 	tarea_iceberg: status = STARTED
8.6754 	EXP 	window1: mouseVisible = True
8.6762 	WARNING 	Requested image 'imgs/logo_OB.jpeg' not found but similar filename 'imgs/logo_OB.png' exists. This will be used instead but changing the filename is advised.
8.6808 	WARNING 	Requested image 'imgs/logo_OB.jpeg' not found but similar filename 'imgs/logo_OB.png' exists. This will be used instead but changing the filename is advised.
8.6846 	WARNING 	Requested image 'imgs/logo_OB.jpeg' not found but similar filename 'imgs/logo_OB.png' exists. This will be used instead but changing the filename is advised.
8.6879 	WARNING 	Requested image 'imgs/logo_OB.jpeg' not found but similar filename 'imgs/logo_OB.png' exists. This will be used instead but changing the filename is advised.
8.6922 	EXP 	Created image_5 = ImageStim(__class__=<class 'psychopy.visual.image.ImageStim'>, anchor=('center', 'center'), autoLog=True, color=array([1., 1., 1.]), colorSpace='rgb', contrast=1.0, depth=0.0, draggable=False, flipHoriz=False, flipVert=False, image='imgs/logo_OB.jpeg', interpolate=True, mask=None, maskParams=None, name='image_5', opacity=1.0, ori=0.0, pos=array([0., 0.]), size=array([0.6, 0.7]), texRes=128.0, units='height', win=Window(...))
8.6924 	EXP 	window1: mouseVisible = True
8.7468 	EXP 	Created text_6 = TextStim(__class__=<class 'psychopy.visual.text.TextStim'>, alignHoriz=method-wrapper(...), alignText='center', alignVert=method-wrapper(...), anchorHoriz='center', anchorVert='center', antialias=True, autoDraw=False, autoLog=True, bold=False, color=array([1., 1., 1.]), colorSpace='rgb', contrast=1.0, depth=-1.0, draggable=False, flipHoriz=False, flipVert=False, font='Open Sans', fontFiles=[], height=0.04, italic=False, languageStyle='LTR', name='text_6', opacity=1.0, ori=0.0, pos=array([ 0.  , -0.35]), rgb=UNKNOWN, text='¡Bienvenido a un experimento de Open Brains!', units='height', win=Window(...), wrapWidth=1)
8.7469 	EXP 	window1: mouseVisible = True
8.7645 	EXP 	Created text_5 = TextStim(__class__=<class 'psychopy.visual.text.TextStim'>, alignHoriz=method-wrapper(...), alignText='center', alignVert=method-wrapper(...), anchorHoriz='center', anchorVert='center', antialias=True, autoDraw=False, autoLog=True, bold=False, color=array([1., 1., 1.]), colorSpace='rgb', contrast=1.0, depth=0.0, draggable=False, flipHoriz=False, flipVert=False, font='Open Sans', fontFiles=[], height=0.035, italic=False, languageStyle='LTR', name='text_5', opacity=1.0, ori=0.0, pos=array([0., 0.]), rgb=UNKNOWN, text=str(...), units='height', win=Window(...), wrapWidth=1)
8.7646 	EXP 	window1: mouseVisible = True
8.7656 	EXP 	Created text_7 = TextStim(__class__=<class 'psychopy.visual.text.TextStim'>, alignHoriz=method-wrapper(...), alignText='center', alignVert=method-wrapper(...), anchorHoriz='center', anchorVert='center', antialias=True, autoDraw=False, autoLog=True, bold=False, color=array([1., 1., 1.]), colorSpace='rgb', contrast=1.0, depth=0.0, draggable=False, flipHoriz=False, flipVert=False, font='Open Sans', fontFiles=[], height=0.05, italic=False, languageStyle='LTR', name='text_7', opacity=1.0, ori=0.0, pos=array([0., 0.]), rgb=UNKNOWN, text='', units='height', win=Window(...), wrapWidth=1)
8.7657 	EXP 	window1: mouseVisible = True
8.7734 	EXP 	Created image = ImageStim(__class__=<class 'psychopy.visual.image.ImageStim'>, anchor=('center', 'center'), autoLog=True, color=array([1., 1., 1.]), colorSpace='rgb', contrast=1.0, depth=-1.0, draggable=False, flipHoriz=False, flipVert=False, image='default.png', interpolate=True, mask=None, maskParams=None, name='image', opacity=1.0, ori=0.0, pos=array([0., 0.]), size=array([0.35, 0.35]), texRes=128.0, units='height', win=Window(...))
8.8863 	EXP 	Created unnamed MovieStim3 = MovieStim3(__class__=<class 'psychopy.visual.movie3.MovieStim3'>, anchor=('center', 'center'), autoLog=True, color=UNKNOWN, colorSpace=UNKNOWN, depth=0.0, filename='imgs/video_mar.mp4', flipHoriz=False, flipVert=False, fps=UNKNOWN, interpolate=True, loop=True, name='unnamed MovieStim3', noAudio=False, opacity=1, ori=method-wrapper(...), pos=array([0., 0.]), size=None, units='pix', vframe_callback=UNKNOWN, volume=UNKNOWN, win=Window(...))
9.9705 	WARNING 	1.0840880000032485: Video catchup needed, advancing self._nextFrameT from 0.0 to 0.04
9.9705 	WARNING 	1.0841623000014806: Video catchup needed, advancing self._nextFrameT from 0.04 to 0.08
9.9706 	WARNING 	1.084190400011721: Video catchup needed, advancing self._nextFrameT from 0.08 to 0.12
9.9706 	WARNING 	1.0842140000022482: Video catchup needed, advancing self._nextFrameT from 0.12 to 0.16
9.9706 	WARNING 	1.0842369000019971: Video catchup needed, advancing self._nextFrameT from 0.16 to 0.2
9.9706 	WARNING 	1.0842592000117293: Video catchup needed, advancing self._nextFrameT from 0.2 to 0.24000000000000002
9.9707 	WARNING 	1.084283600008348: Video catchup needed, advancing self._nextFrameT from 0.24000000000000002 to 0.28
9.9707 	WARNING 	1.0843143000092823: Video catchup needed, advancing self._nextFrameT from 0.28 to 0.32
9.9707 	WARNING 	1.0843362000014167: Video catchup needed, advancing self._nextFrameT from 0.32 to 0.36
9.9707 	WARNING 	1.0843502000061562: Video catchup needed, advancing self._nextFrameT from 0.36 to 0.39999999999999997
9.9708 	WARNING 	Max reportNDroppedFrames reached, will not log any more dropped frames
10.2264 	EXP 	window1: mouseVisible = True
10.2349 	EXP 	Created image_2 = ImageStim(__class__=<class 'psychopy.visual.image.ImageStim'>, anchor=('center', 'center'), autoLog=True, color=array([1., 1., 1.]), colorSpace='rgb', contrast=1.0, depth=-1.0, draggable=False, flipHoriz=False, flipVert=False, image='default.png', interpolate=True, mask=None, maskParams=None, name='image_2', opacity=1.0, ori=0.0, pos=array([0., 0.]), size=array([0.35, 0.35]), texRes=128.0, units='height', win=Window(...))
10.2351 	EXP 	Created unnamed MovieStim3 = MovieStim3(__class__=<class 'psychopy.visual.movie3.MovieStim3'>, anchor=('center', 'center'), autoLog=True, color=UNKNOWN, colorSpace=UNKNOWN, depth=0.0, filename='imgs/song_titanic.mp4', flipHoriz=False, flipVert=False, fps=UNKNOWN, interpolate=True, loop=False, name='unnamed MovieStim3', noAudio=False, opacity=1, ori=method-wrapper(...), pos=array([0., 0.]), size=None, units='pix', vframe_callback=UNKNOWN, volume=UNKNOWN, win=Window(...))
11.0957 	WARNING 	0.8605575000110548: Video catchup needed, advancing self._nextFrameT from 0.0 to 0.041666666666666664
11.0958 	WARNING 	0.8606017000129214: Video catchup needed, advancing self._nextFrameT from 0.041666666666666664 to 0.08333333333333333
11.0958 	WARNING 	0.8606143000070006: Video catchup needed, advancing self._nextFrameT from 0.08333333333333333 to 0.125
11.0958 	WARNING 	0.8606226000119932: Video catchup needed, advancing self._nextFrameT from 0.125 to 0.16666666666666666
11.0958 	WARNING 	0.8606312000047183: Video catchup needed, advancing self._nextFrameT from 0.16666666666666666 to 0.20833333333333331
11.0958 	WARNING 	0.8606390000059037: Video catchup needed, advancing self._nextFrameT from 0.20833333333333331 to 0.24999999999999997
11.0958 	WARNING 	0.8606474000116577: Video catchup needed, advancing self._nextFrameT from 0.24999999999999997 to 0.29166666666666663
11.0958 	WARNING 	0.8606551000120817: Video catchup needed, advancing self._nextFrameT from 0.29166666666666663 to 0.3333333333333333
11.0958 	WARNING 	0.8606625000102213: Video catchup needed, advancing self._nextFrameT from 0.3333333333333333 to 0.375
11.0958 	WARNING 	0.8606698000075994: Video catchup needed, advancing self._nextFrameT from 0.375 to 0.4166666666666667
11.0958 	WARNING 	Max reportNDroppedFrames reached, will not log any more dropped frames
11.1202 	EXP 	Created unnamed MovieStim3 = MovieStim3(__class__=<class 'psychopy.visual.movie3.MovieStim3'>, anchor=('center', 'center'), autoLog=True, color=UNKNOWN, colorSpace=UNKNOWN, depth=0.0, filename='imgs/titanic_spanish.mp4', flipHoriz=False, flipVert=False, fps=UNKNOWN, interpolate=True, loop=False, name='unnamed MovieStim3', noAudio=False, opacity=1, ori=method-wrapper(...), pos=array([0., 0.]), size=None, units='pix', vframe_callback=UNKNOWN, volume=UNKNOWN, win=Window(...))
12.3950 	WARNING 	1.2747260000032838: Video catchup needed, advancing self._nextFrameT from 0.0 to 0.04
12.3950 	WARNING 	1.2747563000011723: Video catchup needed, advancing self._nextFrameT from 0.04 to 0.08
12.3950 	WARNING 	1.2747660000022734: Video catchup needed, advancing self._nextFrameT from 0.08 to 0.12
12.3950 	WARNING 	1.274774300007266: Video catchup needed, advancing self._nextFrameT from 0.12 to 0.16
12.3950 	WARNING 	1.274781800006167: Video catchup needed, advancing self._nextFrameT from 0.16 to 0.2
12.3950 	WARNING 	1.274789300005068: Video catchup needed, advancing self._nextFrameT from 0.2 to 0.24000000000000002
12.3950 	WARNING 	1.274798099999316: Video catchup needed, advancing self._nextFrameT from 0.24000000000000002 to 0.28
12.3950 	WARNING 	1.27480579999974: Video catchup needed, advancing self._nextFrameT from 0.28 to 0.32
12.3950 	WARNING 	1.2748130999971181: Video catchup needed, advancing self._nextFrameT from 0.32 to 0.36
12.3950 	WARNING 	1.2748203000082867: Video catchup needed, advancing self._nextFrameT from 0.36 to 0.39999999999999997
12.3950 	WARNING 	Max reportNDroppedFrames reached, will not log any more dropped frames
12.4364 	EXP 	window1: mouseVisible = True
12.4462 	EXP 	Created image_3 = ImageStim(__class__=<class 'psychopy.visual.image.ImageStim'>, anchor=('center', 'center'), autoLog=True, color=array([1., 1., 1.]), colorSpace='rgb', contrast=1.0, depth=-3.0, draggable=False, flipHoriz=False, flipVert=False, image='default.png', interpolate=True, mask=None, maskParams=None, name='image_3', opacity=1.0, ori=0.0, pos=array([0., 0.]), size=array([0.35, 0.35]), texRes=128.0, units='height', win=Window(...))
12.4464 	EXP 	Created unnamed MovieStim3 = MovieStim3(__class__=<class 'psychopy.visual.movie3.MovieStim3'>, anchor=('center', 'center'), autoLog=True, color=UNKNOWN, colorSpace=UNKNOWN, depth=0.0, filename='imgs/titanic_spanish.mp4', flipHoriz=False, flipVert=False, fps=UNKNOWN, interpolate=True, loop=False, name='unnamed MovieStim3', noAudio=False, opacity=1, ori=method-wrapper(...), pos=array([0., 0.]), size=None, units='pix', vframe_callback=UNKNOWN, volume=UNKNOWN, win=Window(...))
13.6972 	WARNING 	1.2507425999938278: Video catchup needed, advancing self._nextFrameT from 0.0 to 0.04
13.6972 	WARNING 	1.2507730000070296: Video catchup needed, advancing self._nextFrameT from 0.04 to 0.08
13.6972 	WARNING 	1.2507832999981474: Video catchup needed, advancing self._nextFrameT from 0.08 to 0.12
13.6972 	WARNING 	1.2507915000023786: Video catchup needed, advancing self._nextFrameT from 0.12 to 0.16
13.6973 	WARNING 	1.2507995000050869: Video catchup needed, advancing self._nextFrameT from 0.16 to 0.2
13.6973 	WARNING 	1.2508069000032265: Video catchup needed, advancing self._nextFrameT from 0.2 to 0.24000000000000002
13.6973 	WARNING 	1.2508171999943443: Video catchup needed, advancing self._nextFrameT from 0.24000000000000002 to 0.28
13.6973 	WARNING 	1.2508251999970526: Video catchup needed, advancing self._nextFrameT from 0.28 to 0.32
13.6973 	WARNING 	1.2508325999951921: Video catchup needed, advancing self._nextFrameT from 0.32 to 0.36
13.6973 	WARNING 	1.2508401999948546: Video catchup needed, advancing self._nextFrameT from 0.36 to 0.39999999999999997
13.6973 	WARNING 	Max reportNDroppedFrames reached, will not log any more dropped frames
13.7302 	EXP 	Created unnamed MovieStim3 = MovieStim3(__class__=<class 'psychopy.visual.movie3.MovieStim3'>, anchor=('center', 'center'), autoLog=True, color=UNKNOWN, colorSpace=UNKNOWN, depth=0.0, filename='imgs/titanic.mp4', flipHoriz=False, flipVert=False, fps=UNKNOWN, interpolate=True, loop=False, name='unnamed MovieStim3', noAudio=False, opacity=1, ori=method-wrapper(...), pos=array([  0., 100.]), size=None, units='pix', vframe_callback=UNKNOWN, volume=UNKNOWN, win=Window(...))
15.0016 	WARNING 	1.2713944999995874: Video catchup needed, advancing self._nextFrameT from 0.0 to 0.03336666666666667
15.0016 	WARNING 	1.2714248999982374: Video catchup needed, advancing self._nextFrameT from 0.03336666666666667 to 0.06673333333333334
15.0016 	WARNING 	1.271435399990878: Video catchup needed, advancing self._nextFrameT from 0.06673333333333334 to 0.10010000000000001
15.0016 	WARNING 	1.2714444999874104: Video catchup needed, advancing self._nextFrameT from 0.10010000000000001 to 0.13346666666666668
15.0016 	WARNING 	1.2714528999931645: Video catchup needed, advancing self._nextFrameT from 0.13346666666666668 to 0.16683333333333333
15.0017 	WARNING 	1.2714608999958728: Video catchup needed, advancing self._nextFrameT from 0.16683333333333333 to 0.2002
15.0017 	WARNING 	1.2714686999970581: Video catchup needed, advancing self._nextFrameT from 0.2002 to 0.23356666666666664
15.0017 	WARNING 	1.2714770999882603: Video catchup needed, advancing self._nextFrameT from 0.23356666666666664 to 0.2669333333333333
15.0017 	WARNING 	1.2714852999924915: Video catchup needed, advancing self._nextFrameT from 0.2669333333333333 to 0.30029999999999996
15.0017 	WARNING 	1.271493799999007: Video catchup needed, advancing self._nextFrameT from 0.30029999999999996 to 0.3336666666666666
15.0017 	WARNING 	Max reportNDroppedFrames reached, will not log any more dropped frames
15.0415 	EXP 	window1: mouseVisible = True
15.0573 	EXP 	Created image_4 = ImageStim(__class__=<class 'psychopy.visual.image.ImageStim'>, anchor=('center', 'center'), autoLog=True, color=array([1., 1., 1.]), colorSpace='rgb', contrast=1.0, depth=-4.0, draggable=False, flipHoriz=False, flipVert=False, image='default.png', interpolate=True, mask=None, maskParams=None, name='image_4', opacity=1.0, ori=0.0, pos=array([0., 0.]), size=array([0.35, 0.35]), texRes=128.0, units='height', win=Window(...))
15.0574 	EXP 	window1: mouseVisible = True
15.0714 	EXP 	Created text_4 = TextStim(__class__=<class 'psychopy.visual.text.TextStim'>, alignHoriz=method-wrapper(...), alignText='center', alignVert=method-wrapper(...), anchorHoriz='center', anchorVert='center', antialias=True, autoDraw=False, autoLog=True, bold=False, color=array([1., 1., 1.]), colorSpace='rgb', contrast=1.0, depth=0.0, draggable=False, flipHoriz=False, flipVert=False, font='Open Sans', fontFiles=[], height=0.05, italic=False, languageStyle='LTR', name='text_4', opacity=1.0, ori=0.0, pos=array([0., 0.]), rgb=UNKNOWN, text='¡Muchas gracias por participar!', units='height', win=Window(...), wrapWidth=1)
0.0023 	EXP 	unnamed MovieStim3: autoLog = True
0.0023 	EXP 	unnamed MovieStim3: movie = 'imgs/video_mar.mp4'
0.0023 	EXP 	unnamed MovieStim3: ori = 0.0
0.0023 	EXP 	unnamed MovieStim3: autoLog = True
0.0023 	EXP 	unnamed MovieStim3: movie = 'imgs/song_titanic.mp4'
0.0023 	EXP 	unnamed MovieStim3: ori = 0.0
0.0023 	EXP 	unnamed MovieStim3: autoLog = True
0.0023 	EXP 	unnamed MovieStim3: movie = 'imgs/titanic_spanish.mp4'
0.0023 	EXP 	unnamed MovieStim3: ori = 0.0
0.0023 	EXP 	unnamed MovieStim3: autoLog = True
0.0023 	EXP 	unnamed MovieStim3: movie = 'imgs/titanic_spanish.mp4'
0.0023 	EXP 	unnamed MovieStim3: ori = 0.0
0.0023 	EXP 	unnamed MovieStim3: autoLog = True
0.0023 	EXP 	unnamed MovieStim3: movie = 'imgs/titanic.mp4'
0.0023 	EXP 	unnamed MovieStim3: ori = 0.0
0.0157 	EXP 	image_5: autoDraw = True
0.0157 	EXP 	text_6: autoDraw = True
3.0229 	EXP 	image_5: autoDraw = False
3.0229 	EXP 	text_6: autoDraw = False
3.0229 	EXP 	text_5: autoDraw = True
7.5438 	EXP 	Imported imgs/routines_order.xlsx as conditions, 5 conditions, 1 params
7.5441 	EXP 	Created sequence: sequential, trialTypes=5, nReps=1, seed=None
7.5442 	EXP 	New trial (rep=0, index=0): {'routineName': 'music_video'}
7.5526 	DATA 	Keypress: space
7.5569 	EXP 	text_5: autoDraw = False
7.5569 	EXP 	text_7: height = 0.05
7.5569 	EXP 	text_7: height = 0.05
7.5569 	EXP 	text_7: height = 0.05
7.5569 	EXP 	text_7: text = 'Nueva ronda'
7.5569 	EXP 	text_7: autoDraw = True
9.5611 	EXP 	Imported imgs/iceberg_times.xlsx as conditions, 2 conditions, 3 params
9.5614 	EXP 	Created sequence: random, trialTypes=2, nReps=1, seed=None
9.5616 	EXP 	New trial (rep=0, index=0): {'timepresentation': 6, 'posx': -0.7, 'posy': 0.15}
9.5678 	EXP 	Sound  started
9.5682 	EXP 	New trial (rep=0, index=1): {'timepresentation': 8, 'posx': -0.7, 'posy': 0.15}
9.5802 	EXP 	Imported imgs/iceberg_times.xlsx as conditions, 2 conditions, 3 params
9.5804 	EXP 	Created sequence: random, trialTypes=2, nReps=1, seed=None
9.5805 	EXP 	New trial (rep=0, index=0): {'timepresentation': 8, 'posx': -0.7, 'posy': 0.15}
9.5859 	EXP 	Sound  started
9.5863 	EXP 	New trial (rep=0, index=1): {'timepresentation': 6, 'posx': -0.7, 'posy': 0.15}
9.6150 	EXP 	Sound  stopped
9.6223 	EXP 	Imported imgs/iceberg_times.xlsx as conditions, 2 conditions, 3 params
9.6226 	EXP 	Created sequence: random, trialTypes=2, nReps=1, seed=None
9.6227 	EXP 	New trial (rep=0, index=0): {'timepresentation': 8, 'posx': -0.7, 'posy': 0.15}
9.6227 	EXP 	Sound  started
9.6297 	EXP 	New trial (rep=0, index=1): {'timepresentation': 6, 'posx': -0.7, 'posy': 0.15}
9.6658 	EXP 	Sound  stopped
9.6729 	EXP 	Imported imgs/iceberg_times.xlsx as conditions, 2 conditions, 3 params
9.6732 	EXP 	Created sequence: random, trialTypes=2, nReps=1, seed=None
9.6733 	EXP 	New trial (rep=0, index=0): {'timepresentation': 9, 'posx': 0.9, 'posy': 0.1}
9.6734 	EXP 	Sound  started
9.6736 	EXP 	Sound  started
9.6894 	EXP 	text_7: autoDraw = False
9.6894 	EXP 	image: image = 'imgs/iceberg.png'
9.6894 	EXP 	Set unnamed MovieStim3 playing
9.6894 	EXP 	image: autoDraw = False
9.6894 	EXP 	image: image = 'imgs/iceberg.png'
9.6894 	EXP 	image: autoDraw = False
9.6894 	EXP 	image_2: image = 'imgs/iceberg.png'
9.6894 	EXP 	Set unnamed MovieStim3 playing
9.6894 	EXP 	image_2: autoDraw = False
9.6894 	EXP 	image_2: image = 'imgs/iceberg.png'
9.6894 	EXP 	image_2: autoDraw = False
9.6894 	EXP 	Set unnamed MovieStim3 stopped
9.6894 	EXP 	Set unnamed MovieStim3 playing
9.6894 	EXP 	image_3: image = 'imgs/iceberg.png'
9.6894 	EXP 	image_3: autoDraw = False
9.6894 	EXP 	image_3: image = 'imgs/iceberg.png'
9.6894 	EXP 	image_3: autoDraw = False
9.6894 	EXP 	Set unnamed MovieStim3 stopped
9.6894 	EXP 	Set unnamed MovieStim3 playing
9.6894 	EXP 	Set unnamed MovieStim3 playing
9.6894 	EXP 	image_4: image = 'imgs/iceberg.png'
18.6672 	EXP 	image_4: autoDraw = True
19.2091 	EXP 	New trial (rep=0, index=1): {'timepresentation': 8, 'posx': -0.7, 'posy': 0.15}
19.2346 	DATA 	Keypress: space
19.2427 	EXP 	image_4: autoDraw = False
19.2427 	EXP 	image_4: image = 'imgs/iceberg.png'
27.2191 	EXP 	image_4: autoDraw = True
27.5744 	EXP 	Sound  stopped
27.7214 	EXP 	Sound  started
27.7215 	WARNING 	0.15966439999465365: Video catchup needed, advancing self._nextFrameT from 0.0 to 0.04
27.7215 	WARNING 	0.15968719999364112: Video catchup needed, advancing self._nextFrameT from 0.04 to 0.08
27.8356 	WARNING 	19.36319079999521: Video catchup needed, advancing self._nextFrameT from 19.085733333333092 to 19.119099999999758
27.8357 	WARNING 	19.3632241999876: Video catchup needed, advancing self._nextFrameT from 19.119099999999758 to 19.152466666666424
27.8357 	WARNING 	19.36323549998633: Video catchup needed, advancing self._nextFrameT from 19.152466666666424 to 19.18583333333309
27.8357 	WARNING 	19.363245199987432: Video catchup needed, advancing self._nextFrameT from 19.18583333333309 to 19.219199999999756
27.8357 	WARNING 	19.363254499985487: Video catchup needed, advancing self._nextFrameT from 19.219199999999756 to 19.25256666666642
27.8357 	WARNING 	19.363263299994287: Video catchup needed, advancing self._nextFrameT from 19.25256666666642 to 19.285933333333087
27.8357 	WARNING 	19.363271999987774: Video catchup needed, advancing self._nextFrameT from 19.285933333333087 to 19.319299999999753
27.8750 	EXP 	Sound  stopped
27.9058 	EXP 	Sound  stopped
27.9061 	EXP 	New trial (rep=0, index=1): {'routineName': 'control'}
27.9078 	DATA 	Keypress: space
27.9132 	EXP 	Set unnamed MovieStim3 finished
27.9132 	EXP 	image_4: autoDraw = False
27.9132 	EXP 	Set unnamed MovieStim3 stopped
27.9132 	EXP 	Set unnamed MovieStim3 stopped
27.9132 	EXP 	text_7: text = 'Nueva ronda'
27.9132 	EXP 	text_7: autoDraw = True
29.9137 	EXP 	Imported imgs/iceberg_times.xlsx as conditions, 2 conditions, 3 params
29.9140 	EXP 	Created sequence: random, trialTypes=2, nReps=1, seed=None
29.9141 	EXP 	New trial (rep=0, index=0): {'timepresentation': 9, 'posx': 0.5, 'posy': 0.1}
29.9194 	WARNING 	2.3575658000045223: Video catchup needed, advancing self._nextFrameT from 0.12 to 0.16
29.9194 	WARNING 	2.357589499995811: Video catchup needed, advancing self._nextFrameT from 0.16 to 0.2
29.9194 	WARNING 	2.357602100004442: Video catchup needed, advancing self._nextFrameT from 0.2 to 0.24000000000000002
29.9194 	WARNING 	2.3576124999963213: Video catchup needed, advancing self._nextFrameT from 0.24000000000000002 to 0.28
29.9194 	WARNING 	2.357621699993615: Video catchup needed, advancing self._nextFrameT from 0.28 to 0.32
29.9195 	WARNING 	2.3576312999939546: Video catchup needed, advancing self._nextFrameT from 0.32 to 0.36
29.9195 	WARNING 	2.357640000001993: Video catchup needed, advancing self._nextFrameT from 0.36 to 0.39999999999999997
29.9195 	WARNING 	2.357655600004364: Video catchup needed, advancing self._nextFrameT from 0.39999999999999997 to 0.43999999999999995
29.9195 	WARNING 	Max reportNDroppedFrames reached, will not log any more dropped frames
30.4265 	EXP 	text_7: autoDraw = False
30.4265 	EXP 	image: image = 'imgs/iceberg.png'
38.9045 	EXP 	image: autoDraw = True
39.5958 	DATA 	Keypress: space
39.6046 	EXP 	New trial (rep=0, index=1): {'timepresentation': 8, 'posx': 0.8, 'posy': 0.1}
39.6166 	EXP 	image: autoDraw = False
39.6166 	EXP 	image: image = 'imgs/iceberg.png'
46.5755 	EXP 	Sound  stopped
46.7360 	EXP 	Sound  started
46.8603 	EXP 	Set unnamed MovieStim3 finished
47.5979 	EXP 	image: autoDraw = True
48.0473 	EXP 	Imported imgs/iceberg_times.xlsx as conditions, 2 conditions, 3 params
48.0476 	EXP 	Created sequence: random, trialTypes=2, nReps=1, seed=None
48.0478 	EXP 	New trial (rep=0, index=0): {'timepresentation': 9, 'posx': 0.5, 'posy': 0.1}
48.2233 	EXP 	window1: mouseVisible = True
