5.8232 	WARNING 	User requested fullscreen with size [1536  864], but screen is actually [1920, 1080]. Using actual size
6.5476 	EXP 	Created window1 = Window(allowGUI=True, allowStencil=False, autoLog=True, backendConf=UNKNOWN, backgroundFit=<method-wrapper '__getattribute__' of attributeSetter object at 0x000001F8C9636DF0>, backgroundImage=<method-wrapper '__getattribute__' of attributeSetter object at 0x000001F8C9636D90>, bitsMode=UNKNOWN, blendMode='avg', bpc=(8, 8, 8), color=array([0, 0, 0]), colorSpace='rgb', depthBits=8, fullscr=<method-wrapper '__getattribute__' of attributeSetter object at 0x000001F8C9636BB0>, gamma=None, gammaErrorPolicy='raise', lms=UNKNOWN, monitor=<psychopy.monitors.calibTools.Monitor object at 0x000001F8D4EE2340>, multiSample=False, name='window1', numSamples=2, pos=(0, 0), screen=0, size=array([1920, 1080]), stencilBits=0, stereo=False, title='PsychoPy', units='height', useFBO=True, useRetina=False, viewOri=0.0, viewPos=None, viewScale=None, waitBlanking=True, winType='pyglet')
6.5477 	EXP 	window1: mouseVisible = True
6.5477 	EXP 	window1: backgroundImage = ''
6.5478 	EXP 	window1: backgroundFit = 'none'
6.5498 	EXP 	window1: Attempting to measure frame rate of screen (0) ...
6.5499 	EXP 	window1: recordFrameIntervals = False
6.7137 	EXP 	window1: recordFrameIntervals = True
6.8978 	EXP 	Screen (0) actual frame rate measured at 59.99Hz
6.8978 	EXP 	window1: recordFrameIntervals = False
6.8983 	EXP 	window1: mouseVisible = False
8.7821 	EXP 	tarea_iceberg: status = STARTED
8.7825 	EXP 	window1: mouseVisible = True
8.7830 	WARNING 	Requested image 'imgs/logo_OB.jpeg' not found but similar filename 'imgs/logo_OB.png' exists. This will be used instead but changing the filename is advised.
8.7877 	WARNING 	Requested image 'imgs/logo_OB.jpeg' not found but similar filename 'imgs/logo_OB.png' exists. This will be used instead but changing the filename is advised.
8.7909 	WARNING 	Requested image 'imgs/logo_OB.jpeg' not found but similar filename 'imgs/logo_OB.png' exists. This will be used instead but changing the filename is advised.
8.7947 	WARNING 	Requested image 'imgs/logo_OB.jpeg' not found but similar filename 'imgs/logo_OB.png' exists. This will be used instead but changing the filename is advised.
8.7995 	EXP 	Created image_5 = ImageStim(__class__=<class 'psychopy.visual.image.ImageStim'>, anchor=('center', 'center'), autoLog=True, color=array([1., 1., 1.]), colorSpace='rgb', contrast=1.0, depth=0.0, draggable=False, flipHoriz=False, flipVert=False, image='imgs/logo_OB.jpeg', interpolate=True, mask=None, maskParams=None, name='image_5', opacity=1.0, ori=0.0, pos=array([0., 0.]), size=array([0.6, 0.7]), texRes=128.0, units='height', win=Window(...))
8.7997 	EXP 	window1: mouseVisible = True
8.8513 	EXP 	Created text_6 = TextStim(__class__=<class 'psychopy.visual.text.TextStim'>, alignHoriz=method-wrapper(...), alignText='center', alignVert=method-wrapper(...), anchorHoriz='center', anchorVert='center', antialias=True, autoDraw=False, autoLog=True, bold=False, color=array([1., 1., 1.]), colorSpace='rgb', contrast=1.0, depth=-1.0, draggable=False, flipHoriz=False, flipVert=False, font='Open Sans', fontFiles=[], height=0.04, italic=False, languageStyle='LTR', name='text_6', opacity=1.0, ori=0.0, pos=array([ 0.  , -0.35]), rgb=UNKNOWN, text='¡Bienvenido a un experimento de Open Brains!', units='height', win=Window(...), wrapWidth=1)
8.8515 	EXP 	window1: mouseVisible = True
8.8679 	EXP 	Created text_5 = TextStim(__class__=<class 'psychopy.visual.text.TextStim'>, alignHoriz=method-wrapper(...), alignText='center', alignVert=method-wrapper(...), anchorHoriz='center', anchorVert='center', antialias=True, autoDraw=False, autoLog=True, bold=False, color=array([1., 1., 1.]), colorSpace='rgb', contrast=1.0, depth=0.0, draggable=False, flipHoriz=False, flipVert=False, font='Open Sans', fontFiles=[], height=0.035, italic=False, languageStyle='LTR', name='text_5', opacity=1.0, ori=0.0, pos=array([0., 0.]), rgb=UNKNOWN, text=str(...), units='height', win=Window(...), wrapWidth=1)
8.8681 	EXP 	window1: mouseVisible = True
8.8691 	EXP 	Created text_7 = TextStim(__class__=<class 'psychopy.visual.text.TextStim'>, alignHoriz=method-wrapper(...), alignText='center', alignVert=method-wrapper(...), anchorHoriz='center', anchorVert='center', antialias=True, autoDraw=False, autoLog=True, bold=False, color=array([1., 1., 1.]), colorSpace='rgb', contrast=1.0, depth=0.0, draggable=False, flipHoriz=False, flipVert=False, font='Open Sans', fontFiles=[], height=0.05, italic=False, languageStyle='LTR', name='text_7', opacity=1.0, ori=0.0, pos=array([0., 0.]), rgb=UNKNOWN, text='', units='height', win=Window(...), wrapWidth=1)
8.8692 	EXP 	window1: mouseVisible = True
8.8764 	EXP 	Created image = ImageStim(__class__=<class 'psychopy.visual.image.ImageStim'>, anchor=('center', 'center'), autoLog=True, color=array([1., 1., 1.]), colorSpace='rgb', contrast=1.0, depth=0.0, draggable=False, flipHoriz=False, flipVert=False, image='default.png', interpolate=True, mask=None, maskParams=None, name='image', opacity=1.0, ori=0.0, pos=array([0., 0.]), size=array([0.35, 0.35]), texRes=128.0, units='height', win=Window(...))
8.9767 	EXP 	Created unnamed MovieStim3 = MovieStim3(__class__=<class 'psychopy.visual.movie3.MovieStim3'>, anchor=('center', 'center'), autoLog=True, color=UNKNOWN, colorSpace=UNKNOWN, depth=0.0, filename='imgs/video_mar.mp4', flipHoriz=False, flipVert=False, fps=UNKNOWN, interpolate=True, loop=True, name='unnamed MovieStim3', noAudio=False, opacity=1, ori=method-wrapper(...), pos=array([0., 0.]), size=None, units='pix', vframe_callback=UNKNOWN, volume=UNKNOWN, win=Window(...))
10.0635 	WARNING 	1.0867065000056755: Video catchup needed, advancing self._nextFrameT from 0.0 to 0.04
10.0635 	WARNING 	1.0867951000109315: Video catchup needed, advancing self._nextFrameT from 0.04 to 0.08
10.0636 	WARNING 	1.086827799997991: Video catchup needed, advancing self._nextFrameT from 0.08 to 0.12
10.0636 	WARNING 	1.0868554000044242: Video catchup needed, advancing self._nextFrameT from 0.12 to 0.16
10.0636 	WARNING 	1.0868823000055272: Video catchup needed, advancing self._nextFrameT from 0.16 to 0.2
10.0636 	WARNING 	1.0869080999982543: Video catchup needed, advancing self._nextFrameT from 0.2 to 0.24000000000000002
10.0637 	WARNING 	1.0869354000024032: Video catchup needed, advancing self._nextFrameT from 0.24000000000000002 to 0.28
10.0637 	WARNING 	1.0869696000008844: Video catchup needed, advancing self._nextFrameT from 0.28 to 0.32
10.0637 	WARNING 	1.0869957000104478: Video catchup needed, advancing self._nextFrameT from 0.32 to 0.36
10.0637 	WARNING 	1.08700480000698: Video catchup needed, advancing self._nextFrameT from 0.36 to 0.39999999999999997
10.0638 	WARNING 	Max reportNDroppedFrames reached, will not log any more dropped frames
10.3325 	EXP 	window1: mouseVisible = True
10.3407 	EXP 	Created image_2 = ImageStim(__class__=<class 'psychopy.visual.image.ImageStim'>, anchor=('center', 'center'), autoLog=True, color=array([1., 1., 1.]), colorSpace='rgb', contrast=1.0, depth=0.0, draggable=False, flipHoriz=False, flipVert=False, image='default.png', interpolate=True, mask=None, maskParams=None, name='image_2', opacity=1.0, ori=0.0, pos=array([0., 0.]), size=array([0.35, 0.35]), texRes=128.0, units='height', win=Window(...))
10.3410 	EXP 	Created unnamed MovieStim3 = MovieStim3(__class__=<class 'psychopy.visual.movie3.MovieStim3'>, anchor=('center', 'center'), autoLog=True, color=UNKNOWN, colorSpace=UNKNOWN, depth=0.0, filename='imgs/song_titanic.mp4', flipHoriz=False, flipVert=False, fps=UNKNOWN, interpolate=True, loop=False, name='unnamed MovieStim3', noAudio=False, opacity=1, ori=method-wrapper(...), pos=array([0., 0.]), size=None, units='pix', vframe_callback=UNKNOWN, volume=UNKNOWN, win=Window(...))
11.1276 	WARNING 	0.7866193999943789: Video catchup needed, advancing self._nextFrameT from 0.0 to 0.041666666666666664
11.1277 	WARNING 	0.7866950999887194: Video catchup needed, advancing self._nextFrameT from 0.041666666666666664 to 0.08333333333333333
11.1277 	WARNING 	0.7867078999988735: Video catchup needed, advancing self._nextFrameT from 0.08333333333333333 to 0.125
11.1277 	WARNING 	0.7867183999915142: Video catchup needed, advancing self._nextFrameT from 0.125 to 0.16666666666666666
11.1277 	WARNING 	0.7867282999941381: Video catchup needed, advancing self._nextFrameT from 0.16666666666666666 to 0.20833333333333331
11.1277 	WARNING 	0.786738199996762: Video catchup needed, advancing self._nextFrameT from 0.20833333333333331 to 0.24999999999999997
11.1277 	WARNING 	0.7867493999947328: Video catchup needed, advancing self._nextFrameT from 0.24999999999999997 to 0.29166666666666663
11.1277 	WARNING 	0.7867584999912651: Video catchup needed, advancing self._nextFrameT from 0.29166666666666663 to 0.3333333333333333
11.1277 	WARNING 	0.786768399993889: Video catchup needed, advancing self._nextFrameT from 0.3333333333333333 to 0.375
11.1278 	WARNING 	0.7867775999911828: Video catchup needed, advancing self._nextFrameT from 0.375 to 0.4166666666666667
11.1278 	WARNING 	Max reportNDroppedFrames reached, will not log any more dropped frames
11.1426 	EXP 	Created unnamed MovieStim3 = MovieStim3(__class__=<class 'psychopy.visual.movie3.MovieStim3'>, anchor=('center', 'center'), autoLog=True, color=UNKNOWN, colorSpace=UNKNOWN, depth=0.0, filename='imgs/titanic_spanish.mp4', flipHoriz=False, flipVert=False, fps=UNKNOWN, interpolate=True, loop=False, name='unnamed MovieStim3', noAudio=False, opacity=1, ori=method-wrapper(...), pos=array([0., 0.]), size=None, units='pix', vframe_callback=UNKNOWN, volume=UNKNOWN, win=Window(...))
12.3234 	WARNING 	1.180778800000553: Video catchup needed, advancing self._nextFrameT from 0.0 to 0.04
12.3235 	WARNING 	1.1808554000017466: Video catchup needed, advancing self._nextFrameT from 0.04 to 0.08
12.3235 	WARNING 	1.1808681999973487: Video catchup needed, advancing self._nextFrameT from 0.08 to 0.12
12.3235 	WARNING 	1.180878400002257: Video catchup needed, advancing self._nextFrameT from 0.12 to 0.16
12.3235 	WARNING 	1.1808872999972664: Video catchup needed, advancing self._nextFrameT from 0.16 to 0.2
12.3235 	WARNING 	1.180896899997606: Video catchup needed, advancing self._nextFrameT from 0.2 to 0.24000000000000002
12.3235 	WARNING 	1.1809232999949018: Video catchup needed, advancing self._nextFrameT from 0.24000000000000002 to 0.28
12.3235 	WARNING 	1.1809331999975257: Video catchup needed, advancing self._nextFrameT from 0.28 to 0.32
12.3235 	WARNING 	1.1809426999971038: Video catchup needed, advancing self._nextFrameT from 0.32 to 0.36
12.3235 	WARNING 	1.1809511000028579: Video catchup needed, advancing self._nextFrameT from 0.36 to 0.39999999999999997
12.3235 	WARNING 	Max reportNDroppedFrames reached, will not log any more dropped frames
12.3569 	EXP 	window1: mouseVisible = True
12.3652 	EXP 	Created image_3 = ImageStim(__class__=<class 'psychopy.visual.image.ImageStim'>, anchor=('center', 'center'), autoLog=True, color=array([1., 1., 1.]), colorSpace='rgb', contrast=1.0, depth=-2.0, draggable=False, flipHoriz=False, flipVert=False, image='default.png', interpolate=True, mask=None, maskParams=None, name='image_3', opacity=1.0, ori=0.0, pos=array([0., 0.]), size=array([0.35, 0.35]), texRes=128.0, units='height', win=Window(...))
12.3654 	EXP 	Created unnamed MovieStim3 = MovieStim3(__class__=<class 'psychopy.visual.movie3.MovieStim3'>, anchor=('center', 'center'), autoLog=True, color=UNKNOWN, colorSpace=UNKNOWN, depth=0.0, filename='imgs/titanic_spanish.mp4', flipHoriz=False, flipVert=False, fps=UNKNOWN, interpolate=True, loop=False, name='unnamed MovieStim3', noAudio=False, opacity=1, ori=method-wrapper(...), pos=array([0., 0.]), size=None, units='pix', vframe_callback=UNKNOWN, volume=UNKNOWN, win=Window(...))
13.6073 	WARNING 	1.2417870999925071: Video catchup needed, advancing self._nextFrameT from 0.0 to 0.04
13.6073 	WARNING 	1.2418429999961518: Video catchup needed, advancing self._nextFrameT from 0.04 to 0.08
13.6073 	WARNING 	1.2418538000056287: Video catchup needed, advancing self._nextFrameT from 0.08 to 0.12
13.6073 	WARNING 	1.2418634000059683: Video catchup needed, advancing self._nextFrameT from 0.12 to 0.16
13.6073 	WARNING 	1.2418723000009777: Video catchup needed, advancing self._nextFrameT from 0.16 to 0.2
13.6073 	WARNING 	1.2418809999944642: Video catchup needed, advancing self._nextFrameT from 0.2 to 0.24000000000000002
13.6073 	WARNING 	1.241894599996158: Video catchup needed, advancing self._nextFrameT from 0.24000000000000002 to 0.28
13.6074 	WARNING 	1.2419037999934517: Video catchup needed, advancing self._nextFrameT from 0.28 to 0.32
13.6074 	WARNING 	1.2419132999930298: Video catchup needed, advancing self._nextFrameT from 0.32 to 0.36
13.6074 	WARNING 	1.2419221000018297: Video catchup needed, advancing self._nextFrameT from 0.36 to 0.39999999999999997
13.6074 	WARNING 	Max reportNDroppedFrames reached, will not log any more dropped frames
13.6420 	EXP 	Created unnamed MovieStim3 = MovieStim3(__class__=<class 'psychopy.visual.movie3.MovieStim3'>, anchor=('center', 'center'), autoLog=True, color=UNKNOWN, colorSpace=UNKNOWN, depth=0.0, filename='imgs/titanic.mp4', flipHoriz=False, flipVert=False, fps=UNKNOWN, interpolate=True, loop=False, name='unnamed MovieStim3', noAudio=False, opacity=1, ori=method-wrapper(...), pos=array([  0., 100.]), size=None, units='pix', vframe_callback=UNKNOWN, volume=UNKNOWN, win=Window(...))
14.7620 	WARNING 	1.1199870000127703: Video catchup needed, advancing self._nextFrameT from 0.0 to 0.03336666666666667
14.7620 	WARNING 	1.120030100006261: Video catchup needed, advancing self._nextFrameT from 0.03336666666666667 to 0.06673333333333334
14.7620 	WARNING 	1.1200444000132848: Video catchup needed, advancing self._nextFrameT from 0.06673333333333334 to 0.10010000000000001
14.7621 	WARNING 	1.120058100001188: Video catchup needed, advancing self._nextFrameT from 0.10010000000000001 to 0.13346666666666668
14.7621 	WARNING 	1.1200708000105806: Video catchup needed, advancing self._nextFrameT from 0.13346666666666668 to 0.16683333333333333
14.7621 	WARNING 	1.120083000001614: Video catchup needed, advancing self._nextFrameT from 0.16683333333333333 to 0.2002
14.7621 	WARNING 	1.1200953000079608: Video catchup needed, advancing self._nextFrameT from 0.2002 to 0.23356666666666664
14.7621 	WARNING 	1.1201075999997556: Video catchup needed, advancing self._nextFrameT from 0.23356666666666664 to 0.2669333333333333
14.7621 	WARNING 	1.1201200000068638: Video catchup needed, advancing self._nextFrameT from 0.2669333333333333 to 0.30029999999999996
14.7621 	WARNING 	1.120132600000943: Video catchup needed, advancing self._nextFrameT from 0.30029999999999996 to 0.3336666666666666
14.7622 	WARNING 	Max reportNDroppedFrames reached, will not log any more dropped frames
14.8023 	EXP 	window1: mouseVisible = True
14.8151 	EXP 	Created image_4 = ImageStim(__class__=<class 'psychopy.visual.image.ImageStim'>, anchor=('center', 'center'), autoLog=True, color=array([1., 1., 1.]), colorSpace='rgb', contrast=1.0, depth=-3.0, draggable=False, flipHoriz=False, flipVert=False, image='default.png', interpolate=True, mask=None, maskParams=None, name='image_4', opacity=1.0, ori=0.0, pos=array([0., 0.]), size=array([0.35, 0.35]), texRes=128.0, units='height', win=Window(...))
14.8152 	EXP 	window1: mouseVisible = True
14.8271 	EXP 	Created text_4 = TextStim(__class__=<class 'psychopy.visual.text.TextStim'>, alignHoriz=method-wrapper(...), alignText='center', alignVert=method-wrapper(...), anchorHoriz='center', anchorVert='center', antialias=True, autoDraw=False, autoLog=True, bold=False, color=array([1., 1., 1.]), colorSpace='rgb', contrast=1.0, depth=0.0, draggable=False, flipHoriz=False, flipVert=False, font='Open Sans', fontFiles=[], height=0.05, italic=False, languageStyle='LTR', name='text_4', opacity=1.0, ori=0.0, pos=array([0., 0.]), rgb=UNKNOWN, text='¡Muchas gracias por participar!', units='height', win=Window(...), wrapWidth=1)
0.0020 	EXP 	unnamed MovieStim3: autoLog = True
0.0020 	EXP 	unnamed MovieStim3: movie = 'imgs/video_mar.mp4'
0.0020 	EXP 	unnamed MovieStim3: ori = 0.0
0.0020 	EXP 	unnamed MovieStim3: autoLog = True
0.0020 	EXP 	unnamed MovieStim3: movie = 'imgs/song_titanic.mp4'
0.0020 	EXP 	unnamed MovieStim3: ori = 0.0
0.0020 	EXP 	unnamed MovieStim3: autoLog = True
0.0020 	EXP 	unnamed MovieStim3: movie = 'imgs/titanic_spanish.mp4'
0.0020 	EXP 	unnamed MovieStim3: ori = 0.0
0.0020 	EXP 	unnamed MovieStim3: autoLog = True
0.0020 	EXP 	unnamed MovieStim3: movie = 'imgs/titanic_spanish.mp4'
0.0020 	EXP 	unnamed MovieStim3: ori = 0.0
0.0020 	EXP 	unnamed MovieStim3: autoLog = True
0.0020 	EXP 	unnamed MovieStim3: movie = 'imgs/titanic.mp4'
0.0020 	EXP 	unnamed MovieStim3: ori = 0.0
0.0131 	EXP 	image_5: autoDraw = True
0.0131 	EXP 	text_6: autoDraw = True
3.0128 	EXP 	image_5: autoDraw = False
3.0128 	EXP 	text_6: autoDraw = False
3.0128 	EXP 	image_5: autoDraw = False
3.0128 	EXP 	text_6: autoDraw = False
3.0128 	EXP 	text_5: autoDraw = True
6.5520 	EXP 	Imported imgs/routines_order.xlsx as conditions, 4 conditions, 1 params
6.5523 	EXP 	Created sequence: random, trialTypes=4, nReps=1, seed=None
6.5524 	EXP 	New trial (rep=0, index=0): {'routineName': 'music_words'}
6.7684 	EXP 	window1: mouseVisible = True
