7.2099 	WARNING 	User requested fullscreen with size [1536  864], but screen is actually [1920, 1080]. Using actual size
7.8712 	EXP 	Created window1 = Window(allowGUI=True, allowStencil=False, autoLog=True, backendConf=UNKNOWN, backgroundFit=<method-wrapper '__getattribute__' of attributeSetter object at 0x00000255318D0F10>, backgroundImage=<method-wrapper '__getattribute__' of attributeSetter object at 0x00000255318D0EB0>, bitsMode=UNKNOWN, blendMode='avg', bpc=(8, 8, 8), color=array([0, 0, 0]), colorSpace='rgb', depthBits=8, fullscr=<method-wrapper '__getattribute__' of attributeSetter object at 0x00000255318D0CD0>, gamma=None, gammaErrorPolicy='raise', lms=UNKNOWN, monitor=<psychopy.monitors.calibTools.Monitor object at 0x000002553D182460>, multiSample=False, name='window1', numSamples=2, pos=(0, 0), screen=0, size=array([1920, 1080]), stencilBits=0, stereo=False, title='PsychoPy', units='height', useFBO=True, useRetina=False, viewOri=0.0, viewPos=None, viewScale=None, waitBlanking=True, winType='pyglet')
7.8713 	EXP 	window1: mouseVisible = True
7.8714 	EXP 	window1: backgroundImage = ''
7.8714 	EXP 	window1: backgroundFit = 'none'
7.8744 	EXP 	window1: Attempting to measure frame rate of screen (0) ...
7.8744 	EXP 	window1: recordFrameIntervals = False
8.0363 	EXP 	window1: recordFrameIntervals = True
8.2204 	EXP 	Screen (0) actual frame rate measured at 59.93Hz
8.2205 	EXP 	window1: recordFrameIntervals = False
8.2208 	EXP 	window1: mouseVisible = False
10.2113 	EXP 	tarea_iceberg: status = STARTED
10.2116 	EXP 	window1: mouseVisible = True
10.2124 	WARNING 	Requested image 'imgs/logo_OB.jpeg' not found but similar filename 'imgs/logo_OB.png' exists. This will be used instead but changing the filename is advised.
10.2188 	WARNING 	Requested image 'imgs/logo_OB.jpeg' not found but similar filename 'imgs/logo_OB.png' exists. This will be used instead but changing the filename is advised.
10.2230 	WARNING 	Requested image 'imgs/logo_OB.jpeg' not found but similar filename 'imgs/logo_OB.png' exists. This will be used instead but changing the filename is advised.
10.2271 	WARNING 	Requested image 'imgs/logo_OB.jpeg' not found but similar filename 'imgs/logo_OB.png' exists. This will be used instead but changing the filename is advised.
10.2320 	EXP 	Created image_5 = ImageStim(__class__=<class 'psychopy.visual.image.ImageStim'>, anchor=('center', 'center'), autoLog=True, color=array([1., 1., 1.]), colorSpace='rgb', contrast=1.0, depth=0.0, draggable=False, flipHoriz=False, flipVert=False, image='imgs/logo_OB.jpeg', interpolate=True, mask=None, maskParams=None, name='image_5', opacity=1.0, ori=0.0, pos=array([0., 0.]), size=array([0.6, 0.7]), texRes=128.0, units='height', win=Window(...))
10.2322 	EXP 	window1: mouseVisible = True
10.3015 	EXP 	Created text_6 = TextStim(__class__=<class 'psychopy.visual.text.TextStim'>, alignHoriz=method-wrapper(...), alignText='center', alignVert=method-wrapper(...), anchorHoriz='center', anchorVert='center', antialias=True, autoDraw=False, autoLog=True, bold=False, color=array([1., 1., 1.]), colorSpace='rgb', contrast=1.0, depth=-1.0, draggable=False, flipHoriz=False, flipVert=False, font='Open Sans', fontFiles=[], height=0.04, italic=False, languageStyle='LTR', name='text_6', opacity=1.0, ori=0.0, pos=array([ 0.  , -0.35]), rgb=UNKNOWN, text='¡Bienvenido a un experimento de Open Brains!', units='height', win=Window(...), wrapWidth=1)
10.3016 	EXP 	window1: mouseVisible = True
10.3211 	EXP 	Created text_5 = TextStim(__class__=<class 'psychopy.visual.text.TextStim'>, alignHoriz=method-wrapper(...), alignText='center', alignVert=method-wrapper(...), anchorHoriz='center', anchorVert='center', antialias=True, autoDraw=False, autoLog=True, bold=False, color=array([1., 1., 1.]), colorSpace='rgb', contrast=1.0, depth=0.0, draggable=False, flipHoriz=False, flipVert=False, font='Open Sans', fontFiles=[], height=0.035, italic=False, languageStyle='LTR', name='text_5', opacity=1.0, ori=0.0, pos=array([0., 0.]), rgb=UNKNOWN, text=str(...), units='height', win=Window(...), wrapWidth=1)
10.3212 	EXP 	window1: mouseVisible = True
10.3224 	EXP 	Created text_7 = TextStim(__class__=<class 'psychopy.visual.text.TextStim'>, alignHoriz=method-wrapper(...), alignText='center', alignVert=method-wrapper(...), anchorHoriz='center', anchorVert='center', antialias=True, autoDraw=False, autoLog=True, bold=False, color=array([1., 1., 1.]), colorSpace='rgb', contrast=1.0, depth=0.0, draggable=False, flipHoriz=False, flipVert=False, font='Open Sans', fontFiles=[], height=0.05, italic=False, languageStyle='LTR', name='text_7', opacity=1.0, ori=0.0, pos=array([0., 0.]), rgb=UNKNOWN, text='', units='height', win=Window(...), wrapWidth=1)
10.3225 	EXP 	window1: mouseVisible = True
10.3317 	EXP 	Created image = ImageStim(__class__=<class 'psychopy.visual.image.ImageStim'>, anchor=('center', 'center'), autoLog=True, color=array([1., 1., 1.]), colorSpace='rgb', contrast=1.0, depth=-1.0, draggable=False, flipHoriz=False, flipVert=False, image='default.png', interpolate=True, mask=None, maskParams=None, name='image', opacity=1.0, ori=0.0, pos=array([0., 0.]), size=array([0.35, 0.35]), texRes=128.0, units='height', win=Window(...))
10.4527 	EXP 	Created unnamed MovieStim3 = MovieStim3(__class__=<class 'psychopy.visual.movie3.MovieStim3'>, anchor=('center', 'center'), autoLog=True, color=UNKNOWN, colorSpace=UNKNOWN, depth=0.0, filename='imgs/video_mar.mp4', flipHoriz=False, flipVert=False, fps=UNKNOWN, interpolate=True, loop=True, name='unnamed MovieStim3', noAudio=False, opacity=1, ori=method-wrapper(...), pos=array([0., 0.]), size=None, units='pix', vframe_callback=UNKNOWN, volume=UNKNOWN, win=Window(...))
11.5439 	WARNING 	1.0912077999964822: Video catchup needed, advancing self._nextFrameT from 0.0 to 0.04
11.5439 	WARNING 	1.0912498999969102: Video catchup needed, advancing self._nextFrameT from 0.04 to 0.08
11.5440 	WARNING 	1.0912653999985196: Video catchup needed, advancing self._nextFrameT from 0.08 to 0.12
11.5440 	WARNING 	1.0912830000015674: Video catchup needed, advancing self._nextFrameT from 0.12 to 0.16
11.5440 	WARNING 	1.0912966000032611: Video catchup needed, advancing self._nextFrameT from 0.16 to 0.2
11.5440 	WARNING 	1.0913149999978486: Video catchup needed, advancing self._nextFrameT from 0.2 to 0.24000000000000002
11.5440 	WARNING 	1.0913301999971736: Video catchup needed, advancing self._nextFrameT from 0.24000000000000002 to 0.28
11.5440 	WARNING 	1.0913480000017444: Video catchup needed, advancing self._nextFrameT from 0.28 to 0.32
11.5441 	WARNING 	1.0913620000064839: Video catchup needed, advancing self._nextFrameT from 0.32 to 0.36
11.5441 	WARNING 	1.0913757999951486: Video catchup needed, advancing self._nextFrameT from 0.36 to 0.39999999999999997
11.5442 	WARNING 	Max reportNDroppedFrames reached, will not log any more dropped frames
11.7966 	EXP 	window1: mouseVisible = True
11.8057 	EXP 	Created image_2 = ImageStim(__class__=<class 'psychopy.visual.image.ImageStim'>, anchor=('center', 'center'), autoLog=True, color=array([1., 1., 1.]), colorSpace='rgb', contrast=1.0, depth=-1.0, draggable=False, flipHoriz=False, flipVert=False, image='default.png', interpolate=True, mask=None, maskParams=None, name='image_2', opacity=1.0, ori=0.0, pos=array([0., 0.]), size=array([0.35, 0.35]), texRes=128.0, units='height', win=Window(...))
11.8059 	EXP 	window1: mouseVisible = True
11.8158 	EXP 	Created image_3 = ImageStim(__class__=<class 'psychopy.visual.image.ImageStim'>, anchor=('center', 'center'), autoLog=True, color=array([1., 1., 1.]), colorSpace='rgb', contrast=1.0, depth=-3.0, draggable=False, flipHoriz=False, flipVert=False, image='default.png', interpolate=True, mask=None, maskParams=None, name='image_3', opacity=1.0, ori=0.0, pos=array([0., 0.]), size=array([0.35, 0.35]), texRes=128.0, units='height', win=Window(...))
11.8162 	EXP 	Created unnamed MovieStim3 = MovieStim3(__class__=<class 'psychopy.visual.movie3.MovieStim3'>, anchor=('center', 'center'), autoLog=True, color=UNKNOWN, colorSpace=UNKNOWN, depth=0.0, filename='imgs/titanic_spanish.mp4', flipHoriz=False, flipVert=False, fps=UNKNOWN, interpolate=True, loop=False, name='unnamed MovieStim3', noAudio=False, opacity=1, ori=method-wrapper(...), pos=array([0., 0.]), size=None, units='pix', vframe_callback=UNKNOWN, volume=UNKNOWN, win=Window(...))
13.3838 	WARNING 	1.5675565999990795: Video catchup needed, advancing self._nextFrameT from 0.0 to 0.04
13.3838 	WARNING 	1.567590000006021: Video catchup needed, advancing self._nextFrameT from 0.04 to 0.08
13.3838 	WARNING 	1.5676012000039918: Video catchup needed, advancing self._nextFrameT from 0.08 to 0.12
13.3838 	WARNING 	1.5676215999992564: Video catchup needed, advancing self._nextFrameT from 0.12 to 0.16
13.3838 	WARNING 	1.567632100006449: Video catchup needed, advancing self._nextFrameT from 0.16 to 0.2
13.3838 	WARNING 	1.5676417000067886: Video catchup needed, advancing self._nextFrameT from 0.2 to 0.24000000000000002
13.3838 	WARNING 	1.5676513000071282: Video catchup needed, advancing self._nextFrameT from 0.24000000000000002 to 0.28
13.3838 	WARNING 	1.5676609000074677: Video catchup needed, advancing self._nextFrameT from 0.28 to 0.32
13.3839 	WARNING 	1.567670000004: Video catchup needed, advancing self._nextFrameT from 0.32 to 0.36
13.3839 	WARNING 	1.5676793000020552: Video catchup needed, advancing self._nextFrameT from 0.36 to 0.39999999999999997
13.3839 	WARNING 	Max reportNDroppedFrames reached, will not log any more dropped frames
13.4391 	EXP 	Created unnamed MovieStim3 = MovieStim3(__class__=<class 'psychopy.visual.movie3.MovieStim3'>, anchor=('center', 'center'), autoLog=True, color=UNKNOWN, colorSpace=UNKNOWN, depth=0.0, filename='imgs/titanic.mp4', flipHoriz=False, flipVert=False, fps=UNKNOWN, interpolate=True, loop=False, name='unnamed MovieStim3', noAudio=False, opacity=1, ori=method-wrapper(...), pos=array([  0., 100.]), size=None, units='pix', vframe_callback=UNKNOWN, volume=UNKNOWN, win=Window(...))
14.8288 	WARNING 	1.389617000008002: Video catchup needed, advancing self._nextFrameT from 0.0 to 0.03336666666666667
14.8288 	WARNING 	1.389712900010636: Video catchup needed, advancing self._nextFrameT from 0.03336666666666667 to 0.06673333333333334
14.8289 	WARNING 	1.3897559000033652: Video catchup needed, advancing self._nextFrameT from 0.06673333333333334 to 0.10010000000000001
14.8289 	WARNING 	1.3897952000115765: Video catchup needed, advancing self._nextFrameT from 0.10010000000000001 to 0.13346666666666668
14.8290 	WARNING 	1.3898349000082817: Video catchup needed, advancing self._nextFrameT from 0.13346666666666668 to 0.16683333333333333
14.8290 	WARNING 	1.389889600002789: Video catchup needed, advancing self._nextFrameT from 0.16683333333333333 to 0.2002
14.8291 	WARNING 	1.3899285000079544: Video catchup needed, advancing self._nextFrameT from 0.2002 to 0.23356666666666664
14.8291 	WARNING 	1.3899629000079585: Video catchup needed, advancing self._nextFrameT from 0.23356666666666664 to 0.2669333333333333
14.8291 	WARNING 	1.3899757000035606: Video catchup needed, advancing self._nextFrameT from 0.2669333333333333 to 0.30029999999999996
14.8291 	WARNING 	1.390002000000095: Video catchup needed, advancing self._nextFrameT from 0.30029999999999996 to 0.3336666666666666
14.8291 	WARNING 	Max reportNDroppedFrames reached, will not log any more dropped frames
14.8638 	EXP 	window1: mouseVisible = True
14.8727 	EXP 	Created image_4 = ImageStim(__class__=<class 'psychopy.visual.image.ImageStim'>, anchor=('center', 'center'), autoLog=True, color=array([1., 1., 1.]), colorSpace='rgb', contrast=1.0, depth=-4.0, draggable=False, flipHoriz=False, flipVert=False, image='default.png', interpolate=True, mask=None, maskParams=None, name='image_4', opacity=1.0, ori=0.0, pos=array([0., 0.]), size=array([0.35, 0.35]), texRes=128.0, units='height', win=Window(...))
14.8728 	EXP 	window1: mouseVisible = True
14.8833 	EXP 	Created text_4 = TextStim(__class__=<class 'psychopy.visual.text.TextStim'>, alignHoriz=method-wrapper(...), alignText='center', alignVert=method-wrapper(...), anchorHoriz='center', anchorVert='center', antialias=True, autoDraw=False, autoLog=True, bold=False, color=array([1., 1., 1.]), colorSpace='rgb', contrast=1.0, depth=0.0, draggable=False, flipHoriz=False, flipVert=False, font='Open Sans', fontFiles=[], height=0.05, italic=False, languageStyle='LTR', name='text_4', opacity=1.0, ori=0.0, pos=array([0., 0.]), rgb=UNKNOWN, text='¡Muchas gracias por participar!', units='height', win=Window(...), wrapWidth=1)
0.0020 	EXP 	unnamed MovieStim3: autoLog = True
0.0020 	EXP 	unnamed MovieStim3: movie = 'imgs/video_mar.mp4'
0.0020 	EXP 	unnamed MovieStim3: ori = 0.0
0.0020 	EXP 	unnamed MovieStim3: autoLog = True
0.0020 	EXP 	unnamed MovieStim3: movie = 'imgs/titanic_spanish.mp4'
0.0020 	EXP 	unnamed MovieStim3: ori = 0.0
0.0020 	EXP 	unnamed MovieStim3: autoLog = True
0.0020 	EXP 	unnamed MovieStim3: movie = 'imgs/titanic.mp4'
0.0020 	EXP 	unnamed MovieStim3: ori = 0.0
0.0129 	EXP 	image_5: autoDraw = True
0.0129 	EXP 	text_6: autoDraw = True
3.0135 	EXP 	image_5: autoDraw = False
3.0135 	EXP 	text_6: autoDraw = False
3.0135 	EXP 	image_5: autoDraw = False
3.0135 	EXP 	text_6: autoDraw = False
3.0135 	EXP 	text_5: autoDraw = True
6.3515 	EXP 	Imported imgs/routines_order.xlsx as conditions, 4 conditions, 1 params
6.3518 	EXP 	Created sequence: sequential, trialTypes=4, nReps=1, seed=None
6.3519 	EXP 	New trial (rep=0, index=0): {'routineName': 'music_video'}
6.3589 	DATA 	Keypress: space
6.3610 	EXP 	text_5: autoDraw = False
6.3610 	EXP 	text_7: height = 0.05
6.3610 	EXP 	text_7: height = 0.05
6.3610 	EXP 	text_7: height = 0.05
6.3610 	EXP 	text_7: text = 'Nueva ronda'
6.3610 	EXP 	text_7: autoDraw = True
8.3544 	EXP 	Imported imgs/iceberg_times.xlsx as conditions, 2 conditions, 3 params
8.3548 	EXP 	Created sequence: random, trialTypes=2, nReps=1, seed=None
8.3550 	EXP 	New trial (rep=0, index=0): {'timepresentation': 9, 'posx': 0.8, 'posy': 0.1}
8.3765 	EXP 	Sound  started
8.3768 	EXP 	New trial (rep=0, index=1): {'timepresentation': 7, 'posx': 0.9, 'posy': 0.1}
8.3901 	EXP 	Imported imgs/iceberg_times.xlsx as conditions, 2 conditions, 3 params
8.3904 	EXP 	Created sequence: random, trialTypes=2, nReps=1, seed=None
8.3905 	EXP 	New trial (rep=0, index=0): {'timepresentation': 7, 'posx': 0.9, 'posy': 0.1}
8.3968 	EXP 	Created unnamed MovieStim3 = MovieStim3(__class__=<class 'psychopy.visual.movie3.MovieStim3'>, anchor=('center', 'center'), autoLog=True, color=UNKNOWN, colorSpace=UNKNOWN, depth=0.0, filename='imgs/song_titanic.mp4', flipHoriz=False, flipVert=False, fps=UNKNOWN, interpolate=True, loop=False, name='unnamed MovieStim3', noAudio=False, opacity=1, ori=method-wrapper(...), pos=array([0., 0.]), size=None, units='pix', vframe_callback=UNKNOWN, volume=UNKNOWN, win=Window(...))
9.4832 	WARNING 	1.0862983999977587: Video catchup needed, advancing self._nextFrameT from 0.0 to 0.041666666666666664
9.4832 	WARNING 	1.0863605000049574: Video catchup needed, advancing self._nextFrameT from 0.041666666666666664 to 0.08333333333333333
9.4833 	WARNING 	1.0863884999998845: Video catchup needed, advancing self._nextFrameT from 0.08333333333333333 to 0.125
9.4833 	WARNING 	1.0864063000044553: Video catchup needed, advancing self._nextFrameT from 0.125 to 0.16666666666666666
9.4833 	WARNING 	1.0864222000091104: Video catchup needed, advancing self._nextFrameT from 0.16666666666666666 to 0.20833333333333331
9.4833 	WARNING 	1.0864392000075895: Video catchup needed, advancing self._nextFrameT from 0.20833333333333331 to 0.24999999999999997
9.4833 	WARNING 	1.0864584000082687: Video catchup needed, advancing self._nextFrameT from 0.24999999999999997 to 0.29166666666666663
9.4833 	WARNING 	1.0864746000006562: Video catchup needed, advancing self._nextFrameT from 0.29166666666666663 to 0.3333333333333333
9.4834 	WARNING 	1.086490200003027: Video catchup needed, advancing self._nextFrameT from 0.3333333333333333 to 0.375
9.4834 	WARNING 	1.0865077000053134: Video catchup needed, advancing self._nextFrameT from 0.375 to 0.4166666666666667
9.4834 	WARNING 	Max reportNDroppedFrames reached, will not log any more dropped frames
10.3329 	EXP 	Sound  started
10.3330 	EXP 	Sound  started
10.3334 	EXP 	New trial (rep=0, index=1): {'timepresentation': 9, 'posx': 0.8, 'posy': 0.1}
10.3398 	EXP 	Created unnamed MovieStim3 = MovieStim3(__class__=<class 'psychopy.visual.movie3.MovieStim3'>, anchor=('center', 'center'), autoLog=True, color=UNKNOWN, colorSpace=UNKNOWN, depth=0.0, filename='imgs/song_titanic.mp4', flipHoriz=False, flipVert=False, fps=UNKNOWN, interpolate=True, loop=False, name='unnamed MovieStim3', noAudio=False, opacity=1, ori=method-wrapper(...), pos=array([0., 0.]), size=None, units='pix', vframe_callback=UNKNOWN, volume=UNKNOWN, win=Window(...))
11.2794 	WARNING 	0.9395541000121739: Video catchup needed, advancing self._nextFrameT from 0.0 to 0.041666666666666664
11.2794 	WARNING 	0.939590699999826: Video catchup needed, advancing self._nextFrameT from 0.041666666666666664 to 0.08333333333333333
11.2794 	WARNING 	0.939602600003127: Video catchup needed, advancing self._nextFrameT from 0.08333333333333333 to 0.125
11.2795 	WARNING 	0.9396138000010978: Video catchup needed, advancing self._nextFrameT from 0.125 to 0.16666666666666666
11.2795 	WARNING 	0.9396247000113362: Video catchup needed, advancing self._nextFrameT from 0.16666666666666666 to 0.20833333333333331
11.2795 	WARNING 	0.9396349000016926: Video catchup needed, advancing self._nextFrameT from 0.20833333333333331 to 0.24999999999999997
11.2795 	WARNING 	0.9396449000050779: Video catchup needed, advancing self._nextFrameT from 0.24999999999999997 to 0.29166666666666663
11.2795 	WARNING 	0.9396570000099018: Video catchup needed, advancing self._nextFrameT from 0.29166666666666663 to 0.3333333333333333
11.2795 	WARNING 	0.9396753000037279: Video catchup needed, advancing self._nextFrameT from 0.3333333333333333 to 0.375
11.2795 	WARNING 	0.9396854000078747: Video catchup needed, advancing self._nextFrameT from 0.375 to 0.4166666666666667
11.2795 	WARNING 	Max reportNDroppedFrames reached, will not log any more dropped frames
12.1687 	EXP 	Sound  started
12.1738 	EXP 	Sound  stopped
12.1991 	EXP 	Sound  stopped
12.2047 	EXP 	Imported imgs/iceberg_times.xlsx as conditions, 2 conditions, 3 params
12.2051 	EXP 	Created sequence: random, trialTypes=2, nReps=1, seed=None
12.2052 	EXP 	New trial (rep=0, index=0): {'timepresentation': 9, 'posx': 0.8, 'posy': 0.1}
12.2055 	EXP 	Created unnamed MovieStim3 = MovieStim3(__class__=<class 'psychopy.visual.movie3.MovieStim3'>, anchor=('center', 'center'), autoLog=True, color=UNKNOWN, colorSpace=UNKNOWN, depth=0.0, filename='imgs/titanic_spanish.mp4', flipHoriz=False, flipVert=False, fps=UNKNOWN, interpolate=True, loop=False, name='unnamed MovieStim3', noAudio=False, opacity=1, ori=method-wrapper(...), pos=array([0., 0.]), size=None, units='pix', vframe_callback=UNKNOWN, volume=UNKNOWN, win=Window(...))
13.7496 	WARNING 	1.544036799998139: Video catchup needed, advancing self._nextFrameT from 0.0 to 0.04
13.7496 	WARNING 	1.544090099996538: Video catchup needed, advancing self._nextFrameT from 0.04 to 0.08
13.7496 	WARNING 	1.5441088999941712: Video catchup needed, advancing self._nextFrameT from 0.08 to 0.12
13.7496 	WARNING 	1.5441258000064408: Video catchup needed, advancing self._nextFrameT from 0.12 to 0.16
13.7496 	WARNING 	1.5441424000018742: Video catchup needed, advancing self._nextFrameT from 0.16 to 0.2
13.7497 	WARNING 	1.5441617000033148: Video catchup needed, advancing self._nextFrameT from 0.2 to 0.24000000000000002
13.7497 	WARNING 	1.544180700002471: Video catchup needed, advancing self._nextFrameT from 0.24000000000000002 to 0.28
13.7497 	WARNING 	1.5441972999979043: Video catchup needed, advancing self._nextFrameT from 0.28 to 0.32
13.7497 	WARNING 	1.5442137000063667: Video catchup needed, advancing self._nextFrameT from 0.32 to 0.36
13.7497 	WARNING 	1.5442317999986699: Video catchup needed, advancing self._nextFrameT from 0.36 to 0.39999999999999997
13.7497 	WARNING 	Max reportNDroppedFrames reached, will not log any more dropped frames
15.1969 	EXP 	Sound  started
15.1970 	EXP 	Sound  started
15.2074 	EXP 	New trial (rep=0, index=1): {'timepresentation': 7, 'posx': 0.9, 'posy': 0.1}
15.2077 	EXP 	Created unnamed MovieStim3 = MovieStim3(__class__=<class 'psychopy.visual.movie3.MovieStim3'>, anchor=('center', 'center'), autoLog=True, color=UNKNOWN, colorSpace=UNKNOWN, depth=0.0, filename='imgs/titanic_spanish.mp4', flipHoriz=False, flipVert=False, fps=UNKNOWN, interpolate=True, loop=False, name='unnamed MovieStim3', noAudio=False, opacity=1, ori=method-wrapper(...), pos=array([0., 0.]), size=None, units='pix', vframe_callback=UNKNOWN, volume=UNKNOWN, win=Window(...))
16.8277 	WARNING 	1.620006099998136: Video catchup needed, advancing self._nextFrameT from 0.0 to 0.04
16.8277 	WARNING 	1.6200421999965329: Video catchup needed, advancing self._nextFrameT from 0.04 to 0.08
16.8277 	WARNING 	1.6200544000021182: Video catchup needed, advancing self._nextFrameT from 0.08 to 0.12
16.8277 	WARNING 	1.6200645999924745: Video catchup needed, advancing self._nextFrameT from 0.12 to 0.16
16.8278 	WARNING 	1.6200739000050817: Video catchup needed, advancing self._nextFrameT from 0.16 to 0.2
16.8278 	WARNING 	1.6200834000046598: Video catchup needed, advancing self._nextFrameT from 0.2 to 0.24000000000000002
16.8278 	WARNING 	1.620092900004238: Video catchup needed, advancing self._nextFrameT from 0.24000000000000002 to 0.28
16.8278 	WARNING 	1.620102200002293: Video catchup needed, advancing self._nextFrameT from 0.28 to 0.32
16.8278 	WARNING 	1.6201107999950182: Video catchup needed, advancing self._nextFrameT from 0.32 to 0.36
16.8278 	WARNING 	1.620119600003818: Video catchup needed, advancing self._nextFrameT from 0.36 to 0.39999999999999997
16.8278 	WARNING 	Max reportNDroppedFrames reached, will not log any more dropped frames
18.2271 	EXP 	Sound  started
18.2591 	EXP 	Sound  stopped
18.2874 	EXP 	Sound  stopped
18.2972 	EXP 	Imported imgs/iceberg_times.xlsx as conditions, 2 conditions, 3 params
18.2976 	EXP 	Created sequence: random, trialTypes=2, nReps=1, seed=None
18.2978 	EXP 	New trial (rep=0, index=0): {'timepresentation': 8, 'posx': 0.8, 'posy': 0.1}
18.2979 	EXP 	Sound  started
18.2983 	EXP 	Sound  started
18.3065 	WARNING 	10.929976599989459: Video catchup needed, advancing self._nextFrameT from 1.0400000000000003 to 1.0800000000000003
18.3065 	WARNING 	10.930021899999701: Video catchup needed, advancing self._nextFrameT from 1.0800000000000003 to 1.1200000000000003
18.3066 	WARNING 	10.930042499996489: Video catchup needed, advancing self._nextFrameT from 1.1200000000000003 to 1.1600000000000004
18.3066 	WARNING 	10.93006030000106: Video catchup needed, advancing self._nextFrameT from 1.1600000000000004 to 1.2000000000000004
18.3066 	WARNING 	10.930077500001062: Video catchup needed, advancing self._nextFrameT from 1.2000000000000004 to 1.2400000000000004
18.3066 	WARNING 	10.930094899988035: Video catchup needed, advancing self._nextFrameT from 1.2400000000000004 to 1.2800000000000005
18.3066 	WARNING 	10.930111800000304: Video catchup needed, advancing self._nextFrameT from 1.2800000000000005 to 1.3200000000000005
18.3066 	WARNING 	10.930128399995738: Video catchup needed, advancing self._nextFrameT from 1.3200000000000005 to 1.3600000000000005
18.3067 	WARNING 	10.930144699988887: Video catchup needed, advancing self._nextFrameT from 1.3600000000000005 to 1.4000000000000006
18.3067 	WARNING 	10.930160099989735: Video catchup needed, advancing self._nextFrameT from 1.4000000000000006 to 1.4400000000000006
18.3067 	WARNING 	Max reportNDroppedFrames reached, will not log any more dropped frames
18.6723 	WARNING 	1.6752967000065837: Video catchup needed, advancing self._nextFrameT from 1.3346666666666676 to 1.3680333333333343
18.6723 	WARNING 	1.6753328000049805: Video catchup needed, advancing self._nextFrameT from 1.3680333333333343 to 1.401400000000001
18.6724 	WARNING 	1.6753458000021055: Video catchup needed, advancing self._nextFrameT from 1.401400000000001 to 1.4347666666666679
18.6724 	WARNING 	1.6753573000023607: Video catchup needed, advancing self._nextFrameT from 1.4347666666666679 to 1.4681333333333346
18.6724 	WARNING 	1.6753677000087919: Video catchup needed, advancing self._nextFrameT from 1.4681333333333346 to 1.5015000000000014
18.6724 	WARNING 	1.6753779000137001: Video catchup needed, advancing self._nextFrameT from 1.5015000000000014 to 1.5348666666666682
18.6724 	WARNING 	1.675388000003295: Video catchup needed, advancing self._nextFrameT from 1.5348666666666682 to 1.568233333333335
18.6724 	WARNING 	1.675397700004396: Video catchup needed, advancing self._nextFrameT from 1.568233333333335 to 1.6016000000000017
18.6724 	WARNING 	1.6754075000062585: Video catchup needed, advancing self._nextFrameT from 1.6016000000000017 to 1.6349666666666685
18.6830 	EXP 	tarea_iceberg: status = STOPPED
18.7258 	DATA 	Keypress: escape
18.7274 	DATA 	Keypress: escape
18.7285 	DATA 	Mouse: Left button down, pos=(825,352)
18.7300 	DATA 	Mouse:  Left button up, pos=(825,352)
18.7394 	EXP 	text_7: autoDraw = False
18.7394 	EXP 	text_7: autoDraw = False
18.7394 	EXP 	image: image = 'imgs/iceberg.png'
18.7394 	EXP 	Set unnamed MovieStim3 playing
18.7394 	EXP 	image: autoDraw = False
18.7394 	EXP 	image: image = 'imgs/iceberg.png'
18.7394 	EXP 	image: autoDraw = False
18.7394 	EXP 	image_2: image = 'imgs/iceberg.png'
18.7394 	EXP 	unnamed MovieStim3: autoLog = True
18.7394 	EXP 	unnamed MovieStim3: movie = 'imgs/song_titanic.mp4'
18.7394 	EXP 	unnamed MovieStim3: ori = 0.0
18.7394 	EXP 	Set unnamed MovieStim3 playing
18.7394 	EXP 	image_2: autoDraw = False
18.7394 	EXP 	image_2: image = 'imgs/iceberg.png'
18.7394 	EXP 	unnamed MovieStim3: autoLog = True
18.7394 	EXP 	unnamed MovieStim3: movie = 'imgs/song_titanic.mp4'
18.7394 	EXP 	unnamed MovieStim3: ori = 0.0
18.7394 	EXP 	image_2: autoDraw = False
18.7394 	EXP 	Set unnamed MovieStim3 stopped
18.7394 	EXP 	unnamed MovieStim3: autoLog = True
18.7394 	EXP 	unnamed MovieStim3: movie = 'imgs/titanic_spanish.mp4'
18.7394 	EXP 	unnamed MovieStim3: ori = 0.0
18.7394 	EXP 	Set unnamed MovieStim3 playing
18.7394 	EXP 	image_3: image = 'imgs/iceberg.png'
18.7394 	EXP 	image_3: autoDraw = False
18.7394 	EXP 	unnamed MovieStim3: autoLog = True
18.7394 	EXP 	unnamed MovieStim3: movie = 'imgs/titanic_spanish.mp4'
18.7394 	EXP 	unnamed MovieStim3: ori = 0.0
18.7394 	EXP 	image_3: image = 'imgs/iceberg.png'
18.7394 	EXP 	image_3: autoDraw = False
18.7394 	EXP 	Set unnamed MovieStim3 stopped
18.7394 	EXP 	Set unnamed MovieStim3 playing
18.7394 	EXP 	Set unnamed MovieStim3 playing
18.7394 	EXP 	image_4: image = 'imgs/iceberg.png'
18.7397 	EXP 	tarea_iceberg: status = STOPPED
18.7817 	EXP 	window1: mouseVisible = True
