6.3541 	WARNING 	User requested fullscreen with size [1536  864], but screen is actually [1920, 1080]. Using actual size
6.9891 	EXP 	Created window1 = Window(allowGUI=True, allowStencil=False, autoLog=True, backendConf=UNKNOWN, backgroundFit=<method-wrapper '__getattribute__' of attributeSetter object at 0x00000234D697BC70>, backgroundImage=<method-wrapper '__getattribute__' of attributeSetter object at 0x00000234D697BC10>, bitsMode=UNKNOWN, blendMode='avg', bpc=(8, 8, 8), color=array([0, 0, 0]), colorSpace='rgb', depthBits=8, fullscr=<method-wrapper '__getattribute__' of attributeSetter object at 0x00000234D697BA30>, gamma=None, gammaErrorPolicy='raise', lms=UNKNOWN, monitor=<psychopy.monitors.calibTools.Monitor object at 0x00000234D6E070A0>, multiSample=False, name='window1', numSamples=2, pos=(1920, 789), screen=0, size=array([1920, 1080]), stencilBits=0, stereo=False, title='PsychoPy', units='height', useFBO=True, useRetina=False, viewOri=0.0, viewPos=None, viewScale=None, waitBlanking=True, winType='pyglet')
6.9892 	EXP 	window1: mouseVisible = True
6.9892 	EXP 	window1: backgroundImage = ''
6.9892 	EXP 	window1: backgroundFit = 'none'
6.9906 	EXP 	window1: Attempting to measure frame rate of screen (0) ...
6.9906 	EXP 	window1: recordFrameIntervals = False
7.1755 	EXP 	window1: recordFrameIntervals = True
7.3296 	WARNING 	t of last frame was 20.70ms (=1/48)
7.5063 	EXP 	Screen (0) actual frame rate measured at 60.82Hz
7.5064 	EXP 	window1: recordFrameIntervals = False
7.5065 	EXP 	window1: mouseVisible = False
9.7135 	EXP 	tarea_iceberg: status = STARTED
9.7136 	EXP 	window1: mouseVisible = True
9.7143 	WARNING 	Requested image 'imgs/logo_OB.jpeg' not found but similar filename 'imgs/logo_OB.png' exists. This will be used instead but changing the filename is advised.
9.7216 	WARNING 	Requested image 'imgs/logo_OB.jpeg' not found but similar filename 'imgs/logo_OB.png' exists. This will be used instead but changing the filename is advised.
9.7269 	WARNING 	Requested image 'imgs/logo_OB.jpeg' not found but similar filename 'imgs/logo_OB.png' exists. This will be used instead but changing the filename is advised.
9.7312 	WARNING 	Requested image 'imgs/logo_OB.jpeg' not found but similar filename 'imgs/logo_OB.png' exists. This will be used instead but changing the filename is advised.
9.7368 	EXP 	Created image_5 = ImageStim(__class__=<class 'psychopy.visual.image.ImageStim'>, anchor=('center', 'center'), autoLog=True, color=array([1., 1., 1.]), colorSpace='rgb', contrast=1.0, depth=0.0, draggable=False, flipHoriz=False, flipVert=False, image='imgs/logo_OB.jpeg', interpolate=True, mask=None, maskParams=None, name='image_5', opacity=1.0, ori=0.0, pos=array([0., 0.]), size=array([0.6, 0.7]), texRes=128.0, units='height', win=Window(...))
9.7372 	EXP 	window1: mouseVisible = True
9.8074 	EXP 	Created text_6 = TextStim(__class__=<class 'psychopy.visual.text.TextStim'>, alignHoriz=method-wrapper(...), alignText='center', alignVert=method-wrapper(...), anchorHoriz='center', anchorVert='center', antialias=True, autoDraw=False, autoLog=True, bold=False, color=array([1., 1., 1.]), colorSpace='rgb', contrast=1.0, depth=-1.0, draggable=False, flipHoriz=False, flipVert=False, font='Open Sans', fontFiles=[], height=0.04, italic=False, languageStyle='LTR', name='text_6', opacity=1.0, ori=0.0, pos=array([ 0.  , -0.35]), rgb=UNKNOWN, text='¡Bienvenido a un experimento de Open Brains!', units='height', win=Window(...), wrapWidth=1)
9.8075 	EXP 	window1: mouseVisible = True
9.8301 	EXP 	Created text_5 = TextStim(__class__=<class 'psychopy.visual.text.TextStim'>, alignHoriz=method-wrapper(...), alignText='center', alignVert=method-wrapper(...), anchorHoriz='center', anchorVert='center', antialias=True, autoDraw=False, autoLog=True, bold=False, color=array([1., 1., 1.]), colorSpace='rgb', contrast=1.0, depth=0.0, draggable=False, flipHoriz=False, flipVert=False, font='Open Sans', fontFiles=[], height=0.035, italic=False, languageStyle='LTR', name='text_5', opacity=1.0, ori=0.0, pos=array([0., 0.]), rgb=UNKNOWN, text=str(...), units='height', win=Window(...), wrapWidth=1)
9.8303 	EXP 	window1: mouseVisible = True
9.8316 	EXP 	Created text_7 = TextStim(__class__=<class 'psychopy.visual.text.TextStim'>, alignHoriz=method-wrapper(...), alignText='center', alignVert=method-wrapper(...), anchorHoriz='center', anchorVert='center', antialias=True, autoDraw=False, autoLog=True, bold=False, color=array([1., 1., 1.]), colorSpace='rgb', contrast=1.0, depth=0.0, draggable=False, flipHoriz=False, flipVert=False, font='Open Sans', fontFiles=[], height=0.05, italic=False, languageStyle='LTR', name='text_7', opacity=1.0, ori=0.0, pos=array([0., 0.]), rgb=UNKNOWN, text='', units='height', win=Window(...), wrapWidth=1)
9.8318 	EXP 	window1: mouseVisible = True
9.8411 	EXP 	Created image = ImageStim(__class__=<class 'psychopy.visual.image.ImageStim'>, anchor=('center', 'center'), autoLog=True, color=array([1., 1., 1.]), colorSpace='rgb', contrast=1.0, depth=-1.0, draggable=False, flipHoriz=False, flipVert=False, image='default.png', interpolate=True, mask=None, maskParams=None, name='image', opacity=1.0, ori=0.0, pos=array([0., 0.]), size=array([0.35, 0.35]), texRes=128.0, units='height', win=Window(...))
9.9863 	EXP 	Created unnamed MovieStim3 = MovieStim3(__class__=<class 'psychopy.visual.movie3.MovieStim3'>, anchor=('center', 'center'), autoLog=True, color=UNKNOWN, colorSpace=UNKNOWN, depth=0.0, filename='imgs/video_mar.mp4', flipHoriz=False, flipVert=False, fps=UNKNOWN, interpolate=True, loop=True, name='unnamed MovieStim3', noAudio=False, opacity=1, ori=method-wrapper(...), pos=array([0., 0.]), size=None, units='pix', vframe_callback=UNKNOWN, volume=UNKNOWN, win=Window(...))
11.0816 	WARNING 	1.0953092999989167: Video catchup needed, advancing self._nextFrameT from 0.0 to 0.04
11.0817 	WARNING 	1.0953458000003593: Video catchup needed, advancing self._nextFrameT from 0.04 to 0.08
11.0817 	WARNING 	1.0953598000050988: Video catchup needed, advancing self._nextFrameT from 0.08 to 0.12
11.0817 	WARNING 	1.0953716999938479: Video catchup needed, advancing self._nextFrameT from 0.12 to 0.16
11.0817 	WARNING 	1.0953827999910573: Video catchup needed, advancing self._nextFrameT from 0.16 to 0.2
11.0817 	WARNING 	1.0953921000036644: Video catchup needed, advancing self._nextFrameT from 0.2 to 0.24000000000000002
11.0817 	WARNING 	1.0954136999935145: Video catchup needed, advancing self._nextFrameT from 0.24000000000000002 to 0.28
11.0818 	WARNING 	1.0954318000003695: Video catchup needed, advancing self._nextFrameT from 0.28 to 0.32
11.0818 	WARNING 	1.0954581999976654: Video catchup needed, advancing self._nextFrameT from 0.32 to 0.36
11.0818 	WARNING 	1.095470000000205: Video catchup needed, advancing self._nextFrameT from 0.36 to 0.39999999999999997
11.0818 	WARNING 	Max reportNDroppedFrames reached, will not log any more dropped frames
11.3167 	EXP 	window1: mouseVisible = True
11.3260 	EXP 	Created image_2 = ImageStim(__class__=<class 'psychopy.visual.image.ImageStim'>, anchor=('center', 'center'), autoLog=True, color=array([1., 1., 1.]), colorSpace='rgb', contrast=1.0, depth=-1.0, draggable=False, flipHoriz=False, flipVert=False, image='default.png', interpolate=True, mask=None, maskParams=None, name='image_2', opacity=1.0, ori=0.0, pos=array([0., 0.]), size=array([0.35, 0.35]), texRes=128.0, units='height', win=Window(...))
11.3263 	EXP 	Created unnamed MovieStim3 = MovieStim3(__class__=<class 'psychopy.visual.movie3.MovieStim3'>, anchor=('center', 'center'), autoLog=True, color=UNKNOWN, colorSpace=UNKNOWN, depth=0.0, filename='imgs/song_titanic.mp4', flipHoriz=False, flipVert=False, fps=UNKNOWN, interpolate=True, loop=False, name='unnamed MovieStim3', noAudio=False, opacity=1, ori=method-wrapper(...), pos=array([0., 0.]), size=None, units='pix', vframe_callback=UNKNOWN, volume=UNKNOWN, win=Window(...))
12.1490 	WARNING 	0.822664999999688: Video catchup needed, advancing self._nextFrameT from 0.0 to 0.041666666666666664
12.1490 	WARNING 	0.8227036000025691: Video catchup needed, advancing self._nextFrameT from 0.041666666666666664 to 0.08333333333333333
12.1490 	WARNING 	0.8227157999936026: Video catchup needed, advancing self._nextFrameT from 0.08333333333333333 to 0.125
12.1490 	WARNING 	0.8227268999908119: Video catchup needed, advancing self._nextFrameT from 0.125 to 0.16666666666666666
12.1491 	WARNING 	0.8227618999953847: Video catchup needed, advancing self._nextFrameT from 0.16666666666666666 to 0.20833333333333331
12.1491 	WARNING 	0.8227902999933576: Video catchup needed, advancing self._nextFrameT from 0.20833333333333331 to 0.24999999999999997
12.1491 	WARNING 	0.8228038999950513: Video catchup needed, advancing self._nextFrameT from 0.24999999999999997 to 0.29166666666666663
12.1491 	WARNING 	0.8228133999946294: Video catchup needed, advancing self._nextFrameT from 0.29166666666666663 to 0.3333333333333333
12.1491 	WARNING 	0.8228226999926846: Video catchup needed, advancing self._nextFrameT from 0.3333333333333333 to 0.375
12.1491 	WARNING 	0.8228320999915013: Video catchup needed, advancing self._nextFrameT from 0.375 to 0.4166666666666667
12.1491 	WARNING 	Max reportNDroppedFrames reached, will not log any more dropped frames
12.1637 	EXP 	Created unnamed MovieStim3 = MovieStim3(__class__=<class 'psychopy.visual.movie3.MovieStim3'>, anchor=('center', 'center'), autoLog=True, color=UNKNOWN, colorSpace=UNKNOWN, depth=0.0, filename='imgs/titanic_spanish.mp4', flipHoriz=False, flipVert=False, fps=UNKNOWN, interpolate=True, loop=False, name='unnamed MovieStim3', noAudio=False, opacity=1, ori=method-wrapper(...), pos=array([0., 0.]), size=None, units='pix', vframe_callback=UNKNOWN, volume=UNKNOWN, win=Window(...))
13.5617 	WARNING 	1.3979630999965593: Video catchup needed, advancing self._nextFrameT from 0.0 to 0.04
13.5617 	WARNING 	1.3980021000024863: Video catchup needed, advancing self._nextFrameT from 0.04 to 0.08
13.5617 	WARNING 	1.398014599995804: Video catchup needed, advancing self._nextFrameT from 0.08 to 0.12
13.5618 	WARNING 	1.3980265999998664: Video catchup needed, advancing self._nextFrameT from 0.12 to 0.16
13.5618 	WARNING 	1.3980379999993602: Video catchup needed, advancing self._nextFrameT from 0.16 to 0.2
13.5618 	WARNING 	1.3980485000065528: Video catchup needed, advancing self._nextFrameT from 0.2 to 0.24000000000000002
13.5618 	WARNING 	1.3980579000053694: Video catchup needed, advancing self._nextFrameT from 0.24000000000000002 to 0.28
13.5618 	WARNING 	1.3980682999972487: Video catchup needed, advancing self._nextFrameT from 0.28 to 0.32
13.5618 	WARNING 	1.3980774999945424: Video catchup needed, advancing self._nextFrameT from 0.32 to 0.36
13.5618 	WARNING 	1.3980885000055423: Video catchup needed, advancing self._nextFrameT from 0.36 to 0.39999999999999997
13.5618 	WARNING 	Max reportNDroppedFrames reached, will not log any more dropped frames
13.5945 	EXP 	window1: mouseVisible = True
13.6044 	EXP 	Created image_3 = ImageStim(__class__=<class 'psychopy.visual.image.ImageStim'>, anchor=('center', 'center'), autoLog=True, color=array([1., 1., 1.]), colorSpace='rgb', contrast=1.0, depth=-3.0, draggable=False, flipHoriz=False, flipVert=False, image='default.png', interpolate=True, mask=None, maskParams=None, name='image_3', opacity=1.0, ori=0.0, pos=array([0., 0.]), size=array([0.35, 0.35]), texRes=128.0, units='height', win=Window(...))
13.6047 	EXP 	Created unnamed MovieStim3 = MovieStim3(__class__=<class 'psychopy.visual.movie3.MovieStim3'>, anchor=('center', 'center'), autoLog=True, color=UNKNOWN, colorSpace=UNKNOWN, depth=0.0, filename='imgs/titanic_spanish.mp4', flipHoriz=False, flipVert=False, fps=UNKNOWN, interpolate=True, loop=False, name='unnamed MovieStim3', noAudio=False, opacity=1, ori=method-wrapper(...), pos=array([0., 0.]), size=None, units='pix', vframe_callback=UNKNOWN, volume=UNKNOWN, win=Window(...))
14.9488 	WARNING 	1.344107900004019: Video catchup needed, advancing self._nextFrameT from 0.0 to 0.04
14.9489 	WARNING 	1.344149099997594: Video catchup needed, advancing self._nextFrameT from 0.04 to 0.08
14.9489 	WARNING 	1.3441613000031793: Video catchup needed, advancing self._nextFrameT from 0.08 to 0.12
14.9489 	WARNING 	1.3441715000080876: Video catchup needed, advancing self._nextFrameT from 0.12 to 0.16
14.9489 	WARNING 	1.3441813999961596: Video catchup needed, advancing self._nextFrameT from 0.16 to 0.2
14.9489 	WARNING 	1.3442026999982772: Video catchup needed, advancing self._nextFrameT from 0.2 to 0.24000000000000002
14.9489 	WARNING 	1.3442133000062313: Video catchup needed, advancing self._nextFrameT from 0.24000000000000002 to 0.28
14.9489 	WARNING 	1.344222700005048: Video catchup needed, advancing self._nextFrameT from 0.28 to 0.32
14.9489 	WARNING 	1.3442317000008188: Video catchup needed, advancing self._nextFrameT from 0.32 to 0.36
14.9489 	WARNING 	1.3442404000088573: Video catchup needed, advancing self._nextFrameT from 0.36 to 0.39999999999999997
14.9490 	WARNING 	Max reportNDroppedFrames reached, will not log any more dropped frames
14.9832 	EXP 	Created unnamed MovieStim3 = MovieStim3(__class__=<class 'psychopy.visual.movie3.MovieStim3'>, anchor=('center', 'center'), autoLog=True, color=UNKNOWN, colorSpace=UNKNOWN, depth=0.0, filename='imgs/titanic.mp4', flipHoriz=False, flipVert=False, fps=UNKNOWN, interpolate=True, loop=False, name='unnamed MovieStim3', noAudio=False, opacity=1, ori=method-wrapper(...), pos=array([  0., 100.]), size=None, units='pix', vframe_callback=UNKNOWN, volume=UNKNOWN, win=Window(...))
16.3229 	WARNING 	1.3397282999940217: Video catchup needed, advancing self._nextFrameT from 0.0 to 0.03336666666666667
16.3230 	WARNING 	1.3397760999941966: Video catchup needed, advancing self._nextFrameT from 0.03336666666666667 to 0.06673333333333334
16.3230 	WARNING 	1.3397892999928445: Video catchup needed, advancing self._nextFrameT from 0.06673333333333334 to 0.10010000000000001
16.3230 	WARNING 	1.3398004999908153: Video catchup needed, advancing self._nextFrameT from 0.10010000000000001 to 0.13346666666666668
16.3230 	WARNING 	1.339810799996485: Video catchup needed, advancing self._nextFrameT from 0.13346666666666668 to 0.16683333333333333
16.3230 	WARNING 	1.3398205999983475: Video catchup needed, advancing self._nextFrameT from 0.16683333333333333 to 0.2002
16.3230 	WARNING 	1.339830199998687: Video catchup needed, advancing self._nextFrameT from 0.2002 to 0.23356666666666664
16.3230 	WARNING 	1.339839899999788: Video catchup needed, advancing self._nextFrameT from 0.23356666666666664 to 0.2669333333333333
16.3230 	WARNING 	1.3398493999993661: Video catchup needed, advancing self._nextFrameT from 0.2669333333333333 to 0.30029999999999996
16.3230 	WARNING 	1.3398621999949683: Video catchup needed, advancing self._nextFrameT from 0.30029999999999996 to 0.3336666666666666
16.3231 	WARNING 	Max reportNDroppedFrames reached, will not log any more dropped frames
16.3546 	EXP 	window1: mouseVisible = True
16.3669 	EXP 	Created image_4 = ImageStim(__class__=<class 'psychopy.visual.image.ImageStim'>, anchor=('center', 'center'), autoLog=True, color=array([1., 1., 1.]), colorSpace='rgb', contrast=1.0, depth=-4.0, draggable=False, flipHoriz=False, flipVert=False, image='default.png', interpolate=True, mask=None, maskParams=None, name='image_4', opacity=1.0, ori=0.0, pos=array([0., 0.]), size=array([0.35, 0.35]), texRes=128.0, units='height', win=Window(...))
16.3671 	EXP 	window1: mouseVisible = True
16.3683 	EXP 	Created text_8 = TextStim(__class__=<class 'psychopy.visual.text.TextStim'>, alignHoriz=method-wrapper(...), alignText='center', alignVert=method-wrapper(...), anchorHoriz='center', anchorVert='center', antialias=True, autoDraw=False, autoLog=True, bold=False, color=array([1., 1., 1.]), colorSpace='rgb', contrast=1.0, depth=0.0, draggable=False, flipHoriz=False, flipVert=False, font='Open Sans', fontFiles=[], height=0.05, italic=False, languageStyle='LTR', name='text_8', opacity=1.0, ori=0.0, pos=array([0., 0.]), rgb=UNKNOWN, text='', units='height', win=Window(...), wrapWidth=1)
16.3684 	EXP 	window1: mouseVisible = True
16.3780 	EXP 	Created image_6 = ImageStim(__class__=<class 'psychopy.visual.image.ImageStim'>, anchor=('center', 'center'), autoLog=True, color=array([1., 1., 1.]), colorSpace='rgb', contrast=1.0, depth=-1.0, draggable=False, flipHoriz=False, flipVert=False, image='default.png', interpolate=True, mask=None, maskParams=None, name='image_6', opacity=1.0, ori=0.0, pos=array([0., 0.]), size=array([0.35, 0.35]), texRes=128.0, units='height', win=Window(...))
16.3783 	EXP 	Created unnamed MovieStim3 = MovieStim3(__class__=<class 'psychopy.visual.movie3.MovieStim3'>, anchor=('center', 'center'), autoLog=True, color=UNKNOWN, colorSpace=UNKNOWN, depth=0.0, filename='imgs/video_mar.mp4', flipHoriz=False, flipVert=False, fps=UNKNOWN, interpolate=True, loop=True, name='unnamed MovieStim3', noAudio=False, opacity=1, ori=method-wrapper(...), pos=array([0., 0.]), size=None, units='pix', vframe_callback=UNKNOWN, volume=UNKNOWN, win=Window(...))
16.8276 	WARNING 	0.4492054000002099: Video catchup needed, advancing self._nextFrameT from 0.0 to 0.04
16.8276 	WARNING 	0.4492964000091888: Video catchup needed, advancing self._nextFrameT from 0.04 to 0.08
16.8276 	WARNING 	0.44930950000707526: Video catchup needed, advancing self._nextFrameT from 0.08 to 0.12
16.8276 	WARNING 	0.44932140001037624: Video catchup needed, advancing self._nextFrameT from 0.12 to 0.16
16.8276 	WARNING 	0.4493320000037784: Video catchup needed, advancing self._nextFrameT from 0.16 to 0.2
16.8277 	WARNING 	0.4493427000124939: Video catchup needed, advancing self._nextFrameT from 0.2 to 0.24000000000000002
16.8277 	WARNING 	0.44935300000361167: Video catchup needed, advancing self._nextFrameT from 0.24000000000000002 to 0.28
16.8277 	WARNING 	0.4493635000108043: Video catchup needed, advancing self._nextFrameT from 0.28 to 0.32
16.8277 	WARNING 	0.44937310001114383: Video catchup needed, advancing self._nextFrameT from 0.32 to 0.36
16.8277 	WARNING 	0.44939170000725426: Video catchup needed, advancing self._nextFrameT from 0.36 to 0.39999999999999997
16.8277 	WARNING 	Max reportNDroppedFrames reached, will not log any more dropped frames
16.9371 	EXP 	window1: mouseVisible = True
16.9479 	EXP 	Created image_7 = ImageStim(__class__=<class 'psychopy.visual.image.ImageStim'>, anchor=('center', 'center'), autoLog=True, color=array([1., 1., 1.]), colorSpace='rgb', contrast=1.0, depth=-1.0, draggable=False, flipHoriz=False, flipVert=False, image='default.png', interpolate=True, mask=None, maskParams=None, name='image_7', opacity=1.0, ori=0.0, pos=array([0., 0.]), size=array([0.35, 0.35]), texRes=128.0, units='height', win=Window(...))
16.9481 	EXP 	Created unnamed MovieStim3 = MovieStim3(__class__=<class 'psychopy.visual.movie3.MovieStim3'>, anchor=('center', 'center'), autoLog=True, color=UNKNOWN, colorSpace=UNKNOWN, depth=0.0, filename='imgs/song_titanic.mp4', flipHoriz=False, flipVert=False, fps=UNKNOWN, interpolate=True, loop=False, name='unnamed MovieStim3', noAudio=False, opacity=1, ori=method-wrapper(...), pos=array([0., 0.]), size=None, units='pix', vframe_callback=UNKNOWN, volume=UNKNOWN, win=Window(...))
17.8882 	WARNING 	0.9400579999928595: Video catchup needed, advancing self._nextFrameT from 0.0 to 0.041666666666666664
17.8883 	WARNING 	0.9401094999921042: Video catchup needed, advancing self._nextFrameT from 0.041666666666666664 to 0.08333333333333333
17.8883 	WARNING 	0.9401299999881303: Video catchup needed, advancing self._nextFrameT from 0.08333333333333333 to 0.125
17.8883 	WARNING 	0.9401475999911781: Video catchup needed, advancing self._nextFrameT from 0.125 to 0.16666666666666666
17.8883 	WARNING 	0.9401642999873729: Video catchup needed, advancing self._nextFrameT from 0.16666666666666666 to 0.20833333333333331
17.8883 	WARNING 	0.9401808999973582: Video catchup needed, advancing self._nextFrameT from 0.20833333333333331 to 0.24999999999999997
17.8884 	WARNING 	0.9401973999920301: Video catchup needed, advancing self._nextFrameT from 0.24999999999999997 to 0.29166666666666663
17.8884 	WARNING 	0.9402143999905093: Video catchup needed, advancing self._nextFrameT from 0.29166666666666663 to 0.3333333333333333
17.8884 	WARNING 	0.9402314999897499: Video catchup needed, advancing self._nextFrameT from 0.3333333333333333 to 0.375
17.8884 	WARNING 	0.9402487999905134: Video catchup needed, advancing self._nextFrameT from 0.375 to 0.4166666666666667
17.8884 	WARNING 	Max reportNDroppedFrames reached, will not log any more dropped frames
17.9171 	EXP 	Created unnamed MovieStim3 = MovieStim3(__class__=<class 'psychopy.visual.movie3.MovieStim3'>, anchor=('center', 'center'), autoLog=True, color=UNKNOWN, colorSpace=UNKNOWN, depth=0.0, filename='imgs/titanic_spanish.mp4', flipHoriz=False, flipVert=False, fps=UNKNOWN, interpolate=True, loop=False, name='unnamed MovieStim3', noAudio=False, opacity=1, ori=method-wrapper(...), pos=array([0., 0.]), size=None, units='pix', vframe_callback=UNKNOWN, volume=UNKNOWN, win=Window(...))
19.3581 	WARNING 	1.441016500000842: Video catchup needed, advancing self._nextFrameT from 0.0 to 0.04
19.3582 	WARNING 	1.4410645000025397: Video catchup needed, advancing self._nextFrameT from 0.04 to 0.08
19.3582 	WARNING 	1.4410847000108333: Video catchup needed, advancing self._nextFrameT from 0.08 to 0.12
19.3582 	WARNING 	1.4411066000029678: Video catchup needed, advancing self._nextFrameT from 0.12 to 0.16
19.3582 	WARNING 	1.4411257000028854: Video catchup needed, advancing self._nextFrameT from 0.16 to 0.2
19.3582 	WARNING 	1.4411431000044104: Video catchup needed, advancing self._nextFrameT from 0.2 to 0.24000000000000002
19.3583 	WARNING 	1.4411704000085592: Video catchup needed, advancing self._nextFrameT from 0.24000000000000002 to 0.28
19.3583 	WARNING 	1.4411898000107612: Video catchup needed, advancing self._nextFrameT from 0.28 to 0.32
19.3583 	WARNING 	1.4412083000061102: Video catchup needed, advancing self._nextFrameT from 0.32 to 0.36
19.3583 	WARNING 	1.4412267000006977: Video catchup needed, advancing self._nextFrameT from 0.36 to 0.39999999999999997
19.3583 	WARNING 	Max reportNDroppedFrames reached, will not log any more dropped frames
19.3962 	EXP 	window1: mouseVisible = True
19.4108 	EXP 	Created image_8 = ImageStim(__class__=<class 'psychopy.visual.image.ImageStim'>, anchor=('center', 'center'), autoLog=True, color=array([1., 1., 1.]), colorSpace='rgb', contrast=1.0, depth=-3.0, draggable=False, flipHoriz=False, flipVert=False, image='default.png', interpolate=True, mask=None, maskParams=None, name='image_8', opacity=1.0, ori=0.0, pos=array([0., 0.]), size=array([0.35, 0.35]), texRes=128.0, units='height', win=Window(...))
19.4112 	EXP 	Created unnamed MovieStim3 = MovieStim3(__class__=<class 'psychopy.visual.movie3.MovieStim3'>, anchor=('center', 'center'), autoLog=True, color=UNKNOWN, colorSpace=UNKNOWN, depth=0.0, filename='imgs/titanic_spanish.mp4', flipHoriz=False, flipVert=False, fps=UNKNOWN, interpolate=True, loop=False, name='unnamed MovieStim3', noAudio=False, opacity=1, ori=method-wrapper(...), pos=array([0., 0.]), size=None, units='pix', vframe_callback=UNKNOWN, volume=UNKNOWN, win=Window(...))
20.8764 	WARNING 	1.4652055999904405: Video catchup needed, advancing self._nextFrameT from 0.0 to 0.04
20.8764 	WARNING 	1.4652439999917988: Video catchup needed, advancing self._nextFrameT from 0.04 to 0.08
20.8764 	WARNING 	1.4652645000023767: Video catchup needed, advancing self._nextFrameT from 0.08 to 0.12
20.8765 	WARNING 	1.4652753999980632: Video catchup needed, advancing self._nextFrameT from 0.12 to 0.16
20.8765 	WARNING 	1.4652851999999257: Video catchup needed, advancing self._nextFrameT from 0.16 to 0.2
20.8765 	WARNING 	1.4652946999995038: Video catchup needed, advancing self._nextFrameT from 0.2 to 0.24000000000000002
20.8765 	WARNING 	1.4653045000013663: Video catchup needed, advancing self._nextFrameT from 0.24000000000000002 to 0.28
20.8765 	WARNING 	1.4653143999894382: Video catchup needed, advancing self._nextFrameT from 0.28 to 0.32
20.8765 	WARNING 	1.4653238000028068: Video catchup needed, advancing self._nextFrameT from 0.32 to 0.36
20.8765 	WARNING 	1.4653332000016235: Video catchup needed, advancing self._nextFrameT from 0.36 to 0.39999999999999997
20.8765 	WARNING 	Max reportNDroppedFrames reached, will not log any more dropped frames
20.9123 	EXP 	Created unnamed MovieStim3 = MovieStim3(__class__=<class 'psychopy.visual.movie3.MovieStim3'>, anchor=('center', 'center'), autoLog=True, color=UNKNOWN, colorSpace=UNKNOWN, depth=0.0, filename='imgs/titanic.mp4', flipHoriz=False, flipVert=False, fps=UNKNOWN, interpolate=True, loop=False, name='unnamed MovieStim3', noAudio=False, opacity=1, ori=method-wrapper(...), pos=array([  0., 100.]), size=None, units='pix', vframe_callback=UNKNOWN, volume=UNKNOWN, win=Window(...))
22.1183 	WARNING 	1.2059510000108276: Video catchup needed, advancing self._nextFrameT from 0.0 to 0.03336666666666667
22.1183 	WARNING 	1.2059891000099014: Video catchup needed, advancing self._nextFrameT from 0.03336666666666667 to 0.06673333333333334
22.1183 	WARNING 	1.2060024000093108: Video catchup needed, advancing self._nextFrameT from 0.06673333333333334 to 0.10010000000000001
22.1183 	WARNING 	1.2060142999980599: Video catchup needed, advancing self._nextFrameT from 0.10010000000000001 to 0.13346666666666668
22.1183 	WARNING 	1.2060268000059295: Video catchup needed, advancing self._nextFrameT from 0.13346666666666668 to 0.16683333333333333
22.1184 	WARNING 	1.2060365000070306: Video catchup needed, advancing self._nextFrameT from 0.16683333333333333 to 0.2002
22.1184 	WARNING 	1.206046300008893: Video catchup needed, advancing self._nextFrameT from 0.2002 to 0.23356666666666664
22.1184 	WARNING 	1.2060559000092326: Video catchup needed, advancing self._nextFrameT from 0.23356666666666664 to 0.2669333333333333
22.1184 	WARNING 	1.206065700011095: Video catchup needed, advancing self._nextFrameT from 0.2669333333333333 to 0.30029999999999996
22.1184 	WARNING 	1.2060756999999285: Video catchup needed, advancing self._nextFrameT from 0.30029999999999996 to 0.3336666666666666
22.1184 	WARNING 	Max reportNDroppedFrames reached, will not log any more dropped frames
22.1480 	EXP 	window1: mouseVisible = True
22.1602 	EXP 	Created image_9 = ImageStim(__class__=<class 'psychopy.visual.image.ImageStim'>, anchor=('center', 'center'), autoLog=True, color=array([1., 1., 1.]), colorSpace='rgb', contrast=1.0, depth=-4.0, draggable=False, flipHoriz=False, flipVert=False, image='default.png', interpolate=True, mask=None, maskParams=None, name='image_9', opacity=1.0, ori=0.0, pos=array([0., 0.]), size=array([0.35, 0.35]), texRes=128.0, units='height', win=Window(...))
22.1604 	EXP 	window1: mouseVisible = True
22.1754 	EXP 	Created text_4 = TextStim(__class__=<class 'psychopy.visual.text.TextStim'>, alignHoriz=method-wrapper(...), alignText='center', alignVert=method-wrapper(...), anchorHoriz='center', anchorVert='center', antialias=True, autoDraw=False, autoLog=True, bold=False, color=array([1., 1., 1.]), colorSpace='rgb', contrast=1.0, depth=0.0, draggable=False, flipHoriz=False, flipVert=False, font='Open Sans', fontFiles=[], height=0.05, italic=False, languageStyle='LTR', name='text_4', opacity=1.0, ori=0.0, pos=array([0., 0.]), rgb=UNKNOWN, text='¡Muchas gracias por participar!', units='height', win=Window(...), wrapWidth=1)
0.0039 	EXP 	unnamed MovieStim3: autoLog = True
0.0039 	EXP 	unnamed MovieStim3: movie = 'imgs/video_mar.mp4'
0.0039 	EXP 	unnamed MovieStim3: ori = 0.0
0.0039 	EXP 	unnamed MovieStim3: autoLog = True
0.0039 	EXP 	unnamed MovieStim3: movie = 'imgs/song_titanic.mp4'
0.0039 	EXP 	unnamed MovieStim3: ori = 0.0
0.0039 	EXP 	unnamed MovieStim3: autoLog = True
0.0039 	EXP 	unnamed MovieStim3: movie = 'imgs/titanic_spanish.mp4'
0.0039 	EXP 	unnamed MovieStim3: ori = 0.0
0.0039 	EXP 	unnamed MovieStim3: autoLog = True
0.0039 	EXP 	unnamed MovieStim3: movie = 'imgs/titanic_spanish.mp4'
0.0039 	EXP 	unnamed MovieStim3: ori = 0.0
0.0039 	EXP 	unnamed MovieStim3: autoLog = True
0.0039 	EXP 	unnamed MovieStim3: movie = 'imgs/titanic.mp4'
0.0039 	EXP 	unnamed MovieStim3: ori = 0.0
0.0039 	EXP 	unnamed MovieStim3: autoLog = True
0.0039 	EXP 	unnamed MovieStim3: movie = 'imgs/video_mar.mp4'
0.0039 	EXP 	unnamed MovieStim3: ori = 0.0
0.0039 	EXP 	unnamed MovieStim3: autoLog = True
0.0039 	EXP 	unnamed MovieStim3: movie = 'imgs/song_titanic.mp4'
0.0039 	EXP 	unnamed MovieStim3: ori = 0.0
0.0039 	EXP 	unnamed MovieStim3: autoLog = True
0.0039 	EXP 	unnamed MovieStim3: movie = 'imgs/titanic_spanish.mp4'
0.0039 	EXP 	unnamed MovieStim3: ori = 0.0
0.0039 	EXP 	unnamed MovieStim3: autoLog = True
0.0039 	EXP 	unnamed MovieStim3: movie = 'imgs/titanic_spanish.mp4'
0.0039 	EXP 	unnamed MovieStim3: ori = 0.0
0.0039 	EXP 	unnamed MovieStim3: autoLog = True
0.0039 	EXP 	unnamed MovieStim3: movie = 'imgs/titanic.mp4'
0.0039 	EXP 	unnamed MovieStim3: ori = 0.0
0.0263 	EXP 	image_5: autoDraw = True
0.0263 	EXP 	text_6: autoDraw = True
3.0312 	EXP 	image_5: autoDraw = False
3.0312 	EXP 	text_6: autoDraw = False
3.0312 	EXP 	text_5: autoDraw = True
5.3100 	DATA 	Mouse: Left button down, pos=(491,829)
5.4384 	DATA 	Mouse:  Left button up, pos=(491,829)
6.2096 	DATA 	Keypress: space
6.2172 	EXP 	text_5: autoDraw = False
6.2172 	EXP 	text_7: height = 0.05
6.2172 	EXP 	text_7: height = 0.05
6.2172 	EXP 	text_7: height = 0.05
6.2172 	EXP 	text_7: text = 'Ronda 1/4'
6.2172 	EXP 	text_7: autoDraw = True
8.2136 	EXP 	Imported imgs/iceberg_times.xlsx as conditions, 2 conditions, 3 params
8.2140 	EXP 	Created sequence: random, trialTypes=2, nReps=1, seed=None
8.2141 	EXP 	New trial (rep=0, index=0): {'timepresentation': 4, 'posx': -0.8, 'posy': 0.15}
8.2209 	EXP 	Sound  started
8.2212 	EXP 	New trial (rep=0, index=1): {'timepresentation': 11, 'posx': 0.7, 'posy': 0.1}
8.3048 	EXP 	Imported imgs/iceberg_times.xlsx as conditions, 2 conditions, 3 params
8.3052 	EXP 	Created sequence: random, trialTypes=2, nReps=1, seed=None
8.3053 	EXP 	New trial (rep=0, index=0): {'timepresentation': 11, 'posx': 0.7, 'posy': 0.1}
8.3115 	EXP 	Sound  started
8.3217 	EXP 	text_7: autoDraw = False
8.3217 	EXP 	image: image = 'imgs/iceberg.png'
8.3217 	EXP 	Set unnamed MovieStim3 playing
8.3217 	EXP 	image: autoDraw = False
8.3217 	EXP 	image: image = 'imgs/iceberg.png'
8.3217 	EXP 	image: autoDraw = False
8.3217 	EXP 	image_2: image = 'imgs/iceberg.png'
8.3217 	EXP 	Set unnamed MovieStim3 playing
19.2303 	EXP 	image_2: autoDraw = True
19.6980 	EXP 	New trial (rep=0, index=1): {'timepresentation': 4, 'posx': -0.8, 'posy': 0.15}
19.7064 	DATA 	Keypress: space
19.7153 	EXP 	image_2: autoDraw = False
19.7153 	EXP 	image_2: image = 'imgs/iceberg.png'
23.7111 	EXP 	image_2: autoDraw = True
24.1324 	EXP 	Sound  stopped
24.1404 	EXP 	Imported imgs/iceberg_times.xlsx as conditions, 2 conditions, 3 params
24.1407 	EXP 	Created sequence: random, trialTypes=2, nReps=1, seed=None
24.1409 	EXP 	New trial (rep=0, index=0): {'timepresentation': 11, 'posx': 0.7, 'posy': 0.1}
24.1409 	EXP 	Sound  started
24.1462 	EXP 	New trial (rep=0, index=1): {'timepresentation': 4, 'posx': -0.8, 'posy': 0.15}
24.1835 	EXP 	Sound  stopped
24.1926 	EXP 	Imported imgs/iceberg_times.xlsx as conditions, 2 conditions, 3 params
24.1929 	EXP 	Created sequence: random, trialTypes=2, nReps=1, seed=None
24.1930 	EXP 	New trial (rep=0, index=0): {'timepresentation': 5, 'posx': 0.9, 'posy': 0.1}
24.1931 	EXP 	Sound  started
24.1933 	EXP 	Sound  started
24.2001 	EXP 	New trial (rep=0, index=1): {'timepresentation': 10, 'posx': 0.5, 'posy': 0.1}
24.2324 	EXP 	Sound  stopped
24.2630 	EXP 	Sound  stopped
24.2719 	DATA 	Keypress: space
24.2758 	EXP 	image_2: autoDraw = False
24.2758 	EXP 	Set unnamed MovieStim3 stopped
24.2758 	EXP 	Set unnamed MovieStim3 playing
24.2758 	EXP 	image_3: image = 'imgs/iceberg.png'
24.2758 	EXP 	image_3: autoDraw = False
24.2758 	EXP 	image_3: image = 'imgs/iceberg.png'
24.2758 	EXP 	image_3: autoDraw = False
24.2758 	EXP 	Set unnamed MovieStim3 stopped
24.2758 	EXP 	Set unnamed MovieStim3 playing
24.2758 	EXP 	Set unnamed MovieStim3 playing
24.2758 	EXP 	image_4: image = 'imgs/iceberg.png'
24.2758 	EXP 	image_4: autoDraw = False
24.2758 	EXP 	image_4: image = 'imgs/iceberg.png'
24.2758 	EXP 	image_4: autoDraw = False
24.2758 	EXP 	Set unnamed MovieStim3 stopped
24.2758 	EXP 	Set unnamed MovieStim3 stopped
24.2758 	EXP 	text_8: height = 0.05
24.2758 	EXP 	text_8: height = 0.05
24.2758 	EXP 	text_8: height = 0.05
24.2758 	EXP 	text_8: text = 'Ronda 2/4'
24.2758 	EXP 	text_8: autoDraw = True
26.2810 	EXP 	Imported imgs/iceberg_times.xlsx as conditions, 2 conditions, 3 params
26.2814 	EXP 	Created sequence: random, trialTypes=2, nReps=1, seed=None
26.2816 	EXP 	New trial (rep=0, index=0): {'timepresentation': 11, 'posx': -0.7, 'posy': 0.15}
26.2882 	WARNING 	18.42723190000106: Video catchup needed, advancing self._nextFrameT from 16.23999999999983 to 16.27999999999983
26.2882 	WARNING 	18.42726009999751: Video catchup needed, advancing self._nextFrameT from 16.27999999999983 to 16.31999999999983
26.2882 	WARNING 	18.427273599998443: Video catchup needed, advancing self._nextFrameT from 16.31999999999983 to 16.35999999999983
26.2882 	WARNING 	18.427285400000983: Video catchup needed, advancing self._nextFrameT from 16.35999999999983 to 16.399999999999828
26.2882 	WARNING 	18.42729639999743: Video catchup needed, advancing self._nextFrameT from 16.399999999999828 to 16.439999999999827
26.2882 	WARNING 	18.427306800003862: Video catchup needed, advancing self._nextFrameT from 16.439999999999827 to 16.479999999999826
26.2882 	WARNING 	18.427317499998026: Video catchup needed, advancing self._nextFrameT from 16.479999999999826 to 16.519999999999825
26.2883 	WARNING 	18.427327900004457: Video catchup needed, advancing self._nextFrameT from 16.519999999999825 to 16.559999999999825
26.2883 	WARNING 	18.427338199995575: Video catchup needed, advancing self._nextFrameT from 16.559999999999825 to 16.599999999999824
26.2883 	WARNING 	18.427370100005646: Video catchup needed, advancing self._nextFrameT from 16.599999999999824 to 16.639999999999823
26.2883 	WARNING 	Max reportNDroppedFrames reached, will not log any more dropped frames
26.7659 	EXP 	text_8: autoDraw = False
26.7659 	EXP 	image_6: image = 'imgs/iceberg.png'
26.9225 	EXP 	Sound  stopped
27.0608 	EXP 	Sound  started
27.2003 	EXP 	Set unnamed MovieStim3 finished
37.2656 	EXP 	image_6: autoDraw = True
37.6933 	EXP 	New trial (rep=0, index=1): {'timepresentation': 14, 'posx': 0.9, 'posy': 0.1}
37.7037 	DATA 	Keypress: space
37.7125 	EXP 	image_6: autoDraw = False
37.7125 	EXP 	image_6: image = 'imgs/iceberg.png'
45.9142 	EXP 	Sound  stopped
46.0565 	EXP 	Sound  started
46.2063 	EXP 	Set unnamed MovieStim3 finished
51.6960 	EXP 	image_6: autoDraw = True
52.1809 	EXP 	Imported imgs/iceberg_times.xlsx as conditions, 2 conditions, 3 params
52.1812 	EXP 	Created sequence: random, trialTypes=2, nReps=1, seed=None
52.1814 	EXP 	New trial (rep=0, index=0): {'timepresentation': 11, 'posx': -0.7, 'posy': 0.15}
52.1888 	EXP 	New trial (rep=0, index=1): {'timepresentation': 14, 'posx': 0.9, 'posy': 0.1}
52.2033 	EXP 	Imported imgs/iceberg_times.xlsx as conditions, 2 conditions, 3 params
52.2037 	EXP 	Created sequence: random, trialTypes=2, nReps=1, seed=None
52.2038 	EXP 	New trial (rep=0, index=0): {'timepresentation': 11, 'posx': -0.7, 'posy': 0.15}
52.2097 	EXP 	New trial (rep=0, index=1): {'timepresentation': 14, 'posx': 0.9, 'posy': 0.1}
52.2248 	EXP 	Imported imgs/iceberg_times.xlsx as conditions, 2 conditions, 3 params
52.2252 	EXP 	Created sequence: random, trialTypes=2, nReps=1, seed=None
52.2253 	EXP 	New trial (rep=0, index=0): {'timepresentation': 3, 'posx': -0.5, 'posy': 0.15}
52.2314 	EXP 	New trial (rep=0, index=1): {'timepresentation': 4, 'posx': 0.9, 'posy': 0.1}
52.2388 	DATA 	Keypress: space
52.2456 	EXP 	image_6: autoDraw = False
52.2456 	EXP 	image_7: image = 'imgs/iceberg.png'
52.2456 	EXP 	image_7: autoDraw = False
52.2456 	EXP 	image_7: image = 'imgs/iceberg.png'
52.2456 	EXP 	image_7: autoDraw = False
52.2456 	EXP 	image_8: image = 'imgs/iceberg.png'
52.2456 	EXP 	image_8: autoDraw = False
52.2456 	EXP 	image_8: image = 'imgs/iceberg.png'
52.2456 	EXP 	image_8: autoDraw = False
52.2456 	EXP 	image_9: image = 'imgs/iceberg.png'
52.2456 	EXP 	image_9: autoDraw = False
52.2456 	EXP 	image_9: image = 'imgs/iceberg.png'
52.2456 	EXP 	image_9: autoDraw = False
52.2456 	EXP 	text_4: autoDraw = True
54.2490 	EXP 	text_4: autoDraw = False
54.2490 	EXP 	text_4: autoDraw = False
54.2492 	EXP 	tarea_iceberg: status = STOPPED
54.3937 	EXP 	window1: mouseVisible = True
