14.4370 	WARNING 	User requested fullscreen with size [1024  768], but screen is actually [1920, 1080]. Using actual size
15.1738 	EXP 	Created window1 = Window(allowGUI=True, allowStencil=False, autoLog=True, backendConf=UNKNOWN, backgroundFit=<method-wrapper '__getattribute__' of attributeSetter object at 0x0000027537543D00>, backgroundImage=<method-wrapper '__getattribute__' of attributeSetter object at 0x0000027537543CA0>, bitsMode=UNKNOWN, blendMode='avg', bpc=(8, 8, 8), color=array([0, 0, 0]), colorSpace='rgb', depthBits=8, fullscr=<method-wrapper '__getattribute__' of attributeSetter object at 0x0000027537543AC0>, gamma=None, gammaErrorPolicy='raise', lms=UNKNOWN, monitor=<psychopy.monitors.calibTools.Monitor object at 0x0000027537ACEC40>, multiSample=False, name='window1', numSamples=2, pos=(0, 0), screen=0, size=array([1920, 1080]), stencilBits=0, stereo=False, title='PsychoPy', units='height', useFBO=True, useRetina=False, viewOri=0.0, viewPos=None, viewScale=None, waitBlanking=True, winType='pyglet')
15.1740 	EXP 	window1: mouseVisible = True
15.1740 	EXP 	window1: backgroundImage = ''
15.1740 	EXP 	window1: backgroundFit = 'none'
15.1767 	EXP 	window1: Attempting to measure frame rate of screen (0) ...
15.1768 	EXP 	window1: recordFrameIntervals = False
15.3398 	EXP 	window1: recordFrameIntervals = True
15.5235 	EXP 	Screen (0) actual frame rate measured at 60.06Hz
15.5235 	EXP 	window1: recordFrameIntervals = False
15.5238 	EXP 	window1: mouseVisible = False
17.6159 	EXP 	tarea_iceberg: status = STARTED
17.6164 	EXP 	window1: mouseVisible = True
17.7187 	EXP 	Created text_5 = TextStim(__class__=<class 'psychopy.visual.text.TextStim'>, alignHoriz=method-wrapper(...), alignText='center', alignVert=method-wrapper(...), anchorHoriz='center', anchorVert='center', antialias=True, autoDraw=False, autoLog=True, bold=False, color=array([1., 1., 1.]), colorSpace='rgb', contrast=1.0, depth=0.0, draggable=False, flipHoriz=False, flipVert=False, font='Open Sans', fontFiles=[], height=0.05, italic=False, languageStyle='LTR', name='text_5', opacity=1.0, ori=0.0, pos=array([0., 0.]), rgb=UNKNOWN, text=str(...), units='height', win=Window(...), wrapWidth=1)
17.7188 	EXP 	window1: mouseVisible = True
17.7283 	EXP 	Created image = ImageStim(__class__=<class 'psychopy.visual.image.ImageStim'>, anchor=('center', 'center'), autoLog=True, color=array([1., 1., 1.]), colorSpace='rgb', contrast=1.0, depth=0.0, draggable=False, flipHoriz=False, flipVert=False, image='default.png', interpolate=True, mask=None, maskParams=None, name='image', opacity=1.0, ori=0.0, pos=array([0., 0.]), size=array([0.35, 0.35]), texRes=128.0, units='height', win=Window(...))
17.8667 	EXP 	Created unnamed MovieStim3 = MovieStim3(__class__=<class 'psychopy.visual.movie3.MovieStim3'>, anchor=('center', 'center'), autoLog=True, color=UNKNOWN, colorSpace=UNKNOWN, depth=0.0, filename='imgs/video_mar.mp4', flipHoriz=False, flipVert=False, fps=UNKNOWN, interpolate=True, loop=True, name='unnamed MovieStim3', noAudio=False, opacity=1, ori=method-wrapper(...), pos=array([0., 0.]), size=None, units='pix', vframe_callback=UNKNOWN, volume=UNKNOWN, win=Window(...))
18.9207 	WARNING 	1.0539912999956869: Video catchup needed, advancing self._nextFrameT from 0.0 to 0.04
18.9208 	WARNING 	1.0540381999890087: Video catchup needed, advancing self._nextFrameT from 0.04 to 0.08
18.9208 	WARNING 	1.0540493999869796: Video catchup needed, advancing self._nextFrameT from 0.08 to 0.12
18.9208 	WARNING 	1.054057899993495: Video catchup needed, advancing self._nextFrameT from 0.12 to 0.16
18.9208 	WARNING 	1.0540652999916347: Video catchup needed, advancing self._nextFrameT from 0.16 to 0.2
18.9208 	WARNING 	1.0540742999874055: Video catchup needed, advancing self._nextFrameT from 0.2 to 0.24000000000000002
18.9208 	WARNING 	1.054082099988591: Video catchup needed, advancing self._nextFrameT from 0.24000000000000002 to 0.28
18.9208 	WARNING 	1.0540898999897763: Video catchup needed, advancing self._nextFrameT from 0.28 to 0.32
18.9208 	WARNING 	1.0541020999953616: Video catchup needed, advancing self._nextFrameT from 0.32 to 0.36
18.9208 	WARNING 	1.0541106999880867: Video catchup needed, advancing self._nextFrameT from 0.36 to 0.39999999999999997
18.9208 	WARNING 	Max reportNDroppedFrames reached, will not log any more dropped frames
19.1676 	EXP 	window1: mouseVisible = True
19.1711 	EXP 	Created text = TextStim(__class__=<class 'psychopy.visual.text.TextStim'>, alignHoriz=method-wrapper(...), alignText='center', alignVert=method-wrapper(...), anchorHoriz='center', anchorVert='center', antialias=True, autoDraw=False, autoLog=True, bold=False, color=array([1., 1., 1.]), colorSpace='rgb', contrast=1.0, depth=0.0, draggable=False, flipHoriz=False, flipVert=False, font='Open Sans', fontFiles=[], height=0.05, italic=False, languageStyle='LTR', name='text', opacity=1.0, ori=0.0, pos=array([0., 0.]), rgb=UNKNOWN, text='¡Empezamos la segunda ronda!', units='height', win=Window(...), wrapWidth=1)
19.1713 	EXP 	window1: mouseVisible = True
19.1800 	EXP 	Created image_2 = ImageStim(__class__=<class 'psychopy.visual.image.ImageStim'>, anchor=('center', 'center'), autoLog=True, color=array([1., 1., 1.]), colorSpace='rgb', contrast=1.0, depth=0.0, draggable=False, flipHoriz=False, flipVert=False, image='default.png', interpolate=True, mask=None, maskParams=None, name='image_2', opacity=1.0, ori=0.0, pos=array([0., 0.]), size=array([0.35, 0.35]), texRes=128.0, units='height', win=Window(...))
19.1803 	EXP 	Created unnamed MovieStim3 = MovieStim3(__class__=<class 'psychopy.visual.movie3.MovieStim3'>, anchor=('center', 'center'), autoLog=True, color=UNKNOWN, colorSpace=UNKNOWN, depth=0.0, filename='imgs/song_titanic.mp4', flipHoriz=False, flipVert=False, fps=UNKNOWN, interpolate=True, loop=False, name='unnamed MovieStim3', noAudio=False, opacity=1, ori=method-wrapper(...), pos=array([0., 0.]), size=None, units='pix', vframe_callback=UNKNOWN, volume=UNKNOWN, win=Window(...))
19.9688 	WARNING 	0.7884461999929044: Video catchup needed, advancing self._nextFrameT from 0.0 to 0.041666666666666664
19.9688 	WARNING 	0.7884804999921471: Video catchup needed, advancing self._nextFrameT from 0.041666666666666664 to 0.08333333333333333
19.9688 	WARNING 	0.7884912000008626: Video catchup needed, advancing self._nextFrameT from 0.08333333333333333 to 0.125
19.9688 	WARNING 	0.7884999999951106: Video catchup needed, advancing self._nextFrameT from 0.125 to 0.16666666666666666
19.9688 	WARNING 	0.7885084000008646: Video catchup needed, advancing self._nextFrameT from 0.16666666666666666 to 0.20833333333333331
19.9688 	WARNING 	0.7885165999905439: Video catchup needed, advancing self._nextFrameT from 0.20833333333333331 to 0.24999999999999997
19.9688 	WARNING 	0.7885243999917293: Video catchup needed, advancing self._nextFrameT from 0.24999999999999997 to 0.29166666666666663
19.9688 	WARNING 	0.7885317999898689: Video catchup needed, advancing self._nextFrameT from 0.29166666666666663 to 0.3333333333333333
19.9688 	WARNING 	0.7885394999902928: Video catchup needed, advancing self._nextFrameT from 0.3333333333333333 to 0.375
19.9689 	WARNING 	0.7885470999899553: Video catchup needed, advancing self._nextFrameT from 0.375 to 0.4166666666666667
19.9689 	WARNING 	Max reportNDroppedFrames reached, will not log any more dropped frames
19.9913 	EXP 	window1: mouseVisible = True
19.9939 	EXP 	Created text_2 = TextStim(__class__=<class 'psychopy.visual.text.TextStim'>, alignHoriz=method-wrapper(...), alignText='center', alignVert=method-wrapper(...), anchorHoriz='center', anchorVert='center', antialias=True, autoDraw=False, autoLog=True, bold=False, color=array([1., 1., 1.]), colorSpace='rgb', contrast=1.0, depth=0.0, draggable=False, flipHoriz=False, flipVert=False, font='Open Sans', fontFiles=[], height=0.05, italic=False, languageStyle='LTR', name='text_2', opacity=1.0, ori=0.0, pos=array([0., 0.]), rgb=UNKNOWN, text='¡empezamos la tercera ronda!', units='height', win=Window(...), wrapWidth=1)
19.9941 	EXP 	Created unnamed MovieStim3 = MovieStim3(__class__=<class 'psychopy.visual.movie3.MovieStim3'>, anchor=('center', 'center'), autoLog=True, color=UNKNOWN, colorSpace=UNKNOWN, depth=0.0, filename='imgs/titanic.mp4', flipHoriz=False, flipVert=False, fps=UNKNOWN, interpolate=True, loop=False, name='unnamed MovieStim3', noAudio=False, opacity=1, ori=method-wrapper(...), pos=array([0., 0.]), size=None, units='pix', vframe_callback=UNKNOWN, volume=UNKNOWN, win=Window(...))
21.3598 	WARNING 	1.3656374999991385: Video catchup needed, advancing self._nextFrameT from 0.0 to 0.03336666666666667
21.3598 	WARNING 	1.3656726999906823: Video catchup needed, advancing self._nextFrameT from 0.03336666666666667 to 0.06673333333333334
21.3599 	WARNING 	1.365684100004728: Video catchup needed, advancing self._nextFrameT from 0.06673333333333334 to 0.10010000000000001
21.3599 	WARNING 	1.3656940999935614: Video catchup needed, advancing self._nextFrameT from 0.10010000000000001 to 0.13346666666666668
21.3599 	WARNING 	1.365703499992378: Video catchup needed, advancing self._nextFrameT from 0.13346666666666668 to 0.16683333333333333
21.3599 	WARNING 	1.3657128999911947: Video catchup needed, advancing self._nextFrameT from 0.16683333333333333 to 0.2002
21.3599 	WARNING 	1.365722000002279: Video catchup needed, advancing self._nextFrameT from 0.2002 to 0.23356666666666664
21.3599 	WARNING 	1.365730799996527: Video catchup needed, advancing self._nextFrameT from 0.23356666666666664 to 0.2669333333333333
21.3599 	WARNING 	1.3657401999953436: Video catchup needed, advancing self._nextFrameT from 0.2669333333333333 to 0.30029999999999996
21.3599 	WARNING 	1.3657490000041435: Video catchup needed, advancing self._nextFrameT from 0.30029999999999996 to 0.3336666666666666
21.3599 	WARNING 	Max reportNDroppedFrames reached, will not log any more dropped frames
21.3999 	EXP 	window1: mouseVisible = True
21.4084 	EXP 	Created image_3 = ImageStim(__class__=<class 'psychopy.visual.image.ImageStim'>, anchor=('center', 'center'), autoLog=True, color=array([1., 1., 1.]), colorSpace='rgb', contrast=1.0, depth=-2.0, draggable=False, flipHoriz=False, flipVert=False, image='default.png', interpolate=True, mask=None, maskParams=None, name='image_3', opacity=1.0, ori=0.0, pos=array([0., 0.]), size=array([0.35, 0.35]), texRes=128.0, units='height', win=Window(...))
21.4086 	EXP 	window1: mouseVisible = True
21.4123 	EXP 	Created text_3 = TextStim(__class__=<class 'psychopy.visual.text.TextStim'>, alignHoriz=method-wrapper(...), alignText='center', alignVert=method-wrapper(...), anchorHoriz='center', anchorVert='center', antialias=True, autoDraw=False, autoLog=True, bold=False, color=array([1., 1., 1.]), colorSpace='rgb', contrast=1.0, depth=0.0, draggable=False, flipHoriz=False, flipVert=False, font='Open Sans', fontFiles=[], height=0.05, italic=False, languageStyle='LTR', name='text_3', opacity=1.0, ori=0.0, pos=array([0., 0.]), rgb=UNKNOWN, text='¡última ronda!', units='height', win=Window(...), wrapWidth=1)
21.4126 	EXP 	Created unnamed MovieStim3 = MovieStim3(__class__=<class 'psychopy.visual.movie3.MovieStim3'>, anchor=('center', 'center'), autoLog=True, color=UNKNOWN, colorSpace=UNKNOWN, depth=0.0, filename='imgs/titanic.mp4', flipHoriz=False, flipVert=False, fps=UNKNOWN, interpolate=True, loop=False, name='unnamed MovieStim3', noAudio=False, opacity=1, ori=method-wrapper(...), pos=array([  0., 100.]), size=None, units='pix', vframe_callback=UNKNOWN, volume=UNKNOWN, win=Window(...))
22.6374 	WARNING 	1.22474200000579: Video catchup needed, advancing self._nextFrameT from 0.0 to 0.03336666666666667
22.6374 	WARNING 	1.2247762000042712: Video catchup needed, advancing self._nextFrameT from 0.03336666666666667 to 0.06673333333333334
22.6374 	WARNING 	1.2247879000060493: Video catchup needed, advancing self._nextFrameT from 0.06673333333333334 to 0.10010000000000001
22.6375 	WARNING 	1.2248018000100274: Video catchup needed, advancing self._nextFrameT from 0.10010000000000001 to 0.13346666666666668
22.6375 	WARNING 	1.2248102000012295: Video catchup needed, advancing self._nextFrameT from 0.13346666666666668 to 0.16683333333333333
22.6375 	WARNING 	1.2248285000096075: Video catchup needed, advancing self._nextFrameT from 0.16683333333333333 to 0.2002
22.6375 	WARNING 	1.2248380000091856: Video catchup needed, advancing self._nextFrameT from 0.2002 to 0.23356666666666664
22.6375 	WARNING 	1.224846900004195: Video catchup needed, advancing self._nextFrameT from 0.23356666666666664 to 0.2669333333333333
22.6375 	WARNING 	1.2248646000080043: Video catchup needed, advancing self._nextFrameT from 0.2669333333333333 to 0.30029999999999996
22.6375 	WARNING 	1.2248743000091054: Video catchup needed, advancing self._nextFrameT from 0.30029999999999996 to 0.3336666666666666
22.6375 	WARNING 	Max reportNDroppedFrames reached, will not log any more dropped frames
22.6665 	EXP 	window1: mouseVisible = True
22.6741 	EXP 	Created image_4 = ImageStim(__class__=<class 'psychopy.visual.image.ImageStim'>, anchor=('center', 'center'), autoLog=True, color=array([1., 1., 1.]), colorSpace='rgb', contrast=1.0, depth=-2.0, draggable=False, flipHoriz=False, flipVert=False, image='default.png', interpolate=True, mask=None, maskParams=None, name='image_4', opacity=1.0, ori=0.0, pos=array([0., 0.]), size=array([0.35, 0.35]), texRes=128.0, units='height', win=Window(...))
22.6742 	EXP 	window1: mouseVisible = True
22.6789 	EXP 	Created text_4 = TextStim(__class__=<class 'psychopy.visual.text.TextStim'>, alignHoriz=method-wrapper(...), alignText='center', alignVert=method-wrapper(...), anchorHoriz='center', anchorVert='center', antialias=True, autoDraw=False, autoLog=True, bold=False, color=array([1., 1., 1.]), colorSpace='rgb', contrast=1.0, depth=0.0, draggable=False, flipHoriz=False, flipVert=False, font='Open Sans', fontFiles=[], height=0.05, italic=False, languageStyle='LTR', name='text_4', opacity=1.0, ori=0.0, pos=array([0., 0.]), rgb=UNKNOWN, text='¡Muchas gracias por participar!', units='height', win=Window(...), wrapWidth=1)
0.0020 	EXP 	unnamed MovieStim3: autoLog = True
0.0020 	EXP 	unnamed MovieStim3: movie = 'imgs/video_mar.mp4'
0.0020 	EXP 	unnamed MovieStim3: ori = 0.0
0.0020 	EXP 	unnamed MovieStim3: autoLog = True
0.0020 	EXP 	unnamed MovieStim3: movie = 'imgs/song_titanic.mp4'
0.0020 	EXP 	unnamed MovieStim3: ori = 0.0
0.0020 	EXP 	unnamed MovieStim3: autoLog = True
0.0020 	EXP 	unnamed MovieStim3: movie = 'imgs/titanic.mp4'
0.0020 	EXP 	unnamed MovieStim3: ori = 0.0
0.0020 	EXP 	unnamed MovieStim3: autoLog = True
0.0020 	EXP 	unnamed MovieStim3: movie = 'imgs/titanic.mp4'
0.0020 	EXP 	unnamed MovieStim3: ori = 0.0
0.0046 	EXP 	text_5: autoDraw = True
4.1806 	EXP 	Imported imgs/iceberg_times.xlsx as conditions, 8 conditions, 3 params
4.1809 	EXP 	Created sequence: random, trialTypes=8, nReps=1, seed=None
4.1810 	EXP 	New trial (rep=0, index=0): {'timepresentation': 8, 'posx': -0.8, 'posy': 0.15}
4.1859 	EXP 	Sound  started
4.1892 	DATA 	Keypress: space
4.1948 	EXP 	text_5: autoDraw = False
4.1948 	EXP 	image: image = 'imgs/iceberg.png'
4.1948 	EXP 	Set unnamed MovieStim3 playing
12.2045 	EXP 	image: autoDraw = True
12.7398 	DATA 	Keypress: space
12.7472 	EXP 	New trial (rep=0, index=1): {'timepresentation': 10, 'posx': -0.8, 'posy': 0.15}
12.7593 	EXP 	image: autoDraw = False
12.7593 	EXP 	image: image = 'imgs/iceberg.png'
22.2276 	EXP 	Sound  stopped
22.3798 	EXP 	Sound  started
22.3798 	WARNING 	0.16773449999163859: Video catchup needed, advancing self._nextFrameT from 0.0 to 0.04
22.3798 	WARNING 	0.16775499998766463: Video catchup needed, advancing self._nextFrameT from 0.04 to 0.08
22.3798 	WARNING 	0.16776389999722596: Video catchup needed, advancing self._nextFrameT from 0.08 to 0.12
22.5013 	EXP 	Set unnamed MovieStim3 finished
22.5016 	WARNING 	0.28951869999582414: Video catchup needed, advancing self._nextFrameT from 0.16 to 0.2
22.5016 	WARNING 	0.2895414999948116: Video catchup needed, advancing self._nextFrameT from 0.2 to 0.24000000000000002
22.7671 	EXP 	image: autoDraw = True
23.3635 	EXP 	New trial (rep=0, index=2): {'timepresentation': 7, 'posx': -0.8, 'posy': 0.15}
23.3706 	DATA 	Keypress: space
23.3783 	EXP 	image: autoDraw = False
23.3783 	EXP 	image: image = 'imgs/iceberg.png'
30.3839 	EXP 	image: autoDraw = True
30.8074 	EXP 	New trial (rep=0, index=3): {'timepresentation': 5, 'posx': -0.8, 'posy': 0.15}
30.8135 	DATA 	Keypress: space
30.8247 	EXP 	image: autoDraw = False
30.8247 	EXP 	image: image = 'imgs/iceberg.png'
35.8192 	EXP 	image: autoDraw = True
36.2914 	DATA 	Keypress: space
36.2990 	EXP 	New trial (rep=0, index=4): {'timepresentation': 3, 'posx': -0.8, 'posy': 0.15}
36.3297 	EXP 	image: autoDraw = False
36.3297 	EXP 	image: image = 'imgs/iceberg.png'
39.3012 	EXP 	image: autoDraw = True
39.7744 	EXP 	New trial (rep=0, index=5): {'timepresentation': 6, 'posx': -0.8, 'posy': 0.15}
39.7813 	DATA 	Keypress: space
39.7892 	EXP 	image: autoDraw = False
39.7892 	EXP 	image: image = 'imgs/iceberg.png'
41.2170 	EXP 	Sound  stopped
41.3873 	EXP 	Sound  started
41.3874 	WARNING 	0.18692000000737607: Video catchup needed, advancing self._nextFrameT from 0.0 to 0.04
41.3874 	WARNING 	0.18693770001118537: Video catchup needed, advancing self._nextFrameT from 0.04 to 0.08
41.3874 	WARNING 	0.1869464000046719: Video catchup needed, advancing self._nextFrameT from 0.08 to 0.12
41.5183 	EXP 	Set unnamed MovieStim3 finished
41.5186 	WARNING 	0.31812820000050124: Video catchup needed, advancing self._nextFrameT from 0.16 to 0.2
41.5186 	WARNING 	0.3181600000098115: Video catchup needed, advancing self._nextFrameT from 0.2 to 0.24000000000000002
41.5186 	WARNING 	Max reportNDroppedFrames reached, will not log any more dropped frames
45.7633 	EXP 	image: autoDraw = True
46.1986 	DATA 	Keypress: space
46.2055 	EXP 	New trial (rep=0, index=6): {'timepresentation': 9, 'posx': -0.8, 'posy': 0.15}
46.2376 	EXP 	image: autoDraw = False
46.2376 	EXP 	image: image = 'imgs/iceberg.png'
55.2071 	EXP 	image: autoDraw = True
55.7506 	DATA 	Keypress: space
55.7591 	EXP 	New trial (rep=0, index=7): {'timepresentation': 4, 'posx': -0.8, 'posy': 0.15}
55.7758 	EXP 	image: autoDraw = False
55.7758 	EXP 	image: image = 'imgs/iceberg.png'
59.7718 	EXP 	image: autoDraw = True
60.1871 	DATA 	Keypress: space
60.1929 	EXP 	image: autoDraw = False
60.1929 	EXP 	text: autoDraw = True
61.1022 	DATA 	Keypress: escape
61.1926 	EXP 	Imported imgs/iceberg_times.xlsx as conditions, 5 conditions, 3 params
61.1929 	EXP 	Created sequence: random, trialTypes=5, nReps=1, seed=None
61.1930 	EXP 	New trial (rep=0, index=0): {'timepresentation': 11, 'posx': 0.5, 'posy': 0.1}
61.1981 	EXP 	Sound  started
61.1982 	EXP 	Sound  stopped
61.3505 	EXP 	Sound  started
61.4631 	EXP 	tarea_iceberg: status = STOPPED
61.4706 	EXP 	text: autoDraw = False
61.4706 	EXP 	text: autoDraw = False
61.4706 	EXP 	image_2: image = 'imgs/iceberg.png'
61.4706 	EXP 	Set unnamed MovieStim3 playing
61.4706 	EXP 	Set unnamed MovieStim3 finished
61.4707 	EXP 	tarea_iceberg: status = STOPPED
61.6765 	EXP 	window1: mouseVisible = True
