13.1816 	WARNING 	User requested fullscreen with size [1536  864], but screen is actually [1920, 1080]. Using actual size
13.7404 	EXP 	Created window1 = Window(allowGUI=True, allowStencil=False, autoLog=True, backendConf=UNKNOWN, backgroundFit=<method-wrapper '__getattribute__' of attributeSetter object at 0x000001B1288C3C40>, backgroundImage=<method-wrapper '__getattribute__' of attributeSetter object at 0x000001B1288C3BE0>, bitsMode=UNKNOWN, blendMode='avg', bpc=(8, 8, 8), color=array([0, 0, 0]), colorSpace='rgb', depthBits=8, fullscr=<method-wrapper '__getattribute__' of attributeSetter object at 0x000001B1288C3A00>, gamma=None, gammaErrorPolicy='raise', lms=UNKNOWN, monitor=<psychopy.monitors.calibTools.Monitor object at 0x000001B128D12070>, multiSample=False, name='window1', numSamples=2, pos=(1920, 789), screen=0, size=array([1920, 1080]), stencilBits=0, stereo=False, title='PsychoPy', units='height', useFBO=True, useRetina=False, viewOri=0.0, viewPos=None, viewScale=None, waitBlanking=True, winType='pyglet')
13.7405 	EXP 	window1: mouseVisible = True
13.7406 	EXP 	window1: backgroundImage = ''
13.7406 	EXP 	window1: backgroundFit = 'none'
13.7418 	EXP 	window1: Attempting to measure frame rate of screen (0) ...
13.7418 	EXP 	window1: recordFrameIntervals = False
13.9070 	EXP 	window1: recordFrameIntervals = True
14.0910 	EXP 	Screen (0) actual frame rate measured at 59.89Hz
14.0911 	EXP 	window1: recordFrameIntervals = False
14.0915 	EXP 	window1: mouseVisible = False
15.7614 	EXP 	tarea_iceberg: status = STARTED
15.7616 	EXP 	window1: mouseVisible = True
15.7620 	WARNING 	Requested image 'imgs/logo_OB.jpeg' not found but similar filename 'imgs/logo_OB.png' exists. This will be used instead but changing the filename is advised.
15.7669 	WARNING 	Requested image 'imgs/logo_OB.jpeg' not found but similar filename 'imgs/logo_OB.png' exists. This will be used instead but changing the filename is advised.
15.7703 	WARNING 	Requested image 'imgs/logo_OB.jpeg' not found but similar filename 'imgs/logo_OB.png' exists. This will be used instead but changing the filename is advised.
15.7736 	WARNING 	Requested image 'imgs/logo_OB.jpeg' not found but similar filename 'imgs/logo_OB.png' exists. This will be used instead but changing the filename is advised.
15.7774 	EXP 	Created image_5 = ImageStim(__class__=<class 'psychopy.visual.image.ImageStim'>, anchor=('center', 'center'), autoLog=True, color=array([1., 1., 1.]), colorSpace='rgb', contrast=1.0, depth=0.0, draggable=False, flipHoriz=False, flipVert=False, image='imgs/logo_OB.jpeg', interpolate=True, mask=None, maskParams=None, name='image_5', opacity=1.0, ori=0.0, pos=array([0., 0.]), size=array([0.6, 0.7]), texRes=128.0, units='height', win=Window(...))
15.7776 	EXP 	window1: mouseVisible = True
15.8330 	EXP 	Created text_6 = TextStim(__class__=<class 'psychopy.visual.text.TextStim'>, alignHoriz=method-wrapper(...), alignText='center', alignVert=method-wrapper(...), anchorHoriz='center', anchorVert='center', antialias=True, autoDraw=False, autoLog=True, bold=False, color=array([1., 1., 1.]), colorSpace='rgb', contrast=1.0, depth=-1.0, draggable=False, flipHoriz=False, flipVert=False, font='Open Sans', fontFiles=[], height=0.04, italic=False, languageStyle='LTR', name='text_6', opacity=1.0, ori=0.0, pos=array([ 0.  , -0.35]), rgb=UNKNOWN, text='¡Bienvenido a un experimento de Open Brains!', units='height', win=Window(...), wrapWidth=1)
15.8331 	EXP 	window1: mouseVisible = True
15.8494 	EXP 	Created text_5 = TextStim(__class__=<class 'psychopy.visual.text.TextStim'>, alignHoriz=method-wrapper(...), alignText='center', alignVert=method-wrapper(...), anchorHoriz='center', anchorVert='center', antialias=True, autoDraw=False, autoLog=True, bold=False, color=array([1., 1., 1.]), colorSpace='rgb', contrast=1.0, depth=0.0, draggable=False, flipHoriz=False, flipVert=False, font='Open Sans', fontFiles=[], height=0.035, italic=False, languageStyle='LTR', name='text_5', opacity=1.0, ori=0.0, pos=array([0., 0.]), rgb=UNKNOWN, text=str(...), units='height', win=Window(...), wrapWidth=1)
15.8496 	EXP 	window1: mouseVisible = True
15.8506 	EXP 	Created text_7 = TextStim(__class__=<class 'psychopy.visual.text.TextStim'>, alignHoriz=method-wrapper(...), alignText='center', alignVert=method-wrapper(...), anchorHoriz='center', anchorVert='center', antialias=True, autoDraw=False, autoLog=True, bold=False, color=array([1., 1., 1.]), colorSpace='rgb', contrast=1.0, depth=0.0, draggable=False, flipHoriz=False, flipVert=False, font='Open Sans', fontFiles=[], height=0.05, italic=False, languageStyle='LTR', name='text_7', opacity=1.0, ori=0.0, pos=array([0., 0.]), rgb=UNKNOWN, text='', units='height', win=Window(...), wrapWidth=1)
15.8507 	EXP 	window1: mouseVisible = True
15.8582 	EXP 	Created image = ImageStim(__class__=<class 'psychopy.visual.image.ImageStim'>, anchor=('center', 'center'), autoLog=True, color=array([1., 1., 1.]), colorSpace='rgb', contrast=1.0, depth=-1.0, draggable=False, flipHoriz=False, flipVert=False, image='default.png', interpolate=True, mask=None, maskParams=None, name='image', opacity=1.0, ori=0.0, pos=array([0., 0.]), size=array([0.35, 0.35]), texRes=128.0, units='height', win=Window(...))
15.9559 	EXP 	Created unnamed MovieStim3 = MovieStim3(__class__=<class 'psychopy.visual.movie3.MovieStim3'>, anchor=('center', 'center'), autoLog=True, color=UNKNOWN, colorSpace=UNKNOWN, depth=0.0, filename='imgs/video_mar_luis.mp4', flipHoriz=False, flipVert=False, fps=UNKNOWN, interpolate=True, loop=True, name='unnamed MovieStim3', noAudio=False, opacity=1, ori=method-wrapper(...), pos=array([0., 0.]), size=None, units='pix', vframe_callback=UNKNOWN, volume=UNKNOWN, win=Window(...))
17.1277 	WARNING 	1.17179519997444: Video catchup needed, advancing self._nextFrameT from 0.0 to 0.03333333333333333
17.1277 	WARNING 	1.171827399986796: Video catchup needed, advancing self._nextFrameT from 0.03333333333333333 to 0.06666666666666667
17.1277 	WARNING 	1.171836799941957: Video catchup needed, advancing self._nextFrameT from 0.06666666666666667 to 0.1
17.1277 	WARNING 	1.1718451000051573: Video catchup needed, advancing self._nextFrameT from 0.1 to 0.13333333333333333
17.1277 	WARNING 	1.171852899948135: Video catchup needed, advancing self._nextFrameT from 0.13333333333333333 to 0.16666666666666666
17.1277 	WARNING 	1.1718604000052437: Video catchup needed, advancing self._nextFrameT from 0.16666666666666666 to 0.19999999999999998
17.1278 	WARNING 	1.17186809994746: Video catchup needed, advancing self._nextFrameT from 0.19999999999999998 to 0.2333333333333333
17.1278 	WARNING 	1.1718788999132812: Video catchup needed, advancing self._nextFrameT from 0.2333333333333333 to 0.26666666666666666
17.1278 	WARNING 	1.1718894999939948: Video catchup needed, advancing self._nextFrameT from 0.26666666666666666 to 0.3
17.1278 	WARNING 	1.1718981999438256: Video catchup needed, advancing self._nextFrameT from 0.3 to 0.3333333333333333
17.1278 	WARNING 	Max reportNDroppedFrames reached, will not log any more dropped frames
17.4123 	EXP 	window1: mouseVisible = True
17.4209 	EXP 	Created image_2 = ImageStim(__class__=<class 'psychopy.visual.image.ImageStim'>, anchor=('center', 'center'), autoLog=True, color=array([1., 1., 1.]), colorSpace='rgb', contrast=1.0, depth=-1.0, draggable=False, flipHoriz=False, flipVert=False, image='default.png', interpolate=True, mask=None, maskParams=None, name='image_2', opacity=1.0, ori=0.0, pos=array([0., 0.]), size=array([0.35, 0.35]), texRes=128.0, units='height', win=Window(...))
17.4211 	EXP 	Created unnamed MovieStim3 = MovieStim3(__class__=<class 'psychopy.visual.movie3.MovieStim3'>, anchor=('center', 'center'), autoLog=True, color=UNKNOWN, colorSpace=UNKNOWN, depth=0.0, filename='imgs/song_titanic.mp4', flipHoriz=False, flipVert=False, fps=UNKNOWN, interpolate=True, loop=False, name='unnamed MovieStim3', noAudio=False, opacity=1, ori=method-wrapper(...), pos=array([0., 0.]), size=None, units='pix', vframe_callback=UNKNOWN, volume=UNKNOWN, win=Window(...))
18.1337 	WARNING 	0.7125379999633878: Video catchup needed, advancing self._nextFrameT from 0.0 to 0.041666666666666664
18.1337 	WARNING 	0.7125682999612764: Video catchup needed, advancing self._nextFrameT from 0.041666666666666664 to 0.08333333333333333
18.1337 	WARNING 	0.7125782000366598: Video catchup needed, advancing self._nextFrameT from 0.08333333333333333 to 0.125
18.1337 	WARNING 	0.7125868999864906: Video catchup needed, advancing self._nextFrameT from 0.125 to 0.16666666666666666
18.1337 	WARNING 	0.7125949000474066: Video catchup needed, advancing self._nextFrameT from 0.16666666666666666 to 0.20833333333333331
18.1338 	WARNING 	0.712603299994953: Video catchup needed, advancing self._nextFrameT from 0.20833333333333331 to 0.24999999999999997
18.1338 	WARNING 	0.7126117000589147: Video catchup needed, advancing self._nextFrameT from 0.24999999999999997 to 0.29166666666666663
18.1338 	WARNING 	0.7126201000064611: Video catchup needed, advancing self._nextFrameT from 0.29166666666666663 to 0.3333333333333333
18.1338 	WARNING 	0.7126279000658542: Video catchup needed, advancing self._nextFrameT from 0.3333333333333333 to 0.375
18.1338 	WARNING 	0.7126356000080705: Video catchup needed, advancing self._nextFrameT from 0.375 to 0.4166666666666667
18.1338 	WARNING 	Max reportNDroppedFrames reached, will not log any more dropped frames
18.1463 	EXP 	Created unnamed MovieStim3 = MovieStim3(__class__=<class 'psychopy.visual.movie3.MovieStim3'>, anchor=('center', 'center'), autoLog=True, color=UNKNOWN, colorSpace=UNKNOWN, depth=0.0, filename='imgs/titanic_spanish.mp4', flipHoriz=False, flipVert=False, fps=UNKNOWN, interpolate=True, loop=False, name='unnamed MovieStim3', noAudio=False, opacity=1, ori=method-wrapper(...), pos=array([0., 0.]), size=None, units='pix', vframe_callback=UNKNOWN, volume=UNKNOWN, win=Window(...))
19.3609 	WARNING 	1.2145358000416309: Video catchup needed, advancing self._nextFrameT from 0.0 to 0.04
19.3609 	WARNING 	1.2145656000357121: Video catchup needed, advancing self._nextFrameT from 0.04 to 0.08
19.3609 	WARNING 	1.2145755999954417: Video catchup needed, advancing self._nextFrameT from 0.08 to 0.12
19.3609 	WARNING 	1.2145848999498412: Video catchup needed, advancing self._nextFrameT from 0.12 to 0.16
19.3609 	WARNING 	1.2145926000084728: Video catchup needed, advancing self._nextFrameT from 0.16 to 0.2
19.3609 	WARNING 	1.2145998999476433: Video catchup needed, advancing self._nextFrameT from 0.2 to 0.24000000000000002
19.3609 	WARNING 	1.2146093000192195: Video catchup needed, advancing self._nextFrameT from 0.24000000000000002 to 0.28
19.3609 	WARNING 	1.2146172999637201: Video catchup needed, advancing self._nextFrameT from 0.28 to 0.32
19.3609 	WARNING 	1.2146247000200674: Video catchup needed, advancing self._nextFrameT from 0.32 to 0.36
19.3609 	WARNING 	1.2146320999599993: Video catchup needed, advancing self._nextFrameT from 0.36 to 0.39999999999999997
19.3609 	WARNING 	Max reportNDroppedFrames reached, will not log any more dropped frames
19.3897 	EXP 	window1: mouseVisible = True
19.3982 	EXP 	Created image_3 = ImageStim(__class__=<class 'psychopy.visual.image.ImageStim'>, anchor=('center', 'center'), autoLog=True, color=array([1., 1., 1.]), colorSpace='rgb', contrast=1.0, depth=-3.0, draggable=False, flipHoriz=False, flipVert=False, image='default.png', interpolate=True, mask=None, maskParams=None, name='image_3', opacity=1.0, ori=0.0, pos=array([0., 0.]), size=array([0.35, 0.35]), texRes=128.0, units='height', win=Window(...))
19.3984 	EXP 	Created unnamed MovieStim3 = MovieStim3(__class__=<class 'psychopy.visual.movie3.MovieStim3'>, anchor=('center', 'center'), autoLog=True, color=UNKNOWN, colorSpace=UNKNOWN, depth=0.0, filename='imgs/titanic_spanish.mp4', flipHoriz=False, flipVert=False, fps=UNKNOWN, interpolate=True, loop=False, name='unnamed MovieStim3', noAudio=False, opacity=1, ori=method-wrapper(...), pos=array([0., 0.]), size=None, units='pix', vframe_callback=UNKNOWN, volume=UNKNOWN, win=Window(...))
20.5476 	WARNING 	1.1492118999594823: Video catchup needed, advancing self._nextFrameT from 0.0 to 0.04
20.5477 	WARNING 	1.1492422999581322: Video catchup needed, advancing self._nextFrameT from 0.04 to 0.08
20.5477 	WARNING 	1.1492526000365615: Video catchup needed, advancing self._nextFrameT from 0.08 to 0.12
20.5477 	WARNING 	1.1492611999856308: Video catchup needed, advancing self._nextFrameT from 0.12 to 0.16
20.5477 	WARNING 	1.1492690000450239: Video catchup needed, advancing self._nextFrameT from 0.16 to 0.2
20.5477 	WARNING 	1.149277099990286: Video catchup needed, advancing self._nextFrameT from 0.2 to 0.24000000000000002
20.5477 	WARNING 	1.1492875000694767: Video catchup needed, advancing self._nextFrameT from 0.24000000000000002 to 0.28
20.5477 	WARNING 	1.1492955000139773: Video catchup needed, advancing self._nextFrameT from 0.28 to 0.32
20.5477 	WARNING 	1.1493032000726089: Video catchup needed, advancing self._nextFrameT from 0.32 to 0.36
20.5477 	WARNING 	1.1493107000133023: Video catchup needed, advancing self._nextFrameT from 0.36 to 0.39999999999999997
20.5477 	WARNING 	Max reportNDroppedFrames reached, will not log any more dropped frames
20.5730 	EXP 	Created unnamed MovieStim3 = MovieStim3(__class__=<class 'psychopy.visual.movie3.MovieStim3'>, anchor=('center', 'center'), autoLog=True, color=UNKNOWN, colorSpace=UNKNOWN, depth=0.0, filename='imgs/titanic.mp4', flipHoriz=False, flipVert=False, fps=UNKNOWN, interpolate=True, loop=False, name='unnamed MovieStim3', noAudio=False, opacity=1, ori=method-wrapper(...), pos=array([   0., -100.]), size=None, units='pix', vframe_callback=UNKNOWN, volume=UNKNOWN, win=Window(...))
21.6542 	WARNING 	1.0811489999759942: Video catchup needed, advancing self._nextFrameT from 0.0 to 0.03336666666666667
21.6542 	WARNING 	1.0811894000507891: Video catchup needed, advancing self._nextFrameT from 0.03336666666666667 to 0.06673333333333334
21.6542 	WARNING 	1.0812002000166103: Video catchup needed, advancing self._nextFrameT from 0.06673333333333334 to 0.10010000000000001
21.6542 	WARNING 	1.0812091999687254: Video catchup needed, advancing self._nextFrameT from 0.10010000000000001 to 0.13346666666666668
21.6542 	WARNING 	1.0812179000349715: Video catchup needed, advancing self._nextFrameT from 0.13346666666666668 to 0.16683333333333333
21.6542 	WARNING 	1.0812259999802336: Video catchup needed, advancing self._nextFrameT from 0.16683333333333333 to 0.2002
21.6542 	WARNING 	1.0812338000396267: Video catchup needed, advancing self._nextFrameT from 0.2002 to 0.23356666666666664
21.6543 	WARNING 	1.0812415999826044: Video catchup needed, advancing self._nextFrameT from 0.23356666666666664 to 0.2669333333333333
21.6543 	WARNING 	1.0812496000435203: Video catchup needed, advancing self._nextFrameT from 0.2669333333333333 to 0.30029999999999996
21.6543 	WARNING 	1.0812572999857366: Video catchup needed, advancing self._nextFrameT from 0.30029999999999996 to 0.3336666666666666
21.6543 	WARNING 	Max reportNDroppedFrames reached, will not log any more dropped frames
21.6789 	EXP 	window1: mouseVisible = True
21.6869 	EXP 	Created image_4 = ImageStim(__class__=<class 'psychopy.visual.image.ImageStim'>, anchor=('center', 'center'), autoLog=True, color=array([1., 1., 1.]), colorSpace='rgb', contrast=1.0, depth=-4.0, draggable=False, flipHoriz=False, flipVert=False, image='default.png', interpolate=True, mask=None, maskParams=None, name='image_4', opacity=1.0, ori=0.0, pos=array([0., 0.]), size=array([0.35, 0.35]), texRes=128.0, units='height', win=Window(...))
21.6870 	EXP 	window1: mouseVisible = True
21.6877 	EXP 	Created text_8 = TextStim(__class__=<class 'psychopy.visual.text.TextStim'>, alignHoriz=method-wrapper(...), alignText='center', alignVert=method-wrapper(...), anchorHoriz='center', anchorVert='center', antialias=True, autoDraw=False, autoLog=True, bold=False, color=array([1., 1., 1.]), colorSpace='rgb', contrast=1.0, depth=0.0, draggable=False, flipHoriz=False, flipVert=False, font='Open Sans', fontFiles=[], height=0.05, italic=False, languageStyle='LTR', name='text_8', opacity=1.0, ori=0.0, pos=array([0., 0.]), rgb=UNKNOWN, text='', units='height', win=Window(...), wrapWidth=1)
21.6878 	EXP 	window1: mouseVisible = True
21.6950 	EXP 	Created image_6 = ImageStim(__class__=<class 'psychopy.visual.image.ImageStim'>, anchor=('center', 'center'), autoLog=True, color=array([1., 1., 1.]), colorSpace='rgb', contrast=1.0, depth=-1.0, draggable=False, flipHoriz=False, flipVert=False, image='default.png', interpolate=True, mask=None, maskParams=None, name='image_6', opacity=1.0, ori=0.0, pos=array([0., 0.]), size=array([0.35, 0.35]), texRes=128.0, units='height', win=Window(...))
21.6953 	EXP 	Created unnamed MovieStim3 = MovieStim3(__class__=<class 'psychopy.visual.movie3.MovieStim3'>, anchor=('center', 'center'), autoLog=True, color=UNKNOWN, colorSpace=UNKNOWN, depth=0.0, filename='imgs/video_mar_luis.mp4', flipHoriz=False, flipVert=False, fps=UNKNOWN, interpolate=True, loop=True, name='unnamed MovieStim3', noAudio=False, opacity=1, ori=method-wrapper(...), pos=array([0., 0.]), size=None, units='pix', vframe_callback=UNKNOWN, volume=UNKNOWN, win=Window(...))
22.2275 	WARNING 	0.532086200080812: Video catchup needed, advancing self._nextFrameT from 0.0 to 0.03333333333333333
22.2275 	WARNING 	0.5321690000128001: Video catchup needed, advancing self._nextFrameT from 0.03333333333333333 to 0.06666666666666667
22.2275 	WARNING 	0.5321816999930888: Video catchup needed, advancing self._nextFrameT from 0.06666666666666667 to 0.1
22.2275 	WARNING 	0.5321916000684723: Video catchup needed, advancing self._nextFrameT from 0.1 to 0.13333333333333333
22.2275 	WARNING 	0.5322011000243947: Video catchup needed, advancing self._nextFrameT from 0.13333333333333333 to 0.16666666666666666
22.2275 	WARNING 	0.5322108000982553: Video catchup needed, advancing self._nextFrameT from 0.16666666666666666 to 0.19999999999999998
22.2276 	WARNING 	0.5322208000579849: Video catchup needed, advancing self._nextFrameT from 0.19999999999999998 to 0.2333333333333333
22.2276 	WARNING 	0.5322308000177145: Video catchup needed, advancing self._nextFrameT from 0.2333333333333333 to 0.26666666666666666
22.2276 	WARNING 	0.5322398000862449: Video catchup needed, advancing self._nextFrameT from 0.26666666666666666 to 0.3
22.2276 	WARNING 	0.5322493000421673: Video catchup needed, advancing self._nextFrameT from 0.3 to 0.3333333333333333
22.2276 	WARNING 	Max reportNDroppedFrames reached, will not log any more dropped frames
22.3640 	EXP 	window1: mouseVisible = True
22.3727 	EXP 	Created image_7 = ImageStim(__class__=<class 'psychopy.visual.image.ImageStim'>, anchor=('center', 'center'), autoLog=True, color=array([1., 1., 1.]), colorSpace='rgb', contrast=1.0, depth=-1.0, draggable=False, flipHoriz=False, flipVert=False, image='default.png', interpolate=True, mask=None, maskParams=None, name='image_7', opacity=1.0, ori=0.0, pos=array([0., 0.]), size=array([0.35, 0.35]), texRes=128.0, units='height', win=Window(...))
22.3729 	EXP 	Created unnamed MovieStim3 = MovieStim3(__class__=<class 'psychopy.visual.movie3.MovieStim3'>, anchor=('center', 'center'), autoLog=True, color=UNKNOWN, colorSpace=UNKNOWN, depth=0.0, filename='imgs/song_titanic.mp4', flipHoriz=False, flipVert=False, fps=UNKNOWN, interpolate=True, loop=False, name='unnamed MovieStim3', noAudio=False, opacity=1, ori=method-wrapper(...), pos=array([0., 0.]), size=None, units='pix', vframe_callback=UNKNOWN, volume=UNKNOWN, win=Window(...))
23.1098 	WARNING 	0.7368171000853181: Video catchup needed, advancing self._nextFrameT from 0.0 to 0.041666666666666664
23.1098 	WARNING 	0.7368461000733078: Video catchup needed, advancing self._nextFrameT from 0.041666666666666664 to 0.08333333333333333
23.1098 	WARNING 	0.736855800030753: Video catchup needed, advancing self._nextFrameT from 0.08333333333333333 to 0.125
23.1098 	WARNING 	0.7368643000954762: Video catchup needed, advancing self._nextFrameT from 0.125 to 0.16666666666666666
23.1098 	WARNING 	0.7368725000414997: Video catchup needed, advancing self._nextFrameT from 0.16666666666666666 to 0.20833333333333331
23.1098 	WARNING 	0.7368802001001313: Video catchup needed, advancing self._nextFrameT from 0.20833333333333331 to 0.24999999999999997
23.1098 	WARNING 	0.7368877000408247: Video catchup needed, advancing self._nextFrameT from 0.24999999999999997 to 0.29166666666666663
23.1098 	WARNING 	0.7368959001032636: Video catchup needed, advancing self._nextFrameT from 0.29166666666666663 to 0.3333333333333333
23.1098 	WARNING 	0.7369037000462413: Video catchup needed, advancing self._nextFrameT from 0.3333333333333333 to 0.375
23.1098 	WARNING 	0.7369113001041114: Video catchup needed, advancing self._nextFrameT from 0.375 to 0.4166666666666667
23.1099 	WARNING 	Max reportNDroppedFrames reached, will not log any more dropped frames
23.1221 	EXP 	Created unnamed MovieStim3 = MovieStim3(__class__=<class 'psychopy.visual.movie3.MovieStim3'>, anchor=('center', 'center'), autoLog=True, color=UNKNOWN, colorSpace=UNKNOWN, depth=0.0, filename='imgs/titanic_spanish.mp4', flipHoriz=False, flipVert=False, fps=UNKNOWN, interpolate=True, loop=False, name='unnamed MovieStim3', noAudio=False, opacity=1, ori=method-wrapper(...), pos=array([0., 0.]), size=None, units='pix', vframe_callback=UNKNOWN, volume=UNKNOWN, win=Window(...))
24.3081 	WARNING 	1.1859995999839157: Video catchup needed, advancing self._nextFrameT from 0.0 to 0.04
24.3082 	WARNING 	1.1860889999661595: Video catchup needed, advancing self._nextFrameT from 0.04 to 0.08
24.3082 	WARNING 	1.1860997999319807: Video catchup needed, advancing self._nextFrameT from 0.08 to 0.12
24.3082 	WARNING 	1.186111499904655: Video catchup needed, advancing self._nextFrameT from 0.12 to 0.16
24.3082 	WARNING 	1.1861312999390066: Video catchup needed, advancing self._nextFrameT from 0.16 to 0.2
24.3082 	WARNING 	1.1861400998895988: Video catchup needed, advancing self._nextFrameT from 0.2 to 0.24000000000000002
24.3082 	WARNING 	1.1861488999566063: Video catchup needed, advancing self._nextFrameT from 0.24000000000000002 to 0.28
24.3083 	WARNING 	1.186157599906437: Video catchup needed, advancing self._nextFrameT from 0.28 to 0.32
24.3083 	WARNING 	1.1861662999726832: Video catchup needed, advancing self._nextFrameT from 0.32 to 0.36
24.3083 	WARNING 	1.1861745999194682: Video catchup needed, advancing self._nextFrameT from 0.36 to 0.39999999999999997
24.3083 	WARNING 	Max reportNDroppedFrames reached, will not log any more dropped frames
24.3358 	EXP 	window1: mouseVisible = True
24.3447 	EXP 	Created image_8 = ImageStim(__class__=<class 'psychopy.visual.image.ImageStim'>, anchor=('center', 'center'), autoLog=True, color=array([1., 1., 1.]), colorSpace='rgb', contrast=1.0, depth=-3.0, draggable=False, flipHoriz=False, flipVert=False, image='default.png', interpolate=True, mask=None, maskParams=None, name='image_8', opacity=1.0, ori=0.0, pos=array([0., 0.]), size=array([0.35, 0.35]), texRes=128.0, units='height', win=Window(...))
24.3449 	EXP 	Created unnamed MovieStim3 = MovieStim3(__class__=<class 'psychopy.visual.movie3.MovieStim3'>, anchor=('center', 'center'), autoLog=True, color=UNKNOWN, colorSpace=UNKNOWN, depth=0.0, filename='imgs/titanic_spanish.mp4', flipHoriz=False, flipVert=False, fps=UNKNOWN, interpolate=True, loop=False, name='unnamed MovieStim3', noAudio=False, opacity=1, ori=method-wrapper(...), pos=array([0., 0.]), size=None, units='pix', vframe_callback=UNKNOWN, volume=UNKNOWN, win=Window(...))
25.5232 	WARNING 	1.1782762999646366: Video catchup needed, advancing self._nextFrameT from 0.0 to 0.04
25.5233 	WARNING 	1.1783335000509396: Video catchup needed, advancing self._nextFrameT from 0.04 to 0.08
25.5233 	WARNING 	1.1783498999429867: Video catchup needed, advancing self._nextFrameT from 0.08 to 0.12
25.5233 	WARNING 	1.1783627000404522: Video catchup needed, advancing self._nextFrameT from 0.12 to 0.16
25.5233 	WARNING 	1.1783744000131264: Video catchup needed, advancing self._nextFrameT from 0.16 to 0.2
25.5233 	WARNING 	1.1783859999850392: Video catchup needed, advancing self._nextFrameT from 0.2 to 0.24000000000000002
25.5233 	WARNING 	1.1783981999615207: Video catchup needed, advancing self._nextFrameT from 0.24000000000000002 to 0.28
25.5233 	WARNING 	1.1784102000528947: Video catchup needed, advancing self._nextFrameT from 0.28 to 0.32
25.5234 	WARNING 	1.1784224000293761: Video catchup needed, advancing self._nextFrameT from 0.32 to 0.36
25.5234 	WARNING 	1.1784350000089034: Video catchup needed, advancing self._nextFrameT from 0.36 to 0.39999999999999997
25.5234 	WARNING 	Max reportNDroppedFrames reached, will not log any more dropped frames
25.5557 	EXP 	Created unnamed MovieStim3 = MovieStim3(__class__=<class 'psychopy.visual.movie3.MovieStim3'>, anchor=('center', 'center'), autoLog=True, color=UNKNOWN, colorSpace=UNKNOWN, depth=0.0, filename='imgs/titanic.mp4', flipHoriz=False, flipVert=False, fps=UNKNOWN, interpolate=True, loop=False, name='unnamed MovieStim3', noAudio=False, opacity=1, ori=method-wrapper(...), pos=array([  0., 100.]), size=None, units='pix', vframe_callback=UNKNOWN, volume=UNKNOWN, win=Window(...))
26.6067 	WARNING 	1.050901500042528: Video catchup needed, advancing self._nextFrameT from 0.0 to 0.03336666666666667
26.6067 	WARNING 	1.050931500038132: Video catchup needed, advancing self._nextFrameT from 0.03336666666666667 to 0.06673333333333334
26.6067 	WARNING 	1.050940899993293: Video catchup needed, advancing self._nextFrameT from 0.06673333333333334 to 0.10010000000000001
26.6067 	WARNING 	1.050949600059539: Video catchup needed, advancing self._nextFrameT from 0.10010000000000001 to 0.13346666666666668
26.6067 	WARNING 	1.0509578000055626: Video catchup needed, advancing self._nextFrameT from 0.13346666666666668 to 0.16683333333333333
26.6067 	WARNING 	1.050965700065717: Video catchup needed, advancing self._nextFrameT from 0.16683333333333333 to 0.2002
26.6067 	WARNING 	1.0509736000094563: Video catchup needed, advancing self._nextFrameT from 0.2002 to 0.23356666666666664
26.6067 	WARNING 	1.0509813000680879: Video catchup needed, advancing self._nextFrameT from 0.23356666666666664 to 0.2669333333333333
26.6067 	WARNING 	1.0509891000110656: Video catchup needed, advancing self._nextFrameT from 0.2669333333333333 to 0.30029999999999996
26.6068 	WARNING 	1.050997400074266: Video catchup needed, advancing self._nextFrameT from 0.30029999999999996 to 0.3336666666666666
26.6068 	WARNING 	Max reportNDroppedFrames reached, will not log any more dropped frames
26.6297 	EXP 	window1: mouseVisible = True
26.6388 	EXP 	Created image_9 = ImageStim(__class__=<class 'psychopy.visual.image.ImageStim'>, anchor=('center', 'center'), autoLog=True, color=array([1., 1., 1.]), colorSpace='rgb', contrast=1.0, depth=-4.0, draggable=False, flipHoriz=False, flipVert=False, image='default.png', interpolate=True, mask=None, maskParams=None, name='image_9', opacity=1.0, ori=0.0, pos=array([0., 0.]), size=array([0.35, 0.35]), texRes=128.0, units='height', win=Window(...))
26.6389 	EXP 	window1: mouseVisible = True
26.6396 	EXP 	Created text_9 = TextStim(__class__=<class 'psychopy.visual.text.TextStim'>, alignHoriz=method-wrapper(...), alignText='center', alignVert=method-wrapper(...), anchorHoriz='center', anchorVert='center', antialias=True, autoDraw=False, autoLog=True, bold=False, color=array([1., 1., 1.]), colorSpace='rgb', contrast=1.0, depth=0.0, draggable=False, flipHoriz=False, flipVert=False, font='Open Sans', fontFiles=[], height=0.05, italic=False, languageStyle='LTR', name='text_9', opacity=1.0, ori=0.0, pos=array([0., 0.]), rgb=UNKNOWN, text='', units='height', win=Window(...), wrapWidth=1)
26.6396 	EXP 	window1: mouseVisible = True
26.6471 	EXP 	Created image_10 = ImageStim(__class__=<class 'psychopy.visual.image.ImageStim'>, anchor=('center', 'center'), autoLog=True, color=array([1., 1., 1.]), colorSpace='rgb', contrast=1.0, depth=-1.0, draggable=False, flipHoriz=False, flipVert=False, image='default.png', interpolate=True, mask=None, maskParams=None, name='image_10', opacity=1.0, ori=0.0, pos=array([0., 0.]), size=array([0.35, 0.35]), texRes=128.0, units='height', win=Window(...))
26.6473 	EXP 	Created unnamed MovieStim3 = MovieStim3(__class__=<class 'psychopy.visual.movie3.MovieStim3'>, anchor=('center', 'center'), autoLog=True, color=UNKNOWN, colorSpace=UNKNOWN, depth=0.0, filename='imgs/video_mar_luis.mp4', flipHoriz=False, flipVert=False, fps=UNKNOWN, interpolate=True, loop=True, name='unnamed MovieStim3', noAudio=False, opacity=1, ori=method-wrapper(...), pos=array([0., 0.]), size=None, units='pix', vframe_callback=UNKNOWN, volume=UNKNOWN, win=Window(...))
27.1839 	WARNING 	0.5365321999415755: Video catchup needed, advancing self._nextFrameT from 0.0 to 0.03333333333333333
27.1839 	WARNING 	0.5365671999752522: Video catchup needed, advancing self._nextFrameT from 0.03333333333333333 to 0.06666666666666667
27.1839 	WARNING 	0.5365781999425963: Video catchup needed, advancing self._nextFrameT from 0.06666666666666667 to 0.1
27.1839 	WARNING 	0.5365885000210255: Video catchup needed, advancing self._nextFrameT from 0.1 to 0.13333333333333333
27.1839 	WARNING 	0.5365978999761865: Video catchup needed, advancing self._nextFrameT from 0.13333333333333333 to 0.16666666666666666
27.1839 	WARNING 	0.5366072000470012: Video catchup needed, advancing self._nextFrameT from 0.16666666666666666 to 0.19999999999999998
27.1839 	WARNING 	0.5366165000014007: Video catchup needed, advancing self._nextFrameT from 0.19999999999999998 to 0.2333333333333333
27.1840 	WARNING 	0.5366284999763593: Video catchup needed, advancing self._nextFrameT from 0.2333333333333333 to 0.26666666666666666
27.1840 	WARNING 	0.5366376000456512: Video catchup needed, advancing self._nextFrameT from 0.26666666666666666 to 0.3
27.1840 	WARNING 	0.5366464999970049: Video catchup needed, advancing self._nextFrameT from 0.3 to 0.3333333333333333
27.1840 	WARNING 	Max reportNDroppedFrames reached, will not log any more dropped frames
27.3207 	EXP 	window1: mouseVisible = True
27.3296 	EXP 	Created image_11 = ImageStim(__class__=<class 'psychopy.visual.image.ImageStim'>, anchor=('center', 'center'), autoLog=True, color=array([1., 1., 1.]), colorSpace='rgb', contrast=1.0, depth=-1.0, draggable=False, flipHoriz=False, flipVert=False, image='default.png', interpolate=True, mask=None, maskParams=None, name='image_11', opacity=1.0, ori=0.0, pos=array([0., 0.]), size=array([0.35, 0.35]), texRes=128.0, units='height', win=Window(...))
27.3298 	EXP 	Created unnamed MovieStim3 = MovieStim3(__class__=<class 'psychopy.visual.movie3.MovieStim3'>, anchor=('center', 'center'), autoLog=True, color=UNKNOWN, colorSpace=UNKNOWN, depth=0.0, filename='imgs/song_titanic.mp4', flipHoriz=False, flipVert=False, fps=UNKNOWN, interpolate=True, loop=False, name='unnamed MovieStim3', noAudio=False, opacity=1, ori=method-wrapper(...), pos=array([0., 0.]), size=None, units='pix', vframe_callback=UNKNOWN, volume=UNKNOWN, win=Window(...))
28.0882 	WARNING 	0.7583633000031114: Video catchup needed, advancing self._nextFrameT from 0.0 to 0.041666666666666664
28.0882 	WARNING 	0.7583938000025228: Video catchup needed, advancing self._nextFrameT from 0.041666666666666664 to 0.08333333333333333
28.0882 	WARNING 	0.7584034000756219: Video catchup needed, advancing self._nextFrameT from 0.08333333333333333 to 0.125
28.0882 	WARNING 	0.7584118000231683: Video catchup needed, advancing self._nextFrameT from 0.125 to 0.16666666666666666
28.0882 	WARNING 	0.7584198000840843: Video catchup needed, advancing self._nextFrameT from 0.16666666666666666 to 0.20833333333333331
28.0882 	WARNING 	0.7584275000263005: Video catchup needed, advancing self._nextFrameT from 0.20833333333333331 to 0.24999999999999997
28.0883 	WARNING 	0.758435400086455: Video catchup needed, advancing self._nextFrameT from 0.24999999999999997 to 0.29166666666666663
28.0883 	WARNING 	0.7584438000340015: Video catchup needed, advancing self._nextFrameT from 0.29166666666666663 to 0.3333333333333333
28.0883 	WARNING 	0.7584518000949174: Video catchup needed, advancing self._nextFrameT from 0.3333333333333333 to 0.375
28.0883 	WARNING 	0.7584597000386566: Video catchup needed, advancing self._nextFrameT from 0.375 to 0.4166666666666667
28.0883 	WARNING 	Max reportNDroppedFrames reached, will not log any more dropped frames
28.1053 	EXP 	Created unnamed MovieStim3 = MovieStim3(__class__=<class 'psychopy.visual.movie3.MovieStim3'>, anchor=('center', 'center'), autoLog=True, color=UNKNOWN, colorSpace=UNKNOWN, depth=0.0, filename='imgs/titanic_spanish.mp4', flipHoriz=False, flipVert=False, fps=UNKNOWN, interpolate=True, loop=False, name='unnamed MovieStim3', noAudio=False, opacity=1, ori=method-wrapper(...), pos=array([0., 0.]), size=None, units='pix', vframe_callback=UNKNOWN, volume=UNKNOWN, win=Window(...))
29.2812 	WARNING 	1.1758858000393957: Video catchup needed, advancing self._nextFrameT from 0.0 to 0.04
29.2813 	WARNING 	1.1759788000490516: Video catchup needed, advancing self._nextFrameT from 0.04 to 0.08
29.2813 	WARNING 	1.1759908000240102: Video catchup needed, advancing self._nextFrameT from 0.08 to 0.12
29.2813 	WARNING 	1.176003500004299: Video catchup needed, advancing self._nextFrameT from 0.12 to 0.16
29.2813 	WARNING 	1.1760127000743523: Video catchup needed, advancing self._nextFrameT from 0.16 to 0.2
29.2813 	WARNING 	1.1760219000279903: Video catchup needed, advancing self._nextFrameT from 0.2 to 0.24000000000000002
29.2813 	WARNING 	1.1760318001033738: Video catchup needed, advancing self._nextFrameT from 0.24000000000000002 to 0.28
29.2813 	WARNING 	1.1760412000585347: Video catchup needed, advancing self._nextFrameT from 0.28 to 0.32
29.2813 	WARNING 	1.176049800007604: Video catchup needed, advancing self._nextFrameT from 0.32 to 0.36
29.2813 	WARNING 	1.176067000022158: Video catchup needed, advancing self._nextFrameT from 0.36 to 0.39999999999999997
29.2813 	WARNING 	Max reportNDroppedFrames reached, will not log any more dropped frames
29.3126 	EXP 	window1: mouseVisible = True
29.3233 	EXP 	Created image_12 = ImageStim(__class__=<class 'psychopy.visual.image.ImageStim'>, anchor=('center', 'center'), autoLog=True, color=array([1., 1., 1.]), colorSpace='rgb', contrast=1.0, depth=-3.0, draggable=False, flipHoriz=False, flipVert=False, image='default.png', interpolate=True, mask=None, maskParams=None, name='image_12', opacity=1.0, ori=0.0, pos=array([0., 0.]), size=array([0.35, 0.35]), texRes=128.0, units='height', win=Window(...))
29.3235 	EXP 	Created unnamed MovieStim3 = MovieStim3(__class__=<class 'psychopy.visual.movie3.MovieStim3'>, anchor=('center', 'center'), autoLog=True, color=UNKNOWN, colorSpace=UNKNOWN, depth=0.0, filename='imgs/titanic_spanish.mp4', flipHoriz=False, flipVert=False, fps=UNKNOWN, interpolate=True, loop=False, name='unnamed MovieStim3', noAudio=False, opacity=1, ori=method-wrapper(...), pos=array([0., 0.]), size=None, units='pix', vframe_callback=UNKNOWN, volume=UNKNOWN, win=Window(...))
30.4892 	WARNING 	1.1655716000823304: Video catchup needed, advancing self._nextFrameT from 0.0 to 0.04
30.4892 	WARNING 	1.1656562000280246: Video catchup needed, advancing self._nextFrameT from 0.04 to 0.08
30.4892 	WARNING 	1.1656683000037447: Video catchup needed, advancing self._nextFrameT from 0.08 to 0.12
30.4892 	WARNING 	1.1656785000814125: Video catchup needed, advancing self._nextFrameT from 0.12 to 0.16
30.4892 	WARNING 	1.165687600034289: Video catchup needed, advancing self._nextFrameT from 0.16 to 0.2
30.4892 	WARNING 	1.1656962999841198: Video catchup needed, advancing self._nextFrameT from 0.2 to 0.24000000000000002
30.4892 	WARNING 	1.1657055000541732: Video catchup needed, advancing self._nextFrameT from 0.24000000000000002 to 0.28
30.4893 	WARNING 	1.1657144000055268: Video catchup needed, advancing self._nextFrameT from 0.28 to 0.32
30.4893 	WARNING 	1.1657230000710115: Video catchup needed, advancing self._nextFrameT from 0.32 to 0.36
30.4893 	WARNING 	1.1657316000200808: Video catchup needed, advancing self._nextFrameT from 0.36 to 0.39999999999999997
30.4893 	WARNING 	Max reportNDroppedFrames reached, will not log any more dropped frames
30.5251 	EXP 	Created unnamed MovieStim3 = MovieStim3(__class__=<class 'psychopy.visual.movie3.MovieStim3'>, anchor=('center', 'center'), autoLog=True, color=UNKNOWN, colorSpace=UNKNOWN, depth=0.0, filename='imgs/titanic.mp4', flipHoriz=False, flipVert=False, fps=UNKNOWN, interpolate=True, loop=False, name='unnamed MovieStim3', noAudio=False, opacity=1, ori=method-wrapper(...), pos=array([  0., 100.]), size=None, units='pix', vframe_callback=UNKNOWN, volume=UNKNOWN, win=Window(...))
31.5612 	WARNING 	1.035961200017482: Video catchup needed, advancing self._nextFrameT from 0.0 to 0.03336666666666667
31.5612 	WARNING 	1.03603810002096: Video catchup needed, advancing self._nextFrameT from 0.03336666666666667 to 0.06673333333333334
31.5612 	WARNING 	1.036052400013432: Video catchup needed, advancing self._nextFrameT from 0.06673333333333334 to 0.10010000000000001
31.5612 	WARNING 	1.0360641999868676: Video catchup needed, advancing self._nextFrameT from 0.10010000000000001 to 0.13346666666666668
31.5612 	WARNING 	1.036074100062251: Video catchup needed, advancing self._nextFrameT from 0.13346666666666668 to 0.16683333333333333
31.5613 	WARNING 	1.0360831000143662: Video catchup needed, advancing self._nextFrameT from 0.16683333333333333 to 0.2002
31.5613 	WARNING 	1.0360920999664813: Video catchup needed, advancing self._nextFrameT from 0.2002 to 0.23356666666666664
31.5613 	WARNING 	1.036100500030443: Video catchup needed, advancing self._nextFrameT from 0.23356666666666664 to 0.2669333333333333
31.5613 	WARNING 	1.036109699984081: Video catchup needed, advancing self._nextFrameT from 0.2669333333333333 to 0.30029999999999996
31.5613 	WARNING 	1.036120600067079: Video catchup needed, advancing self._nextFrameT from 0.30029999999999996 to 0.3336666666666666
31.5613 	WARNING 	Max reportNDroppedFrames reached, will not log any more dropped frames
31.5931 	EXP 	window1: mouseVisible = True
31.6024 	EXP 	Created image_13 = ImageStim(__class__=<class 'psychopy.visual.image.ImageStim'>, anchor=('center', 'center'), autoLog=True, color=array([1., 1., 1.]), colorSpace='rgb', contrast=1.0, depth=-4.0, draggable=False, flipHoriz=False, flipVert=False, image='default.png', interpolate=True, mask=None, maskParams=None, name='image_13', opacity=1.0, ori=0.0, pos=array([0., 0.]), size=array([0.35, 0.35]), texRes=128.0, units='height', win=Window(...))
31.6026 	EXP 	window1: mouseVisible = True
31.6032 	EXP 	Created text_10 = TextStim(__class__=<class 'psychopy.visual.text.TextStim'>, alignHoriz=method-wrapper(...), alignText='center', alignVert=method-wrapper(...), anchorHoriz='center', anchorVert='center', antialias=True, autoDraw=False, autoLog=True, bold=False, color=array([1., 1., 1.]), colorSpace='rgb', contrast=1.0, depth=0.0, draggable=False, flipHoriz=False, flipVert=False, font='Open Sans', fontFiles=[], height=0.05, italic=False, languageStyle='LTR', name='text_10', opacity=1.0, ori=0.0, pos=array([0., 0.]), rgb=UNKNOWN, text='', units='height', win=Window(...), wrapWidth=1)
31.6033 	EXP 	window1: mouseVisible = True
31.6130 	EXP 	Created image_14 = ImageStim(__class__=<class 'psychopy.visual.image.ImageStim'>, anchor=('center', 'center'), autoLog=True, color=array([1., 1., 1.]), colorSpace='rgb', contrast=1.0, depth=-1.0, draggable=False, flipHoriz=False, flipVert=False, image='default.png', interpolate=True, mask=None, maskParams=None, name='image_14', opacity=1.0, ori=0.0, pos=array([0., 0.]), size=array([0.35, 0.35]), texRes=128.0, units='height', win=Window(...))
31.6132 	EXP 	Created unnamed MovieStim3 = MovieStim3(__class__=<class 'psychopy.visual.movie3.MovieStim3'>, anchor=('center', 'center'), autoLog=True, color=UNKNOWN, colorSpace=UNKNOWN, depth=0.0, filename='imgs/video_mar_luis.mp4', flipHoriz=False, flipVert=False, fps=UNKNOWN, interpolate=True, loop=True, name='unnamed MovieStim3', noAudio=False, opacity=1, ori=method-wrapper(...), pos=array([0., 0.]), size=None, units='pix', vframe_callback=UNKNOWN, volume=UNKNOWN, win=Window(...))
32.1383 	WARNING 	0.5250972000649199: Video catchup needed, advancing self._nextFrameT from 0.0 to 0.03333333333333333
32.1384 	WARNING 	0.5251942999893799: Video catchup needed, advancing self._nextFrameT from 0.03333333333333333 to 0.06666666666666667
32.1384 	WARNING 	0.525207299971953: Video catchup needed, advancing self._nextFrameT from 0.06666666666666667 to 0.1
32.1384 	WARNING 	0.5252189000602812: Video catchup needed, advancing self._nextFrameT from 0.1 to 0.13333333333333333
32.1384 	WARNING 	0.5252289000200108: Video catchup needed, advancing self._nextFrameT from 0.13333333333333333 to 0.16666666666666666
32.1384 	WARNING 	0.5252379999728873: Video catchup needed, advancing self._nextFrameT from 0.16666666666666666 to 0.19999999999999998
32.1384 	WARNING 	0.5252473000437021: Video catchup needed, advancing self._nextFrameT from 0.19999999999999998 to 0.2333333333333333
32.1385 	WARNING 	0.5252564999973401: Video catchup needed, advancing self._nextFrameT from 0.2333333333333333 to 0.26666666666666666
32.1385 	WARNING 	0.5252654000651091: Video catchup needed, advancing self._nextFrameT from 0.26666666666666666 to 0.3
32.1385 	WARNING 	0.5252746000187472: Video catchup needed, advancing self._nextFrameT from 0.3 to 0.3333333333333333
32.1385 	WARNING 	Max reportNDroppedFrames reached, will not log any more dropped frames
32.2622 	EXP 	window1: mouseVisible = True
32.2725 	EXP 	Created image_15 = ImageStim(__class__=<class 'psychopy.visual.image.ImageStim'>, anchor=('center', 'center'), autoLog=True, color=array([1., 1., 1.]), colorSpace='rgb', contrast=1.0, depth=-1.0, draggable=False, flipHoriz=False, flipVert=False, image='default.png', interpolate=True, mask=None, maskParams=None, name='image_15', opacity=1.0, ori=0.0, pos=array([0., 0.]), size=array([0.35, 0.35]), texRes=128.0, units='height', win=Window(...))
32.2728 	EXP 	Created unnamed MovieStim3 = MovieStim3(__class__=<class 'psychopy.visual.movie3.MovieStim3'>, anchor=('center', 'center'), autoLog=True, color=UNKNOWN, colorSpace=UNKNOWN, depth=0.0, filename='imgs/song_titanic.mp4', flipHoriz=False, flipVert=False, fps=UNKNOWN, interpolate=True, loop=False, name='unnamed MovieStim3', noAudio=False, opacity=1, ori=method-wrapper(...), pos=array([0., 0.]), size=None, units='pix', vframe_callback=UNKNOWN, volume=UNKNOWN, win=Window(...))
33.0029 	WARNING 	0.7300898000830784: Video catchup needed, advancing self._nextFrameT from 0.0 to 0.041666666666666664
33.0030 	WARNING 	0.7301441000308841: Video catchup needed, advancing self._nextFrameT from 0.041666666666666664 to 0.08333333333333333
33.0030 	WARNING 	0.7301593000302091: Video catchup needed, advancing self._nextFrameT from 0.08333333333333333 to 0.125
33.0030 	WARNING 	0.7301734000211582: Video catchup needed, advancing self._nextFrameT from 0.125 to 0.16666666666666666
33.0030 	WARNING 	0.7301864000037313: Video catchup needed, advancing self._nextFrameT from 0.16666666666666666 to 0.20833333333333331
33.0030 	WARNING 	0.7301995001034811: Video catchup needed, advancing self._nextFrameT from 0.20833333333333331 to 0.24999999999999997
33.0030 	WARNING 	0.7302122000837699: Video catchup needed, advancing self._nextFrameT from 0.24999999999999997 to 0.29166666666666663
33.0031 	WARNING 	0.7302251000655815: Video catchup needed, advancing self._nextFrameT from 0.29166666666666663 to 0.3333333333333333
33.0031 	WARNING 	0.7302391000557691: Video catchup needed, advancing self._nextFrameT from 0.3333333333333333 to 0.375
33.0031 	WARNING 	0.7302515000337735: Video catchup needed, advancing self._nextFrameT from 0.375 to 0.4166666666666667
33.0031 	WARNING 	Max reportNDroppedFrames reached, will not log any more dropped frames
33.0198 	EXP 	Created unnamed MovieStim3 = MovieStim3(__class__=<class 'psychopy.visual.movie3.MovieStim3'>, anchor=('center', 'center'), autoLog=True, color=UNKNOWN, colorSpace=UNKNOWN, depth=0.0, filename='imgs/titanic_spanish.mp4', flipHoriz=False, flipVert=False, fps=UNKNOWN, interpolate=True, loop=False, name='unnamed MovieStim3', noAudio=False, opacity=1, ori=method-wrapper(...), pos=array([0., 0.]), size=None, units='pix', vframe_callback=UNKNOWN, volume=UNKNOWN, win=Window(...))
34.1637 	WARNING 	1.1438830000115559: Video catchup needed, advancing self._nextFrameT from 0.0 to 0.04
34.1638 	WARNING 	1.1439334000460804: Video catchup needed, advancing self._nextFrameT from 0.04 to 0.08
34.1638 	WARNING 	1.1439446000149474: Video catchup needed, advancing self._nextFrameT from 0.08 to 0.12
34.1638 	WARNING 	1.1439545000903308: Video catchup needed, advancing self._nextFrameT from 0.12 to 0.16
34.1638 	WARNING 	1.1439631000394002: Video catchup needed, advancing self._nextFrameT from 0.16 to 0.2
34.1638 	WARNING 	1.1439721999922767: Video catchup needed, advancing self._nextFrameT from 0.2 to 0.24000000000000002
34.1638 	WARNING 	1.1439809000585228: Video catchup needed, advancing self._nextFrameT from 0.24000000000000002 to 0.28
34.1638 	WARNING 	1.1439963000593707: Video catchup needed, advancing self._nextFrameT from 0.28 to 0.32
34.1638 	WARNING 	1.1440048000076786: Video catchup needed, advancing self._nextFrameT from 0.32 to 0.36
34.1638 	WARNING 	1.1440131000708789: Video catchup needed, advancing self._nextFrameT from 0.36 to 0.39999999999999997
34.1638 	WARNING 	Max reportNDroppedFrames reached, will not log any more dropped frames
34.1977 	EXP 	window1: mouseVisible = True
34.2064 	EXP 	Created image_16 = ImageStim(__class__=<class 'psychopy.visual.image.ImageStim'>, anchor=('center', 'center'), autoLog=True, color=array([1., 1., 1.]), colorSpace='rgb', contrast=1.0, depth=-3.0, draggable=False, flipHoriz=False, flipVert=False, image='default.png', interpolate=True, mask=None, maskParams=None, name='image_16', opacity=1.0, ori=0.0, pos=array([0., 0.]), size=array([0.35, 0.35]), texRes=128.0, units='height', win=Window(...))
34.2066 	EXP 	Created unnamed MovieStim3 = MovieStim3(__class__=<class 'psychopy.visual.movie3.MovieStim3'>, anchor=('center', 'center'), autoLog=True, color=UNKNOWN, colorSpace=UNKNOWN, depth=0.0, filename='imgs/titanic_spanish.mp4', flipHoriz=False, flipVert=False, fps=UNKNOWN, interpolate=True, loop=False, name='unnamed MovieStim3', noAudio=False, opacity=1, ori=method-wrapper(...), pos=array([0., 0.]), size=None, units='pix', vframe_callback=UNKNOWN, volume=UNKNOWN, win=Window(...))
35.4014 	WARNING 	1.1947370000416413: Video catchup needed, advancing self._nextFrameT from 0.0 to 0.04
35.4014 	WARNING 	1.1948151000542566: Video catchup needed, advancing self._nextFrameT from 0.04 to 0.08
35.4015 	WARNING 	1.1948316000634804: Video catchup needed, advancing self._nextFrameT from 0.08 to 0.12
35.4015 	WARNING 	1.1948596000438556: Video catchup needed, advancing self._nextFrameT from 0.12 to 0.16
35.4015 	WARNING 	1.1948714000172913: Video catchup needed, advancing self._nextFrameT from 0.16 to 0.2
35.4015 	WARNING 	1.1948804000858217: Video catchup needed, advancing self._nextFrameT from 0.2 to 0.24000000000000002
35.4015 	WARNING 	1.1948902000440285: Video catchup needed, advancing self._nextFrameT from 0.24000000000000002 to 0.28
35.4015 	WARNING 	1.194899299996905: Video catchup needed, advancing self._nextFrameT from 0.28 to 0.32
35.4015 	WARNING 	1.194909100071527: Video catchup needed, advancing self._nextFrameT from 0.32 to 0.36
35.4015 	WARNING 	1.1949187000282109: Video catchup needed, advancing self._nextFrameT from 0.36 to 0.39999999999999997
35.4016 	WARNING 	Max reportNDroppedFrames reached, will not log any more dropped frames
35.4371 	EXP 	Created unnamed MovieStim3 = MovieStim3(__class__=<class 'psychopy.visual.movie3.MovieStim3'>, anchor=('center', 'center'), autoLog=True, color=UNKNOWN, colorSpace=UNKNOWN, depth=0.0, filename='imgs/titanic.mp4', flipHoriz=False, flipVert=False, fps=UNKNOWN, interpolate=True, loop=False, name='unnamed MovieStim3', noAudio=False, opacity=1, ori=method-wrapper(...), pos=array([  0., 100.]), size=None, units='pix', vframe_callback=UNKNOWN, volume=UNKNOWN, win=Window(...))
36.4991 	WARNING 	1.061983099905774: Video catchup needed, advancing self._nextFrameT from 0.0 to 0.03336666666666667
36.4992 	WARNING 	1.062069799983874: Video catchup needed, advancing self._nextFrameT from 0.03336666666666667 to 0.06673333333333334
36.4992 	WARNING 	1.0621047999011353: Video catchup needed, advancing self._nextFrameT from 0.06673333333333334 to 0.10010000000000001
36.4992 	WARNING 	1.0621383999241516: Video catchup needed, advancing self._nextFrameT from 0.10010000000000001 to 0.13346666666666668
36.4993 	WARNING 	1.0621711999410763: Video catchup needed, advancing self._nextFrameT from 0.13346666666666668 to 0.16683333333333333
36.4993 	WARNING 	1.0621986999176443: Video catchup needed, advancing self._nextFrameT from 0.16683333333333333 to 0.2002
36.4993 	WARNING 	1.0622261998942122: Video catchup needed, advancing self._nextFrameT from 0.2002 to 0.23356666666666664
36.4993 	WARNING 	1.0622521999757737: Video catchup needed, advancing self._nextFrameT from 0.23356666666666664 to 0.2669333333333333
36.4994 	WARNING 	1.0622784999432042: Video catchup needed, advancing self._nextFrameT from 0.2669333333333333 to 0.30029999999999996
36.4994 	WARNING 	1.0623056999174878: Video catchup needed, advancing self._nextFrameT from 0.30029999999999996 to 0.3336666666666666
36.4994 	WARNING 	Max reportNDroppedFrames reached, will not log any more dropped frames
36.5311 	EXP 	window1: mouseVisible = True
36.5393 	EXP 	Created image_17 = ImageStim(__class__=<class 'psychopy.visual.image.ImageStim'>, anchor=('center', 'center'), autoLog=True, color=array([1., 1., 1.]), colorSpace='rgb', contrast=1.0, depth=-4.0, draggable=False, flipHoriz=False, flipVert=False, image='default.png', interpolate=True, mask=None, maskParams=None, name='image_17', opacity=1.0, ori=0.0, pos=array([0., 0.]), size=array([0.35, 0.35]), texRes=128.0, units='height', win=Window(...))
36.5394 	EXP 	window1: mouseVisible = True
36.5528 	EXP 	Created text_4 = TextStim(__class__=<class 'psychopy.visual.text.TextStim'>, alignHoriz=method-wrapper(...), alignText='center', alignVert=method-wrapper(...), anchorHoriz='center', anchorVert='center', antialias=True, autoDraw=False, autoLog=True, bold=False, color=array([1., 1., 1.]), colorSpace='rgb', contrast=1.0, depth=0.0, draggable=False, flipHoriz=False, flipVert=False, font='Open Sans', fontFiles=[], height=0.05, italic=False, languageStyle='LTR', name='text_4', opacity=1.0, ori=0.0, pos=array([0., 0.]), rgb=UNKNOWN, text='¡Muchas gracias por participar!', units='height', win=Window(...), wrapWidth=1)
0.0063 	EXP 	unnamed MovieStim3: autoLog = True
0.0063 	EXP 	unnamed MovieStim3: movie = 'imgs/video_mar_luis.mp4'
0.0063 	EXP 	unnamed MovieStim3: ori = 0.0
0.0063 	EXP 	unnamed MovieStim3: autoLog = True
0.0063 	EXP 	unnamed MovieStim3: movie = 'imgs/song_titanic.mp4'
0.0063 	EXP 	unnamed MovieStim3: ori = 0.0
0.0063 	EXP 	unnamed MovieStim3: autoLog = True
0.0063 	EXP 	unnamed MovieStim3: movie = 'imgs/titanic_spanish.mp4'
0.0063 	EXP 	unnamed MovieStim3: ori = 0.0
0.0063 	EXP 	unnamed MovieStim3: autoLog = True
0.0063 	EXP 	unnamed MovieStim3: movie = 'imgs/titanic_spanish.mp4'
0.0063 	EXP 	unnamed MovieStim3: ori = 0.0
0.0063 	EXP 	unnamed MovieStim3: autoLog = True
0.0063 	EXP 	unnamed MovieStim3: movie = 'imgs/titanic.mp4'
0.0063 	EXP 	unnamed MovieStim3: ori = 0.0
0.0063 	EXP 	unnamed MovieStim3: autoLog = True
0.0063 	EXP 	unnamed MovieStim3: movie = 'imgs/video_mar_luis.mp4'
0.0063 	EXP 	unnamed MovieStim3: ori = 0.0
0.0063 	EXP 	unnamed MovieStim3: autoLog = True
0.0063 	EXP 	unnamed MovieStim3: movie = 'imgs/song_titanic.mp4'
0.0063 	EXP 	unnamed MovieStim3: ori = 0.0
0.0063 	EXP 	unnamed MovieStim3: autoLog = True
0.0063 	EXP 	unnamed MovieStim3: movie = 'imgs/titanic_spanish.mp4'
0.0063 	EXP 	unnamed MovieStim3: ori = 0.0
0.0063 	EXP 	unnamed MovieStim3: autoLog = True
0.0063 	EXP 	unnamed MovieStim3: movie = 'imgs/titanic_spanish.mp4'
0.0063 	EXP 	unnamed MovieStim3: ori = 0.0
0.0063 	EXP 	unnamed MovieStim3: autoLog = True
0.0063 	EXP 	unnamed MovieStim3: movie = 'imgs/titanic.mp4'
0.0063 	EXP 	unnamed MovieStim3: ori = 0.0
0.0063 	EXP 	unnamed MovieStim3: autoLog = True
0.0063 	EXP 	unnamed MovieStim3: movie = 'imgs/video_mar_luis.mp4'
0.0063 	EXP 	unnamed MovieStim3: ori = 0.0
0.0063 	EXP 	unnamed MovieStim3: autoLog = True
0.0063 	EXP 	unnamed MovieStim3: movie = 'imgs/song_titanic.mp4'
0.0063 	EXP 	unnamed MovieStim3: ori = 0.0
0.0063 	EXP 	unnamed MovieStim3: autoLog = True
0.0063 	EXP 	unnamed MovieStim3: movie = 'imgs/titanic_spanish.mp4'
0.0063 	EXP 	unnamed MovieStim3: ori = 0.0
0.0063 	EXP 	unnamed MovieStim3: autoLog = True
0.0063 	EXP 	unnamed MovieStim3: movie = 'imgs/titanic_spanish.mp4'
0.0063 	EXP 	unnamed MovieStim3: ori = 0.0
0.0063 	EXP 	unnamed MovieStim3: autoLog = True
0.0063 	EXP 	unnamed MovieStim3: movie = 'imgs/titanic.mp4'
0.0063 	EXP 	unnamed MovieStim3: ori = 0.0
0.0063 	EXP 	unnamed MovieStim3: autoLog = True
0.0063 	EXP 	unnamed MovieStim3: movie = 'imgs/video_mar_luis.mp4'
0.0063 	EXP 	unnamed MovieStim3: ori = 0.0
0.0063 	EXP 	unnamed MovieStim3: autoLog = True
0.0063 	EXP 	unnamed MovieStim3: movie = 'imgs/song_titanic.mp4'
0.0063 	EXP 	unnamed MovieStim3: ori = 0.0
0.0063 	EXP 	unnamed MovieStim3: autoLog = True
0.0063 	EXP 	unnamed MovieStim3: movie = 'imgs/titanic_spanish.mp4'
0.0063 	EXP 	unnamed MovieStim3: ori = 0.0
0.0063 	EXP 	unnamed MovieStim3: autoLog = True
0.0063 	EXP 	unnamed MovieStim3: movie = 'imgs/titanic_spanish.mp4'
0.0063 	EXP 	unnamed MovieStim3: ori = 0.0
0.0063 	EXP 	unnamed MovieStim3: autoLog = True
0.0063 	EXP 	unnamed MovieStim3: movie = 'imgs/titanic.mp4'
0.0063 	EXP 	unnamed MovieStim3: ori = 0.0
0.0260 	EXP 	image_5: autoDraw = True
0.0260 	EXP 	text_6: autoDraw = True
3.0293 	EXP 	image_5: autoDraw = False
3.0293 	EXP 	text_6: autoDraw = False
3.0293 	EXP 	text_5: autoDraw = True
7.0910 	DATA 	Keypress: space
7.0995 	EXP 	text_5: autoDraw = False
7.0995 	EXP 	text_7: height = 0.05
7.0995 	EXP 	text_7: height = 0.05
7.0995 	EXP 	text_7: height = 0.05
7.0995 	EXP 	text_7: text = 'Ronda 1/4'
7.0995 	EXP 	text_7: autoDraw = True
9.1349 	EXP 	Imported imgs/iceberg_times.xlsx as conditions, 2 conditions, 3 params
9.1352 	EXP 	Created sequence: random, trialTypes=2, nReps=1, seed=None
9.1353 	EXP 	New trial (rep=0, index=0): {'timepresentation': 8, 'posx': 0.7, 'posy': 0.1}
9.1405 	EXP 	Sound  started
9.1408 	EXP 	New trial (rep=0, index=1): {'timepresentation': 8, 'posx': -0.8, 'posy': 0.15}
9.1533 	EXP 	Imported imgs/iceberg_times.xlsx as conditions, 2 conditions, 3 params
9.1536 	EXP 	Created sequence: random, trialTypes=2, nReps=1, seed=None
9.1537 	EXP 	New trial (rep=0, index=0): {'timepresentation': 8, 'posx': 0.7, 'posy': 0.1}
9.1583 	EXP 	Sound  started
9.1586 	EXP 	New trial (rep=0, index=1): {'timepresentation': 8, 'posx': -0.8, 'posy': 0.15}
9.1877 	EXP 	Sound  stopped
9.1954 	EXP 	Imported imgs/iceberg_times.xlsx as conditions, 2 conditions, 3 params
9.1957 	EXP 	Created sequence: random, trialTypes=2, nReps=1, seed=None
9.1958 	EXP 	New trial (rep=0, index=0): {'timepresentation': 8, 'posx': -0.8, 'posy': 0.15}
9.1959 	EXP 	Sound  started
9.2025 	EXP 	New trial (rep=0, index=1): {'timepresentation': 8, 'posx': 0.7, 'posy': 0.1}
9.2367 	EXP 	Sound  stopped
9.2444 	EXP 	Imported imgs/iceberg_times.xlsx as conditions, 2 conditions, 3 params
9.2447 	EXP 	Created sequence: random, trialTypes=2, nReps=1, seed=None
9.2448 	EXP 	New trial (rep=0, index=0): {'timepresentation': 12, 'posx': 0.7, 'posy': 0.1}
9.2449 	EXP 	Sound  started
9.2451 	EXP 	Sound  started
9.2511 	WARNING 	0.5438454332761467: Video catchup needed, advancing self._nextFrameT from 0.4666666666666666 to 0.49999999999999994
9.2826 	EXP 	text_7: autoDraw = False
9.2826 	EXP 	image: image = 'imgs/iceberg.png'
9.2826 	EXP 	Set unnamed MovieStim3 playing
9.2826 	EXP 	image: autoDraw = False
9.2826 	EXP 	image: image = 'imgs/iceberg.png'
9.2826 	EXP 	image: autoDraw = False
9.2826 	EXP 	image_2: image = 'imgs/iceberg.png'
9.2826 	EXP 	Set unnamed MovieStim3 playing
9.2826 	EXP 	image_2: autoDraw = False
9.2826 	EXP 	image_2: image = 'imgs/iceberg.png'
9.2826 	EXP 	image_2: autoDraw = False
9.2826 	EXP 	Set unnamed MovieStim3 stopped
9.2826 	EXP 	Set unnamed MovieStim3 playing
9.2826 	EXP 	image_3: image = 'imgs/iceberg.png'
9.2826 	EXP 	image_3: autoDraw = False
9.2826 	EXP 	image_3: image = 'imgs/iceberg.png'
9.2826 	EXP 	image_3: autoDraw = False
9.2826 	EXP 	Set unnamed MovieStim3 stopped
9.2826 	EXP 	Set unnamed MovieStim3 playing
9.2826 	EXP 	Set unnamed MovieStim3 playing
9.2826 	EXP 	image_4: image = 'imgs/iceberg.png'
21.2472 	EXP 	image_4: autoDraw = True
21.7606 	EXP 	New trial (rep=0, index=1): {'timepresentation': 12, 'posx': 0.8, 'posy': 0.1}
21.7677 	DATA 	Keypress: space
21.7762 	EXP 	image_4: autoDraw = False
21.7762 	EXP 	image_4: image = 'imgs/iceberg.png'
33.7600 	EXP 	image_4: autoDraw = True
34.3610 	DATA 	Keypress: space
34.3969 	EXP 	Sound  stopped
34.4180 	EXP 	Sound  stopped
34.4274 	EXP 	image_4: autoDraw = False
34.4274 	EXP 	Set unnamed MovieStim3 stopped
34.4274 	EXP 	Set unnamed MovieStim3 stopped
34.4274 	EXP 	text_8: height = 0.05
34.4274 	EXP 	text_8: height = 0.05
34.4274 	EXP 	text_8: height = 0.05
34.4274 	EXP 	text_8: text = 'Ronda 2/4'
34.4274 	EXP 	text_8: autoDraw = True
36.4217 	EXP 	Imported imgs/iceberg_times.xlsx as conditions, 2 conditions, 3 params
36.4221 	EXP 	Created sequence: random, trialTypes=2, nReps=1, seed=None
36.4222 	EXP 	New trial (rep=0, index=0): {'timepresentation': 12, 'posx': -0.6, 'posy': 0.15}
36.4285 	WARNING 	27.721295733354054: Video catchup needed, advancing self._nextFrameT from 25.6666666666671 to 25.700000000000436
36.4285 	WARNING 	27.72132093331311: Video catchup needed, advancing self._nextFrameT from 25.700000000000436 to 25.73333333333377
36.4286 	WARNING 	27.72133163327817: Video catchup needed, advancing self._nextFrameT from 25.73333333333377 to 25.766666666667106
36.4286 	WARNING 	27.721341133350506: Video catchup needed, advancing self._nextFrameT from 25.766666666667106 to 25.80000000000044
36.4286 	WARNING 	27.72135003330186: Video catchup needed, advancing self._nextFrameT from 25.80000000000044 to 25.833333333333776
36.4286 	WARNING 	27.72135903337039: Video catchup needed, advancing self._nextFrameT from 25.833333333333776 to 25.86666666666711
36.4286 	WARNING 	27.721367933321744: Video catchup needed, advancing self._nextFrameT from 25.86666666666711 to 25.900000000000446
36.4286 	WARNING 	27.72137673338875: Video catchup needed, advancing self._nextFrameT from 25.900000000000446 to 25.93333333333378
36.4286 	WARNING 	27.721385433338583: Video catchup needed, advancing self._nextFrameT from 25.93333333333378 to 25.966666666667116
36.4286 	WARNING 	Max reportNDroppedFrames reached, will not log any more dropped frames
36.9480 	EXP 	text_8: autoDraw = False
36.9480 	EXP 	text_8: autoDraw = False
36.9480 	EXP 	image_6: image = 'imgs/iceberg.png'
39.2002 	DATA 	Keypress: escape
39.3229 	EXP 	tarea_iceberg: status = STOPPED
39.3323 	EXP 	tarea_iceberg: status = STOPPED
39.3811 	EXP 	window1: mouseVisible = True
