4.9389 	WARNING 	User requested fullscreen with size [1536  864], but screen is actually [1920, 1080]. Using actual size
5.5787 	EXP 	Created window1 = Window(allowGUI=True, allowStencil=False, autoLog=True, backendConf=UNKNOWN, backgroundFit=<method-wrapper '__getattribute__' of attributeSetter object at 0x000001DDCBE51430>, backgroundImage=<method-wrapper '__getattribute__' of attributeSetter object at 0x000001DDCBE513D0>, bitsMode=UNKNOWN, blendMode='avg', bpc=(8, 8, 8), color=array([0, 0, 0]), colorSpace='rgb', depthBits=8, fullscr=<method-wrapper '__getattribute__' of attributeSetter object at 0x000001DDCBE51220>, gamma=None, gammaErrorPolicy='raise', lms=UNKNOWN, monitor=<psychopy.monitors.calibTools.Monitor object at 0x000001DDCC3239A0>, multiSample=False, name='window1', numSamples=2, pos=(0, 0), screen=0, size=array([1920, 1080]), stencilBits=0, stereo=False, title='PsychoPy', units='height', useFBO=True, useRetina=False, viewOri=0.0, viewPos=None, viewScale=None, waitBlanking=True, winType='pyglet')
5.5789 	EXP 	window1: mouseVisible = True
5.5790 	EXP 	window1: backgroundImage = ''
5.5790 	EXP 	window1: backgroundFit = 'none'
5.5814 	EXP 	window1: Attempting to measure frame rate of screen (0) ...
5.5815 	EXP 	window1: recordFrameIntervals = False
5.7440 	EXP 	window1: recordFrameIntervals = True
5.9274 	EXP 	Screen (0) actual frame rate measured at 60.23Hz
5.9274 	EXP 	window1: recordFrameIntervals = False
5.9275 	EXP 	window1: mouseVisible = False
7.6011 	EXP 	tarea_iceberg: status = STARTED
7.6014 	EXP 	window1: mouseVisible = True
7.6019 	WARNING 	Requested image 'imgs/logo_OB.jpeg' not found but similar filename 'imgs/logo_OB.png' exists. This will be used instead but changing the filename is advised.
7.6066 	WARNING 	Requested image 'imgs/logo_OB.jpeg' not found but similar filename 'imgs/logo_OB.png' exists. This will be used instead but changing the filename is advised.
7.6101 	WARNING 	Requested image 'imgs/logo_OB.jpeg' not found but similar filename 'imgs/logo_OB.png' exists. This will be used instead but changing the filename is advised.
7.6134 	WARNING 	Requested image 'imgs/logo_OB.jpeg' not found but similar filename 'imgs/logo_OB.png' exists. This will be used instead but changing the filename is advised.
7.6177 	EXP 	Created image_5 = ImageStim(__class__=<class 'psychopy.visual.image.ImageStim'>, anchor=('center', 'center'), autoLog=True, color=array([1., 1., 1.]), colorSpace='rgb', contrast=1.0, depth=0.0, draggable=False, flipHoriz=False, flipVert=False, image='imgs/logo_OB.jpeg', interpolate=True, mask=None, maskParams=None, name='image_5', opacity=1.0, ori=0.0, pos=array([0., 0.]), size=array([0.6, 0.7]), texRes=128.0, units='height', win=Window(...))
7.6179 	EXP 	window1: mouseVisible = True
7.6672 	EXP 	Created text_6 = TextStim(__class__=<class 'psychopy.visual.text.TextStim'>, alignHoriz=method-wrapper(...), alignText='center', alignVert=method-wrapper(...), anchorHoriz='center', anchorVert='center', antialias=True, autoDraw=False, autoLog=True, bold=False, color=array([1., 1., 1.]), colorSpace='rgb', contrast=1.0, depth=-1.0, draggable=False, flipHoriz=False, flipVert=False, font='Open Sans', fontFiles=[], height=0.04, italic=False, languageStyle='LTR', name='text_6', opacity=1.0, ori=0.0, pos=array([ 0.  , -0.35]), rgb=UNKNOWN, text='¡Bienvenido a un experimento de Open Brains!', units='height', win=Window(...), wrapWidth=1)
7.6673 	EXP 	window1: mouseVisible = True
7.6834 	EXP 	Created text_5 = TextStim(__class__=<class 'psychopy.visual.text.TextStim'>, alignHoriz=method-wrapper(...), alignText='center', alignVert=method-wrapper(...), anchorHoriz='center', anchorVert='center', antialias=True, autoDraw=False, autoLog=True, bold=False, color=array([1., 1., 1.]), colorSpace='rgb', contrast=1.0, depth=0.0, draggable=False, flipHoriz=False, flipVert=False, font='Open Sans', fontFiles=[], height=0.035, italic=False, languageStyle='LTR', name='text_5', opacity=1.0, ori=0.0, pos=array([0., 0.]), rgb=UNKNOWN, text=str(...), units='height', win=Window(...), wrapWidth=1)
7.6835 	EXP 	window1: mouseVisible = True
7.6846 	EXP 	Created text_7 = TextStim(__class__=<class 'psychopy.visual.text.TextStim'>, alignHoriz=method-wrapper(...), alignText='center', alignVert=method-wrapper(...), anchorHoriz='center', anchorVert='center', antialias=True, autoDraw=False, autoLog=True, bold=False, color=array([1., 1., 1.]), colorSpace='rgb', contrast=1.0, depth=0.0, draggable=False, flipHoriz=False, flipVert=False, font='Open Sans', fontFiles=[], height=0.05, italic=False, languageStyle='LTR', name='text_7', opacity=1.0, ori=0.0, pos=array([0., 0.]), rgb=UNKNOWN, text='', units='height', win=Window(...), wrapWidth=1)
7.6847 	EXP 	window1: mouseVisible = True
7.6929 	EXP 	Created image = ImageStim(__class__=<class 'psychopy.visual.image.ImageStim'>, anchor=('center', 'center'), autoLog=True, color=array([1., 1., 1.]), colorSpace='rgb', contrast=1.0, depth=-1.0, draggable=False, flipHoriz=False, flipVert=False, image='default.png', interpolate=True, mask=None, maskParams=None, name='image', opacity=1.0, ori=0.0, pos=array([0., 0.]), size=array([0.35, 0.35]), texRes=128.0, units='height', win=Window(...))
7.7954 	EXP 	Created unnamed MovieStim3 = MovieStim3(__class__=<class 'psychopy.visual.movie3.MovieStim3'>, anchor=('center', 'center'), autoLog=True, color=UNKNOWN, colorSpace=UNKNOWN, depth=0.0, filename='imgs/video_mar.mp4', flipHoriz=False, flipVert=False, fps=UNKNOWN, interpolate=True, loop=True, name='unnamed MovieStim3', noAudio=False, opacity=1, ori=method-wrapper(...), pos=array([0., 0.]), size=None, units='pix', vframe_callback=UNKNOWN, volume=UNKNOWN, win=Window(...))
8.8114 	WARNING 	1.0159960000019055: Video catchup needed, advancing self._nextFrameT from 0.0 to 0.04
8.8114 	WARNING 	1.0160533000016585: Video catchup needed, advancing self._nextFrameT from 0.04 to 0.08
8.8114 	WARNING 	1.0160677999956533: Video catchup needed, advancing self._nextFrameT from 0.08 to 0.12
8.8115 	WARNING 	1.0160788999928627: Video catchup needed, advancing self._nextFrameT from 0.12 to 0.16
8.8115 	WARNING 	1.0160897999885492: Video catchup needed, advancing self._nextFrameT from 0.16 to 0.2
8.8115 	WARNING 	1.0161011000018334: Video catchup needed, advancing self._nextFrameT from 0.2 to 0.24000000000000002
8.8115 	WARNING 	1.0161122999998042: Video catchup needed, advancing self._nextFrameT from 0.24000000000000002 to 0.28
8.8115 	WARNING 	1.0161262999899918: Video catchup needed, advancing self._nextFrameT from 0.28 to 0.32
8.8115 	WARNING 	1.0161372000002302: Video catchup needed, advancing self._nextFrameT from 0.32 to 0.36
8.8115 	WARNING 	1.0161479999951553: Video catchup needed, advancing self._nextFrameT from 0.36 to 0.39999999999999997
8.8116 	WARNING 	Max reportNDroppedFrames reached, will not log any more dropped frames
9.0046 	EXP 	window1: mouseVisible = True
9.0134 	EXP 	Created image_2 = ImageStim(__class__=<class 'psychopy.visual.image.ImageStim'>, anchor=('center', 'center'), autoLog=True, color=array([1., 1., 1.]), colorSpace='rgb', contrast=1.0, depth=-1.0, draggable=False, flipHoriz=False, flipVert=False, image='default.png', interpolate=True, mask=None, maskParams=None, name='image_2', opacity=1.0, ori=0.0, pos=array([0., 0.]), size=array([0.35, 0.35]), texRes=128.0, units='height', win=Window(...))
9.0136 	EXP 	Created unnamed MovieStim3 = MovieStim3(__class__=<class 'psychopy.visual.movie3.MovieStim3'>, anchor=('center', 'center'), autoLog=True, color=UNKNOWN, colorSpace=UNKNOWN, depth=0.0, filename='imgs/song_titanic.mp4', flipHoriz=False, flipVert=False, fps=UNKNOWN, interpolate=True, loop=False, name='unnamed MovieStim3', noAudio=False, opacity=1, ori=method-wrapper(...), pos=array([0., 0.]), size=None, units='pix', vframe_callback=UNKNOWN, volume=UNKNOWN, win=Window(...))
9.7266 	WARNING 	0.7129466000042157: Video catchup needed, advancing self._nextFrameT from 0.0 to 0.041666666666666664
9.7266 	WARNING 	0.712980600001174: Video catchup needed, advancing self._nextFrameT from 0.041666666666666664 to 0.08333333333333333
9.7266 	WARNING 	0.7129921000014292: Video catchup needed, advancing self._nextFrameT from 0.08333333333333333 to 0.125
9.7267 	WARNING 	0.7130018000025302: Video catchup needed, advancing self._nextFrameT from 0.125 to 0.16666666666666666
9.7267 	WARNING 	0.7130117000051541: Video catchup needed, advancing self._nextFrameT from 0.16666666666666666 to 0.20833333333333331
9.7267 	WARNING 	0.7130214000062551: Video catchup needed, advancing self._nextFrameT from 0.20833333333333331 to 0.24999999999999997
9.7267 	WARNING 	0.7130312000081176: Video catchup needed, advancing self._nextFrameT from 0.24999999999999997 to 0.29166666666666663
9.7267 	WARNING 	0.7130404000054114: Video catchup needed, advancing self._nextFrameT from 0.29166666666666663 to 0.3333333333333333
9.7267 	WARNING 	0.7130497000034666: Video catchup needed, advancing self._nextFrameT from 0.3333333333333333 to 0.375
9.7267 	WARNING 	0.7130591000022832: Video catchup needed, advancing self._nextFrameT from 0.375 to 0.4166666666666667
9.7267 	WARNING 	Max reportNDroppedFrames reached, will not log any more dropped frames
9.7392 	EXP 	Created unnamed MovieStim3 = MovieStim3(__class__=<class 'psychopy.visual.movie3.MovieStim3'>, anchor=('center', 'center'), autoLog=True, color=UNKNOWN, colorSpace=UNKNOWN, depth=0.0, filename='imgs/titanic_spanish.mp4', flipHoriz=False, flipVert=False, fps=UNKNOWN, interpolate=True, loop=False, name='unnamed MovieStim3', noAudio=False, opacity=1, ori=method-wrapper(...), pos=array([0., 0.]), size=None, units='pix', vframe_callback=UNKNOWN, volume=UNKNOWN, win=Window(...))
10.8996 	WARNING 	1.160361499991268: Video catchup needed, advancing self._nextFrameT from 0.0 to 0.04
10.8996 	WARNING 	1.1603965999966022: Video catchup needed, advancing self._nextFrameT from 0.04 to 0.08
10.8996 	WARNING 	1.160408700001426: Video catchup needed, advancing self._nextFrameT from 0.08 to 0.12
10.8996 	WARNING 	1.1604192999948282: Video catchup needed, advancing self._nextFrameT from 0.12 to 0.16
10.8996 	WARNING 	1.1604286999936448: Video catchup needed, advancing self._nextFrameT from 0.16 to 0.2
10.8996 	WARNING 	1.1604387999977916: Video catchup needed, advancing self._nextFrameT from 0.2 to 0.24000000000000002
10.8996 	WARNING 	1.1604501999972854: Video catchup needed, advancing self._nextFrameT from 0.24000000000000002 to 0.28
10.8997 	WARNING 	1.1604596999968635: Video catchup needed, advancing self._nextFrameT from 0.28 to 0.32
10.8997 	WARNING 	1.160469299997203: Video catchup needed, advancing self._nextFrameT from 0.32 to 0.36
10.8997 	WARNING 	1.1604786999960197: Video catchup needed, advancing self._nextFrameT from 0.36 to 0.39999999999999997
10.8997 	WARNING 	Max reportNDroppedFrames reached, will not log any more dropped frames
10.9291 	EXP 	window1: mouseVisible = True
10.9390 	EXP 	Created image_3 = ImageStim(__class__=<class 'psychopy.visual.image.ImageStim'>, anchor=('center', 'center'), autoLog=True, color=array([1., 1., 1.]), colorSpace='rgb', contrast=1.0, depth=-3.0, draggable=False, flipHoriz=False, flipVert=False, image='default.png', interpolate=True, mask=None, maskParams=None, name='image_3', opacity=1.0, ori=0.0, pos=array([0., 0.]), size=array([0.35, 0.35]), texRes=128.0, units='height', win=Window(...))
10.9392 	EXP 	Created unnamed MovieStim3 = MovieStim3(__class__=<class 'psychopy.visual.movie3.MovieStim3'>, anchor=('center', 'center'), autoLog=True, color=UNKNOWN, colorSpace=UNKNOWN, depth=0.0, filename='imgs/titanic_spanish.mp4', flipHoriz=False, flipVert=False, fps=UNKNOWN, interpolate=True, loop=False, name='unnamed MovieStim3', noAudio=False, opacity=1, ori=method-wrapper(...), pos=array([0., 0.]), size=None, units='pix', vframe_callback=UNKNOWN, volume=UNKNOWN, win=Window(...))
12.1491 	WARNING 	1.2098661000054562: Video catchup needed, advancing self._nextFrameT from 0.0 to 0.04
12.1491 	WARNING 	1.2099006000062218: Video catchup needed, advancing self._nextFrameT from 0.04 to 0.08
12.1492 	WARNING 	1.2099118000041926: Video catchup needed, advancing self._nextFrameT from 0.08 to 0.12
12.1492 	WARNING 	1.209921999994549: Video catchup needed, advancing self._nextFrameT from 0.12 to 0.16
12.1492 	WARNING 	1.2099320999986958: Video catchup needed, advancing self._nextFrameT from 0.16 to 0.2
12.1492 	WARNING 	1.2099422000028426: Video catchup needed, advancing self._nextFrameT from 0.2 to 0.24000000000000002
12.1492 	WARNING 	1.2099629000003915: Video catchup needed, advancing self._nextFrameT from 0.24000000000000002 to 0.28
12.1492 	WARNING 	1.2099735999945551: Video catchup needed, advancing self._nextFrameT from 0.28 to 0.32
12.1492 	WARNING 	1.2099832999956561: Video catchup needed, advancing self._nextFrameT from 0.32 to 0.36
12.1492 	WARNING 	1.2099924999929499: Video catchup needed, advancing self._nextFrameT from 0.36 to 0.39999999999999997
12.1492 	WARNING 	Max reportNDroppedFrames reached, will not log any more dropped frames
12.1786 	EXP 	Created unnamed MovieStim3 = MovieStim3(__class__=<class 'psychopy.visual.movie3.MovieStim3'>, anchor=('center', 'center'), autoLog=True, color=UNKNOWN, colorSpace=UNKNOWN, depth=0.0, filename='imgs/titanic.mp4', flipHoriz=False, flipVert=False, fps=UNKNOWN, interpolate=True, loop=False, name='unnamed MovieStim3', noAudio=False, opacity=1, ori=method-wrapper(...), pos=array([  0., 100.]), size=None, units='pix', vframe_callback=UNKNOWN, volume=UNKNOWN, win=Window(...))
13.2731 	WARNING 	1.0944697999948403: Video catchup needed, advancing self._nextFrameT from 0.0 to 0.03336666666666667
13.2732 	WARNING 	1.0945103999983985: Video catchup needed, advancing self._nextFrameT from 0.03336666666666667 to 0.06673333333333334
13.2732 	WARNING 	1.0945228999917163: Video catchup needed, advancing self._nextFrameT from 0.06673333333333334 to 0.10010000000000001
13.2732 	WARNING 	1.0945337999874027: Video catchup needed, advancing self._nextFrameT from 0.10010000000000001 to 0.13346666666666668
13.2732 	WARNING 	1.0945444999961182: Video catchup needed, advancing self._nextFrameT from 0.13346666666666668 to 0.16683333333333333
13.2732 	WARNING 	1.0945543999987422: Video catchup needed, advancing self._nextFrameT from 0.16683333333333333 to 0.2002
13.2732 	WARNING 	1.0945641999860527: Video catchup needed, advancing self._nextFrameT from 0.2002 to 0.23356666666666664
13.2732 	WARNING 	1.0945734999986598: Video catchup needed, advancing self._nextFrameT from 0.23356666666666664 to 0.2669333333333333
13.2732 	WARNING 	1.0945835999882547: Video catchup needed, advancing self._nextFrameT from 0.2669333333333333 to 0.30029999999999996
13.2732 	WARNING 	1.0946006999874953: Video catchup needed, advancing self._nextFrameT from 0.30029999999999996 to 0.3336666666666666
13.2733 	WARNING 	Max reportNDroppedFrames reached, will not log any more dropped frames
13.2995 	EXP 	window1: mouseVisible = True
13.3084 	EXP 	Created image_4 = ImageStim(__class__=<class 'psychopy.visual.image.ImageStim'>, anchor=('center', 'center'), autoLog=True, color=array([1., 1., 1.]), colorSpace='rgb', contrast=1.0, depth=-4.0, draggable=False, flipHoriz=False, flipVert=False, image='default.png', interpolate=True, mask=None, maskParams=None, name='image_4', opacity=1.0, ori=0.0, pos=array([0., 0.]), size=array([0.35, 0.35]), texRes=128.0, units='height', win=Window(...))
13.3086 	EXP 	window1: mouseVisible = True
13.3193 	EXP 	Created text_4 = TextStim(__class__=<class 'psychopy.visual.text.TextStim'>, alignHoriz=method-wrapper(...), alignText='center', alignVert=method-wrapper(...), anchorHoriz='center', anchorVert='center', antialias=True, autoDraw=False, autoLog=True, bold=False, color=array([1., 1., 1.]), colorSpace='rgb', contrast=1.0, depth=0.0, draggable=False, flipHoriz=False, flipVert=False, font='Open Sans', fontFiles=[], height=0.05, italic=False, languageStyle='LTR', name='text_4', opacity=1.0, ori=0.0, pos=array([0., 0.]), rgb=UNKNOWN, text='¡Muchas gracias por participar!', units='height', win=Window(...), wrapWidth=1)
0.0018 	EXP 	unnamed MovieStim3: autoLog = True
0.0018 	EXP 	unnamed MovieStim3: movie = 'imgs/video_mar.mp4'
0.0018 	EXP 	unnamed MovieStim3: ori = 0.0
0.0018 	EXP 	unnamed MovieStim3: autoLog = True
0.0018 	EXP 	unnamed MovieStim3: movie = 'imgs/song_titanic.mp4'
0.0018 	EXP 	unnamed MovieStim3: ori = 0.0
0.0018 	EXP 	unnamed MovieStim3: autoLog = True
0.0018 	EXP 	unnamed MovieStim3: movie = 'imgs/titanic_spanish.mp4'
0.0018 	EXP 	unnamed MovieStim3: ori = 0.0
0.0018 	EXP 	unnamed MovieStim3: autoLog = True
0.0018 	EXP 	unnamed MovieStim3: movie = 'imgs/titanic_spanish.mp4'
0.0018 	EXP 	unnamed MovieStim3: ori = 0.0
0.0018 	EXP 	unnamed MovieStim3: autoLog = True
0.0018 	EXP 	unnamed MovieStim3: movie = 'imgs/titanic.mp4'
0.0018 	EXP 	unnamed MovieStim3: ori = 0.0
0.0134 	EXP 	image_5: autoDraw = True
0.0134 	EXP 	text_6: autoDraw = True
3.0180 	EXP 	image_5: autoDraw = False
3.0180 	EXP 	text_6: autoDraw = False
3.0180 	EXP 	text_5: autoDraw = True
7.2903 	DATA 	Keypress: space
7.2983 	EXP 	text_5: autoDraw = False
7.2983 	EXP 	text_7: height = 0.05
7.2983 	EXP 	text_7: height = 0.05
7.2983 	EXP 	text_7: height = 0.05
7.2983 	EXP 	text_7: text = 'Ronda 1/4'
7.2983 	EXP 	text_7: autoDraw = True
9.2918 	EXP 	Imported imgs/iceberg_times.xlsx as conditions, 2 conditions, 3 params
9.2921 	EXP 	Created sequence: random, trialTypes=2, nReps=1, seed=None
9.2923 	EXP 	New trial (rep=0, index=0): {'timepresentation': 8, 'posx': -0.5, 'posy': 0.15}
9.2973 	EXP 	Sound  started
9.2976 	EXP 	New trial (rep=0, index=1): {'timepresentation': 6, 'posx': -0.8, 'posy': 0.15}
9.3081 	EXP 	Imported imgs/iceberg_times.xlsx as conditions, 2 conditions, 3 params
9.3084 	EXP 	Created sequence: random, trialTypes=2, nReps=1, seed=None
9.3086 	EXP 	New trial (rep=0, index=0): {'timepresentation': 6, 'posx': -0.8, 'posy': 0.15}
9.3128 	EXP 	Sound  started
9.3131 	EXP 	New trial (rep=0, index=1): {'timepresentation': 8, 'posx': -0.5, 'posy': 0.15}
9.3398 	EXP 	Sound  stopped
9.3466 	EXP 	Imported imgs/iceberg_times.xlsx as conditions, 2 conditions, 3 params
9.3469 	EXP 	Created sequence: random, trialTypes=2, nReps=1, seed=None
9.3471 	EXP 	New trial (rep=0, index=0): {'timepresentation': 6, 'posx': -0.8, 'posy': 0.15}
9.3471 	EXP 	Sound  started
9.3547 	EXP 	New trial (rep=0, index=1): {'timepresentation': 8, 'posx': -0.5, 'posy': 0.15}
9.3789 	EXP 	Sound  stopped
9.3860 	EXP 	Imported imgs/iceberg_times.xlsx as conditions, 2 conditions, 3 params
9.3862 	EXP 	Created sequence: random, trialTypes=2, nReps=1, seed=None
9.3863 	EXP 	New trial (rep=0, index=0): {'timepresentation': 5, 'posx': -0.5, 'posy': 0.15}
9.3864 	EXP 	Sound  started
9.3866 	EXP 	Sound  started
9.4014 	EXP 	text_7: autoDraw = False
9.4014 	EXP 	text_7: autoDraw = False
9.4014 	EXP 	image: image = 'imgs/iceberg.png'
9.4014 	EXP 	Set unnamed MovieStim3 playing
9.4014 	EXP 	image: autoDraw = False
9.4014 	EXP 	image: image = 'imgs/iceberg.png'
9.4014 	EXP 	image: autoDraw = False
9.4014 	EXP 	image_2: image = 'imgs/iceberg.png'
9.4014 	EXP 	Set unnamed MovieStim3 playing
9.4014 	EXP 	image_2: autoDraw = False
9.4014 	EXP 	image_2: image = 'imgs/iceberg.png'
9.4014 	EXP 	image_2: autoDraw = False
9.4014 	EXP 	Set unnamed MovieStim3 stopped
9.4014 	EXP 	Set unnamed MovieStim3 playing
9.4014 	EXP 	image_3: image = 'imgs/iceberg.png'
9.4014 	EXP 	image_3: autoDraw = False
9.4014 	EXP 	image_3: image = 'imgs/iceberg.png'
9.4014 	EXP 	image_3: autoDraw = False
9.4014 	EXP 	Set unnamed MovieStim3 stopped
9.4014 	EXP 	Set unnamed MovieStim3 playing
9.4014 	EXP 	Set unnamed MovieStim3 playing
9.4014 	EXP 	image_4: image = 'imgs/iceberg.png'
14.3806 	EXP 	image_4: autoDraw = True
16.0415 	EXP 	New trial (rep=0, index=1): {'timepresentation': 15, 'posx': 0.8, 'posy': 0.1}
16.0478 	DATA 	Keypress: space
16.0553 	EXP 	image_4: autoDraw = False
16.0553 	EXP 	image_4: image = 'imgs/iceberg.png'
27.3898 	EXP 	Sound  stopped
27.5108 	EXP 	Sound  started
27.5109 	WARNING 	0.13851380000414792: Video catchup needed, advancing self._nextFrameT from 0.0 to 0.04
27.5109 	WARNING 	0.13853419999941252: Video catchup needed, advancing self._nextFrameT from 0.04 to 0.08
27.6187 	WARNING 	19.232990700009395: Video catchup needed, advancing self._nextFrameT from 18.985633333333094 to 19.01899999999976
27.6187 	WARNING 	19.233034500008216: Video catchup needed, advancing self._nextFrameT from 19.01899999999976 to 19.052366666666426
27.6187 	WARNING 	19.23304580000695: Video catchup needed, advancing self._nextFrameT from 19.052366666666426 to 19.085733333333092
27.6187 	WARNING 	19.233055100005004: Video catchup needed, advancing self._nextFrameT from 19.085733333333092 to 19.119099999999758
27.6187 	WARNING 	19.233065000007628: Video catchup needed, advancing self._nextFrameT from 19.119099999999758 to 19.152466666666424
27.6187 	WARNING 	19.233074400006444: Video catchup needed, advancing self._nextFrameT from 19.152466666666424 to 19.18583333333309
27.6317 	EXP 	Set unnamed MovieStim3 finished
27.6318 	WARNING 	19.365401699993527: Video catchup needed, advancing self._nextFrameT from 19.11999999999977 to 19.15999999999977
27.6319 	WARNING 	19.365450399986003: Video catchup needed, advancing self._nextFrameT from 19.15999999999977 to 19.19999999999977
27.6319 	WARNING 	19.365462299989304: Video catchup needed, advancing self._nextFrameT from 19.19999999999977 to 19.239999999999768
27.6319 	WARNING 	19.36547159998736: Video catchup needed, advancing self._nextFrameT from 19.239999999999768 to 19.279999999999767
27.6319 	WARNING 	19.365480699998443: Video catchup needed, advancing self._nextFrameT from 19.279999999999767 to 19.319999999999766
27.6375 	WARNING 	0.26516569999512285: Video catchup needed, advancing self._nextFrameT from 0.12 to 0.16
27.6375 	WARNING 	0.26519780000671744: Video catchup needed, advancing self._nextFrameT from 0.16 to 0.2
31.0532 	EXP 	image_4: autoDraw = True
31.5484 	EXP 	Sound  stopped
31.5690 	EXP 	Sound  stopped
31.5707 	DATA 	Keypress: space
31.5752 	EXP 	image_4: autoDraw = False
31.5752 	EXP 	Set unnamed MovieStim3 stopped
31.5752 	EXP 	Set unnamed MovieStim3 stopped
31.5752 	EXP 	text_4: autoDraw = True
33.5821 	EXP 	text_4: autoDraw = False
33.5821 	EXP 	text_4: autoDraw = False
33.5823 	EXP 	tarea_iceberg: status = STOPPED
33.7207 	EXP 	window1: mouseVisible = True
