6.1250 	WARNING 	User requested fullscreen with size [1536  864], but screen is actually [1920, 1080]. Using actual size
6.6776 	EXP 	Created window1 = Window(allowGUI=True, allowStencil=False, autoLog=True, backendConf=UNKNOWN, backgroundFit=<method-wrapper '__getattribute__' of attributeSetter object at 0x000001FD7C4D1040>, backgroundImage=<method-wrapper '__getattribute__' of attributeSetter object at 0x000001FD7C4BEFD0>, bitsMode=UNKNOWN, blendMode='avg', bpc=(8, 8, 8), color=array([0, 0, 0]), colorSpace='rgb', depthBits=8, fullscr=<method-wrapper '__getattribute__' of attributeSetter object at 0x000001FD7C4BEE80>, gamma=None, gammaErrorPolicy='raise', lms=UNKNOWN, monitor=<psychopy.monitors.calibTools.Monitor object at 0x000001FD7CA815B0>, multiSample=False, name='window1', numSamples=2, pos=(1920, 789), screen=0, size=array([1920, 1080]), stencilBits=0, stereo=False, title='PsychoPy', units='height', useFBO=True, useRetina=False, viewOri=0.0, viewPos=None, viewScale=None, waitBlanking=True, winType='pyglet')
6.6777 	EXP 	window1: mouseVisible = True
6.6777 	EXP 	window1: backgroundImage = ''
6.6777 	EXP 	window1: backgroundFit = 'none'
6.6787 	EXP 	window1: Attempting to measure frame rate of screen (0) ...
6.6787 	EXP 	window1: recordFrameIntervals = False
6.8443 	EXP 	window1: recordFrameIntervals = True
7.0279 	EXP 	Screen (0) actual frame rate measured at 59.97Hz
7.0279 	EXP 	window1: recordFrameIntervals = False
7.0281 	EXP 	window1: mouseVisible = False
8.6948 	EXP 	tarea_iceberg: status = STARTED
8.6950 	EXP 	window1: mouseVisible = True
8.6955 	WARNING 	Requested image 'imgs/logo_OB.jpeg' not found but similar filename 'imgs/logo_OB.png' exists. This will be used instead but changing the filename is advised.
8.6996 	WARNING 	Requested image 'imgs/logo_OB.jpeg' not found but similar filename 'imgs/logo_OB.png' exists. This will be used instead but changing the filename is advised.
8.7027 	WARNING 	Requested image 'imgs/logo_OB.jpeg' not found but similar filename 'imgs/logo_OB.png' exists. This will be used instead but changing the filename is advised.
8.7057 	WARNING 	Requested image 'imgs/logo_OB.jpeg' not found but similar filename 'imgs/logo_OB.png' exists. This will be used instead but changing the filename is advised.
8.7114 	EXP 	Created image_5 = ImageStim(__class__=<class 'psychopy.visual.image.ImageStim'>, anchor=('center', 'center'), autoLog=True, color=array([1., 1., 1.]), colorSpace='rgb', contrast=1.0, depth=0.0, draggable=False, flipHoriz=False, flipVert=False, image='imgs/logo_OB.jpeg', interpolate=True, mask=None, maskParams=None, name='image_5', opacity=1.0, ori=0.0, pos=array([0., 0.]), size=array([0.6, 0.7]), texRes=128.0, units='height', win=Window(...))
8.7117 	EXP 	window1: mouseVisible = True
8.7673 	EXP 	Created text_6 = TextStim(__class__=<class 'psychopy.visual.text.TextStim'>, alignHoriz=method-wrapper(...), alignText='center', alignVert=method-wrapper(...), anchorHoriz='center', anchorVert='center', antialias=True, autoDraw=False, autoLog=True, bold=False, color=array([1., 1., 1.]), colorSpace='rgb', contrast=1.0, depth=-1.0, draggable=False, flipHoriz=False, flipVert=False, font='Open Sans', fontFiles=[], height=0.04, italic=False, languageStyle='LTR', name='text_6', opacity=1.0, ori=0.0, pos=array([ 0.  , -0.35]), rgb=UNKNOWN, text='¡Bienvenido a un experimento de Open Brains!', units='height', win=Window(...), wrapWidth=1)
8.7674 	EXP 	window1: mouseVisible = True
8.7842 	EXP 	Created text_5 = TextStim(__class__=<class 'psychopy.visual.text.TextStim'>, alignHoriz=method-wrapper(...), alignText='center', alignVert=method-wrapper(...), anchorHoriz='center', anchorVert='center', antialias=True, autoDraw=False, autoLog=True, bold=False, color=array([1., 1., 1.]), colorSpace='rgb', contrast=1.0, depth=0.0, draggable=False, flipHoriz=False, flipVert=False, font='Open Sans', fontFiles=[], height=0.035, italic=False, languageStyle='LTR', name='text_5', opacity=1.0, ori=0.0, pos=array([0., 0.]), rgb=UNKNOWN, text=str(...), units='height', win=Window(...), wrapWidth=1)
8.7843 	EXP 	window1: mouseVisible = True
8.7854 	EXP 	Created text_7 = TextStim(__class__=<class 'psychopy.visual.text.TextStim'>, alignHoriz=method-wrapper(...), alignText='center', alignVert=method-wrapper(...), anchorHoriz='center', anchorVert='center', antialias=True, autoDraw=False, autoLog=True, bold=False, color=array([1., 1., 1.]), colorSpace='rgb', contrast=1.0, depth=0.0, draggable=False, flipHoriz=False, flipVert=False, font='Open Sans', fontFiles=[], height=0.05, italic=False, languageStyle='LTR', name='text_7', opacity=1.0, ori=0.0, pos=array([0., 0.]), rgb=UNKNOWN, text='', units='height', win=Window(...), wrapWidth=1)
8.7855 	EXP 	window1: mouseVisible = True
8.7934 	EXP 	Created image = ImageStim(__class__=<class 'psychopy.visual.image.ImageStim'>, anchor=('center', 'center'), autoLog=True, color=array([1., 1., 1.]), colorSpace='rgb', contrast=1.0, depth=-1.0, draggable=False, flipHoriz=False, flipVert=False, image='default.png', interpolate=True, mask=None, maskParams=None, name='image', opacity=1.0, ori=0.0, pos=array([0., 0.]), size=array([0.35, 0.35]), texRes=128.0, units='height', win=Window(...))
8.8936 	EXP 	Created unnamed MovieStim3 = MovieStim3(__class__=<class 'psychopy.visual.movie3.MovieStim3'>, anchor=('center', 'center'), autoLog=True, color=UNKNOWN, colorSpace=UNKNOWN, depth=0.0, filename='imgs/video_mar_luis.mp4', flipHoriz=False, flipVert=False, fps=UNKNOWN, interpolate=True, loop=True, name='unnamed MovieStim3', noAudio=False, opacity=1, ori=method-wrapper(...), pos=array([0., 0.]), size=None, units='pix', vframe_callback=UNKNOWN, volume=UNKNOWN, win=Window(...))
10.0510 	WARNING 	1.1573893000604585: Video catchup needed, advancing self._nextFrameT from 0.0 to 0.03333333333333333
10.0511 	WARNING 	1.1574226000811905: Video catchup needed, advancing self._nextFrameT from 0.03333333333333333 to 0.06666666666666667
10.0511 	WARNING 	1.1574333000462502: Video catchup needed, advancing self._nextFrameT from 0.06666666666666667 to 0.1
10.0511 	WARNING 	1.1574427000014111: Video catchup needed, advancing self._nextFrameT from 0.1 to 0.13333333333333333
10.0511 	WARNING 	1.1574510000646114: Video catchup needed, advancing self._nextFrameT from 0.13333333333333333 to 0.16666666666666666
10.0511 	WARNING 	1.1574598000152037: Video catchup needed, advancing self._nextFrameT from 0.16666666666666666 to 0.19999999999999998
10.0511 	WARNING 	1.1574684000806883: Video catchup needed, advancing self._nextFrameT from 0.19999999999999998 to 0.2333333333333333
10.0511 	WARNING 	1.1574767000274733: Video catchup needed, advancing self._nextFrameT from 0.2333333333333333 to 0.26666666666666666
10.0511 	WARNING 	1.1574854999780655: Video catchup needed, advancing self._nextFrameT from 0.26666666666666666 to 0.3
10.0511 	WARNING 	1.1574947000481188: Video catchup needed, advancing self._nextFrameT from 0.3 to 0.3333333333333333
10.0511 	WARNING 	Max reportNDroppedFrames reached, will not log any more dropped frames
10.3295 	EXP 	window1: mouseVisible = True
10.3381 	EXP 	Created image_2 = ImageStim(__class__=<class 'psychopy.visual.image.ImageStim'>, anchor=('center', 'center'), autoLog=True, color=array([1., 1., 1.]), colorSpace='rgb', contrast=1.0, depth=-1.0, draggable=False, flipHoriz=False, flipVert=False, image='default.png', interpolate=True, mask=None, maskParams=None, name='image_2', opacity=1.0, ori=0.0, pos=array([0., 0.]), size=array([0.35, 0.35]), texRes=128.0, units='height', win=Window(...))
10.3383 	EXP 	Created unnamed MovieStim3 = MovieStim3(__class__=<class 'psychopy.visual.movie3.MovieStim3'>, anchor=('center', 'center'), autoLog=True, color=UNKNOWN, colorSpace=UNKNOWN, depth=0.0, filename='imgs/song_titanic.mp4', flipHoriz=False, flipVert=False, fps=UNKNOWN, interpolate=True, loop=False, name='unnamed MovieStim3', noAudio=False, opacity=1, ori=method-wrapper(...), pos=array([0., 0.]), size=None, units='pix', vframe_callback=UNKNOWN, volume=UNKNOWN, win=Window(...))
11.0619 	WARNING 	0.7234708999749273: Video catchup needed, advancing self._nextFrameT from 0.0 to 0.041666666666666664
11.0620 	WARNING 	0.7236036999383941: Video catchup needed, advancing self._nextFrameT from 0.041666666666666664 to 0.08333333333333333
11.0620 	WARNING 	0.7236261999933049: Video catchup needed, advancing self._nextFrameT from 0.08333333333333333 to 0.125
11.0620 	WARNING 	0.7236475999234244: Video catchup needed, advancing self._nextFrameT from 0.125 to 0.16666666666666666
11.0620 	WARNING 	0.7236688999691978: Video catchup needed, advancing self._nextFrameT from 0.16666666666666666 to 0.20833333333333331
11.0621 	WARNING 	0.7236884000012651: Video catchup needed, advancing self._nextFrameT from 0.20833333333333331 to 0.24999999999999997
11.0621 	WARNING 	0.7237133999587968: Video catchup needed, advancing self._nextFrameT from 0.24999999999999997 to 0.29166666666666663
11.0621 	WARNING 	0.7237332999939099: Video catchup needed, advancing self._nextFrameT from 0.29166666666666663 to 0.3333333333333333
11.0621 	WARNING 	0.7237533000297844: Video catchup needed, advancing self._nextFrameT from 0.3333333333333333 to 0.375
11.0621 	WARNING 	0.7237727999454364: Video catchup needed, advancing self._nextFrameT from 0.375 to 0.4166666666666667
11.0621 	WARNING 	Max reportNDroppedFrames reached, will not log any more dropped frames
11.0821 	EXP 	Created unnamed MovieStim3 = MovieStim3(__class__=<class 'psychopy.visual.movie3.MovieStim3'>, anchor=('center', 'center'), autoLog=True, color=UNKNOWN, colorSpace=UNKNOWN, depth=0.0, filename='imgs/titanic_spanish.mp4', flipHoriz=False, flipVert=False, fps=UNKNOWN, interpolate=True, loop=False, name='unnamed MovieStim3', noAudio=False, opacity=1, ori=method-wrapper(...), pos=array([0., 0.]), size=None, units='pix', vframe_callback=UNKNOWN, volume=UNKNOWN, win=Window(...))
12.2615 	WARNING 	1.179324800032191: Video catchup needed, advancing self._nextFrameT from 0.0 to 0.04
12.2615 	WARNING 	1.1794315000297502: Video catchup needed, advancing self._nextFrameT from 0.04 to 0.08
12.2616 	WARNING 	1.1794474000344053: Video catchup needed, advancing self._nextFrameT from 0.08 to 0.12
12.2616 	WARNING 	1.1794616000261158: Video catchup needed, advancing self._nextFrameT from 0.12 to 0.16
12.2616 	WARNING 	1.1794745000079274: Video catchup needed, advancing self._nextFrameT from 0.16 to 0.2
12.2616 	WARNING 	1.1794861999806017: Video catchup needed, advancing self._nextFrameT from 0.2 to 0.24000000000000002
12.2616 	WARNING 	1.1795031999936327: Video catchup needed, advancing self._nextFrameT from 0.24000000000000002 to 0.28
12.2616 	WARNING 	1.179512600065209: Video catchup needed, advancing self._nextFrameT from 0.28 to 0.32
12.2616 	WARNING 	1.1795234000310302: Video catchup needed, advancing self._nextFrameT from 0.32 to 0.36
12.2616 	WARNING 	1.1795356000075117: Video catchup needed, advancing self._nextFrameT from 0.36 to 0.39999999999999997
12.2617 	WARNING 	Max reportNDroppedFrames reached, will not log any more dropped frames
12.2909 	EXP 	window1: mouseVisible = True
12.2990 	EXP 	Created image_3 = ImageStim(__class__=<class 'psychopy.visual.image.ImageStim'>, anchor=('center', 'center'), autoLog=True, color=array([1., 1., 1.]), colorSpace='rgb', contrast=1.0, depth=-3.0, draggable=False, flipHoriz=False, flipVert=False, image='default.png', interpolate=True, mask=None, maskParams=None, name='image_3', opacity=1.0, ori=0.0, pos=array([0., 0.]), size=array([0.35, 0.35]), texRes=128.0, units='height', win=Window(...))
12.2992 	EXP 	Created unnamed MovieStim3 = MovieStim3(__class__=<class 'psychopy.visual.movie3.MovieStim3'>, anchor=('center', 'center'), autoLog=True, color=UNKNOWN, colorSpace=UNKNOWN, depth=0.0, filename='imgs/titanic_spanish.mp4', flipHoriz=False, flipVert=False, fps=UNKNOWN, interpolate=True, loop=False, name='unnamed MovieStim3', noAudio=False, opacity=1, ori=method-wrapper(...), pos=array([0., 0.]), size=None, units='pix', vframe_callback=UNKNOWN, volume=UNKNOWN, win=Window(...))
13.4649 	WARNING 	1.165558599983342: Video catchup needed, advancing self._nextFrameT from 0.0 to 0.04
13.4649 	WARNING 	1.1656452000606805: Video catchup needed, advancing self._nextFrameT from 0.04 to 0.08
13.4649 	WARNING 	1.1656591000501066: Video catchup needed, advancing self._nextFrameT from 0.08 to 0.12
13.4649 	WARNING 	1.1656694000121206: Video catchup needed, advancing self._nextFrameT from 0.12 to 0.16
13.4649 	WARNING 	1.1656802000943571: Video catchup needed, advancing self._nextFrameT from 0.16 to 0.2
13.4649 	WARNING 	1.1656894000479952: Video catchup needed, advancing self._nextFrameT from 0.2 to 0.24000000000000002
13.4650 	WARNING 	1.1657029000343755: Video catchup needed, advancing self._nextFrameT from 0.24000000000000002 to 0.28
13.4650 	WARNING 	1.1657117999857292: Video catchup needed, advancing self._nextFrameT from 0.28 to 0.32
13.4650 	WARNING 	1.165720200049691: Video catchup needed, advancing self._nextFrameT from 0.32 to 0.36
13.4650 	WARNING 	1.165728299994953: Video catchup needed, advancing self._nextFrameT from 0.36 to 0.39999999999999997
13.4650 	WARNING 	Max reportNDroppedFrames reached, will not log any more dropped frames
13.4985 	EXP 	Created unnamed MovieStim3 = MovieStim3(__class__=<class 'psychopy.visual.movie3.MovieStim3'>, anchor=('center', 'center'), autoLog=True, color=UNKNOWN, colorSpace=UNKNOWN, depth=0.0, filename='imgs/titanic.mp4', flipHoriz=False, flipVert=False, fps=UNKNOWN, interpolate=True, loop=False, name='unnamed MovieStim3', noAudio=False, opacity=1, ori=method-wrapper(...), pos=array([  0., 100.]), size=None, units='pix', vframe_callback=UNKNOWN, volume=UNKNOWN, win=Window(...))
14.5287 	WARNING 	1.0301931999856606: Video catchup needed, advancing self._nextFrameT from 0.0 to 0.03336666666666667
14.5288 	WARNING 	1.03023979999125: Video catchup needed, advancing self._nextFrameT from 0.03336666666666667 to 0.06673333333333334
14.5288 	WARNING 	1.0302508999593556: Video catchup needed, advancing self._nextFrameT from 0.06673333333333334 to 0.10010000000000001
14.5288 	WARNING 	1.0302606999175623: Video catchup needed, advancing self._nextFrameT from 0.10010000000000001 to 0.13346666666666668
14.5288 	WARNING 	1.0302701999899: Video catchup needed, advancing self._nextFrameT from 0.13346666666666668 to 0.16683333333333333
14.5288 	WARNING 	1.0302788999397308: Video catchup needed, advancing self._nextFrameT from 0.16683333333333333 to 0.2002
14.5288 	WARNING 	1.030287200002931: Video catchup needed, advancing self._nextFrameT from 0.2002 to 0.23356666666666664
14.5288 	WARNING 	1.0302962999558076: Video catchup needed, advancing self._nextFrameT from 0.23356666666666664 to 0.2669333333333333
14.5288 	WARNING 	1.0303047999041155: Video catchup needed, advancing self._nextFrameT from 0.2669333333333333 to 0.30029999999999996
14.5288 	WARNING 	1.0303136999718845: Video catchup needed, advancing self._nextFrameT from 0.30029999999999996 to 0.3336666666666666
14.5288 	WARNING 	Max reportNDroppedFrames reached, will not log any more dropped frames
14.5609 	EXP 	window1: mouseVisible = True
14.5692 	EXP 	Created image_4 = ImageStim(__class__=<class 'psychopy.visual.image.ImageStim'>, anchor=('center', 'center'), autoLog=True, color=array([1., 1., 1.]), colorSpace='rgb', contrast=1.0, depth=-4.0, draggable=False, flipHoriz=False, flipVert=False, image='default.png', interpolate=True, mask=None, maskParams=None, name='image_4', opacity=1.0, ori=0.0, pos=array([0., 0.]), size=array([0.35, 0.35]), texRes=128.0, units='height', win=Window(...))
14.5693 	EXP 	window1: mouseVisible = True
14.5700 	EXP 	Created text_8 = TextStim(__class__=<class 'psychopy.visual.text.TextStim'>, alignHoriz=method-wrapper(...), alignText='center', alignVert=method-wrapper(...), anchorHoriz='center', anchorVert='center', antialias=True, autoDraw=False, autoLog=True, bold=False, color=array([1., 1., 1.]), colorSpace='rgb', contrast=1.0, depth=0.0, draggable=False, flipHoriz=False, flipVert=False, font='Open Sans', fontFiles=[], height=0.05, italic=False, languageStyle='LTR', name='text_8', opacity=1.0, ori=0.0, pos=array([0., 0.]), rgb=UNKNOWN, text='', units='height', win=Window(...), wrapWidth=1)
14.5701 	EXP 	window1: mouseVisible = True
14.5775 	EXP 	Created image_6 = ImageStim(__class__=<class 'psychopy.visual.image.ImageStim'>, anchor=('center', 'center'), autoLog=True, color=array([1., 1., 1.]), colorSpace='rgb', contrast=1.0, depth=-1.0, draggable=False, flipHoriz=False, flipVert=False, image='default.png', interpolate=True, mask=None, maskParams=None, name='image_6', opacity=1.0, ori=0.0, pos=array([0., 0.]), size=array([0.35, 0.35]), texRes=128.0, units='height', win=Window(...))
14.5777 	EXP 	Created unnamed MovieStim3 = MovieStim3(__class__=<class 'psychopy.visual.movie3.MovieStim3'>, anchor=('center', 'center'), autoLog=True, color=UNKNOWN, colorSpace=UNKNOWN, depth=0.0, filename='imgs/video_mar_luis.mp4', flipHoriz=False, flipVert=False, fps=UNKNOWN, interpolate=True, loop=True, name='unnamed MovieStim3', noAudio=False, opacity=1, ori=method-wrapper(...), pos=array([0., 0.]), size=None, units='pix', vframe_callback=UNKNOWN, volume=UNKNOWN, win=Window(...))
15.1136 	WARNING 	0.5357607000041753: Video catchup needed, advancing self._nextFrameT from 0.0 to 0.03333333333333333
15.1136 	WARNING 	0.5358564000343904: Video catchup needed, advancing self._nextFrameT from 0.03333333333333333 to 0.06666666666666667
15.1136 	WARNING 	0.5358688000123948: Video catchup needed, advancing self._nextFrameT from 0.06666666666666667 to 0.1
15.1136 	WARNING 	0.5358801000984386: Video catchup needed, advancing self._nextFrameT from 0.1 to 0.13333333333333333
15.1136 	WARNING 	0.535892500076443: Video catchup needed, advancing self._nextFrameT from 0.13333333333333333 to 0.16666666666666666
15.1137 	WARNING 	0.5359024000354111: Video catchup needed, advancing self._nextFrameT from 0.16666666666666666 to 0.19999999999999998
15.1137 	WARNING 	0.5359118001069874: Video catchup needed, advancing self._nextFrameT from 0.19999999999999998 to 0.2333333333333333
15.1137 	WARNING 	0.5359223000705242: Video catchup needed, advancing self._nextFrameT from 0.2333333333333333 to 0.26666666666666666
15.1137 	WARNING 	0.535931900027208: Video catchup needed, advancing self._nextFrameT from 0.26666666666666666 to 0.3
15.1137 	WARNING 	0.5359417001018301: Video catchup needed, advancing self._nextFrameT from 0.3 to 0.3333333333333333
15.1137 	WARNING 	Max reportNDroppedFrames reached, will not log any more dropped frames
15.2467 	EXP 	window1: mouseVisible = True
15.2558 	EXP 	Created image_7 = ImageStim(__class__=<class 'psychopy.visual.image.ImageStim'>, anchor=('center', 'center'), autoLog=True, color=array([1., 1., 1.]), colorSpace='rgb', contrast=1.0, depth=-1.0, draggable=False, flipHoriz=False, flipVert=False, image='default.png', interpolate=True, mask=None, maskParams=None, name='image_7', opacity=1.0, ori=0.0, pos=array([0., 0.]), size=array([0.35, 0.35]), texRes=128.0, units='height', win=Window(...))
15.2560 	EXP 	Created unnamed MovieStim3 = MovieStim3(__class__=<class 'psychopy.visual.movie3.MovieStim3'>, anchor=('center', 'center'), autoLog=True, color=UNKNOWN, colorSpace=UNKNOWN, depth=0.0, filename='imgs/song_titanic.mp4', flipHoriz=False, flipVert=False, fps=UNKNOWN, interpolate=True, loop=False, name='unnamed MovieStim3', noAudio=False, opacity=1, ori=method-wrapper(...), pos=array([0., 0.]), size=None, units='pix', vframe_callback=UNKNOWN, volume=UNKNOWN, win=Window(...))
15.9981 	WARNING 	0.7420279000652954: Video catchup needed, advancing self._nextFrameT from 0.0 to 0.041666666666666664
15.9981 	WARNING 	0.7420581000624225: Video catchup needed, advancing self._nextFrameT from 0.041666666666666664 to 0.08333333333333333
15.9981 	WARNING 	0.7420679000206292: Video catchup needed, advancing self._nextFrameT from 0.08333333333333333 to 0.125
15.9981 	WARNING 	0.7420766000868753: Video catchup needed, advancing self._nextFrameT from 0.125 to 0.16666666666666666
15.9981 	WARNING 	0.7420850000344217: Video catchup needed, advancing self._nextFrameT from 0.16666666666666666 to 0.20833333333333331
15.9981 	WARNING 	0.7420930000953376: Video catchup needed, advancing self._nextFrameT from 0.20833333333333331 to 0.24999999999999997
15.9981 	WARNING 	0.7421006000367925: Video catchup needed, advancing self._nextFrameT from 0.24999999999999997 to 0.29166666666666663
15.9981 	WARNING 	0.7421088000992313: Video catchup needed, advancing self._nextFrameT from 0.29166666666666663 to 0.3333333333333333
15.9981 	WARNING 	0.7421168000437319: Video catchup needed, advancing self._nextFrameT from 0.3333333333333333 to 0.375
15.9982 	WARNING 	0.7421245001023635: Video catchup needed, advancing self._nextFrameT from 0.375 to 0.4166666666666667
15.9982 	WARNING 	Max reportNDroppedFrames reached, will not log any more dropped frames
16.0103 	EXP 	Created unnamed MovieStim3 = MovieStim3(__class__=<class 'psychopy.visual.movie3.MovieStim3'>, anchor=('center', 'center'), autoLog=True, color=UNKNOWN, colorSpace=UNKNOWN, depth=0.0, filename='imgs/titanic_spanish.mp4', flipHoriz=False, flipVert=False, fps=UNKNOWN, interpolate=True, loop=False, name='unnamed MovieStim3', noAudio=False, opacity=1, ori=method-wrapper(...), pos=array([0., 0.]), size=None, units='pix', vframe_callback=UNKNOWN, volume=UNKNOWN, win=Window(...))
17.1659 	WARNING 	1.1556526999920607: Video catchup needed, advancing self._nextFrameT from 0.0 to 0.04
17.1660 	WARNING 	1.1556866000173613: Video catchup needed, advancing self._nextFrameT from 0.04 to 0.08
17.1660 	WARNING 	1.1556959999725223: Video catchup needed, advancing self._nextFrameT from 0.08 to 0.12
17.1660 	WARNING 	1.1557038000319153: Video catchup needed, advancing self._nextFrameT from 0.12 to 0.16
17.1660 	WARNING 	1.1557140999939293: Video catchup needed, advancing self._nextFrameT from 0.16 to 0.2
17.1660 	WARNING 	1.1557213999330997: Video catchup needed, advancing self._nextFrameT from 0.2 to 0.24000000000000002
17.1660 	WARNING 	1.1557292999932542: Video catchup needed, advancing self._nextFrameT from 0.24000000000000002 to 0.28
17.1660 	WARNING 	1.1557369999354705: Video catchup needed, advancing self._nextFrameT from 0.28 to 0.32
17.1660 	WARNING 	1.1557446999941021: Video catchup needed, advancing self._nextFrameT from 0.32 to 0.36
17.1660 	WARNING 	1.1557519999332726: Video catchup needed, advancing self._nextFrameT from 0.36 to 0.39999999999999997
17.1660 	WARNING 	Max reportNDroppedFrames reached, will not log any more dropped frames
17.1923 	EXP 	window1: mouseVisible = True
17.2018 	EXP 	Created image_8 = ImageStim(__class__=<class 'psychopy.visual.image.ImageStim'>, anchor=('center', 'center'), autoLog=True, color=array([1., 1., 1.]), colorSpace='rgb', contrast=1.0, depth=-3.0, draggable=False, flipHoriz=False, flipVert=False, image='default.png', interpolate=True, mask=None, maskParams=None, name='image_8', opacity=1.0, ori=0.0, pos=array([0., 0.]), size=array([0.35, 0.35]), texRes=128.0, units='height', win=Window(...))
17.2020 	EXP 	Created unnamed MovieStim3 = MovieStim3(__class__=<class 'psychopy.visual.movie3.MovieStim3'>, anchor=('center', 'center'), autoLog=True, color=UNKNOWN, colorSpace=UNKNOWN, depth=0.0, filename='imgs/titanic_spanish.mp4', flipHoriz=False, flipVert=False, fps=UNKNOWN, interpolate=True, loop=False, name='unnamed MovieStim3', noAudio=False, opacity=1, ori=method-wrapper(...), pos=array([0., 0.]), size=None, units='pix', vframe_callback=UNKNOWN, volume=UNKNOWN, win=Window(...))
18.3978 	WARNING 	1.195744700031355: Video catchup needed, advancing self._nextFrameT from 0.0 to 0.04
18.3979 	WARNING 	1.1958260000683367: Video catchup needed, advancing self._nextFrameT from 0.04 to 0.08
18.3979 	WARNING 	1.1958387000486255: Video catchup needed, advancing self._nextFrameT from 0.08 to 0.12
18.3979 	WARNING 	1.1958495000144467: Video catchup needed, advancing self._nextFrameT from 0.12 to 0.16
18.3979 	WARNING 	1.1958590999711305: Video catchup needed, advancing self._nextFrameT from 0.16 to 0.2
18.3979 	WARNING 	1.1958682000404224: Video catchup needed, advancing self._nextFrameT from 0.2 to 0.24000000000000002
18.3979 	WARNING 	1.1958771999925375: Video catchup needed, advancing self._nextFrameT from 0.24000000000000002 to 0.28
18.3979 	WARNING 	1.195886200061068: Video catchup needed, advancing self._nextFrameT from 0.28 to 0.32
18.3979 	WARNING 	1.1958947000093758: Video catchup needed, advancing self._nextFrameT from 0.32 to 0.36
18.3980 	WARNING 	1.1959031000733376: Video catchup needed, advancing self._nextFrameT from 0.36 to 0.39999999999999997
18.3980 	WARNING 	Max reportNDroppedFrames reached, will not log any more dropped frames
18.4282 	EXP 	Created unnamed MovieStim3 = MovieStim3(__class__=<class 'psychopy.visual.movie3.MovieStim3'>, anchor=('center', 'center'), autoLog=True, color=UNKNOWN, colorSpace=UNKNOWN, depth=0.0, filename='imgs/titanic.mp4', flipHoriz=False, flipVert=False, fps=UNKNOWN, interpolate=True, loop=False, name='unnamed MovieStim3', noAudio=False, opacity=1, ori=method-wrapper(...), pos=array([  0., 100.]), size=None, units='pix', vframe_callback=UNKNOWN, volume=UNKNOWN, win=Window(...))
19.5028 	WARNING 	1.0745100999483839: Video catchup needed, advancing self._nextFrameT from 0.0 to 0.03336666666666667
19.5028 	WARNING 	1.0745530999265611: Video catchup needed, advancing self._nextFrameT from 0.03336666666666667 to 0.06673333333333334
19.5028 	WARNING 	1.0745647000148892: Video catchup needed, advancing self._nextFrameT from 0.06673333333333334 to 0.10010000000000001
19.5028 	WARNING 	1.0745745999738574: Video catchup needed, advancing self._nextFrameT from 0.10010000000000001 to 0.13346666666666668
19.5029 	WARNING 	1.074583699926734: Video catchup needed, advancing self._nextFrameT from 0.13346666666666668 to 0.16683333333333333
19.5029 	WARNING 	1.0745922999922186: Video catchup needed, advancing self._nextFrameT from 0.16683333333333333 to 0.2002
19.5029 	WARNING 	1.074600699939765: Video catchup needed, advancing self._nextFrameT from 0.2002 to 0.23356666666666664
19.5029 	WARNING 	1.0746095000067726: Video catchup needed, advancing self._nextFrameT from 0.23356666666666664 to 0.2669333333333333
19.5029 	WARNING 	1.0746181999566033: Video catchup needed, advancing self._nextFrameT from 0.2669333333333333 to 0.30029999999999996
19.5029 	WARNING 	1.074627000023611: Video catchup needed, advancing self._nextFrameT from 0.30029999999999996 to 0.3336666666666666
19.5029 	WARNING 	Max reportNDroppedFrames reached, will not log any more dropped frames
19.5312 	EXP 	window1: mouseVisible = True
19.5436 	EXP 	Created image_9 = ImageStim(__class__=<class 'psychopy.visual.image.ImageStim'>, anchor=('center', 'center'), autoLog=True, color=array([1., 1., 1.]), colorSpace='rgb', contrast=1.0, depth=-4.0, draggable=False, flipHoriz=False, flipVert=False, image='default.png', interpolate=True, mask=None, maskParams=None, name='image_9', opacity=1.0, ori=0.0, pos=array([0., 0.]), size=array([0.35, 0.35]), texRes=128.0, units='height', win=Window(...))
19.5437 	EXP 	window1: mouseVisible = True
19.5444 	EXP 	Created text_9 = TextStim(__class__=<class 'psychopy.visual.text.TextStim'>, alignHoriz=method-wrapper(...), alignText='center', alignVert=method-wrapper(...), anchorHoriz='center', anchorVert='center', antialias=True, autoDraw=False, autoLog=True, bold=False, color=array([1., 1., 1.]), colorSpace='rgb', contrast=1.0, depth=0.0, draggable=False, flipHoriz=False, flipVert=False, font='Open Sans', fontFiles=[], height=0.05, italic=False, languageStyle='LTR', name='text_9', opacity=1.0, ori=0.0, pos=array([0., 0.]), rgb=UNKNOWN, text='', units='height', win=Window(...), wrapWidth=1)
19.5444 	EXP 	window1: mouseVisible = True
19.5548 	EXP 	Created image_10 = ImageStim(__class__=<class 'psychopy.visual.image.ImageStim'>, anchor=('center', 'center'), autoLog=True, color=array([1., 1., 1.]), colorSpace='rgb', contrast=1.0, depth=-1.0, draggable=False, flipHoriz=False, flipVert=False, image='default.png', interpolate=True, mask=None, maskParams=None, name='image_10', opacity=1.0, ori=0.0, pos=array([0., 0.]), size=array([0.35, 0.35]), texRes=128.0, units='height', win=Window(...))
19.5550 	EXP 	Created unnamed MovieStim3 = MovieStim3(__class__=<class 'psychopy.visual.movie3.MovieStim3'>, anchor=('center', 'center'), autoLog=True, color=UNKNOWN, colorSpace=UNKNOWN, depth=0.0, filename='imgs/video_mar_luis.mp4', flipHoriz=False, flipVert=False, fps=UNKNOWN, interpolate=True, loop=True, name='unnamed MovieStim3', noAudio=False, opacity=1, ori=method-wrapper(...), pos=array([0., 0.]), size=None, units='pix', vframe_callback=UNKNOWN, volume=UNKNOWN, win=Window(...))
20.0879 	WARNING 	0.5328918999293819: Video catchup needed, advancing self._nextFrameT from 0.0 to 0.03333333333333333
20.0880 	WARNING 	0.53292699996382: Video catchup needed, advancing self._nextFrameT from 0.03333333333333333 to 0.06666666666666667
20.0880 	WARNING 	0.5329384999349713: Video catchup needed, advancing self._nextFrameT from 0.06666666666666667 to 0.1
20.0880 	WARNING 	0.5329474000027403: Video catchup needed, advancing self._nextFrameT from 0.1 to 0.13333333333333333
20.0880 	WARNING 	0.5329564999556169: Video catchup needed, advancing self._nextFrameT from 0.13333333333333333 to 0.16666666666666666
20.0880 	WARNING 	0.5329655999084935: Video catchup needed, advancing self._nextFrameT from 0.16666666666666666 to 0.19999999999999998
20.0880 	WARNING 	0.5329744999762625: Video catchup needed, advancing self._nextFrameT from 0.19999999999999998 to 0.2333333333333333
20.0880 	WARNING 	0.5329859999474138: Video catchup needed, advancing self._nextFrameT from 0.2333333333333333 to 0.26666666666666666
20.0880 	WARNING 	0.5329949998995289: Video catchup needed, advancing self._nextFrameT from 0.26666666666666666 to 0.3
20.0880 	WARNING 	0.5330040999688208: Video catchup needed, advancing self._nextFrameT from 0.3 to 0.3333333333333333
20.0880 	WARNING 	Max reportNDroppedFrames reached, will not log any more dropped frames
20.2206 	EXP 	window1: mouseVisible = True
20.2307 	EXP 	Created image_11 = ImageStim(__class__=<class 'psychopy.visual.image.ImageStim'>, anchor=('center', 'center'), autoLog=True, color=array([1., 1., 1.]), colorSpace='rgb', contrast=1.0, depth=-1.0, draggable=False, flipHoriz=False, flipVert=False, image='default.png', interpolate=True, mask=None, maskParams=None, name='image_11', opacity=1.0, ori=0.0, pos=array([0., 0.]), size=array([0.35, 0.35]), texRes=128.0, units='height', win=Window(...))
20.2310 	EXP 	Created unnamed MovieStim3 = MovieStim3(__class__=<class 'psychopy.visual.movie3.MovieStim3'>, anchor=('center', 'center'), autoLog=True, color=UNKNOWN, colorSpace=UNKNOWN, depth=0.0, filename='imgs/song_titanic.mp4', flipHoriz=False, flipVert=False, fps=UNKNOWN, interpolate=True, loop=False, name='unnamed MovieStim3', noAudio=False, opacity=1, ori=method-wrapper(...), pos=array([0., 0.]), size=None, units='pix', vframe_callback=UNKNOWN, volume=UNKNOWN, win=Window(...))
21.0017 	WARNING 	0.7707379999337718: Video catchup needed, advancing self._nextFrameT from 0.0 to 0.041666666666666664
21.0017 	WARNING 	0.7707711999537423: Video catchup needed, advancing self._nextFrameT from 0.041666666666666664 to 0.08333333333333333
21.0018 	WARNING 	0.7707827999256551: Video catchup needed, advancing self._nextFrameT from 0.08333333333333333 to 0.125
21.0018 	WARNING 	0.7707927000010386: Video catchup needed, advancing self._nextFrameT from 0.125 to 0.16666666666666666
21.0018 	WARNING 	0.7708028999622911: Video catchup needed, advancing self._nextFrameT from 0.16666666666666666 to 0.20833333333333331
21.0018 	WARNING 	0.7708125999197364: Video catchup needed, advancing self._nextFrameT from 0.20833333333333331 to 0.24999999999999997
21.0018 	WARNING 	0.7708223999943584: Video catchup needed, advancing self._nextFrameT from 0.24999999999999997 to 0.29166666666666663
21.0018 	WARNING 	0.7708316999487579: Video catchup needed, advancing self._nextFrameT from 0.29166666666666663 to 0.3333333333333333
21.0018 	WARNING 	0.7708411000203341: Video catchup needed, advancing self._nextFrameT from 0.3333333333333333 to 0.375
21.0018 	WARNING 	0.7708505999762565: Video catchup needed, advancing self._nextFrameT from 0.375 to 0.4166666666666667
21.0018 	WARNING 	Max reportNDroppedFrames reached, will not log any more dropped frames
21.0164 	EXP 	Created unnamed MovieStim3 = MovieStim3(__class__=<class 'psychopy.visual.movie3.MovieStim3'>, anchor=('center', 'center'), autoLog=True, color=UNKNOWN, colorSpace=UNKNOWN, depth=0.0, filename='imgs/titanic_spanish.mp4', flipHoriz=False, flipVert=False, fps=UNKNOWN, interpolate=True, loop=False, name='unnamed MovieStim3', noAudio=False, opacity=1, ori=method-wrapper(...), pos=array([0., 0.]), size=None, units='pix', vframe_callback=UNKNOWN, volume=UNKNOWN, win=Window(...))
22.2789 	WARNING 	1.262487699976191: Video catchup needed, advancing self._nextFrameT from 0.0 to 0.04
22.2789 	WARNING 	1.2625452999491245: Video catchup needed, advancing self._nextFrameT from 0.04 to 0.08
22.2790 	WARNING 	1.2625619999598712: Video catchup needed, advancing self._nextFrameT from 0.08 to 0.12
22.2790 	WARNING 	1.2625768999569118: Video catchup needed, advancing self._nextFrameT from 0.12 to 0.16
22.2790 	WARNING 	1.2625912999501452: Video catchup needed, advancing self._nextFrameT from 0.16 to 0.2
22.2790 	WARNING 	1.2626061999471858: Video catchup needed, advancing self._nextFrameT from 0.2 to 0.24000000000000002
22.2790 	WARNING 	1.2626213999465108: Video catchup needed, advancing self._nextFrameT from 0.24000000000000002 to 0.28
22.2790 	WARNING 	1.2626357999397442: Video catchup needed, advancing self._nextFrameT from 0.28 to 0.32
22.2790 	WARNING 	1.2626499999314547: Video catchup needed, advancing self._nextFrameT from 0.32 to 0.36
22.2791 	WARNING 	1.2626673999475315: Video catchup needed, advancing self._nextFrameT from 0.36 to 0.39999999999999997
22.2791 	WARNING 	Max reportNDroppedFrames reached, will not log any more dropped frames
22.3142 	EXP 	window1: mouseVisible = True
22.3231 	EXP 	Created image_12 = ImageStim(__class__=<class 'psychopy.visual.image.ImageStim'>, anchor=('center', 'center'), autoLog=True, color=array([1., 1., 1.]), colorSpace='rgb', contrast=1.0, depth=-3.0, draggable=False, flipHoriz=False, flipVert=False, image='default.png', interpolate=True, mask=None, maskParams=None, name='image_12', opacity=1.0, ori=0.0, pos=array([0., 0.]), size=array([0.35, 0.35]), texRes=128.0, units='height', win=Window(...))
22.3234 	EXP 	Created unnamed MovieStim3 = MovieStim3(__class__=<class 'psychopy.visual.movie3.MovieStim3'>, anchor=('center', 'center'), autoLog=True, color=UNKNOWN, colorSpace=UNKNOWN, depth=0.0, filename='imgs/titanic_spanish.mp4', flipHoriz=False, flipVert=False, fps=UNKNOWN, interpolate=True, loop=False, name='unnamed MovieStim3', noAudio=False, opacity=1, ori=method-wrapper(...), pos=array([0., 0.]), size=None, units='pix', vframe_callback=UNKNOWN, volume=UNKNOWN, win=Window(...))
23.5977 	WARNING 	1.2742833000374958: Video catchup needed, advancing self._nextFrameT from 0.0 to 0.04
23.5978 	WARNING 	1.2743982000974938: Video catchup needed, advancing self._nextFrameT from 0.04 to 0.08
23.5978 	WARNING 	1.2744120000861585: Video catchup needed, advancing self._nextFrameT from 0.08 to 0.12
23.5978 	WARNING 	1.274422200047411: Video catchup needed, advancing self._nextFrameT from 0.12 to 0.16
23.5978 	WARNING 	1.2744338000193238: Video catchup needed, advancing self._nextFrameT from 0.16 to 0.2
23.5978 	WARNING 	1.2744428000878543: Video catchup needed, advancing self._nextFrameT from 0.2 to 0.24000000000000002
23.5978 	WARNING 	1.2744522000430152: Video catchup needed, advancing self._nextFrameT from 0.24000000000000002 to 0.28
23.5978 	WARNING 	1.274462000001222: Video catchup needed, advancing self._nextFrameT from 0.28 to 0.32
23.5978 	WARNING 	1.2744710000697523: Video catchup needed, advancing self._nextFrameT from 0.32 to 0.36
23.5979 	WARNING 	1.274480800027959: Video catchup needed, advancing self._nextFrameT from 0.36 to 0.39999999999999997
23.5979 	WARNING 	Max reportNDroppedFrames reached, will not log any more dropped frames
23.6355 	EXP 	Created unnamed MovieStim3 = MovieStim3(__class__=<class 'psychopy.visual.movie3.MovieStim3'>, anchor=('center', 'center'), autoLog=True, color=UNKNOWN, colorSpace=UNKNOWN, depth=0.0, filename='imgs/titanic.mp4', flipHoriz=False, flipVert=False, fps=UNKNOWN, interpolate=True, loop=False, name='unnamed MovieStim3', noAudio=False, opacity=1, ori=method-wrapper(...), pos=array([  0., 100.]), size=None, units='pix', vframe_callback=UNKNOWN, volume=UNKNOWN, win=Window(...))
24.7800 	WARNING 	1.1444074999308214: Video catchup needed, advancing self._nextFrameT from 0.0 to 0.03336666666666667
24.7800 	WARNING 	1.144442299962975: Video catchup needed, advancing self._nextFrameT from 0.03336666666666667 to 0.06673333333333334
24.7800 	WARNING 	1.144454599940218: Video catchup needed, advancing self._nextFrameT from 0.06673333333333334 to 0.10010000000000001
24.7800 	WARNING 	1.144465300021693: Video catchup needed, advancing self._nextFrameT from 0.10010000000000001 to 0.13346666666666668
24.7800 	WARNING 	1.1444762999890372: Video catchup needed, advancing self._nextFrameT from 0.13346666666666668 to 0.16683333333333333
24.7801 	WARNING 	1.1444865999510512: Video catchup needed, advancing self._nextFrameT from 0.16683333333333333 to 0.2002
24.7801 	WARNING 	1.1444963000249118: Video catchup needed, advancing self._nextFrameT from 0.2002 to 0.23356666666666664
24.7801 	WARNING 	1.1445055999793112: Video catchup needed, advancing self._nextFrameT from 0.23356666666666664 to 0.2669333333333333
24.7801 	WARNING 	1.144515199935995: Video catchup needed, advancing self._nextFrameT from 0.2669333333333333 to 0.30029999999999996
24.7801 	WARNING 	1.1445251000113785: Video catchup needed, advancing self._nextFrameT from 0.30029999999999996 to 0.3336666666666666
24.7801 	WARNING 	Max reportNDroppedFrames reached, will not log any more dropped frames
24.8098 	EXP 	window1: mouseVisible = True
24.8188 	EXP 	Created image_13 = ImageStim(__class__=<class 'psychopy.visual.image.ImageStim'>, anchor=('center', 'center'), autoLog=True, color=array([1., 1., 1.]), colorSpace='rgb', contrast=1.0, depth=-4.0, draggable=False, flipHoriz=False, flipVert=False, image='default.png', interpolate=True, mask=None, maskParams=None, name='image_13', opacity=1.0, ori=0.0, pos=array([0., 0.]), size=array([0.35, 0.35]), texRes=128.0, units='height', win=Window(...))
24.8189 	EXP 	window1: mouseVisible = True
24.8196 	EXP 	Created text_10 = TextStim(__class__=<class 'psychopy.visual.text.TextStim'>, alignHoriz=method-wrapper(...), alignText='center', alignVert=method-wrapper(...), anchorHoriz='center', anchorVert='center', antialias=True, autoDraw=False, autoLog=True, bold=False, color=array([1., 1., 1.]), colorSpace='rgb', contrast=1.0, depth=0.0, draggable=False, flipHoriz=False, flipVert=False, font='Open Sans', fontFiles=[], height=0.05, italic=False, languageStyle='LTR', name='text_10', opacity=1.0, ori=0.0, pos=array([0., 0.]), rgb=UNKNOWN, text='', units='height', win=Window(...), wrapWidth=1)
24.8197 	EXP 	window1: mouseVisible = True
24.8275 	EXP 	Created image_14 = ImageStim(__class__=<class 'psychopy.visual.image.ImageStim'>, anchor=('center', 'center'), autoLog=True, color=array([1., 1., 1.]), colorSpace='rgb', contrast=1.0, depth=-1.0, draggable=False, flipHoriz=False, flipVert=False, image='default.png', interpolate=True, mask=None, maskParams=None, name='image_14', opacity=1.0, ori=0.0, pos=array([0., 0.]), size=array([0.35, 0.35]), texRes=128.0, units='height', win=Window(...))
24.8278 	EXP 	Created unnamed MovieStim3 = MovieStim3(__class__=<class 'psychopy.visual.movie3.MovieStim3'>, anchor=('center', 'center'), autoLog=True, color=UNKNOWN, colorSpace=UNKNOWN, depth=0.0, filename='imgs/video_mar_luis.mp4', flipHoriz=False, flipVert=False, fps=UNKNOWN, interpolate=True, loop=True, name='unnamed MovieStim3', noAudio=False, opacity=1, ori=method-wrapper(...), pos=array([0., 0.]), size=None, units='pix', vframe_callback=UNKNOWN, volume=UNKNOWN, win=Window(...))
25.3978 	WARNING 	0.5700114000355825: Video catchup needed, advancing self._nextFrameT from 0.0 to 0.03333333333333333
25.3978 	WARNING 	0.5700700000161305: Video catchup needed, advancing self._nextFrameT from 0.03333333333333333 to 0.06666666666666667
25.3979 	WARNING 	0.5700886999256909: Video catchup needed, advancing self._nextFrameT from 0.06666666666666667 to 0.1
25.3979 	WARNING 	0.5701040999265388: Video catchup needed, advancing self._nextFrameT from 0.1 to 0.13333333333333333
25.3979 	WARNING 	0.5701190000399947: Video catchup needed, advancing self._nextFrameT from 0.13333333333333333 to 0.16666666666666666
25.3979 	WARNING 	0.5701345999259502: Video catchup needed, advancing self._nextFrameT from 0.16666666666666666 to 0.19999999999999998
25.3979 	WARNING 	0.5701501999283209: Video catchup needed, advancing self._nextFrameT from 0.19999999999999998 to 0.2333333333333333
25.3979 	WARNING 	0.5701656999299303: Video catchup needed, advancing self._nextFrameT from 0.2333333333333333 to 0.26666666666666666
25.3980 	WARNING 	0.570181299932301: Video catchup needed, advancing self._nextFrameT from 0.26666666666666666 to 0.3
25.3980 	WARNING 	0.5701971999369562: Video catchup needed, advancing self._nextFrameT from 0.3 to 0.3333333333333333
25.3980 	WARNING 	Max reportNDroppedFrames reached, will not log any more dropped frames
25.5376 	EXP 	window1: mouseVisible = True
25.5480 	EXP 	Created image_15 = ImageStim(__class__=<class 'psychopy.visual.image.ImageStim'>, anchor=('center', 'center'), autoLog=True, color=array([1., 1., 1.]), colorSpace='rgb', contrast=1.0, depth=-1.0, draggable=False, flipHoriz=False, flipVert=False, image='default.png', interpolate=True, mask=None, maskParams=None, name='image_15', opacity=1.0, ori=0.0, pos=array([0., 0.]), size=array([0.35, 0.35]), texRes=128.0, units='height', win=Window(...))
25.5483 	EXP 	Created unnamed MovieStim3 = MovieStim3(__class__=<class 'psychopy.visual.movie3.MovieStim3'>, anchor=('center', 'center'), autoLog=True, color=UNKNOWN, colorSpace=UNKNOWN, depth=0.0, filename='imgs/song_titanic.mp4', flipHoriz=False, flipVert=False, fps=UNKNOWN, interpolate=True, loop=False, name='unnamed MovieStim3', noAudio=False, opacity=1, ori=method-wrapper(...), pos=array([0., 0.]), size=None, units='pix', vframe_callback=UNKNOWN, volume=UNKNOWN, win=Window(...))
26.4261 	WARNING 	0.8778290000045672: Video catchup needed, advancing self._nextFrameT from 0.0 to 0.041666666666666664
26.4261 	WARNING 	0.8778625000268221: Video catchup needed, advancing self._nextFrameT from 0.041666666666666664 to 0.08333333333333333
26.4261 	WARNING 	0.8778782000299543: Video catchup needed, advancing self._nextFrameT from 0.08333333333333333 to 0.125
26.4262 	WARNING 	0.8778896000003442: Video catchup needed, advancing self._nextFrameT from 0.125 to 0.16666666666666666
26.4262 	WARNING 	0.8778993999585509: Video catchup needed, advancing self._nextFrameT from 0.16666666666666666 to 0.20833333333333331
26.4262 	WARNING 	0.8779090000316501: Video catchup needed, advancing self._nextFrameT from 0.20833333333333331 to 0.24999999999999997
26.4262 	WARNING 	0.8779182999860495: Video catchup needed, advancing self._nextFrameT from 0.24999999999999997 to 0.29166666666666663
26.4262 	WARNING 	0.8779279000591487: Video catchup needed, advancing self._nextFrameT from 0.29166666666666663 to 0.3333333333333333
26.4262 	WARNING 	0.8779378000181168: Video catchup needed, advancing self._nextFrameT from 0.3333333333333333 to 0.375
26.4262 	WARNING 	0.8779468999709934: Video catchup needed, advancing self._nextFrameT from 0.375 to 0.4166666666666667
26.4262 	WARNING 	Max reportNDroppedFrames reached, will not log any more dropped frames
26.4444 	EXP 	Created unnamed MovieStim3 = MovieStim3(__class__=<class 'psychopy.visual.movie3.MovieStim3'>, anchor=('center', 'center'), autoLog=True, color=UNKNOWN, colorSpace=UNKNOWN, depth=0.0, filename='imgs/titanic_spanish.mp4', flipHoriz=False, flipVert=False, fps=UNKNOWN, interpolate=True, loop=False, name='unnamed MovieStim3', noAudio=False, opacity=1, ori=method-wrapper(...), pos=array([0., 0.]), size=None, units='pix', vframe_callback=UNKNOWN, volume=UNKNOWN, win=Window(...))
27.7830 	WARNING 	1.338594000088051: Video catchup needed, advancing self._nextFrameT from 0.0 to 0.04
27.7830 	WARNING 	1.338626699987799: Video catchup needed, advancing self._nextFrameT from 0.04 to 0.08
27.7830 	WARNING 	1.3386380000738427: Video catchup needed, advancing self._nextFrameT from 0.08 to 0.12
27.7831 	WARNING 	1.338648600038141: Video catchup needed, advancing self._nextFrameT from 0.12 to 0.16
27.7831 	WARNING 	1.338658900000155: Video catchup needed, advancing self._nextFrameT from 0.16 to 0.2
27.7831 	WARNING 	1.3386688000755385: Video catchup needed, advancing self._nextFrameT from 0.2 to 0.24000000000000002
27.7831 	WARNING 	1.3386789000360295: Video catchup needed, advancing self._nextFrameT from 0.24000000000000002 to 0.28
27.7831 	WARNING 	1.3386918000178412: Video catchup needed, advancing self._nextFrameT from 0.28 to 0.32
27.7831 	WARNING 	1.3387012999737635: Video catchup needed, advancing self._nextFrameT from 0.32 to 0.36
27.7831 	WARNING 	1.3387108000461012: Video catchup needed, advancing self._nextFrameT from 0.36 to 0.39999999999999997
27.7831 	WARNING 	Max reportNDroppedFrames reached, will not log any more dropped frames
27.8178 	EXP 	window1: mouseVisible = True
27.8280 	EXP 	Created image_16 = ImageStim(__class__=<class 'psychopy.visual.image.ImageStim'>, anchor=('center', 'center'), autoLog=True, color=array([1., 1., 1.]), colorSpace='rgb', contrast=1.0, depth=-3.0, draggable=False, flipHoriz=False, flipVert=False, image='default.png', interpolate=True, mask=None, maskParams=None, name='image_16', opacity=1.0, ori=0.0, pos=array([0., 0.]), size=array([0.35, 0.35]), texRes=128.0, units='height', win=Window(...))
27.8282 	EXP 	Created unnamed MovieStim3 = MovieStim3(__class__=<class 'psychopy.visual.movie3.MovieStim3'>, anchor=('center', 'center'), autoLog=True, color=UNKNOWN, colorSpace=UNKNOWN, depth=0.0, filename='imgs/titanic_spanish.mp4', flipHoriz=False, flipVert=False, fps=UNKNOWN, interpolate=True, loop=False, name='unnamed MovieStim3', noAudio=False, opacity=1, ori=method-wrapper(...), pos=array([0., 0.]), size=None, units='pix', vframe_callback=UNKNOWN, volume=UNKNOWN, win=Window(...))
29.0878 	WARNING 	1.259509399998933: Video catchup needed, advancing self._nextFrameT from 0.0 to 0.04
29.0878 	WARNING 	1.2595430000219494: Video catchup needed, advancing self._nextFrameT from 0.04 to 0.08
29.0878 	WARNING 	1.2595550999976695: Video catchup needed, advancing self._nextFrameT from 0.08 to 0.12
29.0878 	WARNING 	1.25956480007153: Video catchup needed, advancing self._nextFrameT from 0.12 to 0.16
29.0878 	WARNING 	1.259574000025168: Video catchup needed, advancing self._nextFrameT from 0.16 to 0.2
29.0878 	WARNING 	1.259583199978806: Video catchup needed, advancing self._nextFrameT from 0.2 to 0.24000000000000002
29.0878 	WARNING 	1.2595927000511438: Video catchup needed, advancing self._nextFrameT from 0.24000000000000002 to 0.28
29.0879 	WARNING 	1.2596017000032589: Video catchup needed, advancing self._nextFrameT from 0.28 to 0.32
29.0879 	WARNING 	1.2596107000717893: Video catchup needed, advancing self._nextFrameT from 0.32 to 0.36
29.0879 	WARNING 	1.259619600023143: Video catchup needed, advancing self._nextFrameT from 0.36 to 0.39999999999999997
29.0879 	WARNING 	Max reportNDroppedFrames reached, will not log any more dropped frames
29.1183 	EXP 	Created unnamed MovieStim3 = MovieStim3(__class__=<class 'psychopy.visual.movie3.MovieStim3'>, anchor=('center', 'center'), autoLog=True, color=UNKNOWN, colorSpace=UNKNOWN, depth=0.0, filename='imgs/titanic.mp4', flipHoriz=False, flipVert=False, fps=UNKNOWN, interpolate=True, loop=False, name='unnamed MovieStim3', noAudio=False, opacity=1, ori=method-wrapper(...), pos=array([  0., 100.]), size=None, units='pix', vframe_callback=UNKNOWN, volume=UNKNOWN, win=Window(...))
30.2734 	WARNING 	1.1550648000556976: Video catchup needed, advancing self._nextFrameT from 0.0 to 0.03336666666666667
30.2735 	WARNING 	1.1551030999980867: Video catchup needed, advancing self._nextFrameT from 0.03336666666666667 to 0.06673333333333334
30.2735 	WARNING 	1.155115200090222: Video catchup needed, advancing self._nextFrameT from 0.06673333333333334 to 0.10010000000000001
30.2735 	WARNING 	1.1551262000575662: Video catchup needed, advancing self._nextFrameT from 0.10010000000000001 to 0.13346666666666668
30.2735 	WARNING 	1.1551366000203416: Video catchup needed, advancing self._nextFrameT from 0.13346666666666668 to 0.16683333333333333
30.2735 	WARNING 	1.155151700018905: Video catchup needed, advancing self._nextFrameT from 0.16683333333333333 to 0.2002
30.2735 	WARNING 	1.1551616000942886: Video catchup needed, advancing self._nextFrameT from 0.2002 to 0.23356666666666664
30.2735 	WARNING 	1.1551716000540182: Video catchup needed, advancing self._nextFrameT from 0.23356666666666664 to 0.2669333333333333
30.2735 	WARNING 	1.1551829000236467: Video catchup needed, advancing self._nextFrameT from 0.2669333333333333 to 0.30029999999999996
30.2736 	WARNING 	1.155193000100553: Video catchup needed, advancing self._nextFrameT from 0.30029999999999996 to 0.3336666666666666
30.2736 	WARNING 	Max reportNDroppedFrames reached, will not log any more dropped frames
30.3037 	EXP 	window1: mouseVisible = True
30.3141 	EXP 	Created image_17 = ImageStim(__class__=<class 'psychopy.visual.image.ImageStim'>, anchor=('center', 'center'), autoLog=True, color=array([1., 1., 1.]), colorSpace='rgb', contrast=1.0, depth=-4.0, draggable=False, flipHoriz=False, flipVert=False, image='default.png', interpolate=True, mask=None, maskParams=None, name='image_17', opacity=1.0, ori=0.0, pos=array([0., 0.]), size=array([0.35, 0.35]), texRes=128.0, units='height', win=Window(...))
30.3142 	EXP 	window1: mouseVisible = True
30.3299 	EXP 	Created text_4 = TextStim(__class__=<class 'psychopy.visual.text.TextStim'>, alignHoriz=method-wrapper(...), alignText='center', alignVert=method-wrapper(...), anchorHoriz='center', anchorVert='center', antialias=True, autoDraw=False, autoLog=True, bold=False, color=array([1., 1., 1.]), colorSpace='rgb', contrast=1.0, depth=0.0, draggable=False, flipHoriz=False, flipVert=False, font='Open Sans', fontFiles=[], height=0.05, italic=False, languageStyle='LTR', name='text_4', opacity=1.0, ori=0.0, pos=array([0., 0.]), rgb=UNKNOWN, text='¡Muchas gracias por participar!', units='height', win=Window(...), wrapWidth=1)
0.0036 	EXP 	unnamed MovieStim3: autoLog = True
0.0036 	EXP 	unnamed MovieStim3: movie = 'imgs/video_mar_luis.mp4'
0.0036 	EXP 	unnamed MovieStim3: ori = 0.0
0.0036 	EXP 	unnamed MovieStim3: autoLog = True
0.0036 	EXP 	unnamed MovieStim3: movie = 'imgs/song_titanic.mp4'
0.0036 	EXP 	unnamed MovieStim3: ori = 0.0
0.0036 	EXP 	unnamed MovieStim3: autoLog = True
0.0036 	EXP 	unnamed MovieStim3: movie = 'imgs/titanic_spanish.mp4'
0.0036 	EXP 	unnamed MovieStim3: ori = 0.0
0.0036 	EXP 	unnamed MovieStim3: autoLog = True
0.0036 	EXP 	unnamed MovieStim3: movie = 'imgs/titanic_spanish.mp4'
0.0036 	EXP 	unnamed MovieStim3: ori = 0.0
0.0036 	EXP 	unnamed MovieStim3: autoLog = True
0.0036 	EXP 	unnamed MovieStim3: movie = 'imgs/titanic.mp4'
0.0036 	EXP 	unnamed MovieStim3: ori = 0.0
0.0036 	EXP 	unnamed MovieStim3: autoLog = True
0.0036 	EXP 	unnamed MovieStim3: movie = 'imgs/video_mar_luis.mp4'
0.0036 	EXP 	unnamed MovieStim3: ori = 0.0
0.0036 	EXP 	unnamed MovieStim3: autoLog = True
0.0036 	EXP 	unnamed MovieStim3: movie = 'imgs/song_titanic.mp4'
0.0036 	EXP 	unnamed MovieStim3: ori = 0.0
0.0036 	EXP 	unnamed MovieStim3: autoLog = True
0.0036 	EXP 	unnamed MovieStim3: movie = 'imgs/titanic_spanish.mp4'
0.0036 	EXP 	unnamed MovieStim3: ori = 0.0
0.0036 	EXP 	unnamed MovieStim3: autoLog = True
0.0036 	EXP 	unnamed MovieStim3: movie = 'imgs/titanic_spanish.mp4'
0.0036 	EXP 	unnamed MovieStim3: ori = 0.0
0.0036 	EXP 	unnamed MovieStim3: autoLog = True
0.0036 	EXP 	unnamed MovieStim3: movie = 'imgs/titanic.mp4'
0.0036 	EXP 	unnamed MovieStim3: ori = 0.0
0.0036 	EXP 	unnamed MovieStim3: autoLog = True
0.0036 	EXP 	unnamed MovieStim3: movie = 'imgs/video_mar_luis.mp4'
0.0036 	EXP 	unnamed MovieStim3: ori = 0.0
0.0036 	EXP 	unnamed MovieStim3: autoLog = True
0.0036 	EXP 	unnamed MovieStim3: movie = 'imgs/song_titanic.mp4'
0.0036 	EXP 	unnamed MovieStim3: ori = 0.0
0.0036 	EXP 	unnamed MovieStim3: autoLog = True
0.0036 	EXP 	unnamed MovieStim3: movie = 'imgs/titanic_spanish.mp4'
0.0036 	EXP 	unnamed MovieStim3: ori = 0.0
0.0036 	EXP 	unnamed MovieStim3: autoLog = True
0.0036 	EXP 	unnamed MovieStim3: movie = 'imgs/titanic_spanish.mp4'
0.0036 	EXP 	unnamed MovieStim3: ori = 0.0
0.0036 	EXP 	unnamed MovieStim3: autoLog = True
0.0036 	EXP 	unnamed MovieStim3: movie = 'imgs/titanic.mp4'
0.0036 	EXP 	unnamed MovieStim3: ori = 0.0
0.0036 	EXP 	unnamed MovieStim3: autoLog = True
0.0036 	EXP 	unnamed MovieStim3: movie = 'imgs/video_mar_luis.mp4'
0.0036 	EXP 	unnamed MovieStim3: ori = 0.0
0.0036 	EXP 	unnamed MovieStim3: autoLog = True
0.0036 	EXP 	unnamed MovieStim3: movie = 'imgs/song_titanic.mp4'
0.0036 	EXP 	unnamed MovieStim3: ori = 0.0
0.0036 	EXP 	unnamed MovieStim3: autoLog = True
0.0036 	EXP 	unnamed MovieStim3: movie = 'imgs/titanic_spanish.mp4'
0.0036 	EXP 	unnamed MovieStim3: ori = 0.0
0.0036 	EXP 	unnamed MovieStim3: autoLog = True
0.0036 	EXP 	unnamed MovieStim3: movie = 'imgs/titanic_spanish.mp4'
0.0036 	EXP 	unnamed MovieStim3: ori = 0.0
0.0036 	EXP 	unnamed MovieStim3: autoLog = True
0.0036 	EXP 	unnamed MovieStim3: movie = 'imgs/titanic.mp4'
0.0036 	EXP 	unnamed MovieStim3: ori = 0.0
0.0207 	EXP 	image_5: autoDraw = True
0.0207 	EXP 	text_6: autoDraw = True
3.0241 	EXP 	image_5: autoDraw = False
3.0241 	EXP 	text_6: autoDraw = False
3.0241 	EXP 	text_5: autoDraw = True
5.3451 	DATA 	Keypress: space
6.7343 	DATA 	Keypress: space
6.7439 	EXP 	text_5: autoDraw = False
6.7439 	EXP 	text_7: height = 0.05
6.7439 	EXP 	text_7: height = 0.05
6.7439 	EXP 	text_7: height = 0.05
6.7439 	EXP 	text_7: text = 'Ronda 1/4'
6.7439 	EXP 	text_7: autoDraw = True
8.7772 	EXP 	Imported imgs/iceberg_times.xlsx as conditions, 2 conditions, 3 params
8.7776 	EXP 	Created sequence: random, trialTypes=2, nReps=1, seed=None
8.7777 	EXP 	New trial (rep=0, index=0): {'timepresentation': 5, 'posx': 0.8, 'posy': 0.1}
8.7831 	EXP 	Sound  started
8.7923 	EXP 	text_7: autoDraw = False
8.7923 	EXP 	image: image = 'imgs/iceberg.png'
8.7923 	EXP 	Set unnamed MovieStim3 playing
13.7348 	EXP 	image: autoDraw = True
14.7533 	EXP 	New trial (rep=0, index=1): {'timepresentation': 13, 'posx': 0.6, 'posy': 0.1}
14.7669 	DATA 	Keypress: space
14.7762 	EXP 	image: autoDraw = False
14.7762 	EXP 	image: image = 'imgs/iceberg.png'
27.7654 	EXP 	image: autoDraw = True
28.1835 	EXP 	Imported imgs/iceberg_times.xlsx as conditions, 2 conditions, 3 params
28.1837 	EXP 	Created sequence: random, trialTypes=2, nReps=1, seed=None
28.1839 	EXP 	New trial (rep=0, index=0): {'timepresentation': 5, 'posx': 0.8, 'posy': 0.1}
28.1889 	EXP 	Sound  started
28.1892 	EXP 	New trial (rep=0, index=1): {'timepresentation': 13, 'posx': 0.6, 'posy': 0.1}
28.2118 	EXP 	Sound  stopped
28.2196 	EXP 	Imported imgs/iceberg_times.xlsx as conditions, 2 conditions, 3 params
28.2199 	EXP 	Created sequence: random, trialTypes=2, nReps=1, seed=None
28.2200 	EXP 	New trial (rep=0, index=0): {'timepresentation': 13, 'posx': 0.6, 'posy': 0.1}
28.2201 	EXP 	Sound  started
28.2251 	EXP 	New trial (rep=0, index=1): {'timepresentation': 5, 'posx': 0.8, 'posy': 0.1}
28.2524 	EXP 	Sound  stopped
28.2602 	EXP 	Imported imgs/iceberg_times.xlsx as conditions, 2 conditions, 3 params
28.2604 	EXP 	Created sequence: random, trialTypes=2, nReps=1, seed=None
28.2606 	EXP 	New trial (rep=0, index=0): {'timepresentation': 13, 'posx': -0.6, 'posy': 0.15}
28.2606 	EXP 	Sound  started
28.2608 	EXP 	Sound  started
28.2665 	EXP 	New trial (rep=0, index=1): {'timepresentation': 14, 'posx': -0.7, 'posy': 0.15}
28.2913 	EXP 	Sound  stopped
28.3118 	EXP 	Sound  stopped
28.3195 	DATA 	Keypress: space
28.3235 	EXP 	image: autoDraw = False
28.3235 	EXP 	image_2: image = 'imgs/iceberg.png'
28.3235 	EXP 	Set unnamed MovieStim3 playing
28.3235 	EXP 	image_2: autoDraw = False
28.3235 	EXP 	image_2: image = 'imgs/iceberg.png'
28.3235 	EXP 	image_2: autoDraw = False
28.3235 	EXP 	Set unnamed MovieStim3 stopped
28.3235 	EXP 	Set unnamed MovieStim3 playing
28.3235 	EXP 	image_3: image = 'imgs/iceberg.png'
28.3235 	EXP 	image_3: autoDraw = False
28.3235 	EXP 	image_3: image = 'imgs/iceberg.png'
28.3235 	EXP 	image_3: autoDraw = False
28.3235 	EXP 	Set unnamed MovieStim3 stopped
28.3235 	EXP 	Set unnamed MovieStim3 playing
28.3235 	EXP 	Set unnamed MovieStim3 playing
28.3235 	EXP 	image_4: image = 'imgs/iceberg.png'
28.3235 	EXP 	image_4: autoDraw = False
28.3235 	EXP 	image_4: image = 'imgs/iceberg.png'
28.3235 	EXP 	image_4: autoDraw = False
28.3235 	EXP 	Set unnamed MovieStim3 stopped
28.3235 	EXP 	Set unnamed MovieStim3 stopped
28.3235 	EXP 	text_8: height = 0.05
28.3235 	EXP 	text_8: height = 0.05
28.3235 	EXP 	text_8: height = 0.05
28.3235 	EXP 	text_8: text = 'Ronda 2/4'
28.3235 	EXP 	text_8: autoDraw = True
30.3278 	EXP 	Imported imgs/iceberg_times.xlsx as conditions, 2 conditions, 3 params
30.3281 	EXP 	Created sequence: random, trialTypes=2, nReps=1, seed=None
30.3282 	EXP 	New trial (rep=0, index=0): {'timepresentation': 6, 'posx': 0.5, 'posy': 0.1}
30.3342 	EXP 	New trial (rep=0, index=1): {'timepresentation': 4, 'posx': 0.8, 'posy': 0.1}
30.3456 	EXP 	Imported imgs/iceberg_times.xlsx as conditions, 2 conditions, 3 params
30.3459 	EXP 	Created sequence: random, trialTypes=2, nReps=1, seed=None
30.3460 	EXP 	New trial (rep=0, index=0): {'timepresentation': 4, 'posx': 0.8, 'posy': 0.1}
30.3500 	EXP 	Sound  started
30.3503 	EXP 	New trial (rep=0, index=1): {'timepresentation': 6, 'posx': 0.5, 'posy': 0.1}
30.3828 	EXP 	Sound  stopped
30.3906 	EXP 	Imported imgs/iceberg_times.xlsx as conditions, 2 conditions, 3 params
30.3909 	EXP 	Created sequence: random, trialTypes=2, nReps=1, seed=None
30.3910 	EXP 	New trial (rep=0, index=0): {'timepresentation': 6, 'posx': 0.5, 'posy': 0.1}
30.3910 	EXP 	Sound  started
30.3956 	WARNING 	22.11244160006754: Video catchup needed, advancing self._nextFrameT from 19.900000000000148 to 19.933333333333483
30.3956 	WARNING 	22.112461799988523: Video catchup needed, advancing self._nextFrameT from 19.933333333333483 to 19.966666666666818
30.3956 	WARNING 	22.11247130006086: Video catchup needed, advancing self._nextFrameT from 19.966666666666818 to 20.000000000000153
30.3956 	WARNING 	22.112479400006123: Video catchup needed, advancing self._nextFrameT from 20.000000000000153 to 20.033333333333488
30.3956 	WARNING 	22.11248680006247: Video catchup needed, advancing self._nextFrameT from 20.033333333333488 to 20.066666666666823
30.3956 	WARNING 	22.112494400003925: Video catchup needed, advancing self._nextFrameT from 20.066666666666823 to 20.100000000000158
30.3957 	WARNING 	22.112502100062557: Video catchup needed, advancing self._nextFrameT from 20.100000000000158 to 20.133333333333493
30.3957 	WARNING 	22.11250950000249: Video catchup needed, advancing self._nextFrameT from 20.133333333333493 to 20.166666666666828
30.3957 	WARNING 	22.11251720006112: Video catchup needed, advancing self._nextFrameT from 20.166666666666828 to 20.200000000000163
30.3957 	WARNING 	22.112524700001813: Video catchup needed, advancing self._nextFrameT from 20.200000000000163 to 20.233333333333498
30.3957 	WARNING 	Max reportNDroppedFrames reached, will not log any more dropped frames
30.9446 	EXP 	text_8: autoDraw = False
30.9446 	EXP 	image_6: image = 'imgs/iceberg.png'
30.9446 	EXP 	image_6: autoDraw = False
30.9446 	EXP 	image_6: image = 'imgs/iceberg.png'
30.9446 	EXP 	image_6: autoDraw = False
30.9446 	EXP 	image_7: image = 'imgs/iceberg.png'
30.9446 	EXP 	Set unnamed MovieStim3 playing
30.9446 	EXP 	image_7: autoDraw = False
30.9446 	EXP 	image_7: image = 'imgs/iceberg.png'
30.9446 	EXP 	image_7: autoDraw = False
30.9446 	EXP 	Set unnamed MovieStim3 stopped
30.9446 	EXP 	Set unnamed MovieStim3 playing
30.9446 	EXP 	image_8: image = 'imgs/iceberg.png'
30.9448 	WARNING 	1.5937295999610797: Video catchup needed, advancing self._nextFrameT from 1.0800000000000003 to 1.1200000000000003
30.9448 	WARNING 	1.5937508000060916: Video catchup needed, advancing self._nextFrameT from 1.1200000000000003 to 1.1600000000000004
30.9448 	WARNING 	1.5937605999642983: Video catchup needed, advancing self._nextFrameT from 1.1600000000000004 to 1.2000000000000004
30.9448 	WARNING 	1.5937694000313058: Video catchup needed, advancing self._nextFrameT from 1.2000000000000004 to 1.2400000000000004
30.9448 	WARNING 	1.5937777999788523: Video catchup needed, advancing self._nextFrameT from 1.2400000000000004 to 1.2800000000000005
30.9448 	WARNING 	1.5937876000534743: Video catchup needed, advancing self._nextFrameT from 1.2800000000000005 to 1.3200000000000005
30.9449 	WARNING 	1.5937962000025436: Video catchup needed, advancing self._nextFrameT from 1.3200000000000005 to 1.3600000000000005
30.9449 	WARNING 	1.593804799951613: Video catchup needed, advancing self._nextFrameT from 1.3600000000000005 to 1.4000000000000006
30.9449 	WARNING 	1.5938141000224277: Video catchup needed, advancing self._nextFrameT from 1.4000000000000006 to 1.4400000000000006
30.9449 	WARNING 	1.5938230999745429: Video catchup needed, advancing self._nextFrameT from 1.4400000000000006 to 1.4800000000000006
30.9449 	WARNING 	Max reportNDroppedFrames reached, will not log any more dropped frames
36.3968 	EXP 	image_8: autoDraw = True
37.2833 	EXP 	New trial (rep=0, index=1): {'timepresentation': 4, 'posx': 0.8, 'posy': 0.1}
37.2914 	DATA 	Keypress: space
37.2998 	EXP 	image_8: autoDraw = False
37.2998 	EXP 	image_8: image = 'imgs/iceberg.png'
41.2953 	EXP 	image_8: autoDraw = True
41.8415 	EXP 	Sound  stopped
41.8495 	EXP 	Imported imgs/iceberg_times.xlsx as conditions, 2 conditions, 3 params
41.8497 	EXP 	Created sequence: random, trialTypes=2, nReps=1, seed=None
41.8498 	EXP 	New trial (rep=0, index=0): {'timepresentation': 11, 'posx': 0.5, 'posy': 0.1}
41.8499 	EXP 	Sound  started
41.8501 	EXP 	Sound  started
41.8554 	EXP 	New trial (rep=0, index=1): {'timepresentation': 15, 'posx': 0.8, 'posy': 0.1}
41.8824 	EXP 	Sound  stopped
41.9128 	EXP 	Sound  stopped
41.9198 	DATA 	Keypress: space
41.9246 	EXP 	image_8: autoDraw = False
41.9246 	EXP 	Set unnamed MovieStim3 stopped
41.9246 	EXP 	Set unnamed MovieStim3 playing
41.9246 	EXP 	Set unnamed MovieStim3 playing
41.9246 	EXP 	image_9: image = 'imgs/iceberg.png'
41.9246 	EXP 	image_9: autoDraw = False
41.9246 	EXP 	image_9: image = 'imgs/iceberg.png'
41.9246 	EXP 	image_9: autoDraw = False
41.9246 	EXP 	Set unnamed MovieStim3 stopped
41.9246 	EXP 	Set unnamed MovieStim3 stopped
41.9246 	EXP 	text_9: height = 0.05
41.9246 	EXP 	text_9: height = 0.05
41.9246 	EXP 	text_9: height = 0.05
41.9246 	EXP 	text_9: text = 'Ronda 3/4'
41.9246 	EXP 	text_9: autoDraw = True
43.9225 	EXP 	Imported imgs/iceberg_times.xlsx as conditions, 2 conditions, 3 params
43.9228 	EXP 	Created sequence: random, trialTypes=2, nReps=1, seed=None
43.9229 	EXP 	New trial (rep=0, index=0): {'timepresentation': 5, 'posx': 0.8, 'posy': 0.1}
43.9282 	EXP 	New trial (rep=0, index=1): {'timepresentation': 15, 'posx': 0.5, 'posy': 0.1}
43.9402 	EXP 	Imported imgs/iceberg_times.xlsx as conditions, 2 conditions, 3 params
43.9405 	EXP 	Created sequence: random, trialTypes=2, nReps=1, seed=None
43.9406 	EXP 	New trial (rep=0, index=0): {'timepresentation': 15, 'posx': 0.5, 'posy': 0.1}
43.9451 	EXP 	Sound  started
43.9454 	EXP 	New trial (rep=0, index=1): {'timepresentation': 5, 'posx': 0.8, 'posy': 0.1}
43.9721 	EXP 	Sound  stopped
43.9796 	EXP 	Imported imgs/iceberg_times.xlsx as conditions, 2 conditions, 3 params
43.9799 	EXP 	Created sequence: random, trialTypes=2, nReps=1, seed=None
43.9800 	EXP 	New trial (rep=0, index=0): {'timepresentation': 15, 'posx': 0.5, 'posy': 0.1}
43.9801 	EXP 	Sound  started
43.9849 	EXP 	New trial (rep=0, index=1): {'timepresentation': 5, 'posx': 0.8, 'posy': 0.1}
44.0128 	EXP 	Sound  stopped
44.0203 	EXP 	Imported imgs/iceberg_times.xlsx as conditions, 2 conditions, 3 params
44.0206 	EXP 	Created sequence: random, trialTypes=2, nReps=1, seed=None
44.0207 	EXP 	New trial (rep=0, index=0): {'timepresentation': 8, 'posx': 0.8, 'posy': 0.1}
44.0208 	EXP 	Sound  started
44.0210 	EXP 	Sound  started
44.5761 	WARNING 	1.6228292332962155: Video catchup needed, advancing self._nextFrameT from 1.1011000000000002 to 1.134466666666667
44.5761 	WARNING 	1.622873833286576: Video catchup needed, advancing self._nextFrameT from 1.134466666666667 to 1.1678333333333337
44.5761 	WARNING 	1.6228865332668647: Video catchup needed, advancing self._nextFrameT from 1.1678333333333337 to 1.2012000000000005
44.5761 	WARNING 	1.6228979332372546: Video catchup needed, advancing self._nextFrameT from 1.2012000000000005 to 1.2345666666666673
44.5762 	WARNING 	1.6229110333370045: Video catchup needed, advancing self._nextFrameT from 1.2345666666666673 to 1.267933333333334
44.5762 	WARNING 	1.6229216333013028: Video catchup needed, advancing self._nextFrameT from 1.267933333333334 to 1.3013000000000008
44.5762 	WARNING 	1.622931333258748: Video catchup needed, advancing self._nextFrameT from 1.3013000000000008 to 1.3346666666666676
44.5762 	WARNING 	1.6229400333249941: Video catchup needed, advancing self._nextFrameT from 1.3346666666666676 to 1.3680333333333343
44.5762 	WARNING 	1.6229489332763478: Video catchup needed, advancing self._nextFrameT from 1.3680333333333343 to 1.401400000000001
44.5762 	WARNING 	1.6229575333418325: Video catchup needed, advancing self._nextFrameT from 1.401400000000001 to 1.4347666666666679
44.5762 	WARNING 	Max reportNDroppedFrames reached, will not log any more dropped frames
44.5967 	EXP 	text_9: autoDraw = False
44.5967 	EXP 	image_10: image = 'imgs/iceberg.png'
44.5967 	EXP 	image_10: autoDraw = False
44.5967 	EXP 	image_10: image = 'imgs/iceberg.png'
44.5967 	EXP 	image_10: autoDraw = False
44.5967 	EXP 	image_11: image = 'imgs/iceberg.png'
44.5967 	EXP 	Set unnamed MovieStim3 playing
44.5967 	EXP 	image_11: autoDraw = False
44.5967 	EXP 	image_11: image = 'imgs/iceberg.png'
44.5967 	EXP 	image_11: autoDraw = False
44.5967 	EXP 	Set unnamed MovieStim3 stopped
44.5967 	EXP 	Set unnamed MovieStim3 playing
44.5967 	EXP 	image_12: image = 'imgs/iceberg.png'
44.5967 	EXP 	image_12: autoDraw = False
44.5967 	EXP 	image_12: image = 'imgs/iceberg.png'
44.5967 	EXP 	image_12: autoDraw = False
44.5967 	EXP 	Set unnamed MovieStim3 stopped
44.5967 	EXP 	Set unnamed MovieStim3 playing
44.5967 	EXP 	Set unnamed MovieStim3 playing
44.5967 	EXP 	image_13: image = 'imgs/iceberg.png'
44.5968 	WARNING 	1.7360192999476567: Video catchup needed, advancing self._nextFrameT from 1.2000000000000004 to 1.2400000000000004
44.5968 	WARNING 	1.7360392999835312: Video catchup needed, advancing self._nextFrameT from 1.2400000000000004 to 1.2800000000000005
44.5968 	WARNING 	1.736049799947068: Video catchup needed, advancing self._nextFrameT from 1.2800000000000005 to 1.3200000000000005
44.5969 	WARNING 	1.7360586000140756: Video catchup needed, advancing self._nextFrameT from 1.3200000000000005 to 1.3600000000000005
44.5969 	WARNING 	1.7360679999692366: Video catchup needed, advancing self._nextFrameT from 1.3600000000000005 to 1.4000000000000006
44.5969 	WARNING 	1.736077000037767: Video catchup needed, advancing self._nextFrameT from 1.4000000000000006 to 1.4400000000000006
44.5969 	WARNING 	1.736085299984552: Video catchup needed, advancing self._nextFrameT from 1.4400000000000006 to 1.4800000000000006
44.5969 	WARNING 	1.7360941000515595: Video catchup needed, advancing self._nextFrameT from 1.4800000000000006 to 1.5200000000000007
44.5969 	WARNING 	1.7361029000021517: Video catchup needed, advancing self._nextFrameT from 1.5200000000000007 to 1.5600000000000007
44.5969 	WARNING 	1.7361115999519825: Video catchup needed, advancing self._nextFrameT from 1.5600000000000007 to 1.6000000000000008
44.5969 	WARNING 	Max reportNDroppedFrames reached, will not log any more dropped frames
52.0253 	EXP 	image_13: autoDraw = True
52.4508 	EXP 	New trial (rep=0, index=1): {'timepresentation': 11, 'posx': -0.6, 'posy': 0.15}
52.4566 	DATA 	Keypress: space
52.4657 	EXP 	image_13: autoDraw = False
52.4657 	EXP 	image_13: image = 'imgs/iceberg.png'
63.4516 	EXP 	image_13: autoDraw = True
64.1809 	EXP 	Sound  stopped
64.2032 	EXP 	Sound  stopped
64.2063 	DATA 	Keypress: space
64.2126 	EXP 	image_13: autoDraw = False
64.2126 	EXP 	Set unnamed MovieStim3 stopped
64.2126 	EXP 	Set unnamed MovieStim3 stopped
64.2126 	EXP 	text_10: height = 0.05
64.2126 	EXP 	text_10: height = 0.05
64.2126 	EXP 	text_10: height = 0.05
64.2126 	EXP 	text_10: text = 'Ronda 4/4'
64.2126 	EXP 	text_10: autoDraw = True
66.2176 	EXP 	Imported imgs/iceberg_times.xlsx as conditions, 2 conditions, 3 params
66.2183 	EXP 	Created sequence: random, trialTypes=2, nReps=1, seed=None
66.2184 	EXP 	New trial (rep=0, index=0): {'timepresentation': 13, 'posx': 0.7, 'posy': 0.1}
66.2244 	EXP 	New trial (rep=0, index=1): {'timepresentation': 4, 'posx': -0.7, 'posy': 0.15}
66.2363 	EXP 	Imported imgs/iceberg_times.xlsx as conditions, 2 conditions, 3 params
66.2366 	EXP 	Created sequence: random, trialTypes=2, nReps=1, seed=None
66.2368 	EXP 	New trial (rep=0, index=0): {'timepresentation': 13, 'posx': 0.7, 'posy': 0.1}
66.2418 	EXP 	Sound  started
66.2459 	EXP 	text_10: autoDraw = False
66.2459 	EXP 	image_14: image = 'imgs/iceberg.png'
66.2459 	EXP 	image_14: autoDraw = False
66.2459 	EXP 	image_14: image = 'imgs/iceberg.png'
66.2459 	EXP 	image_14: autoDraw = False
66.2459 	EXP 	image_15: image = 'imgs/iceberg.png'
66.2459 	EXP 	Set unnamed MovieStim3 playing
78.3522 	DATA 	Keypress: escape
78.4499 	EXP 	tarea_iceberg: status = STOPPED
78.4655 	EXP 	tarea_iceberg: status = STOPPED
78.5131 	EXP 	window1: mouseVisible = True
