5.5188 	WARNING 	User requested fullscreen with size [1024  768], but screen is actually [1920, 1080]. Using actual size
6.1226 	EXP 	Created window1 = Window(allowGUI=True, allowStencil=False, autoLog=True, backendConf=UNKNOWN, backgroundFit=<method-wrapper '__getattribute__' of attributeSetter object at 0x0000020BCF2C3CD0>, backgroundImage=<method-wrapper '__getattribute__' of attributeSetter object at 0x0000020BCF2C3C70>, bitsMode=UNKNOWN, blendMode='avg', bpc=(8, 8, 8), color=array([0, 0, 0]), colorSpace='rgb', depthBits=8, fullscr=<method-wrapper '__getattribute__' of attributeSetter object at 0x0000020BCF2C3A90>, gamma=None, gammaErrorPolicy='raise', lms=UNKNOWN, monitor=<psychopy.monitors.calibTools.Monitor object at 0x0000020BCF802CA0>, multiSample=False, name='window1', numSamples=2, pos=(0, 0), screen=0, size=array([1920, 1080]), stencilBits=0, stereo=False, title='PsychoPy', units='height', useFBO=True, useRetina=False, viewOri=0.0, viewPos=None, viewScale=None, waitBlanking=True, winType='pyglet')
6.1226 	EXP 	window1: mouseVisible = True
6.1226 	EXP 	window1: backgroundImage = ''
6.1226 	EXP 	window1: backgroundFit = 'none'
6.1236 	EXP 	window1: Attempting to measure frame rate of screen (0) ...
6.1236 	EXP 	window1: recordFrameIntervals = False
6.2892 	EXP 	window1: recordFrameIntervals = True
6.4729 	EXP 	Screen (0) actual frame rate measured at 60.00Hz
6.4730 	EXP 	window1: recordFrameIntervals = False
6.4731 	EXP 	window1: mouseVisible = False
7.9199 	EXP 	tarea_iceberg: status = STARTED
7.9219 	EXP 	window1: mouseVisible = True
8.0680 	EXP 	window1: mouseVisible = True
8.0786 	EXP 	Created image = ImageStim(__class__=<class 'psychopy.visual.image.ImageStim'>, anchor=('center', 'center'), autoLog=True, color=array([1., 1., 1.]), colorSpace='rgb', contrast=1.0, depth=-1.0, draggable=False, flipHoriz=False, flipVert=False, image='default.png', interpolate=True, mask=None, maskParams=None, name='image', opacity=1.0, ori=0.0, pos=array([0., 0.]), size=array([0.35, 0.35]), texRes=128.0, units='height', win=Window(...))
8.0789 	EXP 	window1: mouseVisible = True
8.1292 	EXP 	Created text = TextStim(__class__=<class 'psychopy.visual.text.TextStim'>, alignHoriz=method-wrapper(...), alignText='center', alignVert=method-wrapper(...), anchorHoriz='center', anchorVert='center', antialias=True, autoDraw=False, autoLog=True, bold=False, color=array([1., 1., 1.]), colorSpace='rgb', contrast=1.0, depth=0.0, draggable=False, flipHoriz=False, flipVert=False, font='Open Sans', fontFiles=[], height=0.05, italic=False, languageStyle='LTR', name='text', opacity=1.0, ori=0.0, pos=array([0., 0.]), rgb=UNKNOWN, text='¡Empezamos la segunda ronda!', units='height', win=Window(...), wrapWidth=1)
8.1293 	EXP 	window1: mouseVisible = True
8.2203 	EXP 	window1: mouseVisible = True
8.2294 	EXP 	Created image_2 = ImageStim(__class__=<class 'psychopy.visual.image.ImageStim'>, anchor=('center', 'center'), autoLog=True, color=array([1., 1., 1.]), colorSpace='rgb', contrast=1.0, depth=-1.0, draggable=False, flipHoriz=False, flipVert=False, image='default.png', interpolate=True, mask=None, maskParams=None, name='image_2', opacity=1.0, ori=0.0, pos=array([0., 0.]), size=array([0.35, 0.35]), texRes=128.0, units='height', win=Window(...))
8.3153 	EXP 	Created unnamed MovieStim3 = MovieStim3(__class__=<class 'psychopy.visual.movie3.MovieStim3'>, anchor=('center', 'center'), autoLog=True, color=UNKNOWN, colorSpace=UNKNOWN, depth=0.0, filename='imgs/song_titanic.mp4', flipHoriz=False, flipVert=False, fps=UNKNOWN, interpolate=True, loop=False, name='unnamed MovieStim3', noAudio=False, opacity=1, ori=method-wrapper(...), pos=array([0., 0.]), size=None, units='pix', vframe_callback=UNKNOWN, volume=UNKNOWN, win=Window(...))
9.2508 	WARNING 	0.9353843000008055: Video catchup needed, advancing self._nextFrameT from 0.0 to 0.041666666666666664
9.2508 	WARNING 	0.9354307000012341: Video catchup needed, advancing self._nextFrameT from 0.041666666666666664 to 0.08333333333333333
9.2508 	WARNING 	0.9354402000008122: Video catchup needed, advancing self._nextFrameT from 0.08333333333333333 to 0.125
9.2508 	WARNING 	0.9354493000009825: Video catchup needed, advancing self._nextFrameT from 0.125 to 0.16666666666666666
9.2508 	WARNING 	0.935457800000222: Video catchup needed, advancing self._nextFrameT from 0.16666666666666666 to 0.20833333333333331
9.2508 	WARNING 	0.9354662000005192: Video catchup needed, advancing self._nextFrameT from 0.20833333333333331 to 0.24999999999999997
9.2508 	WARNING 	0.9354738000001817: Video catchup needed, advancing self._nextFrameT from 0.24999999999999997 to 0.29166666666666663
9.2508 	WARNING 	0.9354815000006056: Video catchup needed, advancing self._nextFrameT from 0.29166666666666663 to 0.3333333333333333
9.2508 	WARNING 	0.9354910000001837: Video catchup needed, advancing self._nextFrameT from 0.3333333333333333 to 0.375
9.2508 	WARNING 	0.9354985000009037: Video catchup needed, advancing self._nextFrameT from 0.375 to 0.4166666666666667
9.2508 	WARNING 	Max reportNDroppedFrames reached, will not log any more dropped frames
9.2933 	EXP 	window1: mouseVisible = True
9.2971 	EXP 	Created text_2 = TextStim(__class__=<class 'psychopy.visual.text.TextStim'>, alignHoriz=method-wrapper(...), alignText='center', alignVert=method-wrapper(...), anchorHoriz='center', anchorVert='center', antialias=True, autoDraw=False, autoLog=True, bold=False, color=array([1., 1., 1.]), colorSpace='rgb', contrast=1.0, depth=0.0, draggable=False, flipHoriz=False, flipVert=False, font='Open Sans', fontFiles=[], height=0.05, italic=False, languageStyle='LTR', name='text_2', opacity=1.0, ori=0.0, pos=array([0., 0.]), rgb=UNKNOWN, text='¡empezamos la tercera ronda!', units='height', win=Window(...), wrapWidth=1)
9.2972 	EXP 	window1: mouseVisible = True
9.3961 	EXP 	window1: mouseVisible = True
9.4045 	EXP 	Created image_3 = ImageStim(__class__=<class 'psychopy.visual.image.ImageStim'>, anchor=('center', 'center'), autoLog=True, color=array([1., 1., 1.]), colorSpace='rgb', contrast=1.0, depth=-1.0, draggable=False, flipHoriz=False, flipVert=False, image='default.png', interpolate=True, mask=None, maskParams=None, name='image_3', opacity=1.0, ori=0.0, pos=array([0., 0.]), size=array([0.35, 0.35]), texRes=128.0, units='height', win=Window(...))
9.4048 	EXP 	Created unnamed MovieStim3 = MovieStim3(__class__=<class 'psychopy.visual.movie3.MovieStim3'>, anchor=('center', 'center'), autoLog=True, color=UNKNOWN, colorSpace=UNKNOWN, depth=0.0, filename='imgs/video_celine.mp4', flipHoriz=False, flipVert=False, fps=UNKNOWN, interpolate=True, loop=False, name='unnamed MovieStim3', noAudio=False, opacity=1, ori=method-wrapper(...), pos=array([0., 0.]), size=None, units='pix', vframe_callback=UNKNOWN, volume=UNKNOWN, win=Window(...))
10.6611 	WARNING 	1.2563117000008788: Video catchup needed, advancing self._nextFrameT from 0.0 to 0.03336666666666667
10.6612 	WARNING 	1.2563595000010537: Video catchup needed, advancing self._nextFrameT from 0.03336666666666667 to 0.06673333333333334
10.6612 	WARNING 	1.2563712000010128: Video catchup needed, advancing self._nextFrameT from 0.06673333333333334 to 0.10010000000000001
10.6612 	WARNING 	1.2563815000012255: Video catchup needed, advancing self._nextFrameT from 0.10010000000000001 to 0.13346666666666668
10.6612 	WARNING 	1.2563912000005075: Video catchup needed, advancing self._nextFrameT from 0.13346666666666668 to 0.16683333333333333
10.6612 	WARNING 	1.2564006000011432: Video catchup needed, advancing self._nextFrameT from 0.16683333333333333 to 0.2002
10.6612 	WARNING 	1.256409800000256: Video catchup needed, advancing self._nextFrameT from 0.2002 to 0.23356666666666664
10.6612 	WARNING 	1.2564194000005955: Video catchup needed, advancing self._nextFrameT from 0.23356666666666664 to 0.2669333333333333
10.6612 	WARNING 	1.2564287000004697: Video catchup needed, advancing self._nextFrameT from 0.2669333333333333 to 0.30029999999999996
10.6613 	WARNING 	1.2564385000005132: Video catchup needed, advancing self._nextFrameT from 0.30029999999999996 to 0.3336666666666666
10.6613 	WARNING 	Max reportNDroppedFrames reached, will not log any more dropped frames
10.9859 	EXP 	window1: mouseVisible = True
10.9912 	EXP 	Created text_3 = TextStim(__class__=<class 'psychopy.visual.text.TextStim'>, alignHoriz=method-wrapper(...), alignText='center', alignVert=method-wrapper(...), anchorHoriz='center', anchorVert='center', antialias=True, autoDraw=False, autoLog=True, bold=False, color=array([1., 1., 1.]), colorSpace='rgb', contrast=1.0, depth=0.0, draggable=False, flipHoriz=False, flipVert=False, font='Open Sans', fontFiles=[], height=0.05, italic=False, languageStyle='LTR', name='text_3', opacity=1.0, ori=0.0, pos=array([0., 0.]), rgb=UNKNOWN, text='¡última ronda!', units='height', win=Window(...), wrapWidth=1)
10.9914 	EXP 	Created unnamed MovieStim3 = MovieStim3(__class__=<class 'psychopy.visual.movie3.MovieStim3'>, anchor=('center', 'center'), autoLog=True, color=UNKNOWN, colorSpace=UNKNOWN, depth=0.0, filename='imgs/video_celine.mp4', flipHoriz=False, flipVert=False, fps=UNKNOWN, interpolate=True, loop=False, name='unnamed MovieStim3', noAudio=False, opacity=1, ori=method-wrapper(...), pos=array([0., 0.]), size=None, units='pix', vframe_callback=UNKNOWN, volume=UNKNOWN, win=Window(...))
12.2277 	WARNING 	1.236289399999805: Video catchup needed, advancing self._nextFrameT from 0.0 to 0.03336666666666667
12.2278 	WARNING 	1.2363249999998516: Video catchup needed, advancing self._nextFrameT from 0.03336666666666667 to 0.06673333333333334
12.2278 	WARNING 	1.2363366999998107: Video catchup needed, advancing self._nextFrameT from 0.06673333333333334 to 0.10010000000000001
12.2278 	WARNING 	1.236346699999558: Video catchup needed, advancing self._nextFrameT from 0.10010000000000001 to 0.13346666666666668
12.2278 	WARNING 	1.2363561000001937: Video catchup needed, advancing self._nextFrameT from 0.13346666666666668 to 0.16683333333333333
12.2278 	WARNING 	1.236365200000364: Video catchup needed, advancing self._nextFrameT from 0.16683333333333333 to 0.2002
12.2278 	WARNING 	1.2363743000005343: Video catchup needed, advancing self._nextFrameT from 0.2002 to 0.23356666666666664
12.2278 	WARNING 	1.2363844999999856: Video catchup needed, advancing self._nextFrameT from 0.23356666666666664 to 0.2669333333333333
12.2278 	WARNING 	1.2363932999996905: Video catchup needed, advancing self._nextFrameT from 0.2669333333333333 to 0.30029999999999996
12.2278 	WARNING 	1.2364020999993954: Video catchup needed, advancing self._nextFrameT from 0.30029999999999996 to 0.3336666666666666
12.2278 	WARNING 	Max reportNDroppedFrames reached, will not log any more dropped frames
0.1089 	EXP 	movie: autoLog = True
0.1089 	EXP 	movie_2: autoLog = True
0.1089 	EXP 	unnamed MovieStim3: autoLog = True
0.1089 	EXP 	unnamed MovieStim3: movie = 'imgs/song_titanic.mp4'
0.1089 	EXP 	unnamed MovieStim3: ori = 0.0
0.1089 	EXP 	movie_3: autoLog = True
0.1089 	EXP 	unnamed MovieStim3: autoLog = True
0.1089 	EXP 	unnamed MovieStim3: movie = 'imgs/video_celine.mp4'
0.1089 	EXP 	unnamed MovieStim3: ori = 0.0
0.1089 	EXP 	unnamed MovieStim3: autoLog = True
0.1089 	EXP 	unnamed MovieStim3: movie = 'imgs/video_celine.mp4'
0.1089 	EXP 	unnamed MovieStim3: ori = 0.0
0.1138 	EXP 	Imported imgs/trials_fake.xlsx as conditions, 2 conditions, 3 params
0.1142 	EXP 	Created sequence: random, trialTypes=2, nReps=1, seed=None
0.1143 	EXP 	New trial (rep=0, index=0): {'timepresentation': 2, 'posx': -0.7, 'posy': 0.15}
0.1554 	EXP 	image: image = 'imgs/iceberg.png'
0.1554 	EXP 	movie: autoDraw = True
0.7721 	DATA 	Keypress: space
2.0159 	EXP 	image: autoDraw = True
2.4263 	EXP 	New trial (rep=0, index=1): {'timepresentation': 2, 'posx': -0.8, 'posy': 0.15}
2.4748 	DATA 	Keypress: space
2.4808 	EXP 	movie: autoDraw = False
2.4808 	EXP 	image: autoDraw = False
2.4808 	EXP 	image: image = 'imgs/iceberg.png'
2.4808 	EXP 	movie: autoDraw = True
4.4312 	EXP 	image: autoDraw = True
4.8514 	DATA 	Keypress: space
4.8528 	EXP 	movie: autoDraw = False
4.8528 	EXP 	image: autoDraw = False
4.8528 	EXP 	text: autoDraw = True
7.8459 	EXP 	Imported imgs/trials_fake.xlsx as conditions, 2 conditions, 3 params
7.8463 	EXP 	Created sequence: random, trialTypes=2, nReps=1, seed=None
7.8464 	EXP 	New trial (rep=0, index=0): {'timepresentation': 2, 'posx': -0.7, 'posy': 0.15}
7.8515 	EXP 	Sound  started
7.8906 	EXP 	text: autoDraw = False
7.8906 	EXP 	text: autoDraw = False
7.8906 	EXP 	image_2: image = 'imgs/iceberg.png'
7.8906 	EXP 	Set unnamed MovieStim3 playing
7.8906 	EXP 	movie_2: autoDraw = True
8.9672 	DATA 	Keypress: space
9.8605 	EXP 	image_2: autoDraw = True
10.3641 	DATA 	Keypress: space
10.5035 	EXP 	New trial (rep=0, index=1): {'timepresentation': 2, 'posx': -0.8, 'posy': 0.15}
10.5574 	EXP 	movie_2: autoDraw = False
10.5574 	EXP 	image_2: autoDraw = False
10.5574 	EXP 	image_2: image = 'imgs/iceberg.png'
10.5574 	EXP 	movie_2: autoDraw = True
12.5103 	EXP 	image_2: autoDraw = True
12.8611 	DATA 	Keypress: space
13.0317 	EXP 	Sound  stopped
13.0361 	EXP 	movie_2: autoDraw = False
13.0361 	EXP 	image_2: autoDraw = False
13.0361 	EXP 	Set unnamed MovieStim3 stopped
13.0361 	EXP 	text_2: autoDraw = True
14.0262 	EXP 	Imported imgs/trials_fake.xlsx as conditions, 2 conditions, 3 params
14.0266 	EXP 	Created sequence: random, trialTypes=2, nReps=1, seed=None
14.0268 	EXP 	New trial (rep=0, index=0): {'timepresentation': 2, 'posx': -0.8, 'posy': 0.15}
14.0321 	EXP 	Sound  started
14.0646 	EXP 	text_2: autoDraw = False
14.0646 	EXP 	text_2: autoDraw = False
14.0646 	EXP 	image_3: image = 'imgs/iceberg.png'
14.0646 	EXP 	Set unnamed MovieStim3 playing
14.0646 	EXP 	movie_3: autoDraw = True
16.0438 	EXP 	image_3: autoDraw = True
16.5550 	EXP 	New trial (rep=0, index=1): {'timepresentation': 2, 'posx': -0.7, 'posy': 0.15}
16.5953 	WARNING 	3.7310021333323675: Video catchup needed, advancing self._nextFrameT from 3.570233333333341 to 3.6036000000000077
16.5953 	WARNING 	3.7310557333330507: Video catchup needed, advancing self._nextFrameT from 3.6036000000000077 to 3.6369666666666745
16.5954 	WARNING 	3.731078733333561: Video catchup needed, advancing self._nextFrameT from 3.6369666666666745 to 3.670333333333341
16.6678 	DATA 	Keypress: space
16.6764 	EXP 	movie_3: autoDraw = False
16.6764 	EXP 	image_3: autoDraw = False
16.6764 	EXP 	image_3: image = 'imgs/iceberg.png'
16.6764 	EXP 	movie_3: autoDraw = True
16.6766 	WARNING 	3.8123247333332984: Video catchup needed, advancing self._nextFrameT from 3.703700000000008 to 3.7370666666666748
16.6766 	WARNING 	3.812345333333724: Video catchup needed, advancing self._nextFrameT from 3.7370666666666748 to 3.7704333333333415
18.5781 	EXP 	image_3: autoDraw = True
19.0103 	EXP 	Sound  stopped
19.0126 	DATA 	Keypress: space
19.0160 	EXP 	movie_3: autoDraw = False
19.0160 	EXP 	image_3: autoDraw = False
19.0160 	EXP 	Set unnamed MovieStim3 stopped
19.0160 	EXP 	text_3: autoDraw = True
20.0047 	EXP 	Imported imgs/trials_iceberg_3.xlsx as conditions, 8 conditions, 3 params
20.0050 	EXP 	Created sequence: random, trialTypes=8, nReps=1, seed=None
20.0051 	EXP 	New trial (rep=0, index=0): {'timepresentation': 8, 'posx': 0.5, 'posy': 0.1}
20.0052 	EXP 	Sound  started
20.0195 	EXP 	text_3: autoDraw = False
20.0195 	EXP 	text_3: autoDraw = False
20.0195 	EXP 	Set unnamed MovieStim3 playing
22.5313 	EXP 	New trial (rep=0, index=1): {'timepresentation': 10, 'posx': -0.5, 'posy': 0.15}
22.5326 	DATA 	Keypress: space
24.3559 	EXP 	New trial (rep=0, index=2): {'timepresentation': 7, 'posx': 0.7, 'posy': 0.1}
24.3805 	DATA 	Keypress: space
25.5374 	EXP 	New trial (rep=0, index=3): {'timepresentation': 6, 'posx': -0.7, 'posy': 0.15}
25.5384 	DATA 	Keypress: space
26.7504 	EXP 	New trial (rep=0, index=4): {'timepresentation': 5, 'posx': -0.6, 'posy': 0.15}
26.7518 	DATA 	Keypress: space
27.6532 	EXP 	New trial (rep=0, index=5): {'timepresentation': 13, 'posx': -0.8, 'posy': 0.15}
27.6545 	DATA 	Keypress: space
28.5764 	EXP 	New trial (rep=0, index=6): {'timepresentation': 14, 'posx': 0.6, 'posy': 0.1}
28.5780 	DATA 	Keypress: space
29.4538 	EXP 	New trial (rep=0, index=7): {'timepresentation': 12, 'posx': 0.8, 'posy': 0.1}
29.4549 	DATA 	Keypress: space
30.2863 	DATA 	Keypress: space
30.2898 	EXP 	tarea_iceberg: status = STOPPED
30.4685 	EXP 	window1: mouseVisible = True
