4.6168 	WARNING 	User requested fullscreen with size [1024  768], but screen is actually [1920, 1080]. Using actual size
5.3866 	EXP 	Created window1 = Window(allowGUI=True, allowStencil=False, autoLog=True, backendConf=UNKNOWN, backgroundFit=<method-wrapper '__getattribute__' of attributeSetter object at 0x0000029DA1F05C70>, backgroundImage=<method-wrapper '__getattribute__' of attributeSetter object at 0x0000029DA1F05C10>, bitsMode=UNKNOWN, blendMode='avg', bpc=(8, 8, 8), color=array([0, 0, 0]), colorSpace='rgb', depthBits=8, fullscr=<method-wrapper '__getattribute__' of attributeSetter object at 0x0000029DA1F05A30>, gamma=None, gammaErrorPolicy='raise', lms=UNKNOWN, monitor=<psychopy.monitors.calibTools.Monitor object at 0x0000029DA2482B20>, multiSample=False, name='window1', numSamples=2, pos=(0, 0), screen=0, size=array([1920, 1080]), stencilBits=0, stereo=False, title='PsychoPy', units='height', useFBO=True, useRetina=False, viewOri=0.0, viewPos=None, viewScale=None, waitBlanking=True, winType='pyglet')
5.3867 	EXP 	window1: mouseVisible = True
5.3867 	EXP 	window1: backgroundImage = ''
5.3867 	EXP 	window1: backgroundFit = 'none'
5.3888 	EXP 	window1: Attempting to measure frame rate of screen (0) ...
5.3888 	EXP 	window1: recordFrameIntervals = False
5.5524 	EXP 	window1: recordFrameIntervals = True
5.7358 	EXP 	Screen (0) actual frame rate measured at 60.11Hz
5.7358 	EXP 	window1: recordFrameIntervals = False
5.7360 	EXP 	window1: mouseVisible = False
7.2883 	EXP 	tarea_iceberg: status = STARTED
7.2904 	EXP 	window1: mouseVisible = True
7.4505 	EXP 	window1: mouseVisible = True
7.4628 	EXP 	Created image = ImageStim(__class__=<class 'psychopy.visual.image.ImageStim'>, anchor=('center', 'center'), autoLog=True, color=array([1., 1., 1.]), colorSpace='rgb', contrast=1.0, depth=-1.0, draggable=False, flipHoriz=False, flipVert=False, image='default.png', interpolate=True, mask=None, maskParams=None, name='image', opacity=1.0, ori=0.0, pos=array([0., 0.]), size=array([0.35, 0.35]), texRes=128.0, units='height', win=Window(...))
7.4631 	EXP 	window1: mouseVisible = True
7.5128 	EXP 	Created text = TextStim(__class__=<class 'psychopy.visual.text.TextStim'>, alignHoriz=method-wrapper(...), alignText='center', alignVert=method-wrapper(...), anchorHoriz='center', anchorVert='center', antialias=True, autoDraw=False, autoLog=True, bold=False, color=array([1., 1., 1.]), colorSpace='rgb', contrast=1.0, depth=0.0, draggable=False, flipHoriz=False, flipVert=False, font='Open Sans', fontFiles=[], height=0.05, italic=False, languageStyle='LTR', name='text', opacity=1.0, ori=0.0, pos=array([0., 0.]), rgb=UNKNOWN, text='¡Empezamos la segunda ronda!', units='height', win=Window(...), wrapWidth=1)
7.5129 	EXP 	window1: mouseVisible = True
7.6123 	EXP 	window1: mouseVisible = True
7.6210 	EXP 	Created image_2 = ImageStim(__class__=<class 'psychopy.visual.image.ImageStim'>, anchor=('center', 'center'), autoLog=True, color=array([1., 1., 1.]), colorSpace='rgb', contrast=1.0, depth=-1.0, draggable=False, flipHoriz=False, flipVert=False, image='default.png', interpolate=True, mask=None, maskParams=None, name='image_2', opacity=1.0, ori=0.0, pos=array([0., 0.]), size=array([0.35, 0.35]), texRes=128.0, units='height', win=Window(...))
7.7128 	EXP 	Created unnamed MovieStim3 = MovieStim3(__class__=<class 'psychopy.visual.movie3.MovieStim3'>, anchor=('center', 'center'), autoLog=True, color=UNKNOWN, colorSpace=UNKNOWN, depth=0.0, filename='imgs/song_titanic.mp4', flipHoriz=False, flipVert=False, fps=UNKNOWN, interpolate=True, loop=False, name='unnamed MovieStim3', noAudio=False, opacity=1, ori=method-wrapper(...), pos=array([0., 0.]), size=None, units='pix', vframe_callback=UNKNOWN, volume=UNKNOWN, win=Window(...))
8.7303 	WARNING 	1.0174807000003057: Video catchup needed, advancing self._nextFrameT from 0.0 to 0.041666666666666664
8.7304 	WARNING 	1.0175291000014113: Video catchup needed, advancing self._nextFrameT from 0.041666666666666664 to 0.08333333333333333
8.7304 	WARNING 	1.0175417000009475: Video catchup needed, advancing self._nextFrameT from 0.08333333333333333 to 0.125
8.7304 	WARNING 	1.017551500000991: Video catchup needed, advancing self._nextFrameT from 0.125 to 0.16666666666666666
8.7304 	WARNING 	1.0175611000013305: Video catchup needed, advancing self._nextFrameT from 0.16666666666666666 to 0.20833333333333331
8.7304 	WARNING 	1.017570900001374: Video catchup needed, advancing self._nextFrameT from 0.20833333333333331 to 0.24999999999999997
8.7304 	WARNING 	1.0175813000005292: Video catchup needed, advancing self._nextFrameT from 0.24999999999999997 to 0.29166666666666663
8.7304 	WARNING 	1.0175899000005302: Video catchup needed, advancing self._nextFrameT from 0.29166666666666663 to 0.3333333333333333
8.7304 	WARNING 	1.0175985000005312: Video catchup needed, advancing self._nextFrameT from 0.3333333333333333 to 0.375
8.7304 	WARNING 	1.0176071000005322: Video catchup needed, advancing self._nextFrameT from 0.375 to 0.4166666666666667
8.7304 	WARNING 	Max reportNDroppedFrames reached, will not log any more dropped frames
8.7657 	EXP 	window1: mouseVisible = True
8.7696 	EXP 	Created text_2 = TextStim(__class__=<class 'psychopy.visual.text.TextStim'>, alignHoriz=method-wrapper(...), alignText='center', alignVert=method-wrapper(...), anchorHoriz='center', anchorVert='center', antialias=True, autoDraw=False, autoLog=True, bold=False, color=array([1., 1., 1.]), colorSpace='rgb', contrast=1.0, depth=0.0, draggable=False, flipHoriz=False, flipVert=False, font='Open Sans', fontFiles=[], height=0.05, italic=False, languageStyle='LTR', name='text_2', opacity=1.0, ori=0.0, pos=array([0., 0.]), rgb=UNKNOWN, text='¡empezamos la tercera ronda!', units='height', win=Window(...), wrapWidth=1)
8.7697 	EXP 	window1: mouseVisible = True
8.8682 	EXP 	window1: mouseVisible = True
8.8759 	EXP 	Created image_3 = ImageStim(__class__=<class 'psychopy.visual.image.ImageStim'>, anchor=('center', 'center'), autoLog=True, color=array([1., 1., 1.]), colorSpace='rgb', contrast=1.0, depth=-1.0, draggable=False, flipHoriz=False, flipVert=False, image='default.png', interpolate=True, mask=None, maskParams=None, name='image_3', opacity=1.0, ori=0.0, pos=array([0., 0.]), size=array([0.35, 0.35]), texRes=128.0, units='height', win=Window(...))
8.8761 	EXP 	Created unnamed MovieStim3 = MovieStim3(__class__=<class 'psychopy.visual.movie3.MovieStim3'>, anchor=('center', 'center'), autoLog=True, color=UNKNOWN, colorSpace=UNKNOWN, depth=0.0, filename='imgs/video_celine.mp4', flipHoriz=False, flipVert=False, fps=UNKNOWN, interpolate=True, loop=False, name='unnamed MovieStim3', noAudio=False, opacity=1, ori=method-wrapper(...), pos=array([0., 0.]), size=None, units='pix', vframe_callback=UNKNOWN, volume=UNKNOWN, win=Window(...))
10.1860 	WARNING 	1.3099363000001176: Video catchup needed, advancing self._nextFrameT from 0.0 to 0.03336666666666667
10.1861 	WARNING 	1.3099844000007579: Video catchup needed, advancing self._nextFrameT from 0.03336666666666667 to 0.06673333333333334
10.1861 	WARNING 	1.309997000000294: Video catchup needed, advancing self._nextFrameT from 0.06673333333333334 to 0.10010000000000001
10.1861 	WARNING 	1.3100075000002107: Video catchup needed, advancing self._nextFrameT from 0.10010000000000001 to 0.13346666666666668
10.1861 	WARNING 	1.310017700001481: Video catchup needed, advancing self._nextFrameT from 0.13346666666666668 to 0.16683333333333333
10.1861 	WARNING 	1.3100467000003846: Video catchup needed, advancing self._nextFrameT from 0.16683333333333333 to 0.2002
10.1861 	WARNING 	1.3100572000003012: Video catchup needed, advancing self._nextFrameT from 0.2002 to 0.23356666666666664
10.1862 	WARNING 	1.3100665000001754: Video catchup needed, advancing self._nextFrameT from 0.23356666666666664 to 0.2669333333333333
10.1862 	WARNING 	1.3100756000003457: Video catchup needed, advancing self._nextFrameT from 0.2669333333333333 to 0.30029999999999996
10.1862 	WARNING 	1.3100857000008546: Video catchup needed, advancing self._nextFrameT from 0.30029999999999996 to 0.3336666666666666
10.1862 	WARNING 	Max reportNDroppedFrames reached, will not log any more dropped frames
10.5432 	EXP 	window1: mouseVisible = True
10.5478 	EXP 	Created text_3 = TextStim(__class__=<class 'psychopy.visual.text.TextStim'>, alignHoriz=method-wrapper(...), alignText='center', alignVert=method-wrapper(...), anchorHoriz='center', anchorVert='center', antialias=True, autoDraw=False, autoLog=True, bold=False, color=array([1., 1., 1.]), colorSpace='rgb', contrast=1.0, depth=0.0, draggable=False, flipHoriz=False, flipVert=False, font='Open Sans', fontFiles=[], height=0.05, italic=False, languageStyle='LTR', name='text_3', opacity=1.0, ori=0.0, pos=array([0., 0.]), rgb=UNKNOWN, text='¡última ronda!', units='height', win=Window(...), wrapWidth=1)
10.5481 	EXP 	Created unnamed MovieStim3 = MovieStim3(__class__=<class 'psychopy.visual.movie3.MovieStim3'>, anchor=('center', 'center'), autoLog=True, color=UNKNOWN, colorSpace=UNKNOWN, depth=0.0, filename='imgs/video_mar.mp4', flipHoriz=False, flipVert=False, fps=UNKNOWN, interpolate=True, loop=False, name='unnamed MovieStim3', noAudio=False, opacity=1, ori=method-wrapper(...), pos=array([-100.,    0.]), size=None, units='pix', vframe_callback=UNKNOWN, volume=UNKNOWN, win=Window(...))
10.8868 	WARNING 	0.3386270999999397: Video catchup needed, advancing self._nextFrameT from 0.0 to 0.04
10.8868 	WARNING 	0.3386672000015096: Video catchup needed, advancing self._nextFrameT from 0.04 to 0.08
10.8868 	WARNING 	0.33867670000108774: Video catchup needed, advancing self._nextFrameT from 0.08 to 0.12
10.8868 	WARNING 	0.3386857000004966: Video catchup needed, advancing self._nextFrameT from 0.12 to 0.16
10.8868 	WARNING 	0.33869440000125905: Video catchup needed, advancing self._nextFrameT from 0.16 to 0.2
10.8868 	WARNING 	0.3387030000012601: Video catchup needed, advancing self._nextFrameT from 0.2 to 0.24000000000000002
10.8868 	WARNING 	0.3387110000003304: Video catchup needed, advancing self._nextFrameT from 0.24000000000000002 to 0.28
10.9646 	EXP 	Created unnamed MovieStim3 = MovieStim3(__class__=<class 'psychopy.visual.movie3.MovieStim3'>, anchor=('center', 'center'), autoLog=True, color=UNKNOWN, colorSpace=UNKNOWN, depth=0.0, filename='imgs/video_celine.mp4', flipHoriz=False, flipVert=False, fps=UNKNOWN, interpolate=True, loop=False, name='unnamed MovieStim3', noAudio=False, opacity=1, ori=method-wrapper(...), pos=array([100.,   0.]), size=None, units='pix', vframe_callback=UNKNOWN, volume=UNKNOWN, win=Window(...))
12.3075 	WARNING 	1.3428270000003977: Video catchup needed, advancing self._nextFrameT from 0.0 to 0.03336666666666667
12.3075 	WARNING 	1.3428758999998536: Video catchup needed, advancing self._nextFrameT from 0.03336666666666667 to 0.06673333333333334
12.3075 	WARNING 	1.3428893000000244: Video catchup needed, advancing self._nextFrameT from 0.06673333333333334 to 0.10010000000000001
12.3075 	WARNING 	1.3429004999998142: Video catchup needed, advancing self._nextFrameT from 0.10010000000000001 to 0.13346666666666668
12.3075 	WARNING 	1.342910800000027: Video catchup needed, advancing self._nextFrameT from 0.13346666666666668 to 0.16683333333333333
12.3076 	WARNING 	1.3429362000006222: Video catchup needed, advancing self._nextFrameT from 0.16683333333333333 to 0.2002
12.3076 	WARNING 	1.3429460999996081: Video catchup needed, advancing self._nextFrameT from 0.2002 to 0.23356666666666664
12.3076 	WARNING 	1.3429556000010052: Video catchup needed, advancing self._nextFrameT from 0.23356666666666664 to 0.2669333333333333
12.3076 	WARNING 	1.3429651999995258: Video catchup needed, advancing self._nextFrameT from 0.2669333333333333 to 0.30029999999999996
12.3076 	WARNING 	1.3429747999998654: Video catchup needed, advancing self._nextFrameT from 0.30029999999999996 to 0.3336666666666666
12.3076 	WARNING 	Max reportNDroppedFrames reached, will not log any more dropped frames
0.0042 	EXP 	movie: autoLog = True
0.0042 	EXP 	movie_2: autoLog = True
0.0042 	EXP 	unnamed MovieStim3: autoLog = True
0.0042 	EXP 	unnamed MovieStim3: movie = 'imgs/song_titanic.mp4'
0.0042 	EXP 	unnamed MovieStim3: ori = 0.0
0.0042 	EXP 	movie_3: autoLog = True
0.0042 	EXP 	unnamed MovieStim3: autoLog = True
0.0042 	EXP 	unnamed MovieStim3: movie = 'imgs/video_celine.mp4'
0.0042 	EXP 	unnamed MovieStim3: ori = 0.0
0.0042 	EXP 	unnamed MovieStim3: autoLog = True
0.0042 	EXP 	unnamed MovieStim3: movie = 'imgs/video_mar.mp4'
0.0042 	EXP 	unnamed MovieStim3: ori = 0.0
0.0042 	EXP 	unnamed MovieStim3: autoLog = True
0.0042 	EXP 	unnamed MovieStim3: movie = 'imgs/video_celine.mp4'
0.0042 	EXP 	unnamed MovieStim3: ori = 0.0
0.0091 	EXP 	Imported imgs/trials_fake.xlsx as conditions, 2 conditions, 3 params
0.0094 	EXP 	Created sequence: random, trialTypes=2, nReps=1, seed=None
0.0096 	EXP 	New trial (rep=0, index=0): {'timepresentation': 2, 'posx': -0.8, 'posy': 0.15}
0.0572 	EXP 	image: image = 'imgs/iceberg.png'
0.0572 	EXP 	movie: autoDraw = True
2.0141 	EXP 	image: autoDraw = True
2.5792 	EXP 	New trial (rep=0, index=1): {'timepresentation': 2, 'posx': -0.7, 'posy': 0.15}
2.6287 	DATA 	Keypress: space
2.6372 	EXP 	movie: autoDraw = False
2.6372 	EXP 	image: autoDraw = False
2.6372 	EXP 	image: image = 'imgs/iceberg.png'
2.6372 	EXP 	movie: autoDraw = True
4.5943 	EXP 	image: autoDraw = True
4.8860 	DATA 	Keypress: space
5.0085 	EXP 	movie: autoDraw = False
5.0085 	EXP 	image: autoDraw = False
5.0085 	EXP 	text: autoDraw = True
6.0134 	EXP 	Imported imgs/trials_fake.xlsx as conditions, 2 conditions, 3 params
6.0139 	EXP 	Created sequence: random, trialTypes=2, nReps=1, seed=None
6.0142 	EXP 	New trial (rep=0, index=0): {'timepresentation': 2, 'posx': -0.8, 'posy': 0.15}
6.0201 	EXP 	Sound  started
6.0302 	EXP 	text: autoDraw = False
6.0302 	EXP 	image_2: image = 'imgs/iceberg.png'
6.0302 	EXP 	Set unnamed MovieStim3 playing
6.0302 	EXP 	movie_2: autoDraw = True
8.0091 	EXP 	image_2: autoDraw = True
9.2836 	EXP 	New trial (rep=0, index=1): {'timepresentation': 2, 'posx': -0.7, 'posy': 0.15}
9.3366 	DATA 	Keypress: space
9.3428 	EXP 	movie_2: autoDraw = False
9.3428 	EXP 	image_2: autoDraw = False
9.3428 	EXP 	image_2: image = 'imgs/iceberg.png'
9.3428 	EXP 	movie_2: autoDraw = True
11.2905 	EXP 	image_2: autoDraw = True
11.7428 	EXP 	Sound  stopped
11.7460 	DATA 	Keypress: space
11.7488 	EXP 	movie_2: autoDraw = False
11.7488 	EXP 	image_2: autoDraw = False
11.7488 	EXP 	Set unnamed MovieStim3 stopped
11.7488 	EXP 	text_2: autoDraw = True
12.7402 	EXP 	Imported imgs/trials_fake.xlsx as conditions, 2 conditions, 3 params
12.7405 	EXP 	Created sequence: random, trialTypes=2, nReps=1, seed=None
12.7406 	EXP 	New trial (rep=0, index=0): {'timepresentation': 2, 'posx': -0.7, 'posy': 0.15}
12.7460 	EXP 	Sound  started
12.7765 	EXP 	text_2: autoDraw = False
12.7765 	EXP 	text_2: autoDraw = False
12.7765 	EXP 	image_3: image = 'imgs/iceberg.png'
12.7765 	EXP 	Set unnamed MovieStim3 playing
12.7765 	EXP 	movie_3: autoDraw = True
14.7576 	EXP 	image_3: autoDraw = True
15.2277 	EXP 	New trial (rep=0, index=1): {'timepresentation': 2, 'posx': -0.8, 'posy': 0.15}
15.2682 	WARNING 	3.7566881666662084: Video catchup needed, advancing self._nextFrameT from 3.6036000000000077 to 3.6369666666666745
15.2682 	WARNING 	3.75673366666706: Video catchup needed, advancing self._nextFrameT from 3.6369666666666745 to 3.670333333333341
15.2682 	WARNING 	3.756751966666343: Video catchup needed, advancing self._nextFrameT from 3.670333333333341 to 3.703700000000008
15.3317 	DATA 	Keypress: space
15.3402 	EXP 	movie_3: autoDraw = False
15.3402 	EXP 	image_3: autoDraw = False
15.3402 	EXP 	image_3: image = 'imgs/iceberg.png'
15.3402 	EXP 	movie_3: autoDraw = True
15.3404 	WARNING 	3.8289102666658437: Video catchup needed, advancing self._nextFrameT from 3.7370666666666748 to 3.7704333333333415
17.2576 	EXP 	image_3: autoDraw = True
17.7212 	EXP 	Sound  stopped
17.7230 	DATA 	Keypress: space
17.7261 	EXP 	movie_3: autoDraw = False
17.7261 	EXP 	image_3: autoDraw = False
17.7261 	EXP 	Set unnamed MovieStim3 stopped
17.7261 	EXP 	text_3: autoDraw = True
18.7211 	EXP 	Imported imgs/trials_iceberg_3.xlsx as conditions, 8 conditions, 3 params
18.7215 	EXP 	Created sequence: random, trialTypes=8, nReps=1, seed=None
18.7216 	EXP 	New trial (rep=0, index=0): {'timepresentation': 6, 'posx': -0.7, 'posy': 0.15}
18.7217 	EXP 	Sound  started
18.7217 	EXP 	Sound  started
18.7325 	EXP 	text_3: autoDraw = False
18.7325 	EXP 	text_3: autoDraw = False
18.7325 	EXP 	Set unnamed MovieStim3 playing
18.7325 	EXP 	Set unnamed MovieStim3 playing
34.6558 	DATA 	Keypress: escape
34.7063 	EXP 	tarea_iceberg: status = STOPPED
34.7101 	EXP 	tarea_iceberg: status = STOPPED
34.8918 	EXP 	window1: mouseVisible = True
