8.2890 	WARNING 	User requested fullscreen with size [1536  864], but screen is actually [1920, 1080]. Using actual size
9.0457 	EXP 	Created window1 = Window(allowGUI=True, allowStencil=False, autoLog=True, backendConf=UNKNOWN, backgroundFit=<method-wrapper '__getattribute__' of attributeSetter object at 0x0000021BEA372190>, backgroundImage=<method-wrapper '__getattribute__' of attributeSetter object at 0x0000021BEA372130>, bitsMode=UNKNOWN, blendMode='avg', bpc=(8, 8, 8), color=array([0, 0, 0]), colorSpace='rgb', depthBits=8, fullscr=<method-wrapper '__getattribute__' of attributeSetter object at 0x0000021BDEF3EFD0>, gamma=None, gammaErrorPolicy='raise', lms=UNKNOWN, monitor=<psychopy.monitors.calibTools.Monitor object at 0x0000021BEA831700>, multiSample=False, name='window1', numSamples=2, pos=(0, 0), screen=0, size=array([1920, 1080]), stencilBits=0, stereo=False, title='PsychoPy', units='height', useFBO=True, useRetina=False, viewOri=0.0, viewPos=None, viewScale=None, waitBlanking=True, winType='pyglet')
9.0458 	EXP 	window1: mouseVisible = True
9.0458 	EXP 	window1: backgroundImage = ''
9.0459 	EXP 	window1: backgroundFit = 'none'
9.0477 	EXP 	window1: Attempting to measure frame rate of screen (0) ...
9.0477 	EXP 	window1: recordFrameIntervals = False
9.2114 	EXP 	window1: recordFrameIntervals = True
9.3950 	EXP 	Screen (0) actual frame rate measured at 60.04Hz
9.3951 	EXP 	window1: recordFrameIntervals = False
9.3953 	EXP 	window1: mouseVisible = False
11.1763 	EXP 	tarea_iceberg: status = STARTED
11.1766 	EXP 	window1: mouseVisible = True
11.1771 	WARNING 	Requested image 'imgs/logo_OB.jpeg' not found but similar filename 'imgs/logo_OB.png' exists. This will be used instead but changing the filename is advised.
11.1821 	WARNING 	Requested image 'imgs/logo_OB.jpeg' not found but similar filename 'imgs/logo_OB.png' exists. This will be used instead but changing the filename is advised.
11.1861 	WARNING 	Requested image 'imgs/logo_OB.jpeg' not found but similar filename 'imgs/logo_OB.png' exists. This will be used instead but changing the filename is advised.
11.1901 	WARNING 	Requested image 'imgs/logo_OB.jpeg' not found but similar filename 'imgs/logo_OB.png' exists. This will be used instead but changing the filename is advised.
11.1950 	EXP 	Created image_5 = ImageStim(__class__=<class 'psychopy.visual.image.ImageStim'>, anchor=('center', 'center'), autoLog=True, color=array([1., 1., 1.]), colorSpace='rgb', contrast=1.0, depth=0.0, draggable=False, flipHoriz=False, flipVert=False, image='imgs/logo_OB.jpeg', interpolate=True, mask=None, maskParams=None, name='image_5', opacity=1.0, ori=0.0, pos=array([0., 0.]), size=array([0.6, 0.7]), texRes=128.0, units='height', win=Window(...))
11.1952 	EXP 	window1: mouseVisible = True
11.2491 	EXP 	Created text_6 = TextStim(__class__=<class 'psychopy.visual.text.TextStim'>, alignHoriz=method-wrapper(...), alignText='center', alignVert=method-wrapper(...), anchorHoriz='center', anchorVert='center', antialias=True, autoDraw=False, autoLog=True, bold=False, color=array([1., 1., 1.]), colorSpace='rgb', contrast=1.0, depth=-1.0, draggable=False, flipHoriz=False, flipVert=False, font='Open Sans', fontFiles=[], height=0.04, italic=False, languageStyle='LTR', name='text_6', opacity=1.0, ori=0.0, pos=array([ 0.  , -0.35]), rgb=UNKNOWN, text='¡Bienvenido a un experimento de Open Brains!', units='height', win=Window(...), wrapWidth=1)
11.2493 	EXP 	window1: mouseVisible = True
11.2662 	EXP 	Created text_5 = TextStim(__class__=<class 'psychopy.visual.text.TextStim'>, alignHoriz=method-wrapper(...), alignText='center', alignVert=method-wrapper(...), anchorHoriz='center', anchorVert='center', antialias=True, autoDraw=False, autoLog=True, bold=False, color=array([1., 1., 1.]), colorSpace='rgb', contrast=1.0, depth=0.0, draggable=False, flipHoriz=False, flipVert=False, font='Open Sans', fontFiles=[], height=0.035, italic=False, languageStyle='LTR', name='text_5', opacity=1.0, ori=0.0, pos=array([0., 0.]), rgb=UNKNOWN, text=str(...), units='height', win=Window(...), wrapWidth=1)
11.2664 	EXP 	window1: mouseVisible = True
11.2674 	EXP 	Created text_7 = TextStim(__class__=<class 'psychopy.visual.text.TextStim'>, alignHoriz=method-wrapper(...), alignText='center', alignVert=method-wrapper(...), anchorHoriz='center', anchorVert='center', antialias=True, autoDraw=False, autoLog=True, bold=False, color=array([1., 1., 1.]), colorSpace='rgb', contrast=1.0, depth=0.0, draggable=False, flipHoriz=False, flipVert=False, font='Open Sans', fontFiles=[], height=0.05, italic=False, languageStyle='LTR', name='text_7', opacity=1.0, ori=0.0, pos=array([0., 0.]), rgb=UNKNOWN, text='', units='height', win=Window(...), wrapWidth=1)
11.2675 	EXP 	window1: mouseVisible = True
11.2752 	EXP 	Created image = ImageStim(__class__=<class 'psychopy.visual.image.ImageStim'>, anchor=('center', 'center'), autoLog=True, color=array([1., 1., 1.]), colorSpace='rgb', contrast=1.0, depth=0.0, draggable=False, flipHoriz=False, flipVert=False, image='default.png', interpolate=True, mask=None, maskParams=None, name='image', opacity=1.0, ori=0.0, pos=array([0., 0.]), size=array([0.35, 0.35]), texRes=128.0, units='height', win=Window(...))
11.3776 	EXP 	Created unnamed MovieStim3 = MovieStim3(__class__=<class 'psychopy.visual.movie3.MovieStim3'>, anchor=('center', 'center'), autoLog=True, color=UNKNOWN, colorSpace=UNKNOWN, depth=0.0, filename='imgs/video_mar.mp4', flipHoriz=False, flipVert=False, fps=UNKNOWN, interpolate=True, loop=True, name='unnamed MovieStim3', noAudio=False, opacity=1, ori=method-wrapper(...), pos=array([0., 0.]), size=None, units='pix', vframe_callback=UNKNOWN, volume=UNKNOWN, win=Window(...))
12.4474 	WARNING 	1.069774799994775: Video catchup needed, advancing self._nextFrameT from 0.0 to 0.04
12.4475 	WARNING 	1.0698851000051945: Video catchup needed, advancing self._nextFrameT from 0.04 to 0.08
12.4476 	WARNING 	1.0699311000062153: Video catchup needed, advancing self._nextFrameT from 0.08 to 0.12
12.4476 	WARNING 	1.0699733999936143: Video catchup needed, advancing self._nextFrameT from 0.12 to 0.16
12.4476 	WARNING 	1.070012800002587: Video catchup needed, advancing self._nextFrameT from 0.16 to 0.2
12.4477 	WARNING 	1.0700535000069067: Video catchup needed, advancing self._nextFrameT from 0.2 to 0.24000000000000002
12.4477 	WARNING 	1.0700936999928672: Video catchup needed, advancing self._nextFrameT from 0.24000000000000002 to 0.28
12.4478 	WARNING 	1.0701321999949869: Video catchup needed, advancing self._nextFrameT from 0.28 to 0.32
12.4478 	WARNING 	1.0701700000063283: Video catchup needed, advancing self._nextFrameT from 0.32 to 0.36
12.4478 	WARNING 	1.0702082000061637: Video catchup needed, advancing self._nextFrameT from 0.36 to 0.39999999999999997
12.4481 	WARNING 	Max reportNDroppedFrames reached, will not log any more dropped frames
12.7119 	EXP 	window1: mouseVisible = True
12.7205 	EXP 	Created image_2 = ImageStim(__class__=<class 'psychopy.visual.image.ImageStim'>, anchor=('center', 'center'), autoLog=True, color=array([1., 1., 1.]), colorSpace='rgb', contrast=1.0, depth=0.0, draggable=False, flipHoriz=False, flipVert=False, image='default.png', interpolate=True, mask=None, maskParams=None, name='image_2', opacity=1.0, ori=0.0, pos=array([0., 0.]), size=array([0.35, 0.35]), texRes=128.0, units='height', win=Window(...))
12.7208 	EXP 	Created unnamed MovieStim3 = MovieStim3(__class__=<class 'psychopy.visual.movie3.MovieStim3'>, anchor=('center', 'center'), autoLog=True, color=UNKNOWN, colorSpace=UNKNOWN, depth=0.0, filename='imgs/song_titanic.mp4', flipHoriz=False, flipVert=False, fps=UNKNOWN, interpolate=True, loop=False, name='unnamed MovieStim3', noAudio=False, opacity=1, ori=method-wrapper(...), pos=array([0., 0.]), size=None, units='pix', vframe_callback=UNKNOWN, volume=UNKNOWN, win=Window(...))
13.5182 	WARNING 	0.797331399997347: Video catchup needed, advancing self._nextFrameT from 0.0 to 0.041666666666666664
13.5182 	WARNING 	0.7974069000047166: Video catchup needed, advancing self._nextFrameT from 0.041666666666666664 to 0.08333333333333333
13.5182 	WARNING 	0.7974191999965115: Video catchup needed, advancing self._nextFrameT from 0.08333333333333333 to 0.125
13.5182 	WARNING 	0.7974291999998968: Video catchup needed, advancing self._nextFrameT from 0.125 to 0.16666666666666666
13.5182 	WARNING 	0.797440700000152: Video catchup needed, advancing self._nextFrameT from 0.16666666666666666 to 0.20833333333333331
13.5183 	WARNING 	0.7974510000058217: Video catchup needed, advancing self._nextFrameT from 0.20833333333333331 to 0.24999999999999997
13.5183 	WARNING 	0.7974628999945708: Video catchup needed, advancing self._nextFrameT from 0.24999999999999997 to 0.29166666666666663
13.5183 	WARNING 	0.7974721000064164: Video catchup needed, advancing self._nextFrameT from 0.29166666666666663 to 0.3333333333333333
13.5183 	WARNING 	0.7974817999929655: Video catchup needed, advancing self._nextFrameT from 0.3333333333333333 to 0.375
13.5183 	WARNING 	0.7974908000032883: Video catchup needed, advancing self._nextFrameT from 0.375 to 0.4166666666666667
13.5183 	WARNING 	Max reportNDroppedFrames reached, will not log any more dropped frames
13.5362 	EXP 	Created unnamed MovieStim3 = MovieStim3(__class__=<class 'psychopy.visual.movie3.MovieStim3'>, anchor=('center', 'center'), autoLog=True, color=UNKNOWN, colorSpace=UNKNOWN, depth=0.0, filename='imgs/titanic_spanish.mp4', flipHoriz=False, flipVert=False, fps=UNKNOWN, interpolate=True, loop=False, name='unnamed MovieStim3', noAudio=False, opacity=1, ori=method-wrapper(...), pos=array([0., 0.]), size=None, units='pix', vframe_callback=UNKNOWN, volume=UNKNOWN, win=Window(...))
14.7022 	WARNING 	1.1659117000090191: Video catchup needed, advancing self._nextFrameT from 0.0 to 0.04
14.7022 	WARNING 	1.1659656000119867: Video catchup needed, advancing self._nextFrameT from 0.04 to 0.08
14.7023 	WARNING 	1.1659804000082659: Video catchup needed, advancing self._nextFrameT from 0.08 to 0.12
14.7023 	WARNING 	1.165993000002345: Video catchup needed, advancing self._nextFrameT from 0.12 to 0.16
14.7023 	WARNING 	1.166004900005646: Video catchup needed, advancing self._nextFrameT from 0.16 to 0.2
14.7023 	WARNING 	1.166016800008947: Video catchup needed, advancing self._nextFrameT from 0.2 to 0.24000000000000002
14.7023 	WARNING 	1.166031100001419: Video catchup needed, advancing self._nextFrameT from 0.24000000000000002 to 0.28
14.7023 	WARNING 	1.1660431000054814: Video catchup needed, advancing self._nextFrameT from 0.28 to 0.32
14.7023 	WARNING 	1.1660550000087824: Video catchup needed, advancing self._nextFrameT from 0.32 to 0.36
14.7024 	WARNING 	1.1660931000078563: Video catchup needed, advancing self._nextFrameT from 0.36 to 0.39999999999999997
14.7024 	WARNING 	Max reportNDroppedFrames reached, will not log any more dropped frames
14.7537 	EXP 	window1: mouseVisible = True
14.7626 	EXP 	Created image_3 = ImageStim(__class__=<class 'psychopy.visual.image.ImageStim'>, anchor=('center', 'center'), autoLog=True, color=array([1., 1., 1.]), colorSpace='rgb', contrast=1.0, depth=-2.0, draggable=False, flipHoriz=False, flipVert=False, image='default.png', interpolate=True, mask=None, maskParams=None, name='image_3', opacity=1.0, ori=0.0, pos=array([0., 0.]), size=array([0.35, 0.35]), texRes=128.0, units='height', win=Window(...))
14.7628 	EXP 	Created unnamed MovieStim3 = MovieStim3(__class__=<class 'psychopy.visual.movie3.MovieStim3'>, anchor=('center', 'center'), autoLog=True, color=UNKNOWN, colorSpace=UNKNOWN, depth=0.0, filename='imgs/titanic_spanish.mp4', flipHoriz=False, flipVert=False, fps=UNKNOWN, interpolate=True, loop=False, name='unnamed MovieStim3', noAudio=False, opacity=1, ori=method-wrapper(...), pos=array([0., 0.]), size=None, units='pix', vframe_callback=UNKNOWN, volume=UNKNOWN, win=Window(...))
15.9802 	WARNING 	1.2173348000069382: Video catchup needed, advancing self._nextFrameT from 0.0 to 0.04
15.9803 	WARNING 	1.2174156999972183: Video catchup needed, advancing self._nextFrameT from 0.04 to 0.08
15.9803 	WARNING 	1.217428000003565: Video catchup needed, advancing self._nextFrameT from 0.08 to 0.12
15.9803 	WARNING 	1.2174388999992516: Video catchup needed, advancing self._nextFrameT from 0.12 to 0.16
15.9803 	WARNING 	1.2174488000018755: Video catchup needed, advancing self._nextFrameT from 0.16 to 0.2
15.9803 	WARNING 	1.217458400002215: Video catchup needed, advancing self._nextFrameT from 0.2 to 0.24000000000000002
15.9803 	WARNING 	1.2174745999946026: Video catchup needed, advancing self._nextFrameT from 0.24000000000000002 to 0.28
15.9803 	WARNING 	1.2174838999926578: Video catchup needed, advancing self._nextFrameT from 0.28 to 0.32
15.9803 	WARNING 	1.2174926000006963: Video catchup needed, advancing self._nextFrameT from 0.32 to 0.36
15.9803 	WARNING 	1.2175016999972286: Video catchup needed, advancing self._nextFrameT from 0.36 to 0.39999999999999997
15.9803 	WARNING 	Max reportNDroppedFrames reached, will not log any more dropped frames
16.0154 	EXP 	Created unnamed MovieStim3 = MovieStim3(__class__=<class 'psychopy.visual.movie3.MovieStim3'>, anchor=('center', 'center'), autoLog=True, color=UNKNOWN, colorSpace=UNKNOWN, depth=0.0, filename='imgs/titanic.mp4', flipHoriz=False, flipVert=False, fps=UNKNOWN, interpolate=True, loop=False, name='unnamed MovieStim3', noAudio=False, opacity=1, ori=method-wrapper(...), pos=array([  0., 100.]), size=None, units='pix', vframe_callback=UNKNOWN, volume=UNKNOWN, win=Window(...))
17.1093 	WARNING 	1.0938716000091517: Video catchup needed, advancing self._nextFrameT from 0.0 to 0.03336666666666667
17.1093 	WARNING 	1.0939075000060257: Video catchup needed, advancing self._nextFrameT from 0.03336666666666667 to 0.06673333333333334
17.1093 	WARNING 	1.093928300004336: Video catchup needed, advancing self._nextFrameT from 0.06673333333333334 to 0.10010000000000001
17.1093 	WARNING 	1.09393890001229: Video catchup needed, advancing self._nextFrameT from 0.10010000000000001 to 0.13346666666666668
17.1093 	WARNING 	1.0939484000118682: Video catchup needed, advancing self._nextFrameT from 0.13346666666666668 to 0.16683333333333333
17.1094 	WARNING 	1.093957600009162: Video catchup needed, advancing self._nextFrameT from 0.16683333333333333 to 0.2002
17.1094 	WARNING 	1.0939666000049328: Video catchup needed, advancing self._nextFrameT from 0.2002 to 0.23356666666666664
17.1094 	WARNING 	1.0939756000007037: Video catchup needed, advancing self._nextFrameT from 0.23356666666666664 to 0.2669333333333333
17.1094 	WARNING 	1.0939849999995204: Video catchup needed, advancing self._nextFrameT from 0.2669333333333333 to 0.30029999999999996
17.1094 	WARNING 	1.0939941000106046: Video catchup needed, advancing self._nextFrameT from 0.30029999999999996 to 0.3336666666666666
17.1094 	WARNING 	Max reportNDroppedFrames reached, will not log any more dropped frames
17.1690 	EXP 	window1: mouseVisible = True
17.1812 	EXP 	Created image_4 = ImageStim(__class__=<class 'psychopy.visual.image.ImageStim'>, anchor=('center', 'center'), autoLog=True, color=array([1., 1., 1.]), colorSpace='rgb', contrast=1.0, depth=-3.0, draggable=False, flipHoriz=False, flipVert=False, image='default.png', interpolate=True, mask=None, maskParams=None, name='image_4', opacity=1.0, ori=0.0, pos=array([0., 0.]), size=array([0.35, 0.35]), texRes=128.0, units='height', win=Window(...))
17.1813 	EXP 	window1: mouseVisible = True
17.1951 	EXP 	Created text_4 = TextStim(__class__=<class 'psychopy.visual.text.TextStim'>, alignHoriz=method-wrapper(...), alignText='center', alignVert=method-wrapper(...), anchorHoriz='center', anchorVert='center', antialias=True, autoDraw=False, autoLog=True, bold=False, color=array([1., 1., 1.]), colorSpace='rgb', contrast=1.0, depth=0.0, draggable=False, flipHoriz=False, flipVert=False, font='Open Sans', fontFiles=[], height=0.05, italic=False, languageStyle='LTR', name='text_4', opacity=1.0, ori=0.0, pos=array([0., 0.]), rgb=UNKNOWN, text='¡Muchas gracias por participar!', units='height', win=Window(...), wrapWidth=1)
0.0018 	EXP 	unnamed MovieStim3: autoLog = True
0.0018 	EXP 	unnamed MovieStim3: movie = 'imgs/video_mar.mp4'
0.0018 	EXP 	unnamed MovieStim3: ori = 0.0
0.0018 	EXP 	unnamed MovieStim3: autoLog = True
0.0018 	EXP 	unnamed MovieStim3: movie = 'imgs/song_titanic.mp4'
0.0018 	EXP 	unnamed MovieStim3: ori = 0.0
0.0018 	EXP 	unnamed MovieStim3: autoLog = True
0.0018 	EXP 	unnamed MovieStim3: movie = 'imgs/titanic_spanish.mp4'
0.0018 	EXP 	unnamed MovieStim3: ori = 0.0
0.0018 	EXP 	unnamed MovieStim3: autoLog = True
0.0018 	EXP 	unnamed MovieStim3: movie = 'imgs/titanic_spanish.mp4'
0.0018 	EXP 	unnamed MovieStim3: ori = 0.0
0.0018 	EXP 	unnamed MovieStim3: autoLog = True
0.0018 	EXP 	unnamed MovieStim3: movie = 'imgs/titanic.mp4'
0.0018 	EXP 	unnamed MovieStim3: ori = 0.0
0.0134 	EXP 	image_5: autoDraw = True
0.0134 	EXP 	text_6: autoDraw = True
3.0260 	EXP 	image_5: autoDraw = False
3.0260 	EXP 	text_6: autoDraw = False
3.0260 	EXP 	text_5: autoDraw = True
6.6628 	EXP 	Imported imgs/routines_order.xlsx as conditions, 4 conditions, 1 params
6.6631 	EXP 	Created sequence: sequential, trialTypes=4, nReps=1, seed=None
6.6632 	EXP 	New trial (rep=0, index=0): {'routineName': 'control'}
6.6701 	DATA 	Keypress: space
6.6736 	EXP 	text_5: autoDraw = False
6.6736 	EXP 	text_7: autoDraw = True
8.6802 	EXP 	Imported imgs/iceberg_times.xlsx as conditions, 2 conditions, 3 params
8.6805 	EXP 	Created sequence: random, trialTypes=2, nReps=1, seed=None
8.6806 	EXP 	New trial (rep=0, index=0): {'timepresentation': 15, 'posx': -0.7, 'posy': 0.15}
8.6860 	EXP 	Sound  started
8.6935 	EXP 	text_7: autoDraw = False
8.6935 	EXP 	image: image = 'imgs/iceberg.png'
8.6935 	EXP 	Set unnamed MovieStim3 playing
23.6659 	EXP 	image: autoDraw = True
24.0834 	DATA 	Keypress: space
24.0912 	EXP 	New trial (rep=0, index=1): {'timepresentation': 11, 'posx': -0.8, 'posy': 0.15}
24.1239 	EXP 	image: autoDraw = False
24.1239 	EXP 	image: image = 'imgs/iceberg.png'
26.7400 	EXP 	Sound  stopped
26.8810 	EXP 	Sound  started
26.8810 	WARNING 	0.16612359999271575: Video catchup needed, advancing self._nextFrameT from 0.0 to 0.04
26.8811 	WARNING 	0.16614919999847189: Video catchup needed, advancing self._nextFrameT from 0.04 to 0.08
26.8811 	WARNING 	0.16616249999788124: Video catchup needed, advancing self._nextFrameT from 0.08 to 0.12
27.0148 	EXP 	Set unnamed MovieStim3 finished
27.0150 	WARNING 	0.30007099999056663: Video catchup needed, advancing self._nextFrameT from 0.16 to 0.2
27.0150 	WARNING 	0.30009389999031555: Video catchup needed, advancing self._nextFrameT from 0.2 to 0.24000000000000002
35.0922 	EXP 	image: autoDraw = True
35.4830 	EXP 	Imported imgs/iceberg_times.xlsx as conditions, 2 conditions, 3 params
35.4833 	EXP 	Created sequence: random, trialTypes=2, nReps=1, seed=None
35.4834 	EXP 	New trial (rep=0, index=0): {'timepresentation': 15, 'posx': -0.7, 'posy': 0.15}
35.4890 	EXP 	Sound  started
35.4893 	EXP 	New trial (rep=0, index=1): {'timepresentation': 11, 'posx': -0.8, 'posy': 0.15}
35.5184 	EXP 	Sound  stopped
35.5254 	EXP 	Imported imgs/iceberg_times.xlsx as conditions, 2 conditions, 3 params
35.5256 	EXP 	Created sequence: random, trialTypes=2, nReps=1, seed=None
35.5258 	EXP 	New trial (rep=0, index=0): {'timepresentation': 11, 'posx': -0.8, 'posy': 0.15}
35.5259 	EXP 	Sound  started
35.5332 	EXP 	New trial (rep=0, index=1): {'timepresentation': 15, 'posx': -0.7, 'posy': 0.15}
35.5592 	EXP 	Sound  stopped
35.5661 	EXP 	Imported imgs/iceberg_times.xlsx as conditions, 2 conditions, 3 params
35.5664 	EXP 	Created sequence: random, trialTypes=2, nReps=1, seed=None
35.5665 	EXP 	New trial (rep=0, index=0): {'timepresentation': 13, 'posx': 0.6, 'posy': 0.1}
35.5666 	EXP 	Sound  started
35.5668 	EXP 	Sound  started
35.5724 	EXP 	New trial (rep=0, index=1): {'timepresentation': 10, 'posx': 0.6, 'posy': 0.1}
35.6000 	EXP 	Sound  stopped
35.6186 	EXP 	Sound  stopped
35.6189 	EXP 	New trial (rep=0, index=1): {'routineName': 'music'}
35.6206 	DATA 	Keypress: space
35.6285 	EXP 	image: autoDraw = False
35.6285 	EXP 	image_2: image = 'imgs/iceberg.png'
35.6285 	EXP 	Set unnamed MovieStim3 playing
35.6285 	EXP 	image_2: autoDraw = False
35.6285 	EXP 	image_2: image = 'imgs/iceberg.png'
35.6285 	EXP 	image_2: autoDraw = False
35.6285 	EXP 	Set unnamed MovieStim3 stopped
35.6285 	EXP 	Set unnamed MovieStim3 playing
35.6285 	EXP 	image_3: image = 'imgs/iceberg.png'
35.6285 	EXP 	image_3: autoDraw = False
35.6285 	EXP 	image_3: image = 'imgs/iceberg.png'
35.6285 	EXP 	image_3: autoDraw = False
35.6285 	EXP 	Set unnamed MovieStim3 stopped
35.6285 	EXP 	Set unnamed MovieStim3 playing
35.6285 	EXP 	Set unnamed MovieStim3 playing
35.6285 	EXP 	image_4: image = 'imgs/iceberg.png'
35.6285 	EXP 	image_4: autoDraw = False
35.6285 	EXP 	image_4: image = 'imgs/iceberg.png'
35.6285 	EXP 	image_4: autoDraw = False
35.6285 	EXP 	Set unnamed MovieStim3 stopped
35.6285 	EXP 	Set unnamed MovieStim3 stopped
35.6285 	EXP 	text_7: autoDraw = True
37.6291 	EXP 	Imported imgs/iceberg_times.xlsx as conditions, 2 conditions, 3 params
37.6296 	EXP 	Created sequence: random, trialTypes=2, nReps=1, seed=None
37.6297 	EXP 	New trial (rep=0, index=0): {'timepresentation': 13, 'posx': -0.5, 'posy': 0.15}
37.6358 	EXP 	New trial (rep=0, index=1): {'timepresentation': 9, 'posx': 0.6, 'posy': 0.1}
37.6466 	EXP 	Imported imgs/iceberg_times.xlsx as conditions, 2 conditions, 3 params
37.6470 	EXP 	Created sequence: random, trialTypes=2, nReps=1, seed=None
37.6471 	EXP 	New trial (rep=0, index=0): {'timepresentation': 13, 'posx': -0.5, 'posy': 0.15}
37.8952 	EXP 	window1: mouseVisible = True
