4.4710 	WARNING 	User requested fullscreen with size [1024  768], but screen is actually [1920, 1080]. Using actual size
5.1822 	EXP 	Created window1 = Window(allowGUI=True, allowStencil=False, autoLog=True, backendConf=UNKNOWN, backgroundFit=<method-wrapper '__getattribute__' of attributeSetter object at 0x0000028044469CD0>, backgroundImage=<method-wrapper '__getattribute__' of attributeSetter object at 0x0000028044469C70>, bitsMode=UNKNOWN, blendMode='avg', bpc=(8, 8, 8), color=array([0, 0, 0]), colorSpace='rgb', depthBits=8, fullscr=<method-wrapper '__getattribute__' of attributeSetter object at 0x0000028044469AF0>, gamma=None, gammaErrorPolicy='raise', lms=UNKNOWN, monitor=<psychopy.monitors.calibTools.Monitor object at 0x00000280449F2850>, multiSample=False, name='window1', numSamples=2, pos=(0, 0), screen=0, size=array([1920, 1080]), stencilBits=0, stereo=False, title='PsychoPy', units='height', useFBO=True, useRetina=False, viewOri=0.0, viewPos=None, viewScale=None, waitBlanking=True, winType='pyglet')
5.1823 	EXP 	window1: mouseVisible = True
5.1824 	EXP 	window1: backgroundImage = ''
5.1824 	EXP 	window1: backgroundFit = 'none'
5.1846 	EXP 	window1: Attempting to measure frame rate of screen (0) ...
5.1846 	EXP 	window1: recordFrameIntervals = False
5.3477 	EXP 	window1: recordFrameIntervals = True
5.5311 	EXP 	Screen (0) actual frame rate measured at 60.25Hz
5.5312 	EXP 	window1: recordFrameIntervals = False
5.5313 	EXP 	window1: mouseVisible = False
6.9783 	EXP 	tarea_iceberg: status = STARTED
6.9808 	EXP 	window1: mouseVisible = True
7.1275 	EXP 	window1: mouseVisible = True
7.1496 	EXP 	Created image = ImageStim(__class__=<class 'psychopy.visual.image.ImageStim'>, anchor=('center', 'center'), autoLog=True, color=array([1., 1., 1.]), colorSpace='rgb', contrast=1.0, depth=-1.0, draggable=False, flipHoriz=False, flipVert=False, image='default.png', interpolate=True, mask=None, maskParams=None, name='image', opacity=1.0, ori=0.0, pos=array([0., 0.]), size=array([0.35, 0.35]), texRes=128.0, units='height', win=Window(...))
7.1499 	EXP 	window1: mouseVisible = True
7.1977 	EXP 	Created text = TextStim(__class__=<class 'psychopy.visual.text.TextStim'>, alignHoriz=method-wrapper(...), alignText='center', alignVert=method-wrapper(...), anchorHoriz='center', anchorVert='center', antialias=True, autoDraw=False, autoLog=True, bold=False, color=array([1., 1., 1.]), colorSpace='rgb', contrast=1.0, depth=0.0, draggable=False, flipHoriz=False, flipVert=False, font='Open Sans', fontFiles=[], height=0.05, italic=False, languageStyle='LTR', name='text', opacity=1.0, ori=0.0, pos=array([0., 0.]), rgb=UNKNOWN, text='¡Empezamos la segunda ronda!', units='height', win=Window(...), wrapWidth=1)
7.1978 	EXP 	window1: mouseVisible = True
7.2961 	EXP 	window1: mouseVisible = True
7.3144 	EXP 	Created image_2 = ImageStim(__class__=<class 'psychopy.visual.image.ImageStim'>, anchor=('center', 'center'), autoLog=True, color=array([1., 1., 1.]), colorSpace='rgb', contrast=1.0, depth=-1.0, draggable=False, flipHoriz=False, flipVert=False, image='default.png', interpolate=True, mask=None, maskParams=None, name='image_2', opacity=1.0, ori=0.0, pos=array([0., 0.]), size=array([0.35, 0.35]), texRes=128.0, units='height', win=Window(...))
7.4086 	EXP 	Created unnamed MovieStim3 = MovieStim3(__class__=<class 'psychopy.visual.movie3.MovieStim3'>, anchor=('center', 'center'), autoLog=True, color=UNKNOWN, colorSpace=UNKNOWN, depth=0.0, filename='imgs/song_titanic.mp4', flipHoriz=False, flipVert=False, fps=UNKNOWN, interpolate=True, loop=False, name='unnamed MovieStim3', noAudio=False, opacity=1, ori=method-wrapper(...), pos=array([0., 0.]), size=None, units='pix', vframe_callback=UNKNOWN, volume=UNKNOWN, win=Window(...))
8.3215 	WARNING 	0.9128650000002381: Video catchup needed, advancing self._nextFrameT from 0.0 to 0.041666666666666664
8.3215 	WARNING 	0.912935499998639: Video catchup needed, advancing self._nextFrameT from 0.041666666666666664 to 0.08333333333333333
8.3216 	WARNING 	0.9129532999995718: Video catchup needed, advancing self._nextFrameT from 0.08333333333333333 to 0.125
8.3216 	WARNING 	0.9129963999985193: Video catchup needed, advancing self._nextFrameT from 0.125 to 0.16666666666666666
8.3216 	WARNING 	0.9130150999990292: Video catchup needed, advancing self._nextFrameT from 0.16666666666666666 to 0.20833333333333331
8.3216 	WARNING 	0.9130270999994536: Video catchup needed, advancing self._nextFrameT from 0.20833333333333331 to 0.24999999999999997
8.3216 	WARNING 	0.9130365000000893: Video catchup needed, advancing self._nextFrameT from 0.24999999999999997 to 0.29166666666666663
8.3216 	WARNING 	0.913045699999202: Video catchup needed, advancing self._nextFrameT from 0.29166666666666663 to 0.3333333333333333
8.3217 	WARNING 	0.9130546999986109: Video catchup needed, advancing self._nextFrameT from 0.3333333333333333 to 0.375
8.3217 	WARNING 	0.9130633999993734: Video catchup needed, advancing self._nextFrameT from 0.375 to 0.4166666666666667
8.3217 	WARNING 	Max reportNDroppedFrames reached, will not log any more dropped frames
8.3715 	EXP 	window1: mouseVisible = True
8.3755 	EXP 	Created text_2 = TextStim(__class__=<class 'psychopy.visual.text.TextStim'>, alignHoriz=method-wrapper(...), alignText='center', alignVert=method-wrapper(...), anchorHoriz='center', anchorVert='center', antialias=True, autoDraw=False, autoLog=True, bold=False, color=array([1., 1., 1.]), colorSpace='rgb', contrast=1.0, depth=0.0, draggable=False, flipHoriz=False, flipVert=False, font='Open Sans', fontFiles=[], height=0.05, italic=False, languageStyle='LTR', name='text_2', opacity=1.0, ori=0.0, pos=array([0., 0.]), rgb=UNKNOWN, text='¡empezamos la tercera ronda!', units='height', win=Window(...), wrapWidth=1)
8.3756 	EXP 	window1: mouseVisible = True
8.4805 	EXP 	window1: mouseVisible = True
8.4934 	EXP 	Created image_3 = ImageStim(__class__=<class 'psychopy.visual.image.ImageStim'>, anchor=('center', 'center'), autoLog=True, color=array([1., 1., 1.]), colorSpace='rgb', contrast=1.0, depth=-1.0, draggable=False, flipHoriz=False, flipVert=False, image='default.png', interpolate=True, mask=None, maskParams=None, name='image_3', opacity=1.0, ori=0.0, pos=array([0., 0.]), size=array([0.35, 0.35]), texRes=128.0, units='height', win=Window(...))
8.4936 	EXP 	Created unnamed MovieStim3 = MovieStim3(__class__=<class 'psychopy.visual.movie3.MovieStim3'>, anchor=('center', 'center'), autoLog=True, color=UNKNOWN, colorSpace=UNKNOWN, depth=0.0, filename='imgs/video_celine.mp4', flipHoriz=False, flipVert=False, fps=UNKNOWN, interpolate=True, loop=False, name='unnamed MovieStim3', noAudio=False, opacity=1, ori=method-wrapper(...), pos=array([0., 0.]), size=None, units='pix', vframe_callback=UNKNOWN, volume=UNKNOWN, win=Window(...))
9.7667 	WARNING 	1.273031999999148: Video catchup needed, advancing self._nextFrameT from 0.0 to 0.03336666666666667
9.7667 	WARNING 	1.2730811000001268: Video catchup needed, advancing self._nextFrameT from 0.03336666666666667 to 0.06673333333333334
9.7667 	WARNING 	1.2730929000008473: Video catchup needed, advancing self._nextFrameT from 0.06673333333333334 to 0.10010000000000001
9.7667 	WARNING 	1.2731031000002986: Video catchup needed, advancing self._nextFrameT from 0.10010000000000001 to 0.13346666666666668
9.7668 	WARNING 	1.2731125999998767: Video catchup needed, advancing self._nextFrameT from 0.13346666666666668 to 0.16683333333333333
9.7668 	WARNING 	1.2731227000003855: Video catchup needed, advancing self._nextFrameT from 0.16683333333333333 to 0.2002
9.7668 	WARNING 	1.273132300000725: Video catchup needed, advancing self._nextFrameT from 0.2002 to 0.23356666666666664
9.7668 	WARNING 	1.2731414999998378: Video catchup needed, advancing self._nextFrameT from 0.23356666666666664 to 0.2669333333333333
9.7668 	WARNING 	1.2731502999995428: Video catchup needed, advancing self._nextFrameT from 0.2669333333333333 to 0.30029999999999996
9.7668 	WARNING 	1.2731597000001784: Video catchup needed, advancing self._nextFrameT from 0.30029999999999996 to 0.3336666666666666
9.7668 	WARNING 	Max reportNDroppedFrames reached, will not log any more dropped frames
0.0033 	EXP 	movie: autoLog = True
0.0033 	EXP 	movie_2: autoLog = True
0.0033 	EXP 	unnamed MovieStim3: autoLog = True
0.0033 	EXP 	unnamed MovieStim3: movie = 'imgs/song_titanic.mp4'
0.0033 	EXP 	unnamed MovieStim3: ori = 0.0
0.0033 	EXP 	movie_3: autoLog = True
0.0033 	EXP 	unnamed MovieStim3: autoLog = True
0.0033 	EXP 	unnamed MovieStim3: movie = 'imgs/video_celine.mp4'
0.0033 	EXP 	unnamed MovieStim3: ori = 0.0
0.0077 	EXP 	Imported imgs/trials_fake.xlsx as conditions, 2 conditions, 3 params
0.0081 	EXP 	Created sequence: random, trialTypes=2, nReps=1, seed=None
0.0082 	EXP 	New trial (rep=0, index=0): {'timepresentation': 2, 'posx': -0.7, 'posy': 0.15}
0.0506 	EXP 	image: image = 'imgs/iceberg.png'
0.0506 	EXP 	movie: autoDraw = True
2.0066 	EXP 	image: autoDraw = True
2.5233 	EXP 	New trial (rep=0, index=1): {'timepresentation': 2, 'posx': -0.8, 'posy': 0.15}
2.5721 	DATA 	Keypress: space
2.5787 	EXP 	movie: autoDraw = False
2.5787 	EXP 	image: autoDraw = False
2.5787 	EXP 	image: image = 'imgs/iceberg.png'
2.5787 	EXP 	movie: autoDraw = True
4.5337 	EXP 	image: autoDraw = True
4.8565 	DATA 	Keypress: space
4.9915 	EXP 	movie: autoDraw = False
4.9915 	EXP 	image: autoDraw = False
4.9915 	EXP 	text: autoDraw = True
7.9828 	EXP 	Imported imgs/trials_fake.xlsx as conditions, 2 conditions, 3 params
7.9831 	EXP 	Created sequence: random, trialTypes=2, nReps=1, seed=None
7.9832 	EXP 	New trial (rep=0, index=0): {'timepresentation': 2, 'posx': -0.8, 'posy': 0.15}
7.9876 	EXP 	Sound  started
8.0371 	EXP 	text: autoDraw = False
8.0371 	EXP 	text: autoDraw = False
8.0371 	EXP 	image_2: image = 'imgs/iceberg.png'
8.0371 	EXP 	Set unnamed MovieStim3 playing
8.0371 	EXP 	movie_2: autoDraw = True
9.9969 	EXP 	image_2: autoDraw = True
10.4895 	EXP 	New trial (rep=0, index=1): {'timepresentation': 2, 'posx': -0.7, 'posy': 0.15}
10.5385 	DATA 	Keypress: space
10.5442 	EXP 	movie_2: autoDraw = False
10.5442 	EXP 	image_2: autoDraw = False
10.5442 	EXP 	image_2: image = 'imgs/iceberg.png'
10.5442 	EXP 	movie_2: autoDraw = True
12.4965 	EXP 	image_2: autoDraw = True
13.0115 	EXP 	Sound  stopped
13.0133 	DATA 	Keypress: space
13.0148 	EXP 	movie_2: autoDraw = False
13.0148 	EXP 	image_2: autoDraw = False
13.0148 	EXP 	Set unnamed MovieStim3 stopped
13.0148 	EXP 	text_2: autoDraw = True
14.0132 	EXP 	Imported imgs/trials_iceberg_3.xlsx as conditions, 8 conditions, 3 params
14.0135 	EXP 	Created sequence: random, trialTypes=8, nReps=1, seed=None
14.0136 	EXP 	New trial (rep=0, index=0): {'timepresentation': 13, 'posx': -0.8, 'posy': 0.15}
14.0188 	EXP 	Sound  started
14.0397 	EXP 	text_2: autoDraw = False
14.0397 	EXP 	text_2: autoDraw = False
14.0397 	EXP 	image_3: image = 'imgs/iceberg.png'
14.0397 	EXP 	Set unnamed MovieStim3 playing
14.0397 	EXP 	movie_3: autoDraw = True
27.0421 	EXP 	image_3: autoDraw = True
27.5708 	EXP 	New trial (rep=0, index=1): {'timepresentation': 10, 'posx': -0.5, 'posy': 0.15}
27.6107 	WARNING 	14.793026699999245: Video catchup needed, advancing self._nextFrameT from 14.614599999999864 to 14.64796666666653
27.6107 	WARNING 	14.79310869999972: Video catchup needed, advancing self._nextFrameT from 14.64796666666653 to 14.681333333333196
27.6108 	WARNING 	14.793153599999641: Video catchup needed, advancing self._nextFrameT from 14.681333333333196 to 14.714699999999862
27.6108 	WARNING 	14.793192699999054: Video catchup needed, advancing self._nextFrameT from 14.714699999999862 to 14.748066666666528
27.6906 	DATA 	Keypress: space
27.7014 	EXP 	movie_3: autoDraw = False
27.7014 	EXP 	image_3: autoDraw = False
27.7014 	EXP 	image_3: image = 'imgs/iceberg.png'
27.7014 	EXP 	movie_3: autoDraw = True
27.7016 	WARNING 	14.883985000000393: Video catchup needed, advancing self._nextFrameT from 14.781433333333194 to 14.81479999999986
27.7016 	WARNING 	14.884004899999127: Video catchup needed, advancing self._nextFrameT from 14.81479999999986 to 14.848166666666526
37.5925 	EXP 	image_3: autoDraw = True
38.0726 	EXP 	New trial (rep=0, index=2): {'timepresentation': 12, 'posx': 0.8, 'posy': 0.1}
38.1132 	WARNING 	25.295557699999335: Video catchup needed, advancing self._nextFrameT from 25.125099999999616 to 25.158466666666282
38.1132 	WARNING 	25.29561449999892: Video catchup needed, advancing self._nextFrameT from 25.158466666666282 to 25.191833333332948
38.1132 	WARNING 	25.29563120000057: Video catchup needed, advancing self._nextFrameT from 25.191833333332948 to 25.225199999999614
38.1133 	WARNING 	25.295645399999557: Video catchup needed, advancing self._nextFrameT from 25.225199999999614 to 25.25856666666628
38.1133 	WARNING 	Max reportNDroppedFrames reached, will not log any more dropped frames
38.1784 	DATA 	Keypress: space
38.1865 	EXP 	movie_3: autoDraw = False
38.1865 	EXP 	image_3: autoDraw = False
38.1865 	EXP 	image_3: image = 'imgs/iceberg.png'
38.1865 	EXP 	movie_3: autoDraw = True
39.1465 	DATA 	Keypress: escape
39.2064 	EXP 	tarea_iceberg: status = STOPPED
39.2101 	EXP 	movie_3: autoDraw = False
39.2103 	EXP 	tarea_iceberg: status = STOPPED
39.3705 	EXP 	window1: mouseVisible = True
