6.9947 	WARNING 	User requested fullscreen with size [1536  864], but screen is actually [1920, 1080]. Using actual size
7.5463 	EXP 	Created window1 = Window(allowGUI=True, allowStencil=False, autoLog=True, backendConf=UNKNOWN, backgroundFit=<method-wrapper '__getattribute__' of attributeSetter object at 0x0000020D24010CD0>, backgroundImage=<method-wrapper '__getattribute__' of attributeSetter object at 0x0000020D24010C70>, bitsMode=UNKNOWN, blendMode='avg', bpc=(8, 8, 8), color=array([0, 0, 0]), colorSpace='rgb', depthBits=8, fullscr=<method-wrapper '__getattribute__' of attributeSetter object at 0x0000020D24010A90>, gamma=None, gammaErrorPolicy='raise', lms=UNKNOWN, monitor=<psychopy.monitors.calibTools.Monitor object at 0x0000020D2445F220>, multiSample=False, name='window1', numSamples=2, pos=(1920, 789), screen=0, size=array([1920, 1080]), stencilBits=0, stereo=False, title='PsychoPy', units='height', useFBO=True, useRetina=False, viewOri=0.0, viewPos=None, viewScale=None, waitBlanking=True, winType='pyglet')
7.5464 	EXP 	window1: mouseVisible = True
7.5464 	EXP 	window1: backgroundImage = ''
7.5464 	EXP 	window1: backgroundFit = 'none'
7.5480 	EXP 	window1: Attempting to measure frame rate of screen (0) ...
7.5481 	EXP 	window1: recordFrameIntervals = False
7.7147 	EXP 	window1: recordFrameIntervals = True
7.8963 	EXP 	Screen (0) actual frame rate measured at 60.23Hz
7.8964 	EXP 	window1: recordFrameIntervals = False
7.8966 	EXP 	window1: mouseVisible = False
9.5653 	EXP 	tarea_iceberg: status = STARTED
9.5655 	EXP 	window1: mouseVisible = True
9.5659 	WARNING 	Requested image 'imgs/logo_OB.jpeg' not found but similar filename 'imgs/logo_OB.png' exists. This will be used instead but changing the filename is advised.
9.5703 	WARNING 	Requested image 'imgs/logo_OB.jpeg' not found but similar filename 'imgs/logo_OB.png' exists. This will be used instead but changing the filename is advised.
9.5735 	WARNING 	Requested image 'imgs/logo_OB.jpeg' not found but similar filename 'imgs/logo_OB.png' exists. This will be used instead but changing the filename is advised.
9.5765 	WARNING 	Requested image 'imgs/logo_OB.jpeg' not found but similar filename 'imgs/logo_OB.png' exists. This will be used instead but changing the filename is advised.
9.5804 	EXP 	Created image_5 = ImageStim(__class__=<class 'psychopy.visual.image.ImageStim'>, anchor=('center', 'center'), autoLog=True, color=array([1., 1., 1.]), colorSpace='rgb', contrast=1.0, depth=0.0, draggable=False, flipHoriz=False, flipVert=False, image='imgs/logo_OB.jpeg', interpolate=True, mask=None, maskParams=None, name='image_5', opacity=1.0, ori=0.0, pos=array([0., 0.]), size=array([0.6, 0.7]), texRes=128.0, units='height', win=Window(...))
9.5806 	EXP 	window1: mouseVisible = True
9.6331 	EXP 	Created text_6 = TextStim(__class__=<class 'psychopy.visual.text.TextStim'>, alignHoriz=method-wrapper(...), alignText='center', alignVert=method-wrapper(...), anchorHoriz='center', anchorVert='center', antialias=True, autoDraw=False, autoLog=True, bold=False, color=array([1., 1., 1.]), colorSpace='rgb', contrast=1.0, depth=-1.0, draggable=False, flipHoriz=False, flipVert=False, font='Open Sans', fontFiles=[], height=0.04, italic=False, languageStyle='LTR', name='text_6', opacity=1.0, ori=0.0, pos=array([ 0.  , -0.35]), rgb=UNKNOWN, text='¡Bienvenido a un experimento de Open Brains!', units='height', win=Window(...), wrapWidth=1)
9.6332 	EXP 	window1: mouseVisible = True
9.6489 	EXP 	Created text_5 = TextStim(__class__=<class 'psychopy.visual.text.TextStim'>, alignHoriz=method-wrapper(...), alignText='center', alignVert=method-wrapper(...), anchorHoriz='center', anchorVert='center', antialias=True, autoDraw=False, autoLog=True, bold=False, color=array([1., 1., 1.]), colorSpace='rgb', contrast=1.0, depth=0.0, draggable=False, flipHoriz=False, flipVert=False, font='Open Sans', fontFiles=[], height=0.035, italic=False, languageStyle='LTR', name='text_5', opacity=1.0, ori=0.0, pos=array([0., 0.]), rgb=UNKNOWN, text=str(...), units='height', win=Window(...), wrapWidth=1)
9.6491 	EXP 	window1: mouseVisible = True
9.6503 	EXP 	Created text_7 = TextStim(__class__=<class 'psychopy.visual.text.TextStim'>, alignHoriz=method-wrapper(...), alignText='center', alignVert=method-wrapper(...), anchorHoriz='center', anchorVert='center', antialias=True, autoDraw=False, autoLog=True, bold=False, color=array([1., 1., 1.]), colorSpace='rgb', contrast=1.0, depth=0.0, draggable=False, flipHoriz=False, flipVert=False, font='Open Sans', fontFiles=[], height=0.05, italic=False, languageStyle='LTR', name='text_7', opacity=1.0, ori=0.0, pos=array([0., 0.]), rgb=UNKNOWN, text='', units='height', win=Window(...), wrapWidth=1)
9.6504 	EXP 	window1: mouseVisible = True
9.6589 	EXP 	Created image = ImageStim(__class__=<class 'psychopy.visual.image.ImageStim'>, anchor=('center', 'center'), autoLog=True, color=array([1., 1., 1.]), colorSpace='rgb', contrast=1.0, depth=-1.0, draggable=False, flipHoriz=False, flipVert=False, image='default.png', interpolate=True, mask=None, maskParams=None, name='image', opacity=1.0, ori=0.0, pos=array([0., 0.]), size=array([0.35, 0.35]), texRes=128.0, units='height', win=Window(...))
9.7587 	EXP 	Created unnamed MovieStim3 = MovieStim3(__class__=<class 'psychopy.visual.movie3.MovieStim3'>, anchor=('center', 'center'), autoLog=True, color=UNKNOWN, colorSpace=UNKNOWN, depth=0.0, filename='imgs/video_mar_luis.mp4', flipHoriz=False, flipVert=False, fps=UNKNOWN, interpolate=True, loop=True, name='unnamed MovieStim3', noAudio=False, opacity=1, ori=method-wrapper(...), pos=array([0., 0.]), size=None, units='pix', vframe_callback=UNKNOWN, volume=UNKNOWN, win=Window(...))
10.9405 	WARNING 	1.181736300000921: Video catchup needed, advancing self._nextFrameT from 0.0 to 0.03333333333333333
10.9405 	WARNING 	1.1817709000315517: Video catchup needed, advancing self._nextFrameT from 0.03333333333333333 to 0.06666666666666667
10.9405 	WARNING 	1.1817823000019416: Video catchup needed, advancing self._nextFrameT from 0.06666666666666667 to 0.1
10.9405 	WARNING 	1.1817922999616712: Video catchup needed, advancing self._nextFrameT from 0.1 to 0.13333333333333333
10.9405 	WARNING 	1.1818013000302017: Video catchup needed, advancing self._nextFrameT from 0.13333333333333333 to 0.16666666666666666
10.9406 	WARNING 	1.181810099980794: Video catchup needed, advancing self._nextFrameT from 0.16666666666666666 to 0.19999999999999998
10.9406 	WARNING 	1.181819299934432: Video catchup needed, advancing self._nextFrameT from 0.19999999999999998 to 0.2333333333333333
10.9406 	WARNING 	1.181827799999155: Video catchup needed, advancing self._nextFrameT from 0.2333333333333333 to 0.26666666666666666
10.9406 	WARNING 	1.1818365999497473: Video catchup needed, advancing self._nextFrameT from 0.26666666666666666 to 0.3
10.9406 	WARNING 	1.1818455000175163: Video catchup needed, advancing self._nextFrameT from 0.3 to 0.3333333333333333
10.9406 	WARNING 	Max reportNDroppedFrames reached, will not log any more dropped frames
11.2256 	EXP 	window1: mouseVisible = True
11.2349 	EXP 	Created image_2 = ImageStim(__class__=<class 'psychopy.visual.image.ImageStim'>, anchor=('center', 'center'), autoLog=True, color=array([1., 1., 1.]), colorSpace='rgb', contrast=1.0, depth=-1.0, draggable=False, flipHoriz=False, flipVert=False, image='default.png', interpolate=True, mask=None, maskParams=None, name='image_2', opacity=1.0, ori=0.0, pos=array([0., 0.]), size=array([0.35, 0.35]), texRes=128.0, units='height', win=Window(...))
11.2352 	EXP 	Created unnamed MovieStim3 = MovieStim3(__class__=<class 'psychopy.visual.movie3.MovieStim3'>, anchor=('center', 'center'), autoLog=True, color=UNKNOWN, colorSpace=UNKNOWN, depth=0.0, filename='imgs/song_titanic.mp4', flipHoriz=False, flipVert=False, fps=UNKNOWN, interpolate=True, loop=False, name='unnamed MovieStim3', noAudio=False, opacity=1, ori=method-wrapper(...), pos=array([0., 0.]), size=None, units='pix', vframe_callback=UNKNOWN, volume=UNKNOWN, win=Window(...))
11.9518 	WARNING 	0.7165760000934824: Video catchup needed, advancing self._nextFrameT from 0.0 to 0.041666666666666664
11.9518 	WARNING 	0.7166075001005083: Video catchup needed, advancing self._nextFrameT from 0.041666666666666664 to 0.08333333333333333
11.9518 	WARNING 	0.7166186000686139: Video catchup needed, advancing self._nextFrameT from 0.08333333333333333 to 0.125
11.9518 	WARNING 	0.7166288000298664: Video catchup needed, advancing self._nextFrameT from 0.125 to 0.16666666666666666
11.9519 	WARNING 	0.7166386001044884: Video catchup needed, advancing self._nextFrameT from 0.16666666666666666 to 0.20833333333333331
11.9519 	WARNING 	0.7166479000588879: Video catchup needed, advancing self._nextFrameT from 0.20833333333333331 to 0.24999999999999997
11.9519 	WARNING 	0.7166575000155717: Video catchup needed, advancing self._nextFrameT from 0.24999999999999997 to 0.29166666666666663
11.9519 	WARNING 	0.7166664000833407: Video catchup needed, advancing self._nextFrameT from 0.29166666666666663 to 0.3333333333333333
11.9519 	WARNING 	0.7166754000354558: Video catchup needed, advancing self._nextFrameT from 0.3333333333333333 to 0.375
11.9519 	WARNING 	0.7166846001055092: Video catchup needed, advancing self._nextFrameT from 0.375 to 0.4166666666666667
11.9519 	WARNING 	Max reportNDroppedFrames reached, will not log any more dropped frames
11.9647 	EXP 	Created unnamed MovieStim3 = MovieStim3(__class__=<class 'psychopy.visual.movie3.MovieStim3'>, anchor=('center', 'center'), autoLog=True, color=UNKNOWN, colorSpace=UNKNOWN, depth=0.0, filename='imgs/titanic_spanish.mp4', flipHoriz=False, flipVert=False, fps=UNKNOWN, interpolate=True, loop=False, name='unnamed MovieStim3', noAudio=False, opacity=1, ori=method-wrapper(...), pos=array([0., 0.]), size=None, units='pix', vframe_callback=UNKNOWN, volume=UNKNOWN, win=Window(...))
13.1527 	WARNING 	1.1880093000363559: Video catchup needed, advancing self._nextFrameT from 0.0 to 0.04
13.1527 	WARNING 	1.1880385000258684: Video catchup needed, advancing self._nextFrameT from 0.04 to 0.08
13.1527 	WARNING 	1.1880483001004905: Video catchup needed, advancing self._nextFrameT from 0.08 to 0.12
13.1527 	WARNING 	1.1880568000487983: Video catchup needed, advancing self._nextFrameT from 0.12 to 0.16
13.1527 	WARNING 	1.188064799993299: Video catchup needed, advancing self._nextFrameT from 0.16 to 0.2
13.1528 	WARNING 	1.1880723000504076: Video catchup needed, advancing self._nextFrameT from 0.2 to 0.24000000000000002
13.1528 	WARNING 	1.18808180000633: Video catchup needed, advancing self._nextFrameT from 0.24000000000000002 to 0.28
13.1528 	WARNING 	1.188089800067246: Video catchup needed, advancing self._nextFrameT from 0.28 to 0.32
13.1528 	WARNING 	1.188097200007178: Video catchup needed, advancing self._nextFrameT from 0.32 to 0.36
13.1528 	WARNING 	1.1881047000642866: Video catchup needed, advancing self._nextFrameT from 0.36 to 0.39999999999999997
13.1528 	WARNING 	Max reportNDroppedFrames reached, will not log any more dropped frames
13.1775 	EXP 	window1: mouseVisible = True
13.1862 	EXP 	Created image_3 = ImageStim(__class__=<class 'psychopy.visual.image.ImageStim'>, anchor=('center', 'center'), autoLog=True, color=array([1., 1., 1.]), colorSpace='rgb', contrast=1.0, depth=-3.0, draggable=False, flipHoriz=False, flipVert=False, image='default.png', interpolate=True, mask=None, maskParams=None, name='image_3', opacity=1.0, ori=0.0, pos=array([0., 0.]), size=array([0.35, 0.35]), texRes=128.0, units='height', win=Window(...))
13.1864 	EXP 	Created unnamed MovieStim3 = MovieStim3(__class__=<class 'psychopy.visual.movie3.MovieStim3'>, anchor=('center', 'center'), autoLog=True, color=UNKNOWN, colorSpace=UNKNOWN, depth=0.0, filename='imgs/titanic_spanish.mp4', flipHoriz=False, flipVert=False, fps=UNKNOWN, interpolate=True, loop=False, name='unnamed MovieStim3', noAudio=False, opacity=1, ori=method-wrapper(...), pos=array([0., 0.]), size=None, units='pix', vframe_callback=UNKNOWN, volume=UNKNOWN, win=Window(...))
14.3451 	WARNING 	1.1586535000242293: Video catchup needed, advancing self._nextFrameT from 0.0 to 0.04
14.3451 	WARNING 	1.158682500012219: Video catchup needed, advancing self._nextFrameT from 0.04 to 0.08
14.3451 	WARNING 	1.1586915000807494: Video catchup needed, advancing self._nextFrameT from 0.08 to 0.12
14.3451 	WARNING 	1.1586996000260115: Video catchup needed, advancing self._nextFrameT from 0.12 to 0.16
14.3451 	WARNING 	1.1587077000876889: Video catchup needed, advancing self._nextFrameT from 0.16 to 0.2
14.3451 	WARNING 	1.1587174000451341: Video catchup needed, advancing self._nextFrameT from 0.2 to 0.24000000000000002
14.3451 	WARNING 	1.1587336000520736: Video catchup needed, advancing self._nextFrameT from 0.24000000000000002 to 0.28
14.3451 	WARNING 	1.158743100007996: Video catchup needed, advancing self._nextFrameT from 0.28 to 0.32
14.3452 	WARNING 	1.1587517000734806: Video catchup needed, advancing self._nextFrameT from 0.32 to 0.36
14.3452 	WARNING 	1.1587602000217885: Video catchup needed, advancing self._nextFrameT from 0.36 to 0.39999999999999997
14.3452 	WARNING 	Max reportNDroppedFrames reached, will not log any more dropped frames
14.3716 	EXP 	Created unnamed MovieStim3 = MovieStim3(__class__=<class 'psychopy.visual.movie3.MovieStim3'>, anchor=('center', 'center'), autoLog=True, color=UNKNOWN, colorSpace=UNKNOWN, depth=0.0, filename='imgs/titanic.mp4', flipHoriz=False, flipVert=False, fps=UNKNOWN, interpolate=True, loop=False, name='unnamed MovieStim3', noAudio=False, opacity=1, ori=method-wrapper(...), pos=array([   0., -350.]), size=None, units='pix', vframe_callback=UNKNOWN, volume=UNKNOWN, win=Window(...))
15.4150 	WARNING 	1.04329470009543: Video catchup needed, advancing self._nextFrameT from 0.0 to 0.03336666666666667
15.4150 	WARNING 	1.0433253000956029: Video catchup needed, advancing self._nextFrameT from 0.03336666666666667 to 0.06673333333333334
15.4150 	WARNING 	1.0433358000591397: Video catchup needed, advancing self._nextFrameT from 0.06673333333333334 to 0.10010000000000001
15.4150 	WARNING 	1.043344400008209: Video catchup needed, advancing self._nextFrameT from 0.10010000000000001 to 0.13346666666666668
15.4150 	WARNING 	1.0433527000714093: Video catchup needed, advancing self._nextFrameT from 0.13346666666666668 to 0.16683333333333333
15.4150 	WARNING 	1.0433604000136256: Video catchup needed, advancing self._nextFrameT from 0.16683333333333333 to 0.2002
15.4150 	WARNING 	1.0433681000722572: Video catchup needed, advancing self._nextFrameT from 0.2002 to 0.23356666666666664
15.4151 	WARNING 	1.0433758000144735: Video catchup needed, advancing self._nextFrameT from 0.23356666666666664 to 0.2669333333333333
15.4151 	WARNING 	1.0434162000892684: Video catchup needed, advancing self._nextFrameT from 0.2669333333333333 to 0.30029999999999996
15.4151 	WARNING 	1.0434240000322461: Video catchup needed, advancing self._nextFrameT from 0.30029999999999996 to 0.3336666666666666
15.4151 	WARNING 	Max reportNDroppedFrames reached, will not log any more dropped frames
15.4392 	EXP 	window1: mouseVisible = True
15.4470 	EXP 	Created image_4 = ImageStim(__class__=<class 'psychopy.visual.image.ImageStim'>, anchor=('center', 'center'), autoLog=True, color=array([1., 1., 1.]), colorSpace='rgb', contrast=1.0, depth=-4.0, draggable=False, flipHoriz=False, flipVert=False, image='default.png', interpolate=True, mask=None, maskParams=None, name='image_4', opacity=1.0, ori=0.0, pos=array([0., 0.]), size=array([0.35, 0.35]), texRes=128.0, units='height', win=Window(...))
15.4472 	EXP 	window1: mouseVisible = True
15.4478 	EXP 	Created text_8 = TextStim(__class__=<class 'psychopy.visual.text.TextStim'>, alignHoriz=method-wrapper(...), alignText='center', alignVert=method-wrapper(...), anchorHoriz='center', anchorVert='center', antialias=True, autoDraw=False, autoLog=True, bold=False, color=array([1., 1., 1.]), colorSpace='rgb', contrast=1.0, depth=0.0, draggable=False, flipHoriz=False, flipVert=False, font='Open Sans', fontFiles=[], height=0.05, italic=False, languageStyle='LTR', name='text_8', opacity=1.0, ori=0.0, pos=array([0., 0.]), rgb=UNKNOWN, text='', units='height', win=Window(...), wrapWidth=1)
15.4479 	EXP 	window1: mouseVisible = True
15.4554 	EXP 	Created image_6 = ImageStim(__class__=<class 'psychopy.visual.image.ImageStim'>, anchor=('center', 'center'), autoLog=True, color=array([1., 1., 1.]), colorSpace='rgb', contrast=1.0, depth=-1.0, draggable=False, flipHoriz=False, flipVert=False, image='default.png', interpolate=True, mask=None, maskParams=None, name='image_6', opacity=1.0, ori=0.0, pos=array([0., 0.]), size=array([0.35, 0.35]), texRes=128.0, units='height', win=Window(...))
15.4557 	EXP 	Created unnamed MovieStim3 = MovieStim3(__class__=<class 'psychopy.visual.movie3.MovieStim3'>, anchor=('center', 'center'), autoLog=True, color=UNKNOWN, colorSpace=UNKNOWN, depth=0.0, filename='imgs/video_mar_luis.mp4', flipHoriz=False, flipVert=False, fps=UNKNOWN, interpolate=True, loop=True, name='unnamed MovieStim3', noAudio=False, opacity=1, ori=method-wrapper(...), pos=array([0., 0.]), size=None, units='pix', vframe_callback=UNKNOWN, volume=UNKNOWN, win=Window(...))
16.0069 	WARNING 	0.5511647999519482: Video catchup needed, advancing self._nextFrameT from 0.0 to 0.03333333333333333
16.0069 	WARNING 	0.5511987999780104: Video catchup needed, advancing self._nextFrameT from 0.03333333333333333 to 0.06666666666666667
16.0069 	WARNING 	0.5512102999491617: Video catchup needed, advancing self._nextFrameT from 0.06666666666666667 to 0.1
16.0069 	WARNING 	0.55122089991346: Video catchup needed, advancing self._nextFrameT from 0.1 to 0.13333333333333333
16.0069 	WARNING 	0.5512289999751374: Video catchup needed, advancing self._nextFrameT from 0.13333333333333333 to 0.16666666666666666
16.0069 	WARNING 	0.5512370999203995: Video catchup needed, advancing self._nextFrameT from 0.16666666666666666 to 0.19999999999999998
16.0069 	WARNING 	0.5512451999820769: Video catchup needed, advancing self._nextFrameT from 0.19999999999999998 to 0.2333333333333333
16.0069 	WARNING 	0.5512528999242932: Video catchup needed, advancing self._nextFrameT from 0.2333333333333333 to 0.26666666666666666
16.0069 	WARNING 	0.5512605999829248: Video catchup needed, advancing self._nextFrameT from 0.26666666666666666 to 0.3
16.0069 	WARNING 	0.5512677999213338: Video catchup needed, advancing self._nextFrameT from 0.3 to 0.3333333333333333
16.0070 	WARNING 	Max reportNDroppedFrames reached, will not log any more dropped frames
16.1356 	EXP 	window1: mouseVisible = True
16.1439 	EXP 	Created image_7 = ImageStim(__class__=<class 'psychopy.visual.image.ImageStim'>, anchor=('center', 'center'), autoLog=True, color=array([1., 1., 1.]), colorSpace='rgb', contrast=1.0, depth=-1.0, draggable=False, flipHoriz=False, flipVert=False, image='default.png', interpolate=True, mask=None, maskParams=None, name='image_7', opacity=1.0, ori=0.0, pos=array([0., 0.]), size=array([0.35, 0.35]), texRes=128.0, units='height', win=Window(...))
16.1441 	EXP 	Created unnamed MovieStim3 = MovieStim3(__class__=<class 'psychopy.visual.movie3.MovieStim3'>, anchor=('center', 'center'), autoLog=True, color=UNKNOWN, colorSpace=UNKNOWN, depth=0.0, filename='imgs/song_titanic.mp4', flipHoriz=False, flipVert=False, fps=UNKNOWN, interpolate=True, loop=False, name='unnamed MovieStim3', noAudio=False, opacity=1, ori=method-wrapper(...), pos=array([0., 0.]), size=None, units='pix', vframe_callback=UNKNOWN, volume=UNKNOWN, win=Window(...))
16.8658 	WARNING 	0.7214681000914425: Video catchup needed, advancing self._nextFrameT from 0.0 to 0.041666666666666664
16.8658 	WARNING 	0.7216555000049993: Video catchup needed, advancing self._nextFrameT from 0.041666666666666664 to 0.08333333333333333
16.8658 	WARNING 	0.7216726000187919: Video catchup needed, advancing self._nextFrameT from 0.08333333333333333 to 0.125
16.8658 	WARNING 	0.7216876000165939: Video catchup needed, advancing self._nextFrameT from 0.125 to 0.16666666666666666
16.8659 	WARNING 	0.7217020000098273: Video catchup needed, advancing self._nextFrameT from 0.16666666666666666 to 0.20833333333333331
16.8659 	WARNING 	0.7217158999992535: Video catchup needed, advancing self._nextFrameT from 0.20833333333333331 to 0.24999999999999997
16.8659 	WARNING 	0.721730500110425: Video catchup needed, advancing self._nextFrameT from 0.24999999999999997 to 0.29166666666666663
16.8659 	WARNING 	0.7217451001051813: Video catchup needed, advancing self._nextFrameT from 0.29166666666666663 to 0.3333333333333333
16.8659 	WARNING 	0.7217596000991762: Video catchup needed, advancing self._nextFrameT from 0.3333333333333333 to 0.375
16.8659 	WARNING 	0.7217734000878409: Video catchup needed, advancing self._nextFrameT from 0.375 to 0.4166666666666667
16.8659 	WARNING 	Max reportNDroppedFrames reached, will not log any more dropped frames
16.8839 	EXP 	Created unnamed MovieStim3 = MovieStim3(__class__=<class 'psychopy.visual.movie3.MovieStim3'>, anchor=('center', 'center'), autoLog=True, color=UNKNOWN, colorSpace=UNKNOWN, depth=0.0, filename='imgs/titanic_spanish.mp4', flipHoriz=False, flipVert=False, fps=UNKNOWN, interpolate=True, loop=False, name='unnamed MovieStim3', noAudio=False, opacity=1, ori=method-wrapper(...), pos=array([0., 0.]), size=None, units='pix', vframe_callback=UNKNOWN, volume=UNKNOWN, win=Window(...))
18.0546 	WARNING 	1.1706014999654144: Video catchup needed, advancing self._nextFrameT from 0.0 to 0.04
18.0546 	WARNING 	1.170633399975486: Video catchup needed, advancing self._nextFrameT from 0.04 to 0.08
18.0546 	WARNING 	1.1706424000440165: Video catchup needed, advancing self._nextFrameT from 0.08 to 0.12
18.0546 	WARNING 	1.170650799991563: Video catchup needed, advancing self._nextFrameT from 0.12 to 0.16
18.0546 	WARNING 	1.170661500073038: Video catchup needed, advancing self._nextFrameT from 0.16 to 0.2
18.0546 	WARNING 	1.1706694000167772: Video catchup needed, advancing self._nextFrameT from 0.2 to 0.24000000000000002
18.0546 	WARNING 	1.1706772000761703: Video catchup needed, advancing self._nextFrameT from 0.24000000000000002 to 0.28
18.0546 	WARNING 	1.170685200020671: Video catchup needed, advancing self._nextFrameT from 0.28 to 0.32
18.0546 	WARNING 	1.170692800078541: Video catchup needed, advancing self._nextFrameT from 0.32 to 0.36
18.0546 	WARNING 	1.1707004000199959: Video catchup needed, advancing self._nextFrameT from 0.36 to 0.39999999999999997
18.0547 	WARNING 	Max reportNDroppedFrames reached, will not log any more dropped frames
18.1050 	EXP 	window1: mouseVisible = True
18.1139 	EXP 	Created image_8 = ImageStim(__class__=<class 'psychopy.visual.image.ImageStim'>, anchor=('center', 'center'), autoLog=True, color=array([1., 1., 1.]), colorSpace='rgb', contrast=1.0, depth=-3.0, draggable=False, flipHoriz=False, flipVert=False, image='default.png', interpolate=True, mask=None, maskParams=None, name='image_8', opacity=1.0, ori=0.0, pos=array([0., 0.]), size=array([0.35, 0.35]), texRes=128.0, units='height', win=Window(...))
18.1141 	EXP 	Created unnamed MovieStim3 = MovieStim3(__class__=<class 'psychopy.visual.movie3.MovieStim3'>, anchor=('center', 'center'), autoLog=True, color=UNKNOWN, colorSpace=UNKNOWN, depth=0.0, filename='imgs/titanic_spanish.mp4', flipHoriz=False, flipVert=False, fps=UNKNOWN, interpolate=True, loop=False, name='unnamed MovieStim3', noAudio=False, opacity=1, ori=method-wrapper(...), pos=array([0., 0.]), size=None, units='pix', vframe_callback=UNKNOWN, volume=UNKNOWN, win=Window(...))
19.2808 	WARNING 	1.1665782000636682: Video catchup needed, advancing self._nextFrameT from 0.0 to 0.04
19.2808 	WARNING 	1.1666730000870302: Video catchup needed, advancing self._nextFrameT from 0.04 to 0.08
19.2808 	WARNING 	1.1666863000718877: Video catchup needed, advancing self._nextFrameT from 0.08 to 0.12
19.2809 	WARNING 	1.1666955000255257: Video catchup needed, advancing self._nextFrameT from 0.12 to 0.16
19.2809 	WARNING 	1.1667064001085237: Video catchup needed, advancing self._nextFrameT from 0.16 to 0.2
19.2809 	WARNING 	1.1667156000621617: Video catchup needed, advancing self._nextFrameT from 0.2 to 0.24000000000000002
19.2809 	WARNING 	1.1667245000135154: Video catchup needed, advancing self._nextFrameT from 0.24000000000000002 to 0.28
19.2809 	WARNING 	1.1667334000812843: Video catchup needed, advancing self._nextFrameT from 0.28 to 0.32
19.2809 	WARNING 	1.1667418000288308: Video catchup needed, advancing self._nextFrameT from 0.32 to 0.36
19.2809 	WARNING 	1.1667504000943154: Video catchup needed, advancing self._nextFrameT from 0.36 to 0.39999999999999997
19.2809 	WARNING 	Max reportNDroppedFrames reached, will not log any more dropped frames
19.3184 	EXP 	Created unnamed MovieStim3 = MovieStim3(__class__=<class 'psychopy.visual.movie3.MovieStim3'>, anchor=('center', 'center'), autoLog=True, color=UNKNOWN, colorSpace=UNKNOWN, depth=0.0, filename='imgs/titanic.mp4', flipHoriz=False, flipVert=False, fps=UNKNOWN, interpolate=True, loop=False, name='unnamed MovieStim3', noAudio=False, opacity=1, ori=method-wrapper(...), pos=array([  0., 100.]), size=None, units='pix', vframe_callback=UNKNOWN, volume=UNKNOWN, win=Window(...))
20.4372 	WARNING 	1.1187030000146478: Video catchup needed, advancing self._nextFrameT from 0.0 to 0.03336666666666667
20.4372 	WARNING 	1.1187746999785304: Video catchup needed, advancing self._nextFrameT from 0.03336666666666667 to 0.06673333333333334
20.4373 	WARNING 	1.118788699968718: Video catchup needed, advancing self._nextFrameT from 0.06673333333333334 to 0.10010000000000001
20.4373 	WARNING 	1.1188004999421537: Video catchup needed, advancing self._nextFrameT from 0.10010000000000001 to 0.13346666666666668
20.4373 	WARNING 	1.1188105000182986: Video catchup needed, advancing self._nextFrameT from 0.13346666666666668 to 0.16683333333333333
20.4373 	WARNING 	1.1188231999985874: Video catchup needed, advancing self._nextFrameT from 0.16683333333333333 to 0.2002
20.4373 	WARNING 	1.1188321999507025: Video catchup needed, advancing self._nextFrameT from 0.2002 to 0.23356666666666664
20.4373 	WARNING 	1.1188411000184715: Video catchup needed, advancing self._nextFrameT from 0.23356666666666664 to 0.2669333333333333
20.4373 	WARNING 	1.1188502999721095: Video catchup needed, advancing self._nextFrameT from 0.2669333333333333 to 0.30029999999999996
20.4373 	WARNING 	1.1188594000414014: Video catchup needed, advancing self._nextFrameT from 0.30029999999999996 to 0.3336666666666666
20.4373 	WARNING 	Max reportNDroppedFrames reached, will not log any more dropped frames
20.4636 	EXP 	window1: mouseVisible = True
20.4717 	EXP 	Created image_9 = ImageStim(__class__=<class 'psychopy.visual.image.ImageStim'>, anchor=('center', 'center'), autoLog=True, color=array([1., 1., 1.]), colorSpace='rgb', contrast=1.0, depth=-4.0, draggable=False, flipHoriz=False, flipVert=False, image='default.png', interpolate=True, mask=None, maskParams=None, name='image_9', opacity=1.0, ori=0.0, pos=array([0., 0.]), size=array([0.35, 0.35]), texRes=128.0, units='height', win=Window(...))
20.4718 	EXP 	window1: mouseVisible = True
20.4725 	EXP 	Created text_9 = TextStim(__class__=<class 'psychopy.visual.text.TextStim'>, alignHoriz=method-wrapper(...), alignText='center', alignVert=method-wrapper(...), anchorHoriz='center', anchorVert='center', antialias=True, autoDraw=False, autoLog=True, bold=False, color=array([1., 1., 1.]), colorSpace='rgb', contrast=1.0, depth=0.0, draggable=False, flipHoriz=False, flipVert=False, font='Open Sans', fontFiles=[], height=0.05, italic=False, languageStyle='LTR', name='text_9', opacity=1.0, ori=0.0, pos=array([0., 0.]), rgb=UNKNOWN, text='', units='height', win=Window(...), wrapWidth=1)
20.4726 	EXP 	window1: mouseVisible = True
20.4799 	EXP 	Created image_10 = ImageStim(__class__=<class 'psychopy.visual.image.ImageStim'>, anchor=('center', 'center'), autoLog=True, color=array([1., 1., 1.]), colorSpace='rgb', contrast=1.0, depth=-1.0, draggable=False, flipHoriz=False, flipVert=False, image='default.png', interpolate=True, mask=None, maskParams=None, name='image_10', opacity=1.0, ori=0.0, pos=array([0., 0.]), size=array([0.35, 0.35]), texRes=128.0, units='height', win=Window(...))
20.4802 	EXP 	Created unnamed MovieStim3 = MovieStim3(__class__=<class 'psychopy.visual.movie3.MovieStim3'>, anchor=('center', 'center'), autoLog=True, color=UNKNOWN, colorSpace=UNKNOWN, depth=0.0, filename='imgs/video_mar_luis.mp4', flipHoriz=False, flipVert=False, fps=UNKNOWN, interpolate=True, loop=True, name='unnamed MovieStim3', noAudio=False, opacity=1, ori=method-wrapper(...), pos=array([0., 0.]), size=None, units='pix', vframe_callback=UNKNOWN, volume=UNKNOWN, win=Window(...))
21.0080 	WARNING 	0.5278532999800518: Video catchup needed, advancing self._nextFrameT from 0.0 to 0.03333333333333333
21.0081 	WARNING 	0.5278962999582291: Video catchup needed, advancing self._nextFrameT from 0.03333333333333333 to 0.06666666666666667
21.0081 	WARNING 	0.5279070000397041: Video catchup needed, advancing self._nextFrameT from 0.06666666666666667 to 0.1
21.0081 	WARNING 	0.5279156999895349: Video catchup needed, advancing self._nextFrameT from 0.1 to 0.13333333333333333
21.0081 	WARNING 	0.527923799934797: Video catchup needed, advancing self._nextFrameT from 0.13333333333333333 to 0.16666666666666666
21.0081 	WARNING 	0.5279320999979973: Video catchup needed, advancing self._nextFrameT from 0.16666666666666666 to 0.19999999999999998
21.0081 	WARNING 	0.5279402999440208: Video catchup needed, advancing self._nextFrameT from 0.19999999999999998 to 0.2333333333333333
21.0081 	WARNING 	0.527952800039202: Video catchup needed, advancing self._nextFrameT from 0.2333333333333333 to 0.26666666666666666
21.0081 	WARNING 	0.527960899984464: Video catchup needed, advancing self._nextFrameT from 0.26666666666666666 to 0.3
21.0081 	WARNING 	0.5279685000423342: Video catchup needed, advancing self._nextFrameT from 0.3 to 0.3333333333333333
21.0081 	WARNING 	Max reportNDroppedFrames reached, will not log any more dropped frames
21.1225 	EXP 	window1: mouseVisible = True
21.1312 	EXP 	Created image_11 = ImageStim(__class__=<class 'psychopy.visual.image.ImageStim'>, anchor=('center', 'center'), autoLog=True, color=array([1., 1., 1.]), colorSpace='rgb', contrast=1.0, depth=-1.0, draggable=False, flipHoriz=False, flipVert=False, image='default.png', interpolate=True, mask=None, maskParams=None, name='image_11', opacity=1.0, ori=0.0, pos=array([0., 0.]), size=array([0.35, 0.35]), texRes=128.0, units='height', win=Window(...))
21.1315 	EXP 	Created unnamed MovieStim3 = MovieStim3(__class__=<class 'psychopy.visual.movie3.MovieStim3'>, anchor=('center', 'center'), autoLog=True, color=UNKNOWN, colorSpace=UNKNOWN, depth=0.0, filename='imgs/song_titanic.mp4', flipHoriz=False, flipVert=False, fps=UNKNOWN, interpolate=True, loop=False, name='unnamed MovieStim3', noAudio=False, opacity=1, ori=method-wrapper(...), pos=array([0., 0.]), size=None, units='pix', vframe_callback=UNKNOWN, volume=UNKNOWN, win=Window(...))
21.8948 	WARNING 	0.7633343999041244: Video catchup needed, advancing self._nextFrameT from 0.0 to 0.041666666666666664
21.8949 	WARNING 	0.7633748999796808: Video catchup needed, advancing self._nextFrameT from 0.041666666666666664 to 0.08333333333333333
21.8949 	WARNING 	0.7633890999713913: Video catchup needed, advancing self._nextFrameT from 0.08333333333333333 to 0.125
21.8949 	WARNING 	0.76340179995168: Video catchup needed, advancing self._nextFrameT from 0.125 to 0.16666666666666666
21.8949 	WARNING 	0.7634147999342531: Video catchup needed, advancing self._nextFrameT from 0.16666666666666666 to 0.20833333333333331
21.8949 	WARNING 	0.7634276999160647: Video catchup needed, advancing self._nextFrameT from 0.20833333333333331 to 0.24999999999999997
21.8949 	WARNING 	0.7634405000135303: Video catchup needed, advancing self._nextFrameT from 0.24999999999999997 to 0.29166666666666663
21.8949 	WARNING 	0.7634530999930575: Video catchup needed, advancing self._nextFrameT from 0.29166666666666663 to 0.3333333333333333
21.8949 	WARNING 	0.7634650999680161: Video catchup needed, advancing self._nextFrameT from 0.3333333333333333 to 0.375
21.8950 	WARNING 	0.7634774999460205: Video catchup needed, advancing self._nextFrameT from 0.375 to 0.4166666666666667
21.8950 	WARNING 	Max reportNDroppedFrames reached, will not log any more dropped frames
21.9102 	EXP 	Created unnamed MovieStim3 = MovieStim3(__class__=<class 'psychopy.visual.movie3.MovieStim3'>, anchor=('center', 'center'), autoLog=True, color=UNKNOWN, colorSpace=UNKNOWN, depth=0.0, filename='imgs/titanic_spanish.mp4', flipHoriz=False, flipVert=False, fps=UNKNOWN, interpolate=True, loop=False, name='unnamed MovieStim3', noAudio=False, opacity=1, ori=method-wrapper(...), pos=array([0., 0.]), size=None, units='pix', vframe_callback=UNKNOWN, volume=UNKNOWN, win=Window(...))
23.0388 	WARNING 	1.1285919999936596: Video catchup needed, advancing self._nextFrameT from 0.0 to 0.04
23.0389 	WARNING 	1.128670800011605: Video catchup needed, advancing self._nextFrameT from 0.04 to 0.08
23.0389 	WARNING 	1.1286836999934167: Video catchup needed, advancing self._nextFrameT from 0.08 to 0.12
23.0389 	WARNING 	1.1286932999501005: Video catchup needed, advancing self._nextFrameT from 0.12 to 0.16
23.0389 	WARNING 	1.128702300018631: Video catchup needed, advancing self._nextFrameT from 0.16 to 0.2
23.0389 	WARNING 	1.1287119999760762: Video catchup needed, advancing self._nextFrameT from 0.2 to 0.24000000000000002
23.0389 	WARNING 	1.12872159993276: Video catchup needed, advancing self._nextFrameT from 0.24000000000000002 to 0.28
23.0389 	WARNING 	1.1287308000028133: Video catchup needed, advancing self._nextFrameT from 0.28 to 0.32
23.0389 	WARNING 	1.1287401999579743: Video catchup needed, advancing self._nextFrameT from 0.32 to 0.36
23.0390 	WARNING 	1.1287600999930874: Video catchup needed, advancing self._nextFrameT from 0.36 to 0.39999999999999997
23.0390 	WARNING 	Max reportNDroppedFrames reached, will not log any more dropped frames
23.0759 	EXP 	window1: mouseVisible = True
23.0845 	EXP 	Created image_12 = ImageStim(__class__=<class 'psychopy.visual.image.ImageStim'>, anchor=('center', 'center'), autoLog=True, color=array([1., 1., 1.]), colorSpace='rgb', contrast=1.0, depth=-3.0, draggable=False, flipHoriz=False, flipVert=False, image='default.png', interpolate=True, mask=None, maskParams=None, name='image_12', opacity=1.0, ori=0.0, pos=array([0., 0.]), size=array([0.35, 0.35]), texRes=128.0, units='height', win=Window(...))
23.0848 	EXP 	Created unnamed MovieStim3 = MovieStim3(__class__=<class 'psychopy.visual.movie3.MovieStim3'>, anchor=('center', 'center'), autoLog=True, color=UNKNOWN, colorSpace=UNKNOWN, depth=0.0, filename='imgs/titanic_spanish.mp4', flipHoriz=False, flipVert=False, fps=UNKNOWN, interpolate=True, loop=False, name='unnamed MovieStim3', noAudio=False, opacity=1, ori=method-wrapper(...), pos=array([0., 0.]), size=None, units='pix', vframe_callback=UNKNOWN, volume=UNKNOWN, win=Window(...))
24.2475 	WARNING 	1.162647100049071: Video catchup needed, advancing self._nextFrameT from 0.0 to 0.04
24.2475 	WARNING 	1.1627282000845298: Video catchup needed, advancing self._nextFrameT from 0.04 to 0.08
24.2475 	WARNING 	1.1627398000564426: Video catchup needed, advancing self._nextFrameT from 0.08 to 0.12
24.2475 	WARNING 	1.1627508000237867: Video catchup needed, advancing self._nextFrameT from 0.12 to 0.16
24.2475 	WARNING 	1.1627614999888465: Video catchup needed, advancing self._nextFrameT from 0.16 to 0.2
24.2475 	WARNING 	1.1627702000550926: Video catchup needed, advancing self._nextFrameT from 0.2 to 0.24000000000000002
24.2476 	WARNING 	1.1627792000072077: Video catchup needed, advancing self._nextFrameT from 0.24000000000000002 to 0.28
24.2476 	WARNING 	1.1627880000742152: Video catchup needed, advancing self._nextFrameT from 0.28 to 0.32
24.2476 	WARNING 	1.162796700024046: Video catchup needed, advancing self._nextFrameT from 0.32 to 0.36
24.2476 	WARNING 	1.1628051000880077: Video catchup needed, advancing self._nextFrameT from 0.36 to 0.39999999999999997
24.2476 	WARNING 	Max reportNDroppedFrames reached, will not log any more dropped frames
24.2846 	EXP 	Created unnamed MovieStim3 = MovieStim3(__class__=<class 'psychopy.visual.movie3.MovieStim3'>, anchor=('center', 'center'), autoLog=True, color=UNKNOWN, colorSpace=UNKNOWN, depth=0.0, filename='imgs/titanic.mp4', flipHoriz=False, flipVert=False, fps=UNKNOWN, interpolate=True, loop=False, name='unnamed MovieStim3', noAudio=False, opacity=1, ori=method-wrapper(...), pos=array([  0., 100.]), size=None, units='pix', vframe_callback=UNKNOWN, volume=UNKNOWN, win=Window(...))
25.3090 	WARNING 	1.024356099893339: Video catchup needed, advancing self._nextFrameT from 0.0 to 0.03336666666666667
25.3090 	WARNING 	1.0244126999750733: Video catchup needed, advancing self._nextFrameT from 0.03336666666666667 to 0.06673333333333334
25.3090 	WARNING 	1.0244240999454632: Video catchup needed, advancing self._nextFrameT from 0.06673333333333334 to 0.10010000000000001
25.3090 	WARNING 	1.0244341999059543: Video catchup needed, advancing self._nextFrameT from 0.10010000000000001 to 0.13346666666666668
25.3090 	WARNING 	1.0244438999798149: Video catchup needed, advancing self._nextFrameT from 0.13346666666666668 to 0.16683333333333333
25.3090 	WARNING 	1.0244529999326915: Video catchup needed, advancing self._nextFrameT from 0.16683333333333333 to 0.2002
25.3090 	WARNING 	1.0244616999989375: Video catchup needed, advancing self._nextFrameT from 0.2002 to 0.23356666666666664
25.3091 	WARNING 	1.0244704999495298: Video catchup needed, advancing self._nextFrameT from 0.23356666666666664 to 0.2669333333333333
25.3091 	WARNING 	1.024480199906975: Video catchup needed, advancing self._nextFrameT from 0.2669333333333333 to 0.30029999999999996
25.3091 	WARNING 	1.024489299976267: Video catchup needed, advancing self._nextFrameT from 0.30029999999999996 to 0.3336666666666666
25.3091 	WARNING 	Max reportNDroppedFrames reached, will not log any more dropped frames
25.3388 	EXP 	window1: mouseVisible = True
25.3482 	EXP 	Created image_13 = ImageStim(__class__=<class 'psychopy.visual.image.ImageStim'>, anchor=('center', 'center'), autoLog=True, color=array([1., 1., 1.]), colorSpace='rgb', contrast=1.0, depth=-4.0, draggable=False, flipHoriz=False, flipVert=False, image='default.png', interpolate=True, mask=None, maskParams=None, name='image_13', opacity=1.0, ori=0.0, pos=array([0., 0.]), size=array([0.35, 0.35]), texRes=128.0, units='height', win=Window(...))
25.3484 	EXP 	window1: mouseVisible = True
25.3491 	EXP 	Created text_10 = TextStim(__class__=<class 'psychopy.visual.text.TextStim'>, alignHoriz=method-wrapper(...), alignText='center', alignVert=method-wrapper(...), anchorHoriz='center', anchorVert='center', antialias=True, autoDraw=False, autoLog=True, bold=False, color=array([1., 1., 1.]), colorSpace='rgb', contrast=1.0, depth=0.0, draggable=False, flipHoriz=False, flipVert=False, font='Open Sans', fontFiles=[], height=0.05, italic=False, languageStyle='LTR', name='text_10', opacity=1.0, ori=0.0, pos=array([0., 0.]), rgb=UNKNOWN, text='', units='height', win=Window(...), wrapWidth=1)
25.3491 	EXP 	window1: mouseVisible = True
25.3577 	EXP 	Created image_14 = ImageStim(__class__=<class 'psychopy.visual.image.ImageStim'>, anchor=('center', 'center'), autoLog=True, color=array([1., 1., 1.]), colorSpace='rgb', contrast=1.0, depth=-1.0, draggable=False, flipHoriz=False, flipVert=False, image='default.png', interpolate=True, mask=None, maskParams=None, name='image_14', opacity=1.0, ori=0.0, pos=array([0., 0.]), size=array([0.35, 0.35]), texRes=128.0, units='height', win=Window(...))
25.3580 	EXP 	Created unnamed MovieStim3 = MovieStim3(__class__=<class 'psychopy.visual.movie3.MovieStim3'>, anchor=('center', 'center'), autoLog=True, color=UNKNOWN, colorSpace=UNKNOWN, depth=0.0, filename='imgs/video_mar_luis.mp4', flipHoriz=False, flipVert=False, fps=UNKNOWN, interpolate=True, loop=True, name='unnamed MovieStim3', noAudio=False, opacity=1, ori=method-wrapper(...), pos=array([0., 0.]), size=None, units='pix', vframe_callback=UNKNOWN, volume=UNKNOWN, win=Window(...))
25.8735 	WARNING 	0.5155074999202043: Video catchup needed, advancing self._nextFrameT from 0.0 to 0.03333333333333333
25.8736 	WARNING 	0.5155940999975428: Video catchup needed, advancing self._nextFrameT from 0.03333333333333333 to 0.06666666666666667
25.8736 	WARNING 	0.515606899978593: Video catchup needed, advancing self._nextFrameT from 0.06666666666666667 to 0.1
25.8736 	WARNING 	0.5156193999573588: Video catchup needed, advancing self._nextFrameT from 0.1 to 0.13333333333333333
25.8736 	WARNING 	0.5156299999216571: Video catchup needed, advancing self._nextFrameT from 0.13333333333333333 to 0.16666666666666666
25.8736 	WARNING 	0.5156396999955177: Video catchup needed, advancing self._nextFrameT from 0.16666666666666666 to 0.19999999999999998
25.8736 	WARNING 	0.5156487999483943: Video catchup needed, advancing self._nextFrameT from 0.19999999999999998 to 0.2333333333333333
25.8736 	WARNING 	0.5156576000154018: Video catchup needed, advancing self._nextFrameT from 0.2333333333333333 to 0.26666666666666666
25.8736 	WARNING 	0.515666599967517: Video catchup needed, advancing self._nextFrameT from 0.26666666666666666 to 0.3
25.8736 	WARNING 	0.5156750999158248: Video catchup needed, advancing self._nextFrameT from 0.3 to 0.3333333333333333
25.8736 	WARNING 	Max reportNDroppedFrames reached, will not log any more dropped frames
25.9915 	EXP 	window1: mouseVisible = True
26.0003 	EXP 	Created image_15 = ImageStim(__class__=<class 'psychopy.visual.image.ImageStim'>, anchor=('center', 'center'), autoLog=True, color=array([1., 1., 1.]), colorSpace='rgb', contrast=1.0, depth=-1.0, draggable=False, flipHoriz=False, flipVert=False, image='default.png', interpolate=True, mask=None, maskParams=None, name='image_15', opacity=1.0, ori=0.0, pos=array([0., 0.]), size=array([0.35, 0.35]), texRes=128.0, units='height', win=Window(...))
26.0005 	EXP 	Created unnamed MovieStim3 = MovieStim3(__class__=<class 'psychopy.visual.movie3.MovieStim3'>, anchor=('center', 'center'), autoLog=True, color=UNKNOWN, colorSpace=UNKNOWN, depth=0.0, filename='imgs/song_titanic.mp4', flipHoriz=False, flipVert=False, fps=UNKNOWN, interpolate=True, loop=False, name='unnamed MovieStim3', noAudio=False, opacity=1, ori=method-wrapper(...), pos=array([0., 0.]), size=None, units='pix', vframe_callback=UNKNOWN, volume=UNKNOWN, win=Window(...))
26.7125 	WARNING 	0.7120014999527484: Video catchup needed, advancing self._nextFrameT from 0.0 to 0.041666666666666664
26.7126 	WARNING 	0.7120832999935374: Video catchup needed, advancing self._nextFrameT from 0.041666666666666664 to 0.08333333333333333
26.7126 	WARNING 	0.7120957999723032: Video catchup needed, advancing self._nextFrameT from 0.08333333333333333 to 0.125
26.7126 	WARNING 	0.7121052999282256: Video catchup needed, advancing self._nextFrameT from 0.125 to 0.16666666666666666
26.7126 	WARNING 	0.7121151000028476: Video catchup needed, advancing self._nextFrameT from 0.16666666666666666 to 0.20833333333333331
26.7126 	WARNING 	0.7121255999663845: Video catchup needed, advancing self._nextFrameT from 0.20833333333333331 to 0.24999999999999997
26.7126 	WARNING 	0.7121352999238297: Video catchup needed, advancing self._nextFrameT from 0.24999999999999997 to 0.29166666666666663
26.7126 	WARNING 	0.7121445999946445: Video catchup needed, advancing self._nextFrameT from 0.29166666666666663 to 0.3333333333333333
26.7127 	WARNING 	0.7121534999459982: Video catchup needed, advancing self._nextFrameT from 0.3333333333333333 to 0.375
26.7127 	WARNING 	0.7121621000114828: Video catchup needed, advancing self._nextFrameT from 0.375 to 0.4166666666666667
26.7127 	WARNING 	Max reportNDroppedFrames reached, will not log any more dropped frames
26.7287 	EXP 	Created unnamed MovieStim3 = MovieStim3(__class__=<class 'psychopy.visual.movie3.MovieStim3'>, anchor=('center', 'center'), autoLog=True, color=UNKNOWN, colorSpace=UNKNOWN, depth=0.0, filename='imgs/titanic_spanish.mp4', flipHoriz=False, flipVert=False, fps=UNKNOWN, interpolate=True, loop=False, name='unnamed MovieStim3', noAudio=False, opacity=1, ori=method-wrapper(...), pos=array([0., 0.]), size=None, units='pix', vframe_callback=UNKNOWN, volume=UNKNOWN, win=Window(...))
27.9074 	WARNING 	1.1785872000036761: Video catchup needed, advancing self._nextFrameT from 0.0 to 0.04
27.9074 	WARNING 	1.1786435000831261: Video catchup needed, advancing self._nextFrameT from 0.04 to 0.08
27.9074 	WARNING 	1.1786575000733137: Video catchup needed, advancing self._nextFrameT from 0.08 to 0.12
27.9074 	WARNING 	1.178670300054364: Video catchup needed, advancing self._nextFrameT from 0.12 to 0.16
27.9074 	WARNING 	1.1786828000331298: Video catchup needed, advancing self._nextFrameT from 0.16 to 0.2
27.9075 	WARNING 	1.1786950000096112: Video catchup needed, advancing self._nextFrameT from 0.2 to 0.24000000000000002
27.9075 	WARNING 	1.1787079001078382: Video catchup needed, advancing self._nextFrameT from 0.24000000000000002 to 0.28
27.9075 	WARNING 	1.1787264000158757: Video catchup needed, advancing self._nextFrameT from 0.28 to 0.32
27.9075 	WARNING 	1.1787393999984488: Video catchup needed, advancing self._nextFrameT from 0.32 to 0.36
27.9075 	WARNING 	1.1787520000943914: Video catchup needed, advancing self._nextFrameT from 0.36 to 0.39999999999999997
27.9075 	WARNING 	Max reportNDroppedFrames reached, will not log any more dropped frames
27.9433 	EXP 	window1: mouseVisible = True
27.9521 	EXP 	Created image_16 = ImageStim(__class__=<class 'psychopy.visual.image.ImageStim'>, anchor=('center', 'center'), autoLog=True, color=array([1., 1., 1.]), colorSpace='rgb', contrast=1.0, depth=-3.0, draggable=False, flipHoriz=False, flipVert=False, image='default.png', interpolate=True, mask=None, maskParams=None, name='image_16', opacity=1.0, ori=0.0, pos=array([0., 0.]), size=array([0.35, 0.35]), texRes=128.0, units='height', win=Window(...))
27.9523 	EXP 	Created unnamed MovieStim3 = MovieStim3(__class__=<class 'psychopy.visual.movie3.MovieStim3'>, anchor=('center', 'center'), autoLog=True, color=UNKNOWN, colorSpace=UNKNOWN, depth=0.0, filename='imgs/titanic_spanish.mp4', flipHoriz=False, flipVert=False, fps=UNKNOWN, interpolate=True, loop=False, name='unnamed MovieStim3', noAudio=False, opacity=1, ori=method-wrapper(...), pos=array([0., 0.]), size=None, units='pix', vframe_callback=UNKNOWN, volume=UNKNOWN, win=Window(...))
29.1046 	WARNING 	1.152207399951294: Video catchup needed, advancing self._nextFrameT from 0.0 to 0.04
29.1046 	WARNING 	1.1522376999491826: Video catchup needed, advancing self._nextFrameT from 0.04 to 0.08
29.1046 	WARNING 	1.152247199905105: Video catchup needed, advancing self._nextFrameT from 0.08 to 0.12
29.1046 	WARNING 	1.1522556999698281: Video catchup needed, advancing self._nextFrameT from 0.12 to 0.16
29.1046 	WARNING 	1.1522635999135673: Video catchup needed, advancing self._nextFrameT from 0.16 to 0.2
29.1046 	WARNING 	1.152271099970676: Video catchup needed, advancing self._nextFrameT from 0.2 to 0.24000000000000002
29.1046 	WARNING 	1.1522789999144152: Video catchup needed, advancing self._nextFrameT from 0.24000000000000002 to 0.28
29.1046 	WARNING 	1.1522869999753311: Video catchup needed, advancing self._nextFrameT from 0.28 to 0.32
29.1047 	WARNING 	1.1522978999419138: Video catchup needed, advancing self._nextFrameT from 0.32 to 0.36
29.1047 	WARNING 	1.1523051999974996: Video catchup needed, advancing self._nextFrameT from 0.36 to 0.39999999999999997
29.1047 	WARNING 	Max reportNDroppedFrames reached, will not log any more dropped frames
29.1314 	EXP 	Created unnamed MovieStim3 = MovieStim3(__class__=<class 'psychopy.visual.movie3.MovieStim3'>, anchor=('center', 'center'), autoLog=True, color=UNKNOWN, colorSpace=UNKNOWN, depth=0.0, filename='imgs/titanic.mp4', flipHoriz=False, flipVert=False, fps=UNKNOWN, interpolate=True, loop=False, name='unnamed MovieStim3', noAudio=False, opacity=1, ori=method-wrapper(...), pos=array([  0., 100.]), size=None, units='pix', vframe_callback=UNKNOWN, volume=UNKNOWN, win=Window(...))
30.1566 	WARNING 	1.0252195000648499: Video catchup needed, advancing self._nextFrameT from 0.0 to 0.03336666666666667
30.1566 	WARNING 	1.0252511999569833: Video catchup needed, advancing self._nextFrameT from 0.03336666666666667 to 0.06673333333333334
30.1567 	WARNING 	1.025260900030844: Video catchup needed, advancing self._nextFrameT from 0.06673333333333334 to 0.10010000000000001
30.1567 	WARNING 	1.025269899982959: Video catchup needed, advancing self._nextFrameT from 0.10010000000000001 to 0.13346666666666668
30.1567 	WARNING 	1.0252798000583425: Video catchup needed, advancing self._nextFrameT from 0.13346666666666668 to 0.16683333333333333
30.1567 	WARNING 	1.025288200005889: Video catchup needed, advancing self._nextFrameT from 0.16683333333333333 to 0.2002
30.1567 	WARNING 	1.025296000065282: Video catchup needed, advancing self._nextFrameT from 0.2002 to 0.23356666666666664
30.1567 	WARNING 	1.0253036000067368: Video catchup needed, advancing self._nextFrameT from 0.23356666666666664 to 0.2669333333333333
30.1567 	WARNING 	1.0253115999512374: Video catchup needed, advancing self._nextFrameT from 0.2669333333333333 to 0.30029999999999996
30.1567 	WARNING 	1.0253194000106305: Video catchup needed, advancing self._nextFrameT from 0.30029999999999996 to 0.3336666666666666
30.1567 	WARNING 	Max reportNDroppedFrames reached, will not log any more dropped frames
30.1794 	EXP 	window1: mouseVisible = True
30.1875 	EXP 	Created image_17 = ImageStim(__class__=<class 'psychopy.visual.image.ImageStim'>, anchor=('center', 'center'), autoLog=True, color=array([1., 1., 1.]), colorSpace='rgb', contrast=1.0, depth=-4.0, draggable=False, flipHoriz=False, flipVert=False, image='default.png', interpolate=True, mask=None, maskParams=None, name='image_17', opacity=1.0, ori=0.0, pos=array([0., 0.]), size=array([0.35, 0.35]), texRes=128.0, units='height', win=Window(...))
30.1877 	EXP 	window1: mouseVisible = True
30.2003 	EXP 	Created text_4 = TextStim(__class__=<class 'psychopy.visual.text.TextStim'>, alignHoriz=method-wrapper(...), alignText='center', alignVert=method-wrapper(...), anchorHoriz='center', anchorVert='center', antialias=True, autoDraw=False, autoLog=True, bold=False, color=array([1., 1., 1.]), colorSpace='rgb', contrast=1.0, depth=0.0, draggable=False, flipHoriz=False, flipVert=False, font='Open Sans', fontFiles=[], height=0.05, italic=False, languageStyle='LTR', name='text_4', opacity=1.0, ori=0.0, pos=array([0., 0.]), rgb=UNKNOWN, text='¡Muchas gracias por participar!', units='height', win=Window(...), wrapWidth=1)
0.0065 	EXP 	unnamed MovieStim3: autoLog = True
0.0065 	EXP 	unnamed MovieStim3: movie = 'imgs/video_mar_luis.mp4'
0.0065 	EXP 	unnamed MovieStim3: ori = 0.0
0.0065 	EXP 	unnamed MovieStim3: autoLog = True
0.0065 	EXP 	unnamed MovieStim3: movie = 'imgs/song_titanic.mp4'
0.0065 	EXP 	unnamed MovieStim3: ori = 0.0
0.0065 	EXP 	unnamed MovieStim3: autoLog = True
0.0065 	EXP 	unnamed MovieStim3: movie = 'imgs/titanic_spanish.mp4'
0.0065 	EXP 	unnamed MovieStim3: ori = 0.0
0.0065 	EXP 	unnamed MovieStim3: autoLog = True
0.0065 	EXP 	unnamed MovieStim3: movie = 'imgs/titanic_spanish.mp4'
0.0065 	EXP 	unnamed MovieStim3: ori = 0.0
0.0065 	EXP 	unnamed MovieStim3: autoLog = True
0.0065 	EXP 	unnamed MovieStim3: movie = 'imgs/titanic.mp4'
0.0065 	EXP 	unnamed MovieStim3: ori = 0.0
0.0065 	EXP 	unnamed MovieStim3: autoLog = True
0.0065 	EXP 	unnamed MovieStim3: movie = 'imgs/video_mar_luis.mp4'
0.0065 	EXP 	unnamed MovieStim3: ori = 0.0
0.0065 	EXP 	unnamed MovieStim3: autoLog = True
0.0065 	EXP 	unnamed MovieStim3: movie = 'imgs/song_titanic.mp4'
0.0065 	EXP 	unnamed MovieStim3: ori = 0.0
0.0065 	EXP 	unnamed MovieStim3: autoLog = True
0.0065 	EXP 	unnamed MovieStim3: movie = 'imgs/titanic_spanish.mp4'
0.0065 	EXP 	unnamed MovieStim3: ori = 0.0
0.0065 	EXP 	unnamed MovieStim3: autoLog = True
0.0065 	EXP 	unnamed MovieStim3: movie = 'imgs/titanic_spanish.mp4'
0.0065 	EXP 	unnamed MovieStim3: ori = 0.0
0.0065 	EXP 	unnamed MovieStim3: autoLog = True
0.0065 	EXP 	unnamed MovieStim3: movie = 'imgs/titanic.mp4'
0.0065 	EXP 	unnamed MovieStim3: ori = 0.0
0.0065 	EXP 	unnamed MovieStim3: autoLog = True
0.0065 	EXP 	unnamed MovieStim3: movie = 'imgs/video_mar_luis.mp4'
0.0065 	EXP 	unnamed MovieStim3: ori = 0.0
0.0065 	EXP 	unnamed MovieStim3: autoLog = True
0.0065 	EXP 	unnamed MovieStim3: movie = 'imgs/song_titanic.mp4'
0.0065 	EXP 	unnamed MovieStim3: ori = 0.0
0.0065 	EXP 	unnamed MovieStim3: autoLog = True
0.0065 	EXP 	unnamed MovieStim3: movie = 'imgs/titanic_spanish.mp4'
0.0065 	EXP 	unnamed MovieStim3: ori = 0.0
0.0065 	EXP 	unnamed MovieStim3: autoLog = True
0.0065 	EXP 	unnamed MovieStim3: movie = 'imgs/titanic_spanish.mp4'
0.0065 	EXP 	unnamed MovieStim3: ori = 0.0
0.0065 	EXP 	unnamed MovieStim3: autoLog = True
0.0065 	EXP 	unnamed MovieStim3: movie = 'imgs/titanic.mp4'
0.0065 	EXP 	unnamed MovieStim3: ori = 0.0
0.0065 	EXP 	unnamed MovieStim3: autoLog = True
0.0065 	EXP 	unnamed MovieStim3: movie = 'imgs/video_mar_luis.mp4'
0.0065 	EXP 	unnamed MovieStim3: ori = 0.0
0.0065 	EXP 	unnamed MovieStim3: autoLog = True
0.0065 	EXP 	unnamed MovieStim3: movie = 'imgs/song_titanic.mp4'
0.0065 	EXP 	unnamed MovieStim3: ori = 0.0
0.0065 	EXP 	unnamed MovieStim3: autoLog = True
0.0065 	EXP 	unnamed MovieStim3: movie = 'imgs/titanic_spanish.mp4'
0.0065 	EXP 	unnamed MovieStim3: ori = 0.0
0.0065 	EXP 	unnamed MovieStim3: autoLog = True
0.0065 	EXP 	unnamed MovieStim3: movie = 'imgs/titanic_spanish.mp4'
0.0065 	EXP 	unnamed MovieStim3: ori = 0.0
0.0065 	EXP 	unnamed MovieStim3: autoLog = True
0.0065 	EXP 	unnamed MovieStim3: movie = 'imgs/titanic.mp4'
0.0065 	EXP 	unnamed MovieStim3: ori = 0.0
0.0327 	EXP 	image_5: autoDraw = True
0.0327 	EXP 	text_6: autoDraw = True
3.0202 	EXP 	image_5: autoDraw = False
3.0202 	EXP 	text_6: autoDraw = False
3.0202 	EXP 	text_5: autoDraw = True
7.7018 	DATA 	Keypress: space
7.7080 	EXP 	text_5: autoDraw = False
7.7080 	EXP 	text_7: height = 0.05
7.7080 	EXP 	text_7: height = 0.05
7.7080 	EXP 	text_7: height = 0.05
7.7080 	EXP 	text_7: text = 'Ronda 1/4'
7.7080 	EXP 	text_7: autoDraw = True
9.7558 	EXP 	Imported imgs/iceberg_times.xlsx as conditions, 2 conditions, 3 params
9.7562 	EXP 	Created sequence: random, trialTypes=2, nReps=1, seed=None
9.7564 	EXP 	New trial (rep=0, index=0): {'timepresentation': 8, 'posx': 0.1, 'posy': 0}
9.7621 	EXP 	Sound  started
9.7624 	EXP 	New trial (rep=0, index=1): {'timepresentation': 13, 'posx': -0.5, 'posy': 0}
9.7799 	EXP 	Imported imgs/iceberg_times.xlsx as conditions, 2 conditions, 3 params
9.7802 	EXP 	Created sequence: random, trialTypes=2, nReps=1, seed=None
9.7804 	EXP 	New trial (rep=0, index=0): {'timepresentation': 8, 'posx': 0.1, 'posy': 0}
9.7853 	EXP 	Sound  started
9.7856 	EXP 	New trial (rep=0, index=1): {'timepresentation': 13, 'posx': -0.5, 'posy': 0}
9.7958 	EXP 	Sound  stopped
9.8081 	EXP 	Imported imgs/iceberg_times.xlsx as conditions, 2 conditions, 3 params
9.8085 	EXP 	Created sequence: random, trialTypes=2, nReps=1, seed=None
9.8086 	EXP 	New trial (rep=0, index=0): {'timepresentation': 8, 'posx': 0.1, 'posy': 0}
9.8087 	EXP 	Sound  started
9.8152 	EXP 	New trial (rep=0, index=1): {'timepresentation': 13, 'posx': -0.5, 'posy': 0}
9.8517 	EXP 	Sound  stopped
9.8645 	EXP 	Imported imgs/iceberg_times.xlsx as conditions, 2 conditions, 3 params
9.8648 	EXP 	Created sequence: random, trialTypes=2, nReps=1, seed=None
9.8650 	EXP 	New trial (rep=0, index=0): {'timepresentation': 5, 'posx': -0.2, 'posy': 0}
9.8650 	EXP 	Sound  started
9.8653 	EXP 	Sound  started
9.8706 	WARNING 	0.5418122333940119: Video catchup needed, advancing self._nextFrameT from 0.4666666666666666 to 0.49999999999999994
9.8879 	EXP 	text_7: autoDraw = False
9.8879 	EXP 	text_7: autoDraw = False
9.8879 	EXP 	image: image = 'imgs/iceberg.png'
9.8879 	EXP 	Set unnamed MovieStim3 playing
9.8879 	EXP 	image: autoDraw = False
9.8879 	EXP 	image: image = 'imgs/iceberg.png'
9.8879 	EXP 	image: autoDraw = False
9.8879 	EXP 	image_2: image = 'imgs/iceberg.png'
9.8879 	EXP 	Set unnamed MovieStim3 playing
9.8879 	EXP 	image_2: autoDraw = False
9.8879 	EXP 	image_2: image = 'imgs/iceberg.png'
9.8879 	EXP 	image_2: autoDraw = False
9.8879 	EXP 	Set unnamed MovieStim3 stopped
9.8879 	EXP 	Set unnamed MovieStim3 playing
9.8879 	EXP 	image_3: image = 'imgs/iceberg.png'
9.8879 	EXP 	image_3: autoDraw = False
9.8879 	EXP 	image_3: image = 'imgs/iceberg.png'
9.8879 	EXP 	image_3: autoDraw = False
9.8879 	EXP 	Set unnamed MovieStim3 stopped
9.8879 	EXP 	Set unnamed MovieStim3 playing
9.8879 	EXP 	Set unnamed MovieStim3 playing
9.8879 	EXP 	image_4: image = 'imgs/iceberg.png'
14.8552 	EXP 	image_4: autoDraw = True
27.5192 	EXP 	New trial (rep=0, index=1): {'timepresentation': 11, 'posx': -0.6, 'posy': 0}
27.5285 	DATA 	Keypress: space
27.5375 	EXP 	image_4: autoDraw = False
27.5375 	EXP 	image_4: image = 'imgs/iceberg.png'
38.5249 	EXP 	image_4: autoDraw = True
39.9425 	EXP 	Sound  stopped
39.9609 	EXP 	Sound  stopped
39.9671 	DATA 	Keypress: space
39.9714 	EXP 	image_4: autoDraw = False
39.9714 	EXP 	Set unnamed MovieStim3 stopped
39.9714 	EXP 	Set unnamed MovieStim3 stopped
39.9714 	EXP 	text_8: height = 0.05
39.9714 	EXP 	text_8: height = 0.05
39.9714 	EXP 	text_8: height = 0.05
39.9714 	EXP 	text_8: text = 'Ronda 2/4'
39.9714 	EXP 	text_8: autoDraw = True
41.9739 	EXP 	Imported imgs/iceberg_times.xlsx as conditions, 2 conditions, 3 params
41.9744 	EXP 	Created sequence: random, trialTypes=2, nReps=1, seed=None
41.9745 	EXP 	New trial (rep=0, index=0): {'timepresentation': 13, 'posx': 0.1, 'posy': 0}
41.9799 	WARNING 	32.65109253337141: Video catchup needed, advancing self._nextFrameT from 30.60000000000068 to 30.633333333334015
41.9799 	WARNING 	32.65111633343622: Video catchup needed, advancing self._nextFrameT from 30.633333333334015 to 30.66666666666735
41.9799 	WARNING 	32.651128033408895: Video catchup needed, advancing self._nextFrameT from 30.66666666666735 to 30.700000000000685
41.9799 	WARNING 	32.65113903337624: Video catchup needed, advancing self._nextFrameT from 30.700000000000685 to 30.73333333333402
41.9799 	WARNING 	32.65114903333597: Video catchup needed, advancing self._nextFrameT from 30.73333333333402 to 30.766666666667355
41.9799 	WARNING 	32.65115883341059: Video catchup needed, advancing self._nextFrameT from 30.766666666667355 to 30.80000000000069
41.9799 	WARNING 	32.65116793336347: Video catchup needed, advancing self._nextFrameT from 30.80000000000069 to 30.833333333334025
41.9799 	WARNING 	32.65117703343276: Video catchup needed, advancing self._nextFrameT from 30.833333333334025 to 30.86666666666736
41.9800 	WARNING 	32.65118653338868: Video catchup needed, advancing self._nextFrameT from 30.86666666666736 to 30.900000000000695
41.9800 	WARNING 	Max reportNDroppedFrames reached, will not log any more dropped frames
42.5095 	EXP 	text_8: autoDraw = False
42.5095 	EXP 	text_8: autoDraw = False
42.5095 	EXP 	image_6: image = 'imgs/iceberg.png'
44.9299 	DATA 	Keypress: escape
45.0295 	EXP 	tarea_iceberg: status = STOPPED
45.0454 	EXP 	tarea_iceberg: status = STOPPED
45.1000 	EXP 	window1: mouseVisible = True
