6.0890 	WARNING 	User requested fullscreen with size [1024  768], but screen is actually [1920, 1080]. Using actual size
6.7827 	EXP 	Created window1 = Window(allowGUI=True, allowStencil=False, autoLog=True, backendConf=UNKNOWN, backgroundFit=<method-wrapper '__getattribute__' of attributeSetter object at 0x0000028A79B39CD0>, backgroundImage=<method-wrapper '__getattribute__' of attributeSetter object at 0x0000028A79B39C70>, bitsMode=UNKNOWN, blendMode='avg', bpc=(8, 8, 8), color=array([0, 0, 0]), colorSpace='rgb', depthBits=8, fullscr=<method-wrapper '__getattribute__' of attributeSetter object at 0x0000028A79B39AF0>, gamma=None, gammaErrorPolicy='raise', lms=UNKNOWN, monitor=<psychopy.monitors.calibTools.Monitor object at 0x0000028A7A072A00>, multiSample=False, name='window1', numSamples=2, pos=(0, 0), screen=0, size=array([1920, 1080]), stencilBits=0, stereo=False, title='PsychoPy', units='height', useFBO=True, useRetina=False, viewOri=0.0, viewPos=None, viewScale=None, waitBlanking=True, winType='pyglet')
6.7829 	EXP 	window1: mouseVisible = True
6.7829 	EXP 	window1: backgroundImage = ''
6.7830 	EXP 	window1: backgroundFit = 'none'
6.7856 	EXP 	window1: Attempting to measure frame rate of screen (0) ...
6.7856 	EXP 	window1: recordFrameIntervals = False
6.9482 	EXP 	window1: recordFrameIntervals = True
7.1318 	EXP 	Screen (0) actual frame rate measured at 60.05Hz
7.1319 	EXP 	window1: recordFrameIntervals = False
7.1321 	EXP 	window1: mouseVisible = False
8.5737 	EXP 	tarea_iceberg: status = STARTED
8.5756 	EXP 	window1: mouseVisible = True
8.7277 	EXP 	window1: mouseVisible = True
8.7398 	EXP 	Created image = ImageStim(__class__=<class 'psychopy.visual.image.ImageStim'>, anchor=('center', 'center'), autoLog=True, color=array([1., 1., 1.]), colorSpace='rgb', contrast=1.0, depth=-1.0, draggable=False, flipHoriz=False, flipVert=False, image='default.png', interpolate=True, mask=None, maskParams=None, name='image', opacity=1.0, ori=0.0, pos=array([0., 0.]), size=array([0.35, 0.35]), texRes=128.0, units='height', win=Window(...))
8.7400 	EXP 	window1: mouseVisible = True
8.7881 	EXP 	Created text = TextStim(__class__=<class 'psychopy.visual.text.TextStim'>, alignHoriz=method-wrapper(...), alignText='center', alignVert=method-wrapper(...), anchorHoriz='center', anchorVert='center', antialias=True, autoDraw=False, autoLog=True, bold=False, color=array([1., 1., 1.]), colorSpace='rgb', contrast=1.0, depth=0.0, draggable=False, flipHoriz=False, flipVert=False, font='Open Sans', fontFiles=[], height=0.05, italic=False, languageStyle='LTR', name='text', opacity=1.0, ori=0.0, pos=array([0., 0.]), rgb=UNKNOWN, text='¡Empezamos la segunda ronda!', units='height', win=Window(...), wrapWidth=1)
8.7882 	EXP 	window1: mouseVisible = True
8.8963 	EXP 	window1: mouseVisible = True
8.9037 	EXP 	Created image_2 = ImageStim(__class__=<class 'psychopy.visual.image.ImageStim'>, anchor=('center', 'center'), autoLog=True, color=array([1., 1., 1.]), colorSpace='rgb', contrast=1.0, depth=-1.0, draggable=False, flipHoriz=False, flipVert=False, image='default.png', interpolate=True, mask=None, maskParams=None, name='image_2', opacity=1.0, ori=0.0, pos=array([0., 0.]), size=array([0.35, 0.35]), texRes=128.0, units='height', win=Window(...))
8.9893 	EXP 	Created unnamed MovieStim3 = MovieStim3(__class__=<class 'psychopy.visual.movie3.MovieStim3'>, anchor=('center', 'center'), autoLog=True, color=UNKNOWN, colorSpace=UNKNOWN, depth=0.0, filename='imgs/song_titanic.mp4', flipHoriz=False, flipVert=False, fps=UNKNOWN, interpolate=True, loop=False, name='unnamed MovieStim3', noAudio=False, opacity=1, ori=method-wrapper(...), pos=array([0., 0.]), size=None, units='pix', vframe_callback=UNKNOWN, volume=UNKNOWN, win=Window(...))
10.1025 	WARNING 	1.1131678000001557: Video catchup needed, advancing self._nextFrameT from 0.0 to 0.041666666666666664
10.1025 	WARNING 	1.1132150000012189: Video catchup needed, advancing self._nextFrameT from 0.041666666666666664 to 0.08333333333333333
10.1025 	WARNING 	1.1132261000002472: Video catchup needed, advancing self._nextFrameT from 0.08333333333333333 to 0.125
10.1025 	WARNING 	1.1132350000007136: Video catchup needed, advancing self._nextFrameT from 0.125 to 0.16666666666666666
10.1025 	WARNING 	1.1132438000004186: Video catchup needed, advancing self._nextFrameT from 0.16666666666666666 to 0.20833333333333331
10.1025 	WARNING 	1.1132526000001235: Video catchup needed, advancing self._nextFrameT from 0.20833333333333331 to 0.24999999999999997
10.1025 	WARNING 	1.1132605000002513: Video catchup needed, advancing self._nextFrameT from 0.24999999999999997 to 0.29166666666666663
10.1025 	WARNING 	1.11326900000131: Video catchup needed, advancing self._nextFrameT from 0.29166666666666663 to 0.3333333333333333
10.1025 	WARNING 	1.1132771000011417: Video catchup needed, advancing self._nextFrameT from 0.3333333333333333 to 0.375
10.1026 	WARNING 	1.1132846000000427: Video catchup needed, advancing self._nextFrameT from 0.375 to 0.4166666666666667
10.1026 	WARNING 	Max reportNDroppedFrames reached, will not log any more dropped frames
10.1376 	EXP 	window1: mouseVisible = True
10.1418 	EXP 	Created text_2 = TextStim(__class__=<class 'psychopy.visual.text.TextStim'>, alignHoriz=method-wrapper(...), alignText='center', alignVert=method-wrapper(...), anchorHoriz='center', anchorVert='center', antialias=True, autoDraw=False, autoLog=True, bold=False, color=array([1., 1., 1.]), colorSpace='rgb', contrast=1.0, depth=0.0, draggable=False, flipHoriz=False, flipVert=False, font='Open Sans', fontFiles=[], height=0.05, italic=False, languageStyle='LTR', name='text_2', opacity=1.0, ori=0.0, pos=array([0., 0.]), rgb=UNKNOWN, text='¡empezamos la tercera ronda!', units='height', win=Window(...), wrapWidth=1)
10.1419 	EXP 	window1: mouseVisible = True
10.2419 	EXP 	window1: mouseVisible = True
10.2497 	EXP 	Created image_3 = ImageStim(__class__=<class 'psychopy.visual.image.ImageStim'>, anchor=('center', 'center'), autoLog=True, color=array([1., 1., 1.]), colorSpace='rgb', contrast=1.0, depth=-1.0, draggable=False, flipHoriz=False, flipVert=False, image='default.png', interpolate=True, mask=None, maskParams=None, name='image_3', opacity=1.0, ori=0.0, pos=array([0., 0.]), size=array([0.35, 0.35]), texRes=128.0, units='height', win=Window(...))
10.2499 	EXP 	Created unnamed MovieStim3 = MovieStim3(__class__=<class 'psychopy.visual.movie3.MovieStim3'>, anchor=('center', 'center'), autoLog=True, color=UNKNOWN, colorSpace=UNKNOWN, depth=0.0, filename='imgs/video_celine.mp4', flipHoriz=False, flipVert=False, fps=UNKNOWN, interpolate=True, loop=False, name='unnamed MovieStim3', noAudio=False, opacity=1, ori=method-wrapper(...), pos=array([0., 0.]), size=None, units='pix', vframe_callback=UNKNOWN, volume=UNKNOWN, win=Window(...))
11.4924 	WARNING 	1.242416700000831: Video catchup needed, advancing self._nextFrameT from 0.0 to 0.03336666666666667
11.4924 	WARNING 	1.2424625000003289: Video catchup needed, advancing self._nextFrameT from 0.03336666666666667 to 0.06673333333333334
11.4924 	WARNING 	1.2424735000004148: Video catchup needed, advancing self._nextFrameT from 0.06673333333333334 to 0.10010000000000001
11.4924 	WARNING 	1.2424824999998236: Video catchup needed, advancing self._nextFrameT from 0.10010000000000001 to 0.13346666666666668
11.4924 	WARNING 	1.242490500000713: Video catchup needed, advancing self._nextFrameT from 0.13346666666666668 to 0.16683333333333333
11.4924 	WARNING 	1.2425056000010954: Video catchup needed, advancing self._nextFrameT from 0.16683333333333333 to 0.2002
11.4925 	WARNING 	1.2425142000010965: Video catchup needed, advancing self._nextFrameT from 0.2002 to 0.23356666666666664
11.4925 	WARNING 	1.2425218999997014: Video catchup needed, advancing self._nextFrameT from 0.23356666666666664 to 0.2669333333333333
11.4925 	WARNING 	1.2425301000002946: Video catchup needed, advancing self._nextFrameT from 0.2669333333333333 to 0.30029999999999996
11.4925 	WARNING 	1.242548700000043: Video catchup needed, advancing self._nextFrameT from 0.30029999999999996 to 0.3336666666666666
11.4925 	WARNING 	Max reportNDroppedFrames reached, will not log any more dropped frames
11.7991 	EXP 	window1: mouseVisible = True
11.8034 	EXP 	Created text_3 = TextStim(__class__=<class 'psychopy.visual.text.TextStim'>, alignHoriz=method-wrapper(...), alignText='center', alignVert=method-wrapper(...), anchorHoriz='center', anchorVert='center', antialias=True, autoDraw=False, autoLog=True, bold=False, color=array([1., 1., 1.]), colorSpace='rgb', contrast=1.0, depth=0.0, draggable=False, flipHoriz=False, flipVert=False, font='Open Sans', fontFiles=[], height=0.05, italic=False, languageStyle='LTR', name='text_3', opacity=1.0, ori=0.0, pos=array([0., 0.]), rgb=UNKNOWN, text='¡última ronda!', units='height', win=Window(...), wrapWidth=1)
11.8037 	EXP 	Created unnamed MovieStim3 = MovieStim3(__class__=<class 'psychopy.visual.movie3.MovieStim3'>, anchor=('center', 'center'), autoLog=True, color=UNKNOWN, colorSpace=UNKNOWN, depth=0.0, filename='imgs/video_celine.mp4', flipHoriz=False, flipVert=False, fps=UNKNOWN, interpolate=True, loop=False, name='unnamed MovieStim3', noAudio=False, opacity=1, ori=method-wrapper(...), pos=array([0., 0.]), size=None, units='pix', vframe_callback=UNKNOWN, volume=UNKNOWN, win=Window(...))
13.0286 	WARNING 	1.2248528000000078: Video catchup needed, advancing self._nextFrameT from 0.0 to 0.03336666666666667
13.0286 	WARNING 	1.224900900000648: Video catchup needed, advancing self._nextFrameT from 0.03336666666666667 to 0.06673333333333334
13.0286 	WARNING 	1.2249114000005648: Video catchup needed, advancing self._nextFrameT from 0.06673333333333334 to 0.10010000000000001
13.0286 	WARNING 	1.224920700000439: Video catchup needed, advancing self._nextFrameT from 0.10010000000000001 to 0.13346666666666668
13.0286 	WARNING 	1.224929500000144: Video catchup needed, advancing self._nextFrameT from 0.13346666666666668 to 0.16683333333333333
13.0286 	WARNING 	1.224936999999045: Video catchup needed, advancing self._nextFrameT from 0.16683333333333333 to 0.2002
13.0286 	WARNING 	1.2249450999988767: Video catchup needed, advancing self._nextFrameT from 0.2002 to 0.23356666666666664
13.0286 	WARNING 	1.2249539000004006: Video catchup needed, advancing self._nextFrameT from 0.23356666666666664 to 0.2669333333333333
13.0286 	WARNING 	1.224961500000063: Video catchup needed, advancing self._nextFrameT from 0.2669333333333333 to 0.30029999999999996
13.0287 	WARNING 	1.2249690999997256: Video catchup needed, advancing self._nextFrameT from 0.30029999999999996 to 0.3336666666666666
13.0287 	WARNING 	Max reportNDroppedFrames reached, will not log any more dropped frames
0.0032 	EXP 	movie: autoLog = True
0.0032 	EXP 	movie_2: autoLog = True
0.0032 	EXP 	unnamed MovieStim3: autoLog = True
0.0032 	EXP 	unnamed MovieStim3: movie = 'imgs/song_titanic.mp4'
0.0032 	EXP 	unnamed MovieStim3: ori = 0.0
0.0032 	EXP 	movie_3: autoLog = True
0.0032 	EXP 	unnamed MovieStim3: autoLog = True
0.0032 	EXP 	unnamed MovieStim3: movie = 'imgs/video_celine.mp4'
0.0032 	EXP 	unnamed MovieStim3: ori = 0.0
0.0032 	EXP 	unnamed MovieStim3: autoLog = True
0.0032 	EXP 	unnamed MovieStim3: movie = 'imgs/video_celine.mp4'
0.0032 	EXP 	unnamed MovieStim3: ori = 0.0
0.0323 	EXP 	Imported imgs/trials_fake.xlsx as conditions, 2 conditions, 3 params
0.0327 	EXP 	Created sequence: random, trialTypes=2, nReps=1, seed=None
0.0329 	EXP 	New trial (rep=0, index=0): {'timepresentation': 2, 'posx': -0.8, 'posy': 0.15}
0.0733 	EXP 	image: image = 'imgs/iceberg.png'
0.0733 	EXP 	movie: autoDraw = True
2.0091 	EXP 	image: autoDraw = True
2.5133 	EXP 	New trial (rep=0, index=1): {'timepresentation': 2, 'posx': -0.7, 'posy': 0.15}
2.5623 	DATA 	Keypress: space
2.5676 	EXP 	movie: autoDraw = False
2.5676 	EXP 	image: autoDraw = False
2.5676 	EXP 	image: image = 'imgs/iceberg.png'
2.5676 	EXP 	movie: autoDraw = True
4.5235 	EXP 	image: autoDraw = True
4.8550 	DATA 	Keypress: space
4.9816 	EXP 	movie: autoDraw = False
4.9816 	EXP 	image: autoDraw = False
4.9816 	EXP 	text: autoDraw = True
7.9719 	EXP 	Imported imgs/trials_fake.xlsx as conditions, 2 conditions, 3 params
7.9722 	EXP 	Created sequence: random, trialTypes=2, nReps=1, seed=None
7.9723 	EXP 	New trial (rep=0, index=0): {'timepresentation': 2, 'posx': -0.7, 'posy': 0.15}
7.9770 	EXP 	Sound  started
7.9983 	EXP 	text: autoDraw = False
7.9983 	EXP 	text: autoDraw = False
7.9983 	EXP 	image_2: image = 'imgs/iceberg.png'
7.9983 	EXP 	Set unnamed MovieStim3 playing
7.9983 	EXP 	movie_2: autoDraw = True
9.9868 	EXP 	image_2: autoDraw = True
10.3725 	DATA 	Keypress: space
10.4922 	EXP 	New trial (rep=0, index=1): {'timepresentation': 2, 'posx': -0.8, 'posy': 0.15}
10.5479 	EXP 	movie_2: autoDraw = False
10.5479 	EXP 	image_2: autoDraw = False
10.5479 	EXP 	image_2: image = 'imgs/iceberg.png'
10.5479 	EXP 	movie_2: autoDraw = True
12.5026 	EXP 	image_2: autoDraw = True
13.0136 	EXP 	Sound  stopped
13.0153 	DATA 	Keypress: space
13.0172 	EXP 	movie_2: autoDraw = False
13.0172 	EXP 	image_2: autoDraw = False
13.0172 	EXP 	Set unnamed MovieStim3 stopped
13.0172 	EXP 	text_2: autoDraw = True
14.0176 	EXP 	Imported imgs/trials_fake.xlsx as conditions, 2 conditions, 3 params
14.0179 	EXP 	Created sequence: random, trialTypes=2, nReps=1, seed=None
14.0180 	EXP 	New trial (rep=0, index=0): {'timepresentation': 2, 'posx': -0.8, 'posy': 0.15}
14.0231 	EXP 	Sound  started
14.0637 	EXP 	text_2: autoDraw = False
14.0637 	EXP 	image_3: image = 'imgs/iceberg.png'
14.0637 	EXP 	Set unnamed MovieStim3 playing
14.0637 	EXP 	movie_3: autoDraw = True
16.0060 	EXP 	image_3: autoDraw = True
16.6758 	EXP 	New trial (rep=0, index=1): {'timepresentation': 2, 'posx': -0.7, 'posy': 0.15}
16.7161 	WARNING 	3.8274195666654123: Video catchup needed, advancing self._nextFrameT from 3.670333333333341 to 3.703700000000008
16.7162 	WARNING 	3.8274885666651244: Video catchup needed, advancing self._nextFrameT from 3.703700000000008 to 3.7370666666666748
16.7162 	WARNING 	3.8275271666661865: Video catchup needed, advancing self._nextFrameT from 3.7370666666666748 to 3.7704333333333415
16.7917 	DATA 	Keypress: space
16.8009 	EXP 	movie_3: autoDraw = False
16.8009 	EXP 	image_3: autoDraw = False
16.8009 	EXP 	image_3: image = 'imgs/iceberg.png'
16.8009 	EXP 	movie_3: autoDraw = True
16.8010 	WARNING 	3.9123466666660534: Video catchup needed, advancing self._nextFrameT from 3.8038000000000083 to 3.837166666666675
16.8010 	WARNING 	3.9123702666656754: Video catchup needed, advancing self._nextFrameT from 3.837166666666675 to 3.870533333333342
18.6685 	EXP 	image_3: autoDraw = True
19.1406 	DATA 	Keypress: space
19.1446 	EXP 	movie_3: autoDraw = False
19.1446 	EXP 	image_3: autoDraw = False
19.1446 	EXP 	text_3: autoDraw = True
20.1468 	EXP 	Imported imgs/trials_iceberg_3.xlsx as conditions, 8 conditions, 3 params
20.1472 	EXP 	Created sequence: random, trialTypes=8, nReps=1, seed=None
20.1473 	EXP 	New trial (rep=0, index=0): {'timepresentation': 14, 'posx': 0.6, 'posy': 0.1}
20.1473 	WARNING 	7.2586520666664: Video catchup needed, advancing self._nextFrameT from 6.1394666666666815 to 6.172833333333348
20.1473 	WARNING 	7.25866696666526: Video catchup needed, advancing self._nextFrameT from 6.172833333333348 to 6.206200000000015
20.1473 	WARNING 	7.258676266665134: Video catchup needed, advancing self._nextFrameT from 6.206200000000015 to 6.239566666666682
20.1474 	WARNING 	7.258691366665516: Video catchup needed, advancing self._nextFrameT from 6.239566666666682 to 6.272933333333349
20.1474 	WARNING 	7.258701766664672: Video catchup needed, advancing self._nextFrameT from 6.272933333333349 to 6.306300000000015
20.1474 	WARNING 	Max reportNDroppedFrames reached, will not log any more dropped frames
20.5089 	EXP 	New trial (rep=0, index=1): {'timepresentation': 12, 'posx': 0.8, 'posy': 0.1}
20.5240 	EXP 	New trial (rep=0, index=2): {'timepresentation': 13, 'posx': -0.8, 'posy': 0.15}
20.5327 	EXP 	New trial (rep=0, index=3): {'timepresentation': 10, 'posx': -0.5, 'posy': 0.15}
20.5335 	EXP 	New trial (rep=0, index=4): {'timepresentation': 5, 'posx': -0.6, 'posy': 0.15}
20.5339 	EXP 	New trial (rep=0, index=5): {'timepresentation': 6, 'posx': -0.7, 'posy': 0.15}
20.5342 	EXP 	New trial (rep=0, index=6): {'timepresentation': 7, 'posx': 0.7, 'posy': 0.1}
20.5345 	EXP 	New trial (rep=0, index=7): {'timepresentation': 8, 'posx': 0.5, 'posy': 0.1}
20.5457 	EXP 	text_3: autoDraw = False
20.5458 	EXP 	tarea_iceberg: status = STOPPED
20.7288 	EXP 	window1: mouseVisible = True
