6.3554 	WARNING 	User requested fullscreen with size [1024  768], but screen is actually [1920, 1080]. Using actual size
7.0142 	EXP 	Created window1 = Window(allowGUI=True, allowStencil=False, autoLog=True, backendConf=UNKNOWN, backgroundFit=<method-wrapper '__getattribute__' of attributeSetter object at 0x00000245745C8CD0>, backgroundImage=<method-wrapper '__getattribute__' of attributeSetter object at 0x00000245745C8C70>, bitsMode=UNKNOWN, blendMode='avg', bpc=(8, 8, 8), color=array([0, 0, 0]), colorSpace='rgb', depthBits=8, fullscr=<method-wrapper '__getattribute__' of attributeSetter object at 0x00000245745C8AF0>, gamma=None, gammaErrorPolicy='raise', lms=UNKNOWN, monitor=<psychopy.monitors.calibTools.Monitor object at 0x0000024574B9C8E0>, multiSample=False, name='window1', numSamples=2, pos=(0, 0), screen=0, size=array([1920, 1080]), stencilBits=0, stereo=False, title='PsychoPy', units='height', useFBO=True, useRetina=False, viewOri=0.0, viewPos=None, viewScale=None, waitBlanking=True, winType='pyglet')
7.0143 	EXP 	window1: mouseVisible = True
7.0143 	EXP 	window1: backgroundImage = ''
7.0143 	EXP 	window1: backgroundFit = 'none'
7.0155 	EXP 	window1: Attempting to measure frame rate of screen (0) ...
7.0156 	EXP 	window1: recordFrameIntervals = False
7.1804 	EXP 	window1: recordFrameIntervals = True
7.3644 	EXP 	Screen (0) actual frame rate measured at 60.14Hz
7.3644 	EXP 	window1: recordFrameIntervals = False
7.3647 	EXP 	window1: mouseVisible = False
9.3147 	EXP 	tarea_iceberg: status = STARTED
9.3167 	EXP 	window1: mouseVisible = True
9.4631 	EXP 	window1: mouseVisible = True
9.4769 	EXP 	Created image = ImageStim(__class__=<class 'psychopy.visual.image.ImageStim'>, anchor=('center', 'center'), autoLog=True, color=array([1., 1., 1.]), colorSpace='rgb', contrast=1.0, depth=-1.0, draggable=False, flipHoriz=False, flipVert=False, image='default.png', interpolate=True, mask=None, maskParams=None, name='image', opacity=1.0, ori=0.0, pos=array([0., 0.]), size=array([0.35, 0.35]), texRes=128.0, units='height', win=Window(...))
9.4773 	EXP 	window1: mouseVisible = True
9.5287 	EXP 	Created text = TextStim(__class__=<class 'psychopy.visual.text.TextStim'>, alignHoriz=method-wrapper(...), alignText='center', alignVert=method-wrapper(...), anchorHoriz='center', anchorVert='center', antialias=True, autoDraw=False, autoLog=True, bold=False, color=array([1., 1., 1.]), colorSpace='rgb', contrast=1.0, depth=0.0, draggable=False, flipHoriz=False, flipVert=False, font='Open Sans', fontFiles=[], height=0.05, italic=False, languageStyle='LTR', name='text', opacity=1.0, ori=0.0, pos=array([0., 0.]), rgb=UNKNOWN, text='¡Empezamos la segunda ronda!', units='height', win=Window(...), wrapWidth=1)
9.5298 	EXP 	window1: mouseVisible = True
9.6293 	EXP 	window1: mouseVisible = True
9.6396 	EXP 	Created image_2 = ImageStim(__class__=<class 'psychopy.visual.image.ImageStim'>, anchor=('center', 'center'), autoLog=True, color=array([1., 1., 1.]), colorSpace='rgb', contrast=1.0, depth=-1.0, draggable=False, flipHoriz=False, flipVert=False, image='default.png', interpolate=True, mask=None, maskParams=None, name='image_2', opacity=1.0, ori=0.0, pos=array([0., 0.]), size=array([0.35, 0.35]), texRes=128.0, units='height', win=Window(...))
9.6400 	EXP 	window1: mouseVisible = True
9.6890 	EXP 	window1: mouseVisible = True
9.7904 	EXP 	window1: mouseVisible = True
9.8029 	EXP 	Created image_3 = ImageStim(__class__=<class 'psychopy.visual.image.ImageStim'>, anchor=('center', 'center'), autoLog=True, color=array([1., 1., 1.]), colorSpace='rgb', contrast=1.0, depth=-1.0, draggable=False, flipHoriz=False, flipVert=False, image='default.png', interpolate=True, mask=None, maskParams=None, name='image_3', opacity=1.0, ori=0.0, pos=array([0., 0.]), size=array([0.35, 0.35]), texRes=128.0, units='height', win=Window(...))
0.0504 	EXP 	movie: autoLog = True
0.0504 	EXP 	movie_2: autoLog = True
0.0504 	EXP 	movie_song: autoLog = True
0.0504 	EXP 	movie_3: autoLog = True
0.0584 	EXP 	Imported imgs/trials_fake.xlsx as conditions, 2 conditions, 3 params
0.0593 	EXP 	Created sequence: random, trialTypes=2, nReps=1, seed=None
0.0597 	EXP 	New trial (rep=0, index=0): {'timepresentation': 2, 'posx': -0.7, 'posy': 0.15}
0.1365 	EXP 	image: image = 'imgs/iceberg.png'
0.1365 	EXP 	movie: autoDraw = True
2.0136 	EXP 	image: autoDraw = True
3.0248 	EXP 	New trial (rep=0, index=1): {'timepresentation': 2, 'posx': -0.8, 'posy': 0.15}
3.0789 	EXP 	movie: autoDraw = False
3.0789 	EXP 	image: autoDraw = False
3.0789 	EXP 	image: image = 'imgs/iceberg.png'
3.0789 	EXP 	movie: autoDraw = True
5.0255 	EXP 	image: autoDraw = True
5.4922 	EXP 	movie: autoDraw = False
5.4922 	EXP 	image: autoDraw = False
5.4922 	EXP 	text: autoDraw = True
8.4926 	EXP 	Imported imgs/trials_iceberg_2.xlsx as conditions, 8 conditions, 3 params
8.4929 	EXP 	Created sequence: random, trialTypes=8, nReps=1, seed=None
8.4931 	EXP 	New trial (rep=0, index=0): {'timepresentation': 9, 'posx': 0.5, 'posy': 0.1}
8.5727 	EXP 	text: autoDraw = False
8.5727 	EXP 	text: autoDraw = False
8.5727 	EXP 	image_2: image = 'imgs/iceberg.png'
8.5727 	EXP 	movie_2: autoDraw = True
8.5727 	EXP 	movie_song: autoDraw = True
17.5019 	EXP 	image_2: autoDraw = True
18.1242 	EXP 	New trial (rep=0, index=1): {'timepresentation': 3, 'posx': 0.7, 'posy': 0.1}
18.2257 	EXP 	movie_2: autoDraw = False
18.2257 	EXP 	image_2: autoDraw = False
18.2257 	EXP 	movie_song: autoDraw = False
18.2257 	EXP 	image_2: image = 'imgs/iceberg.png'
18.2257 	EXP 	movie_2: autoDraw = True
18.2257 	EXP 	movie_song: autoDraw = True
21.1335 	EXP 	image_2: autoDraw = True
22.2288 	EXP 	New trial (rep=0, index=2): {'timepresentation': 8, 'posx': -0.8, 'posy': 0.15}
22.3321 	EXP 	movie_2: autoDraw = False
22.3321 	EXP 	image_2: autoDraw = False
22.3321 	EXP 	movie_song: autoDraw = False
22.3321 	EXP 	image_2: image = 'imgs/iceberg.png'
22.3321 	EXP 	movie_2: autoDraw = True
22.3321 	EXP 	movie_song: autoDraw = True
30.2432 	EXP 	image_2: autoDraw = True
35.5429 	EXP 	New trial (rep=0, index=3): {'timepresentation': 15, 'posx': -0.5, 'posy': 0.15}
35.6383 	EXP 	movie_2: autoDraw = False
35.6383 	EXP 	image_2: autoDraw = False
35.6383 	EXP 	movie_song: autoDraw = False
35.6383 	EXP 	image_2: image = 'imgs/iceberg.png'
35.6383 	EXP 	movie_2: autoDraw = True
35.6383 	EXP 	movie_song: autoDraw = True
40.3711 	EXP 	tarea_iceberg: status = STOPPED
40.3831 	EXP 	movie_2: autoDraw = False
40.3831 	EXP 	movie_song: autoDraw = False
40.3832 	EXP 	tarea_iceberg: status = STOPPED
40.5042 	EXP 	window1: mouseVisible = True
