6.2520 	WARNING 	User requested fullscreen with size [1536  864], but screen is actually [1920, 1080]. Using actual size
7.0547 	EXP 	Created window1 = Window(allowGUI=True, allowStencil=False, autoLog=True, backendConf=UNKNOWN, backgroundFit=<method-wrapper '__getattribute__' of attributeSetter object at 0x000001A034CF7C40>, backgroundImage=<method-wrapper '__getattribute__' of attributeSetter object at 0x000001A034CF7BE0>, bitsMode=UNKNOWN, blendMode='avg', bpc=(8, 8, 8), color=array([0, 0, 0]), colorSpace='rgb', depthBits=8, fullscr=<method-wrapper '__getattribute__' of attributeSetter object at 0x000001A034CF7A00>, gamma=None, gammaErrorPolicy='raise', lms=UNKNOWN, monitor=<psychopy.monitors.calibTools.Monitor object at 0x000001A035202070>, multiSample=False, name='window1', numSamples=2, pos=(0, 0), screen=0, size=array([1920, 1080]), stencilBits=0, stereo=False, title='PsychoPy', units='height', useFBO=True, useRetina=False, viewOri=0.0, viewPos=None, viewScale=None, waitBlanking=True, winType='pyglet')
7.0555 	EXP 	window1: mouseVisible = True
7.0555 	EXP 	window1: backgroundImage = ''
7.0556 	EXP 	window1: backgroundFit = 'none'
7.0566 	EXP 	window1: Attempting to measure frame rate of screen (0) ...
7.0566 	EXP 	window1: recordFrameIntervals = False
7.2203 	EXP 	window1: recordFrameIntervals = True
7.4043 	EXP 	Screen (0) actual frame rate measured at 59.83Hz
7.4043 	EXP 	window1: recordFrameIntervals = False
7.4046 	EXP 	window1: mouseVisible = False
9.2952 	EXP 	tarea_iceberg: status = STARTED
9.2955 	EXP 	window1: mouseVisible = True
9.2962 	WARNING 	Requested image 'imgs/logo_OB.jpeg' not found but similar filename 'imgs/logo_OB.png' exists. This will be used instead but changing the filename is advised.
9.3011 	WARNING 	Requested image 'imgs/logo_OB.jpeg' not found but similar filename 'imgs/logo_OB.png' exists. This will be used instead but changing the filename is advised.
9.3050 	WARNING 	Requested image 'imgs/logo_OB.jpeg' not found but similar filename 'imgs/logo_OB.png' exists. This will be used instead but changing the filename is advised.
9.3085 	WARNING 	Requested image 'imgs/logo_OB.jpeg' not found but similar filename 'imgs/logo_OB.png' exists. This will be used instead but changing the filename is advised.
9.3130 	EXP 	Created image_5 = ImageStim(__class__=<class 'psychopy.visual.image.ImageStim'>, anchor=('center', 'center'), autoLog=True, color=array([1., 1., 1.]), colorSpace='rgb', contrast=1.0, depth=0.0, draggable=False, flipHoriz=False, flipVert=False, image='imgs/logo_OB.jpeg', interpolate=True, mask=None, maskParams=None, name='image_5', opacity=1.0, ori=0.0, pos=array([0., 0.]), size=array([0.6, 0.7]), texRes=128.0, units='height', win=Window(...))
9.3133 	EXP 	window1: mouseVisible = True
9.3684 	EXP 	Created text_6 = TextStim(__class__=<class 'psychopy.visual.text.TextStim'>, alignHoriz=method-wrapper(...), alignText='center', alignVert=method-wrapper(...), anchorHoriz='center', anchorVert='center', antialias=True, autoDraw=False, autoLog=True, bold=False, color=array([1., 1., 1.]), colorSpace='rgb', contrast=1.0, depth=-1.0, draggable=False, flipHoriz=False, flipVert=False, font='Open Sans', fontFiles=[], height=0.04, italic=False, languageStyle='LTR', name='text_6', opacity=1.0, ori=0.0, pos=array([ 0.  , -0.35]), rgb=UNKNOWN, text='¡Bienvenido a un experimento de Open Brains!', units='height', win=Window(...), wrapWidth=1)
9.3685 	EXP 	window1: mouseVisible = True
9.3859 	EXP 	Created text_5 = TextStim(__class__=<class 'psychopy.visual.text.TextStim'>, alignHoriz=method-wrapper(...), alignText='center', alignVert=method-wrapper(...), anchorHoriz='center', anchorVert='center', antialias=True, autoDraw=False, autoLog=True, bold=False, color=array([1., 1., 1.]), colorSpace='rgb', contrast=1.0, depth=0.0, draggable=False, flipHoriz=False, flipVert=False, font='Open Sans', fontFiles=[], height=0.035, italic=False, languageStyle='LTR', name='text_5', opacity=1.0, ori=0.0, pos=array([0., 0.]), rgb=UNKNOWN, text=str(...), units='height', win=Window(...), wrapWidth=1)
9.3861 	EXP 	window1: mouseVisible = True
9.3872 	EXP 	Created text_7 = TextStim(__class__=<class 'psychopy.visual.text.TextStim'>, alignHoriz=method-wrapper(...), alignText='center', alignVert=method-wrapper(...), anchorHoriz='center', anchorVert='center', antialias=True, autoDraw=False, autoLog=True, bold=False, color=array([1., 1., 1.]), colorSpace='rgb', contrast=1.0, depth=0.0, draggable=False, flipHoriz=False, flipVert=False, font='Open Sans', fontFiles=[], height=0.05, italic=False, languageStyle='LTR', name='text_7', opacity=1.0, ori=0.0, pos=array([0., 0.]), rgb=UNKNOWN, text='', units='height', win=Window(...), wrapWidth=1)
9.3873 	EXP 	window1: mouseVisible = True
9.3951 	EXP 	Created image = ImageStim(__class__=<class 'psychopy.visual.image.ImageStim'>, anchor=('center', 'center'), autoLog=True, color=array([1., 1., 1.]), colorSpace='rgb', contrast=1.0, depth=-1.0, draggable=False, flipHoriz=False, flipVert=False, image='default.png', interpolate=True, mask=None, maskParams=None, name='image', opacity=1.0, ori=0.0, pos=array([0., 0.]), size=array([0.35, 0.35]), texRes=128.0, units='height', win=Window(...))
9.5050 	EXP 	Created unnamed MovieStim3 = MovieStim3(__class__=<class 'psychopy.visual.movie3.MovieStim3'>, anchor=('center', 'center'), autoLog=True, color=UNKNOWN, colorSpace=UNKNOWN, depth=0.0, filename='imgs/video_mar.mp4', flipHoriz=False, flipVert=False, fps=UNKNOWN, interpolate=True, loop=True, name='unnamed MovieStim3', noAudio=False, opacity=1, ori=method-wrapper(...), pos=array([0., 0.]), size=None, units='pix', vframe_callback=UNKNOWN, volume=UNKNOWN, win=Window(...))
10.5908 	WARNING 	1.0857290999992983: Video catchup needed, advancing self._nextFrameT from 0.0 to 0.04
10.5908 	WARNING 	1.085840300002019: Video catchup needed, advancing self._nextFrameT from 0.04 to 0.08
10.5909 	WARNING 	1.085876900004223: Video catchup needed, advancing self._nextFrameT from 0.08 to 0.12
10.5909 	WARNING 	1.085919000004651: Video catchup needed, advancing self._nextFrameT from 0.12 to 0.16
10.5910 	WARNING 	1.0859515000047395: Video catchup needed, advancing self._nextFrameT from 0.16 to 0.2
10.5910 	WARNING 	1.0859832999994978: Video catchup needed, advancing self._nextFrameT from 0.2 to 0.24000000000000002
10.5910 	WARNING 	1.0860157999995863: Video catchup needed, advancing self._nextFrameT from 0.24000000000000002 to 0.28
10.5911 	WARNING 	1.0860549000062747: Video catchup needed, advancing self._nextFrameT from 0.28 to 0.32
10.5911 	WARNING 	1.0860883999994257: Video catchup needed, advancing self._nextFrameT from 0.32 to 0.36
10.5911 	WARNING 	1.0861197000049287: Video catchup needed, advancing self._nextFrameT from 0.36 to 0.39999999999999997
10.5913 	WARNING 	Max reportNDroppedFrames reached, will not log any more dropped frames
10.8571 	EXP 	window1: mouseVisible = True
10.8659 	EXP 	Created image_2 = ImageStim(__class__=<class 'psychopy.visual.image.ImageStim'>, anchor=('center', 'center'), autoLog=True, color=array([1., 1., 1.]), colorSpace='rgb', contrast=1.0, depth=-1.0, draggable=False, flipHoriz=False, flipVert=False, image='default.png', interpolate=True, mask=None, maskParams=None, name='image_2', opacity=1.0, ori=0.0, pos=array([0., 0.]), size=array([0.35, 0.35]), texRes=128.0, units='height', win=Window(...))
10.8662 	EXP 	Created unnamed MovieStim3 = MovieStim3(__class__=<class 'psychopy.visual.movie3.MovieStim3'>, anchor=('center', 'center'), autoLog=True, color=UNKNOWN, colorSpace=UNKNOWN, depth=0.0, filename='imgs/song_titanic.mp4', flipHoriz=False, flipVert=False, fps=UNKNOWN, interpolate=True, loop=False, name='unnamed MovieStim3', noAudio=False, opacity=1, ori=method-wrapper(...), pos=array([0., 0.]), size=None, units='pix', vframe_callback=UNKNOWN, volume=UNKNOWN, win=Window(...))
11.7457 	WARNING 	0.879444499994861: Video catchup needed, advancing self._nextFrameT from 0.0 to 0.041666666666666664
11.7457 	WARNING 	0.8794799999886891: Video catchup needed, advancing self._nextFrameT from 0.041666666666666664 to 0.08333333333333333
11.7457 	WARNING 	0.8794921999942744: Video catchup needed, advancing self._nextFrameT from 0.08333333333333333 to 0.125
11.7457 	WARNING 	0.8795026000007056: Video catchup needed, advancing self._nextFrameT from 0.125 to 0.16666666666666666
11.7457 	WARNING 	0.8795124999887776: Video catchup needed, advancing self._nextFrameT from 0.16666666666666666 to 0.20833333333333331
11.7457 	WARNING 	0.87952229999064: Video catchup needed, advancing self._nextFrameT from 0.20833333333333331 to 0.24999999999999997
11.7457 	WARNING 	0.8795321999932639: Video catchup needed, advancing self._nextFrameT from 0.24999999999999997 to 0.29166666666666663
11.7458 	WARNING 	0.8795415999920806: Video catchup needed, advancing self._nextFrameT from 0.29166666666666663 to 0.3333333333333333
11.7458 	WARNING 	0.8795509999908973: Video catchup needed, advancing self._nextFrameT from 0.3333333333333333 to 0.375
11.7458 	WARNING 	0.8795611999958055: Video catchup needed, advancing self._nextFrameT from 0.375 to 0.4166666666666667
11.7458 	WARNING 	Max reportNDroppedFrames reached, will not log any more dropped frames
11.9105 	EXP 	window1: mouseVisible = True
