6.9485 	WARNING 	User requested fullscreen with size [1024  768], but screen is actually [1920, 1080]. Using actual size
7.6786 	EXP 	Created window1 = Window(allowGUI=True, allowStencil=False, autoLog=True, backendConf=UNKNOWN, backgroundFit=<method-wrapper '__getattribute__' of attributeSetter object at 0x0000024DAE902130>, backgroundImage=<method-wrapper '__getattribute__' of attributeSetter object at 0x0000024DAE9020D0>, bitsMode=UNKNOWN, blendMode='avg', bpc=(8, 8, 8), color=array([0, 0, 0]), colorSpace='rgb', depthBits=8, fullscr=<method-wrapper '__getattribute__' of attributeSetter object at 0x0000024DAE8F1F70>, gamma=None, gammaErrorPolicy='raise', lms=UNKNOWN, monitor=<psychopy.monitors.calibTools.Monitor object at 0x0000024DAEDC00D0>, multiSample=False, name='window1', numSamples=2, pos=(0, 0), screen=0, size=array([1920, 1080]), stencilBits=0, stereo=False, title='PsychoPy', units='height', useFBO=True, useRetina=False, viewOri=0.0, viewPos=None, viewScale=None, waitBlanking=True, winType='pyglet')
7.6787 	EXP 	window1: mouseVisible = True
7.6787 	EXP 	window1: backgroundImage = ''
7.6787 	EXP 	window1: backgroundFit = 'none'
7.6808 	EXP 	window1: Attempting to measure frame rate of screen (0) ...
7.6808 	EXP 	window1: recordFrameIntervals = False
7.8442 	EXP 	window1: recordFrameIntervals = True
8.0274 	EXP 	Screen (0) actual frame rate measured at 60.17Hz
8.0275 	EXP 	window1: recordFrameIntervals = False
8.0276 	EXP 	window1: mouseVisible = False
9.9174 	EXP 	tarea_iceberg: status = STARTED
9.9178 	EXP 	window1: mouseVisible = True
9.9943 	EXP 	Created image_5 = ImageStim(__class__=<class 'psychopy.visual.image.ImageStim'>, anchor=('center', 'center'), autoLog=True, color=array([1., 1., 1.]), colorSpace='rgb', contrast=1.0, depth=0.0, draggable=False, flipHoriz=False, flipVert=False, image='imgs/logo_OB.jpeg', interpolate=True, mask=None, maskParams=None, name='image_5', opacity=1.0, ori=0.0, pos=array([0., 0.]), size=array([0.5, 0.5]), texRes=128.0, units='height', win=Window(...))
9.9946 	EXP 	window1: mouseVisible = True
10.0527 	EXP 	Created text_6 = TextStim(__class__=<class 'psychopy.visual.text.TextStim'>, alignHoriz=method-wrapper(...), alignText='center', alignVert=method-wrapper(...), anchorHoriz='center', anchorVert='center', antialias=True, autoDraw=False, autoLog=True, bold=False, color=array([1., 1., 1.]), colorSpace='rgb', contrast=1.0, depth=-1.0, draggable=False, flipHoriz=False, flipVert=False, font='Open Sans', fontFiles=[], height=0.04, italic=False, languageStyle='LTR', name='text_6', opacity=1.0, ori=0.0, pos=array([ 0. , -0.3]), rgb=UNKNOWN, text='¡Bienvenido a un experimento de Open Brains!', units='height', win=Window(...), wrapWidth=1)
10.0528 	EXP 	window1: mouseVisible = True
10.0785 	EXP 	Created text_5 = TextStim(__class__=<class 'psychopy.visual.text.TextStim'>, alignHoriz=method-wrapper(...), alignText='center', alignVert=method-wrapper(...), anchorHoriz='center', anchorVert='center', antialias=True, autoDraw=False, autoLog=True, bold=False, color=array([1., 1., 1.]), colorSpace='rgb', contrast=1.0, depth=0.0, draggable=False, flipHoriz=False, flipVert=False, font='Open Sans', fontFiles=[], height=0.03, italic=False, languageStyle='LTR', name='text_5', opacity=1.0, ori=0.0, pos=array([0., 0.]), rgb=UNKNOWN, text=str(...), units='height', win=Window(...), wrapWidth=1)
10.0786 	EXP 	window1: mouseVisible = True
10.0911 	EXP 	Created image = ImageStim(__class__=<class 'psychopy.visual.image.ImageStim'>, anchor=('center', 'center'), autoLog=True, color=array([1., 1., 1.]), colorSpace='rgb', contrast=1.0, depth=0.0, draggable=False, flipHoriz=False, flipVert=False, image='default.png', interpolate=True, mask=None, maskParams=None, name='image', opacity=1.0, ori=0.0, pos=array([0., 0.]), size=array([0.35, 0.35]), texRes=128.0, units='height', win=Window(...))
10.2035 	EXP 	Created unnamed MovieStim3 = MovieStim3(__class__=<class 'psychopy.visual.movie3.MovieStim3'>, anchor=('center', 'center'), autoLog=True, color=UNKNOWN, colorSpace=UNKNOWN, depth=0.0, filename='imgs/video_mar.mp4', flipHoriz=False, flipVert=False, fps=UNKNOWN, interpolate=True, loop=True, name='unnamed MovieStim3', noAudio=False, opacity=1, ori=method-wrapper(...), pos=array([0., 0.]), size=None, units='pix', vframe_callback=UNKNOWN, volume=UNKNOWN, win=Window(...))
10.7339 	WARNING 	0.5304027999954997: Video catchup needed, advancing self._nextFrameT from 0.0 to 0.04
10.7340 	WARNING 	0.5304380000015954: Video catchup needed, advancing self._nextFrameT from 0.04 to 0.08
10.7340 	WARNING 	0.5304470999981277: Video catchup needed, advancing self._nextFrameT from 0.08 to 0.12
10.7340 	WARNING 	0.5304550000000745: Video catchup needed, advancing self._nextFrameT from 0.12 to 0.16
10.7340 	WARNING 	0.530462599999737: Video catchup needed, advancing self._nextFrameT from 0.16 to 0.2
10.7340 	WARNING 	0.5304707000032067: Video catchup needed, advancing self._nextFrameT from 0.2 to 0.24000000000000002
10.7340 	WARNING 	0.5304784000036307: Video catchup needed, advancing self._nextFrameT from 0.24000000000000002 to 0.28
10.7340 	WARNING 	0.5304863000055775: Video catchup needed, advancing self._nextFrameT from 0.28 to 0.32
10.7340 	WARNING 	0.5304935000021942: Video catchup needed, advancing self._nextFrameT from 0.32 to 0.36
10.7340 	WARNING 	0.5305005999980494: Video catchup needed, advancing self._nextFrameT from 0.36 to 0.39999999999999997
10.7340 	WARNING 	Max reportNDroppedFrames reached, will not log any more dropped frames
10.8602 	EXP 	window1: mouseVisible = True
10.8723 	EXP 	Created text = TextStim(__class__=<class 'psychopy.visual.text.TextStim'>, alignHoriz=method-wrapper(...), alignText='center', alignVert=method-wrapper(...), anchorHoriz='center', anchorVert='center', antialias=True, autoDraw=False, autoLog=True, bold=False, color=array([1., 1., 1.]), colorSpace='rgb', contrast=1.0, depth=0.0, draggable=False, flipHoriz=False, flipVert=False, font='Open Sans', fontFiles=[], height=0.05, italic=False, languageStyle='LTR', name='text', opacity=1.0, ori=0.0, pos=array([0., 0.]), rgb=UNKNOWN, text='¡Empezamos la segunda ronda!', units='height', win=Window(...), wrapWidth=1)
10.8724 	EXP 	window1: mouseVisible = True
10.8802 	EXP 	Created image_2 = ImageStim(__class__=<class 'psychopy.visual.image.ImageStim'>, anchor=('center', 'center'), autoLog=True, color=array([1., 1., 1.]), colorSpace='rgb', contrast=1.0, depth=0.0, draggable=False, flipHoriz=False, flipVert=False, image='default.png', interpolate=True, mask=None, maskParams=None, name='image_2', opacity=1.0, ori=0.0, pos=array([0., 0.]), size=array([0.35, 0.35]), texRes=128.0, units='height', win=Window(...))
10.8804 	EXP 	Created unnamed MovieStim3 = MovieStim3(__class__=<class 'psychopy.visual.movie3.MovieStim3'>, anchor=('center', 'center'), autoLog=True, color=UNKNOWN, colorSpace=UNKNOWN, depth=0.0, filename='imgs/song_titanic.mp4', flipHoriz=False, flipVert=False, fps=UNKNOWN, interpolate=True, loop=False, name='unnamed MovieStim3', noAudio=False, opacity=1, ori=method-wrapper(...), pos=array([0., 0.]), size=None, units='pix', vframe_callback=UNKNOWN, volume=UNKNOWN, win=Window(...))
11.6766 	WARNING 	0.7961599999980535: Video catchup needed, advancing self._nextFrameT from 0.0 to 0.041666666666666664
11.6767 	WARNING 	0.7961922000104096: Video catchup needed, advancing self._nextFrameT from 0.041666666666666664 to 0.08333333333333333
11.6767 	WARNING 	0.7962048000044888: Video catchup needed, advancing self._nextFrameT from 0.08333333333333333 to 0.125
11.6767 	WARNING 	0.7962153999978909: Video catchup needed, advancing self._nextFrameT from 0.125 to 0.16666666666666666
11.6767 	WARNING 	0.7962257000035606: Video catchup needed, advancing self._nextFrameT from 0.16666666666666666 to 0.20833333333333331
11.6767 	WARNING 	0.7962356000061845: Video catchup needed, advancing self._nextFrameT from 0.20833333333333331 to 0.24999999999999997
11.6767 	WARNING 	0.7962540000007721: Video catchup needed, advancing self._nextFrameT from 0.24999999999999997 to 0.29166666666666663
11.6767 	WARNING 	0.7962636000011116: Video catchup needed, advancing self._nextFrameT from 0.29166666666666663 to 0.3333333333333333
11.6767 	WARNING 	0.7962728999991668: Video catchup needed, advancing self._nextFrameT from 0.3333333333333333 to 0.375
11.6767 	WARNING 	0.7962822999979835: Video catchup needed, advancing self._nextFrameT from 0.375 to 0.4166666666666667
11.6767 	WARNING 	Max reportNDroppedFrames reached, will not log any more dropped frames
11.6933 	EXP 	window1: mouseVisible = True
11.6976 	EXP 	Created text_2 = TextStim(__class__=<class 'psychopy.visual.text.TextStim'>, alignHoriz=method-wrapper(...), alignText='center', alignVert=method-wrapper(...), anchorHoriz='center', anchorVert='center', antialias=True, autoDraw=False, autoLog=True, bold=False, color=array([1., 1., 1.]), colorSpace='rgb', contrast=1.0, depth=0.0, draggable=False, flipHoriz=False, flipVert=False, font='Open Sans', fontFiles=[], height=0.05, italic=False, languageStyle='LTR', name='text_2', opacity=1.0, ori=0.0, pos=array([0., 0.]), rgb=UNKNOWN, text='¡empezamos la tercera ronda!', units='height', win=Window(...), wrapWidth=1)
11.6978 	EXP 	Created unnamed MovieStim3 = MovieStim3(__class__=<class 'psychopy.visual.movie3.MovieStim3'>, anchor=('center', 'center'), autoLog=True, color=UNKNOWN, colorSpace=UNKNOWN, depth=0.0, filename='imgs/titanic_spanish.mp4', flipHoriz=False, flipVert=False, fps=UNKNOWN, interpolate=True, loop=False, name='unnamed MovieStim3', noAudio=False, opacity=1, ori=method-wrapper(...), pos=array([0., 0.]), size=None, units='pix', vframe_callback=UNKNOWN, volume=UNKNOWN, win=Window(...))
11.8565 	EXP 	window1: mouseVisible = True
