17.3512 	WARNING 	User requested fullscreen with size [1536  864], but screen is actually [1920, 1080]. Using actual size
18.4624 	EXP 	Created window1 = Window(allowGUI=True, allowStencil=False, autoLog=True, backendConf=UNKNOWN, backgroundFit=<method-wrapper '__getattribute__' of attributeSetter object at 0x000001767902EBE0>, backgroundImage=<method-wrapper '__getattribute__' of attributeSetter object at 0x000001767902EB80>, bitsMode=UNKNOWN, blendMode='avg', bpc=(8, 8, 8), color=array([0, 0, 0]), colorSpace='rgb', depthBits=8, fullscr=<method-wrapper '__getattribute__' of attributeSetter object at 0x000001767902E9A0>, gamma=None, gammaErrorPolicy='raise', lms=UNKNOWN, monitor=<psychopy.monitors.calibTools.Monitor object at 0x00000176793BE130>, multiSample=False, name='window1', numSamples=2, pos=(1920, 789), screen=0, size=array([1920, 1080]), stencilBits=0, stereo=False, title='PsychoPy', units='height', useFBO=True, useRetina=False, viewOri=0.0, viewPos=None, viewScale=None, waitBlanking=True, winType='pyglet')
18.4632 	EXP 	window1: mouseVisible = True
18.4632 	EXP 	window1: backgroundImage = ''
18.4632 	EXP 	window1: backgroundFit = 'none'
18.4644 	EXP 	window1: Attempting to measure frame rate of screen (0) ...
18.4644 	EXP 	window1: recordFrameIntervals = False
18.6276 	EXP 	window1: recordFrameIntervals = True
18.8122 	EXP 	Screen (0) actual frame rate measured at 59.60Hz
18.8123 	EXP 	window1: recordFrameIntervals = False
18.8124 	EXP 	window1: mouseVisible = False
22.8044 	EXP 	tarea_iceberg: status = STARTED
22.8047 	EXP 	window1: mouseVisible = True
22.8061 	WARNING 	Requested image 'imgs/logo_OB.jpeg' not found but similar filename 'imgs/logo_OB.png' exists. This will be used instead but changing the filename is advised.
22.8206 	WARNING 	Requested image 'imgs/logo_OB.jpeg' not found but similar filename 'imgs/logo_OB.png' exists. This will be used instead but changing the filename is advised.
22.8253 	WARNING 	Requested image 'imgs/logo_OB.jpeg' not found but similar filename 'imgs/logo_OB.png' exists. This will be used instead but changing the filename is advised.
22.8294 	WARNING 	Requested image 'imgs/logo_OB.jpeg' not found but similar filename 'imgs/logo_OB.png' exists. This will be used instead but changing the filename is advised.
22.8379 	EXP 	Created image_5 = ImageStim(__class__=<class 'psychopy.visual.image.ImageStim'>, anchor=('center', 'center'), autoLog=True, color=array([1., 1., 1.]), colorSpace='rgb', contrast=1.0, depth=0.0, draggable=False, flipHoriz=False, flipVert=False, image='imgs/logo_OB.jpeg', interpolate=True, mask=None, maskParams=None, name='image_5', opacity=1.0, ori=0.0, pos=array([0., 0.]), size=array([0.6, 0.7]), texRes=128.0, units='height', win=Window(...))
22.8384 	EXP 	window1: mouseVisible = True
23.6409 	EXP 	Created text_6 = TextStim(__class__=<class 'psychopy.visual.text.TextStim'>, alignHoriz=method-wrapper(...), alignText='center', alignVert=method-wrapper(...), anchorHoriz='center', anchorVert='center', antialias=True, autoDraw=False, autoLog=True, bold=False, color=array([1., 1., 1.]), colorSpace='rgb', contrast=1.0, depth=-1.0, draggable=False, flipHoriz=False, flipVert=False, font='Open Sans', fontFiles=[], height=0.04, italic=False, languageStyle='LTR', name='text_6', opacity=1.0, ori=0.0, pos=array([ 0.  , -0.35]), rgb=UNKNOWN, text='¡Bienvenido a un experimento de Open Brains!', units='height', win=Window(...), wrapWidth=1)
23.6411 	EXP 	window1: mouseVisible = True
23.7319 	EXP 	Created text_5 = TextStim(__class__=<class 'psychopy.visual.text.TextStim'>, alignHoriz=method-wrapper(...), alignText='center', alignVert=method-wrapper(...), anchorHoriz='center', anchorVert='center', antialias=True, autoDraw=False, autoLog=True, bold=False, color=array([1., 1., 1.]), colorSpace='rgb', contrast=1.0, depth=0.0, draggable=False, flipHoriz=False, flipVert=False, font='Open Sans', fontFiles=[], height=0.035, italic=False, languageStyle='LTR', name='text_5', opacity=1.0, ori=0.0, pos=array([0., 0.]), rgb=UNKNOWN, text=str(...), units='height', win=Window(...), wrapWidth=1)
23.7321 	EXP 	window1: mouseVisible = True
23.7335 	EXP 	Created text_7 = TextStim(__class__=<class 'psychopy.visual.text.TextStim'>, alignHoriz=method-wrapper(...), alignText='center', alignVert=method-wrapper(...), anchorHoriz='center', anchorVert='center', antialias=True, autoDraw=False, autoLog=True, bold=False, color=array([1., 1., 1.]), colorSpace='rgb', contrast=1.0, depth=0.0, draggable=False, flipHoriz=False, flipVert=False, font='Open Sans', fontFiles=[], height=0.05, italic=False, languageStyle='LTR', name='text_7', opacity=1.0, ori=0.0, pos=array([0., 0.]), rgb=UNKNOWN, text='', units='height', win=Window(...), wrapWidth=1)
23.7337 	EXP 	window1: mouseVisible = True
23.7475 	EXP 	Created image = ImageStim(__class__=<class 'psychopy.visual.image.ImageStim'>, anchor=('center', 'center'), autoLog=True, color=array([1., 1., 1.]), colorSpace='rgb', contrast=1.0, depth=-1.0, draggable=False, flipHoriz=False, flipVert=False, image='default.png', interpolate=True, mask=None, maskParams=None, name='image', opacity=1.0, ori=0.0, pos=array([0., 0.]), size=array([0.3, 0.3]), texRes=128.0, units='height', win=Window(...))
24.2508 	EXP 	Created unnamed MovieStim3 = MovieStim3(__class__=<class 'psychopy.visual.movie3.MovieStim3'>, anchor=('center', 'center'), autoLog=True, color=UNKNOWN, colorSpace=UNKNOWN, depth=0.0, filename='imgs/video_mar_luis.mp4', flipHoriz=False, flipVert=False, fps=UNKNOWN, interpolate=True, loop=True, name='unnamed MovieStim3', noAudio=False, opacity=1, ori=method-wrapper(...), pos=array([0., 0.]), size=None, units='pix', vframe_callback=UNKNOWN, volume=UNKNOWN, win=Window(...))
26.0453 	WARNING 	1.7943875000346452: Video catchup needed, advancing self._nextFrameT from 0.0 to 0.03333333333333333
26.0453 	WARNING 	1.7944437998812646: Video catchup needed, advancing self._nextFrameT from 0.03333333333333333 to 0.06666666666666667
26.0453 	WARNING 	1.794457099866122: Video catchup needed, advancing self._nextFrameT from 0.06666666666666667 to 0.1
26.0453 	WARNING 	1.7944674000609666: Video catchup needed, advancing self._nextFrameT from 0.1 to 0.13333333333333333
26.0453 	WARNING 	1.7944761998951435: Video catchup needed, advancing self._nextFrameT from 0.13333333333333333 to 0.16666666666666666
26.0453 	WARNING 	1.7944856998510659: Video catchup needed, advancing self._nextFrameT from 0.16666666666666666 to 0.19999999999999998
26.0454 	WARNING 	1.7944952000398189: Video catchup needed, advancing self._nextFrameT from 0.19999999999999998 to 0.2333333333333333
26.0454 	WARNING 	1.7945041998755187: Video catchup needed, advancing self._nextFrameT from 0.2333333333333333 to 0.26666666666666666
26.0454 	WARNING 	1.7945264999289066: Video catchup needed, advancing self._nextFrameT from 0.26666666666666666 to 0.3
26.0454 	WARNING 	1.7945389999076724: Video catchup needed, advancing self._nextFrameT from 0.3 to 0.3333333333333333
26.0454 	WARNING 	Max reportNDroppedFrames reached, will not log any more dropped frames
26.7144 	EXP 	window1: mouseVisible = True
26.7311 	EXP 	Created image_2 = ImageStim(__class__=<class 'psychopy.visual.image.ImageStim'>, anchor=('center', 'center'), autoLog=True, color=array([1., 1., 1.]), colorSpace='rgb', contrast=1.0, depth=-1.0, draggable=False, flipHoriz=False, flipVert=False, image='default.png', interpolate=True, mask=None, maskParams=None, name='image_2', opacity=1.0, ori=0.0, pos=array([0., 0.]), size=array([0.3, 0.3]), texRes=128.0, units='height', win=Window(...))
26.7315 	EXP 	Created unnamed MovieStim3 = MovieStim3(__class__=<class 'psychopy.visual.movie3.MovieStim3'>, anchor=('center', 'center'), autoLog=True, color=UNKNOWN, colorSpace=UNKNOWN, depth=0.0, filename='imgs/song_titanic.mp4', flipHoriz=False, flipVert=False, fps=UNKNOWN, interpolate=True, loop=False, name='unnamed MovieStim3', noAudio=False, opacity=1, ori=method-wrapper(...), pos=array([0., 0.]), size=None, units='pix', vframe_callback=UNKNOWN, volume=UNKNOWN, win=Window(...))
28.1275 	WARNING 	1.395928000099957: Video catchup needed, advancing self._nextFrameT from 0.0 to 0.041666666666666664
28.1275 	WARNING 	1.3959772000089288: Video catchup needed, advancing self._nextFrameT from 0.041666666666666664 to 0.08333333333333333
28.1275 	WARNING 	1.3959958001505584: Video catchup needed, advancing self._nextFrameT from 0.08333333333333333 to 0.125
28.1275 	WARNING 	1.3960122000426054: Video catchup needed, advancing self._nextFrameT from 0.125 to 0.16666666666666666
28.1275 	WARNING 	1.3960270001553: Video catchup needed, advancing self._nextFrameT from 0.16666666666666666 to 0.20833333333333331
28.1276 	WARNING 	1.3960420000366867: Video catchup needed, advancing self._nextFrameT from 0.20833333333333331 to 0.24999999999999997
28.1276 	WARNING 	1.396057300036773: Video catchup needed, advancing self._nextFrameT from 0.24999999999999997 to 0.29166666666666663
28.1276 	WARNING 	1.3960913000628352: Video catchup needed, advancing self._nextFrameT from 0.29166666666666663 to 0.3333333333333333
28.1276 	WARNING 	1.3961054000537843: Video catchup needed, advancing self._nextFrameT from 0.3333333333333333 to 0.375
28.1276 	WARNING 	1.3961195000447333: Video catchup needed, advancing self._nextFrameT from 0.375 to 0.4166666666666667
28.1276 	WARNING 	Max reportNDroppedFrames reached, will not log any more dropped frames
28.1688 	EXP 	Created unnamed MovieStim3 = MovieStim3(__class__=<class 'psychopy.visual.movie3.MovieStim3'>, anchor=('center', 'center'), autoLog=True, color=UNKNOWN, colorSpace=UNKNOWN, depth=0.0, filename='imgs/titanic_spanish.mp4', flipHoriz=False, flipVert=False, fps=UNKNOWN, interpolate=True, loop=False, name='unnamed MovieStim3', noAudio=False, opacity=1, ori=method-wrapper(...), pos=array([0., 0.]), size=None, units='pix', vframe_callback=UNKNOWN, volume=UNKNOWN, win=Window(...))
30.2362 	WARNING 	2.0673179998993874: Video catchup needed, advancing self._nextFrameT from 0.0 to 0.04
30.2362 	WARNING 	2.067377399886027: Video catchup needed, advancing self._nextFrameT from 0.04 to 0.08
30.2363 	WARNING 	2.067407599883154: Video catchup needed, advancing self._nextFrameT from 0.08 to 0.12
30.2363 	WARNING 	2.0674309998285025: Video catchup needed, advancing self._nextFrameT from 0.12 to 0.16
30.2363 	WARNING 	2.067456099903211: Video catchup needed, advancing self._nextFrameT from 0.16 to 0.2
30.2363 	WARNING 	2.0674754998181015: Video catchup needed, advancing self._nextFrameT from 0.2 to 0.24000000000000002
30.2364 	WARNING 	2.067499900003895: Video catchup needed, advancing self._nextFrameT from 0.24000000000000002 to 0.28
30.2364 	WARNING 	2.0675203998107463: Video catchup needed, advancing self._nextFrameT from 0.28 to 0.32
30.2364 	WARNING 	2.067539299838245: Video catchup needed, advancing self._nextFrameT from 0.32 to 0.36
30.2364 	WARNING 	2.067559399874881: Video catchup needed, advancing self._nextFrameT from 0.36 to 0.39999999999999997
30.2364 	WARNING 	Max reportNDroppedFrames reached, will not log any more dropped frames
30.3052 	EXP 	window1: mouseVisible = True
30.3217 	EXP 	Created image_3 = ImageStim(__class__=<class 'psychopy.visual.image.ImageStim'>, anchor=('center', 'center'), autoLog=True, color=array([1., 1., 1.]), colorSpace='rgb', contrast=1.0, depth=-3.0, draggable=False, flipHoriz=False, flipVert=False, image='default.png', interpolate=True, mask=None, maskParams=None, name='image_3', opacity=1.0, ori=0.0, pos=array([0., 0.]), size=array([0.3, 0.3]), texRes=128.0, units='height', win=Window(...))
30.3221 	EXP 	Created unnamed MovieStim3 = MovieStim3(__class__=<class 'psychopy.visual.movie3.MovieStim3'>, anchor=('center', 'center'), autoLog=True, color=UNKNOWN, colorSpace=UNKNOWN, depth=0.0, filename='imgs/titanic_spanish.mp4', flipHoriz=False, flipVert=False, fps=UNKNOWN, interpolate=True, loop=False, name='unnamed MovieStim3', noAudio=False, opacity=1, ori=method-wrapper(...), pos=array([0., 0.]), size=None, units='pix', vframe_callback=UNKNOWN, volume=UNKNOWN, win=Window(...))
32.3887 	WARNING 	2.0665521000046283: Video catchup needed, advancing self._nextFrameT from 0.0 to 0.04
32.3887 	WARNING 	2.0666044000536203: Video catchup needed, advancing self._nextFrameT from 0.04 to 0.08
32.3887 	WARNING 	2.0666221999563277: Video catchup needed, advancing self._nextFrameT from 0.08 to 0.12
32.3888 	WARNING 	2.066637499956414: Video catchup needed, advancing self._nextFrameT from 0.12 to 0.16
32.3888 	WARNING 	2.0666527999565005: Video catchup needed, advancing self._nextFrameT from 0.16 to 0.2
32.3888 	WARNING 	2.0666672000661492: Video catchup needed, advancing self._nextFrameT from 0.2 to 0.24000000000000002
32.3888 	WARNING 	2.066686199977994: Video catchup needed, advancing self._nextFrameT from 0.24000000000000002 to 0.28
32.3888 	WARNING 	2.0667008999735117: Video catchup needed, advancing self._nextFrameT from 0.28 to 0.32
32.3888 	WARNING 	2.0667149999644607: Video catchup needed, advancing self._nextFrameT from 0.32 to 0.36
32.3888 	WARNING 	2.0667298000771552: Video catchup needed, advancing self._nextFrameT from 0.36 to 0.39999999999999997
32.3888 	WARNING 	Max reportNDroppedFrames reached, will not log any more dropped frames
32.4597 	EXP 	Created unnamed MovieStim3 = MovieStim3(__class__=<class 'psychopy.visual.movie3.MovieStim3'>, anchor=('center', 'center'), autoLog=True, color=UNKNOWN, colorSpace=UNKNOWN, depth=0.0, filename='imgs/titanic.mp4', flipHoriz=False, flipVert=False, fps=UNKNOWN, interpolate=True, loop=False, name='unnamed MovieStim3', noAudio=False, opacity=1, ori=method-wrapper(...), pos=array([   0., -350.]), size=None, units='pix', vframe_callback=UNKNOWN, volume=UNKNOWN, win=Window(...))
34.4384 	WARNING 	1.9785823998972774: Video catchup needed, advancing self._nextFrameT from 0.0 to 0.03336666666666667
34.4384 	WARNING 	1.978629200020805: Video catchup needed, advancing self._nextFrameT from 0.03336666666666667 to 0.06673333333333334
34.4384 	WARNING 	1.9786501999478787: Video catchup needed, advancing self._nextFrameT from 0.06673333333333334 to 0.10010000000000001
34.4384 	WARNING 	1.9786682999692857: Video catchup needed, advancing self._nextFrameT from 0.10010000000000001 to 0.13346666666666668
34.4384 	WARNING 	1.9786844998598099: Video catchup needed, advancing self._nextFrameT from 0.13346666666666668 to 0.16683333333333333
34.4385 	WARNING 	1.978700199862942: Video catchup needed, advancing self._nextFrameT from 0.16683333333333333 to 0.2002
34.4385 	WARNING 	1.9787158998660743: Video catchup needed, advancing self._nextFrameT from 0.2002 to 0.23356666666666664
34.4385 	WARNING 	1.9787317998707294: Video catchup needed, advancing self._nextFrameT from 0.23356666666666664 to 0.2669333333333333
34.4385 	WARNING 	1.9787472998723388: Video catchup needed, advancing self._nextFrameT from 0.2669333333333333 to 0.30029999999999996
34.4385 	WARNING 	1.9787637998815626: Video catchup needed, advancing self._nextFrameT from 0.30029999999999996 to 0.3336666666666666
34.4385 	WARNING 	Max reportNDroppedFrames reached, will not log any more dropped frames
34.5133 	EXP 	window1: mouseVisible = True
34.5282 	EXP 	Created image_4 = ImageStim(__class__=<class 'psychopy.visual.image.ImageStim'>, anchor=('center', 'center'), autoLog=True, color=array([1., 1., 1.]), colorSpace='rgb', contrast=1.0, depth=-4.0, draggable=False, flipHoriz=False, flipVert=False, image='default.png', interpolate=True, mask=None, maskParams=None, name='image_4', opacity=1.0, ori=0.0, pos=array([0., 0.]), size=array([0.3, 0.3]), texRes=128.0, units='height', win=Window(...))
34.5284 	EXP 	window1: mouseVisible = True
34.5296 	EXP 	Created text_8 = TextStim(__class__=<class 'psychopy.visual.text.TextStim'>, alignHoriz=method-wrapper(...), alignText='center', alignVert=method-wrapper(...), anchorHoriz='center', anchorVert='center', antialias=True, autoDraw=False, autoLog=True, bold=False, color=array([1., 1., 1.]), colorSpace='rgb', contrast=1.0, depth=0.0, draggable=False, flipHoriz=False, flipVert=False, font='Open Sans', fontFiles=[], height=0.05, italic=False, languageStyle='LTR', name='text_8', opacity=1.0, ori=0.0, pos=array([0., 0.]), rgb=UNKNOWN, text='', units='height', win=Window(...), wrapWidth=1)
34.5297 	EXP 	window1: mouseVisible = True
34.5449 	EXP 	Created image_6 = ImageStim(__class__=<class 'psychopy.visual.image.ImageStim'>, anchor=('center', 'center'), autoLog=True, color=array([1., 1., 1.]), colorSpace='rgb', contrast=1.0, depth=-1.0, draggable=False, flipHoriz=False, flipVert=False, image='default.png', interpolate=True, mask=None, maskParams=None, name='image_6', opacity=1.0, ori=0.0, pos=array([0., 0.]), size=array([0.3, 0.3]), texRes=128.0, units='height', win=Window(...))
34.5452 	EXP 	Created unnamed MovieStim3 = MovieStim3(__class__=<class 'psychopy.visual.movie3.MovieStim3'>, anchor=('center', 'center'), autoLog=True, color=UNKNOWN, colorSpace=UNKNOWN, depth=0.0, filename='imgs/video_mar_luis.mp4', flipHoriz=False, flipVert=False, fps=UNKNOWN, interpolate=True, loop=True, name='unnamed MovieStim3', noAudio=False, opacity=1, ori=method-wrapper(...), pos=array([0., 0.]), size=None, units='pix', vframe_callback=UNKNOWN, volume=UNKNOWN, win=Window(...))
35.5320 	WARNING 	0.9867183999158442: Video catchup needed, advancing self._nextFrameT from 0.0 to 0.03333333333333333
35.5320 	WARNING 	0.9867684999480844: Video catchup needed, advancing self._nextFrameT from 0.03333333333333333 to 0.06666666666666667
35.5320 	WARNING 	0.9867886998690665: Video catchup needed, advancing self._nextFrameT from 0.06666666666666667 to 0.1
35.5321 	WARNING 	0.9868052999954671: Video catchup needed, advancing self._nextFrameT from 0.1 to 0.13333333333333333
35.5321 	WARNING 	0.9868214000016451: Video catchup needed, advancing self._nextFrameT from 0.13333333333333333 to 0.16666666666666666
35.5321 	WARNING 	0.9868375000078231: Video catchup needed, advancing self._nextFrameT from 0.16666666666666666 to 0.19999999999999998
35.5321 	WARNING 	0.9868528998922557: Video catchup needed, advancing self._nextFrameT from 0.19999999999999998 to 0.2333333333333333
35.5321 	WARNING 	0.9868685000110418: Video catchup needed, advancing self._nextFrameT from 0.2333333333333333 to 0.26666666666666666
35.5321 	WARNING 	0.9868838998954743: Video catchup needed, advancing self._nextFrameT from 0.26666666666666666 to 0.3
35.5322 	WARNING 	0.9868995998986065: Video catchup needed, advancing self._nextFrameT from 0.3 to 0.3333333333333333
35.5322 	WARNING 	Max reportNDroppedFrames reached, will not log any more dropped frames
36.0143 	EXP 	window1: mouseVisible = True
36.0415 	EXP 	Created image_7 = ImageStim(__class__=<class 'psychopy.visual.image.ImageStim'>, anchor=('center', 'center'), autoLog=True, color=array([1., 1., 1.]), colorSpace='rgb', contrast=1.0, depth=-1.0, draggable=False, flipHoriz=False, flipVert=False, image='default.png', interpolate=True, mask=None, maskParams=None, name='image_7', opacity=1.0, ori=0.0, pos=array([0., 0.]), size=array([0.3, 0.3]), texRes=128.0, units='height', win=Window(...))
36.0419 	EXP 	Created unnamed MovieStim3 = MovieStim3(__class__=<class 'psychopy.visual.movie3.MovieStim3'>, anchor=('center', 'center'), autoLog=True, color=UNKNOWN, colorSpace=UNKNOWN, depth=0.0, filename='imgs/song_titanic.mp4', flipHoriz=False, flipVert=False, fps=UNKNOWN, interpolate=True, loop=False, name='unnamed MovieStim3', noAudio=False, opacity=1, ori=method-wrapper(...), pos=array([0., 0.]), size=None, units='pix', vframe_callback=UNKNOWN, volume=UNKNOWN, win=Window(...))
37.5411 	WARNING 	1.4990870000328869: Video catchup needed, advancing self._nextFrameT from 0.0 to 0.041666666666666664
37.5411 	WARNING 	1.4991339999251068: Video catchup needed, advancing self._nextFrameT from 0.041666666666666664 to 0.08333333333333333
37.5411 	WARNING 	1.4991520000621676: Video catchup needed, advancing self._nextFrameT from 0.08333333333333333 to 0.125
37.5411 	WARNING 	1.499167300062254: Video catchup needed, advancing self._nextFrameT from 0.125 to 0.16666666666666666
37.5412 	WARNING 	1.499182099942118: Video catchup needed, advancing self._nextFrameT from 0.16666666666666666 to 0.20833333333333331
37.5412 	WARNING 	1.4991969999391586: Video catchup needed, advancing self._nextFrameT from 0.20833333333333331 to 0.24999999999999997
37.5412 	WARNING 	1.4992108999285847: Video catchup needed, advancing self._nextFrameT from 0.24999999999999997 to 0.29166666666666663
37.5412 	WARNING 	1.4992247000336647: Video catchup needed, advancing self._nextFrameT from 0.29166666666666663 to 0.3333333333333333
37.5412 	WARNING 	1.4992383001372218: Video catchup needed, advancing self._nextFrameT from 0.3333333333333333 to 0.375
37.5412 	WARNING 	1.499252300010994: Video catchup needed, advancing self._nextFrameT from 0.375 to 0.4166666666666667
37.5412 	WARNING 	Max reportNDroppedFrames reached, will not log any more dropped frames
37.5777 	EXP 	Created unnamed MovieStim3 = MovieStim3(__class__=<class 'psychopy.visual.movie3.MovieStim3'>, anchor=('center', 'center'), autoLog=True, color=UNKNOWN, colorSpace=UNKNOWN, depth=0.0, filename='imgs/titanic_spanish.mp4', flipHoriz=False, flipVert=False, fps=UNKNOWN, interpolate=True, loop=False, name='unnamed MovieStim3', noAudio=False, opacity=1, ori=method-wrapper(...), pos=array([0., 0.]), size=None, units='pix', vframe_callback=UNKNOWN, volume=UNKNOWN, win=Window(...))
39.3790 	WARNING 	1.8013049999717623: Video catchup needed, advancing self._nextFrameT from 0.0 to 0.04
39.3790 	WARNING 	1.8013468000572175: Video catchup needed, advancing self._nextFrameT from 0.04 to 0.08
39.3791 	WARNING 	1.8013718998990953: Video catchup needed, advancing self._nextFrameT from 0.08 to 0.12
39.3791 	WARNING 	1.8013859998900443: Video catchup needed, advancing self._nextFrameT from 0.12 to 0.16
39.3791 	WARNING 	1.8014022000133991: Video catchup needed, advancing self._nextFrameT from 0.16 to 0.2
39.3791 	WARNING 	1.801414499990642: Video catchup needed, advancing self._nextFrameT from 0.2 to 0.24000000000000002
39.3791 	WARNING 	1.8014275999739766: Video catchup needed, advancing self._nextFrameT from 0.24000000000000002 to 0.28
39.3791 	WARNING 	1.8014404999557883: Video catchup needed, advancing self._nextFrameT from 0.28 to 0.32
39.3791 	WARNING 	1.8014533000532538: Video catchup needed, advancing self._nextFrameT from 0.32 to 0.36
39.3791 	WARNING 	1.8014656000304967: Video catchup needed, advancing self._nextFrameT from 0.36 to 0.39999999999999997
39.3792 	WARNING 	Max reportNDroppedFrames reached, will not log any more dropped frames
39.4353 	EXP 	window1: mouseVisible = True
39.4490 	EXP 	Created image_8 = ImageStim(__class__=<class 'psychopy.visual.image.ImageStim'>, anchor=('center', 'center'), autoLog=True, color=array([1., 1., 1.]), colorSpace='rgb', contrast=1.0, depth=-3.0, draggable=False, flipHoriz=False, flipVert=False, image='default.png', interpolate=True, mask=None, maskParams=None, name='image_8', opacity=1.0, ori=0.0, pos=array([0., 0.]), size=array([0.3, 0.3]), texRes=128.0, units='height', win=Window(...))
39.4493 	EXP 	Created unnamed MovieStim3 = MovieStim3(__class__=<class 'psychopy.visual.movie3.MovieStim3'>, anchor=('center', 'center'), autoLog=True, color=UNKNOWN, colorSpace=UNKNOWN, depth=0.0, filename='imgs/titanic_spanish.mp4', flipHoriz=False, flipVert=False, fps=UNKNOWN, interpolate=True, loop=False, name='unnamed MovieStim3', noAudio=False, opacity=1, ori=method-wrapper(...), pos=array([0., 0.]), size=None, units='pix', vframe_callback=UNKNOWN, volume=UNKNOWN, win=Window(...))
41.1558 	WARNING 	1.7063896001782268: Video catchup needed, advancing self._nextFrameT from 0.0 to 0.04
41.1558 	WARNING 	1.7064308000262827: Video catchup needed, advancing self._nextFrameT from 0.04 to 0.08
41.1558 	WARNING 	1.7064471000339836: Video catchup needed, advancing self._nextFrameT from 0.08 to 0.12
41.1558 	WARNING 	1.706460300134495: Video catchup needed, advancing self._nextFrameT from 0.12 to 0.16
41.1558 	WARNING 	1.706486799987033: Video catchup needed, advancing self._nextFrameT from 0.16 to 0.2
41.1559 	WARNING 	1.706500600092113: Video catchup needed, advancing self._nextFrameT from 0.2 to 0.24000000000000002
41.1559 	WARNING 	1.7065139000769705: Video catchup needed, advancing self._nextFrameT from 0.24000000000000002 to 0.28
41.1559 	WARNING 	1.7065275001805276: Video catchup needed, advancing self._nextFrameT from 0.28 to 0.32
41.1559 	WARNING 	1.7065399000421166: Video catchup needed, advancing self._nextFrameT from 0.32 to 0.36
41.1559 	WARNING 	1.7065520000178367: Video catchup needed, advancing self._nextFrameT from 0.36 to 0.39999999999999997
41.1559 	WARNING 	Max reportNDroppedFrames reached, will not log any more dropped frames
41.2099 	EXP 	Created unnamed MovieStim3 = MovieStim3(__class__=<class 'psychopy.visual.movie3.MovieStim3'>, anchor=('center', 'center'), autoLog=True, color=UNKNOWN, colorSpace=UNKNOWN, depth=0.0, filename='imgs/titanic.mp4', flipHoriz=False, flipVert=False, fps=UNKNOWN, interpolate=True, loop=False, name='unnamed MovieStim3', noAudio=False, opacity=1, ori=method-wrapper(...), pos=array([   0., -350.]), size=None, units='pix', vframe_callback=UNKNOWN, volume=UNKNOWN, win=Window(...))
42.7201 	WARNING 	1.5101687998976558: Video catchup needed, advancing self._nextFrameT from 0.0 to 0.03336666666666667
42.7202 	WARNING 	1.510214899899438: Video catchup needed, advancing self._nextFrameT from 0.03336666666666667 to 0.06673333333333334
42.7202 	WARNING 	1.5102315999101847: Video catchup needed, advancing self._nextFrameT from 0.06673333333333334 to 0.10010000000000001
42.7202 	WARNING 	1.5102466999087483: Video catchup needed, advancing self._nextFrameT from 0.10010000000000001 to 0.13346666666666668
42.7202 	WARNING 	1.5102601998951286: Video catchup needed, advancing self._nextFrameT from 0.13346666666666668 to 0.16683333333333333
42.7203 	WARNING 	1.5102901998907328: Video catchup needed, advancing self._nextFrameT from 0.16683333333333333 to 0.2002
42.7203 	WARNING 	1.5103032998740673: Video catchup needed, advancing self._nextFrameT from 0.2002 to 0.23356666666666664
42.7203 	WARNING 	1.5103174999821931: Video catchup needed, advancing self._nextFrameT from 0.23356666666666664 to 0.2669333333333333
42.7203 	WARNING 	1.5103309999685735: Video catchup needed, advancing self._nextFrameT from 0.2669333333333333 to 0.30029999999999996
42.7203 	WARNING 	1.510344099951908: Video catchup needed, advancing self._nextFrameT from 0.30029999999999996 to 0.3336666666666666
42.7203 	WARNING 	Max reportNDroppedFrames reached, will not log any more dropped frames
42.7714 	EXP 	window1: mouseVisible = True
42.7849 	EXP 	Created image_9 = ImageStim(__class__=<class 'psychopy.visual.image.ImageStim'>, anchor=('center', 'center'), autoLog=True, color=array([1., 1., 1.]), colorSpace='rgb', contrast=1.0, depth=-4.0, draggable=False, flipHoriz=False, flipVert=False, image='default.png', interpolate=True, mask=None, maskParams=None, name='image_9', opacity=1.0, ori=0.0, pos=array([0., 0.]), size=array([0.3, 0.3]), texRes=128.0, units='height', win=Window(...))
42.7851 	EXP 	window1: mouseVisible = True
42.7862 	EXP 	Created text_9 = TextStim(__class__=<class 'psychopy.visual.text.TextStim'>, alignHoriz=method-wrapper(...), alignText='center', alignVert=method-wrapper(...), anchorHoriz='center', anchorVert='center', antialias=True, autoDraw=False, autoLog=True, bold=False, color=array([1., 1., 1.]), colorSpace='rgb', contrast=1.0, depth=0.0, draggable=False, flipHoriz=False, flipVert=False, font='Open Sans', fontFiles=[], height=0.05, italic=False, languageStyle='LTR', name='text_9', opacity=1.0, ori=0.0, pos=array([0., 0.]), rgb=UNKNOWN, text='', units='height', win=Window(...), wrapWidth=1)
42.7863 	EXP 	window1: mouseVisible = True
42.7987 	EXP 	Created image_10 = ImageStim(__class__=<class 'psychopy.visual.image.ImageStim'>, anchor=('center', 'center'), autoLog=True, color=array([1., 1., 1.]), colorSpace='rgb', contrast=1.0, depth=-1.0, draggable=False, flipHoriz=False, flipVert=False, image='default.png', interpolate=True, mask=None, maskParams=None, name='image_10', opacity=1.0, ori=0.0, pos=array([0., 0.]), size=array([0.3, 0.3]), texRes=128.0, units='height', win=Window(...))
42.7990 	EXP 	Created unnamed MovieStim3 = MovieStim3(__class__=<class 'psychopy.visual.movie3.MovieStim3'>, anchor=('center', 'center'), autoLog=True, color=UNKNOWN, colorSpace=UNKNOWN, depth=0.0, filename='imgs/video_mar_luis.mp4', flipHoriz=False, flipVert=False, fps=UNKNOWN, interpolate=True, loop=True, name='unnamed MovieStim3', noAudio=False, opacity=1, ori=method-wrapper(...), pos=array([0., 0.]), size=None, units='pix', vframe_callback=UNKNOWN, volume=UNKNOWN, win=Window(...))
43.5623 	WARNING 	0.7632490999531001: Video catchup needed, advancing self._nextFrameT from 0.0 to 0.03333333333333333
43.5623 	WARNING 	0.7632911999244243: Video catchup needed, advancing self._nextFrameT from 0.03333333333333333 to 0.06666666666666667
43.5623 	WARNING 	0.763307899935171: Video catchup needed, advancing self._nextFrameT from 0.06666666666666667 to 0.1
43.5623 	WARNING 	0.763321700040251: Video catchup needed, advancing self._nextFrameT from 0.1 to 0.13333333333333333
43.5623 	WARNING 	0.763334299903363: Video catchup needed, advancing self._nextFrameT from 0.13333333333333333 to 0.16666666666666666
43.5624 	WARNING 	0.7633466999977827: Video catchup needed, advancing self._nextFrameT from 0.16666666666666666 to 0.19999999999999998
43.5624 	WARNING 	0.7633591999765486: Video catchup needed, advancing self._nextFrameT from 0.19999999999999998 to 0.2333333333333333
43.5624 	WARNING 	0.7633741998579353: Video catchup needed, advancing self._nextFrameT from 0.2333333333333333 to 0.26666666666666666
43.5624 	WARNING 	0.7633865000680089: Video catchup needed, advancing self._nextFrameT from 0.26666666666666666 to 0.3
43.5624 	WARNING 	0.763398600043729: Video catchup needed, advancing self._nextFrameT from 0.3 to 0.3333333333333333
43.5624 	WARNING 	Max reportNDroppedFrames reached, will not log any more dropped frames
43.8328 	EXP 	window1: mouseVisible = True
43.8476 	EXP 	Created image_11 = ImageStim(__class__=<class 'psychopy.visual.image.ImageStim'>, anchor=('center', 'center'), autoLog=True, color=array([1., 1., 1.]), colorSpace='rgb', contrast=1.0, depth=-1.0, draggable=False, flipHoriz=False, flipVert=False, image='default.png', interpolate=True, mask=None, maskParams=None, name='image_11', opacity=1.0, ori=0.0, pos=array([0., 0.]), size=array([0.3, 0.3]), texRes=128.0, units='height', win=Window(...))
43.8480 	EXP 	Created unnamed MovieStim3 = MovieStim3(__class__=<class 'psychopy.visual.movie3.MovieStim3'>, anchor=('center', 'center'), autoLog=True, color=UNKNOWN, colorSpace=UNKNOWN, depth=0.0, filename='imgs/song_titanic.mp4', flipHoriz=False, flipVert=False, fps=UNKNOWN, interpolate=True, loop=False, name='unnamed MovieStim3', noAudio=False, opacity=1, ori=method-wrapper(...), pos=array([0., 0.]), size=None, units='pix', vframe_callback=UNKNOWN, volume=UNKNOWN, win=Window(...))
44.9099 	WARNING 	1.061889700125903: Video catchup needed, advancing self._nextFrameT from 0.0 to 0.041666666666666664
44.9099 	WARNING 	1.0619395000394434: Video catchup needed, advancing self._nextFrameT from 0.041666666666666664 to 0.08333333333333333
44.9100 	WARNING 	1.0619691000320017: Video catchup needed, advancing self._nextFrameT from 0.08333333333333333 to 0.125
44.9100 	WARNING 	1.0619882999453694: Video catchup needed, advancing self._nextFrameT from 0.125 to 0.16666666666666666
44.9100 	WARNING 	1.0620022001676261: Video catchup needed, advancing self._nextFrameT from 0.16666666666666666 to 0.20833333333333331
44.9100 	WARNING 	1.0620144000276923: Video catchup needed, advancing self._nextFrameT from 0.20833333333333331 to 0.24999999999999997
44.9100 	WARNING 	1.0620264001190662: Video catchup needed, advancing self._nextFrameT from 0.24999999999999997 to 0.29166666666666663
44.9100 	WARNING 	1.062038900097832: Video catchup needed, advancing self._nextFrameT from 0.29166666666666663 to 0.3333333333333333
44.9100 	WARNING 	1.0620556001085788: Video catchup needed, advancing self._nextFrameT from 0.3333333333333333 to 0.375
44.9101 	WARNING 	1.0620699001010507: Video catchup needed, advancing self._nextFrameT from 0.375 to 0.4166666666666667
44.9101 	WARNING 	Max reportNDroppedFrames reached, will not log any more dropped frames
44.9339 	EXP 	Created unnamed MovieStim3 = MovieStim3(__class__=<class 'psychopy.visual.movie3.MovieStim3'>, anchor=('center', 'center'), autoLog=True, color=UNKNOWN, colorSpace=UNKNOWN, depth=0.0, filename='imgs/titanic_spanish.mp4', flipHoriz=False, flipVert=False, fps=UNKNOWN, interpolate=True, loop=False, name='unnamed MovieStim3', noAudio=False, opacity=1, ori=method-wrapper(...), pos=array([0., 0.]), size=None, units='pix', vframe_callback=UNKNOWN, volume=UNKNOWN, win=Window(...))
46.5356 	WARNING 	1.601730499882251: Video catchup needed, advancing self._nextFrameT from 0.0 to 0.04
46.5357 	WARNING 	1.601770899957046: Video catchup needed, advancing self._nextFrameT from 0.04 to 0.08
46.5357 	WARNING 	1.6017859000712633: Video catchup needed, advancing self._nextFrameT from 0.08 to 0.12
46.5357 	WARNING 	1.601798800053075: Video catchup needed, advancing self._nextFrameT from 0.12 to 0.16
46.5357 	WARNING 	1.6018107999116182: Video catchup needed, advancing self._nextFrameT from 0.16 to 0.2
46.5357 	WARNING 	1.6018226000014693: Video catchup needed, advancing self._nextFrameT from 0.2 to 0.24000000000000002
46.5357 	WARNING 	1.6018346999771893: Video catchup needed, advancing self._nextFrameT from 0.24000000000000002 to 0.28
46.5357 	WARNING 	1.6018463999498636: Video catchup needed, advancing self._nextFrameT from 0.28 to 0.32
46.5358 	WARNING 	1.6018580000381917: Video catchup needed, advancing self._nextFrameT from 0.32 to 0.36
46.5358 	WARNING 	1.6018723999150097: Video catchup needed, advancing self._nextFrameT from 0.36 to 0.39999999999999997
46.5358 	WARNING 	Max reportNDroppedFrames reached, will not log any more dropped frames
46.5860 	EXP 	window1: mouseVisible = True
46.5991 	EXP 	Created image_12 = ImageStim(__class__=<class 'psychopy.visual.image.ImageStim'>, anchor=('center', 'center'), autoLog=True, color=array([1., 1., 1.]), colorSpace='rgb', contrast=1.0, depth=-3.0, draggable=False, flipHoriz=False, flipVert=False, image='default.png', interpolate=True, mask=None, maskParams=None, name='image_12', opacity=1.0, ori=0.0, pos=array([0., 0.]), size=array([0.3, 0.3]), texRes=128.0, units='height', win=Window(...))
46.5994 	EXP 	Created unnamed MovieStim3 = MovieStim3(__class__=<class 'psychopy.visual.movie3.MovieStim3'>, anchor=('center', 'center'), autoLog=True, color=UNKNOWN, colorSpace=UNKNOWN, depth=0.0, filename='imgs/titanic_spanish.mp4', flipHoriz=False, flipVert=False, fps=UNKNOWN, interpolate=True, loop=False, name='unnamed MovieStim3', noAudio=False, opacity=1, ori=method-wrapper(...), pos=array([0., 0.]), size=None, units='pix', vframe_callback=UNKNOWN, volume=UNKNOWN, win=Window(...))
48.3630 	WARNING 	1.7635880000889301: Video catchup needed, advancing self._nextFrameT from 0.0 to 0.04
48.3630 	WARNING 	1.7636353000998497: Video catchup needed, advancing self._nextFrameT from 0.04 to 0.08
48.3631 	WARNING 	1.7636520999949425: Video catchup needed, advancing self._nextFrameT from 0.08 to 0.12
48.3631 	WARNING 	1.7636659999843687: Video catchup needed, advancing self._nextFrameT from 0.12 to 0.16
48.3631 	WARNING 	1.763678700197488: Video catchup needed, advancing self._nextFrameT from 0.16 to 0.2
48.3631 	WARNING 	1.7636911000590771: Video catchup needed, advancing self._nextFrameT from 0.2 to 0.24000000000000002
48.3631 	WARNING 	1.7637044000439346: Video catchup needed, advancing self._nextFrameT from 0.24000000000000002 to 0.28
48.3631 	WARNING 	1.7637175000272691: Video catchup needed, advancing self._nextFrameT from 0.28 to 0.32
48.3631 	WARNING 	1.7637302000075579: Video catchup needed, advancing self._nextFrameT from 0.32 to 0.36
48.3631 	WARNING 	1.7637428999878466: Video catchup needed, advancing self._nextFrameT from 0.36 to 0.39999999999999997
48.3632 	WARNING 	Max reportNDroppedFrames reached, will not log any more dropped frames
48.4205 	EXP 	Created unnamed MovieStim3 = MovieStim3(__class__=<class 'psychopy.visual.movie3.MovieStim3'>, anchor=('center', 'center'), autoLog=True, color=UNKNOWN, colorSpace=UNKNOWN, depth=0.0, filename='imgs/titanic.mp4', flipHoriz=False, flipVert=False, fps=UNKNOWN, interpolate=True, loop=False, name='unnamed MovieStim3', noAudio=False, opacity=1, ori=method-wrapper(...), pos=array([   0., -350.]), size=None, units='pix', vframe_callback=UNKNOWN, volume=UNKNOWN, win=Window(...))
50.0776 	WARNING 	1.657021600054577: Video catchup needed, advancing self._nextFrameT from 0.0 to 0.03336666666666667
50.0776 	WARNING 	1.6570663000456989: Video catchup needed, advancing self._nextFrameT from 0.03336666666666667 to 0.06673333333333334
50.0776 	WARNING 	1.65708400006406: Video catchup needed, advancing self._nextFrameT from 0.06673333333333334 to 0.10010000000000001
50.0776 	WARNING 	1.6570994001813233: Video catchup needed, advancing self._nextFrameT from 0.10010000000000001 to 0.13346666666666668
50.0776 	WARNING 	1.6571152000688016: Video catchup needed, advancing self._nextFrameT from 0.13346666666666668 to 0.16683333333333333
50.0776 	WARNING 	1.6571315000765026: Video catchup needed, advancing self._nextFrameT from 0.16683333333333333 to 0.2002
50.0777 	WARNING 	1.6571456000674516: Video catchup needed, advancing self._nextFrameT from 0.2002 to 0.23356666666666664
50.0777 	WARNING 	1.657158800167963: Video catchup needed, advancing self._nextFrameT from 0.23356666666666664 to 0.2669333333333333
50.0777 	WARNING 	1.657172900158912: Video catchup needed, advancing self._nextFrameT from 0.2669333333333333 to 0.30029999999999996
50.0777 	WARNING 	1.657186800148338: Video catchup needed, advancing self._nextFrameT from 0.30029999999999996 to 0.3336666666666666
50.0777 	WARNING 	Max reportNDroppedFrames reached, will not log any more dropped frames
50.1336 	EXP 	window1: mouseVisible = True
50.1492 	EXP 	Created image_13 = ImageStim(__class__=<class 'psychopy.visual.image.ImageStim'>, anchor=('center', 'center'), autoLog=True, color=array([1., 1., 1.]), colorSpace='rgb', contrast=1.0, depth=-4.0, draggable=False, flipHoriz=False, flipVert=False, image='default.png', interpolate=True, mask=None, maskParams=None, name='image_13', opacity=1.0, ori=0.0, pos=array([0., 0.]), size=array([0.3, 0.3]), texRes=128.0, units='height', win=Window(...))
50.1494 	EXP 	window1: mouseVisible = True
50.1506 	EXP 	Created text_10 = TextStim(__class__=<class 'psychopy.visual.text.TextStim'>, alignHoriz=method-wrapper(...), alignText='center', alignVert=method-wrapper(...), anchorHoriz='center', anchorVert='center', antialias=True, autoDraw=False, autoLog=True, bold=False, color=array([1., 1., 1.]), colorSpace='rgb', contrast=1.0, depth=0.0, draggable=False, flipHoriz=False, flipVert=False, font='Open Sans', fontFiles=[], height=0.05, italic=False, languageStyle='LTR', name='text_10', opacity=1.0, ori=0.0, pos=array([0., 0.]), rgb=UNKNOWN, text='', units='height', win=Window(...), wrapWidth=1)
50.1507 	EXP 	window1: mouseVisible = True
50.1652 	EXP 	Created image_14 = ImageStim(__class__=<class 'psychopy.visual.image.ImageStim'>, anchor=('center', 'center'), autoLog=True, color=array([1., 1., 1.]), colorSpace='rgb', contrast=1.0, depth=-1.0, draggable=False, flipHoriz=False, flipVert=False, image='default.png', interpolate=True, mask=None, maskParams=None, name='image_14', opacity=1.0, ori=0.0, pos=array([0., 0.]), size=array([0.3, 0.3]), texRes=128.0, units='height', win=Window(...))
50.1656 	EXP 	Created unnamed MovieStim3 = MovieStim3(__class__=<class 'psychopy.visual.movie3.MovieStim3'>, anchor=('center', 'center'), autoLog=True, color=UNKNOWN, colorSpace=UNKNOWN, depth=0.0, filename='imgs/video_mar_luis.mp4', flipHoriz=False, flipVert=False, fps=UNKNOWN, interpolate=True, loop=True, name='unnamed MovieStim3', noAudio=False, opacity=1, ori=method-wrapper(...), pos=array([0., 0.]), size=None, units='pix', vframe_callback=UNKNOWN, volume=UNKNOWN, win=Window(...))
51.0496 	WARNING 	0.8839728001039475: Video catchup needed, advancing self._nextFrameT from 0.0 to 0.03333333333333333
51.0496 	WARNING 	0.8840262999292463: Video catchup needed, advancing self._nextFrameT from 0.03333333333333333 to 0.06666666666666667
51.0496 	WARNING 	0.8840443000663072: Video catchup needed, advancing self._nextFrameT from 0.06666666666666667 to 0.1
51.0496 	WARNING 	0.8840588999446481: Video catchup needed, advancing self._nextFrameT from 0.1 to 0.13333333333333333
51.0497 	WARNING 	0.8840727000497282: Video catchup needed, advancing self._nextFrameT from 0.13333333333333333 to 0.16666666666666666
51.0497 	WARNING 	0.8840860000345856: Video catchup needed, advancing self._nextFrameT from 0.16666666666666666 to 0.19999999999999998
51.0497 	WARNING 	0.884099300019443: Video catchup needed, advancing self._nextFrameT from 0.19999999999999998 to 0.2333333333333333
51.0497 	WARNING 	0.8841132000088692: Video catchup needed, advancing self._nextFrameT from 0.2333333333333333 to 0.26666666666666666
51.0497 	WARNING 	0.884127700002864: Video catchup needed, advancing self._nextFrameT from 0.26666666666666666 to 0.3
51.0497 	WARNING 	0.8841413999907672: Video catchup needed, advancing self._nextFrameT from 0.3 to 0.3333333333333333
51.0497 	WARNING 	Max reportNDroppedFrames reached, will not log any more dropped frames
51.4242 	EXP 	window1: mouseVisible = True
51.4412 	EXP 	Created image_15 = ImageStim(__class__=<class 'psychopy.visual.image.ImageStim'>, anchor=('center', 'center'), autoLog=True, color=array([1., 1., 1.]), colorSpace='rgb', contrast=1.0, depth=-1.0, draggable=False, flipHoriz=False, flipVert=False, image='default.png', interpolate=True, mask=None, maskParams=None, name='image_15', opacity=1.0, ori=0.0, pos=array([0., 0.]), size=array([0.3, 0.3]), texRes=128.0, units='height', win=Window(...))
51.4416 	EXP 	Created unnamed MovieStim3 = MovieStim3(__class__=<class 'psychopy.visual.movie3.MovieStim3'>, anchor=('center', 'center'), autoLog=True, color=UNKNOWN, colorSpace=UNKNOWN, depth=0.0, filename='imgs/song_titanic.mp4', flipHoriz=False, flipVert=False, fps=UNKNOWN, interpolate=True, loop=False, name='unnamed MovieStim3', noAudio=False, opacity=1, ori=method-wrapper(...), pos=array([0., 0.]), size=None, units='pix', vframe_callback=UNKNOWN, volume=UNKNOWN, win=Window(...))
52.5607 	WARNING 	1.1190248001366854: Video catchup needed, advancing self._nextFrameT from 0.0 to 0.041666666666666664
52.5607 	WARNING 	1.1190693001262844: Video catchup needed, advancing self._nextFrameT from 0.041666666666666664 to 0.08333333333333333
52.5608 	WARNING 	1.1190851000137627: Video catchup needed, advancing self._nextFrameT from 0.08333333333333333 to 0.125
52.5608 	WARNING 	1.1190989001188427: Video catchup needed, advancing self._nextFrameT from 0.125 to 0.16666666666666666
52.5608 	WARNING 	1.1191122001037002: Video catchup needed, advancing self._nextFrameT from 0.16666666666666666 to 0.20833333333333331
52.5608 	WARNING 	1.1191255999729037: Video catchup needed, advancing self._nextFrameT from 0.20833333333333331 to 0.24999999999999997
52.5608 	WARNING 	1.1191382000688463: Video catchup needed, advancing self._nextFrameT from 0.24999999999999997 to 0.29166666666666663
52.5608 	WARNING 	1.1191505000460893: Video catchup needed, advancing self._nextFrameT from 0.29166666666666663 to 0.3333333333333333
52.5608 	WARNING 	1.1191632999107242: Video catchup needed, advancing self._nextFrameT from 0.3333333333333333 to 0.375
52.5608 	WARNING 	1.1191756001207978: Video catchup needed, advancing self._nextFrameT from 0.375 to 0.4166666666666667
52.5608 	WARNING 	Max reportNDroppedFrames reached, will not log any more dropped frames
52.5842 	EXP 	Created unnamed MovieStim3 = MovieStim3(__class__=<class 'psychopy.visual.movie3.MovieStim3'>, anchor=('center', 'center'), autoLog=True, color=UNKNOWN, colorSpace=UNKNOWN, depth=0.0, filename='imgs/titanic_spanish.mp4', flipHoriz=False, flipVert=False, fps=UNKNOWN, interpolate=True, loop=False, name='unnamed MovieStim3', noAudio=False, opacity=1, ori=method-wrapper(...), pos=array([0., 0.]), size=None, units='pix', vframe_callback=UNKNOWN, volume=UNKNOWN, win=Window(...))
54.4207 	WARNING 	1.8364559998735785: Video catchup needed, advancing self._nextFrameT from 0.0 to 0.04
54.4207 	WARNING 	1.836497699841857: Video catchup needed, advancing self._nextFrameT from 0.04 to 0.08
54.4207 	WARNING 	1.8365129998419434: Video catchup needed, advancing self._nextFrameT from 0.08 to 0.12
54.4207 	WARNING 	1.8365252998191863: Video catchup needed, advancing self._nextFrameT from 0.12 to 0.16
54.4207 	WARNING 	1.8365374999120831: Video catchup needed, advancing self._nextFrameT from 0.16 to 0.2
54.4208 	WARNING 	1.8365618998650461: Video catchup needed, advancing self._nextFrameT from 0.2 to 0.24000000000000002
54.4208 	WARNING 	1.836574399843812: Video catchup needed, advancing self._nextFrameT from 0.24000000000000002 to 0.28
54.4208 	WARNING 	1.8365910998545587: Video catchup needed, advancing self._nextFrameT from 0.28 to 0.32
54.4208 	WARNING 	1.83660259982571: Video catchup needed, advancing self._nextFrameT from 0.32 to 0.36
54.4208 	WARNING 	1.836614100029692: Video catchup needed, advancing self._nextFrameT from 0.36 to 0.39999999999999997
54.4208 	WARNING 	Max reportNDroppedFrames reached, will not log any more dropped frames
54.4744 	EXP 	window1: mouseVisible = True
54.4906 	EXP 	Created image_16 = ImageStim(__class__=<class 'psychopy.visual.image.ImageStim'>, anchor=('center', 'center'), autoLog=True, color=array([1., 1., 1.]), colorSpace='rgb', contrast=1.0, depth=-3.0, draggable=False, flipHoriz=False, flipVert=False, image='default.png', interpolate=True, mask=None, maskParams=None, name='image_16', opacity=1.0, ori=0.0, pos=array([0., 0.]), size=array([0.3, 0.3]), texRes=128.0, units='height', win=Window(...))
54.4910 	EXP 	Created unnamed MovieStim3 = MovieStim3(__class__=<class 'psychopy.visual.movie3.MovieStim3'>, anchor=('center', 'center'), autoLog=True, color=UNKNOWN, colorSpace=UNKNOWN, depth=0.0, filename='imgs/titanic_spanish.mp4', flipHoriz=False, flipVert=False, fps=UNKNOWN, interpolate=True, loop=False, name='unnamed MovieStim3', noAudio=False, opacity=1, ori=method-wrapper(...), pos=array([0., 0.]), size=None, units='pix', vframe_callback=UNKNOWN, volume=UNKNOWN, win=Window(...))
57.2835 	WARNING 	2.7925109998323023: Video catchup needed, advancing self._nextFrameT from 0.0 to 0.04
57.2836 	WARNING 	2.792616599937901: Video catchup needed, advancing self._nextFrameT from 0.04 to 0.08
57.2836 	WARNING 	2.792632499942556: Video catchup needed, advancing self._nextFrameT from 0.08 to 0.12
57.2836 	WARNING 	2.7926436997950077: Video catchup needed, advancing self._nextFrameT from 0.12 to 0.16
57.2836 	WARNING 	2.792654699878767: Video catchup needed, advancing self._nextFrameT from 0.16 to 0.2
57.2837 	WARNING 	2.792665399843827: Video catchup needed, advancing self._nextFrameT from 0.2 to 0.24000000000000002
57.2837 	WARNING 	2.7926764998119324: Video catchup needed, advancing self._nextFrameT from 0.24000000000000002 to 0.28
57.2837 	WARNING 	2.7926876998972148: Video catchup needed, advancing self._nextFrameT from 0.28 to 0.32
57.2837 	WARNING 	2.7927004999946803: Video catchup needed, advancing self._nextFrameT from 0.32 to 0.36
57.2837 	WARNING 	2.7927107999566942: Video catchup needed, advancing self._nextFrameT from 0.36 to 0.39999999999999997
57.2837 	WARNING 	Max reportNDroppedFrames reached, will not log any more dropped frames
57.3820 	EXP 	Created unnamed MovieStim3 = MovieStim3(__class__=<class 'psychopy.visual.movie3.MovieStim3'>, anchor=('center', 'center'), autoLog=True, color=UNKNOWN, colorSpace=UNKNOWN, depth=0.0, filename='imgs/titanic.mp4', flipHoriz=False, flipVert=False, fps=UNKNOWN, interpolate=True, loop=False, name='unnamed MovieStim3', noAudio=False, opacity=1, ori=method-wrapper(...), pos=array([   0., -350.]), size=None, units='pix', vframe_callback=UNKNOWN, volume=UNKNOWN, win=Window(...))
59.1542 	WARNING 	1.7720423999708146: Video catchup needed, advancing self._nextFrameT from 0.0 to 0.03336666666666667
59.1543 	WARNING 	1.7722221999429166: Video catchup needed, advancing self._nextFrameT from 0.03336666666666667 to 0.06673333333333334
59.1543 	WARNING 	1.772245000116527: Video catchup needed, advancing self._nextFrameT from 0.06673333333333334 to 0.10010000000000001
59.1543 	WARNING 	1.7722646000329405: Video catchup needed, advancing self._nextFrameT from 0.10010000000000001 to 0.13346666666666668
59.1544 	WARNING 	1.772283900063485: Video catchup needed, advancing self._nextFrameT from 0.13346666666666668 to 0.16683333333333333
59.1544 	WARNING 	1.7723002000711858: Video catchup needed, advancing self._nextFrameT from 0.16683333333333333 to 0.2002
59.1544 	WARNING 	1.7723185999784619: Video catchup needed, advancing self._nextFrameT from 0.2002 to 0.23356666666666664
59.1544 	WARNING 	1.7723346001002938: Video catchup needed, advancing self._nextFrameT from 0.23356666666666664 to 0.2669333333333333
59.1544 	WARNING 	1.7723509999923408: Video catchup needed, advancing self._nextFrameT from 0.2669333333333333 to 0.30029999999999996
59.1544 	WARNING 	1.772366899996996: Video catchup needed, advancing self._nextFrameT from 0.30029999999999996 to 0.3336666666666666
59.1544 	WARNING 	Max reportNDroppedFrames reached, will not log any more dropped frames
59.2465 	EXP 	window1: mouseVisible = True
59.2709 	EXP 	Created image_17 = ImageStim(__class__=<class 'psychopy.visual.image.ImageStim'>, anchor=('center', 'center'), autoLog=True, color=array([1., 1., 1.]), colorSpace='rgb', contrast=1.0, depth=-4.0, draggable=False, flipHoriz=False, flipVert=False, image='default.png', interpolate=True, mask=None, maskParams=None, name='image_17', opacity=1.0, ori=0.0, pos=array([0., 0.]), size=array([0.3, 0.3]), texRes=128.0, units='height', win=Window(...))
59.2716 	EXP 	window1: mouseVisible = True
59.3122 	EXP 	Created text_4 = TextStim(__class__=<class 'psychopy.visual.text.TextStim'>, alignHoriz=method-wrapper(...), alignText='center', alignVert=method-wrapper(...), anchorHoriz='center', anchorVert='center', antialias=True, autoDraw=False, autoLog=True, bold=False, color=array([1., 1., 1.]), colorSpace='rgb', contrast=1.0, depth=0.0, draggable=False, flipHoriz=False, flipVert=False, font='Open Sans', fontFiles=[], height=0.05, italic=False, languageStyle='LTR', name='text_4', opacity=1.0, ori=0.0, pos=array([0., 0.]), rgb=UNKNOWN, text='¡Muchas gracias por participar!', units='height', win=Window(...), wrapWidth=1)
0.0395 	DATA 	Mouse: wheel shift=(0,-1), pos=(0,0)
0.0606 	DATA 	Mouse: Left button down, pos=(629,809)
0.0729 	DATA 	Mouse:  Left button up, pos=(629,809)
0.1135 	EXP 	unnamed MovieStim3: autoLog = True
0.1135 	EXP 	unnamed MovieStim3: movie = 'imgs/video_mar_luis.mp4'
0.1135 	EXP 	unnamed MovieStim3: ori = 0.0
0.1135 	EXP 	unnamed MovieStim3: autoLog = True
0.1135 	EXP 	unnamed MovieStim3: movie = 'imgs/song_titanic.mp4'
0.1135 	EXP 	unnamed MovieStim3: ori = 0.0
0.1135 	EXP 	unnamed MovieStim3: autoLog = True
0.1135 	EXP 	unnamed MovieStim3: movie = 'imgs/titanic_spanish.mp4'
0.1135 	EXP 	unnamed MovieStim3: ori = 0.0
0.1135 	EXP 	unnamed MovieStim3: autoLog = True
0.1135 	EXP 	unnamed MovieStim3: movie = 'imgs/titanic_spanish.mp4'
0.1135 	EXP 	unnamed MovieStim3: ori = 0.0
0.1135 	EXP 	unnamed MovieStim3: autoLog = True
0.1135 	EXP 	unnamed MovieStim3: movie = 'imgs/titanic.mp4'
0.1135 	EXP 	unnamed MovieStim3: ori = 0.0
0.1135 	EXP 	unnamed MovieStim3: autoLog = True
0.1135 	EXP 	unnamed MovieStim3: movie = 'imgs/video_mar_luis.mp4'
0.1135 	EXP 	unnamed MovieStim3: ori = 0.0
0.1135 	EXP 	unnamed MovieStim3: autoLog = True
0.1135 	EXP 	unnamed MovieStim3: movie = 'imgs/song_titanic.mp4'
0.1135 	EXP 	unnamed MovieStim3: ori = 0.0
0.1135 	EXP 	unnamed MovieStim3: autoLog = True
0.1135 	EXP 	unnamed MovieStim3: movie = 'imgs/titanic_spanish.mp4'
0.1135 	EXP 	unnamed MovieStim3: ori = 0.0
0.1135 	EXP 	unnamed MovieStim3: autoLog = True
0.1135 	EXP 	unnamed MovieStim3: movie = 'imgs/titanic_spanish.mp4'
0.1135 	EXP 	unnamed MovieStim3: ori = 0.0
0.1135 	EXP 	unnamed MovieStim3: autoLog = True
0.1135 	EXP 	unnamed MovieStim3: movie = 'imgs/titanic.mp4'
0.1135 	EXP 	unnamed MovieStim3: ori = 0.0
0.1135 	EXP 	unnamed MovieStim3: autoLog = True
0.1135 	EXP 	unnamed MovieStim3: movie = 'imgs/video_mar_luis.mp4'
0.1135 	EXP 	unnamed MovieStim3: ori = 0.0
0.1135 	EXP 	unnamed MovieStim3: autoLog = True
0.1135 	EXP 	unnamed MovieStim3: movie = 'imgs/song_titanic.mp4'
0.1135 	EXP 	unnamed MovieStim3: ori = 0.0
0.1135 	EXP 	unnamed MovieStim3: autoLog = True
0.1135 	EXP 	unnamed MovieStim3: movie = 'imgs/titanic_spanish.mp4'
0.1135 	EXP 	unnamed MovieStim3: ori = 0.0
0.1135 	EXP 	unnamed MovieStim3: autoLog = True
0.1135 	EXP 	unnamed MovieStim3: movie = 'imgs/titanic_spanish.mp4'
0.1135 	EXP 	unnamed MovieStim3: ori = 0.0
0.1135 	EXP 	unnamed MovieStim3: autoLog = True
0.1135 	EXP 	unnamed MovieStim3: movie = 'imgs/titanic.mp4'
0.1135 	EXP 	unnamed MovieStim3: ori = 0.0
0.1135 	EXP 	unnamed MovieStim3: autoLog = True
0.1135 	EXP 	unnamed MovieStim3: movie = 'imgs/video_mar_luis.mp4'
0.1135 	EXP 	unnamed MovieStim3: ori = 0.0
0.1135 	EXP 	unnamed MovieStim3: autoLog = True
0.1135 	EXP 	unnamed MovieStim3: movie = 'imgs/song_titanic.mp4'
0.1135 	EXP 	unnamed MovieStim3: ori = 0.0
0.1135 	EXP 	unnamed MovieStim3: autoLog = True
0.1135 	EXP 	unnamed MovieStim3: movie = 'imgs/titanic_spanish.mp4'
0.1135 	EXP 	unnamed MovieStim3: ori = 0.0
0.1135 	EXP 	unnamed MovieStim3: autoLog = True
0.1135 	EXP 	unnamed MovieStim3: movie = 'imgs/titanic_spanish.mp4'
0.1135 	EXP 	unnamed MovieStim3: ori = 0.0
0.1135 	EXP 	unnamed MovieStim3: autoLog = True
0.1135 	EXP 	unnamed MovieStim3: movie = 'imgs/titanic.mp4'
0.1135 	EXP 	unnamed MovieStim3: ori = 0.0
0.2225 	EXP 	image_5: autoDraw = True
0.2225 	EXP 	text_6: autoDraw = True
3.0200 	EXP 	image_5: autoDraw = False
3.0200 	EXP 	text_6: autoDraw = False
3.0200 	EXP 	text_5: autoDraw = True
8.2802 	DATA 	Keypress: space
8.2827 	EXP 	text_5: autoDraw = False
8.2827 	EXP 	text_7: height = 0.05
8.2827 	EXP 	text_7: height = 0.05
8.2827 	EXP 	text_7: height = 0.05
8.2827 	EXP 	text_7: text = 'Ronda 1/4'
8.2827 	EXP 	text_7: autoDraw = True
10.3793 	EXP 	Imported imgs/iceberg_times.xlsx as conditions, 3 conditions, 3 params
10.3801 	EXP 	Created sequence: sequential, trialTypes=3, nReps=1, seed=None
10.3803 	EXP 	New trial (rep=0, index=0): {'timepresentation': 9, 'posx': -0.4, 'posy': 0.05}
10.4000 	EXP 	Sound  started
10.4010 	EXP 	New trial (rep=0, index=1): {'timepresentation': 11, 'posx': 0.1, 'posy': 0.05}
10.4084 	EXP 	New trial (rep=0, index=2): {'timepresentation': 11, 'posx': 0.2, 'posy': 0.05}
10.4350 	EXP 	Imported imgs/iceberg_times.xlsx as conditions, 3 conditions, 3 params
10.4355 	EXP 	Created sequence: sequential, trialTypes=3, nReps=1, seed=None
10.4357 	EXP 	New trial (rep=0, index=0): {'timepresentation': 9, 'posx': -0.4, 'posy': 0.05}
10.4435 	EXP 	Sound  started
10.4439 	EXP 	New trial (rep=0, index=1): {'timepresentation': 11, 'posx': 0.1, 'posy': 0.05}
10.4518 	EXP 	New trial (rep=0, index=2): {'timepresentation': 11, 'posx': 0.2, 'posy': 0.05}
10.4818 	EXP 	Sound  stopped
10.5012 	EXP 	Imported imgs/iceberg_times.xlsx as conditions, 3 conditions, 3 params
10.5018 	EXP 	Created sequence: sequential, trialTypes=3, nReps=1, seed=None
10.5020 	EXP 	New trial (rep=0, index=0): {'timepresentation': 9, 'posx': -0.4, 'posy': 0.05}
10.5021 	EXP 	Sound  started
10.5325 	EXP 	New trial (rep=0, index=1): {'timepresentation': 11, 'posx': 0.1, 'posy': 0.05}
10.5403 	EXP 	New trial (rep=0, index=2): {'timepresentation': 11, 'posx': 0.2, 'posy': 0.05}
10.5721 	EXP 	Sound  stopped
10.5914 	EXP 	Imported imgs/iceberg_times.xlsx as conditions, 3 conditions, 3 params
10.5919 	EXP 	Created sequence: sequential, trialTypes=3, nReps=1, seed=None
10.5921 	EXP 	New trial (rep=0, index=0): {'timepresentation': 9, 'posx': -0.4, 'posy': 0.05}
10.5922 	EXP 	Sound  started
10.5925 	EXP 	Sound  started
10.6014 	WARNING 	1.0014279000461102: Video catchup needed, advancing self._nextFrameT from 0.8333333333333333 to 0.8666666666666666
10.6015 	WARNING 	1.0014646002091467: Video catchup needed, advancing self._nextFrameT from 0.8666666666666666 to 0.8999999999999999
10.6015 	WARNING 	1.0014858001377434: Video catchup needed, advancing self._nextFrameT from 0.8999999999999999 to 0.9333333333333332
10.6015 	WARNING 	1.001498900121078: Video catchup needed, advancing self._nextFrameT from 0.9333333333333332 to 0.9666666666666666
10.6687 	EXP 	text_7: autoDraw = False
10.6687 	EXP 	image: image = 'imgs/iceberg.png'
10.6687 	EXP 	Set unnamed MovieStim3 playing
10.6687 	EXP 	image: autoDraw = False
10.6687 	EXP 	image: image = 'imgs/iceberg.png'
10.6687 	EXP 	image: autoDraw = False
10.6687 	EXP 	image: image = 'imgs/iceberg.png'
10.6687 	EXP 	image: autoDraw = False
10.6687 	EXP 	image_2: image = 'imgs/iceberg.png'
10.6687 	EXP 	Set unnamed MovieStim3 playing
10.6687 	EXP 	image_2: autoDraw = False
10.6687 	EXP 	image_2: image = 'imgs/iceberg.png'
10.6687 	EXP 	image_2: autoDraw = False
10.6687 	EXP 	image_2: image = 'imgs/iceberg.png'
10.6687 	EXP 	image_2: autoDraw = False
10.6687 	EXP 	Set unnamed MovieStim3 stopped
10.6687 	EXP 	Set unnamed MovieStim3 playing
10.6687 	EXP 	image_3: image = 'imgs/iceberg.png'
10.6687 	EXP 	image_3: autoDraw = False
10.6687 	EXP 	image_3: image = 'imgs/iceberg.png'
10.6687 	EXP 	image_3: autoDraw = False
10.6687 	EXP 	image_3: image = 'imgs/iceberg.png'
10.6687 	EXP 	image_3: autoDraw = False
10.6687 	EXP 	Set unnamed MovieStim3 stopped
10.6687 	EXP 	Set unnamed MovieStim3 playing
10.6687 	EXP 	Set unnamed MovieStim3 playing
10.6687 	EXP 	image_4: image = 'imgs/iceberg.png'
10.6700 	WARNING 	1.0699787000194192: Video catchup needed, advancing self._nextFrameT from 0.9999999999999999 to 1.0333333333333332
19.5842 	EXP 	image_4: autoDraw = True
20.1622 	EXP 	New trial (rep=0, index=1): {'timepresentation': 11, 'posx': 0.1, 'posy': 0.05}
20.1730 	DATA 	Keypress: space
20.1831 	EXP 	image_4: autoDraw = False
20.1831 	EXP 	image_4: image = 'imgs/iceberg.png'
31.1689 	EXP 	image_4: autoDraw = True
31.5076 	EXP 	New trial (rep=0, index=2): {'timepresentation': 11, 'posx': 0.2, 'posy': 0.05}
31.5230 	DATA 	Keypress: space
31.5336 	EXP 	image_4: autoDraw = False
31.5336 	EXP 	image_4: image = 'imgs/iceberg.png'
42.5123 	EXP 	image_4: autoDraw = True
42.8725 	EXP 	Sound  stopped
42.9031 	EXP 	Sound  stopped
42.9157 	DATA 	Keypress: space
42.9195 	EXP 	image_4: autoDraw = False
42.9195 	EXP 	Set unnamed MovieStim3 stopped
42.9195 	EXP 	Set unnamed MovieStim3 stopped
42.9195 	EXP 	text_8: height = 0.05
42.9195 	EXP 	text_8: height = 0.05
42.9195 	EXP 	text_8: height = 0.05
42.9195 	EXP 	text_8: text = 'Ronda 2/4'
42.9195 	EXP 	text_8: autoDraw = True
44.9266 	EXP 	Imported imgs/iceberg_times.xlsx as conditions, 3 conditions, 3 params
44.9269 	EXP 	Created sequence: sequential, trialTypes=3, nReps=1, seed=None
44.9271 	EXP 	New trial (rep=0, index=0): {'timepresentation': 11, 'posx': 0, 'posy': 0.05}
44.9329 	WARNING 	35.332932100165635: Video catchup needed, advancing self._nextFrameT from 33.23333333333401 to 33.26666666666734
44.9330 	WARNING 	35.33296190015972: Video catchup needed, advancing self._nextFrameT from 33.26666666666734 to 33.30000000000067
44.9330 	WARNING 	35.332977700047195: Video catchup needed, advancing self._nextFrameT from 33.30000000000067 to 33.333333333334004
44.9330 	WARNING 	35.332989800022915: Video catchup needed, advancing self._nextFrameT from 33.333333333334004 to 33.366666666667335
44.9330 	WARNING 	35.33300180011429: Video catchup needed, advancing self._nextFrameT from 33.366666666667335 to 33.40000000000067
44.9330 	WARNING 	Max reportNDroppedFrames reached, will not log any more dropped frames
45.5717 	EXP 	text_8: autoDraw = False
45.5717 	EXP 	image_6: image = 'imgs/iceberg.png'
55.9087 	EXP 	image_6: autoDraw = True
56.2413 	EXP 	New trial (rep=0, index=1): {'timepresentation': 11, 'posx': -0.7, 'posy': 0.05}
56.2612 	DATA 	Keypress: space
56.2720 	EXP 	image_6: autoDraw = False
56.2720 	EXP 	image_6: image = 'imgs/iceberg.png'
67.2458 	EXP 	image_6: autoDraw = True
67.5902 	DATA 	Keypress: space
67.6017 	EXP 	New trial (rep=0, index=2): {'timepresentation': 7, 'posx': -0.4, 'posy': 0.05}
67.6189 	EXP 	image_6: autoDraw = False
67.6189 	EXP 	image_6: image = 'imgs/iceberg.png'
74.6111 	EXP 	image_6: autoDraw = True
74.9351 	DATA 	Keypress: space
74.9725 	EXP 	Imported imgs/iceberg_times.xlsx as conditions, 3 conditions, 3 params
74.9730 	EXP 	Created sequence: sequential, trialTypes=3, nReps=1, seed=None
74.9731 	EXP 	New trial (rep=0, index=0): {'timepresentation': 11, 'posx': 0, 'posy': 0.05}
74.9793 	EXP 	Sound  started
74.9797 	EXP 	New trial (rep=0, index=1): {'timepresentation': 11, 'posx': -0.7, 'posy': 0.05}
74.9862 	EXP 	New trial (rep=0, index=2): {'timepresentation': 7, 'posx': -0.4, 'posy': 0.05}
75.0221 	EXP 	Sound  stopped
75.0385 	EXP 	Imported imgs/iceberg_times.xlsx as conditions, 3 conditions, 3 params
75.0389 	EXP 	Created sequence: sequential, trialTypes=3, nReps=1, seed=None
75.0391 	EXP 	New trial (rep=0, index=0): {'timepresentation': 11, 'posx': 0, 'posy': 0.05}
75.0391 	EXP 	Sound  started
75.0461 	EXP 	New trial (rep=0, index=1): {'timepresentation': 11, 'posx': -0.7, 'posy': 0.05}
75.0522 	EXP 	New trial (rep=0, index=2): {'timepresentation': 7, 'posx': -0.4, 'posy': 0.05}
75.0916 	EXP 	Sound  stopped
75.1081 	EXP 	Imported imgs/iceberg_times.xlsx as conditions, 3 conditions, 3 params
75.1084 	EXP 	Created sequence: sequential, trialTypes=3, nReps=1, seed=None
75.1086 	EXP 	New trial (rep=0, index=0): {'timepresentation': 11, 'posx': 0, 'posy': 0.05}
75.1086 	EXP 	Sound  started
75.1089 	EXP 	Sound  started
75.1162 	EXP 	New trial (rep=0, index=1): {'timepresentation': 11, 'posx': -0.7, 'posy': 0.05}
75.1224 	EXP 	New trial (rep=0, index=2): {'timepresentation': 7, 'posx': -0.4, 'posy': 0.05}
75.1612 	EXP 	Sound  stopped
75.1916 	EXP 	Sound  stopped
75.2044 	EXP 	image_6: autoDraw = False
75.2044 	EXP 	image_7: image = 'imgs/iceberg.png'
75.2044 	EXP 	Set unnamed MovieStim3 playing
75.2044 	EXP 	image_7: autoDraw = False
75.2044 	EXP 	image_7: image = 'imgs/iceberg.png'
75.2044 	EXP 	image_7: autoDraw = False
75.2044 	EXP 	image_7: image = 'imgs/iceberg.png'
75.2044 	EXP 	image_7: autoDraw = False
75.2044 	EXP 	Set unnamed MovieStim3 stopped
75.2044 	EXP 	Set unnamed MovieStim3 playing
75.2044 	EXP 	image_8: image = 'imgs/iceberg.png'
75.2044 	EXP 	image_8: autoDraw = False
75.2044 	EXP 	image_8: image = 'imgs/iceberg.png'
75.2044 	EXP 	image_8: autoDraw = False
75.2044 	EXP 	image_8: image = 'imgs/iceberg.png'
75.2044 	EXP 	image_8: autoDraw = False
75.2044 	EXP 	Set unnamed MovieStim3 stopped
75.2044 	EXP 	Set unnamed MovieStim3 playing
75.2044 	EXP 	Set unnamed MovieStim3 playing
75.2044 	EXP 	image_9: image = 'imgs/iceberg.png'
75.2044 	EXP 	image_9: autoDraw = False
75.2044 	EXP 	image_9: image = 'imgs/iceberg.png'
75.2044 	EXP 	image_9: autoDraw = False
75.2044 	EXP 	image_9: image = 'imgs/iceberg.png'
75.2044 	EXP 	image_9: autoDraw = False
75.2044 	EXP 	Set unnamed MovieStim3 stopped
75.2044 	EXP 	Set unnamed MovieStim3 stopped
75.2044 	EXP 	text_9: height = 0.05
75.2044 	EXP 	text_9: height = 0.05
75.2044 	EXP 	text_9: height = 0.05
75.2044 	EXP 	text_9: text = 'Ronda 3/4'
75.2044 	EXP 	text_9: autoDraw = True
77.2084 	EXP 	Imported imgs/iceberg_times.xlsx as conditions, 3 conditions, 3 params
77.2087 	EXP 	Created sequence: sequential, trialTypes=3, nReps=1, seed=None
77.2088 	EXP 	New trial (rep=0, index=0): {'timepresentation': 5, 'posx': 0.3, 'posy': 0.05}
77.2149 	EXP 	New trial (rep=0, index=1): {'timepresentation': 9, 'posx': 0, 'posy': 0.05}
77.2194 	EXP 	New trial (rep=0, index=2): {'timepresentation': 6, 'posx': 0, 'posy': 0.05}
77.2375 	EXP 	Imported imgs/iceberg_times.xlsx as conditions, 3 conditions, 3 params
77.2379 	EXP 	Created sequence: sequential, trialTypes=3, nReps=1, seed=None
77.2380 	EXP 	New trial (rep=0, index=0): {'timepresentation': 5, 'posx': 0.3, 'posy': 0.05}
77.2429 	EXP 	Sound  started
77.2432 	EXP 	New trial (rep=0, index=1): {'timepresentation': 9, 'posx': 0, 'posy': 0.05}
77.2482 	EXP 	New trial (rep=0, index=2): {'timepresentation': 6, 'posx': 0, 'posy': 0.05}
77.2710 	EXP 	Sound  stopped
77.2855 	EXP 	Imported imgs/iceberg_times.xlsx as conditions, 3 conditions, 3 params
77.2859 	EXP 	Created sequence: sequential, trialTypes=3, nReps=1, seed=None
77.2860 	EXP 	New trial (rep=0, index=0): {'timepresentation': 5, 'posx': 0.3, 'posy': 0.05}
77.2861 	EXP 	Sound  started
78.0113 	EXP 	text_9: autoDraw = False
78.0113 	EXP 	text_9: autoDraw = False
78.0113 	EXP 	image_10: image = 'imgs/iceberg.png'
78.0113 	EXP 	image_10: autoDraw = False
78.0113 	EXP 	image_10: image = 'imgs/iceberg.png'
78.0113 	EXP 	image_10: autoDraw = False
78.0113 	EXP 	image_10: image = 'imgs/iceberg.png'
78.0113 	EXP 	image_10: autoDraw = False
78.0113 	EXP 	image_11: image = 'imgs/iceberg.png'
78.0113 	EXP 	Set unnamed MovieStim3 playing
78.0113 	EXP 	image_11: autoDraw = False
78.0113 	EXP 	image_11: image = 'imgs/iceberg.png'
78.0113 	EXP 	image_11: autoDraw = False
78.0113 	EXP 	image_11: image = 'imgs/iceberg.png'
78.0113 	EXP 	image_11: autoDraw = False
78.0113 	EXP 	Set unnamed MovieStim3 stopped
78.0113 	EXP 	Set unnamed MovieStim3 playing
78.0113 	EXP 	image_12: image = 'imgs/iceberg.png'
78.0115 	WARNING 	2.245384000008926: Video catchup needed, advancing self._nextFrameT from 1.5600000000000007 to 1.6000000000000008
78.0115 	WARNING 	2.245411899872124: Video catchup needed, advancing self._nextFrameT from 1.6000000000000008 to 1.6400000000000008
78.0116 	WARNING 	2.245426399866119: Video catchup needed, advancing self._nextFrameT from 1.6400000000000008 to 1.6800000000000008
78.0116 	WARNING 	2.2454397999681532: Video catchup needed, advancing self._nextFrameT from 1.6800000000000008 to 1.7200000000000009
78.0116 	WARNING 	2.245452699949965: Video catchup needed, advancing self._nextFrameT from 1.7200000000000009 to 1.760000000000001
78.0116 	WARNING 	2.245464799925685: Video catchup needed, advancing self._nextFrameT from 1.760000000000001 to 1.800000000000001
78.0116 	WARNING 	2.2454778000246733: Video catchup needed, advancing self._nextFrameT from 1.800000000000001 to 1.840000000000001
78.0116 	WARNING 	2.2454913000110537: Video catchup needed, advancing self._nextFrameT from 1.840000000000001 to 1.880000000000001
78.0116 	WARNING 	2.2455223000142723: Video catchup needed, advancing self._nextFrameT from 1.880000000000001 to 1.920000000000001
78.0117 	WARNING 	2.2455362998880446: Video catchup needed, advancing self._nextFrameT from 1.920000000000001 to 1.960000000000001
78.0117 	WARNING 	Max reportNDroppedFrames reached, will not log any more dropped frames
82.2712 	EXP 	image_12: autoDraw = True
82.6313 	EXP 	New trial (rep=0, index=1): {'timepresentation': 9, 'posx': 0, 'posy': 0.05}
82.6413 	DATA 	Keypress: space
82.6499 	EXP 	image_12: autoDraw = False
82.6499 	EXP 	image_12: image = 'imgs/iceberg.png'
84.1324 	EXP 	Sound  stopped
84.5796 	EXP 	Sound  started
84.7634 	EXP 	Set unnamed MovieStim3 finished
91.6302 	EXP 	image_12: autoDraw = True
91.9731 	EXP 	New trial (rep=0, index=2): {'timepresentation': 6, 'posx': 0, 'posy': 0.05}
91.9834 	DATA 	Keypress: space
91.9922 	EXP 	image_12: autoDraw = False
91.9922 	EXP 	image_12: image = 'imgs/iceberg.png'
97.9803 	EXP 	image_12: autoDraw = True
98.3706 	EXP 	Sound  stopped
98.3919 	EXP 	Imported imgs/iceberg_times.xlsx as conditions, 3 conditions, 3 params
98.3924 	EXP 	Created sequence: sequential, trialTypes=3, nReps=1, seed=None
98.3926 	EXP 	New trial (rep=0, index=0): {'timepresentation': 5, 'posx': 0.3, 'posy': 0.05}
98.3927 	EXP 	Sound  started
98.3929 	EXP 	Sound  started
98.4007 	EXP 	New trial (rep=0, index=1): {'timepresentation': 9, 'posx': 0, 'posy': 0.05}
98.4082 	EXP 	New trial (rep=0, index=2): {'timepresentation': 6, 'posx': 0, 'posy': 0.05}
98.4419 	EXP 	Sound  stopped
98.4706 	EXP 	Sound  stopped
98.4774 	DATA 	Keypress: space
98.4856 	EXP 	image_12: autoDraw = False
98.4856 	EXP 	Set unnamed MovieStim3 stopped
98.4856 	EXP 	Set unnamed MovieStim3 playing
98.4856 	EXP 	Set unnamed MovieStim3 playing
98.4856 	EXP 	image_13: image = 'imgs/iceberg.png'
98.4856 	EXP 	image_13: autoDraw = False
98.4856 	EXP 	image_13: image = 'imgs/iceberg.png'
98.4856 	EXP 	image_13: autoDraw = False
98.4856 	EXP 	image_13: image = 'imgs/iceberg.png'
98.4856 	EXP 	image_13: autoDraw = False
98.4856 	EXP 	Set unnamed MovieStim3 stopped
98.4856 	EXP 	Set unnamed MovieStim3 stopped
98.4856 	EXP 	text_10: height = 0.05
98.4856 	EXP 	text_10: height = 0.05
98.4856 	EXP 	text_10: height = 0.05
98.4856 	EXP 	text_10: text = 'Ronda 4/4'
98.4856 	EXP 	text_10: autoDraw = True
100.4911 	EXP 	Imported imgs/iceberg_times.xlsx as conditions, 3 conditions, 3 params
100.4914 	EXP 	Created sequence: sequential, trialTypes=3, nReps=1, seed=None
100.4915 	EXP 	New trial (rep=0, index=0): {'timepresentation': 9, 'posx': 0.5, 'posy': 0.05}
100.4972 	EXP 	New trial (rep=0, index=1): {'timepresentation': 6, 'posx': -0.2, 'posy': 0.05}
100.5013 	EXP 	New trial (rep=0, index=2): {'timepresentation': 3, 'posx': -0.4, 'posy': 0.05}
100.5185 	EXP 	Imported imgs/iceberg_times.xlsx as conditions, 3 conditions, 3 params
100.5188 	EXP 	Created sequence: sequential, trialTypes=3, nReps=1, seed=None
100.5189 	EXP 	New trial (rep=0, index=0): {'timepresentation': 9, 'posx': 0.5, 'posy': 0.05}
100.5243 	EXP 	Sound  started
101.4690 	EXP 	text_10: autoDraw = False
101.4690 	EXP 	image_14: image = 'imgs/iceberg.png'
101.4690 	EXP 	image_14: autoDraw = False
101.4690 	EXP 	image_14: image = 'imgs/iceberg.png'
101.4690 	EXP 	image_14: autoDraw = False
101.4690 	EXP 	image_14: image = 'imgs/iceberg.png'
101.4690 	EXP 	image_14: autoDraw = False
101.4690 	EXP 	image_15: image = 'imgs/iceberg.png'
101.4690 	EXP 	Set unnamed MovieStim3 playing
101.4696 	WARNING 	1.945235799998045: Video catchup needed, advancing self._nextFrameT from 1.0416666666666663 to 1.083333333333333
101.4697 	WARNING 	1.9453153999056667: Video catchup needed, advancing self._nextFrameT from 1.083333333333333 to 1.1249999999999998
101.4697 	WARNING 	1.945356999989599: Video catchup needed, advancing self._nextFrameT from 1.1249999999999998 to 1.1666666666666665
101.4697 	WARNING 	1.9453942999243736: Video catchup needed, advancing self._nextFrameT from 1.1666666666666665 to 1.2083333333333333
101.4698 	WARNING 	1.9454308999702334: Video catchup needed, advancing self._nextFrameT from 1.2083333333333333 to 1.25
101.4698 	WARNING 	1.9454667000100017: Video catchup needed, advancing self._nextFrameT from 1.25 to 1.2916666666666667
101.4698 	WARNING 	1.9455033999402076: Video catchup needed, advancing self._nextFrameT from 1.2916666666666667 to 1.3333333333333335
101.4699 	WARNING 	1.945539099862799: Video catchup needed, advancing self._nextFrameT from 1.3333333333333335 to 1.3750000000000002
101.4699 	WARNING 	1.9455985999666154: Video catchup needed, advancing self._nextFrameT from 1.3750000000000002 to 1.416666666666667
101.4700 	WARNING 	1.9456333999987692: Video catchup needed, advancing self._nextFrameT from 1.416666666666667 to 1.4583333333333337
101.4700 	WARNING 	Max reportNDroppedFrames reached, will not log any more dropped frames
109.5158 	EXP 	image_15: autoDraw = True
109.8205 	EXP 	New trial (rep=0, index=1): {'timepresentation': 6, 'posx': -0.2, 'posy': 0.05}
109.8405 	DATA 	Keypress: space
109.8507 	EXP 	image_15: autoDraw = False
109.8507 	EXP 	image_15: image = 'imgs/iceberg.png'
115.8481 	EXP 	image_15: autoDraw = True
116.2528 	EXP 	New trial (rep=0, index=2): {'timepresentation': 3, 'posx': -0.4, 'posy': 0.05}
116.2730 	DATA 	Keypress: space
116.2832 	EXP 	image_15: autoDraw = False
116.2832 	EXP 	image_15: image = 'imgs/iceberg.png'
119.2530 	EXP 	image_15: autoDraw = True
119.6092 	DATA 	Keypress: space
119.6619 	EXP 	Sound  stopped
119.6832 	EXP 	Imported imgs/iceberg_times.xlsx as conditions, 3 conditions, 3 params
119.6836 	EXP 	Created sequence: sequential, trialTypes=3, nReps=1, seed=None
119.6838 	EXP 	New trial (rep=0, index=0): {'timepresentation': 9, 'posx': 0.5, 'posy': 0.05}
119.6839 	EXP 	Sound  started
119.6933 	EXP 	New trial (rep=0, index=1): {'timepresentation': 6, 'posx': -0.2, 'posy': 0.05}
119.7007 	EXP 	New trial (rep=0, index=2): {'timepresentation': 3, 'posx': -0.4, 'posy': 0.05}
119.7413 	EXP 	Sound  stopped
119.7628 	EXP 	Imported imgs/iceberg_times.xlsx as conditions, 3 conditions, 3 params
119.7632 	EXP 	Created sequence: sequential, trialTypes=3, nReps=1, seed=None
119.7634 	EXP 	New trial (rep=0, index=0): {'timepresentation': 9, 'posx': 0.5, 'posy': 0.05}
119.7635 	EXP 	Sound  started
119.7638 	EXP 	Sound  started
119.7720 	EXP 	New trial (rep=0, index=1): {'timepresentation': 6, 'posx': -0.2, 'posy': 0.05}
119.7788 	EXP 	New trial (rep=0, index=2): {'timepresentation': 3, 'posx': -0.4, 'posy': 0.05}
119.8112 	EXP 	Sound  stopped
119.8417 	EXP 	Sound  stopped
119.8509 	EXP 	image_15: autoDraw = False
119.8509 	EXP 	Set unnamed MovieStim3 stopped
119.8509 	EXP 	Set unnamed MovieStim3 playing
119.8509 	EXP 	image_16: image = 'imgs/iceberg.png'
119.8509 	EXP 	image_16: autoDraw = False
119.8509 	EXP 	image_16: image = 'imgs/iceberg.png'
119.8509 	EXP 	image_16: autoDraw = False
119.8509 	EXP 	image_16: image = 'imgs/iceberg.png'
119.8509 	EXP 	image_16: autoDraw = False
119.8509 	EXP 	Set unnamed MovieStim3 stopped
119.8509 	EXP 	Set unnamed MovieStim3 playing
119.8509 	EXP 	Set unnamed MovieStim3 playing
119.8509 	EXP 	image_17: image = 'imgs/iceberg.png'
119.8509 	EXP 	image_17: autoDraw = False
119.8509 	EXP 	image_17: image = 'imgs/iceberg.png'
119.8509 	EXP 	image_17: autoDraw = False
119.8509 	EXP 	image_17: image = 'imgs/iceberg.png'
119.8509 	EXP 	image_17: autoDraw = False
119.8509 	EXP 	Set unnamed MovieStim3 stopped
119.8509 	EXP 	Set unnamed MovieStim3 stopped
119.8509 	EXP 	text_4: autoDraw = True
121.8606 	EXP 	text_4: autoDraw = False
121.8608 	EXP 	tarea_iceberg: status = STOPPED
121.9348 	EXP 	window1: mouseVisible = True
