18.0955 	WARNING 	User requested fullscreen with size [1536  864], but screen is actually [1920, 1080]. Using actual size
18.7849 	EXP 	Created window1 = Window(allowGUI=True, allowStencil=False, autoLog=True, backendConf=UNKNOWN, backgroundFit=<method-wrapper '__getattribute__' of attributeSetter object at 0x000001A671D13CD0>, backgroundImage=<method-wrapper '__getattribute__' of attributeSetter object at 0x000001A671D13C70>, bitsMode=UNKNOWN, blendMode='avg', bpc=(8, 8, 8), color=array([0, 0, 0]), colorSpace='rgb', depthBits=8, fullscr=<method-wrapper '__getattribute__' of attributeSetter object at 0x000001A671D13AF0>, gamma=None, gammaErrorPolicy='raise', lms=UNKNOWN, monitor=<psychopy.monitors.calibTools.Monitor object at 0x000001A67215AEB0>, multiSample=False, name='window1', numSamples=2, pos=(1920, 789), screen=0, size=array([1920, 1080]), stencilBits=0, stereo=False, title='PsychoPy', units='height', useFBO=True, useRetina=False, viewOri=0.0, viewPos=None, viewScale=None, waitBlanking=True, winType='pyglet')
18.7850 	EXP 	window1: mouseVisible = True
18.7850 	EXP 	window1: backgroundImage = ''
18.7850 	EXP 	window1: backgroundFit = 'none'
18.7860 	EXP 	window1: Attempting to measure frame rate of screen (0) ...
18.7861 	EXP 	window1: recordFrameIntervals = False
18.9516 	EXP 	window1: recordFrameIntervals = True
19.1357 	EXP 	Screen (0) actual frame rate measured at 59.75Hz
19.1358 	EXP 	window1: recordFrameIntervals = False
19.1358 	EXP 	window1: mouseVisible = False
21.2445 	EXP 	tarea_iceberg: status = STARTED
21.2447 	EXP 	window1: mouseVisible = True
21.2454 	WARNING 	Requested image 'imgs/logo_OB.jpeg' not found but similar filename 'imgs/logo_OB.png' exists. This will be used instead but changing the filename is advised.
21.2516 	WARNING 	Requested image 'imgs/logo_OB.jpeg' not found but similar filename 'imgs/logo_OB.png' exists. This will be used instead but changing the filename is advised.
21.2562 	WARNING 	Requested image 'imgs/logo_OB.jpeg' not found but similar filename 'imgs/logo_OB.png' exists. This will be used instead but changing the filename is advised.
21.2609 	WARNING 	Requested image 'imgs/logo_OB.jpeg' not found but similar filename 'imgs/logo_OB.png' exists. This will be used instead but changing the filename is advised.
21.2665 	EXP 	Created image_5 = ImageStim(__class__=<class 'psychopy.visual.image.ImageStim'>, anchor=('center', 'center'), autoLog=True, color=array([1., 1., 1.]), colorSpace='rgb', contrast=1.0, depth=0.0, draggable=False, flipHoriz=False, flipVert=False, image='imgs/logo_OB.jpeg', interpolate=True, mask=None, maskParams=None, name='image_5', opacity=1.0, ori=0.0, pos=array([0., 0.]), size=array([0.6, 0.7]), texRes=128.0, units='height', win=Window(...))
21.2669 	EXP 	window1: mouseVisible = True
21.3453 	EXP 	Created text_6 = TextStim(__class__=<class 'psychopy.visual.text.TextStim'>, alignHoriz=method-wrapper(...), alignText='center', alignVert=method-wrapper(...), anchorHoriz='center', anchorVert='center', antialias=True, autoDraw=False, autoLog=True, bold=False, color=array([1., 1., 1.]), colorSpace='rgb', contrast=1.0, depth=-1.0, draggable=False, flipHoriz=False, flipVert=False, font='Open Sans', fontFiles=[], height=0.04, italic=False, languageStyle='LTR', name='text_6', opacity=1.0, ori=0.0, pos=array([ 0.  , -0.35]), rgb=UNKNOWN, text='¡Bienvenido a un experimento de Open Brains!', units='height', win=Window(...), wrapWidth=1)
21.3456 	EXP 	window1: mouseVisible = True
21.3785 	EXP 	Created text_5 = TextStim(__class__=<class 'psychopy.visual.text.TextStim'>, alignHoriz=method-wrapper(...), alignText='center', alignVert=method-wrapper(...), anchorHoriz='center', anchorVert='center', antialias=True, autoDraw=False, autoLog=True, bold=False, color=array([1., 1., 1.]), colorSpace='rgb', contrast=1.0, depth=0.0, draggable=False, flipHoriz=False, flipVert=False, font='Open Sans', fontFiles=[], height=0.035, italic=False, languageStyle='LTR', name='text_5', opacity=1.0, ori=0.0, pos=array([0., 0.]), rgb=UNKNOWN, text=str(...), units='height', win=Window(...), wrapWidth=1)
21.3786 	EXP 	window1: mouseVisible = True
21.3800 	EXP 	Created text_7 = TextStim(__class__=<class 'psychopy.visual.text.TextStim'>, alignHoriz=method-wrapper(...), alignText='center', alignVert=method-wrapper(...), anchorHoriz='center', anchorVert='center', antialias=True, autoDraw=False, autoLog=True, bold=False, color=array([1., 1., 1.]), colorSpace='rgb', contrast=1.0, depth=0.0, draggable=False, flipHoriz=False, flipVert=False, font='Open Sans', fontFiles=[], height=0.05, italic=False, languageStyle='LTR', name='text_7', opacity=1.0, ori=0.0, pos=array([0., 0.]), rgb=UNKNOWN, text='', units='height', win=Window(...), wrapWidth=1)
21.3802 	EXP 	window1: mouseVisible = True
21.3911 	EXP 	Created image = ImageStim(__class__=<class 'psychopy.visual.image.ImageStim'>, anchor=('center', 'center'), autoLog=True, color=array([1., 1., 1.]), colorSpace='rgb', contrast=1.0, depth=-1.0, draggable=False, flipHoriz=False, flipVert=False, image='default.png', interpolate=True, mask=None, maskParams=None, name='image', opacity=1.0, ori=0.0, pos=array([0., 0.]), size=array([0.3, 0.3]), texRes=128.0, units='height', win=Window(...))
21.5200 	EXP 	Created unnamed MovieStim3 = MovieStim3(__class__=<class 'psychopy.visual.movie3.MovieStim3'>, anchor=('center', 'center'), autoLog=True, color=UNKNOWN, colorSpace=UNKNOWN, depth=0.0, filename='imgs/video_mar_luis.mp4', flipHoriz=False, flipVert=False, fps=UNKNOWN, interpolate=True, loop=True, name='unnamed MovieStim3', noAudio=False, opacity=1, ori=method-wrapper(...), pos=array([0., 0.]), size=None, units='pix', vframe_callback=UNKNOWN, volume=UNKNOWN, win=Window(...))
22.8279 	WARNING 	1.307811199920252: Video catchup needed, advancing self._nextFrameT from 0.0 to 0.03333333333333333
22.8280 	WARNING 	1.3079195999307558: Video catchup needed, advancing self._nextFrameT from 0.03333333333333333 to 0.06666666666666667
22.8280 	WARNING 	1.307932800031267: Video catchup needed, advancing self._nextFrameT from 0.06666666666666667 to 0.1
22.8280 	WARNING 	1.3079583999933675: Video catchup needed, advancing self._nextFrameT from 0.1 to 0.13333333333333333
22.8280 	WARNING 	1.3079671999439597: Video catchup needed, advancing self._nextFrameT from 0.13333333333333333 to 0.16666666666666666
22.8280 	WARNING 	1.307976600015536: Video catchup needed, advancing self._nextFrameT from 0.16666666666666666 to 0.19999999999999998
22.8281 	WARNING 	1.3079859999706969: Video catchup needed, advancing self._nextFrameT from 0.19999999999999998 to 0.2333333333333333
22.8281 	WARNING 	1.3079953999258578: Video catchup needed, advancing self._nextFrameT from 0.2333333333333333 to 0.26666666666666666
22.8281 	WARNING 	1.308004999998957: Video catchup needed, advancing self._nextFrameT from 0.26666666666666666 to 0.3
22.8281 	WARNING 	1.3080172999761999: Video catchup needed, advancing self._nextFrameT from 0.3 to 0.3333333333333333
22.8281 	WARNING 	Max reportNDroppedFrames reached, will not log any more dropped frames
23.1448 	EXP 	window1: mouseVisible = True
23.1573 	EXP 	Created image_2 = ImageStim(__class__=<class 'psychopy.visual.image.ImageStim'>, anchor=('center', 'center'), autoLog=True, color=array([1., 1., 1.]), colorSpace='rgb', contrast=1.0, depth=-1.0, draggable=False, flipHoriz=False, flipVert=False, image='default.png', interpolate=True, mask=None, maskParams=None, name='image_2', opacity=1.0, ori=0.0, pos=array([0., 0.]), size=array([0.3, 0.3]), texRes=128.0, units='height', win=Window(...))
23.1576 	EXP 	Created unnamed MovieStim3 = MovieStim3(__class__=<class 'psychopy.visual.movie3.MovieStim3'>, anchor=('center', 'center'), autoLog=True, color=UNKNOWN, colorSpace=UNKNOWN, depth=0.0, filename='imgs/song_titanic.mp4', flipHoriz=False, flipVert=False, fps=UNKNOWN, interpolate=True, loop=False, name='unnamed MovieStim3', noAudio=False, opacity=1, ori=method-wrapper(...), pos=array([0., 0.]), size=None, units='pix', vframe_callback=UNKNOWN, volume=UNKNOWN, win=Window(...))
23.9428 	WARNING 	0.7852160999318585: Video catchup needed, advancing self._nextFrameT from 0.0 to 0.041666666666666664
23.9428 	WARNING 	0.7852526999777183: Video catchup needed, advancing self._nextFrameT from 0.041666666666666664 to 0.08333333333333333
23.9429 	WARNING 	0.7852645999519154: Video catchup needed, advancing self._nextFrameT from 0.08333333333333333 to 0.125
23.9429 	WARNING 	0.7852750999154523: Video catchup needed, advancing self._nextFrameT from 0.125 to 0.16666666666666666
23.9429 	WARNING 	0.7852846999885514: Video catchup needed, advancing self._nextFrameT from 0.16666666666666666 to 0.20833333333333331
23.9429 	WARNING 	0.785293799941428: Video catchup needed, advancing self._nextFrameT from 0.20833333333333331 to 0.24999999999999997
23.9429 	WARNING 	0.7853038999019191: Video catchup needed, advancing self._nextFrameT from 0.24999999999999997 to 0.29166666666666663
23.9429 	WARNING 	0.7853132999734953: Video catchup needed, advancing self._nextFrameT from 0.29166666666666663 to 0.3333333333333333
23.9429 	WARNING 	0.7853226999286562: Video catchup needed, advancing self._nextFrameT from 0.3333333333333333 to 0.375
23.9429 	WARNING 	0.7853316999971867: Video catchup needed, advancing self._nextFrameT from 0.375 to 0.4166666666666667
23.9429 	WARNING 	Max reportNDroppedFrames reached, will not log any more dropped frames
23.9584 	EXP 	Created unnamed MovieStim3 = MovieStim3(__class__=<class 'psychopy.visual.movie3.MovieStim3'>, anchor=('center', 'center'), autoLog=True, color=UNKNOWN, colorSpace=UNKNOWN, depth=0.0, filename='imgs/titanic_spanish.mp4', flipHoriz=False, flipVert=False, fps=UNKNOWN, interpolate=True, loop=False, name='unnamed MovieStim3', noAudio=False, opacity=1, ori=method-wrapper(...), pos=array([0., 0.]), size=None, units='pix', vframe_callback=UNKNOWN, volume=UNKNOWN, win=Window(...))
25.3168 	WARNING 	1.3583437000634149: Video catchup needed, advancing self._nextFrameT from 0.0 to 0.04
25.3169 	WARNING 	1.3584611000260338: Video catchup needed, advancing self._nextFrameT from 0.04 to 0.08
25.3169 	WARNING 	1.3584763000253588: Video catchup needed, advancing self._nextFrameT from 0.08 to 0.12
25.3169 	WARNING 	1.3584888000041246: Video catchup needed, advancing self._nextFrameT from 0.12 to 0.16
25.3169 	WARNING 	1.358499800087884: Video catchup needed, advancing self._nextFrameT from 0.16 to 0.2
25.3169 	WARNING 	1.3585089000407606: Video catchup needed, advancing self._nextFrameT from 0.2 to 0.24000000000000002
25.3169 	WARNING 	1.3585252000484616: Video catchup needed, advancing self._nextFrameT from 0.24000000000000002 to 0.28
25.3169 	WARNING 	1.358535600011237: Video catchup needed, advancing self._nextFrameT from 0.28 to 0.32
25.3170 	WARNING 	1.3585449000820518: Video catchup needed, advancing self._nextFrameT from 0.32 to 0.36
25.3170 	WARNING 	1.3585533000295982: Video catchup needed, advancing self._nextFrameT from 0.36 to 0.39999999999999997
25.3170 	WARNING 	Max reportNDroppedFrames reached, will not log any more dropped frames
25.3698 	EXP 	window1: mouseVisible = True
25.3835 	EXP 	Created image_3 = ImageStim(__class__=<class 'psychopy.visual.image.ImageStim'>, anchor=('center', 'center'), autoLog=True, color=array([1., 1., 1.]), colorSpace='rgb', contrast=1.0, depth=-3.0, draggable=False, flipHoriz=False, flipVert=False, image='default.png', interpolate=True, mask=None, maskParams=None, name='image_3', opacity=1.0, ori=0.0, pos=array([0., 0.]), size=array([0.3, 0.3]), texRes=128.0, units='height', win=Window(...))
25.3838 	EXP 	Created unnamed MovieStim3 = MovieStim3(__class__=<class 'psychopy.visual.movie3.MovieStim3'>, anchor=('center', 'center'), autoLog=True, color=UNKNOWN, colorSpace=UNKNOWN, depth=0.0, filename='imgs/titanic_spanish.mp4', flipHoriz=False, flipVert=False, fps=UNKNOWN, interpolate=True, loop=False, name='unnamed MovieStim3', noAudio=False, opacity=1, ori=method-wrapper(...), pos=array([0., 0.]), size=None, units='pix', vframe_callback=UNKNOWN, volume=UNKNOWN, win=Window(...))
26.6843 	WARNING 	1.300505599938333: Video catchup needed, advancing self._nextFrameT from 0.0 to 0.04
26.6843 	WARNING 	1.3005657999310642: Video catchup needed, advancing self._nextFrameT from 0.04 to 0.08
26.6844 	WARNING 	1.3005826999433339: Video catchup needed, advancing self._nextFrameT from 0.08 to 0.12
26.6844 	WARNING 	1.3005973999388516: Video catchup needed, advancing self._nextFrameT from 0.12 to 0.16
26.6844 	WARNING 	1.3006113999290392: Video catchup needed, advancing self._nextFrameT from 0.16 to 0.2
26.6844 	WARNING 	1.3006250000325963: Video catchup needed, advancing self._nextFrameT from 0.2 to 0.24000000000000002
26.6844 	WARNING 	1.3006447999505326: Video catchup needed, advancing self._nextFrameT from 0.24000000000000002 to 0.28
26.6844 	WARNING 	1.3006590999430045: Video catchup needed, advancing self._nextFrameT from 0.28 to 0.32
26.6845 	WARNING 	1.3006727999309078: Video catchup needed, advancing self._nextFrameT from 0.32 to 0.36
26.6845 	WARNING 	1.3006867000367492: Video catchup needed, advancing self._nextFrameT from 0.36 to 0.39999999999999997
26.6845 	WARNING 	Max reportNDroppedFrames reached, will not log any more dropped frames
26.7197 	EXP 	Created unnamed MovieStim3 = MovieStim3(__class__=<class 'psychopy.visual.movie3.MovieStim3'>, anchor=('center', 'center'), autoLog=True, color=UNKNOWN, colorSpace=UNKNOWN, depth=0.0, filename='imgs/titanic.mp4', flipHoriz=False, flipVert=False, fps=UNKNOWN, interpolate=True, loop=False, name='unnamed MovieStim3', noAudio=False, opacity=1, ori=method-wrapper(...), pos=array([   0., -350.]), size=None, units='pix', vframe_callback=UNKNOWN, volume=UNKNOWN, win=Window(...))
27.9903 	WARNING 	1.2704763999208808: Video catchup needed, advancing self._nextFrameT from 0.0 to 0.03336666666666667
27.9903 	WARNING 	1.2705692999297753: Video catchup needed, advancing self._nextFrameT from 0.03336666666666667 to 0.06673333333333334
27.9904 	WARNING 	1.2705834999214858: Video catchup needed, advancing self._nextFrameT from 0.06673333333333334 to 0.10010000000000001
27.9904 	WARNING 	1.270594900008291: Video catchup needed, advancing self._nextFrameT from 0.10010000000000001 to 0.13346666666666668
27.9904 	WARNING 	1.2706058999756351: Video catchup needed, advancing self._nextFrameT from 0.13346666666666668 to 0.16683333333333333
27.9904 	WARNING 	1.270615499932319: Video catchup needed, advancing self._nextFrameT from 0.16683333333333333 to 0.2002
27.9904 	WARNING 	1.270624400000088: Video catchup needed, advancing self._nextFrameT from 0.2002 to 0.23356666666666664
27.9904 	WARNING 	1.2706332999514416: Video catchup needed, advancing self._nextFrameT from 0.23356666666666664 to 0.2669333333333333
27.9904 	WARNING 	1.2706420999020338: Video catchup needed, advancing self._nextFrameT from 0.2669333333333333 to 0.30029999999999996
27.9904 	WARNING 	1.2706511999713257: Video catchup needed, advancing self._nextFrameT from 0.30029999999999996 to 0.3336666666666666
27.9904 	WARNING 	Max reportNDroppedFrames reached, will not log any more dropped frames
28.0373 	EXP 	window1: mouseVisible = True
28.0505 	EXP 	Created image_4 = ImageStim(__class__=<class 'psychopy.visual.image.ImageStim'>, anchor=('center', 'center'), autoLog=True, color=array([1., 1., 1.]), colorSpace='rgb', contrast=1.0, depth=-4.0, draggable=False, flipHoriz=False, flipVert=False, image='default.png', interpolate=True, mask=None, maskParams=None, name='image_4', opacity=1.0, ori=0.0, pos=array([0., 0.]), size=array([0.3, 0.3]), texRes=128.0, units='height', win=Window(...))
28.0506 	EXP 	window1: mouseVisible = True
28.0515 	EXP 	Created text_8 = TextStim(__class__=<class 'psychopy.visual.text.TextStim'>, alignHoriz=method-wrapper(...), alignText='center', alignVert=method-wrapper(...), anchorHoriz='center', anchorVert='center', antialias=True, autoDraw=False, autoLog=True, bold=False, color=array([1., 1., 1.]), colorSpace='rgb', contrast=1.0, depth=0.0, draggable=False, flipHoriz=False, flipVert=False, font='Open Sans', fontFiles=[], height=0.05, italic=False, languageStyle='LTR', name='text_8', opacity=1.0, ori=0.0, pos=array([0., 0.]), rgb=UNKNOWN, text='', units='height', win=Window(...), wrapWidth=1)
28.0516 	EXP 	window1: mouseVisible = True
28.0645 	EXP 	Created image_6 = ImageStim(__class__=<class 'psychopy.visual.image.ImageStim'>, anchor=('center', 'center'), autoLog=True, color=array([1., 1., 1.]), colorSpace='rgb', contrast=1.0, depth=-1.0, draggable=False, flipHoriz=False, flipVert=False, image='default.png', interpolate=True, mask=None, maskParams=None, name='image_6', opacity=1.0, ori=0.0, pos=array([0., 0.]), size=array([0.3, 0.3]), texRes=128.0, units='height', win=Window(...))
28.0648 	EXP 	Created unnamed MovieStim3 = MovieStim3(__class__=<class 'psychopy.visual.movie3.MovieStim3'>, anchor=('center', 'center'), autoLog=True, color=UNKNOWN, colorSpace=UNKNOWN, depth=0.0, filename='imgs/video_mar_luis.mp4', flipHoriz=False, flipVert=False, fps=UNKNOWN, interpolate=True, loop=True, name='unnamed MovieStim3', noAudio=False, opacity=1, ori=method-wrapper(...), pos=array([0., 0.]), size=None, units='pix', vframe_callback=UNKNOWN, volume=UNKNOWN, win=Window(...))
28.7630 	WARNING 	0.6981138000264764: Video catchup needed, advancing self._nextFrameT from 0.0 to 0.03333333333333333
28.7630 	WARNING 	0.698160900035873: Video catchup needed, advancing self._nextFrameT from 0.03333333333333333 to 0.06666666666666667
28.7630 	WARNING 	0.6981731000123546: Video catchup needed, advancing self._nextFrameT from 0.06666666666666667 to 0.1
28.7630 	WARNING 	0.6981836999766529: Video catchup needed, advancing self._nextFrameT from 0.1 to 0.13333333333333333
28.7630 	WARNING 	0.6981929999310523: Video catchup needed, advancing self._nextFrameT from 0.13333333333333333 to 0.16666666666666666
28.7630 	WARNING 	0.69820250000339: Video catchup needed, advancing self._nextFrameT from 0.16666666666666666 to 0.19999999999999998
28.7631 	WARNING 	0.6982114999555051: Video catchup needed, advancing self._nextFrameT from 0.19999999999999998 to 0.2333333333333333
28.7631 	WARNING 	0.6982203000225127: Video catchup needed, advancing self._nextFrameT from 0.2333333333333333 to 0.26666666666666666
28.7631 	WARNING 	0.6982298999791965: Video catchup needed, advancing self._nextFrameT from 0.26666666666666666 to 0.3
28.7631 	WARNING 	0.6982386999297887: Video catchup needed, advancing self._nextFrameT from 0.3 to 0.3333333333333333
28.7631 	WARNING 	Max reportNDroppedFrames reached, will not log any more dropped frames
28.9829 	EXP 	window1: mouseVisible = True
28.9938 	EXP 	Created image_7 = ImageStim(__class__=<class 'psychopy.visual.image.ImageStim'>, anchor=('center', 'center'), autoLog=True, color=array([1., 1., 1.]), colorSpace='rgb', contrast=1.0, depth=-1.0, draggable=False, flipHoriz=False, flipVert=False, image='default.png', interpolate=True, mask=None, maskParams=None, name='image_7', opacity=1.0, ori=0.0, pos=array([0., 0.]), size=array([0.3, 0.3]), texRes=128.0, units='height', win=Window(...))
28.9941 	EXP 	Created unnamed MovieStim3 = MovieStim3(__class__=<class 'psychopy.visual.movie3.MovieStim3'>, anchor=('center', 'center'), autoLog=True, color=UNKNOWN, colorSpace=UNKNOWN, depth=0.0, filename='imgs/song_titanic.mp4', flipHoriz=False, flipVert=False, fps=UNKNOWN, interpolate=True, loop=False, name='unnamed MovieStim3', noAudio=False, opacity=1, ori=method-wrapper(...), pos=array([0., 0.]), size=None, units='pix', vframe_callback=UNKNOWN, volume=UNKNOWN, win=Window(...))
29.8303 	WARNING 	0.8361634999746457: Video catchup needed, advancing self._nextFrameT from 0.0 to 0.041666666666666664
29.8303 	WARNING 	0.8362099999794737: Video catchup needed, advancing self._nextFrameT from 0.041666666666666664 to 0.08333333333333333
29.8303 	WARNING 	0.8362221999559551: Video catchup needed, advancing self._nextFrameT from 0.08333333333333333 to 0.125
29.8303 	WARNING 	0.8362319000298157: Video catchup needed, advancing self._nextFrameT from 0.125 to 0.16666666666666666
29.8303 	WARNING 	0.8362413999857381: Video catchup needed, advancing self._nextFrameT from 0.16666666666666666 to 0.20833333333333331
29.8304 	WARNING 	0.8362509999424219: Video catchup needed, advancing self._nextFrameT from 0.20833333333333331 to 0.24999999999999997
29.8304 	WARNING 	0.8362602000124753: Video catchup needed, advancing self._nextFrameT from 0.24999999999999997 to 0.29166666666666663
29.8304 	WARNING 	0.8362695999676362: Video catchup needed, advancing self._nextFrameT from 0.29166666666666663 to 0.3333333333333333
29.8304 	WARNING 	0.8362787000369281: Video catchup needed, advancing self._nextFrameT from 0.3333333333333333 to 0.375
29.8304 	WARNING 	0.8362875999882817: Video catchup needed, advancing self._nextFrameT from 0.375 to 0.4166666666666667
29.8304 	WARNING 	Max reportNDroppedFrames reached, will not log any more dropped frames
29.8507 	EXP 	Created unnamed MovieStim3 = MovieStim3(__class__=<class 'psychopy.visual.movie3.MovieStim3'>, anchor=('center', 'center'), autoLog=True, color=UNKNOWN, colorSpace=UNKNOWN, depth=0.0, filename='imgs/titanic_spanish.mp4', flipHoriz=False, flipVert=False, fps=UNKNOWN, interpolate=True, loop=False, name='unnamed MovieStim3', noAudio=False, opacity=1, ori=method-wrapper(...), pos=array([0., 0.]), size=None, units='pix', vframe_callback=UNKNOWN, volume=UNKNOWN, win=Window(...))
31.6252 	WARNING 	1.7744051000336185: Video catchup needed, advancing self._nextFrameT from 0.0 to 0.04
31.6252 	WARNING 	1.774502499960363: Video catchup needed, advancing self._nextFrameT from 0.04 to 0.08
31.6252 	WARNING 	1.7745153000578284: Video catchup needed, advancing self._nextFrameT from 0.08 to 0.12
31.6253 	WARNING 	1.7745260000228882: Video catchup needed, advancing self._nextFrameT from 0.12 to 0.16
31.6253 	WARNING 	1.774548799963668: Video catchup needed, advancing self._nextFrameT from 0.16 to 0.2
31.6253 	WARNING 	1.7745584000367671: Video catchup needed, advancing self._nextFrameT from 0.2 to 0.24000000000000002
31.6253 	WARNING 	1.774568699998781: Video catchup needed, advancing self._nextFrameT from 0.24000000000000002 to 0.28
31.6253 	WARNING 	1.774578099953942: Video catchup needed, advancing self._nextFrameT from 0.28 to 0.32
31.6253 	WARNING 	1.7745875000255182: Video catchup needed, advancing self._nextFrameT from 0.32 to 0.36
31.6253 	WARNING 	1.7745962999761105: Video catchup needed, advancing self._nextFrameT from 0.36 to 0.39999999999999997
31.6253 	WARNING 	Max reportNDroppedFrames reached, will not log any more dropped frames
31.6709 	EXP 	window1: mouseVisible = True
31.6837 	EXP 	Created image_8 = ImageStim(__class__=<class 'psychopy.visual.image.ImageStim'>, anchor=('center', 'center'), autoLog=True, color=array([1., 1., 1.]), colorSpace='rgb', contrast=1.0, depth=-3.0, draggable=False, flipHoriz=False, flipVert=False, image='default.png', interpolate=True, mask=None, maskParams=None, name='image_8', opacity=1.0, ori=0.0, pos=array([0., 0.]), size=array([0.3, 0.3]), texRes=128.0, units='height', win=Window(...))
31.6839 	EXP 	Created unnamed MovieStim3 = MovieStim3(__class__=<class 'psychopy.visual.movie3.MovieStim3'>, anchor=('center', 'center'), autoLog=True, color=UNKNOWN, colorSpace=UNKNOWN, depth=0.0, filename='imgs/titanic_spanish.mp4', flipHoriz=False, flipVert=False, fps=UNKNOWN, interpolate=True, loop=False, name='unnamed MovieStim3', noAudio=False, opacity=1, ori=method-wrapper(...), pos=array([0., 0.]), size=None, units='pix', vframe_callback=UNKNOWN, volume=UNKNOWN, win=Window(...))
33.1287 	WARNING 	1.4447340000187978: Video catchup needed, advancing self._nextFrameT from 0.0 to 0.04
33.1287 	WARNING 	1.4447974000358954: Video catchup needed, advancing self._nextFrameT from 0.04 to 0.08
33.1287 	WARNING 	1.4448087000055239: Video catchup needed, advancing self._nextFrameT from 0.08 to 0.12
33.1287 	WARNING 	1.4448186999652535: Video catchup needed, advancing self._nextFrameT from 0.12 to 0.16
33.1288 	WARNING 	1.4448280000360683: Video catchup needed, advancing self._nextFrameT from 0.16 to 0.2
33.1288 	WARNING 	1.444836899987422: Video catchup needed, advancing self._nextFrameT from 0.2 to 0.24000000000000002
33.1288 	WARNING 	1.44484609994106: Video catchup needed, advancing self._nextFrameT from 0.24000000000000002 to 0.28
33.1288 	WARNING 	1.444855700014159: Video catchup needed, advancing self._nextFrameT from 0.28 to 0.32
33.1288 	WARNING 	1.4448645999655128: Video catchup needed, advancing self._nextFrameT from 0.32 to 0.36
33.1288 	WARNING 	1.4448743000393733: Video catchup needed, advancing self._nextFrameT from 0.36 to 0.39999999999999997
33.1288 	WARNING 	Max reportNDroppedFrames reached, will not log any more dropped frames
33.1690 	EXP 	Created unnamed MovieStim3 = MovieStim3(__class__=<class 'psychopy.visual.movie3.MovieStim3'>, anchor=('center', 'center'), autoLog=True, color=UNKNOWN, colorSpace=UNKNOWN, depth=0.0, filename='imgs/titanic.mp4', flipHoriz=False, flipVert=False, fps=UNKNOWN, interpolate=True, loop=False, name='unnamed MovieStim3', noAudio=False, opacity=1, ori=method-wrapper(...), pos=array([   0., -350.]), size=None, units='pix', vframe_callback=UNKNOWN, volume=UNKNOWN, win=Window(...))
34.4266 	WARNING 	1.2575283999321982: Video catchup needed, advancing self._nextFrameT from 0.0 to 0.03336666666666667
34.4266 	WARNING 	1.2575663999887183: Video catchup needed, advancing self._nextFrameT from 0.03336666666666667 to 0.06673333333333334
34.4266 	WARNING 	1.2575777999591082: Video catchup needed, advancing self._nextFrameT from 0.06673333333333334 to 0.10010000000000001
34.4266 	WARNING 	1.2575877999188378: Video catchup needed, advancing self._nextFrameT from 0.10010000000000001 to 0.13346666666666668
34.4266 	WARNING 	1.2575969999888912: Video catchup needed, advancing self._nextFrameT from 0.13346666666666668 to 0.16683333333333333
34.4266 	WARNING 	1.257606399944052: Video catchup needed, advancing self._nextFrameT from 0.16683333333333333 to 0.2002
34.4267 	WARNING 	1.2576154998969287: Video catchup needed, advancing self._nextFrameT from 0.2002 to 0.23356666666666664
34.4267 	WARNING 	1.2576245999662206: Video catchup needed, advancing self._nextFrameT from 0.23356666666666664 to 0.2669333333333333
34.4267 	WARNING 	1.2576339999213815: Video catchup needed, advancing self._nextFrameT from 0.2669333333333333 to 0.30029999999999996
34.4267 	WARNING 	1.257643699995242: Video catchup needed, advancing self._nextFrameT from 0.30029999999999996 to 0.3336666666666666
34.4267 	WARNING 	Max reportNDroppedFrames reached, will not log any more dropped frames
34.4624 	EXP 	window1: mouseVisible = True
34.4739 	EXP 	Created image_9 = ImageStim(__class__=<class 'psychopy.visual.image.ImageStim'>, anchor=('center', 'center'), autoLog=True, color=array([1., 1., 1.]), colorSpace='rgb', contrast=1.0, depth=-4.0, draggable=False, flipHoriz=False, flipVert=False, image='default.png', interpolate=True, mask=None, maskParams=None, name='image_9', opacity=1.0, ori=0.0, pos=array([0., 0.]), size=array([0.3, 0.3]), texRes=128.0, units='height', win=Window(...))
34.4740 	EXP 	window1: mouseVisible = True
34.4750 	EXP 	Created text_9 = TextStim(__class__=<class 'psychopy.visual.text.TextStim'>, alignHoriz=method-wrapper(...), alignText='center', alignVert=method-wrapper(...), anchorHoriz='center', anchorVert='center', antialias=True, autoDraw=False, autoLog=True, bold=False, color=array([1., 1., 1.]), colorSpace='rgb', contrast=1.0, depth=0.0, draggable=False, flipHoriz=False, flipVert=False, font='Open Sans', fontFiles=[], height=0.05, italic=False, languageStyle='LTR', name='text_9', opacity=1.0, ori=0.0, pos=array([0., 0.]), rgb=UNKNOWN, text='', units='height', win=Window(...), wrapWidth=1)
34.4750 	EXP 	window1: mouseVisible = True
34.4869 	EXP 	Created image_10 = ImageStim(__class__=<class 'psychopy.visual.image.ImageStim'>, anchor=('center', 'center'), autoLog=True, color=array([1., 1., 1.]), colorSpace='rgb', contrast=1.0, depth=-1.0, draggable=False, flipHoriz=False, flipVert=False, image='default.png', interpolate=True, mask=None, maskParams=None, name='image_10', opacity=1.0, ori=0.0, pos=array([0., 0.]), size=array([0.3, 0.3]), texRes=128.0, units='height', win=Window(...))
34.4872 	EXP 	Created unnamed MovieStim3 = MovieStim3(__class__=<class 'psychopy.visual.movie3.MovieStim3'>, anchor=('center', 'center'), autoLog=True, color=UNKNOWN, colorSpace=UNKNOWN, depth=0.0, filename='imgs/video_mar_luis.mp4', flipHoriz=False, flipVert=False, fps=UNKNOWN, interpolate=True, loop=True, name='unnamed MovieStim3', noAudio=False, opacity=1, ori=method-wrapper(...), pos=array([0., 0.]), size=None, units='pix', vframe_callback=UNKNOWN, volume=UNKNOWN, win=Window(...))
35.0867 	WARNING 	0.5994712999090552: Video catchup needed, advancing self._nextFrameT from 0.0 to 0.03333333333333333
35.0867 	WARNING 	0.5995077999541536: Video catchup needed, advancing self._nextFrameT from 0.03333333333333333 to 0.06666666666666667
35.0867 	WARNING 	0.5995189999230206: Video catchup needed, advancing self._nextFrameT from 0.06666666666666667 to 0.1
35.0867 	WARNING 	0.5995287999976426: Video catchup needed, advancing self._nextFrameT from 0.1 to 0.13333333333333333
35.0867 	WARNING 	0.5995388999581337: Video catchup needed, advancing self._nextFrameT from 0.13333333333333333 to 0.16666666666666666
35.0867 	WARNING 	0.5995481999125332: Video catchup needed, advancing self._nextFrameT from 0.16666666666666666 to 0.19999999999999998
35.0867 	WARNING 	0.5995568999787793: Video catchup needed, advancing self._nextFrameT from 0.19999999999999998 to 0.2333333333333333
35.0868 	WARNING 	0.5995706999674439: Video catchup needed, advancing self._nextFrameT from 0.2333333333333333 to 0.26666666666666666
35.0868 	WARNING 	0.5995795999187976: Video catchup needed, advancing self._nextFrameT from 0.26666666666666666 to 0.3
35.0868 	WARNING 	0.5995878999819979: Video catchup needed, advancing self._nextFrameT from 0.3 to 0.3333333333333333
35.0868 	WARNING 	Max reportNDroppedFrames reached, will not log any more dropped frames
35.2589 	EXP 	window1: mouseVisible = True
35.2722 	EXP 	Created image_11 = ImageStim(__class__=<class 'psychopy.visual.image.ImageStim'>, anchor=('center', 'center'), autoLog=True, color=array([1., 1., 1.]), colorSpace='rgb', contrast=1.0, depth=-1.0, draggable=False, flipHoriz=False, flipVert=False, image='default.png', interpolate=True, mask=None, maskParams=None, name='image_11', opacity=1.0, ori=0.0, pos=array([0., 0.]), size=array([0.3, 0.3]), texRes=128.0, units='height', win=Window(...))
35.2725 	EXP 	Created unnamed MovieStim3 = MovieStim3(__class__=<class 'psychopy.visual.movie3.MovieStim3'>, anchor=('center', 'center'), autoLog=True, color=UNKNOWN, colorSpace=UNKNOWN, depth=0.0, filename='imgs/song_titanic.mp4', flipHoriz=False, flipVert=False, fps=UNKNOWN, interpolate=True, loop=False, name='unnamed MovieStim3', noAudio=False, opacity=1, ori=method-wrapper(...), pos=array([0., 0.]), size=None, units='pix', vframe_callback=UNKNOWN, volume=UNKNOWN, win=Window(...))
36.0865 	WARNING 	0.8139029999729246: Video catchup needed, advancing self._nextFrameT from 0.0 to 0.041666666666666664
36.0865 	WARNING 	0.8139487999724224: Video catchup needed, advancing self._nextFrameT from 0.041666666666666664 to 0.08333333333333333
36.0865 	WARNING 	0.8139586999313906: Video catchup needed, advancing self._nextFrameT from 0.08333333333333333 to 0.125
36.0865 	WARNING 	0.8139672999968752: Video catchup needed, advancing self._nextFrameT from 0.125 to 0.16666666666666666
36.0865 	WARNING 	0.8139755999436602: Video catchup needed, advancing self._nextFrameT from 0.16666666666666666 to 0.20833333333333331
36.0865 	WARNING 	0.8139839000068605: Video catchup needed, advancing self._nextFrameT from 0.20833333333333331 to 0.24999999999999997
36.0865 	WARNING 	0.8139917999505997: Video catchup needed, advancing self._nextFrameT from 0.24999999999999997 to 0.29166666666666663
36.0865 	WARNING 	0.8139998000115156: Video catchup needed, advancing self._nextFrameT from 0.29166666666666663 to 0.3333333333333333
36.0865 	WARNING 	0.8140080999583006: Video catchup needed, advancing self._nextFrameT from 0.3333333333333333 to 0.375
36.0865 	WARNING 	0.8140163000207394: Video catchup needed, advancing self._nextFrameT from 0.375 to 0.4166666666666667
36.0865 	WARNING 	Max reportNDroppedFrames reached, will not log any more dropped frames
36.1023 	EXP 	Created unnamed MovieStim3 = MovieStim3(__class__=<class 'psychopy.visual.movie3.MovieStim3'>, anchor=('center', 'center'), autoLog=True, color=UNKNOWN, colorSpace=UNKNOWN, depth=0.0, filename='imgs/titanic_spanish.mp4', flipHoriz=False, flipVert=False, fps=UNKNOWN, interpolate=True, loop=False, name='unnamed MovieStim3', noAudio=False, opacity=1, ori=method-wrapper(...), pos=array([0., 0.]), size=None, units='pix', vframe_callback=UNKNOWN, volume=UNKNOWN, win=Window(...))
37.3261 	WARNING 	1.2238038000650704: Video catchup needed, advancing self._nextFrameT from 0.0 to 0.04
37.3262 	WARNING 	1.223836399964057: Video catchup needed, advancing self._nextFrameT from 0.04 to 0.08
37.3262 	WARNING 	1.2238457000348717: Video catchup needed, advancing self._nextFrameT from 0.08 to 0.12
37.3262 	WARNING 	1.2238537999801338: Video catchup needed, advancing self._nextFrameT from 0.12 to 0.16
37.3262 	WARNING 	1.2238619000418112: Video catchup needed, advancing self._nextFrameT from 0.16 to 0.2
37.3262 	WARNING 	1.223869499983266: Video catchup needed, advancing self._nextFrameT from 0.2 to 0.24000000000000002
37.3262 	WARNING 	1.2238776000449434: Video catchup needed, advancing self._nextFrameT from 0.24000000000000002 to 0.28
37.3262 	WARNING 	1.2238852999871597: Video catchup needed, advancing self._nextFrameT from 0.28 to 0.32
37.3262 	WARNING 	1.2238931000465527: Video catchup needed, advancing self._nextFrameT from 0.32 to 0.36
37.3262 	WARNING 	1.2239042000146583: Video catchup needed, advancing self._nextFrameT from 0.36 to 0.39999999999999997
37.3262 	WARNING 	Max reportNDroppedFrames reached, will not log any more dropped frames
37.3606 	EXP 	window1: mouseVisible = True
37.3739 	EXP 	Created image_12 = ImageStim(__class__=<class 'psychopy.visual.image.ImageStim'>, anchor=('center', 'center'), autoLog=True, color=array([1., 1., 1.]), colorSpace='rgb', contrast=1.0, depth=-3.0, draggable=False, flipHoriz=False, flipVert=False, image='default.png', interpolate=True, mask=None, maskParams=None, name='image_12', opacity=1.0, ori=0.0, pos=array([0., 0.]), size=array([0.3, 0.3]), texRes=128.0, units='height', win=Window(...))
37.3741 	EXP 	Created unnamed MovieStim3 = MovieStim3(__class__=<class 'psychopy.visual.movie3.MovieStim3'>, anchor=('center', 'center'), autoLog=True, color=UNKNOWN, colorSpace=UNKNOWN, depth=0.0, filename='imgs/titanic_spanish.mp4', flipHoriz=False, flipVert=False, fps=UNKNOWN, interpolate=True, loop=False, name='unnamed MovieStim3', noAudio=False, opacity=1, ori=method-wrapper(...), pos=array([0., 0.]), size=None, units='pix', vframe_callback=UNKNOWN, volume=UNKNOWN, win=Window(...))
38.7274 	WARNING 	1.3532670000568032: Video catchup needed, advancing self._nextFrameT from 0.0 to 0.04
38.7274 	WARNING 	1.353297800058499: Video catchup needed, advancing self._nextFrameT from 0.04 to 0.08
38.7274 	WARNING 	1.3533077000174671: Video catchup needed, advancing self._nextFrameT from 0.08 to 0.12
38.7274 	WARNING 	1.3533155999612063: Video catchup needed, advancing self._nextFrameT from 0.12 to 0.16
38.7274 	WARNING 	1.3533229000167921: Video catchup needed, advancing self._nextFrameT from 0.16 to 0.2
38.7274 	WARNING 	1.353330299956724: Video catchup needed, advancing self._nextFrameT from 0.2 to 0.24000000000000002
38.7275 	WARNING 	1.353338100016117: Video catchup needed, advancing self._nextFrameT from 0.24000000000000002 to 0.28
38.7275 	WARNING 	1.3533459999598563: Video catchup needed, advancing self._nextFrameT from 0.28 to 0.32
38.7275 	WARNING 	1.3533534000162035: Video catchup needed, advancing self._nextFrameT from 0.32 to 0.36
38.7275 	WARNING 	1.3533605999546126: Video catchup needed, advancing self._nextFrameT from 0.36 to 0.39999999999999997
38.7275 	WARNING 	Max reportNDroppedFrames reached, will not log any more dropped frames
38.7576 	EXP 	Created unnamed MovieStim3 = MovieStim3(__class__=<class 'psychopy.visual.movie3.MovieStim3'>, anchor=('center', 'center'), autoLog=True, color=UNKNOWN, colorSpace=UNKNOWN, depth=0.0, filename='imgs/titanic.mp4', flipHoriz=False, flipVert=False, fps=UNKNOWN, interpolate=True, loop=False, name='unnamed MovieStim3', noAudio=False, opacity=1, ori=method-wrapper(...), pos=array([   0., -350.]), size=None, units='pix', vframe_callback=UNKNOWN, volume=UNKNOWN, win=Window(...))
40.2175 	WARNING 	1.4598111999221146: Video catchup needed, advancing self._nextFrameT from 0.0 to 0.03336666666666667
40.2175 	WARNING 	1.459846599958837: Video catchup needed, advancing self._nextFrameT from 0.03336666666666667 to 0.06673333333333334
40.2175 	WARNING 	1.4598603999475017: Video catchup needed, advancing self._nextFrameT from 0.06673333333333334 to 0.10010000000000001
40.2175 	WARNING 	1.4598717999178916: Video catchup needed, advancing self._nextFrameT from 0.10010000000000001 to 0.13346666666666668
40.2175 	WARNING 	1.4598823999986053: Video catchup needed, advancing self._nextFrameT from 0.13346666666666668 to 0.16683333333333333
40.2175 	WARNING 	1.4598929999629036: Video catchup needed, advancing self._nextFrameT from 0.16683333333333333 to 0.2002
40.2175 	WARNING 	1.4599029999226332: Video catchup needed, advancing self._nextFrameT from 0.2002 to 0.23356666666666664
40.2175 	WARNING 	1.4599130999995396: Video catchup needed, advancing self._nextFrameT from 0.23356666666666664 to 0.2669333333333333
40.2176 	WARNING 	1.4599240999668837: Video catchup needed, advancing self._nextFrameT from 0.2669333333333333 to 0.30029999999999996
40.2176 	WARNING 	1.4599340999266133: Video catchup needed, advancing self._nextFrameT from 0.30029999999999996 to 0.3336666666666666
40.2176 	WARNING 	Max reportNDroppedFrames reached, will not log any more dropped frames
40.2590 	EXP 	window1: mouseVisible = True
40.2726 	EXP 	Created image_13 = ImageStim(__class__=<class 'psychopy.visual.image.ImageStim'>, anchor=('center', 'center'), autoLog=True, color=array([1., 1., 1.]), colorSpace='rgb', contrast=1.0, depth=-4.0, draggable=False, flipHoriz=False, flipVert=False, image='default.png', interpolate=True, mask=None, maskParams=None, name='image_13', opacity=1.0, ori=0.0, pos=array([0., 0.]), size=array([0.3, 0.3]), texRes=128.0, units='height', win=Window(...))
40.2727 	EXP 	window1: mouseVisible = True
40.2735 	EXP 	Created text_10 = TextStim(__class__=<class 'psychopy.visual.text.TextStim'>, alignHoriz=method-wrapper(...), alignText='center', alignVert=method-wrapper(...), anchorHoriz='center', anchorVert='center', antialias=True, autoDraw=False, autoLog=True, bold=False, color=array([1., 1., 1.]), colorSpace='rgb', contrast=1.0, depth=0.0, draggable=False, flipHoriz=False, flipVert=False, font='Open Sans', fontFiles=[], height=0.05, italic=False, languageStyle='LTR', name='text_10', opacity=1.0, ori=0.0, pos=array([0., 0.]), rgb=UNKNOWN, text='', units='height', win=Window(...), wrapWidth=1)
40.2736 	EXP 	window1: mouseVisible = True
40.2849 	EXP 	Created image_14 = ImageStim(__class__=<class 'psychopy.visual.image.ImageStim'>, anchor=('center', 'center'), autoLog=True, color=array([1., 1., 1.]), colorSpace='rgb', contrast=1.0, depth=-1.0, draggable=False, flipHoriz=False, flipVert=False, image='default.png', interpolate=True, mask=None, maskParams=None, name='image_14', opacity=1.0, ori=0.0, pos=array([0., 0.]), size=array([0.3, 0.3]), texRes=128.0, units='height', win=Window(...))
40.2852 	EXP 	Created unnamed MovieStim3 = MovieStim3(__class__=<class 'psychopy.visual.movie3.MovieStim3'>, anchor=('center', 'center'), autoLog=True, color=UNKNOWN, colorSpace=UNKNOWN, depth=0.0, filename='imgs/video_mar_luis.mp4', flipHoriz=False, flipVert=False, fps=UNKNOWN, interpolate=True, loop=True, name='unnamed MovieStim3', noAudio=False, opacity=1, ori=method-wrapper(...), pos=array([0., 0.]), size=None, units='pix', vframe_callback=UNKNOWN, volume=UNKNOWN, win=Window(...))
40.9197 	WARNING 	0.6345021000597626: Video catchup needed, advancing self._nextFrameT from 0.0 to 0.03333333333333333
40.9197 	WARNING 	0.634542900021188: Video catchup needed, advancing self._nextFrameT from 0.03333333333333333 to 0.06666666666666667
40.9197 	WARNING 	0.6345552999991924: Video catchup needed, advancing self._nextFrameT from 0.06666666666666667 to 0.1
40.9197 	WARNING 	0.6345656999619678: Video catchup needed, advancing self._nextFrameT from 0.1 to 0.13333333333333333
40.9197 	WARNING 	0.6345754000358284: Video catchup needed, advancing self._nextFrameT from 0.13333333333333333 to 0.16666666666666666
40.9198 	WARNING 	0.6345854999963194: Video catchup needed, advancing self._nextFrameT from 0.16666666666666666 to 0.19999999999999998
40.9198 	WARNING 	0.6345951999537647: Video catchup needed, advancing self._nextFrameT from 0.19999999999999998 to 0.2333333333333333
40.9198 	WARNING 	0.6346050000283867: Video catchup needed, advancing self._nextFrameT from 0.2333333333333333 to 0.26666666666666666
40.9198 	WARNING 	0.6346144999843091: Video catchup needed, advancing self._nextFrameT from 0.26666666666666666 to 0.3
40.9198 	WARNING 	0.6346240000566468: Video catchup needed, advancing self._nextFrameT from 0.3 to 0.3333333333333333
40.9198 	WARNING 	Max reportNDroppedFrames reached, will not log any more dropped frames
41.1122 	EXP 	window1: mouseVisible = True
41.1243 	EXP 	Created image_15 = ImageStim(__class__=<class 'psychopy.visual.image.ImageStim'>, anchor=('center', 'center'), autoLog=True, color=array([1., 1., 1.]), colorSpace='rgb', contrast=1.0, depth=-1.0, draggable=False, flipHoriz=False, flipVert=False, image='default.png', interpolate=True, mask=None, maskParams=None, name='image_15', opacity=1.0, ori=0.0, pos=array([0., 0.]), size=array([0.3, 0.3]), texRes=128.0, units='height', win=Window(...))
41.1246 	EXP 	Created unnamed MovieStim3 = MovieStim3(__class__=<class 'psychopy.visual.movie3.MovieStim3'>, anchor=('center', 'center'), autoLog=True, color=UNKNOWN, colorSpace=UNKNOWN, depth=0.0, filename='imgs/song_titanic.mp4', flipHoriz=False, flipVert=False, fps=UNKNOWN, interpolate=True, loop=False, name='unnamed MovieStim3', noAudio=False, opacity=1, ori=method-wrapper(...), pos=array([0., 0.]), size=None, units='pix', vframe_callback=UNKNOWN, volume=UNKNOWN, win=Window(...))
41.9396 	WARNING 	0.8149987000506371: Video catchup needed, advancing self._nextFrameT from 0.0 to 0.041666666666666664
41.9396 	WARNING 	0.8150297000538558: Video catchup needed, advancing self._nextFrameT from 0.041666666666666664 to 0.08333333333333333
41.9396 	WARNING 	0.8150396000128239: Video catchup needed, advancing self._nextFrameT from 0.08333333333333333 to 0.125
41.9396 	WARNING 	0.8150481000775471: Video catchup needed, advancing self._nextFrameT from 0.125 to 0.16666666666666666
41.9396 	WARNING 	0.815056600025855: Video catchup needed, advancing self._nextFrameT from 0.16666666666666666 to 0.20833333333333331
41.9397 	WARNING 	0.8150645000860095: Video catchup needed, advancing self._nextFrameT from 0.20833333333333331 to 0.24999999999999997
41.9397 	WARNING 	0.8150719000259414: Video catchup needed, advancing self._nextFrameT from 0.24999999999999997 to 0.29166666666666663
41.9397 	WARNING 	0.8150795000838116: Video catchup needed, advancing self._nextFrameT from 0.29166666666666663 to 0.3333333333333333
41.9397 	WARNING 	0.8150873000267893: Video catchup needed, advancing self._nextFrameT from 0.3333333333333333 to 0.375
41.9397 	WARNING 	0.8150945000816137: Video catchup needed, advancing self._nextFrameT from 0.375 to 0.4166666666666667
41.9397 	WARNING 	Max reportNDroppedFrames reached, will not log any more dropped frames
41.9534 	EXP 	Created unnamed MovieStim3 = MovieStim3(__class__=<class 'psychopy.visual.movie3.MovieStim3'>, anchor=('center', 'center'), autoLog=True, color=UNKNOWN, colorSpace=UNKNOWN, depth=0.0, filename='imgs/titanic_spanish.mp4', flipHoriz=False, flipVert=False, fps=UNKNOWN, interpolate=True, loop=False, name='unnamed MovieStim3', noAudio=False, opacity=1, ori=method-wrapper(...), pos=array([0., 0.]), size=None, units='pix', vframe_callback=UNKNOWN, volume=UNKNOWN, win=Window(...))
43.2923 	WARNING 	1.3389440999599174: Video catchup needed, advancing self._nextFrameT from 0.0 to 0.04
43.2924 	WARNING 	1.3389787999913096: Video catchup needed, advancing self._nextFrameT from 0.04 to 0.08
43.2924 	WARNING 	1.338990099960938: Video catchup needed, advancing self._nextFrameT from 0.08 to 0.12
43.2924 	WARNING 	1.3389995000325143: Video catchup needed, advancing self._nextFrameT from 0.12 to 0.16
43.2924 	WARNING 	1.339008399983868: Video catchup needed, advancing self._nextFrameT from 0.16 to 0.2
43.2924 	WARNING 	1.339017300051637: Video catchup needed, advancing self._nextFrameT from 0.2 to 0.24000000000000002
43.2924 	WARNING 	1.3390264000045136: Video catchup needed, advancing self._nextFrameT from 0.24000000000000002 to 0.28
43.2924 	WARNING 	1.3390391999855638: Video catchup needed, advancing self._nextFrameT from 0.28 to 0.32
43.2924 	WARNING 	1.339049799949862: Video catchup needed, advancing self._nextFrameT from 0.32 to 0.36
43.2924 	WARNING 	1.339059800026007: Video catchup needed, advancing self._nextFrameT from 0.36 to 0.39999999999999997
43.2925 	WARNING 	Max reportNDroppedFrames reached, will not log any more dropped frames
43.3306 	EXP 	window1: mouseVisible = True
43.3438 	EXP 	Created image_16 = ImageStim(__class__=<class 'psychopy.visual.image.ImageStim'>, anchor=('center', 'center'), autoLog=True, color=array([1., 1., 1.]), colorSpace='rgb', contrast=1.0, depth=-3.0, draggable=False, flipHoriz=False, flipVert=False, image='default.png', interpolate=True, mask=None, maskParams=None, name='image_16', opacity=1.0, ori=0.0, pos=array([0., 0.]), size=array([0.3, 0.3]), texRes=128.0, units='height', win=Window(...))
43.3441 	EXP 	Created unnamed MovieStim3 = MovieStim3(__class__=<class 'psychopy.visual.movie3.MovieStim3'>, anchor=('center', 'center'), autoLog=True, color=UNKNOWN, colorSpace=UNKNOWN, depth=0.0, filename='imgs/titanic_spanish.mp4', flipHoriz=False, flipVert=False, fps=UNKNOWN, interpolate=True, loop=False, name='unnamed MovieStim3', noAudio=False, opacity=1, ori=method-wrapper(...), pos=array([0., 0.]), size=None, units='pix', vframe_callback=UNKNOWN, volume=UNKNOWN, win=Window(...))
44.5779 	WARNING 	1.2337620999896899: Video catchup needed, advancing self._nextFrameT from 0.0 to 0.04
44.5779 	WARNING 	1.233796300017275: Video catchup needed, advancing self._nextFrameT from 0.04 to 0.08
44.5779 	WARNING 	1.2338059999747202: Video catchup needed, advancing self._nextFrameT from 0.08 to 0.12
44.5779 	WARNING 	1.233814400038682: Video catchup needed, advancing self._nextFrameT from 0.12 to 0.16
44.5780 	WARNING 	1.2338225999847054: Video catchup needed, advancing self._nextFrameT from 0.16 to 0.2
44.5780 	WARNING 	1.2338304000440985: Video catchup needed, advancing self._nextFrameT from 0.2 to 0.24000000000000002
44.5780 	WARNING 	1.2338386999908835: Video catchup needed, advancing self._nextFrameT from 0.24000000000000002 to 0.28
44.5780 	WARNING 	1.233846600051038: Video catchup needed, advancing self._nextFrameT from 0.28 to 0.32
44.5780 	WARNING 	1.2338541999924928: Video catchup needed, advancing self._nextFrameT from 0.32 to 0.36
44.5780 	WARNING 	1.2338666999712586: Video catchup needed, advancing self._nextFrameT from 0.36 to 0.39999999999999997
44.5780 	WARNING 	Max reportNDroppedFrames reached, will not log any more dropped frames
44.6074 	EXP 	Created unnamed MovieStim3 = MovieStim3(__class__=<class 'psychopy.visual.movie3.MovieStim3'>, anchor=('center', 'center'), autoLog=True, color=UNKNOWN, colorSpace=UNKNOWN, depth=0.0, filename='imgs/titanic.mp4', flipHoriz=False, flipVert=False, fps=UNKNOWN, interpolate=True, loop=False, name='unnamed MovieStim3', noAudio=False, opacity=1, ori=method-wrapper(...), pos=array([   0., -350.]), size=None, units='pix', vframe_callback=UNKNOWN, volume=UNKNOWN, win=Window(...))
45.7780 	WARNING 	1.1705149000044912: Video catchup needed, advancing self._nextFrameT from 0.0 to 0.03336666666666667
45.7780 	WARNING 	1.1705554999643937: Video catchup needed, advancing self._nextFrameT from 0.03336666666666667 to 0.06673333333333334
45.7780 	WARNING 	1.1705677000572905: Video catchup needed, advancing self._nextFrameT from 0.06673333333333334 to 0.10010000000000001
45.7780 	WARNING 	1.1705820000497624: Video catchup needed, advancing self._nextFrameT from 0.10010000000000001 to 0.13346666666666668
45.7781 	WARNING 	1.1706135000567883: Video catchup needed, advancing self._nextFrameT from 0.13346666666666668 to 0.16683333333333333
45.7781 	WARNING 	1.1706451000645757: Video catchup needed, advancing self._nextFrameT from 0.16683333333333333 to 0.2002
45.7781 	WARNING 	1.1706602000631392: Video catchup needed, advancing self._nextFrameT from 0.2002 to 0.23356666666666664
45.7781 	WARNING 	1.1706871000351384: Video catchup needed, advancing self._nextFrameT from 0.23356666666666664 to 0.2669333333333333
45.7782 	WARNING 	1.170711199985817: Video catchup needed, advancing self._nextFrameT from 0.2669333333333333 to 0.30029999999999996
45.7782 	WARNING 	1.1707209000596777: Video catchup needed, advancing self._nextFrameT from 0.30029999999999996 to 0.3336666666666666
45.7782 	WARNING 	Max reportNDroppedFrames reached, will not log any more dropped frames
45.8106 	EXP 	window1: mouseVisible = True
45.8223 	EXP 	Created image_17 = ImageStim(__class__=<class 'psychopy.visual.image.ImageStim'>, anchor=('center', 'center'), autoLog=True, color=array([1., 1., 1.]), colorSpace='rgb', contrast=1.0, depth=-4.0, draggable=False, flipHoriz=False, flipVert=False, image='default.png', interpolate=True, mask=None, maskParams=None, name='image_17', opacity=1.0, ori=0.0, pos=array([0., 0.]), size=array([0.3, 0.3]), texRes=128.0, units='height', win=Window(...))
45.8225 	EXP 	window1: mouseVisible = True
45.8405 	EXP 	Created text_4 = TextStim(__class__=<class 'psychopy.visual.text.TextStim'>, alignHoriz=method-wrapper(...), alignText='center', alignVert=method-wrapper(...), anchorHoriz='center', anchorVert='center', antialias=True, autoDraw=False, autoLog=True, bold=False, color=array([1., 1., 1.]), colorSpace='rgb', contrast=1.0, depth=0.0, draggable=False, flipHoriz=False, flipVert=False, font='Open Sans', fontFiles=[], height=0.05, italic=False, languageStyle='LTR', name='text_4', opacity=1.0, ori=0.0, pos=array([0., 0.]), rgb=UNKNOWN, text='¡Muchas gracias por participar!', units='height', win=Window(...), wrapWidth=1)
0.0031 	EXP 	unnamed MovieStim3: autoLog = True
0.0031 	EXP 	unnamed MovieStim3: movie = 'imgs/video_mar_luis.mp4'
0.0031 	EXP 	unnamed MovieStim3: ori = 0.0
0.0031 	EXP 	unnamed MovieStim3: autoLog = True
0.0031 	EXP 	unnamed MovieStim3: movie = 'imgs/song_titanic.mp4'
0.0031 	EXP 	unnamed MovieStim3: ori = 0.0
0.0031 	EXP 	unnamed MovieStim3: autoLog = True
0.0031 	EXP 	unnamed MovieStim3: movie = 'imgs/titanic_spanish.mp4'
0.0031 	EXP 	unnamed MovieStim3: ori = 0.0
0.0031 	EXP 	unnamed MovieStim3: autoLog = True
0.0031 	EXP 	unnamed MovieStim3: movie = 'imgs/titanic_spanish.mp4'
0.0031 	EXP 	unnamed MovieStim3: ori = 0.0
0.0031 	EXP 	unnamed MovieStim3: autoLog = True
0.0031 	EXP 	unnamed MovieStim3: movie = 'imgs/titanic.mp4'
0.0031 	EXP 	unnamed MovieStim3: ori = 0.0
0.0031 	EXP 	unnamed MovieStim3: autoLog = True
0.0031 	EXP 	unnamed MovieStim3: movie = 'imgs/video_mar_luis.mp4'
0.0031 	EXP 	unnamed MovieStim3: ori = 0.0
0.0031 	EXP 	unnamed MovieStim3: autoLog = True
0.0031 	EXP 	unnamed MovieStim3: movie = 'imgs/song_titanic.mp4'
0.0031 	EXP 	unnamed MovieStim3: ori = 0.0
0.0031 	EXP 	unnamed MovieStim3: autoLog = True
0.0031 	EXP 	unnamed MovieStim3: movie = 'imgs/titanic_spanish.mp4'
0.0031 	EXP 	unnamed MovieStim3: ori = 0.0
0.0031 	EXP 	unnamed MovieStim3: autoLog = True
0.0031 	EXP 	unnamed MovieStim3: movie = 'imgs/titanic_spanish.mp4'
0.0031 	EXP 	unnamed MovieStim3: ori = 0.0
0.0031 	EXP 	unnamed MovieStim3: autoLog = True
0.0031 	EXP 	unnamed MovieStim3: movie = 'imgs/titanic.mp4'
0.0031 	EXP 	unnamed MovieStim3: ori = 0.0
0.0031 	EXP 	unnamed MovieStim3: autoLog = True
0.0031 	EXP 	unnamed MovieStim3: movie = 'imgs/video_mar_luis.mp4'
0.0031 	EXP 	unnamed MovieStim3: ori = 0.0
0.0031 	EXP 	unnamed MovieStim3: autoLog = True
0.0031 	EXP 	unnamed MovieStim3: movie = 'imgs/song_titanic.mp4'
0.0031 	EXP 	unnamed MovieStim3: ori = 0.0
0.0031 	EXP 	unnamed MovieStim3: autoLog = True
0.0031 	EXP 	unnamed MovieStim3: movie = 'imgs/titanic_spanish.mp4'
0.0031 	EXP 	unnamed MovieStim3: ori = 0.0
0.0031 	EXP 	unnamed MovieStim3: autoLog = True
0.0031 	EXP 	unnamed MovieStim3: movie = 'imgs/titanic_spanish.mp4'
0.0031 	EXP 	unnamed MovieStim3: ori = 0.0
0.0031 	EXP 	unnamed MovieStim3: autoLog = True
0.0031 	EXP 	unnamed MovieStim3: movie = 'imgs/titanic.mp4'
0.0031 	EXP 	unnamed MovieStim3: ori = 0.0
0.0031 	EXP 	unnamed MovieStim3: autoLog = True
0.0031 	EXP 	unnamed MovieStim3: movie = 'imgs/video_mar_luis.mp4'
0.0031 	EXP 	unnamed MovieStim3: ori = 0.0
0.0031 	EXP 	unnamed MovieStim3: autoLog = True
0.0031 	EXP 	unnamed MovieStim3: movie = 'imgs/song_titanic.mp4'
0.0031 	EXP 	unnamed MovieStim3: ori = 0.0
0.0031 	EXP 	unnamed MovieStim3: autoLog = True
0.0031 	EXP 	unnamed MovieStim3: movie = 'imgs/titanic_spanish.mp4'
0.0031 	EXP 	unnamed MovieStim3: ori = 0.0
0.0031 	EXP 	unnamed MovieStim3: autoLog = True
0.0031 	EXP 	unnamed MovieStim3: movie = 'imgs/titanic_spanish.mp4'
0.0031 	EXP 	unnamed MovieStim3: ori = 0.0
0.0031 	EXP 	unnamed MovieStim3: autoLog = True
0.0031 	EXP 	unnamed MovieStim3: movie = 'imgs/titanic.mp4'
0.0031 	EXP 	unnamed MovieStim3: ori = 0.0
0.0207 	EXP 	image_5: autoDraw = True
0.0207 	EXP 	text_6: autoDraw = True
3.0240 	EXP 	image_5: autoDraw = False
3.0240 	EXP 	text_6: autoDraw = False
3.0240 	EXP 	text_5: autoDraw = True
8.0976 	DATA 	Keypress: space
8.1288 	EXP 	text_5: autoDraw = False
8.1288 	EXP 	text_7: height = 0.05
8.1288 	EXP 	text_7: height = 0.05
8.1288 	EXP 	text_7: height = 0.05
8.1288 	EXP 	text_7: text = 'Ronda 1/4'
8.1288 	EXP 	text_7: autoDraw = True
10.1824 	EXP 	Imported imgs/iceberg_times.xlsx as conditions, 3 conditions, 3 params
10.1828 	EXP 	Created sequence: sequential, trialTypes=3, nReps=1, seed=None
10.1830 	EXP 	New trial (rep=0, index=0): {'timepresentation': 4, 'posx': -0.2, 'posy': 0.05}
10.1903 	EXP 	Sound  started
10.1907 	EXP 	New trial (rep=0, index=1): {'timepresentation': 5, 'posx': 0.6, 'posy': 0.05}
10.1969 	EXP 	New trial (rep=0, index=2): {'timepresentation': 6, 'posx': 0.5, 'posy': 0.05}
10.2167 	EXP 	Imported imgs/iceberg_times.xlsx as conditions, 3 conditions, 3 params
10.2170 	EXP 	Created sequence: sequential, trialTypes=3, nReps=1, seed=None
10.2172 	EXP 	New trial (rep=0, index=0): {'timepresentation': 4, 'posx': -0.2, 'posy': 0.05}
10.2230 	EXP 	Sound  started
10.2325 	EXP 	text_7: autoDraw = False
10.2325 	EXP 	image: image = 'imgs/iceberg.png'
10.2325 	EXP 	Set unnamed MovieStim3 playing
10.2325 	EXP 	image: autoDraw = False
10.2325 	EXP 	image: image = 'imgs/iceberg.png'
10.2325 	EXP 	image: autoDraw = False
10.2325 	EXP 	image: image = 'imgs/iceberg.png'
10.2325 	EXP 	image: autoDraw = False
10.2325 	EXP 	image_2: image = 'imgs/iceberg.png'
10.2325 	EXP 	Set unnamed MovieStim3 playing
14.2042 	EXP 	image_2: autoDraw = True
14.5812 	DATA 	Keypress: space
14.5918 	EXP 	New trial (rep=0, index=1): {'timepresentation': 5, 'posx': 0.6, 'posy': 0.05}
14.6077 	EXP 	image_2: autoDraw = False
14.6077 	EXP 	image_2: image = 'imgs/iceberg.png'
19.6078 	EXP 	image_2: autoDraw = True
20.0283 	EXP 	New trial (rep=0, index=2): {'timepresentation': 6, 'posx': 0.5, 'posy': 0.05}
20.0454 	DATA 	Keypress: space
20.0549 	EXP 	image_2: autoDraw = False
20.0549 	EXP 	image_2: image = 'imgs/iceberg.png'
26.0300 	EXP 	image_2: autoDraw = True
26.4481 	EXP 	Sound  stopped
26.4599 	EXP 	Imported imgs/iceberg_times.xlsx as conditions, 3 conditions, 3 params
26.4603 	EXP 	Created sequence: sequential, trialTypes=3, nReps=1, seed=None
26.4604 	EXP 	New trial (rep=0, index=0): {'timepresentation': 4, 'posx': -0.2, 'posy': 0.05}
26.4605 	EXP 	Sound  started
26.4654 	EXP 	New trial (rep=0, index=1): {'timepresentation': 5, 'posx': 0.6, 'posy': 0.05}
26.4699 	EXP 	New trial (rep=0, index=2): {'timepresentation': 6, 'posx': 0.5, 'posy': 0.05}
26.4991 	EXP 	Sound  stopped
26.5113 	EXP 	Imported imgs/iceberg_times.xlsx as conditions, 3 conditions, 3 params
26.5116 	EXP 	Created sequence: sequential, trialTypes=3, nReps=1, seed=None
26.5118 	EXP 	New trial (rep=0, index=0): {'timepresentation': 4, 'posx': -0.2, 'posy': 0.05}
26.5119 	EXP 	Sound  started
26.5121 	EXP 	Sound  started
26.5175 	EXP 	New trial (rep=0, index=1): {'timepresentation': 5, 'posx': 0.6, 'posy': 0.05}
26.5220 	EXP 	New trial (rep=0, index=2): {'timepresentation': 6, 'posx': 0.5, 'posy': 0.05}
26.5482 	EXP 	Sound  stopped
26.5688 	EXP 	Sound  stopped
26.5759 	DATA 	Keypress: space
26.5799 	EXP 	image_2: autoDraw = False
26.5799 	EXP 	Set unnamed MovieStim3 stopped
26.5799 	EXP 	Set unnamed MovieStim3 playing
26.5799 	EXP 	image_3: image = 'imgs/iceberg.png'
26.5799 	EXP 	image_3: autoDraw = False
26.5799 	EXP 	image_3: image = 'imgs/iceberg.png'
26.5799 	EXP 	image_3: autoDraw = False
26.5799 	EXP 	image_3: image = 'imgs/iceberg.png'
26.5799 	EXP 	image_3: autoDraw = False
26.5799 	EXP 	Set unnamed MovieStim3 stopped
26.5799 	EXP 	Set unnamed MovieStim3 playing
26.5799 	EXP 	Set unnamed MovieStim3 playing
26.5799 	EXP 	image_4: image = 'imgs/iceberg.png'
26.5799 	EXP 	image_4: autoDraw = False
26.5799 	EXP 	image_4: image = 'imgs/iceberg.png'
26.5799 	EXP 	image_4: autoDraw = False
26.5799 	EXP 	image_4: image = 'imgs/iceberg.png'
26.5799 	EXP 	image_4: autoDraw = False
26.5799 	EXP 	Set unnamed MovieStim3 stopped
26.5799 	EXP 	Set unnamed MovieStim3 stopped
26.5799 	EXP 	text_8: height = 0.05
26.5799 	EXP 	text_8: height = 0.05
26.5799 	EXP 	text_8: height = 0.05
26.5799 	EXP 	text_8: text = 'Ronda 2/4'
26.5799 	EXP 	text_8: autoDraw = True
28.5787 	EXP 	Imported imgs/iceberg_times.xlsx as conditions, 3 conditions, 3 params
28.5790 	EXP 	Created sequence: sequential, trialTypes=3, nReps=1, seed=None
28.5791 	EXP 	New trial (rep=0, index=0): {'timepresentation': 6, 'posx': 0.3, 'posy': 0.05}
28.5843 	WARNING 	18.960574966622517: Video catchup needed, advancing self._nextFrameT from 16.799999999999994 to 16.83333333333333
28.5843 	WARNING 	18.960603266605176: Video catchup needed, advancing self._nextFrameT from 16.83333333333333 to 16.866666666666664
28.5843 	WARNING 	18.96061586670112: Video catchup needed, advancing self._nextFrameT from 16.866666666666664 to 16.9
28.5843 	WARNING 	18.960625466657802: Video catchup needed, advancing self._nextFrameT from 16.9 to 16.933333333333334
28.5843 	WARNING 	18.960634766612202: Video catchup needed, advancing self._nextFrameT from 16.933333333333334 to 16.96666666666667
28.5843 	WARNING 	18.9606443666853: Video catchup needed, advancing self._nextFrameT from 16.96666666666667 to 17.000000000000004
28.5843 	WARNING 	18.960653266636655: Video catchup needed, advancing self._nextFrameT from 17.000000000000004 to 17.03333333333334
28.5843 	WARNING 	18.960662166704424: Video catchup needed, advancing self._nextFrameT from 17.03333333333334 to 17.066666666666674
28.5843 	WARNING 	18.960670966655016: Video catchup needed, advancing self._nextFrameT from 17.066666666666674 to 17.10000000000001
28.5843 	WARNING 	18.960679466603324: Video catchup needed, advancing self._nextFrameT from 17.10000000000001 to 17.133333333333344
28.5843 	WARNING 	Max reportNDroppedFrames reached, will not log any more dropped frames
29.1288 	EXP 	text_8: autoDraw = False
29.1288 	EXP 	text_8: autoDraw = False
29.1288 	EXP 	image_6: image = 'imgs/iceberg.png'
34.5720 	EXP 	image_6: autoDraw = True
34.8500 	DATA 	Keypress: space
34.8614 	EXP 	New trial (rep=0, index=1): {'timepresentation': 12, 'posx': -0.4, 'posy': 0.05}
34.8860 	EXP 	image_6: autoDraw = False
34.8860 	EXP 	image_6: image = 'imgs/iceberg.png'
46.8673 	EXP 	image_6: autoDraw = True
47.1443 	DATA 	Keypress: space
47.1542 	EXP 	New trial (rep=0, index=2): {'timepresentation': 7, 'posx': 0.1, 'posy': 0.05}
47.1702 	EXP 	image_6: autoDraw = False
47.1702 	EXP 	image_6: image = 'imgs/iceberg.png'
54.1582 	EXP 	image_6: autoDraw = True
54.4435 	EXP 	Imported imgs/iceberg_times.xlsx as conditions, 3 conditions, 3 params
54.4439 	EXP 	Created sequence: sequential, trialTypes=3, nReps=1, seed=None
54.4440 	EXP 	New trial (rep=0, index=0): {'timepresentation': 6, 'posx': 0.3, 'posy': 0.05}
54.4492 	EXP 	Sound  started
54.4495 	EXP 	New trial (rep=0, index=1): {'timepresentation': 12, 'posx': -0.4, 'posy': 0.05}
54.4552 	EXP 	New trial (rep=0, index=2): {'timepresentation': 7, 'posx': 0.1, 'posy': 0.05}
54.4879 	EXP 	Sound  stopped
54.5024 	EXP 	Imported imgs/iceberg_times.xlsx as conditions, 3 conditions, 3 params
54.5027 	EXP 	Created sequence: sequential, trialTypes=3, nReps=1, seed=None
54.5028 	EXP 	New trial (rep=0, index=0): {'timepresentation': 6, 'posx': 0.3, 'posy': 0.05}
54.5029 	EXP 	Sound  started
54.5086 	EXP 	New trial (rep=0, index=1): {'timepresentation': 12, 'posx': -0.4, 'posy': 0.05}
54.5133 	EXP 	New trial (rep=0, index=2): {'timepresentation': 7, 'posx': 0.1, 'posy': 0.05}
54.5473 	EXP 	Sound  stopped
54.5605 	EXP 	Imported imgs/iceberg_times.xlsx as conditions, 3 conditions, 3 params
54.5609 	EXP 	Created sequence: sequential, trialTypes=3, nReps=1, seed=None
54.5610 	EXP 	New trial (rep=0, index=0): {'timepresentation': 6, 'posx': 0.3, 'posy': 0.05}
54.5611 	EXP 	Sound  started
54.5613 	EXP 	Sound  started
54.5671 	EXP 	New trial (rep=0, index=1): {'timepresentation': 12, 'posx': -0.4, 'posy': 0.05}
54.5726 	EXP 	New trial (rep=0, index=2): {'timepresentation': 7, 'posx': 0.1, 'posy': 0.05}
54.6085 	EXP 	Sound  stopped
54.6390 	EXP 	Sound  stopped
54.6480 	DATA 	Keypress: space
54.6527 	EXP 	image_6: autoDraw = False
54.6527 	EXP 	image_7: image = 'imgs/iceberg.png'
54.6527 	EXP 	Set unnamed MovieStim3 playing
54.6527 	EXP 	image_7: autoDraw = False
54.6527 	EXP 	image_7: image = 'imgs/iceberg.png'
54.6527 	EXP 	image_7: autoDraw = False
54.6527 	EXP 	image_7: image = 'imgs/iceberg.png'
54.6527 	EXP 	image_7: autoDraw = False
54.6527 	EXP 	Set unnamed MovieStim3 stopped
54.6527 	EXP 	Set unnamed MovieStim3 playing
54.6527 	EXP 	image_8: image = 'imgs/iceberg.png'
54.6527 	EXP 	image_8: autoDraw = False
54.6527 	EXP 	image_8: image = 'imgs/iceberg.png'
54.6527 	EXP 	image_8: autoDraw = False
54.6527 	EXP 	image_8: image = 'imgs/iceberg.png'
54.6527 	EXP 	image_8: autoDraw = False
54.6527 	EXP 	Set unnamed MovieStim3 stopped
54.6527 	EXP 	Set unnamed MovieStim3 playing
54.6527 	EXP 	Set unnamed MovieStim3 playing
54.6527 	EXP 	image_9: image = 'imgs/iceberg.png'
54.6527 	EXP 	image_9: autoDraw = False
54.6527 	EXP 	image_9: image = 'imgs/iceberg.png'
54.6527 	EXP 	image_9: autoDraw = False
54.6527 	EXP 	image_9: image = 'imgs/iceberg.png'
54.6527 	EXP 	image_9: autoDraw = False
54.6527 	EXP 	Set unnamed MovieStim3 stopped
54.6527 	EXP 	Set unnamed MovieStim3 stopped
54.6527 	EXP 	text_9: height = 0.05
54.6527 	EXP 	text_9: height = 0.05
54.6527 	EXP 	text_9: height = 0.05
54.6527 	EXP 	text_9: text = 'Ronda 3/4'
54.6527 	EXP 	text_9: autoDraw = True
56.6569 	EXP 	Imported imgs/iceberg_times.xlsx as conditions, 3 conditions, 3 params
56.6572 	EXP 	Created sequence: sequential, trialTypes=3, nReps=1, seed=None
56.6574 	EXP 	New trial (rep=0, index=0): {'timepresentation': 13, 'posx': 0.7, 'posy': 0.05}
56.6634 	EXP 	New trial (rep=0, index=1): {'timepresentation': 6, 'posx': -0.5, 'posy': 0.05}
56.6681 	EXP 	New trial (rep=0, index=2): {'timepresentation': 11, 'posx': 0.2, 'posy': 0.05}
56.6861 	EXP 	Imported imgs/iceberg_times.xlsx as conditions, 3 conditions, 3 params
56.6865 	EXP 	Created sequence: sequential, trialTypes=3, nReps=1, seed=None
56.6866 	EXP 	New trial (rep=0, index=0): {'timepresentation': 13, 'posx': 0.7, 'posy': 0.05}
56.6914 	EXP 	Sound  started
56.6917 	EXP 	New trial (rep=0, index=1): {'timepresentation': 6, 'posx': -0.5, 'posy': 0.05}
56.6964 	EXP 	New trial (rep=0, index=2): {'timepresentation': 11, 'posx': 0.2, 'posy': 0.05}
56.7288 	EXP 	Sound  stopped
56.7416 	EXP 	Imported imgs/iceberg_times.xlsx as conditions, 3 conditions, 3 params
56.7420 	EXP 	Created sequence: sequential, trialTypes=3, nReps=1, seed=None
56.7421 	EXP 	New trial (rep=0, index=0): {'timepresentation': 13, 'posx': 0.7, 'posy': 0.05}
56.7422 	EXP 	Sound  started
56.7474 	EXP 	New trial (rep=0, index=1): {'timepresentation': 6, 'posx': -0.5, 'posy': 0.05}
56.7522 	EXP 	New trial (rep=0, index=2): {'timepresentation': 11, 'posx': 0.2, 'posy': 0.05}
56.7778 	EXP 	Sound  stopped
56.7910 	EXP 	Imported imgs/iceberg_times.xlsx as conditions, 3 conditions, 3 params
56.7914 	EXP 	Created sequence: sequential, trialTypes=3, nReps=1, seed=None
56.7915 	EXP 	New trial (rep=0, index=0): {'timepresentation': 13, 'posx': 0.7, 'posy': 0.05}
56.7916 	EXP 	Sound  started
56.7918 	EXP 	Sound  started
57.4568 	WARNING 	2.033030933351256: Video catchup needed, advancing self._nextFrameT from 1.401400000000001 to 1.4347666666666679
57.4568 	WARNING 	2.033084333408624: Video catchup needed, advancing self._nextFrameT from 1.4347666666666679 to 1.4681333333333346
57.4569 	WARNING 	2.0330970333889127: Video catchup needed, advancing self._nextFrameT from 1.4681333333333346 to 1.5015000000000014
57.4569 	WARNING 	2.0331082333577797: Video catchup needed, advancing self._nextFrameT from 1.5015000000000014 to 1.5348666666666682
57.4569 	WARNING 	2.0331189333228394: Video catchup needed, advancing self._nextFrameT from 1.5348666666666682 to 1.568233333333335
57.4569 	WARNING 	2.0331296334043145: Video catchup needed, advancing self._nextFrameT from 1.568233333333335 to 1.6016000000000017
57.4569 	WARNING 	2.0331394333625212: Video catchup needed, advancing self._nextFrameT from 1.6016000000000017 to 1.6349666666666685
57.4569 	WARNING 	2.0331488334340975: Video catchup needed, advancing self._nextFrameT from 1.6349666666666685 to 1.6683333333333352
57.4569 	WARNING 	2.033158133388497: Video catchup needed, advancing self._nextFrameT from 1.6683333333333352 to 1.701700000000002
57.4569 	WARNING 	2.0331672333413735: Video catchup needed, advancing self._nextFrameT from 1.701700000000002 to 1.7350666666666688
57.4569 	WARNING 	Max reportNDroppedFrames reached, will not log any more dropped frames
57.4840 	EXP 	text_9: autoDraw = False
57.4840 	EXP 	image_10: image = 'imgs/iceberg.png'
57.4840 	EXP 	image_10: autoDraw = False
57.4840 	EXP 	image_10: image = 'imgs/iceberg.png'
57.4840 	EXP 	image_10: autoDraw = False
57.4840 	EXP 	image_10: image = 'imgs/iceberg.png'
57.4840 	EXP 	image_10: autoDraw = False
57.4840 	EXP 	image_11: image = 'imgs/iceberg.png'
57.4840 	EXP 	Set unnamed MovieStim3 playing
57.4840 	EXP 	image_11: autoDraw = False
57.4840 	EXP 	image_11: image = 'imgs/iceberg.png'
57.4840 	EXP 	image_11: autoDraw = False
57.4840 	EXP 	image_11: image = 'imgs/iceberg.png'
57.4840 	EXP 	image_11: autoDraw = False
57.4840 	EXP 	Set unnamed MovieStim3 stopped
57.4840 	EXP 	Set unnamed MovieStim3 playing
57.4840 	EXP 	image_12: image = 'imgs/iceberg.png'
57.4840 	EXP 	image_12: autoDraw = False
57.4840 	EXP 	image_12: image = 'imgs/iceberg.png'
57.4840 	EXP 	image_12: autoDraw = False
57.4840 	EXP 	image_12: image = 'imgs/iceberg.png'
57.4840 	EXP 	image_12: autoDraw = False
57.4840 	EXP 	Set unnamed MovieStim3 stopped
57.4840 	EXP 	Set unnamed MovieStim3 playing
57.4840 	EXP 	Set unnamed MovieStim3 playing
57.4840 	EXP 	image_13: image = 'imgs/iceberg.png'
57.4842 	WARNING 	1.9325885999714956: Video catchup needed, advancing self._nextFrameT from 1.2800000000000005 to 1.3200000000000005
57.4842 	WARNING 	1.932616199948825: Video catchup needed, advancing self._nextFrameT from 1.3200000000000005 to 1.3600000000000005
57.4842 	WARNING 	1.9326306999428198: Video catchup needed, advancing self._nextFrameT from 1.3600000000000005 to 1.4000000000000006
57.4842 	WARNING 	1.9326407000189647: Video catchup needed, advancing self._nextFrameT from 1.4000000000000006 to 1.4400000000000006
57.4842 	WARNING 	1.9326568000251427: Video catchup needed, advancing self._nextFrameT from 1.4400000000000006 to 1.4800000000000006
57.4843 	WARNING 	1.9326676999917254: Video catchup needed, advancing self._nextFrameT from 1.4800000000000006 to 1.5200000000000007
57.4843 	WARNING 	1.9326772999484092: Video catchup needed, advancing self._nextFrameT from 1.5200000000000007 to 1.5600000000000007
57.4843 	WARNING 	1.9326863000169396: Video catchup needed, advancing self._nextFrameT from 1.5600000000000007 to 1.6000000000000008
57.4843 	WARNING 	1.9326951999682933: Video catchup needed, advancing self._nextFrameT from 1.6000000000000008 to 1.6400000000000008
57.4843 	WARNING 	1.9327042000368237: Video catchup needed, advancing self._nextFrameT from 1.6400000000000008 to 1.6800000000000008
57.4843 	WARNING 	Max reportNDroppedFrames reached, will not log any more dropped frames
69.7940 	EXP 	image_13: autoDraw = True
70.7864 	EXP 	New trial (rep=0, index=1): {'timepresentation': 6, 'posx': -0.5, 'posy': 0.05}
70.7926 	DATA 	Keypress: space
70.8019 	EXP 	image_13: autoDraw = False
70.8019 	EXP 	image_13: image = 'imgs/iceberg.png'
76.7912 	EXP 	image_13: autoDraw = True
77.6268 	EXP 	New trial (rep=0, index=2): {'timepresentation': 11, 'posx': 0.2, 'posy': 0.05}
77.6325 	DATA 	Keypress: space
77.6413 	EXP 	image_13: autoDraw = False
77.6413 	EXP 	image_13: image = 'imgs/iceberg.png'
84.1479 	EXP 	Sound  stopped
84.4710 	EXP 	Sound  started
84.6174 	EXP 	Set unnamed MovieStim3 finished
88.6425 	EXP 	image_13: autoDraw = True
89.6789 	EXP 	Sound  stopped
89.6976 	EXP 	Sound  stopped
89.7006 	DATA 	Keypress: space
89.7076 	EXP 	image_13: autoDraw = False
89.7076 	EXP 	Set unnamed MovieStim3 stopped
89.7076 	EXP 	Set unnamed MovieStim3 stopped
89.7076 	EXP 	text_10: height = 0.05
89.7076 	EXP 	text_10: height = 0.05
89.7076 	EXP 	text_10: height = 0.05
89.7076 	EXP 	text_10: text = 'Ronda 4/4'
89.7076 	EXP 	text_10: autoDraw = True
91.7084 	EXP 	Imported imgs/iceberg_times.xlsx as conditions, 3 conditions, 3 params
91.7087 	EXP 	Created sequence: sequential, trialTypes=3, nReps=1, seed=None
91.7089 	EXP 	New trial (rep=0, index=0): {'timepresentation': 7, 'posx': -0.6, 'posy': 0.05}
91.7148 	EXP 	New trial (rep=0, index=1): {'timepresentation': 8, 'posx': -0.2, 'posy': 0.05}
91.7193 	EXP 	New trial (rep=0, index=2): {'timepresentation': 12, 'posx': 0.5, 'posy': 0.05}
91.7358 	EXP 	Imported imgs/iceberg_times.xlsx as conditions, 3 conditions, 3 params
91.7361 	EXP 	Created sequence: sequential, trialTypes=3, nReps=1, seed=None
91.7362 	EXP 	New trial (rep=0, index=0): {'timepresentation': 7, 'posx': -0.6, 'posy': 0.05}
91.7406 	EXP 	Sound  started
91.7408 	EXP 	New trial (rep=0, index=1): {'timepresentation': 8, 'posx': -0.2, 'posy': 0.05}
91.7453 	EXP 	New trial (rep=0, index=2): {'timepresentation': 12, 'posx': 0.5, 'posy': 0.05}
91.7687 	EXP 	Sound  stopped
91.7807 	EXP 	Imported imgs/iceberg_times.xlsx as conditions, 3 conditions, 3 params
91.7810 	EXP 	Created sequence: sequential, trialTypes=3, nReps=1, seed=None
91.7811 	EXP 	New trial (rep=0, index=0): {'timepresentation': 7, 'posx': -0.6, 'posy': 0.05}
91.7812 	EXP 	Sound  started
92.3133 	EXP 	text_10: autoDraw = False
92.3133 	EXP 	text_10: autoDraw = False
92.3133 	EXP 	image_14: image = 'imgs/iceberg.png'
92.3133 	EXP 	image_14: autoDraw = False
92.3133 	EXP 	image_14: image = 'imgs/iceberg.png'
92.3133 	EXP 	image_14: autoDraw = False
92.3133 	EXP 	image_14: image = 'imgs/iceberg.png'
92.3133 	EXP 	image_14: autoDraw = False
92.3133 	EXP 	image_15: image = 'imgs/iceberg.png'
92.3133 	EXP 	Set unnamed MovieStim3 playing
92.3133 	EXP 	image_15: autoDraw = False
92.3133 	EXP 	image_15: image = 'imgs/iceberg.png'
92.3133 	EXP 	image_15: autoDraw = False
92.3133 	EXP 	image_15: image = 'imgs/iceberg.png'
92.3133 	EXP 	image_15: autoDraw = False
92.3133 	EXP 	Set unnamed MovieStim3 stopped
92.3133 	EXP 	Set unnamed MovieStim3 playing
92.3133 	EXP 	image_16: image = 'imgs/iceberg.png'
92.3135 	WARNING 	1.7723744999384508: Video catchup needed, advancing self._nextFrameT from 1.2800000000000005 to 1.3200000000000005
92.3136 	WARNING 	1.772394899977371: Video catchup needed, advancing self._nextFrameT from 1.3200000000000005 to 1.3600000000000005
92.3136 	WARNING 	1.7724057999439538: Video catchup needed, advancing self._nextFrameT from 1.3600000000000005 to 1.4000000000000006
92.3136 	WARNING 	1.7724159000208601: Video catchup needed, advancing self._nextFrameT from 1.4000000000000006 to 1.4400000000000006
92.3136 	WARNING 	1.7724248999729753: Video catchup needed, advancing self._nextFrameT from 1.4400000000000006 to 1.4800000000000006
92.3136 	WARNING 	1.7724338000407442: Video catchup needed, advancing self._nextFrameT from 1.4800000000000006 to 1.5200000000000007
92.3136 	WARNING 	1.7724425999913365: Video catchup needed, advancing self._nextFrameT from 1.5200000000000007 to 1.5600000000000007
92.3136 	WARNING 	1.7724514999426901: Video catchup needed, advancing self._nextFrameT from 1.5600000000000007 to 1.6000000000000008
92.3136 	WARNING 	1.7724604000104591: Video catchup needed, advancing self._nextFrameT from 1.6000000000000008 to 1.6400000000000008
92.3136 	WARNING 	1.7724695999640971: Video catchup needed, advancing self._nextFrameT from 1.6400000000000008 to 1.6800000000000008
92.3136 	WARNING 	Max reportNDroppedFrames reached, will not log any more dropped frames
98.7697 	EXP 	image_16: autoDraw = True
99.5791 	EXP 	New trial (rep=0, index=1): {'timepresentation': 8, 'posx': -0.2, 'posy': 0.05}
99.5856 	DATA 	Keypress: space
99.5940 	EXP 	image_16: autoDraw = False
99.5940 	EXP 	image_16: image = 'imgs/iceberg.png'
107.5959 	EXP 	image_16: autoDraw = True
107.9545 	EXP 	New trial (rep=0, index=2): {'timepresentation': 12, 'posx': 0.5, 'posy': 0.05}
107.9616 	DATA 	Keypress: space
107.9703 	EXP 	image_16: autoDraw = False
107.9703 	EXP 	image_16: image = 'imgs/iceberg.png'
119.9565 	EXP 	image_16: autoDraw = True
120.3579 	EXP 	Sound  stopped
120.3709 	EXP 	Imported imgs/iceberg_times.xlsx as conditions, 3 conditions, 3 params
120.3712 	EXP 	Created sequence: sequential, trialTypes=3, nReps=1, seed=None
120.3714 	EXP 	New trial (rep=0, index=0): {'timepresentation': 7, 'posx': -0.6, 'posy': 0.05}
120.3714 	EXP 	Sound  started
120.3716 	EXP 	Sound  started
120.3771 	EXP 	New trial (rep=0, index=1): {'timepresentation': 8, 'posx': -0.2, 'posy': 0.05}
120.3816 	EXP 	New trial (rep=0, index=2): {'timepresentation': 12, 'posx': 0.5, 'posy': 0.05}
120.4092 	EXP 	Sound  stopped
120.4282 	EXP 	Sound  stopped
120.4299 	DATA 	Keypress: space
120.4368 	EXP 	image_16: autoDraw = False
120.4368 	EXP 	Set unnamed MovieStim3 stopped
120.4368 	EXP 	Set unnamed MovieStim3 playing
120.4368 	EXP 	Set unnamed MovieStim3 playing
120.4368 	EXP 	image_17: image = 'imgs/iceberg.png'
120.4368 	EXP 	image_17: autoDraw = False
120.4368 	EXP 	image_17: image = 'imgs/iceberg.png'
120.4368 	EXP 	image_17: autoDraw = False
120.4368 	EXP 	image_17: image = 'imgs/iceberg.png'
120.4368 	EXP 	image_17: autoDraw = False
120.4368 	EXP 	Set unnamed MovieStim3 stopped
120.4368 	EXP 	Set unnamed MovieStim3 stopped
120.4368 	EXP 	text_4: autoDraw = True
122.4426 	EXP 	text_4: autoDraw = False
122.4426 	EXP 	text_4: autoDraw = False
122.4427 	EXP 	tarea_iceberg: status = STOPPED
122.4919 	EXP 	window1: mouseVisible = True
