17.4008 	WARNING 	User requested fullscreen with size [1536  864], but screen is actually [1920, 1080]. Using actual size
18.0545 	EXP 	Created window1 = Window(allowGUI=True, allowStencil=False, autoLog=True, backendConf=UNKNOWN, backgroundFit=<method-wrapper '__getattribute__' of attributeSetter object at 0x00000263E02F3CA0>, backgroundImage=<method-wrapper '__getattribute__' of attributeSetter object at 0x00000263E02F3C40>, bitsMode=UNKNOWN, blendMode='avg', bpc=(8, 8, 8), color=array([0, 0, 0]), colorSpace='rgb', depthBits=8, fullscr=<method-wrapper '__getattribute__' of attributeSetter object at 0x00000263E02F3A90>, gamma=None, gammaErrorPolicy='raise', lms=UNKNOWN, monitor=<psychopy.monitors.calibTools.Monitor object at 0x00000263E068BD30>, multiSample=False, name='window1', numSamples=2, pos=(1920, 789), screen=0, size=array([1920, 1080]), stencilBits=0, stereo=False, title='PsychoPy', units='height', useFBO=True, useRetina=False, viewOri=0.0, viewPos=None, viewScale=None, waitBlanking=True, winType='pyglet')
18.0546 	EXP 	window1: mouseVisible = True
18.0546 	EXP 	window1: backgroundImage = ''
18.0546 	EXP 	window1: backgroundFit = 'none'
18.0557 	EXP 	window1: Attempting to measure frame rate of screen (0) ...
18.0557 	EXP 	window1: recordFrameIntervals = False
18.2209 	EXP 	window1: recordFrameIntervals = True
18.4046 	EXP 	Screen (0) actual frame rate measured at 59.94Hz
18.4046 	EXP 	window1: recordFrameIntervals = False
18.4047 	EXP 	window1: mouseVisible = False
20.3189 	EXP 	tarea_iceberg: status = STARTED
20.3191 	EXP 	window1: mouseVisible = True
20.3196 	WARNING 	Requested image 'imgs/logo_OB.jpeg' not found but similar filename 'imgs/logo_OB.png' exists. This will be used instead but changing the filename is advised.
20.3311 	WARNING 	Requested image 'imgs/logo_OB.jpeg' not found but similar filename 'imgs/logo_OB.png' exists. This will be used instead but changing the filename is advised.
20.3363 	WARNING 	Requested image 'imgs/logo_OB.jpeg' not found but similar filename 'imgs/logo_OB.png' exists. This will be used instead but changing the filename is advised.
20.3405 	WARNING 	Requested image 'imgs/logo_OB.jpeg' not found but similar filename 'imgs/logo_OB.png' exists. This will be used instead but changing the filename is advised.
20.3455 	EXP 	Created image_5 = ImageStim(__class__=<class 'psychopy.visual.image.ImageStim'>, anchor=('center', 'center'), autoLog=True, color=array([1., 1., 1.]), colorSpace='rgb', contrast=1.0, depth=0.0, draggable=False, flipHoriz=False, flipVert=False, image='imgs/logo_OB.jpeg', interpolate=True, mask=None, maskParams=None, name='image_5', opacity=1.0, ori=0.0, pos=array([0., 0.]), size=array([0.6, 0.7]), texRes=128.0, units='height', win=Window(...))
20.3457 	EXP 	window1: mouseVisible = True
20.4118 	EXP 	Created text_6 = TextStim(__class__=<class 'psychopy.visual.text.TextStim'>, alignHoriz=method-wrapper(...), alignText='center', alignVert=method-wrapper(...), anchorHoriz='center', anchorVert='center', antialias=True, autoDraw=False, autoLog=True, bold=False, color=array([1., 1., 1.]), colorSpace='rgb', contrast=1.0, depth=-1.0, draggable=False, flipHoriz=False, flipVert=False, font='Open Sans', fontFiles=[], height=0.04, italic=False, languageStyle='LTR', name='text_6', opacity=1.0, ori=0.0, pos=array([ 0.  , -0.35]), rgb=UNKNOWN, text='¡Bienvenido a un experimento de Open Brains!', units='height', win=Window(...), wrapWidth=1)
20.4119 	EXP 	window1: mouseVisible = True
20.4336 	EXP 	Created text_5 = TextStim(__class__=<class 'psychopy.visual.text.TextStim'>, alignHoriz=method-wrapper(...), alignText='center', alignVert=method-wrapper(...), anchorHoriz='center', anchorVert='center', antialias=True, autoDraw=False, autoLog=True, bold=False, color=array([1., 1., 1.]), colorSpace='rgb', contrast=1.0, depth=0.0, draggable=False, flipHoriz=False, flipVert=False, font='Open Sans', fontFiles=[], height=0.035, italic=False, languageStyle='LTR', name='text_5', opacity=1.0, ori=0.0, pos=array([0., 0.]), rgb=UNKNOWN, text=str(...), units='height', win=Window(...), wrapWidth=1)
20.4338 	EXP 	window1: mouseVisible = True
20.4352 	EXP 	Created text_7 = TextStim(__class__=<class 'psychopy.visual.text.TextStim'>, alignHoriz=method-wrapper(...), alignText='center', alignVert=method-wrapper(...), anchorHoriz='center', anchorVert='center', antialias=True, autoDraw=False, autoLog=True, bold=False, color=array([1., 1., 1.]), colorSpace='rgb', contrast=1.0, depth=0.0, draggable=False, flipHoriz=False, flipVert=False, font='Open Sans', fontFiles=[], height=0.05, italic=False, languageStyle='LTR', name='text_7', opacity=1.0, ori=0.0, pos=array([0., 0.]), rgb=UNKNOWN, text='', units='height', win=Window(...), wrapWidth=1)
20.4354 	EXP 	window1: mouseVisible = True
20.4446 	EXP 	Created image = ImageStim(__class__=<class 'psychopy.visual.image.ImageStim'>, anchor=('center', 'center'), autoLog=True, color=array([1., 1., 1.]), colorSpace='rgb', contrast=1.0, depth=-1.0, draggable=False, flipHoriz=False, flipVert=False, image='default.png', interpolate=True, mask=None, maskParams=None, name='image', opacity=1.0, ori=0.0, pos=array([0., 0.]), size=array([0.3, 0.3]), texRes=128.0, units='height', win=Window(...))
20.5867 	EXP 	Created unnamed MovieStim3 = MovieStim3(__class__=<class 'psychopy.visual.movie3.MovieStim3'>, anchor=('center', 'center'), autoLog=True, color=UNKNOWN, colorSpace=UNKNOWN, depth=0.0, filename='imgs/video_mar_luis.mp4', flipHoriz=False, flipVert=False, fps=UNKNOWN, interpolate=True, loop=True, name='unnamed MovieStim3', noAudio=False, opacity=1, ori=method-wrapper(...), pos=array([0., 0.]), size=None, units='pix', vframe_callback=UNKNOWN, volume=UNKNOWN, win=Window(...))
22.0018 	WARNING 	1.4149805000051856: Video catchup needed, advancing self._nextFrameT from 0.0 to 0.03333333333333333
22.0018 	WARNING 	1.4150670999661088: Video catchup needed, advancing self._nextFrameT from 0.03333333333333333 to 0.06666666666666667
22.0019 	WARNING 	1.4150794999441132: Video catchup needed, advancing self._nextFrameT from 0.06666666666666667 to 0.1
22.0019 	WARNING 	1.4150906999129802: Video catchup needed, advancing self._nextFrameT from 0.1 to 0.13333333333333333
22.0019 	WARNING 	1.4151106999488547: Video catchup needed, advancing self._nextFrameT from 0.13333333333333333 to 0.16666666666666666
22.0019 	WARNING 	1.4151204000227153: Video catchup needed, advancing self._nextFrameT from 0.16666666666666666 to 0.19999999999999998
22.0019 	WARNING 	1.4151299999793991: Video catchup needed, advancing self._nextFrameT from 0.19999999999999998 to 0.2333333333333333
22.0019 	WARNING 	1.4151390999322757: Video catchup needed, advancing self._nextFrameT from 0.2333333333333333 to 0.26666666666666666
22.0019 	WARNING 	1.4151481000008062: Video catchup needed, advancing self._nextFrameT from 0.26666666666666666 to 0.3
22.0019 	WARNING 	1.4151586999651045: Video catchup needed, advancing self._nextFrameT from 0.3 to 0.3333333333333333
22.0019 	WARNING 	Max reportNDroppedFrames reached, will not log any more dropped frames
22.3416 	EXP 	window1: mouseVisible = True
22.3498 	EXP 	Created image_2 = ImageStim(__class__=<class 'psychopy.visual.image.ImageStim'>, anchor=('center', 'center'), autoLog=True, color=array([1., 1., 1.]), colorSpace='rgb', contrast=1.0, depth=-1.0, draggable=False, flipHoriz=False, flipVert=False, image='default.png', interpolate=True, mask=None, maskParams=None, name='image_2', opacity=1.0, ori=0.0, pos=array([0., 0.]), size=array([0.3, 0.3]), texRes=128.0, units='height', win=Window(...))
22.3500 	EXP 	Created unnamed MovieStim3 = MovieStim3(__class__=<class 'psychopy.visual.movie3.MovieStim3'>, anchor=('center', 'center'), autoLog=True, color=UNKNOWN, colorSpace=UNKNOWN, depth=0.0, filename='imgs/song_titanic.mp4', flipHoriz=False, flipVert=False, fps=UNKNOWN, interpolate=True, loop=False, name='unnamed MovieStim3', noAudio=False, opacity=1, ori=method-wrapper(...), pos=array([0., 0.]), size=None, units='pix', vframe_callback=UNKNOWN, volume=UNKNOWN, win=Window(...))
23.3181 	WARNING 	0.9680351000279188: Video catchup needed, advancing self._nextFrameT from 0.0 to 0.041666666666666664
23.3181 	WARNING 	0.9681272000307217: Video catchup needed, advancing self._nextFrameT from 0.041666666666666664 to 0.08333333333333333
23.3181 	WARNING 	0.968138900003396: Video catchup needed, advancing self._nextFrameT from 0.08333333333333333 to 0.125
23.3182 	WARNING 	0.968149800086394: Video catchup needed, advancing self._nextFrameT from 0.125 to 0.16666666666666666
23.3182 	WARNING 	0.9681611000560224: Video catchup needed, advancing self._nextFrameT from 0.16666666666666666 to 0.20833333333333331
23.3182 	WARNING 	0.9681708000134677: Video catchup needed, advancing self._nextFrameT from 0.20833333333333331 to 0.24999999999999997
23.3182 	WARNING 	0.9681801000842825: Video catchup needed, advancing self._nextFrameT from 0.24999999999999997 to 0.29166666666666663
23.3182 	WARNING 	0.9681895000394434: Video catchup needed, advancing self._nextFrameT from 0.29166666666666663 to 0.3333333333333333
23.3182 	WARNING 	0.9681993999984115: Video catchup needed, advancing self._nextFrameT from 0.3333333333333333 to 0.375
23.3182 	WARNING 	0.968208400066942: Video catchup needed, advancing self._nextFrameT from 0.375 to 0.4166666666666667
23.3182 	WARNING 	Max reportNDroppedFrames reached, will not log any more dropped frames
23.3347 	EXP 	Created unnamed MovieStim3 = MovieStim3(__class__=<class 'psychopy.visual.movie3.MovieStim3'>, anchor=('center', 'center'), autoLog=True, color=UNKNOWN, colorSpace=UNKNOWN, depth=0.0, filename='imgs/titanic_spanish.mp4', flipHoriz=False, flipVert=False, fps=UNKNOWN, interpolate=True, loop=False, name='unnamed MovieStim3', noAudio=False, opacity=1, ori=method-wrapper(...), pos=array([0., 0.]), size=None, units='pix', vframe_callback=UNKNOWN, volume=UNKNOWN, win=Window(...))
25.3167 	WARNING 	1.981951600057073: Video catchup needed, advancing self._nextFrameT from 0.0 to 0.04
25.3167 	WARNING 	1.9820056000025943: Video catchup needed, advancing self._nextFrameT from 0.04 to 0.08
25.3167 	WARNING 	1.9820215000072494: Video catchup needed, advancing self._nextFrameT from 0.08 to 0.12
25.3167 	WARNING 	1.982035000110045: Video catchup needed, advancing self._nextFrameT from 0.12 to 0.16
25.3167 	WARNING 	1.982047300087288: Video catchup needed, advancing self._nextFrameT from 0.16 to 0.2
25.3167 	WARNING 	1.9820592000614852: Video catchup needed, advancing self._nextFrameT from 0.2 to 0.24000000000000002
25.3168 	WARNING 	1.9820747000630945: Video catchup needed, advancing self._nextFrameT from 0.24000000000000002 to 0.28
25.3168 	WARNING 	1.982087100041099: Video catchup needed, advancing self._nextFrameT from 0.28 to 0.32
25.3168 	WARNING 	1.982099000015296: Video catchup needed, advancing self._nextFrameT from 0.32 to 0.36
25.3168 	WARNING 	1.9821106001036242: Video catchup needed, advancing self._nextFrameT from 0.36 to 0.39999999999999997
25.3168 	WARNING 	Max reportNDroppedFrames reached, will not log any more dropped frames
25.3742 	EXP 	window1: mouseVisible = True
25.3866 	EXP 	Created image_3 = ImageStim(__class__=<class 'psychopy.visual.image.ImageStim'>, anchor=('center', 'center'), autoLog=True, color=array([1., 1., 1.]), colorSpace='rgb', contrast=1.0, depth=-3.0, draggable=False, flipHoriz=False, flipVert=False, image='default.png', interpolate=True, mask=None, maskParams=None, name='image_3', opacity=1.0, ori=0.0, pos=array([0., 0.]), size=array([0.3, 0.3]), texRes=128.0, units='height', win=Window(...))
25.3869 	EXP 	Created unnamed MovieStim3 = MovieStim3(__class__=<class 'psychopy.visual.movie3.MovieStim3'>, anchor=('center', 'center'), autoLog=True, color=UNKNOWN, colorSpace=UNKNOWN, depth=0.0, filename='imgs/titanic_spanish.mp4', flipHoriz=False, flipVert=False, fps=UNKNOWN, interpolate=True, loop=False, name='unnamed MovieStim3', noAudio=False, opacity=1, ori=method-wrapper(...), pos=array([0., 0.]), size=None, units='pix', vframe_callback=UNKNOWN, volume=UNKNOWN, win=Window(...))
27.3953 	WARNING 	2.0083545999368653: Video catchup needed, advancing self._nextFrameT from 0.0 to 0.04
27.3954 	WARNING 	2.0084451999282464: Video catchup needed, advancing self._nextFrameT from 0.04 to 0.08
27.3954 	WARNING 	2.008456900017336: Video catchup needed, advancing self._nextFrameT from 0.08 to 0.12
27.3954 	WARNING 	2.00846649997402: Video catchup needed, advancing self._nextFrameT from 0.12 to 0.16
27.3954 	WARNING 	2.0084753999253735: Video catchup needed, advancing self._nextFrameT from 0.16 to 0.2
27.3954 	WARNING 	2.008484199992381: Video catchup needed, advancing self._nextFrameT from 0.2 to 0.24000000000000002
27.3954 	WARNING 	2.008501400006935: Video catchup needed, advancing self._nextFrameT from 0.24000000000000002 to 0.28
27.3954 	WARNING 	2.0085104999598116: Video catchup needed, advancing self._nextFrameT from 0.28 to 0.32
27.3955 	WARNING 	2.008519099908881: Video catchup needed, advancing self._nextFrameT from 0.32 to 0.36
27.3955 	WARNING 	2.0085278999758884: Video catchup needed, advancing self._nextFrameT from 0.36 to 0.39999999999999997
27.3955 	WARNING 	Max reportNDroppedFrames reached, will not log any more dropped frames
27.4532 	EXP 	Created unnamed MovieStim3 = MovieStim3(__class__=<class 'psychopy.visual.movie3.MovieStim3'>, anchor=('center', 'center'), autoLog=True, color=UNKNOWN, colorSpace=UNKNOWN, depth=0.0, filename='imgs/titanic.mp4', flipHoriz=False, flipVert=False, fps=UNKNOWN, interpolate=True, loop=False, name='unnamed MovieStim3', noAudio=False, opacity=1, ori=method-wrapper(...), pos=array([   0., -350.]), size=None, units='pix', vframe_callback=UNKNOWN, volume=UNKNOWN, win=Window(...))
28.9062 	WARNING 	1.4529789999360219: Video catchup needed, advancing self._nextFrameT from 0.0 to 0.03336666666666667
28.9063 	WARNING 	1.4530914999777451: Video catchup needed, advancing self._nextFrameT from 0.03336666666666667 to 0.06673333333333334
28.9063 	WARNING 	1.4531184999505058: Video catchup needed, advancing self._nextFrameT from 0.06673333333333334 to 0.10010000000000001
28.9063 	WARNING 	1.4531384999863803: Video catchup needed, advancing self._nextFrameT from 0.10010000000000001 to 0.13346666666666668
28.9063 	WARNING 	1.453158100019209: Video catchup needed, advancing self._nextFrameT from 0.13346666666666668 to 0.16683333333333333
28.9064 	WARNING 	1.4531801999546587: Video catchup needed, advancing self._nextFrameT from 0.16683333333333333 to 0.2002
28.9064 	WARNING 	1.4531984999775887: Video catchup needed, advancing self._nextFrameT from 0.2002 to 0.23356666666666664
28.9064 	WARNING 	1.453217100002803: Video catchup needed, advancing self._nextFrameT from 0.23356666666666664 to 0.2669333333333333
28.9064 	WARNING 	1.4532297999830917: Video catchup needed, advancing self._nextFrameT from 0.2669333333333333 to 0.30029999999999996
28.9064 	WARNING 	1.4532402999466285: Video catchup needed, advancing self._nextFrameT from 0.30029999999999996 to 0.3336666666666666
28.9064 	WARNING 	Max reportNDroppedFrames reached, will not log any more dropped frames
28.9448 	EXP 	window1: mouseVisible = True
28.9549 	EXP 	Created image_4 = ImageStim(__class__=<class 'psychopy.visual.image.ImageStim'>, anchor=('center', 'center'), autoLog=True, color=array([1., 1., 1.]), colorSpace='rgb', contrast=1.0, depth=-4.0, draggable=False, flipHoriz=False, flipVert=False, image='default.png', interpolate=True, mask=None, maskParams=None, name='image_4', opacity=1.0, ori=0.0, pos=array([0., 0.]), size=array([0.3, 0.3]), texRes=128.0, units='height', win=Window(...))
28.9552 	EXP 	window1: mouseVisible = True
28.9560 	EXP 	Created text_8 = TextStim(__class__=<class 'psychopy.visual.text.TextStim'>, alignHoriz=method-wrapper(...), alignText='center', alignVert=method-wrapper(...), anchorHoriz='center', anchorVert='center', antialias=True, autoDraw=False, autoLog=True, bold=False, color=array([1., 1., 1.]), colorSpace='rgb', contrast=1.0, depth=0.0, draggable=False, flipHoriz=False, flipVert=False, font='Open Sans', fontFiles=[], height=0.05, italic=False, languageStyle='LTR', name='text_8', opacity=1.0, ori=0.0, pos=array([0., 0.]), rgb=UNKNOWN, text='', units='height', win=Window(...), wrapWidth=1)
28.9561 	EXP 	window1: mouseVisible = True
28.9639 	EXP 	Created image_6 = ImageStim(__class__=<class 'psychopy.visual.image.ImageStim'>, anchor=('center', 'center'), autoLog=True, color=array([1., 1., 1.]), colorSpace='rgb', contrast=1.0, depth=-1.0, draggable=False, flipHoriz=False, flipVert=False, image='default.png', interpolate=True, mask=None, maskParams=None, name='image_6', opacity=1.0, ori=0.0, pos=array([0., 0.]), size=array([0.3, 0.3]), texRes=128.0, units='height', win=Window(...))
28.9641 	EXP 	Created unnamed MovieStim3 = MovieStim3(__class__=<class 'psychopy.visual.movie3.MovieStim3'>, anchor=('center', 'center'), autoLog=True, color=UNKNOWN, colorSpace=UNKNOWN, depth=0.0, filename='imgs/video_mar_luis.mp4', flipHoriz=False, flipVert=False, fps=UNKNOWN, interpolate=True, loop=True, name='unnamed MovieStim3', noAudio=False, opacity=1, ori=method-wrapper(...), pos=array([0., 0.]), size=None, units='pix', vframe_callback=UNKNOWN, volume=UNKNOWN, win=Window(...))
29.7182 	WARNING 	0.7540926000801846: Video catchup needed, advancing self._nextFrameT from 0.0 to 0.03333333333333333
29.7183 	WARNING 	0.754129400011152: Video catchup needed, advancing self._nextFrameT from 0.03333333333333333 to 0.06666666666666667
29.7183 	WARNING 	0.7541417001048103: Video catchup needed, advancing self._nextFrameT from 0.06666666666666667 to 0.1
29.7183 	WARNING 	0.7541522000683472: Video catchup needed, advancing self._nextFrameT from 0.1 to 0.13333333333333333
29.7183 	WARNING 	0.7541622000280768: Video catchup needed, advancing self._nextFrameT from 0.13333333333333333 to 0.16666666666666666
29.7183 	WARNING 	0.754172700108029: Video catchup needed, advancing self._nextFrameT from 0.16666666666666666 to 0.19999999999999998
29.7183 	WARNING 	0.7541824000654742: Video catchup needed, advancing self._nextFrameT from 0.19999999999999998 to 0.2333333333333333
29.7183 	WARNING 	0.7541929000290111: Video catchup needed, advancing self._nextFrameT from 0.2333333333333333 to 0.26666666666666666
29.7183 	WARNING 	0.7542025001021102: Video catchup needed, advancing self._nextFrameT from 0.26666666666666666 to 0.3
29.7183 	WARNING 	0.754212100058794: Video catchup needed, advancing self._nextFrameT from 0.3 to 0.3333333333333333
29.7183 	WARNING 	Max reportNDroppedFrames reached, will not log any more dropped frames
29.9224 	EXP 	window1: mouseVisible = True
29.9339 	EXP 	Created image_7 = ImageStim(__class__=<class 'psychopy.visual.image.ImageStim'>, anchor=('center', 'center'), autoLog=True, color=array([1., 1., 1.]), colorSpace='rgb', contrast=1.0, depth=-1.0, draggable=False, flipHoriz=False, flipVert=False, image='default.png', interpolate=True, mask=None, maskParams=None, name='image_7', opacity=1.0, ori=0.0, pos=array([0., 0.]), size=array([0.3, 0.3]), texRes=128.0, units='height', win=Window(...))
29.9342 	EXP 	Created unnamed MovieStim3 = MovieStim3(__class__=<class 'psychopy.visual.movie3.MovieStim3'>, anchor=('center', 'center'), autoLog=True, color=UNKNOWN, colorSpace=UNKNOWN, depth=0.0, filename='imgs/song_titanic.mp4', flipHoriz=False, flipVert=False, fps=UNKNOWN, interpolate=True, loop=False, name='unnamed MovieStim3', noAudio=False, opacity=1, ori=method-wrapper(...), pos=array([0., 0.]), size=None, units='pix', vframe_callback=UNKNOWN, volume=UNKNOWN, win=Window(...))
30.7816 	WARNING 	0.8474251000443473: Video catchup needed, advancing self._nextFrameT from 0.0 to 0.041666666666666664
30.7816 	WARNING 	0.8474580000620335: Video catchup needed, advancing self._nextFrameT from 0.041666666666666664 to 0.08333333333333333
30.7817 	WARNING 	0.847469300031662: Video catchup needed, advancing self._nextFrameT from 0.08333333333333333 to 0.125
30.7817 	WARNING 	0.8474789999891073: Video catchup needed, advancing self._nextFrameT from 0.125 to 0.16666666666666666
30.7817 	WARNING 	0.8474884000606835: Video catchup needed, advancing self._nextFrameT from 0.16666666666666666 to 0.20833333333333331
30.7817 	WARNING 	0.8474973000120372: Video catchup needed, advancing self._nextFrameT from 0.20833333333333331 to 0.24999999999999997
30.7817 	WARNING 	0.8475060999626294: Video catchup needed, advancing self._nextFrameT from 0.24999999999999997 to 0.29166666666666663
30.7817 	WARNING 	0.8475151000311598: Video catchup needed, advancing self._nextFrameT from 0.29166666666666663 to 0.3333333333333333
30.7817 	WARNING 	0.8475237999809906: Video catchup needed, advancing self._nextFrameT from 0.3333333333333333 to 0.375
30.7817 	WARNING 	0.8475325000472367: Video catchup needed, advancing self._nextFrameT from 0.375 to 0.4166666666666667
30.7817 	WARNING 	Max reportNDroppedFrames reached, will not log any more dropped frames
30.7953 	EXP 	Created unnamed MovieStim3 = MovieStim3(__class__=<class 'psychopy.visual.movie3.MovieStim3'>, anchor=('center', 'center'), autoLog=True, color=UNKNOWN, colorSpace=UNKNOWN, depth=0.0, filename='imgs/titanic_spanish.mp4', flipHoriz=False, flipVert=False, fps=UNKNOWN, interpolate=True, loop=False, name='unnamed MovieStim3', noAudio=False, opacity=1, ori=method-wrapper(...), pos=array([0., 0.]), size=None, units='pix', vframe_callback=UNKNOWN, volume=UNKNOWN, win=Window(...))
32.1598 	WARNING 	1.364537899964489: Video catchup needed, advancing self._nextFrameT from 0.0 to 0.04
32.1599 	WARNING 	1.3646143999649212: Video catchup needed, advancing self._nextFrameT from 0.04 to 0.08
32.1599 	WARNING 	1.3646251999307424: Video catchup needed, advancing self._nextFrameT from 0.08 to 0.12
32.1599 	WARNING 	1.3646367999026552: Video catchup needed, advancing self._nextFrameT from 0.12 to 0.16
32.1599 	WARNING 	1.364654199918732: Video catchup needed, advancing self._nextFrameT from 0.16 to 0.2
32.1599 	WARNING 	1.364663099986501: Video catchup needed, advancing self._nextFrameT from 0.2 to 0.24000000000000002
32.1599 	WARNING 	1.364672299940139: Video catchup needed, advancing self._nextFrameT from 0.24000000000000002 to 0.28
32.1600 	WARNING 	1.364681499893777: Video catchup needed, advancing self._nextFrameT from 0.28 to 0.32
32.1600 	WARNING 	1.3646902999607846: Video catchup needed, advancing self._nextFrameT from 0.32 to 0.36
32.1600 	WARNING 	1.3646989999106154: Video catchup needed, advancing self._nextFrameT from 0.36 to 0.39999999999999997
32.1600 	WARNING 	Max reportNDroppedFrames reached, will not log any more dropped frames
32.1933 	EXP 	window1: mouseVisible = True
32.2020 	EXP 	Created image_8 = ImageStim(__class__=<class 'psychopy.visual.image.ImageStim'>, anchor=('center', 'center'), autoLog=True, color=array([1., 1., 1.]), colorSpace='rgb', contrast=1.0, depth=-3.0, draggable=False, flipHoriz=False, flipVert=False, image='default.png', interpolate=True, mask=None, maskParams=None, name='image_8', opacity=1.0, ori=0.0, pos=array([0., 0.]), size=array([0.3, 0.3]), texRes=128.0, units='height', win=Window(...))
32.2022 	EXP 	Created unnamed MovieStim3 = MovieStim3(__class__=<class 'psychopy.visual.movie3.MovieStim3'>, anchor=('center', 'center'), autoLog=True, color=UNKNOWN, colorSpace=UNKNOWN, depth=0.0, filename='imgs/titanic_spanish.mp4', flipHoriz=False, flipVert=False, fps=UNKNOWN, interpolate=True, loop=False, name='unnamed MovieStim3', noAudio=False, opacity=1, ori=method-wrapper(...), pos=array([0., 0.]), size=None, units='pix', vframe_callback=UNKNOWN, volume=UNKNOWN, win=Window(...))
33.4572 	WARNING 	1.2549289000453427: Video catchup needed, advancing self._nextFrameT from 0.0 to 0.04
33.4572 	WARNING 	1.2549674999900162: Video catchup needed, advancing self._nextFrameT from 0.04 to 0.08
33.4572 	WARNING 	1.2549778000684455: Video catchup needed, advancing self._nextFrameT from 0.08 to 0.12
33.4572 	WARNING 	1.2549868000205606: Video catchup needed, advancing self._nextFrameT from 0.12 to 0.16
33.4572 	WARNING 	1.2549952000845224: Video catchup needed, advancing self._nextFrameT from 0.16 to 0.2
33.4572 	WARNING 	1.255003200029023: Video catchup needed, advancing self._nextFrameT from 0.2 to 0.24000000000000002
33.4572 	WARNING 	1.2550115999765694: Video catchup needed, advancing self._nextFrameT from 0.24000000000000002 to 0.28
33.4572 	WARNING 	1.2550200000405312: Video catchup needed, advancing self._nextFrameT from 0.28 to 0.32
33.4573 	WARNING 	1.2550287999911234: Video catchup needed, advancing self._nextFrameT from 0.32 to 0.36
33.4573 	WARNING 	1.2550367000512779: Video catchup needed, advancing self._nextFrameT from 0.36 to 0.39999999999999997
33.4573 	WARNING 	Max reportNDroppedFrames reached, will not log any more dropped frames
33.4854 	EXP 	Created unnamed MovieStim3 = MovieStim3(__class__=<class 'psychopy.visual.movie3.MovieStim3'>, anchor=('center', 'center'), autoLog=True, color=UNKNOWN, colorSpace=UNKNOWN, depth=0.0, filename='imgs/titanic.mp4', flipHoriz=False, flipVert=False, fps=UNKNOWN, interpolate=True, loop=False, name='unnamed MovieStim3', noAudio=False, opacity=1, ori=method-wrapper(...), pos=array([   0., -350.]), size=None, units='pix', vframe_callback=UNKNOWN, volume=UNKNOWN, win=Window(...))
34.5645 	WARNING 	1.0790297999046743: Video catchup needed, advancing self._nextFrameT from 0.0 to 0.03336666666666667
34.5646 	WARNING 	1.079113099956885: Video catchup needed, advancing self._nextFrameT from 0.03336666666666667 to 0.06673333333333334
34.5646 	WARNING 	1.0791270999470726: Video catchup needed, advancing self._nextFrameT from 0.06673333333333334 to 0.10010000000000001
34.5646 	WARNING 	1.0791389999212697: Video catchup needed, advancing self._nextFrameT from 0.10010000000000001 to 0.13346666666666668
34.5646 	WARNING 	1.0791486999951303: Video catchup needed, advancing self._nextFrameT from 0.13346666666666668 to 0.16683333333333333
34.5646 	WARNING 	1.0791580999502912: Video catchup needed, advancing self._nextFrameT from 0.16683333333333333 to 0.2002
34.5646 	WARNING 	1.0791669000172988: Video catchup needed, advancing self._nextFrameT from 0.2002 to 0.23356666666666664
34.5647 	WARNING 	1.0791757999686524: Video catchup needed, advancing self._nextFrameT from 0.23356666666666664 to 0.2669333333333333
34.5647 	WARNING 	1.0791849999222904: Video catchup needed, advancing self._nextFrameT from 0.2669333333333333 to 0.30029999999999996
34.5647 	WARNING 	1.0791942999931052: Video catchup needed, advancing self._nextFrameT from 0.30029999999999996 to 0.3336666666666666
34.5647 	WARNING 	Max reportNDroppedFrames reached, will not log any more dropped frames
34.5940 	EXP 	window1: mouseVisible = True
34.6044 	EXP 	Created image_9 = ImageStim(__class__=<class 'psychopy.visual.image.ImageStim'>, anchor=('center', 'center'), autoLog=True, color=array([1., 1., 1.]), colorSpace='rgb', contrast=1.0, depth=-4.0, draggable=False, flipHoriz=False, flipVert=False, image='default.png', interpolate=True, mask=None, maskParams=None, name='image_9', opacity=1.0, ori=0.0, pos=array([0., 0.]), size=array([0.3, 0.3]), texRes=128.0, units='height', win=Window(...))
34.6048 	EXP 	window1: mouseVisible = True
34.6056 	EXP 	Created text_9 = TextStim(__class__=<class 'psychopy.visual.text.TextStim'>, alignHoriz=method-wrapper(...), alignText='center', alignVert=method-wrapper(...), anchorHoriz='center', anchorVert='center', antialias=True, autoDraw=False, autoLog=True, bold=False, color=array([1., 1., 1.]), colorSpace='rgb', contrast=1.0, depth=0.0, draggable=False, flipHoriz=False, flipVert=False, font='Open Sans', fontFiles=[], height=0.05, italic=False, languageStyle='LTR', name='text_9', opacity=1.0, ori=0.0, pos=array([0., 0.]), rgb=UNKNOWN, text='', units='height', win=Window(...), wrapWidth=1)
34.6056 	EXP 	window1: mouseVisible = True
34.6152 	EXP 	Created image_10 = ImageStim(__class__=<class 'psychopy.visual.image.ImageStim'>, anchor=('center', 'center'), autoLog=True, color=array([1., 1., 1.]), colorSpace='rgb', contrast=1.0, depth=-1.0, draggable=False, flipHoriz=False, flipVert=False, image='default.png', interpolate=True, mask=None, maskParams=None, name='image_10', opacity=1.0, ori=0.0, pos=array([0., 0.]), size=array([0.3, 0.3]), texRes=128.0, units='height', win=Window(...))
34.6155 	EXP 	Created unnamed MovieStim3 = MovieStim3(__class__=<class 'psychopy.visual.movie3.MovieStim3'>, anchor=('center', 'center'), autoLog=True, color=UNKNOWN, colorSpace=UNKNOWN, depth=0.0, filename='imgs/video_mar_luis.mp4', flipHoriz=False, flipVert=False, fps=UNKNOWN, interpolate=True, loop=True, name='unnamed MovieStim3', noAudio=False, opacity=1, ori=method-wrapper(...), pos=array([0., 0.]), size=None, units='pix', vframe_callback=UNKNOWN, volume=UNKNOWN, win=Window(...))
35.1730 	WARNING 	0.5574767000507563: Video catchup needed, advancing self._nextFrameT from 0.0 to 0.03333333333333333
35.1730 	WARNING 	0.5575234000571072: Video catchup needed, advancing self._nextFrameT from 0.03333333333333333 to 0.06666666666666667
35.1730 	WARNING 	0.5575348000274971: Video catchup needed, advancing self._nextFrameT from 0.06666666666666667 to 0.1
35.1730 	WARNING 	0.5575446999864653: Video catchup needed, advancing self._nextFrameT from 0.1 to 0.13333333333333333
35.1730 	WARNING 	0.5575540000572801: Video catchup needed, advancing self._nextFrameT from 0.13333333333333333 to 0.16666666666666666
35.1730 	WARNING 	0.5575632000109181: Video catchup needed, advancing self._nextFrameT from 0.16666666666666666 to 0.19999999999999998
35.1730 	WARNING 	0.557572599966079: Video catchup needed, advancing self._nextFrameT from 0.19999999999999998 to 0.2333333333333333
35.1731 	WARNING 	0.5575905999867246: Video catchup needed, advancing self._nextFrameT from 0.2333333333333333 to 0.26666666666666666
35.1731 	WARNING 	0.557599600055255: Video catchup needed, advancing self._nextFrameT from 0.26666666666666666 to 0.3
35.1731 	WARNING 	0.5576082000043243: Video catchup needed, advancing self._nextFrameT from 0.3 to 0.3333333333333333
35.1731 	WARNING 	Max reportNDroppedFrames reached, will not log any more dropped frames
35.3015 	EXP 	window1: mouseVisible = True
35.3109 	EXP 	Created image_11 = ImageStim(__class__=<class 'psychopy.visual.image.ImageStim'>, anchor=('center', 'center'), autoLog=True, color=array([1., 1., 1.]), colorSpace='rgb', contrast=1.0, depth=-1.0, draggable=False, flipHoriz=False, flipVert=False, image='default.png', interpolate=True, mask=None, maskParams=None, name='image_11', opacity=1.0, ori=0.0, pos=array([0., 0.]), size=array([0.3, 0.3]), texRes=128.0, units='height', win=Window(...))
35.3111 	EXP 	Created unnamed MovieStim3 = MovieStim3(__class__=<class 'psychopy.visual.movie3.MovieStim3'>, anchor=('center', 'center'), autoLog=True, color=UNKNOWN, colorSpace=UNKNOWN, depth=0.0, filename='imgs/song_titanic.mp4', flipHoriz=False, flipVert=False, fps=UNKNOWN, interpolate=True, loop=False, name='unnamed MovieStim3', noAudio=False, opacity=1, ori=method-wrapper(...), pos=array([0., 0.]), size=None, units='pix', vframe_callback=UNKNOWN, volume=UNKNOWN, win=Window(...))
36.0629 	WARNING 	0.7517288000090048: Video catchup needed, advancing self._nextFrameT from 0.0 to 0.041666666666666664
36.0630 	WARNING 	0.7518202000064775: Video catchup needed, advancing self._nextFrameT from 0.041666666666666664 to 0.08333333333333333
36.0630 	WARNING 	0.7518321999814361: Video catchup needed, advancing self._nextFrameT from 0.08333333333333333 to 0.125
36.0630 	WARNING 	0.7518436999525875: Video catchup needed, advancing self._nextFrameT from 0.125 to 0.16666666666666666
36.0630 	WARNING 	0.751853600027971: Video catchup needed, advancing self._nextFrameT from 0.16666666666666666 to 0.20833333333333331
36.0630 	WARNING 	0.7518628999823704: Video catchup needed, advancing self._nextFrameT from 0.20833333333333331 to 0.24999999999999997
36.0630 	WARNING 	0.7518718000501394: Video catchup needed, advancing self._nextFrameT from 0.24999999999999997 to 0.29166666666666663
36.0630 	WARNING 	0.7518816000083461: Video catchup needed, advancing self._nextFrameT from 0.29166666666666663 to 0.3333333333333333
36.0630 	WARNING 	0.7518908999627456: Video catchup needed, advancing self._nextFrameT from 0.3333333333333333 to 0.375
36.0630 	WARNING 	0.7519011000404134: Video catchup needed, advancing self._nextFrameT from 0.375 to 0.4166666666666667
36.0631 	WARNING 	Max reportNDroppedFrames reached, will not log any more dropped frames
36.0776 	EXP 	Created unnamed MovieStim3 = MovieStim3(__class__=<class 'psychopy.visual.movie3.MovieStim3'>, anchor=('center', 'center'), autoLog=True, color=UNKNOWN, colorSpace=UNKNOWN, depth=0.0, filename='imgs/titanic_spanish.mp4', flipHoriz=False, flipVert=False, fps=UNKNOWN, interpolate=True, loop=False, name='unnamed MovieStim3', noAudio=False, opacity=1, ori=method-wrapper(...), pos=array([0., 0.]), size=None, units='pix', vframe_callback=UNKNOWN, volume=UNKNOWN, win=Window(...))
37.3380 	WARNING 	1.2603827000129968: Video catchup needed, advancing self._nextFrameT from 0.0 to 0.04
37.3380 	WARNING 	1.2604171999264508: Video catchup needed, advancing self._nextFrameT from 0.04 to 0.08
37.3380 	WARNING 	1.2604284000117332: Video catchup needed, advancing self._nextFrameT from 0.08 to 0.12
37.3380 	WARNING 	1.2604376999661326: Video catchup needed, advancing self._nextFrameT from 0.12 to 0.16
37.3381 	WARNING 	1.2604467999190092: Video catchup needed, advancing self._nextFrameT from 0.16 to 0.2
37.3381 	WARNING 	1.2604559999890625: Video catchup needed, advancing self._nextFrameT from 0.2 to 0.24000000000000002
37.3381 	WARNING 	1.260465499944985: Video catchup needed, advancing self._nextFrameT from 0.24000000000000002 to 0.28
37.3381 	WARNING 	1.2604749000165612: Video catchup needed, advancing self._nextFrameT from 0.28 to 0.32
37.3381 	WARNING 	1.2604832999641076: Video catchup needed, advancing self._nextFrameT from 0.32 to 0.36
37.3381 	WARNING 	1.2604951999383047: Video catchup needed, advancing self._nextFrameT from 0.36 to 0.39999999999999997
37.3381 	WARNING 	Max reportNDroppedFrames reached, will not log any more dropped frames
37.3710 	EXP 	window1: mouseVisible = True
37.3816 	EXP 	Created image_12 = ImageStim(__class__=<class 'psychopy.visual.image.ImageStim'>, anchor=('center', 'center'), autoLog=True, color=array([1., 1., 1.]), colorSpace='rgb', contrast=1.0, depth=-3.0, draggable=False, flipHoriz=False, flipVert=False, image='default.png', interpolate=True, mask=None, maskParams=None, name='image_12', opacity=1.0, ori=0.0, pos=array([0., 0.]), size=array([0.3, 0.3]), texRes=128.0, units='height', win=Window(...))
37.3818 	EXP 	Created unnamed MovieStim3 = MovieStim3(__class__=<class 'psychopy.visual.movie3.MovieStim3'>, anchor=('center', 'center'), autoLog=True, color=UNKNOWN, colorSpace=UNKNOWN, depth=0.0, filename='imgs/titanic_spanish.mp4', flipHoriz=False, flipVert=False, fps=UNKNOWN, interpolate=True, loop=False, name='unnamed MovieStim3', noAudio=False, opacity=1, ori=method-wrapper(...), pos=array([0., 0.]), size=None, units='pix', vframe_callback=UNKNOWN, volume=UNKNOWN, win=Window(...))
38.7408 	WARNING 	1.3589360999176279: Video catchup needed, advancing self._nextFrameT from 0.0 to 0.04
38.7408 	WARNING 	1.3589707999490201: Video catchup needed, advancing self._nextFrameT from 0.04 to 0.08
38.7408 	WARNING 	1.3589817999163643: Video catchup needed, advancing self._nextFrameT from 0.08 to 0.12
38.7408 	WARNING 	1.3589909999864176: Video catchup needed, advancing self._nextFrameT from 0.12 to 0.16
38.7408 	WARNING 	1.3590001999400556: Video catchup needed, advancing self._nextFrameT from 0.16 to 0.2
38.7408 	WARNING 	1.3590097000123933: Video catchup needed, advancing self._nextFrameT from 0.2 to 0.24000000000000002
38.7409 	WARNING 	1.3590189999667928: Video catchup needed, advancing self._nextFrameT from 0.24000000000000002 to 0.28
38.7409 	WARNING 	1.3590284999227151: Video catchup needed, advancing self._nextFrameT from 0.28 to 0.32
38.7409 	WARNING 	1.3590373999904841: Video catchup needed, advancing self._nextFrameT from 0.32 to 0.36
38.7409 	WARNING 	1.3590464999433607: Video catchup needed, advancing self._nextFrameT from 0.36 to 0.39999999999999997
38.7409 	WARNING 	Max reportNDroppedFrames reached, will not log any more dropped frames
38.7723 	EXP 	Created unnamed MovieStim3 = MovieStim3(__class__=<class 'psychopy.visual.movie3.MovieStim3'>, anchor=('center', 'center'), autoLog=True, color=UNKNOWN, colorSpace=UNKNOWN, depth=0.0, filename='imgs/titanic.mp4', flipHoriz=False, flipVert=False, fps=UNKNOWN, interpolate=True, loop=False, name='unnamed MovieStim3', noAudio=False, opacity=1, ori=method-wrapper(...), pos=array([   0., -350.]), size=None, units='pix', vframe_callback=UNKNOWN, volume=UNKNOWN, win=Window(...))
40.1323 	WARNING 	1.359905599965714: Video catchup needed, advancing self._nextFrameT from 0.0 to 0.03336666666666667
40.1323 	WARNING 	1.3599417998921126: Video catchup needed, advancing self._nextFrameT from 0.03336666666666667 to 0.06673333333333334
40.1323 	WARNING 	1.3599545999895781: Video catchup needed, advancing self._nextFrameT from 0.06673333333333334 to 0.10010000000000001
40.1323 	WARNING 	1.3599655999569222: Video catchup needed, advancing self._nextFrameT from 0.10010000000000001 to 0.13346666666666668
40.1323 	WARNING 	1.359976299921982: Video catchup needed, advancing self._nextFrameT from 0.13346666666666668 to 0.16683333333333333
40.1323 	WARNING 	1.3599861999973655: Video catchup needed, advancing self._nextFrameT from 0.16683333333333333 to 0.2002
40.1323 	WARNING 	1.359996199957095: Video catchup needed, advancing self._nextFrameT from 0.2002 to 0.23356666666666664
40.1324 	WARNING 	1.3600058999145404: Video catchup needed, advancing self._nextFrameT from 0.23356666666666664 to 0.2669333333333333
40.1324 	WARNING 	1.3600163999944925: Video catchup needed, advancing self._nextFrameT from 0.2669333333333333 to 0.30029999999999996
40.1324 	WARNING 	1.360026799957268: Video catchup needed, advancing self._nextFrameT from 0.30029999999999996 to 0.3336666666666666
40.1324 	WARNING 	Max reportNDroppedFrames reached, will not log any more dropped frames
40.1773 	EXP 	window1: mouseVisible = True
40.1903 	EXP 	Created image_13 = ImageStim(__class__=<class 'psychopy.visual.image.ImageStim'>, anchor=('center', 'center'), autoLog=True, color=array([1., 1., 1.]), colorSpace='rgb', contrast=1.0, depth=-4.0, draggable=False, flipHoriz=False, flipVert=False, image='default.png', interpolate=True, mask=None, maskParams=None, name='image_13', opacity=1.0, ori=0.0, pos=array([0., 0.]), size=array([0.3, 0.3]), texRes=128.0, units='height', win=Window(...))
40.1905 	EXP 	window1: mouseVisible = True
40.1915 	EXP 	Created text_10 = TextStim(__class__=<class 'psychopy.visual.text.TextStim'>, alignHoriz=method-wrapper(...), alignText='center', alignVert=method-wrapper(...), anchorHoriz='center', anchorVert='center', antialias=True, autoDraw=False, autoLog=True, bold=False, color=array([1., 1., 1.]), colorSpace='rgb', contrast=1.0, depth=0.0, draggable=False, flipHoriz=False, flipVert=False, font='Open Sans', fontFiles=[], height=0.05, italic=False, languageStyle='LTR', name='text_10', opacity=1.0, ori=0.0, pos=array([0., 0.]), rgb=UNKNOWN, text='', units='height', win=Window(...), wrapWidth=1)
40.1916 	EXP 	window1: mouseVisible = True
40.2028 	EXP 	Created image_14 = ImageStim(__class__=<class 'psychopy.visual.image.ImageStim'>, anchor=('center', 'center'), autoLog=True, color=array([1., 1., 1.]), colorSpace='rgb', contrast=1.0, depth=-1.0, draggable=False, flipHoriz=False, flipVert=False, image='default.png', interpolate=True, mask=None, maskParams=None, name='image_14', opacity=1.0, ori=0.0, pos=array([0., 0.]), size=array([0.3, 0.3]), texRes=128.0, units='height', win=Window(...))
40.2030 	EXP 	Created unnamed MovieStim3 = MovieStim3(__class__=<class 'psychopy.visual.movie3.MovieStim3'>, anchor=('center', 'center'), autoLog=True, color=UNKNOWN, colorSpace=UNKNOWN, depth=0.0, filename='imgs/video_mar_luis.mp4', flipHoriz=False, flipVert=False, fps=UNKNOWN, interpolate=True, loop=True, name='unnamed MovieStim3', noAudio=False, opacity=1, ori=method-wrapper(...), pos=array([0., 0.]), size=None, units='pix', vframe_callback=UNKNOWN, volume=UNKNOWN, win=Window(...))
40.8114 	WARNING 	0.6083777999738231: Video catchup needed, advancing self._nextFrameT from 0.0 to 0.03333333333333333
40.8115 	WARNING 	0.6084127000067383: Video catchup needed, advancing self._nextFrameT from 0.03333333333333333 to 0.06666666666666667
40.8115 	WARNING 	0.6084247999824584: Video catchup needed, advancing self._nextFrameT from 0.06666666666666667 to 0.1
40.8115 	WARNING 	0.6084343999391422: Video catchup needed, advancing self._nextFrameT from 0.1 to 0.13333333333333333
40.8115 	WARNING 	0.608443700009957: Video catchup needed, advancing self._nextFrameT from 0.13333333333333333 to 0.16666666666666666
40.8115 	WARNING 	0.6084530999651179: Video catchup needed, advancing self._nextFrameT from 0.16666666666666666 to 0.19999999999999998
40.8115 	WARNING 	0.6084623999195173: Video catchup needed, advancing self._nextFrameT from 0.19999999999999998 to 0.2333333333333333
40.8115 	WARNING 	0.6084715999895707: Video catchup needed, advancing self._nextFrameT from 0.2333333333333333 to 0.26666666666666666
40.8115 	WARNING 	0.6084805999416858: Video catchup needed, advancing self._nextFrameT from 0.26666666666666666 to 0.3
40.8115 	WARNING 	0.6084896000102162: Video catchup needed, advancing self._nextFrameT from 0.3 to 0.3333333333333333
40.8115 	WARNING 	Max reportNDroppedFrames reached, will not log any more dropped frames
40.9732 	EXP 	window1: mouseVisible = True
40.9838 	EXP 	Created image_15 = ImageStim(__class__=<class 'psychopy.visual.image.ImageStim'>, anchor=('center', 'center'), autoLog=True, color=array([1., 1., 1.]), colorSpace='rgb', contrast=1.0, depth=-1.0, draggable=False, flipHoriz=False, flipVert=False, image='default.png', interpolate=True, mask=None, maskParams=None, name='image_15', opacity=1.0, ori=0.0, pos=array([0., 0.]), size=array([0.3, 0.3]), texRes=128.0, units='height', win=Window(...))
40.9840 	EXP 	Created unnamed MovieStim3 = MovieStim3(__class__=<class 'psychopy.visual.movie3.MovieStim3'>, anchor=('center', 'center'), autoLog=True, color=UNKNOWN, colorSpace=UNKNOWN, depth=0.0, filename='imgs/song_titanic.mp4', flipHoriz=False, flipVert=False, fps=UNKNOWN, interpolate=True, loop=False, name='unnamed MovieStim3', noAudio=False, opacity=1, ori=method-wrapper(...), pos=array([0., 0.]), size=None, units='pix', vframe_callback=UNKNOWN, volume=UNKNOWN, win=Window(...))
41.8971 	WARNING 	0.91303329996299: Video catchup needed, advancing self._nextFrameT from 0.0 to 0.041666666666666664
41.8971 	WARNING 	0.9130731999175623: Video catchup needed, advancing self._nextFrameT from 0.041666666666666664 to 0.08333333333333333
41.8971 	WARNING 	0.9130857000127435: Video catchup needed, advancing self._nextFrameT from 0.08333333333333333 to 0.125
41.8971 	WARNING 	0.9130961999762803: Video catchup needed, advancing self._nextFrameT from 0.125 to 0.16666666666666666
41.8971 	WARNING 	0.9131069999421015: Video catchup needed, advancing self._nextFrameT from 0.16666666666666666 to 0.20833333333333331
41.8971 	WARNING 	0.9131172000197694: Video catchup needed, advancing self._nextFrameT from 0.20833333333333331 to 0.24999999999999997
41.8971 	WARNING 	0.9131270999787375: Video catchup needed, advancing self._nextFrameT from 0.24999999999999997 to 0.29166666666666663
41.8971 	WARNING 	0.91313729993999: Video catchup needed, advancing self._nextFrameT from 0.29166666666666663 to 0.3333333333333333
41.8972 	WARNING 	0.9131474000168964: Video catchup needed, advancing self._nextFrameT from 0.3333333333333333 to 0.375
41.8972 	WARNING 	0.9131571999751031: Video catchup needed, advancing self._nextFrameT from 0.375 to 0.4166666666666667
41.8972 	WARNING 	Max reportNDroppedFrames reached, will not log any more dropped frames
41.9184 	EXP 	Created unnamed MovieStim3 = MovieStim3(__class__=<class 'psychopy.visual.movie3.MovieStim3'>, anchor=('center', 'center'), autoLog=True, color=UNKNOWN, colorSpace=UNKNOWN, depth=0.0, filename='imgs/titanic_spanish.mp4', flipHoriz=False, flipVert=False, fps=UNKNOWN, interpolate=True, loop=False, name='unnamed MovieStim3', noAudio=False, opacity=1, ori=method-wrapper(...), pos=array([0., 0.]), size=None, units='pix', vframe_callback=UNKNOWN, volume=UNKNOWN, win=Window(...))
43.5952 	WARNING 	1.676756100030616: Video catchup needed, advancing self._nextFrameT from 0.0 to 0.04
43.5953 	WARNING 	1.6767942999722436: Video catchup needed, advancing self._nextFrameT from 0.04 to 0.08
43.5953 	WARNING 	1.6768080999609083: Video catchup needed, advancing self._nextFrameT from 0.08 to 0.12
43.5953 	WARNING 	1.676818700041622: Video catchup needed, advancing self._nextFrameT from 0.12 to 0.16
43.5953 	WARNING 	1.6768279999960214: Video catchup needed, advancing self._nextFrameT from 0.16 to 0.2
43.5953 	WARNING 	1.6768369000637904: Video catchup needed, advancing self._nextFrameT from 0.2 to 0.24000000000000002
43.5953 	WARNING 	1.6768464000197127: Video catchup needed, advancing self._nextFrameT from 0.24000000000000002 to 0.28
43.5953 	WARNING 	1.676859900006093: Video catchup needed, advancing self._nextFrameT from 0.28 to 0.32
43.5953 	WARNING 	1.676869299961254: Video catchup needed, advancing self._nextFrameT from 0.32 to 0.36
43.5953 	WARNING 	1.676878400030546: Video catchup needed, advancing self._nextFrameT from 0.36 to 0.39999999999999997
43.5953 	WARNING 	Max reportNDroppedFrames reached, will not log any more dropped frames
43.6505 	EXP 	window1: mouseVisible = True
43.6635 	EXP 	Created image_16 = ImageStim(__class__=<class 'psychopy.visual.image.ImageStim'>, anchor=('center', 'center'), autoLog=True, color=array([1., 1., 1.]), colorSpace='rgb', contrast=1.0, depth=-3.0, draggable=False, flipHoriz=False, flipVert=False, image='default.png', interpolate=True, mask=None, maskParams=None, name='image_16', opacity=1.0, ori=0.0, pos=array([0., 0.]), size=array([0.3, 0.3]), texRes=128.0, units='height', win=Window(...))
43.6641 	EXP 	Created unnamed MovieStim3 = MovieStim3(__class__=<class 'psychopy.visual.movie3.MovieStim3'>, anchor=('center', 'center'), autoLog=True, color=UNKNOWN, colorSpace=UNKNOWN, depth=0.0, filename='imgs/titanic_spanish.mp4', flipHoriz=False, flipVert=False, fps=UNKNOWN, interpolate=True, loop=False, name='unnamed MovieStim3', noAudio=False, opacity=1, ori=method-wrapper(...), pos=array([0., 0.]), size=None, units='pix', vframe_callback=UNKNOWN, volume=UNKNOWN, win=Window(...))
45.2989 	WARNING 	1.6348044000333175: Video catchup needed, advancing self._nextFrameT from 0.0 to 0.04
45.2989 	WARNING 	1.6348428999772295: Video catchup needed, advancing self._nextFrameT from 0.04 to 0.08
45.2989 	WARNING 	1.6348554999567568: Video catchup needed, advancing self._nextFrameT from 0.08 to 0.12
45.2990 	WARNING 	1.6348667000420392: Video catchup needed, advancing self._nextFrameT from 0.12 to 0.16
45.2990 	WARNING 	1.634878100012429: Video catchup needed, advancing self._nextFrameT from 0.16 to 0.2
45.2990 	WARNING 	1.6348886999767274: Video catchup needed, advancing self._nextFrameT from 0.2 to 0.24000000000000002
45.2990 	WARNING 	1.6348998000612482: Video catchup needed, advancing self._nextFrameT from 0.24000000000000002 to 0.28
45.2990 	WARNING 	1.6349108000285923: Video catchup needed, advancing self._nextFrameT from 0.28 to 0.32
45.2990 	WARNING 	1.6349209999898449: Video catchup needed, advancing self._nextFrameT from 0.32 to 0.36
45.2990 	WARNING 	1.6349312999518588: Video catchup needed, advancing self._nextFrameT from 0.36 to 0.39999999999999997
45.2990 	WARNING 	Max reportNDroppedFrames reached, will not log any more dropped frames
45.3543 	EXP 	Created unnamed MovieStim3 = MovieStim3(__class__=<class 'psychopy.visual.movie3.MovieStim3'>, anchor=('center', 'center'), autoLog=True, color=UNKNOWN, colorSpace=UNKNOWN, depth=0.0, filename='imgs/titanic.mp4', flipHoriz=False, flipVert=False, fps=UNKNOWN, interpolate=True, loop=False, name='unnamed MovieStim3', noAudio=False, opacity=1, ori=method-wrapper(...), pos=array([   0., -350.]), size=None, units='pix', vframe_callback=UNKNOWN, volume=UNKNOWN, win=Window(...))
46.5484 	WARNING 	1.194068199954927: Video catchup needed, advancing self._nextFrameT from 0.0 to 0.03336666666666667
46.5485 	WARNING 	1.1941190999932587: Video catchup needed, advancing self._nextFrameT from 0.03336666666666667 to 0.06673333333333334
46.5485 	WARNING 	1.1941402999218553: Video catchup needed, advancing self._nextFrameT from 0.06673333333333334 to 0.10010000000000001
46.5485 	WARNING 	1.1941601999569684: Video catchup needed, advancing self._nextFrameT from 0.10010000000000001 to 0.13346666666666668
46.5485 	WARNING 	1.194174199947156: Video catchup needed, advancing self._nextFrameT from 0.13346666666666668 to 0.16683333333333333
46.5485 	WARNING 	1.1941886999411508: Video catchup needed, advancing self._nextFrameT from 0.16683333333333333 to 0.2002
46.5485 	WARNING 	1.1942020999267697: Video catchup needed, advancing self._nextFrameT from 0.2002 to 0.23356666666666664
46.5485 	WARNING 	1.1942154999123886: Video catchup needed, advancing self._nextFrameT from 0.23356666666666664 to 0.2669333333333333
46.5486 	WARNING 	1.194241899996996: Video catchup needed, advancing self._nextFrameT from 0.2669333333333333 to 0.30029999999999996
46.5486 	WARNING 	1.194255799986422: Video catchup needed, advancing self._nextFrameT from 0.30029999999999996 to 0.3336666666666666
46.5486 	WARNING 	Max reportNDroppedFrames reached, will not log any more dropped frames
46.5843 	EXP 	window1: mouseVisible = True
46.5940 	EXP 	Created image_17 = ImageStim(__class__=<class 'psychopy.visual.image.ImageStim'>, anchor=('center', 'center'), autoLog=True, color=array([1., 1., 1.]), colorSpace='rgb', contrast=1.0, depth=-4.0, draggable=False, flipHoriz=False, flipVert=False, image='default.png', interpolate=True, mask=None, maskParams=None, name='image_17', opacity=1.0, ori=0.0, pos=array([0., 0.]), size=array([0.3, 0.3]), texRes=128.0, units='height', win=Window(...))
46.5942 	EXP 	window1: mouseVisible = True
46.6103 	EXP 	Created text_4 = TextStim(__class__=<class 'psychopy.visual.text.TextStim'>, alignHoriz=method-wrapper(...), alignText='center', alignVert=method-wrapper(...), anchorHoriz='center', anchorVert='center', antialias=True, autoDraw=False, autoLog=True, bold=False, color=array([1., 1., 1.]), colorSpace='rgb', contrast=1.0, depth=0.0, draggable=False, flipHoriz=False, flipVert=False, font='Open Sans', fontFiles=[], height=0.05, italic=False, languageStyle='LTR', name='text_4', opacity=1.0, ori=0.0, pos=array([0., 0.]), rgb=UNKNOWN, text='¡Muchas gracias por participar!', units='height', win=Window(...), wrapWidth=1)
0.0041 	EXP 	unnamed MovieStim3: autoLog = True
0.0041 	EXP 	unnamed MovieStim3: movie = 'imgs/video_mar_luis.mp4'
0.0041 	EXP 	unnamed MovieStim3: ori = 0.0
0.0041 	EXP 	unnamed MovieStim3: autoLog = True
0.0041 	EXP 	unnamed MovieStim3: movie = 'imgs/song_titanic.mp4'
0.0041 	EXP 	unnamed MovieStim3: ori = 0.0
0.0041 	EXP 	unnamed MovieStim3: autoLog = True
0.0041 	EXP 	unnamed MovieStim3: movie = 'imgs/titanic_spanish.mp4'
0.0041 	EXP 	unnamed MovieStim3: ori = 0.0
0.0041 	EXP 	unnamed MovieStim3: autoLog = True
0.0041 	EXP 	unnamed MovieStim3: movie = 'imgs/titanic_spanish.mp4'
0.0041 	EXP 	unnamed MovieStim3: ori = 0.0
0.0041 	EXP 	unnamed MovieStim3: autoLog = True
0.0041 	EXP 	unnamed MovieStim3: movie = 'imgs/titanic.mp4'
0.0041 	EXP 	unnamed MovieStim3: ori = 0.0
0.0041 	EXP 	unnamed MovieStim3: autoLog = True
0.0041 	EXP 	unnamed MovieStim3: movie = 'imgs/video_mar_luis.mp4'
0.0041 	EXP 	unnamed MovieStim3: ori = 0.0
0.0041 	EXP 	unnamed MovieStim3: autoLog = True
0.0041 	EXP 	unnamed MovieStim3: movie = 'imgs/song_titanic.mp4'
0.0041 	EXP 	unnamed MovieStim3: ori = 0.0
0.0041 	EXP 	unnamed MovieStim3: autoLog = True
0.0041 	EXP 	unnamed MovieStim3: movie = 'imgs/titanic_spanish.mp4'
0.0041 	EXP 	unnamed MovieStim3: ori = 0.0
0.0041 	EXP 	unnamed MovieStim3: autoLog = True
0.0041 	EXP 	unnamed MovieStim3: movie = 'imgs/titanic_spanish.mp4'
0.0041 	EXP 	unnamed MovieStim3: ori = 0.0
0.0041 	EXP 	unnamed MovieStim3: autoLog = True
0.0041 	EXP 	unnamed MovieStim3: movie = 'imgs/titanic.mp4'
0.0041 	EXP 	unnamed MovieStim3: ori = 0.0
0.0041 	EXP 	unnamed MovieStim3: autoLog = True
0.0041 	EXP 	unnamed MovieStim3: movie = 'imgs/video_mar_luis.mp4'
0.0041 	EXP 	unnamed MovieStim3: ori = 0.0
0.0041 	EXP 	unnamed MovieStim3: autoLog = True
0.0041 	EXP 	unnamed MovieStim3: movie = 'imgs/song_titanic.mp4'
0.0041 	EXP 	unnamed MovieStim3: ori = 0.0
0.0041 	EXP 	unnamed MovieStim3: autoLog = True
0.0041 	EXP 	unnamed MovieStim3: movie = 'imgs/titanic_spanish.mp4'
0.0041 	EXP 	unnamed MovieStim3: ori = 0.0
0.0041 	EXP 	unnamed MovieStim3: autoLog = True
0.0041 	EXP 	unnamed MovieStim3: movie = 'imgs/titanic_spanish.mp4'
0.0041 	EXP 	unnamed MovieStim3: ori = 0.0
0.0041 	EXP 	unnamed MovieStim3: autoLog = True
0.0041 	EXP 	unnamed MovieStim3: movie = 'imgs/titanic.mp4'
0.0041 	EXP 	unnamed MovieStim3: ori = 0.0
0.0041 	EXP 	unnamed MovieStim3: autoLog = True
0.0041 	EXP 	unnamed MovieStim3: movie = 'imgs/video_mar_luis.mp4'
0.0041 	EXP 	unnamed MovieStim3: ori = 0.0
0.0041 	EXP 	unnamed MovieStim3: autoLog = True
0.0041 	EXP 	unnamed MovieStim3: movie = 'imgs/song_titanic.mp4'
0.0041 	EXP 	unnamed MovieStim3: ori = 0.0
0.0041 	EXP 	unnamed MovieStim3: autoLog = True
0.0041 	EXP 	unnamed MovieStim3: movie = 'imgs/titanic_spanish.mp4'
0.0041 	EXP 	unnamed MovieStim3: ori = 0.0
0.0041 	EXP 	unnamed MovieStim3: autoLog = True
0.0041 	EXP 	unnamed MovieStim3: movie = 'imgs/titanic_spanish.mp4'
0.0041 	EXP 	unnamed MovieStim3: ori = 0.0
0.0041 	EXP 	unnamed MovieStim3: autoLog = True
0.0041 	EXP 	unnamed MovieStim3: movie = 'imgs/titanic.mp4'
0.0041 	EXP 	unnamed MovieStim3: ori = 0.0
0.0223 	EXP 	image_5: autoDraw = True
0.0223 	EXP 	text_6: autoDraw = True
3.0257 	EXP 	image_5: autoDraw = False
3.0257 	EXP 	text_6: autoDraw = False
3.0257 	EXP 	text_5: autoDraw = True
13.0256 	DATA 	Keypress: space
13.0351 	EXP 	text_5: autoDraw = False
13.0351 	EXP 	text_7: height = 0.05
13.0351 	EXP 	text_7: height = 0.05
13.0351 	EXP 	text_7: height = 0.05
13.0351 	EXP 	text_7: text = 'Ronda 1/4'
13.0351 	EXP 	text_7: autoDraw = True
15.0684 	EXP 	Imported imgs/iceberg_times.xlsx as conditions, 8 conditions, 3 params
15.0688 	EXP 	Created sequence: sequential, trialTypes=8, nReps=1, seed=None
15.0689 	EXP 	New trial (rep=0, index=0): {'timepresentation': 3, 'posx': 0, 'posy': 0.05}
15.0750 	EXP 	Sound  started
15.0753 	EXP 	New trial (rep=0, index=1): {'timepresentation': 12, 'posx': -0.3, 'posy': 0.05}
15.0801 	EXP 	New trial (rep=0, index=2): {'timepresentation': 13, 'posx': 0.5, 'posy': 0.05}
15.0847 	EXP 	New trial (rep=0, index=3): {'timepresentation': 12, 'posx': -0.5, 'posy': 0.05}
15.0894 	EXP 	New trial (rep=0, index=4): {'timepresentation': 3, 'posx': 0.5, 'posy': 0.05}
15.0937 	EXP 	New trial (rep=0, index=5): {'timepresentation': 6, 'posx': 0.2, 'posy': 0.05}
15.0979 	EXP 	New trial (rep=0, index=6): {'timepresentation': 15, 'posx': -0.2, 'posy': 0.05}
15.1022 	EXP 	New trial (rep=0, index=7): {'timepresentation': 4, 'posx': 0.5, 'posy': 0.05}
15.1185 	EXP 	Imported imgs/iceberg_times.xlsx as conditions, 8 conditions, 3 params
15.1189 	EXP 	Created sequence: sequential, trialTypes=8, nReps=1, seed=None
15.1190 	EXP 	New trial (rep=0, index=0): {'timepresentation': 3, 'posx': 0, 'posy': 0.05}
15.1236 	EXP 	Sound  started
15.1364 	EXP 	text_7: autoDraw = False
15.1364 	EXP 	image: image = 'imgs/iceberg.png'
15.1364 	EXP 	Set unnamed MovieStim3 playing
15.1364 	EXP 	image: autoDraw = False
15.1364 	EXP 	image: image = 'imgs/iceberg.png'
15.1364 	EXP 	image: autoDraw = False
15.1364 	EXP 	image: image = 'imgs/iceberg.png'
15.1364 	EXP 	image: autoDraw = False
15.1364 	EXP 	image: image = 'imgs/iceberg.png'
15.1364 	EXP 	image: autoDraw = False
15.1364 	EXP 	image: image = 'imgs/iceberg.png'
15.1364 	EXP 	image: autoDraw = False
15.1364 	EXP 	image: image = 'imgs/iceberg.png'
15.1364 	EXP 	image: autoDraw = False
15.1364 	EXP 	image: image = 'imgs/iceberg.png'
15.1364 	EXP 	image: autoDraw = False
15.1364 	EXP 	image: image = 'imgs/iceberg.png'
15.1364 	EXP 	image: autoDraw = False
15.1364 	EXP 	image_2: image = 'imgs/iceberg.png'
15.1364 	EXP 	Set unnamed MovieStim3 playing
18.1085 	EXP 	image_2: autoDraw = True
18.4990 	DATA 	Keypress: space
18.5104 	EXP 	New trial (rep=0, index=1): {'timepresentation': 12, 'posx': -0.3, 'posy': 0.05}
18.5255 	EXP 	image_2: autoDraw = False
18.5255 	EXP 	image_2: image = 'imgs/iceberg.png'
30.5193 	EXP 	image_2: autoDraw = True
30.9968 	DATA 	Keypress: space
31.0063 	EXP 	New trial (rep=0, index=2): {'timepresentation': 13, 'posx': 0.5, 'posy': 0.05}
31.0233 	EXP 	image_2: autoDraw = False
31.0233 	EXP 	image_2: image = 'imgs/iceberg.png'
44.0172 	EXP 	image_2: autoDraw = True
44.4580 	DATA 	Keypress: space
44.4684 	EXP 	New trial (rep=0, index=3): {'timepresentation': 12, 'posx': -0.5, 'posy': 0.05}
44.4838 	EXP 	image_2: autoDraw = False
44.4838 	EXP 	image_2: image = 'imgs/iceberg.png'
56.4797 	EXP 	image_2: autoDraw = True
56.8389 	DATA 	Keypress: space
56.8498 	EXP 	New trial (rep=0, index=4): {'timepresentation': 3, 'posx': 0.5, 'posy': 0.05}
56.8727 	EXP 	image_2: autoDraw = False
56.8727 	EXP 	image_2: image = 'imgs/iceberg.png'
59.8497 	EXP 	image_2: autoDraw = True
60.2345 	EXP 	New trial (rep=0, index=5): {'timepresentation': 6, 'posx': 0.2, 'posy': 0.05}
60.2396 	DATA 	Keypress: space
60.2499 	EXP 	image_2: autoDraw = False
60.2499 	EXP 	image_2: image = 'imgs/iceberg.png'
66.2392 	EXP 	image_2: autoDraw = True
66.6647 	DATA 	Keypress: space
66.6762 	EXP 	New trial (rep=0, index=6): {'timepresentation': 15, 'posx': -0.2, 'posy': 0.05}
66.6909 	EXP 	image_2: autoDraw = False
66.6909 	EXP 	image_2: image = 'imgs/iceberg.png'
81.6874 	EXP 	image_2: autoDraw = True
82.0418 	EXP 	New trial (rep=0, index=7): {'timepresentation': 4, 'posx': 0.5, 'posy': 0.05}
82.0477 	DATA 	Keypress: space
82.0568 	EXP 	image_2: autoDraw = False
82.0568 	EXP 	image_2: image = 'imgs/iceberg.png'
86.0422 	EXP 	image_2: autoDraw = True
86.4359 	DATA 	Keypress: space
86.4727 	EXP 	Sound  stopped
86.4848 	EXP 	Imported imgs/iceberg_times.xlsx as conditions, 8 conditions, 3 params
86.4852 	EXP 	Created sequence: sequential, trialTypes=8, nReps=1, seed=None
86.4853 	EXP 	New trial (rep=0, index=0): {'timepresentation': 3, 'posx': 0, 'posy': 0.05}
86.4854 	EXP 	Sound  started
86.4904 	EXP 	New trial (rep=0, index=1): {'timepresentation': 12, 'posx': -0.3, 'posy': 0.05}
86.4945 	EXP 	New trial (rep=0, index=2): {'timepresentation': 13, 'posx': 0.5, 'posy': 0.05}
86.4988 	EXP 	New trial (rep=0, index=3): {'timepresentation': 12, 'posx': -0.5, 'posy': 0.05}
86.5028 	EXP 	New trial (rep=0, index=4): {'timepresentation': 3, 'posx': 0.5, 'posy': 0.05}
86.5072 	EXP 	New trial (rep=0, index=5): {'timepresentation': 6, 'posx': 0.2, 'posy': 0.05}
86.5120 	EXP 	New trial (rep=0, index=6): {'timepresentation': 15, 'posx': -0.2, 'posy': 0.05}
86.5175 	EXP 	New trial (rep=0, index=7): {'timepresentation': 4, 'posx': 0.5, 'posy': 0.05}
86.5522 	EXP 	Sound  stopped
86.5649 	EXP 	Imported imgs/iceberg_times.xlsx as conditions, 8 conditions, 3 params
86.5652 	EXP 	Created sequence: sequential, trialTypes=8, nReps=1, seed=None
86.5653 	EXP 	New trial (rep=0, index=0): {'timepresentation': 3, 'posx': 0, 'posy': 0.05}
86.5654 	EXP 	Sound  started
86.5656 	EXP 	Sound  started
86.5710 	EXP 	New trial (rep=0, index=1): {'timepresentation': 12, 'posx': -0.3, 'posy': 0.05}
86.5755 	EXP 	New trial (rep=0, index=2): {'timepresentation': 13, 'posx': 0.5, 'posy': 0.05}
86.5797 	EXP 	New trial (rep=0, index=3): {'timepresentation': 12, 'posx': -0.5, 'posy': 0.05}
86.5838 	EXP 	New trial (rep=0, index=4): {'timepresentation': 3, 'posx': 0.5, 'posy': 0.05}
86.5880 	EXP 	New trial (rep=0, index=5): {'timepresentation': 6, 'posx': 0.2, 'posy': 0.05}
86.5923 	EXP 	New trial (rep=0, index=6): {'timepresentation': 15, 'posx': -0.2, 'posy': 0.05}
86.5963 	EXP 	New trial (rep=0, index=7): {'timepresentation': 4, 'posx': 0.5, 'posy': 0.05}
86.6317 	EXP 	Sound  stopped
86.6525 	EXP 	Sound  stopped
86.6635 	EXP 	image_2: autoDraw = False
86.6635 	EXP 	Set unnamed MovieStim3 stopped
86.6635 	EXP 	Set unnamed MovieStim3 playing
86.6635 	EXP 	image_3: image = 'imgs/iceberg.png'
86.6635 	EXP 	image_3: autoDraw = False
86.6635 	EXP 	image_3: image = 'imgs/iceberg.png'
86.6635 	EXP 	image_3: autoDraw = False
86.6635 	EXP 	image_3: image = 'imgs/iceberg.png'
86.6635 	EXP 	image_3: autoDraw = False
86.6635 	EXP 	image_3: image = 'imgs/iceberg.png'
86.6635 	EXP 	image_3: autoDraw = False
86.6635 	EXP 	image_3: image = 'imgs/iceberg.png'
86.6635 	EXP 	image_3: autoDraw = False
86.6635 	EXP 	image_3: image = 'imgs/iceberg.png'
86.6635 	EXP 	image_3: autoDraw = False
86.6635 	EXP 	image_3: image = 'imgs/iceberg.png'
86.6635 	EXP 	image_3: autoDraw = False
86.6635 	EXP 	image_3: image = 'imgs/iceberg.png'
86.6635 	EXP 	image_3: autoDraw = False
86.6635 	EXP 	Set unnamed MovieStim3 stopped
86.6635 	EXP 	Set unnamed MovieStim3 playing
86.6635 	EXP 	Set unnamed MovieStim3 playing
86.6635 	EXP 	image_4: image = 'imgs/iceberg.png'
86.6635 	EXP 	image_4: autoDraw = False
86.6635 	EXP 	image_4: image = 'imgs/iceberg.png'
86.6635 	EXP 	image_4: autoDraw = False
86.6635 	EXP 	image_4: image = 'imgs/iceberg.png'
86.6635 	EXP 	image_4: autoDraw = False
86.6635 	EXP 	image_4: image = 'imgs/iceberg.png'
86.6635 	EXP 	image_4: autoDraw = False
86.6635 	EXP 	image_4: image = 'imgs/iceberg.png'
86.6635 	EXP 	image_4: autoDraw = False
86.6635 	EXP 	image_4: image = 'imgs/iceberg.png'
86.6635 	EXP 	image_4: autoDraw = False
86.6635 	EXP 	image_4: image = 'imgs/iceberg.png'
86.6635 	EXP 	image_4: autoDraw = False
86.6635 	EXP 	image_4: image = 'imgs/iceberg.png'
86.6635 	EXP 	image_4: autoDraw = False
86.6635 	EXP 	Set unnamed MovieStim3 stopped
86.6635 	EXP 	Set unnamed MovieStim3 stopped
86.6635 	EXP 	text_8: height = 0.05
86.6635 	EXP 	text_8: height = 0.05
86.6635 	EXP 	text_8: height = 0.05
86.6635 	EXP 	text_8: text = 'Ronda 2/4'
86.6635 	EXP 	text_8: autoDraw = True
88.6734 	EXP 	Imported imgs/iceberg_times.xlsx as conditions, 8 conditions, 3 params
88.6738 	EXP 	Created sequence: sequential, trialTypes=8, nReps=1, seed=None
88.6739 	EXP 	New trial (rep=0, index=0): {'timepresentation': 9, 'posx': -0.2, 'posy': 0.05}
88.6795 	EXP 	New trial (rep=0, index=1): {'timepresentation': 10, 'posx': 0.6, 'posy': 0.05}
88.6834 	EXP 	New trial (rep=0, index=2): {'timepresentation': 9, 'posx': -0.1, 'posy': 0.05}
88.6872 	EXP 	New trial (rep=0, index=3): {'timepresentation': 13, 'posx': -0.4, 'posy': 0.05}
88.6915 	EXP 	New trial (rep=0, index=4): {'timepresentation': 12, 'posx': 0.6, 'posy': 0.05}
88.6955 	EXP 	New trial (rep=0, index=5): {'timepresentation': 7, 'posx': 0.1, 'posy': 0.05}
88.6995 	EXP 	New trial (rep=0, index=6): {'timepresentation': 6, 'posx': -0.4, 'posy': 0.05}
88.7033 	EXP 	New trial (rep=0, index=7): {'timepresentation': 6, 'posx': -0.7, 'posy': 0.05}
88.7191 	EXP 	Imported imgs/iceberg_times.xlsx as conditions, 8 conditions, 3 params
88.7194 	EXP 	Created sequence: sequential, trialTypes=8, nReps=1, seed=None
88.7195 	EXP 	New trial (rep=0, index=0): {'timepresentation': 9, 'posx': -0.2, 'posy': 0.05}
88.7237 	EXP 	Sound  started
88.7240 	EXP 	New trial (rep=0, index=1): {'timepresentation': 10, 'posx': 0.6, 'posy': 0.05}
88.7282 	EXP 	New trial (rep=0, index=2): {'timepresentation': 9, 'posx': -0.1, 'posy': 0.05}
88.7322 	EXP 	New trial (rep=0, index=3): {'timepresentation': 13, 'posx': -0.4, 'posy': 0.05}
88.7361 	EXP 	New trial (rep=0, index=4): {'timepresentation': 12, 'posx': 0.6, 'posy': 0.05}
88.7402 	EXP 	New trial (rep=0, index=5): {'timepresentation': 7, 'posx': 0.1, 'posy': 0.05}
88.7444 	EXP 	New trial (rep=0, index=6): {'timepresentation': 6, 'posx': -0.4, 'posy': 0.05}
88.7485 	EXP 	New trial (rep=0, index=7): {'timepresentation': 6, 'posx': -0.7, 'posy': 0.05}
88.7726 	EXP 	Sound  stopped
88.7846 	EXP 	Imported imgs/iceberg_times.xlsx as conditions, 8 conditions, 3 params
88.7849 	EXP 	Created sequence: sequential, trialTypes=8, nReps=1, seed=None
88.7850 	EXP 	New trial (rep=0, index=0): {'timepresentation': 9, 'posx': -0.2, 'posy': 0.05}
88.7851 	EXP 	Sound  started
88.7900 	WARNING 	74.24834343325347: Video catchup needed, advancing self._nextFrameT from 71.89999999999849 to 71.93333333333182
88.7900 	WARNING 	74.24836643331219: Video catchup needed, advancing self._nextFrameT from 71.93333333333182 to 71.96666666666515
88.7900 	WARNING 	74.24837593326811: Video catchup needed, advancing self._nextFrameT from 71.96666666666515 to 71.99999999999848
88.7900 	WARNING 	74.24838403332978: Video catchup needed, advancing self._nextFrameT from 71.99999999999848 to 72.03333333333181
88.7901 	WARNING 	74.24839193327352: Video catchup needed, advancing self._nextFrameT from 72.03333333333181 to 72.06666666666514
88.7901 	WARNING 	74.24839993333444: Video catchup needed, advancing self._nextFrameT from 72.06666666666514 to 72.09999999999847
88.7901 	WARNING 	74.24840793327894: Video catchup needed, advancing self._nextFrameT from 72.09999999999847 to 72.1333333333318
88.7901 	WARNING 	74.24841553333681: Video catchup needed, advancing self._nextFrameT from 72.1333333333318 to 72.16666666666514
88.7901 	WARNING 	74.24842293327674: Video catchup needed, advancing self._nextFrameT from 72.16666666666514 to 72.19999999999847
88.7901 	WARNING 	74.24843023333233: Video catchup needed, advancing self._nextFrameT from 72.19999999999847 to 72.2333333333318
88.7901 	WARNING 	Max reportNDroppedFrames reached, will not log any more dropped frames
89.3799 	EXP 	text_8: autoDraw = False
89.3799 	EXP 	image_6: image = 'imgs/iceberg.png'
89.3799 	EXP 	image_6: autoDraw = False
89.3799 	EXP 	image_6: image = 'imgs/iceberg.png'
89.3799 	EXP 	image_6: autoDraw = False
89.3799 	EXP 	image_6: image = 'imgs/iceberg.png'
89.3799 	EXP 	image_6: autoDraw = False
89.3799 	EXP 	image_6: image = 'imgs/iceberg.png'
89.3799 	EXP 	image_6: autoDraw = False
89.3799 	EXP 	image_6: image = 'imgs/iceberg.png'
89.3799 	EXP 	image_6: autoDraw = False
89.3799 	EXP 	image_6: image = 'imgs/iceberg.png'
89.3799 	EXP 	image_6: autoDraw = False
89.3799 	EXP 	image_6: image = 'imgs/iceberg.png'
89.3799 	EXP 	image_6: autoDraw = False
89.3799 	EXP 	image_6: image = 'imgs/iceberg.png'
89.3799 	EXP 	image_6: autoDraw = False
89.3799 	EXP 	image_7: image = 'imgs/iceberg.png'
89.3799 	EXP 	Set unnamed MovieStim3 playing
89.3799 	EXP 	image_7: autoDraw = False
89.3799 	EXP 	image_7: image = 'imgs/iceberg.png'
89.3799 	EXP 	image_7: autoDraw = False
89.3799 	EXP 	image_7: image = 'imgs/iceberg.png'
89.3799 	EXP 	image_7: autoDraw = False
89.3799 	EXP 	image_7: image = 'imgs/iceberg.png'
89.3799 	EXP 	image_7: autoDraw = False
89.3799 	EXP 	image_7: image = 'imgs/iceberg.png'
89.3799 	EXP 	image_7: autoDraw = False
89.3799 	EXP 	image_7: image = 'imgs/iceberg.png'
89.3799 	EXP 	image_7: autoDraw = False
89.3799 	EXP 	image_7: image = 'imgs/iceberg.png'
89.3799 	EXP 	image_7: autoDraw = False
89.3799 	EXP 	image_7: image = 'imgs/iceberg.png'
89.3799 	EXP 	image_7: autoDraw = False
89.3799 	EXP 	Set unnamed MovieStim3 stopped
89.3799 	EXP 	Set unnamed MovieStim3 playing
89.3799 	EXP 	image_8: image = 'imgs/iceberg.png'
89.3801 	WARNING 	1.8750676999334246: Video catchup needed, advancing self._nextFrameT from 1.3200000000000005 to 1.3600000000000005
89.3802 	WARNING 	1.8750873999670148: Video catchup needed, advancing self._nextFrameT from 1.3600000000000005 to 1.4000000000000006
89.3802 	WARNING 	1.8750974999275059: Video catchup needed, advancing self._nextFrameT from 1.4000000000000006 to 1.4400000000000006
89.3802 	WARNING 	1.875107100000605: Video catchup needed, advancing self._nextFrameT from 1.4400000000000006 to 1.4800000000000006
89.3802 	WARNING 	1.875116299954243: Video catchup needed, advancing self._nextFrameT from 1.4800000000000006 to 1.5200000000000007
89.3802 	WARNING 	1.875128399929963: Video catchup needed, advancing self._nextFrameT from 1.5200000000000007 to 1.5600000000000007
89.3802 	WARNING 	1.8751369999954477: Video catchup needed, advancing self._nextFrameT from 1.5600000000000007 to 1.6000000000000008
89.3802 	WARNING 	1.8751454999437556: Video catchup needed, advancing self._nextFrameT from 1.6000000000000008 to 1.6400000000000008
89.3802 	WARNING 	1.8751539000077173: Video catchup needed, advancing self._nextFrameT from 1.6400000000000008 to 1.6800000000000008
89.3802 	WARNING 	1.875162799959071: Video catchup needed, advancing self._nextFrameT from 1.6800000000000008 to 1.7200000000000009
89.3802 	WARNING 	Max reportNDroppedFrames reached, will not log any more dropped frames
89.4916 	EXP 	Sound  stopped
89.8016 	EXP 	Sound  started
89.9406 	EXP 	Set unnamed MovieStim3 finished
97.7864 	EXP 	image_8: autoDraw = True
98.1631 	EXP 	New trial (rep=0, index=1): {'timepresentation': 10, 'posx': 0.6, 'posy': 0.05}
98.1703 	DATA 	Keypress: space
98.1792 	EXP 	image_8: autoDraw = False
98.1792 	EXP 	image_8: image = 'imgs/iceberg.png'
108.1639 	EXP 	image_8: autoDraw = True
108.5248 	EXP 	New trial (rep=0, index=2): {'timepresentation': 9, 'posx': -0.1, 'posy': 0.05}
108.5318 	DATA 	Keypress: space
108.5404 	EXP 	image_8: autoDraw = False
108.5404 	EXP 	image_8: image = 'imgs/iceberg.png'
117.5232 	EXP 	image_8: autoDraw = True
117.8994 	EXP 	New trial (rep=0, index=3): {'timepresentation': 13, 'posx': -0.4, 'posy': 0.05}
117.9061 	DATA 	Keypress: space
117.9153 	EXP 	image_8: autoDraw = False
117.9153 	EXP 	image_8: image = 'imgs/iceberg.png'
130.9039 	EXP 	image_8: autoDraw = True
131.2381 	EXP 	New trial (rep=0, index=4): {'timepresentation': 12, 'posx': 0.6, 'posy': 0.05}
131.2510 	DATA 	Keypress: space
131.2606 	EXP 	image_8: autoDraw = False
131.2606 	EXP 	image_8: image = 'imgs/iceberg.png'
143.2484 	EXP 	image_8: autoDraw = True
143.6683 	EXP 	New trial (rep=0, index=5): {'timepresentation': 7, 'posx': 0.1, 'posy': 0.05}
143.6737 	DATA 	Keypress: space
143.6851 	EXP 	image_8: autoDraw = False
143.6851 	EXP 	image_8: image = 'imgs/iceberg.png'
150.6724 	EXP 	image_8: autoDraw = True
151.0489 	EXP 	New trial (rep=0, index=6): {'timepresentation': 6, 'posx': -0.4, 'posy': 0.05}
151.0557 	DATA 	Keypress: space
151.0647 	EXP 	image_8: autoDraw = False
151.0647 	EXP 	image_8: image = 'imgs/iceberg.png'
157.0634 	EXP 	image_8: autoDraw = True
157.3870 	EXP 	New trial (rep=0, index=7): {'timepresentation': 6, 'posx': -0.7, 'posy': 0.05}
157.3933 	DATA 	Keypress: space
157.4115 	EXP 	image_8: autoDraw = False
157.4115 	EXP 	image_8: image = 'imgs/iceberg.png'
163.4019 	EXP 	image_8: autoDraw = True
163.7911 	EXP 	Sound  stopped
163.8034 	EXP 	Imported imgs/iceberg_times.xlsx as conditions, 8 conditions, 3 params
163.8036 	EXP 	Created sequence: sequential, trialTypes=8, nReps=1, seed=None
163.8037 	EXP 	New trial (rep=0, index=0): {'timepresentation': 9, 'posx': -0.2, 'posy': 0.05}
163.8038 	EXP 	Sound  started
163.8040 	EXP 	Sound  started
163.8093 	EXP 	New trial (rep=0, index=1): {'timepresentation': 10, 'posx': 0.6, 'posy': 0.05}
163.8135 	EXP 	New trial (rep=0, index=2): {'timepresentation': 9, 'posx': -0.1, 'posy': 0.05}
163.8179 	EXP 	New trial (rep=0, index=3): {'timepresentation': 13, 'posx': -0.4, 'posy': 0.05}
163.8220 	EXP 	New trial (rep=0, index=4): {'timepresentation': 12, 'posx': 0.6, 'posy': 0.05}
163.8262 	EXP 	New trial (rep=0, index=5): {'timepresentation': 7, 'posx': 0.1, 'posy': 0.05}
163.8303 	EXP 	New trial (rep=0, index=6): {'timepresentation': 6, 'posx': -0.4, 'posy': 0.05}
163.8346 	EXP 	New trial (rep=0, index=7): {'timepresentation': 6, 'posx': -0.7, 'posy': 0.05}
163.8627 	EXP 	Sound  stopped
163.8913 	EXP 	Sound  stopped
163.8979 	DATA 	Keypress: space
163.9025 	EXP 	image_8: autoDraw = False
163.9025 	EXP 	Set unnamed MovieStim3 stopped
163.9025 	EXP 	Set unnamed MovieStim3 playing
163.9025 	EXP 	Set unnamed MovieStim3 playing
163.9025 	EXP 	image_9: image = 'imgs/iceberg.png'
163.9025 	EXP 	image_9: autoDraw = False
163.9025 	EXP 	image_9: image = 'imgs/iceberg.png'
163.9025 	EXP 	image_9: autoDraw = False
163.9025 	EXP 	image_9: image = 'imgs/iceberg.png'
163.9025 	EXP 	image_9: autoDraw = False
163.9025 	EXP 	image_9: image = 'imgs/iceberg.png'
163.9025 	EXP 	image_9: autoDraw = False
163.9025 	EXP 	image_9: image = 'imgs/iceberg.png'
163.9025 	EXP 	image_9: autoDraw = False
163.9025 	EXP 	image_9: image = 'imgs/iceberg.png'
163.9025 	EXP 	image_9: autoDraw = False
163.9025 	EXP 	image_9: image = 'imgs/iceberg.png'
163.9025 	EXP 	image_9: autoDraw = False
163.9025 	EXP 	image_9: image = 'imgs/iceberg.png'
163.9025 	EXP 	image_9: autoDraw = False
163.9025 	EXP 	Set unnamed MovieStim3 stopped
163.9025 	EXP 	Set unnamed MovieStim3 stopped
163.9025 	EXP 	text_9: height = 0.05
163.9025 	EXP 	text_9: height = 0.05
163.9025 	EXP 	text_9: height = 0.05
163.9025 	EXP 	text_9: text = 'Ronda 3/4'
163.9025 	EXP 	text_9: autoDraw = True
165.9001 	EXP 	Imported imgs/iceberg_times.xlsx as conditions, 8 conditions, 3 params
165.9004 	EXP 	Created sequence: sequential, trialTypes=8, nReps=1, seed=None
165.9006 	EXP 	New trial (rep=0, index=0): {'timepresentation': 8, 'posx': -0.4, 'posy': 0.05}
165.9063 	EXP 	New trial (rep=0, index=1): {'timepresentation': 4, 'posx': -0.6, 'posy': 0.05}
165.9107 	EXP 	New trial (rep=0, index=2): {'timepresentation': 4, 'posx': 0.5, 'posy': 0.05}
165.9148 	EXP 	New trial (rep=0, index=3): {'timepresentation': 15, 'posx': -0.7, 'posy': 0.05}
165.9191 	EXP 	New trial (rep=0, index=4): {'timepresentation': 15, 'posx': -0.1, 'posy': 0.05}
165.9233 	EXP 	New trial (rep=0, index=5): {'timepresentation': 7, 'posx': -0.7, 'posy': 0.05}
165.9273 	EXP 	New trial (rep=0, index=6): {'timepresentation': 9, 'posx': 0, 'posy': 0.05}
165.9315 	EXP 	New trial (rep=0, index=7): {'timepresentation': 6, 'posx': -0.6, 'posy': 0.05}
165.9478 	EXP 	Imported imgs/iceberg_times.xlsx as conditions, 8 conditions, 3 params
165.9481 	EXP 	Created sequence: sequential, trialTypes=8, nReps=1, seed=None
165.9483 	EXP 	New trial (rep=0, index=0): {'timepresentation': 8, 'posx': -0.4, 'posy': 0.05}
165.9530 	EXP 	Sound  started
165.9533 	EXP 	New trial (rep=0, index=1): {'timepresentation': 4, 'posx': -0.6, 'posy': 0.05}
165.9579 	EXP 	New trial (rep=0, index=2): {'timepresentation': 4, 'posx': 0.5, 'posy': 0.05}
165.9624 	EXP 	New trial (rep=0, index=3): {'timepresentation': 15, 'posx': -0.7, 'posy': 0.05}
165.9669 	EXP 	New trial (rep=0, index=4): {'timepresentation': 15, 'posx': -0.1, 'posy': 0.05}
165.9716 	EXP 	New trial (rep=0, index=5): {'timepresentation': 7, 'posx': -0.7, 'posy': 0.05}
165.9760 	EXP 	New trial (rep=0, index=6): {'timepresentation': 9, 'posx': 0, 'posy': 0.05}
165.9806 	EXP 	New trial (rep=0, index=7): {'timepresentation': 6, 'posx': -0.6, 'posy': 0.05}
166.0114 	EXP 	Sound  stopped
166.0241 	EXP 	Imported imgs/iceberg_times.xlsx as conditions, 8 conditions, 3 params
166.0244 	EXP 	Created sequence: sequential, trialTypes=8, nReps=1, seed=None
166.0245 	EXP 	New trial (rep=0, index=0): {'timepresentation': 8, 'posx': -0.4, 'posy': 0.05}
166.0246 	EXP 	Sound  started
166.0297 	EXP 	New trial (rep=0, index=1): {'timepresentation': 4, 'posx': -0.6, 'posy': 0.05}
166.0342 	EXP 	New trial (rep=0, index=2): {'timepresentation': 4, 'posx': 0.5, 'posy': 0.05}
166.0390 	EXP 	New trial (rep=0, index=3): {'timepresentation': 15, 'posx': -0.7, 'posy': 0.05}
166.0436 	EXP 	New trial (rep=0, index=4): {'timepresentation': 15, 'posx': -0.1, 'posy': 0.05}
166.0483 	EXP 	New trial (rep=0, index=5): {'timepresentation': 7, 'posx': -0.7, 'posy': 0.05}
166.0530 	EXP 	New trial (rep=0, index=6): {'timepresentation': 9, 'posx': 0, 'posy': 0.05}
166.0576 	EXP 	New trial (rep=0, index=7): {'timepresentation': 6, 'posx': -0.6, 'posy': 0.05}
166.0910 	EXP 	Sound  stopped
166.1060 	EXP 	Imported imgs/iceberg_times.xlsx as conditions, 8 conditions, 3 params
166.1064 	EXP 	Created sequence: sequential, trialTypes=8, nReps=1, seed=None
166.1065 	EXP 	New trial (rep=0, index=0): {'timepresentation': 8, 'posx': -0.4, 'posy': 0.05}
166.1066 	EXP 	Sound  started
166.1069 	EXP 	Sound  started
166.1880 	EXP 	text_9: autoDraw = False
166.1880 	EXP 	text_9: autoDraw = False
166.1880 	EXP 	image_10: image = 'imgs/iceberg.png'
166.1880 	EXP 	image_10: autoDraw = False
166.1880 	EXP 	image_10: image = 'imgs/iceberg.png'
166.1880 	EXP 	image_10: autoDraw = False
166.1880 	EXP 	image_10: image = 'imgs/iceberg.png'
166.1880 	EXP 	image_10: autoDraw = False
166.1880 	EXP 	image_10: image = 'imgs/iceberg.png'
166.1880 	EXP 	image_10: autoDraw = False
166.1880 	EXP 	image_10: image = 'imgs/iceberg.png'
166.1880 	EXP 	image_10: autoDraw = False
166.1880 	EXP 	image_10: image = 'imgs/iceberg.png'
166.1880 	EXP 	image_10: autoDraw = False
166.1880 	EXP 	image_10: image = 'imgs/iceberg.png'
166.1880 	EXP 	image_10: autoDraw = False
166.1880 	EXP 	image_10: image = 'imgs/iceberg.png'
166.1880 	EXP 	image_10: autoDraw = False
166.1880 	EXP 	image_11: image = 'imgs/iceberg.png'
166.1880 	EXP 	Set unnamed MovieStim3 playing
166.1880 	EXP 	image_11: autoDraw = False
166.1880 	EXP 	image_11: image = 'imgs/iceberg.png'
166.1880 	EXP 	image_11: autoDraw = False
166.1880 	EXP 	image_11: image = 'imgs/iceberg.png'
166.1880 	EXP 	image_11: autoDraw = False
166.1880 	EXP 	image_11: image = 'imgs/iceberg.png'
166.1880 	EXP 	image_11: autoDraw = False
166.1880 	EXP 	image_11: image = 'imgs/iceberg.png'
166.1880 	EXP 	image_11: autoDraw = False
166.1880 	EXP 	image_11: image = 'imgs/iceberg.png'
166.1880 	EXP 	image_11: autoDraw = False
166.1880 	EXP 	image_11: image = 'imgs/iceberg.png'
166.1880 	EXP 	image_11: autoDraw = False
166.1880 	EXP 	image_11: image = 'imgs/iceberg.png'
166.1880 	EXP 	image_11: autoDraw = False
166.1880 	EXP 	Set unnamed MovieStim3 stopped
166.1880 	EXP 	Set unnamed MovieStim3 playing
166.1880 	EXP 	image_12: image = 'imgs/iceberg.png'
166.1880 	EXP 	image_12: autoDraw = False
166.1880 	EXP 	image_12: image = 'imgs/iceberg.png'
166.1880 	EXP 	image_12: autoDraw = False
166.1880 	EXP 	image_12: image = 'imgs/iceberg.png'
166.1880 	EXP 	image_12: autoDraw = False
166.1880 	EXP 	image_12: image = 'imgs/iceberg.png'
166.1880 	EXP 	image_12: autoDraw = False
166.1880 	EXP 	image_12: image = 'imgs/iceberg.png'
166.1880 	EXP 	image_12: autoDraw = False
166.1880 	EXP 	image_12: image = 'imgs/iceberg.png'
166.1880 	EXP 	image_12: autoDraw = False
166.1880 	EXP 	image_12: image = 'imgs/iceberg.png'
166.1880 	EXP 	image_12: autoDraw = False
166.1880 	EXP 	image_12: image = 'imgs/iceberg.png'
166.1880 	EXP 	image_12: autoDraw = False
166.1880 	EXP 	Set unnamed MovieStim3 stopped
166.1880 	EXP 	Set unnamed MovieStim3 playing
166.1880 	EXP 	Set unnamed MovieStim3 playing
166.1880 	EXP 	image_13: image = 'imgs/iceberg.png'
166.1891 	EXP 	Sound  stopped
166.6196 	EXP 	Sound  started
166.7786 	WARNING 	1.9396266331896186: Video catchup needed, advancing self._nextFrameT from 1.3346666666666676 to 1.3680333333333343
166.7787 	WARNING 	1.9397007332881913: Video catchup needed, advancing self._nextFrameT from 1.3680333333333343 to 1.401400000000001
166.7787 	WARNING 	1.9397321331780404: Video catchup needed, advancing self._nextFrameT from 1.401400000000001 to 1.4347666666666679
166.7787 	WARNING 	1.939757033251226: Video catchup needed, advancing self._nextFrameT from 1.4347666666666679 to 1.4681333333333346
166.7787 	WARNING 	1.939781233202666: Video catchup needed, advancing self._nextFrameT from 1.4681333333333346 to 1.5015000000000014
166.7787 	WARNING 	1.9398037332575768: Video catchup needed, advancing self._nextFrameT from 1.5015000000000014 to 1.5348666666666682
166.7788 	WARNING 	1.93982363329269: Video catchup needed, advancing self._nextFrameT from 1.5348666666666682 to 1.568233333333335
166.7788 	WARNING 	1.9398433332098648: Video catchup needed, advancing self._nextFrameT from 1.568233333333335 to 1.6016000000000017
166.7788 	WARNING 	1.9398658332647756: Video catchup needed, advancing self._nextFrameT from 1.6016000000000017 to 1.6349666666666685
166.7788 	WARNING 	1.9398887332063168: Video catchup needed, advancing self._nextFrameT from 1.6349666666666685 to 1.6683333333333352
166.7788 	WARNING 	Max reportNDroppedFrames reached, will not log any more dropped frames
166.8052 	EXP 	Set unnamed MovieStim3 finished
166.8054 	WARNING 	1.9387495999690145: Video catchup needed, advancing self._nextFrameT from 1.3200000000000005 to 1.3600000000000005
166.8054 	WARNING 	1.938785700011067: Video catchup needed, advancing self._nextFrameT from 1.3600000000000005 to 1.4000000000000006
166.8054 	WARNING 	1.9387971999822184: Video catchup needed, advancing self._nextFrameT from 1.4000000000000006 to 1.4400000000000006
166.8054 	WARNING 	1.9388060999335721: Video catchup needed, advancing self._nextFrameT from 1.4400000000000006 to 1.4800000000000006
166.8055 	WARNING 	1.9388175000203773: Video catchup needed, advancing self._nextFrameT from 1.4800000000000006 to 1.5200000000000007
166.8055 	WARNING 	1.9388264999724925: Video catchup needed, advancing self._nextFrameT from 1.5200000000000007 to 1.5600000000000007
166.8055 	WARNING 	1.9388353000395: Video catchup needed, advancing self._nextFrameT from 1.5600000000000007 to 1.6000000000000008
166.8055 	WARNING 	1.9388445999938995: Video catchup needed, advancing self._nextFrameT from 1.6000000000000008 to 1.6400000000000008
166.8055 	WARNING 	1.9388537999475375: Video catchup needed, advancing self._nextFrameT from 1.6400000000000008 to 1.6800000000000008
166.8055 	WARNING 	1.938863500021398: Video catchup needed, advancing self._nextFrameT from 1.6800000000000008 to 1.7200000000000009
166.8055 	WARNING 	Max reportNDroppedFrames reached, will not log any more dropped frames
174.0974 	EXP 	image_13: autoDraw = True
174.4760 	EXP 	New trial (rep=0, index=1): {'timepresentation': 4, 'posx': -0.6, 'posy': 0.05}
174.4841 	DATA 	Keypress: space
174.4934 	EXP 	image_13: autoDraw = False
174.4934 	EXP 	image_13: image = 'imgs/iceberg.png'
178.4843 	EXP 	image_13: autoDraw = True
178.9215 	EXP 	New trial (rep=0, index=2): {'timepresentation': 4, 'posx': 0.5, 'posy': 0.05}
178.9272 	DATA 	Keypress: space
178.9368 	EXP 	image_13: autoDraw = False
178.9368 	EXP 	image_13: image = 'imgs/iceberg.png'
182.9237 	EXP 	image_13: autoDraw = True
183.3253 	DATA 	Keypress: space
183.3475 	EXP 	New trial (rep=0, index=3): {'timepresentation': 15, 'posx': -0.7, 'posy': 0.05}
183.3621 	EXP 	image_13: autoDraw = False
183.3621 	EXP 	image_13: image = 'imgs/iceberg.png'
198.3528 	EXP 	image_13: autoDraw = True
198.8244 	EXP 	New trial (rep=0, index=4): {'timepresentation': 15, 'posx': -0.1, 'posy': 0.05}
198.8298 	DATA 	Keypress: space
198.8398 	EXP 	image_13: autoDraw = False
198.8398 	EXP 	image_13: image = 'imgs/iceberg.png'
213.8350 	EXP 	image_13: autoDraw = True
214.3446 	EXP 	New trial (rep=0, index=5): {'timepresentation': 7, 'posx': -0.7, 'posy': 0.05}
214.3514 	DATA 	Keypress: space
214.3600 	EXP 	image_13: autoDraw = False
214.3600 	EXP 	image_13: image = 'imgs/iceberg.png'
221.3421 	EXP 	image_13: autoDraw = True
221.8302 	EXP 	New trial (rep=0, index=6): {'timepresentation': 9, 'posx': 0, 'posy': 0.05}
221.8466 	DATA 	Keypress: space
221.8550 	EXP 	image_13: autoDraw = False
221.8550 	EXP 	image_13: image = 'imgs/iceberg.png'
230.8350 	EXP 	image_13: autoDraw = True
231.3786 	EXP 	New trial (rep=0, index=7): {'timepresentation': 6, 'posx': -0.6, 'posy': 0.05}
231.3861 	DATA 	Keypress: space
231.3944 	EXP 	image_13: autoDraw = False
231.3944 	EXP 	image_13: image = 'imgs/iceberg.png'
237.3916 	EXP 	image_13: autoDraw = True
237.8109 	EXP 	Sound  stopped
237.8414 	EXP 	Sound  stopped
237.8442 	DATA 	Keypress: space
237.8508 	EXP 	image_13: autoDraw = False
237.8508 	EXP 	Set unnamed MovieStim3 stopped
237.8508 	EXP 	Set unnamed MovieStim3 stopped
237.8508 	EXP 	text_10: height = 0.05
237.8508 	EXP 	text_10: height = 0.05
237.8508 	EXP 	text_10: height = 0.05
237.8508 	EXP 	text_10: text = 'Ronda 4/4'
237.8508 	EXP 	text_10: autoDraw = True
239.8572 	EXP 	Imported imgs/iceberg_times.xlsx as conditions, 8 conditions, 3 params
239.8576 	EXP 	Created sequence: sequential, trialTypes=8, nReps=1, seed=None
239.8577 	EXP 	New trial (rep=0, index=0): {'timepresentation': 5, 'posx': 0.3, 'posy': 0.05}
240.4014 	EXP 	text_10: autoDraw = False
240.4014 	EXP 	image_14: image = 'imgs/iceberg.png'
240.7214 	EXP 	Sound  stopped
241.0492 	EXP 	Sound  started
241.1893 	EXP 	Set unnamed MovieStim3 finished
244.8495 	EXP 	image_14: autoDraw = True
245.4262 	EXP 	New trial (rep=0, index=1): {'timepresentation': 15, 'posx': -0.7, 'posy': 0.05}
245.4333 	DATA 	Keypress: space
245.4418 	EXP 	image_14: autoDraw = False
245.4418 	EXP 	image_14: image = 'imgs/iceberg.png'
260.4327 	EXP 	image_14: autoDraw = True
260.7917 	DATA 	Keypress: space
260.8015 	EXP 	New trial (rep=0, index=2): {'timepresentation': 6, 'posx': 0.7, 'posy': 0.05}
260.8232 	EXP 	image_14: autoDraw = False
260.8232 	EXP 	image_14: image = 'imgs/iceberg.png'
266.8049 	EXP 	image_14: autoDraw = True
267.2146 	DATA 	Keypress: space
267.2246 	EXP 	New trial (rep=0, index=3): {'timepresentation': 5, 'posx': -0.7, 'posy': 0.05}
267.2397 	EXP 	image_14: autoDraw = False
267.2397 	EXP 	image_14: image = 'imgs/iceberg.png'
272.2273 	EXP 	image_14: autoDraw = True
272.5843 	EXP 	New trial (rep=0, index=4): {'timepresentation': 8, 'posx': 0.4, 'posy': 0.05}
272.5906 	DATA 	Keypress: space
272.6005 	EXP 	image_14: autoDraw = False
272.6005 	EXP 	image_14: image = 'imgs/iceberg.png'
280.5846 	EXP 	image_14: autoDraw = True
280.9956 	EXP 	New trial (rep=0, index=5): {'timepresentation': 15, 'posx': 0.5, 'posy': 0.05}
281.0019 	DATA 	Keypress: space
281.0106 	EXP 	image_14: autoDraw = False
281.0106 	EXP 	image_14: image = 'imgs/iceberg.png'
296.0008 	EXP 	image_14: autoDraw = True
296.3594 	EXP 	New trial (rep=0, index=6): {'timepresentation': 12, 'posx': 0.5, 'posy': 0.05}
296.3664 	DATA 	Keypress: space
296.3753 	EXP 	image_14: autoDraw = False
296.3753 	EXP 	image_14: image = 'imgs/iceberg.png'
308.3643 	EXP 	image_14: autoDraw = True
308.6880 	DATA 	Keypress: space
308.6974 	EXP 	New trial (rep=0, index=7): {'timepresentation': 6, 'posx': -0.4, 'posy': 0.05}
308.7125 	EXP 	image_14: autoDraw = False
308.7125 	EXP 	image_14: image = 'imgs/iceberg.png'
314.7024 	EXP 	image_14: autoDraw = True
315.0952 	DATA 	Keypress: space
315.1249 	EXP 	Imported imgs/iceberg_times.xlsx as conditions, 8 conditions, 3 params
315.1253 	EXP 	Created sequence: sequential, trialTypes=8, nReps=1, seed=None
315.1254 	EXP 	New trial (rep=0, index=0): {'timepresentation': 5, 'posx': 0.3, 'posy': 0.05}
315.1300 	EXP 	Sound  started
315.1303 	EXP 	New trial (rep=0, index=1): {'timepresentation': 15, 'posx': -0.7, 'posy': 0.05}
315.1350 	EXP 	New trial (rep=0, index=2): {'timepresentation': 6, 'posx': 0.7, 'posy': 0.05}
315.1392 	EXP 	New trial (rep=0, index=3): {'timepresentation': 5, 'posx': -0.7, 'posy': 0.05}
315.1433 	EXP 	New trial (rep=0, index=4): {'timepresentation': 8, 'posx': 0.4, 'posy': 0.05}
315.1474 	EXP 	New trial (rep=0, index=5): {'timepresentation': 15, 'posx': 0.5, 'posy': 0.05}
315.1518 	EXP 	New trial (rep=0, index=6): {'timepresentation': 12, 'posx': 0.5, 'posy': 0.05}
315.1559 	EXP 	New trial (rep=0, index=7): {'timepresentation': 6, 'posx': -0.4, 'posy': 0.05}
315.1808 	EXP 	Sound  stopped
315.1932 	EXP 	Imported imgs/iceberg_times.xlsx as conditions, 8 conditions, 3 params
315.1936 	EXP 	Created sequence: sequential, trialTypes=8, nReps=1, seed=None
315.1937 	EXP 	New trial (rep=0, index=0): {'timepresentation': 5, 'posx': 0.3, 'posy': 0.05}
315.1938 	EXP 	Sound  started
315.2012 	EXP 	New trial (rep=0, index=1): {'timepresentation': 15, 'posx': -0.7, 'posy': 0.05}
315.2056 	EXP 	New trial (rep=0, index=2): {'timepresentation': 6, 'posx': 0.7, 'posy': 0.05}
315.2100 	EXP 	New trial (rep=0, index=3): {'timepresentation': 5, 'posx': -0.7, 'posy': 0.05}
315.2145 	EXP 	New trial (rep=0, index=4): {'timepresentation': 8, 'posx': 0.4, 'posy': 0.05}
315.2190 	EXP 	New trial (rep=0, index=5): {'timepresentation': 15, 'posx': 0.5, 'posy': 0.05}
315.2234 	EXP 	New trial (rep=0, index=6): {'timepresentation': 12, 'posx': 0.5, 'posy': 0.05}
315.2275 	EXP 	New trial (rep=0, index=7): {'timepresentation': 6, 'posx': -0.4, 'posy': 0.05}
315.2519 	EXP 	Sound  stopped
315.2650 	EXP 	Imported imgs/iceberg_times.xlsx as conditions, 8 conditions, 3 params
315.2653 	EXP 	Created sequence: sequential, trialTypes=8, nReps=1, seed=None
315.2654 	EXP 	New trial (rep=0, index=0): {'timepresentation': 5, 'posx': 0.3, 'posy': 0.05}
315.2655 	EXP 	Sound  started
315.2657 	EXP 	Sound  started
315.2714 	EXP 	New trial (rep=0, index=1): {'timepresentation': 15, 'posx': -0.7, 'posy': 0.05}
315.2758 	EXP 	New trial (rep=0, index=2): {'timepresentation': 6, 'posx': 0.7, 'posy': 0.05}
315.2801 	EXP 	New trial (rep=0, index=3): {'timepresentation': 5, 'posx': -0.7, 'posy': 0.05}
315.2845 	EXP 	New trial (rep=0, index=4): {'timepresentation': 8, 'posx': 0.4, 'posy': 0.05}
315.2887 	EXP 	New trial (rep=0, index=5): {'timepresentation': 15, 'posx': 0.5, 'posy': 0.05}
315.2928 	EXP 	New trial (rep=0, index=6): {'timepresentation': 12, 'posx': 0.5, 'posy': 0.05}
315.2969 	EXP 	New trial (rep=0, index=7): {'timepresentation': 6, 'posx': -0.4, 'posy': 0.05}
315.3214 	EXP 	Sound  stopped
315.3417 	EXP 	Sound  stopped
315.3559 	EXP 	image_14: autoDraw = False
315.3559 	EXP 	image_15: image = 'imgs/iceberg.png'
315.3559 	EXP 	Set unnamed MovieStim3 playing
315.3559 	EXP 	image_15: autoDraw = False
315.3559 	EXP 	image_15: image = 'imgs/iceberg.png'
315.3559 	EXP 	image_15: autoDraw = False
315.3559 	EXP 	image_15: image = 'imgs/iceberg.png'
315.3559 	EXP 	image_15: autoDraw = False
315.3559 	EXP 	image_15: image = 'imgs/iceberg.png'
315.3559 	EXP 	image_15: autoDraw = False
315.3559 	EXP 	image_15: image = 'imgs/iceberg.png'
315.3559 	EXP 	image_15: autoDraw = False
315.3559 	EXP 	image_15: image = 'imgs/iceberg.png'
315.3559 	EXP 	image_15: autoDraw = False
315.3559 	EXP 	image_15: image = 'imgs/iceberg.png'
315.3559 	EXP 	image_15: autoDraw = False
315.3559 	EXP 	image_15: image = 'imgs/iceberg.png'
315.3559 	EXP 	image_15: autoDraw = False
315.3559 	EXP 	Set unnamed MovieStim3 stopped
315.3559 	EXP 	Set unnamed MovieStim3 playing
315.3559 	EXP 	image_16: image = 'imgs/iceberg.png'
315.3559 	EXP 	image_16: autoDraw = False
315.3559 	EXP 	image_16: image = 'imgs/iceberg.png'
315.3559 	EXP 	image_16: autoDraw = False
315.3559 	EXP 	image_16: image = 'imgs/iceberg.png'
315.3559 	EXP 	image_16: autoDraw = False
315.3559 	EXP 	image_16: image = 'imgs/iceberg.png'
315.3559 	EXP 	image_16: autoDraw = False
315.3559 	EXP 	image_16: image = 'imgs/iceberg.png'
315.3559 	EXP 	image_16: autoDraw = False
315.3559 	EXP 	image_16: image = 'imgs/iceberg.png'
315.3559 	EXP 	image_16: autoDraw = False
315.3559 	EXP 	image_16: image = 'imgs/iceberg.png'
315.3559 	EXP 	image_16: autoDraw = False
315.3559 	EXP 	image_16: image = 'imgs/iceberg.png'
315.3559 	EXP 	image_16: autoDraw = False
315.3559 	EXP 	Set unnamed MovieStim3 stopped
315.3559 	EXP 	Set unnamed MovieStim3 playing
315.3559 	EXP 	Set unnamed MovieStim3 playing
315.3559 	EXP 	image_17: image = 'imgs/iceberg.png'
315.3559 	EXP 	image_17: autoDraw = False
315.3559 	EXP 	image_17: image = 'imgs/iceberg.png'
315.3559 	EXP 	image_17: autoDraw = False
315.3559 	EXP 	image_17: image = 'imgs/iceberg.png'
315.3559 	EXP 	image_17: autoDraw = False
315.3559 	EXP 	image_17: image = 'imgs/iceberg.png'
315.3559 	EXP 	image_17: autoDraw = False
315.3559 	EXP 	image_17: image = 'imgs/iceberg.png'
315.3559 	EXP 	image_17: autoDraw = False
315.3559 	EXP 	image_17: image = 'imgs/iceberg.png'
315.3559 	EXP 	image_17: autoDraw = False
315.3559 	EXP 	image_17: image = 'imgs/iceberg.png'
315.3559 	EXP 	image_17: autoDraw = False
315.3559 	EXP 	image_17: image = 'imgs/iceberg.png'
315.3559 	EXP 	image_17: autoDraw = False
315.3559 	EXP 	Set unnamed MovieStim3 stopped
315.3559 	EXP 	Set unnamed MovieStim3 stopped
315.3559 	EXP 	text_4: autoDraw = True
317.3548 	EXP 	text_4: autoDraw = False
317.3548 	EXP 	text_4: autoDraw = False
317.3548 	EXP 	tarea_iceberg: status = STOPPED
317.4044 	EXP 	window1: mouseVisible = True
