10.2832 	WARNING 	User requested fullscreen with size [1536  864], but screen is actually [1920, 1080]. Using actual size
10.9092 	EXP 	Created window1 = Window(allowGUI=True, allowStencil=False, autoLog=True, backendConf=UNKNOWN, backgroundFit=<method-wrapper '__getattribute__' of attributeSetter object at 0x000002491DCCBC70>, backgroundImage=<method-wrapper '__getattribute__' of attributeSetter object at 0x000002491DCCBC10>, bitsMode=UNKNOWN, blendMode='avg', bpc=(8, 8, 8), color=array([0, 0, 0]), colorSpace='rgb', depthBits=8, fullscr=<method-wrapper '__getattribute__' of attributeSetter object at 0x000002491DCCBA60>, gamma=None, gammaErrorPolicy='raise', lms=UNKNOWN, monitor=<psychopy.monitors.calibTools.Monitor object at 0x000002491E0B2CA0>, multiSample=False, name='window1', numSamples=2, pos=(1920, 789), screen=0, size=array([1920, 1080]), stencilBits=0, stereo=False, title='PsychoPy', units='height', useFBO=True, useRetina=False, viewOri=0.0, viewPos=None, viewScale=None, waitBlanking=True, winType='pyglet')
10.9094 	EXP 	window1: mouseVisible = True
10.9094 	EXP 	window1: backgroundImage = ''
10.9094 	EXP 	window1: backgroundFit = 'none'
10.9149 	EXP 	window1: Attempting to measure frame rate of screen (0) ...
10.9150 	EXP 	window1: recordFrameIntervals = False
11.0753 	EXP 	window1: recordFrameIntervals = True
11.5242 	EXP 	Screen (0) actual frame rate measured at 60.53Hz
11.5242 	EXP 	window1: recordFrameIntervals = False
11.5245 	EXP 	window1: mouseVisible = False
13.4148 	EXP 	tarea_iceberg: status = STARTED
13.4152 	EXP 	window1: mouseVisible = True
13.4322 	EXP 	Created image_5 = ImageStim(__class__=<class 'psychopy.visual.image.ImageStim'>, anchor=('center', 'center'), autoLog=True, color=array([1., 1., 1.]), colorSpace='rgb', contrast=1.0, depth=0.0, draggable=False, flipHoriz=False, flipVert=False, image='imgs/logo_OB.png', interpolate=True, mask=None, maskParams=None, name='image_5', opacity=1.0, ori=0.0, pos=array([0., 0.]), size=array([0.6, 0.7]), texRes=128.0, units='height', win=Window(...))
13.4324 	EXP 	window1: mouseVisible = True
13.5014 	EXP 	Created text_6 = TextStim(__class__=<class 'psychopy.visual.text.TextStim'>, alignHoriz=method-wrapper(...), alignText='center', alignVert=method-wrapper(...), anchorHoriz='center', anchorVert='center', antialias=True, autoDraw=False, autoLog=True, bold=False, color=array([1., 1., 1.]), colorSpace='rgb', contrast=1.0, depth=-1.0, draggable=False, flipHoriz=False, flipVert=False, font='Open Sans', fontFiles=[], height=0.04, italic=False, languageStyle='LTR', name='text_6', opacity=1.0, ori=0.0, pos=array([ 0.  , -0.35]), rgb=UNKNOWN, text='¡Bienvenido a un experimento de Open Brains!', units='height', win=Window(...), wrapWidth=1)
13.5015 	EXP 	window1: mouseVisible = True
13.5206 	EXP 	Created text_5 = TextStim(__class__=<class 'psychopy.visual.text.TextStim'>, alignHoriz=method-wrapper(...), alignText='center', alignVert=method-wrapper(...), anchorHoriz='center', anchorVert='center', antialias=True, autoDraw=False, autoLog=True, bold=False, color=array([1., 1., 1.]), colorSpace='rgb', contrast=1.0, depth=0.0, draggable=False, flipHoriz=False, flipVert=False, font='Open Sans', fontFiles=[], height=0.035, italic=False, languageStyle='LTR', name='text_5', opacity=1.0, ori=0.0, pos=array([0., 0.]), rgb=UNKNOWN, text=str(...), units='height', win=Window(...), wrapWidth=1)
13.5208 	EXP 	window1: mouseVisible = True
13.5222 	EXP 	Created text_7 = TextStim(__class__=<class 'psychopy.visual.text.TextStim'>, alignHoriz=method-wrapper(...), alignText='center', alignVert=method-wrapper(...), anchorHoriz='center', anchorVert='center', antialias=True, autoDraw=False, autoLog=True, bold=False, color=array([1., 1., 1.]), colorSpace='rgb', contrast=1.0, depth=0.0, draggable=False, flipHoriz=False, flipVert=False, font='Open Sans', fontFiles=[], height=0.05, italic=False, languageStyle='LTR', name='text_7', opacity=1.0, ori=0.0, pos=array([0., 0.]), rgb=UNKNOWN, text='', units='height', win=Window(...), wrapWidth=1)
13.5223 	EXP 	window1: mouseVisible = True
13.5316 	EXP 	Created image = ImageStim(__class__=<class 'psychopy.visual.image.ImageStim'>, anchor=('center', 'center'), autoLog=True, color=array([1., 1., 1.]), colorSpace='rgb', contrast=1.0, depth=-1.0, draggable=False, flipHoriz=False, flipVert=False, image='default.png', interpolate=True, mask=None, maskParams=None, name='image', opacity=1.0, ori=0.0, pos=array([0., 0.]), size=array([0.3, 0.3]), texRes=128.0, units='height', win=Window(...))
13.5317 	EXP 	window1: mouseVisible = True
13.5537 	EXP 	Created MAR1 = ImageStim(__class__=<class 'psychopy.visual.image.ImageStim'>, anchor=('center', 'center'), autoLog=True, color=array([1., 1., 1.]), colorSpace='rgb', contrast=1.0, depth=-3.0, draggable=False, flipHoriz=False, flipVert=False, image='imgs/MAR.jpg', interpolate=True, mask=None, maskParams=None, name='MAR1', opacity=1.0, ori=0.0, pos=array([0., 0.]), size=array([2., 1.]), texRes=128.0, units='height', win=Window(...))
13.5538 	EXP 	window1: mouseVisible = True
13.5546 	EXP 	Created text_8 = TextStim(__class__=<class 'psychopy.visual.text.TextStim'>, alignHoriz=method-wrapper(...), alignText='center', alignVert=method-wrapper(...), anchorHoriz='center', anchorVert='center', antialias=True, autoDraw=False, autoLog=True, bold=False, color=array([1., 1., 1.]), colorSpace='rgb', contrast=1.0, depth=0.0, draggable=False, flipHoriz=False, flipVert=False, font='Open Sans', fontFiles=[], height=0.05, italic=False, languageStyle='LTR', name='text_8', opacity=1.0, ori=0.0, pos=array([0., 0.]), rgb=UNKNOWN, text='', units='height', win=Window(...), wrapWidth=1)
13.5546 	EXP 	window1: mouseVisible = True
13.5631 	EXP 	Created image_2 = ImageStim(__class__=<class 'psychopy.visual.image.ImageStim'>, anchor=('center', 'center'), autoLog=True, color=array([1., 1., 1.]), colorSpace='rgb', contrast=1.0, depth=-1.0, draggable=False, flipHoriz=False, flipVert=False, image='default.png', interpolate=True, mask=None, maskParams=None, name='image_2', opacity=1.0, ori=0.0, pos=array([0., 0.]), size=array([0.3, 0.3]), texRes=128.0, units='height', win=Window(...))
13.6689 	EXP 	Created unnamed MovieStim3 = MovieStim3(__class__=<class 'psychopy.visual.movie3.MovieStim3'>, anchor=('center', 'center'), autoLog=True, color=UNKNOWN, colorSpace=UNKNOWN, depth=0.0, filename='imgs/song_titanic.mp4', flipHoriz=False, flipVert=False, fps=UNKNOWN, interpolate=True, loop=False, name='unnamed MovieStim3', noAudio=False, opacity=1, ori=method-wrapper(...), pos=array([0., 0.]), size=None, units='pix', vframe_callback=UNKNOWN, volume=UNKNOWN, win=Window(...))
15.1793 	WARNING 	1.5103371997829527: Video catchup needed, advancing self._nextFrameT from 0.0 to 0.041666666666666664
15.1793 	WARNING 	1.5103833999019116: Video catchup needed, advancing self._nextFrameT from 0.041666666666666664 to 0.08333333333333333
15.1794 	WARNING 	1.5103963997680694: Video catchup needed, advancing self._nextFrameT from 0.08333333333333333 to 0.125
15.1794 	WARNING 	1.5104085998609662: Video catchup needed, advancing self._nextFrameT from 0.125 to 0.16666666666666666
15.1794 	WARNING 	1.5104180998168886: Video catchup needed, advancing self._nextFrameT from 0.16666666666666666 to 0.20833333333333331
15.1794 	WARNING 	1.5104271997697651: Video catchup needed, advancing self._nextFrameT from 0.20833333333333331 to 0.24999999999999997
15.1794 	WARNING 	1.5104363998398185: Video catchup needed, advancing self._nextFrameT from 0.24999999999999997 to 0.29166666666666663
15.1794 	WARNING 	1.510445699794218: Video catchup needed, advancing self._nextFrameT from 0.29166666666666663 to 0.3333333333333333
15.1794 	WARNING 	1.5104545999784023: Video catchup needed, advancing self._nextFrameT from 0.3333333333333333 to 0.375
15.1794 	WARNING 	1.5104633998125792: Video catchup needed, advancing self._nextFrameT from 0.375 to 0.4166666666666667
15.1794 	WARNING 	Max reportNDroppedFrames reached, will not log any more dropped frames
15.2101 	EXP 	window1: mouseVisible = True
15.2361 	EXP 	Created MAR2 = ImageStim(__class__=<class 'psychopy.visual.image.ImageStim'>, anchor=('center', 'center'), autoLog=True, color=array([1., 1., 1.]), colorSpace='rgb', contrast=1.0, depth=-4.0, draggable=False, flipHoriz=False, flipVert=False, image='imgs/MAR.jpg', interpolate=True, mask=None, maskParams=None, name='MAR2', opacity=1.0, ori=0.0, pos=array([0., 0.]), size=array([2., 1.]), texRes=128.0, units='height', win=Window(...))
15.2362 	EXP 	window1: mouseVisible = True
15.2371 	EXP 	Created text_9 = TextStim(__class__=<class 'psychopy.visual.text.TextStim'>, alignHoriz=method-wrapper(...), alignText='center', alignVert=method-wrapper(...), anchorHoriz='center', anchorVert='center', antialias=True, autoDraw=False, autoLog=True, bold=False, color=array([1., 1., 1.]), colorSpace='rgb', contrast=1.0, depth=0.0, draggable=False, flipHoriz=False, flipVert=False, font='Open Sans', fontFiles=[], height=0.05, italic=False, languageStyle='LTR', name='text_9', opacity=1.0, ori=0.0, pos=array([0., 0.]), rgb=UNKNOWN, text='', units='height', win=Window(...), wrapWidth=1)
15.2373 	EXP 	Created unnamed MovieStim3 = MovieStim3(__class__=<class 'psychopy.visual.movie3.MovieStim3'>, anchor=('center', 'center'), autoLog=True, color=UNKNOWN, colorSpace=UNKNOWN, depth=0.0, filename='imgs/titanic_spanish.mp4', flipHoriz=False, flipVert=False, fps=UNKNOWN, interpolate=True, loop=False, name='unnamed MovieStim3', noAudio=False, opacity=1, ori=method-wrapper(...), pos=array([0., 0.]), size=None, units='pix', vframe_callback=UNKNOWN, volume=UNKNOWN, win=Window(...))
16.6190 	WARNING 	1.3816478999797255: Video catchup needed, advancing self._nextFrameT from 0.0 to 0.04
16.6190 	WARNING 	1.3816849999129772: Video catchup needed, advancing self._nextFrameT from 0.04 to 0.08
16.6191 	WARNING 	1.3816978000104427: Video catchup needed, advancing self._nextFrameT from 0.08 to 0.12
16.6191 	WARNING 	1.3817088000942022: Video catchup needed, advancing self._nextFrameT from 0.12 to 0.16
16.6191 	WARNING 	1.3817201000638306: Video catchup needed, advancing self._nextFrameT from 0.16 to 0.2
16.6191 	WARNING 	1.3817306000273675: Video catchup needed, advancing self._nextFrameT from 0.2 to 0.24000000000000002
16.6191 	WARNING 	1.3817408001050353: Video catchup needed, advancing self._nextFrameT from 0.24000000000000002 to 0.28
16.6191 	WARNING 	1.3817509000655264: Video catchup needed, advancing self._nextFrameT from 0.28 to 0.32
16.6191 	WARNING 	1.3817616000305861: Video catchup needed, advancing self._nextFrameT from 0.32 to 0.36
16.6191 	WARNING 	1.381771600106731: Video catchup needed, advancing self._nextFrameT from 0.36 to 0.39999999999999997
16.6191 	WARNING 	Max reportNDroppedFrames reached, will not log any more dropped frames
16.6554 	EXP 	window1: mouseVisible = True
16.6668 	EXP 	Created image_3 = ImageStim(__class__=<class 'psychopy.visual.image.ImageStim'>, anchor=('center', 'center'), autoLog=True, color=array([1., 1., 1.]), colorSpace='rgb', contrast=1.0, depth=-2.0, draggable=False, flipHoriz=False, flipVert=False, image='default.png', interpolate=True, mask=None, maskParams=None, name='image_3', opacity=1.0, ori=0.0, pos=array([0., 0.]), size=array([0.3, 0.3]), texRes=128.0, units='height', win=Window(...))
16.6669 	EXP 	window1: mouseVisible = True
16.6912 	EXP 	Created MAR3 = ImageStim(__class__=<class 'psychopy.visual.image.ImageStim'>, anchor=('center', 'center'), autoLog=True, color=array([1., 1., 1.]), colorSpace='rgb', contrast=1.0, depth=-4.0, draggable=False, flipHoriz=False, flipVert=False, image='imgs/MAR.jpg', interpolate=True, mask=None, maskParams=None, name='MAR3', opacity=1.0, ori=0.0, pos=array([0., 0.]), size=array([1., 1.]), texRes=128.0, units='height', win=Window(...))
16.6914 	EXP 	window1: mouseVisible = True
16.6923 	EXP 	Created text_10 = TextStim(__class__=<class 'psychopy.visual.text.TextStim'>, alignHoriz=method-wrapper(...), alignText='center', alignVert=method-wrapper(...), anchorHoriz='center', anchorVert='center', antialias=True, autoDraw=False, autoLog=True, bold=False, color=array([1., 1., 1.]), colorSpace='rgb', contrast=1.0, depth=0.0, draggable=False, flipHoriz=False, flipVert=False, font='Open Sans', fontFiles=[], height=0.05, italic=False, languageStyle='LTR', name='text_10', opacity=1.0, ori=0.0, pos=array([0., 0.]), rgb=UNKNOWN, text='', units='height', win=Window(...), wrapWidth=1)
16.6925 	EXP 	Created unnamed MovieStim3 = MovieStim3(__class__=<class 'psychopy.visual.movie3.MovieStim3'>, anchor=('center', 'center'), autoLog=True, color=UNKNOWN, colorSpace=UNKNOWN, depth=0.0, filename='imgs/titanic_spanish.mp4', flipHoriz=False, flipVert=False, fps=UNKNOWN, interpolate=True, loop=False, name='unnamed MovieStim3', noAudio=False, opacity=1, ori=method-wrapper(...), pos=array([0., 0.]), size=None, units='pix', vframe_callback=UNKNOWN, volume=UNKNOWN, win=Window(...))
18.7037 	WARNING 	2.0111527999397367: Video catchup needed, advancing self._nextFrameT from 0.0 to 0.04
18.7038 	WARNING 	2.0112324999645352: Video catchup needed, advancing self._nextFrameT from 0.04 to 0.08
18.7038 	WARNING 	2.011265499982983: Video catchup needed, advancing self._nextFrameT from 0.08 to 0.12
18.7038 	WARNING 	2.0112944000866264: Video catchup needed, advancing self._nextFrameT from 0.12 to 0.16
18.7038 	WARNING 	2.0113226999528706: Video catchup needed, advancing self._nextFrameT from 0.16 to 0.2
18.7039 	WARNING 	2.011350099928677: Video catchup needed, advancing self._nextFrameT from 0.2 to 0.24000000000000002
18.7039 	WARNING 	2.0113836000673473: Video catchup needed, advancing self._nextFrameT from 0.24000000000000002 to 0.28
18.7039 	WARNING 	2.0114140000659972: Video catchup needed, advancing self._nextFrameT from 0.28 to 0.32
18.7040 	WARNING 	2.011440800037235: Video catchup needed, advancing self._nextFrameT from 0.32 to 0.36
18.7040 	WARNING 	2.011463100090623: Video catchup needed, advancing self._nextFrameT from 0.36 to 0.39999999999999997
18.7040 	WARNING 	Max reportNDroppedFrames reached, will not log any more dropped frames
18.8251 	EXP 	Created unnamed MovieStim3 = MovieStim3(__class__=<class 'psychopy.visual.movie3.MovieStim3'>, anchor=('center', 'center'), autoLog=True, color=UNKNOWN, colorSpace=UNKNOWN, depth=0.0, filename='imgs/titanic.mp4', flipHoriz=False, flipVert=False, fps=UNKNOWN, interpolate=True, loop=False, name='unnamed MovieStim3', noAudio=False, opacity=1, ori=method-wrapper(...), pos=array([   0., -350.]), size=None, units='pix', vframe_callback=UNKNOWN, volume=UNKNOWN, win=Window(...))
20.3053 	WARNING 	1.4800970999058336: Video catchup needed, advancing self._nextFrameT from 0.0 to 0.03336666666666667
20.3053 	WARNING 	1.480134799843654: Video catchup needed, advancing self._nextFrameT from 0.03336666666666667 to 0.06673333333333334
20.3053 	WARNING 	1.4801486998330802: Video catchup needed, advancing self._nextFrameT from 0.06673333333333334 to 0.10010000000000001
20.3053 	WARNING 	1.480160899925977: Video catchup needed, advancing self._nextFrameT from 0.10010000000000001 to 0.13346666666666668
20.3053 	WARNING 	1.4801727999001741: Video catchup needed, advancing self._nextFrameT from 0.13346666666666668 to 0.16683333333333333
20.3053 	WARNING 	1.4801838998682797: Video catchup needed, advancing self._nextFrameT from 0.16683333333333333 to 0.2002
20.3054 	WARNING 	1.4801945998333395: Video catchup needed, advancing self._nextFrameT from 0.2002 to 0.23356666666666664
20.3054 	WARNING 	1.4802052997983992: Video catchup needed, advancing self._nextFrameT from 0.23356666666666664 to 0.2669333333333333
20.3054 	WARNING 	1.4802166998852044: Video catchup needed, advancing self._nextFrameT from 0.2669333333333333 to 0.30029999999999996
20.3054 	WARNING 	1.480227599851787: Video catchup needed, advancing self._nextFrameT from 0.30029999999999996 to 0.3336666666666666
20.3054 	WARNING 	Max reportNDroppedFrames reached, will not log any more dropped frames
20.3466 	EXP 	window1: mouseVisible = True
20.3571 	EXP 	Created image_4 = ImageStim(__class__=<class 'psychopy.visual.image.ImageStim'>, anchor=('center', 'center'), autoLog=True, color=array([1., 1., 1.]), colorSpace='rgb', contrast=1.0, depth=-3.0, draggable=False, flipHoriz=False, flipVert=False, image='default.png', interpolate=True, mask=None, maskParams=None, name='image_4', opacity=1.0, ori=0.0, pos=array([0., 0.]), size=array([0.3, 0.3]), texRes=128.0, units='height', win=Window(...))
20.3572 	EXP 	window1: mouseVisible = True
20.3813 	EXP 	Created MAR4 = ImageStim(__class__=<class 'psychopy.visual.image.ImageStim'>, anchor=('center', 'center'), autoLog=True, color=array([1., 1., 1.]), colorSpace='rgb', contrast=1.0, depth=-5.0, draggable=False, flipHoriz=False, flipVert=False, image='imgs/MAR.jpg', interpolate=True, mask=None, maskParams=None, name='MAR4', opacity=1.0, ori=0.0, pos=array([0., 0.]), size=array([1., 1.]), texRes=128.0, units='height', win=Window(...))
20.3814 	EXP 	window1: mouseVisible = True
20.3963 	EXP 	Created text_4 = TextStim(__class__=<class 'psychopy.visual.text.TextStim'>, alignHoriz=method-wrapper(...), alignText='center', alignVert=method-wrapper(...), anchorHoriz='center', anchorVert='center', antialias=True, autoDraw=False, autoLog=True, bold=False, color=array([1., 1., 1.]), colorSpace='rgb', contrast=1.0, depth=0.0, draggable=False, flipHoriz=False, flipVert=False, font='Open Sans', fontFiles=[], height=0.05, italic=False, languageStyle='LTR', name='text_4', opacity=1.0, ori=0.0, pos=array([0., 0.]), rgb=UNKNOWN, text='¡Muchas gracias por participar!', units='height', win=Window(...), wrapWidth=1)
0.0032 	EXP 	unnamed MovieStim3: autoLog = True
0.0032 	EXP 	unnamed MovieStim3: movie = 'imgs/song_titanic.mp4'
0.0032 	EXP 	unnamed MovieStim3: ori = 0.0
0.0032 	EXP 	unnamed MovieStim3: autoLog = True
0.0032 	EXP 	unnamed MovieStim3: movie = 'imgs/titanic_spanish.mp4'
0.0032 	EXP 	unnamed MovieStim3: ori = 0.0
0.0032 	EXP 	unnamed MovieStim3: autoLog = True
0.0032 	EXP 	unnamed MovieStim3: movie = 'imgs/titanic_spanish.mp4'
0.0032 	EXP 	unnamed MovieStim3: ori = 0.0
0.0032 	EXP 	unnamed MovieStim3: autoLog = True
0.0032 	EXP 	unnamed MovieStim3: movie = 'imgs/titanic.mp4'
0.0032 	EXP 	unnamed MovieStim3: ori = 0.0
0.0230 	EXP 	image_5: autoDraw = True
0.0230 	EXP 	text_6: autoDraw = True
3.0202 	EXP 	image_5: autoDraw = False
3.0202 	EXP 	text_6: autoDraw = False
3.0202 	EXP 	text_5: autoDraw = True
6.1259 	DATA 	Keypress: space
6.1347 	EXP 	text_5: autoDraw = False
6.1347 	EXP 	text_7: height = 0.05
6.1347 	EXP 	text_7: height = 0.05
6.1347 	EXP 	text_7: height = 0.05
6.1347 	EXP 	text_7: text = 'Ronda 1/4'
6.1347 	EXP 	text_7: autoDraw = True
8.1510 	EXP 	Imported imgs/iceberg_times.xlsx as conditions, 10 conditions, 3 params
8.1515 	EXP 	Created sequence: sequential, trialTypes=10, nReps=1, seed=None
8.1516 	EXP 	New trial (rep=0, index=0): {'timepresentation': 7, 'posx': -0.5, 'posy': 0.05}
8.2300 	EXP 	window1: mouseVisible = True
