6.4589 	WARNING 	User requested fullscreen with size [1536  864], but screen is actually [1920, 1080]. Using actual size
7.1447 	EXP 	Created window1 = Window(allowGUI=True, allowStencil=False, autoLog=True, backendConf=UNKNOWN, backgroundFit=<method-wrapper '__getattribute__' of attributeSetter object at 0x00000217C9369C70>, backgroundImage=<method-wrapper '__getattribute__' of attributeSetter object at 0x00000217C9369C10>, bitsMode=UNKNOWN, blendMode='avg', bpc=(8, 8, 8), color=array([0, 0, 0]), colorSpace='rgb', depthBits=8, fullscr=<method-wrapper '__getattribute__' of attributeSetter object at 0x00000217C9369A30>, gamma=None, gammaErrorPolicy='raise', lms=UNKNOWN, monitor=<psychopy.monitors.calibTools.Monitor object at 0x00000217C98A81C0>, multiSample=False, name='window1', numSamples=2, pos=(1920, 789), screen=0, size=array([1920, 1080]), stencilBits=0, stereo=False, title='PsychoPy', units='height', useFBO=True, useRetina=False, viewOri=0.0, viewPos=None, viewScale=None, waitBlanking=True, winType='pyglet')
7.1448 	EXP 	window1: mouseVisible = True
7.1448 	EXP 	window1: backgroundImage = ''
7.1448 	EXP 	window1: backgroundFit = 'none'
7.1459 	EXP 	window1: Attempting to measure frame rate of screen (0) ...
7.1459 	EXP 	window1: recordFrameIntervals = False
7.3110 	EXP 	window1: recordFrameIntervals = True
7.6102 	EXP 	Screen (0) actual frame rate measured at 61.17Hz
7.6103 	EXP 	window1: recordFrameIntervals = False
7.6111 	EXP 	window1: mouseVisible = False
10.4443 	EXP 	tarea_iceberg: status = STARTED
10.4446 	EXP 	window1: mouseVisible = True
10.4929 	EXP 	Created image_5 = ImageStim(__class__=<class 'psychopy.visual.image.ImageStim'>, anchor=('center', 'center'), autoLog=True, color=array([1., 1., 1.]), colorSpace='rgb', contrast=1.0, depth=0.0, draggable=False, flipHoriz=False, flipVert=False, image='imgs/logo_OB.png', interpolate=True, mask=None, maskParams=None, name='image_5', opacity=1.0, ori=0.0, pos=array([0., 0.]), size=array([0.6, 0.7]), texRes=128.0, units='height', win=Window(...))
10.4932 	EXP 	window1: mouseVisible = True
10.6699 	EXP 	Created text_6 = TextStim(__class__=<class 'psychopy.visual.text.TextStim'>, alignHoriz=method-wrapper(...), alignText='center', alignVert=method-wrapper(...), anchorHoriz='center', anchorVert='center', antialias=True, autoDraw=False, autoLog=True, bold=False, color=array([1., 1., 1.]), colorSpace='rgb', contrast=1.0, depth=-1.0, draggable=False, flipHoriz=False, flipVert=False, font='Open Sans', fontFiles=[], height=0.04, italic=False, languageStyle='LTR', name='text_6', opacity=1.0, ori=0.0, pos=array([ 0.  , -0.35]), rgb=UNKNOWN, text='¡Bienvenido a un experimento de Open Brains!', units='height', win=Window(...), wrapWidth=1)
10.6701 	EXP 	window1: mouseVisible = True
10.7094 	EXP 	Created text_5 = TextStim(__class__=<class 'psychopy.visual.text.TextStim'>, alignHoriz=method-wrapper(...), alignText='center', alignVert=method-wrapper(...), anchorHoriz='center', anchorVert='center', antialias=True, autoDraw=False, autoLog=True, bold=False, color=array([1., 1., 1.]), colorSpace='rgb', contrast=1.0, depth=0.0, draggable=False, flipHoriz=False, flipVert=False, font='Open Sans', fontFiles=[], height=0.035, italic=False, languageStyle='LTR', name='text_5', opacity=1.0, ori=0.0, pos=array([0., 0.]), rgb=UNKNOWN, text=str(...), units='height', win=Window(...), wrapWidth=1)
10.7098 	EXP 	window1: mouseVisible = True
10.7131 	EXP 	Created text_7 = TextStim(__class__=<class 'psychopy.visual.text.TextStim'>, alignHoriz=method-wrapper(...), alignText='center', alignVert=method-wrapper(...), anchorHoriz='center', anchorVert='center', antialias=True, autoDraw=False, autoLog=True, bold=False, color=array([1., 1., 1.]), colorSpace='rgb', contrast=1.0, depth=0.0, draggable=False, flipHoriz=False, flipVert=False, font='Open Sans', fontFiles=[], height=0.05, italic=False, languageStyle='LTR', name='text_7', opacity=1.0, ori=0.0, pos=array([0., 0.]), rgb=UNKNOWN, text='', units='height', win=Window(...), wrapWidth=1)
10.7134 	EXP 	window1: mouseVisible = True
10.7640 	EXP 	Created MAR1 = ImageStim(__class__=<class 'psychopy.visual.image.ImageStim'>, anchor=('center', 'center'), autoLog=True, color=array([1., 1., 1.]), colorSpace='rgb', contrast=1.0, depth=-1.0, draggable=False, flipHoriz=False, flipVert=False, image='imgs/MAR.jpg', interpolate=True, mask=None, maskParams=None, name='MAR1', opacity=1.0, ori=0.0, pos=array([0., 0.]), size=array([2., 1.]), texRes=128.0, units='height', win=Window(...))
10.7644 	EXP 	window1: mouseVisible = True
10.7871 	EXP 	Created image = ImageStim(__class__=<class 'psychopy.visual.image.ImageStim'>, anchor=('center', 'center'), autoLog=True, color=array([1., 1., 1.]), colorSpace='rgb', contrast=1.0, depth=-2.0, draggable=False, flipHoriz=False, flipVert=False, image='default.png', interpolate=True, mask=None, maskParams=None, name='image', opacity=1.0, ori=0.0, pos=array([0., 0.]), size=array([0.3, 0.3]), texRes=128.0, units='height', win=Window(...))
10.7872 	EXP 	window1: mouseVisible = True
10.7887 	EXP 	Created text_8 = TextStim(__class__=<class 'psychopy.visual.text.TextStim'>, alignHoriz=method-wrapper(...), alignText='center', alignVert=method-wrapper(...), anchorHoriz='center', anchorVert='center', antialias=True, autoDraw=False, autoLog=True, bold=False, color=array([1., 1., 1.]), colorSpace='rgb', contrast=1.0, depth=0.0, draggable=False, flipHoriz=False, flipVert=False, font='Open Sans', fontFiles=[], height=0.05, italic=False, languageStyle='LTR', name='text_8', opacity=1.0, ori=0.0, pos=array([0., 0.]), rgb=UNKNOWN, text='', units='height', win=Window(...), wrapWidth=1)
11.6621 	EXP 	Sound musica_instrumental set volume 1.000
11.6623 	EXP 	window1: mouseVisible = True
11.6886 	EXP 	Created MAR2 = ImageStim(__class__=<class 'psychopy.visual.image.ImageStim'>, anchor=('center', 'center'), autoLog=True, color=array([1., 1., 1.]), colorSpace='rgb', contrast=1.0, depth=-1.0, draggable=False, flipHoriz=False, flipVert=False, image='imgs/MAR.jpg', interpolate=True, mask=None, maskParams=None, name='MAR2', opacity=1.0, ori=0.0, pos=array([0., 0.]), size=array([2., 1.]), texRes=128.0, units='height', win=Window(...))
11.6887 	EXP 	window1: mouseVisible = True
11.7015 	EXP 	Created image_2 = ImageStim(__class__=<class 'psychopy.visual.image.ImageStim'>, anchor=('center', 'center'), autoLog=True, color=array([1., 1., 1.]), colorSpace='rgb', contrast=1.0, depth=-2.0, draggable=False, flipHoriz=False, flipVert=False, image='default.png', interpolate=True, mask=None, maskParams=None, name='image_2', opacity=1.0, ori=0.0, pos=array([0., 0.]), size=array([0.3, 0.3]), texRes=128.0, units='height', win=Window(...))
11.7016 	EXP 	window1: mouseVisible = True
11.7028 	EXP 	Created text_9 = TextStim(__class__=<class 'psychopy.visual.text.TextStim'>, alignHoriz=method-wrapper(...), alignText='center', alignVert=method-wrapper(...), anchorHoriz='center', anchorVert='center', antialias=True, autoDraw=False, autoLog=True, bold=False, color=array([1., 1., 1.]), colorSpace='rgb', contrast=1.0, depth=0.0, draggable=False, flipHoriz=False, flipVert=False, font='Open Sans', fontFiles=[], height=0.05, italic=False, languageStyle='LTR', name='text_9', opacity=1.0, ori=0.0, pos=array([0., 0.]), rgb=UNKNOWN, text='', units='height', win=Window(...), wrapWidth=1)
11.8773 	EXP 	Created unnamed MovieStim3 = MovieStim3(__class__=<class 'psychopy.visual.movie3.MovieStim3'>, anchor=('center', 'center'), autoLog=True, color=UNKNOWN, colorSpace=UNKNOWN, depth=0.0, filename='imgs/titanic_spanish.mp4', flipHoriz=False, flipVert=False, fps=UNKNOWN, interpolate=True, loop=False, name='unnamed MovieStim3', noAudio=False, opacity=1, ori=method-wrapper(...), pos=array([0., 0.]), size=None, units='pix', vframe_callback=UNKNOWN, volume=UNKNOWN, win=Window(...))
13.6779 	WARNING 	1.8005911000072956: Video catchup needed, advancing self._nextFrameT from 0.0 to 0.04
13.6779 	WARNING 	1.8006333999801427: Video catchup needed, advancing self._nextFrameT from 0.04 to 0.08
13.6779 	WARNING 	1.8006494001019746: Video catchup needed, advancing self._nextFrameT from 0.08 to 0.12
13.6780 	WARNING 	1.800662900088355: Video catchup needed, advancing self._nextFrameT from 0.12 to 0.16
13.6780 	WARNING 	1.8006758999545127: Video catchup needed, advancing self._nextFrameT from 0.16 to 0.2
13.6780 	WARNING 	1.8006885999348015: Video catchup needed, advancing self._nextFrameT from 0.2 to 0.24000000000000002
13.6780 	WARNING 	1.8007010999135673: Video catchup needed, advancing self._nextFrameT from 0.24000000000000002 to 0.28
13.6780 	WARNING 	1.8007133998908103: Video catchup needed, advancing self._nextFrameT from 0.28 to 0.32
13.6780 	WARNING 	1.800726299872622: Video catchup needed, advancing self._nextFrameT from 0.32 to 0.36
13.6780 	WARNING 	1.8007392999716103: Video catchup needed, advancing self._nextFrameT from 0.36 to 0.39999999999999997
13.6780 	WARNING 	Max reportNDroppedFrames reached, will not log any more dropped frames
13.7351 	EXP 	window1: mouseVisible = True
13.7485 	EXP 	Created image_3 = ImageStim(__class__=<class 'psychopy.visual.image.ImageStim'>, anchor=('center', 'center'), autoLog=True, color=array([1., 1., 1.]), colorSpace='rgb', contrast=1.0, depth=-1.0, draggable=False, flipHoriz=False, flipVert=False, image='default.png', interpolate=True, mask=None, maskParams=None, name='image_3', opacity=1.0, ori=0.0, pos=array([0., 0.]), size=array([0.3, 0.3]), texRes=128.0, units='height', win=Window(...))
13.7487 	EXP 	window1: mouseVisible = True
13.7739 	EXP 	Created MAR3 = ImageStim(__class__=<class 'psychopy.visual.image.ImageStim'>, anchor=('center', 'center'), autoLog=True, color=array([1., 1., 1.]), colorSpace='rgb', contrast=1.0, depth=-3.0, draggable=False, flipHoriz=False, flipVert=False, image='imgs/MAR.jpg', interpolate=True, mask=None, maskParams=None, name='MAR3', opacity=1.0, ori=0.0, pos=array([0., 0.]), size=array([1., 1.]), texRes=128.0, units='height', win=Window(...))
13.7741 	EXP 	window1: mouseVisible = True
13.7751 	EXP 	Created text_10 = TextStim(__class__=<class 'psychopy.visual.text.TextStim'>, alignHoriz=method-wrapper(...), alignText='center', alignVert=method-wrapper(...), anchorHoriz='center', anchorVert='center', antialias=True, autoDraw=False, autoLog=True, bold=False, color=array([1., 1., 1.]), colorSpace='rgb', contrast=1.0, depth=0.0, draggable=False, flipHoriz=False, flipVert=False, font='Open Sans', fontFiles=[], height=0.05, italic=False, languageStyle='LTR', name='text_10', opacity=1.0, ori=0.0, pos=array([0., 0.]), rgb=UNKNOWN, text='', units='height', win=Window(...), wrapWidth=1)
13.7753 	EXP 	Created unnamed MovieStim3 = MovieStim3(__class__=<class 'psychopy.visual.movie3.MovieStim3'>, anchor=('center', 'center'), autoLog=True, color=UNKNOWN, colorSpace=UNKNOWN, depth=0.0, filename='imgs/titanic_spanish.mp4', flipHoriz=False, flipVert=False, fps=UNKNOWN, interpolate=True, loop=False, name='unnamed MovieStim3', noAudio=False, opacity=1, ori=method-wrapper(...), pos=array([0., 0.]), size=None, units='pix', vframe_callback=UNKNOWN, volume=UNKNOWN, win=Window(...))
15.9831 	WARNING 	2.2077244000975043: Video catchup needed, advancing self._nextFrameT from 0.0 to 0.04
15.9831 	WARNING 	2.2077883000019938: Video catchup needed, advancing self._nextFrameT from 0.04 to 0.08
15.9832 	WARNING 	2.207806299906224: Video catchup needed, advancing self._nextFrameT from 0.08 to 0.12
15.9832 	WARNING 	2.2078235999215394: Video catchup needed, advancing self._nextFrameT from 0.12 to 0.16
15.9832 	WARNING 	2.207844099961221: Video catchup needed, advancing self._nextFrameT from 0.16 to 0.2
15.9832 	WARNING 	2.2078658000100404: Video catchup needed, advancing self._nextFrameT from 0.2 to 0.24000000000000002
15.9832 	WARNING 	2.2078893000725657: Video catchup needed, advancing self._nextFrameT from 0.24000000000000002 to 0.28
15.9833 	WARNING 	2.207915399922058: Video catchup needed, advancing self._nextFrameT from 0.28 to 0.32
15.9833 	WARNING 	2.207933299941942: Video catchup needed, advancing self._nextFrameT from 0.32 to 0.36
15.9833 	WARNING 	2.207947100047022: Video catchup needed, advancing self._nextFrameT from 0.36 to 0.39999999999999997
15.9833 	WARNING 	Max reportNDroppedFrames reached, will not log any more dropped frames
16.0658 	EXP 	Created unnamed MovieStim3 = MovieStim3(__class__=<class 'psychopy.visual.movie3.MovieStim3'>, anchor=('center', 'center'), autoLog=True, color=UNKNOWN, colorSpace=UNKNOWN, depth=0.0, filename='imgs/titanic.mp4', flipHoriz=False, flipVert=False, fps=UNKNOWN, interpolate=True, loop=False, name='unnamed MovieStim3', noAudio=False, opacity=1, ori=method-wrapper(...), pos=array([   0., -350.]), size=None, units='pix', vframe_callback=UNKNOWN, volume=UNKNOWN, win=Window(...))
17.5982 	WARNING 	1.5323585998266935: Video catchup needed, advancing self._nextFrameT from 0.0 to 0.03336666666666667
17.5982 	WARNING 	1.5323960999958217: Video catchup needed, advancing self._nextFrameT from 0.03336666666666667 to 0.06673333333333334
17.5982 	WARNING 	1.5324106998741627: Video catchup needed, advancing self._nextFrameT from 0.06673333333333334 to 0.10010000000000001
17.5983 	WARNING 	1.5324232999701053: Video catchup needed, advancing self._nextFrameT from 0.10010000000000001 to 0.13346666666666668
17.5983 	WARNING 	1.5324354998301715: Video catchup needed, advancing self._nextFrameT from 0.13346666666666668 to 0.16683333333333333
17.5983 	WARNING 	1.5324475998058915: Video catchup needed, advancing self._nextFrameT from 0.16683333333333333 to 0.2002
17.5983 	WARNING 	1.5324597998987883: Video catchup needed, advancing self._nextFrameT from 0.2002 to 0.23356666666666664
17.5983 	WARNING 	1.5324713999871165: Video catchup needed, advancing self._nextFrameT from 0.23356666666666664 to 0.2669333333333333
17.5983 	WARNING 	1.532482699956745: Video catchup needed, advancing self._nextFrameT from 0.2669333333333333 to 0.30029999999999996
17.5983 	WARNING 	1.5324983999598771: Video catchup needed, advancing self._nextFrameT from 0.30029999999999996 to 0.3336666666666666
17.5983 	WARNING 	Max reportNDroppedFrames reached, will not log any more dropped frames
17.6429 	EXP 	window1: mouseVisible = True
17.6652 	EXP 	Created MAR4 = ImageStim(__class__=<class 'psychopy.visual.image.ImageStim'>, anchor=('center', 'center'), autoLog=True, color=array([1., 1., 1.]), colorSpace='rgb', contrast=1.0, depth=-3.0, draggable=False, flipHoriz=False, flipVert=False, image='imgs/MAR.jpg', interpolate=True, mask=None, maskParams=None, name='MAR4', opacity=1.0, ori=0.0, pos=array([0., 0.]), size=array([1., 1.]), texRes=128.0, units='height', win=Window(...))
17.6653 	EXP 	window1: mouseVisible = True
17.6759 	EXP 	Created image_4 = ImageStim(__class__=<class 'psychopy.visual.image.ImageStim'>, anchor=('center', 'center'), autoLog=True, color=array([1., 1., 1.]), colorSpace='rgb', contrast=1.0, depth=-4.0, draggable=False, flipHoriz=False, flipVert=False, image='default.png', interpolate=True, mask=None, maskParams=None, name='image_4', opacity=1.0, ori=0.0, pos=array([0., 0.]), size=array([0.3, 0.3]), texRes=128.0, units='height', win=Window(...))
17.6766 	EXP 	window1: mouseVisible = True
17.6912 	EXP 	Created text_4 = TextStim(__class__=<class 'psychopy.visual.text.TextStim'>, alignHoriz=method-wrapper(...), alignText='center', alignVert=method-wrapper(...), anchorHoriz='center', anchorVert='center', antialias=True, autoDraw=False, autoLog=True, bold=False, color=array([1., 1., 1.]), colorSpace='rgb', contrast=1.0, depth=0.0, draggable=False, flipHoriz=False, flipVert=False, font='Open Sans', fontFiles=[], height=0.05, italic=False, languageStyle='LTR', name='text_4', opacity=1.0, ori=0.0, pos=array([0., 0.]), rgb=UNKNOWN, text='¡Muchas gracias por participar!', units='height', win=Window(...), wrapWidth=1)
0.0029 	EXP 	unnamed MovieStim3: autoLog = True
0.0029 	EXP 	unnamed MovieStim3: movie = 'imgs/titanic_spanish.mp4'
0.0029 	EXP 	unnamed MovieStim3: ori = 0.0
0.0029 	EXP 	unnamed MovieStim3: autoLog = True
0.0029 	EXP 	unnamed MovieStim3: movie = 'imgs/titanic_spanish.mp4'
0.0029 	EXP 	unnamed MovieStim3: ori = 0.0
0.0029 	EXP 	unnamed MovieStim3: autoLog = True
0.0029 	EXP 	unnamed MovieStim3: movie = 'imgs/titanic.mp4'
0.0029 	EXP 	unnamed MovieStim3: ori = 0.0
0.0189 	EXP 	image_5: autoDraw = True
0.0189 	EXP 	text_6: autoDraw = True
3.0282 	EXP 	image_5: autoDraw = False
3.0282 	EXP 	text_6: autoDraw = False
3.0282 	EXP 	text_5: autoDraw = True
14.1420 	DATA 	Mouse: Left button down, pos=(500,782)
14.2074 	DATA 	Mouse:  Left button up, pos=(500,783)
14.6457 	DATA 	Keypress: space
14.6532 	EXP 	text_5: autoDraw = False
14.6532 	EXP 	text_7: height = 0.05
14.6532 	EXP 	text_7: height = 0.05
14.6532 	EXP 	text_7: height = 0.05
14.6532 	EXP 	text_7: text = 'Ronda 1/4'
14.6532 	EXP 	text_7: autoDraw = True
16.6665 	EXP 	Imported imgs/iceberg_times.xlsx as conditions, 3 conditions, 3 params
16.6670 	EXP 	Created sequence: sequential, trialTypes=3, nReps=1, seed=None
16.6673 	EXP 	New trial (rep=0, index=0): {'timepresentation': 15, 'posx': -0.6, 'posy': 0.05}
16.6801 	EXP 	text_7: autoDraw = False
16.6801 	EXP 	image: image = 'imgs/iceberg.png'
16.6801 	EXP 	MAR1: autoDraw = True
31.6428 	EXP 	image: autoDraw = True
31.9942 	EXP 	New trial (rep=0, index=1): {'timepresentation': 13, 'posx': 0.3, 'posy': 0.05}
31.9999 	DATA 	Keypress: space
32.0092 	EXP 	MAR1: autoDraw = False
32.0092 	EXP 	image: autoDraw = False
32.0092 	EXP 	image: image = 'imgs/iceberg.png'
32.0092 	EXP 	MAR1: autoDraw = True
45.0009 	EXP 	image: autoDraw = True
45.4854 	EXP 	New trial (rep=0, index=2): {'timepresentation': 11, 'posx': 0.6, 'posy': 0.05}
45.4916 	DATA 	Keypress: space
45.5005 	EXP 	MAR1: autoDraw = False
45.5005 	EXP 	image: autoDraw = False
45.5005 	EXP 	image: image = 'imgs/iceberg.png'
45.5005 	EXP 	MAR1: autoDraw = True
56.4938 	EXP 	image: autoDraw = True
57.0761 	EXP 	Sound musica_instrumental started
57.0791 	DATA 	Keypress: space
57.0830 	EXP 	MAR1: autoDraw = False
57.0830 	EXP 	image: autoDraw = False
57.0830 	EXP 	text_8: height = 0.05
57.0830 	EXP 	text_8: height = 0.05
57.0830 	EXP 	text_8: height = 0.05
57.0830 	EXP 	text_8: text = 'Ronda 2/4'
57.0830 	EXP 	text_8: autoDraw = True
59.0925 	EXP 	text_8: autoDraw = False
67.2720 	DATA 	Keypress: escape
67.3221 	EXP 	tarea_iceberg: status = STOPPED
67.3376 	EXP 	tarea_iceberg: status = STOPPED
67.3913 	EXP 	window1: mouseVisible = True
