7.8137 	WARNING 	User requested fullscreen with size [1536  864], but screen is actually [1920, 1080]. Using actual size
8.6697 	EXP 	Created window1 = Window(allowGUI=True, allowStencil=False, autoLog=True, backendConf=UNKNOWN, backgroundFit=<method-wrapper '__getattribute__' of attributeSetter object at 0x00000223469FCCD0>, backgroundImage=<method-wrapper '__getattribute__' of attributeSetter object at 0x00000223469FC970>, bitsMode=UNKNOWN, blendMode='avg', bpc=(8, 8, 8), color=array([0, 0, 0]), colorSpace='rgb', depthBits=8, fullscr=<method-wrapper '__getattribute__' of attributeSetter object at 0x00000223469FCAF0>, gamma=None, gammaErrorPolicy='raise', lms=UNKNOWN, monitor=<psychopy.monitors.calibTools.Monitor object at 0x0000022346F77F40>, multiSample=False, name='window1', numSamples=2, pos=(1920, 789), screen=0, size=array([1920, 1080]), stencilBits=0, stereo=False, title='PsychoPy', units='height', useFBO=True, useRetina=False, viewOri=0.0, viewPos=None, viewScale=None, waitBlanking=True, winType='pyglet')
8.6704 	EXP 	window1: mouseVisible = True
8.6704 	EXP 	window1: backgroundImage = ''
8.6704 	EXP 	window1: backgroundFit = 'none'
8.6716 	EXP 	window1: Attempting to measure frame rate of screen (0) ...
8.6716 	EXP 	window1: recordFrameIntervals = False
8.8360 	EXP 	window1: recordFrameIntervals = True
9.0361 	EXP 	Screen (0) actual frame rate measured at 60.94Hz
9.0361 	EXP 	window1: recordFrameIntervals = False
9.0362 	EXP 	window1: mouseVisible = False
11.3355 	EXP 	tarea_iceberg: status = STARTED
11.3357 	EXP 	window1: mouseVisible = True
11.3559 	EXP 	Created image_5 = ImageStim(__class__=<class 'psychopy.visual.image.ImageStim'>, anchor=('center', 'center'), autoLog=True, color=array([1., 1., 1.]), colorSpace='rgb', contrast=1.0, depth=0.0, draggable=False, flipHoriz=False, flipVert=False, image='imgs/logo_OB.png', interpolate=True, mask=None, maskParams=None, name='image_5', opacity=1.0, ori=0.0, pos=array([0., 0.]), size=array([0.6, 0.7]), texRes=128.0, units='height', win=Window(...))
11.3562 	EXP 	window1: mouseVisible = True
11.4302 	EXP 	Created text_6 = TextStim(__class__=<class 'psychopy.visual.text.TextStim'>, alignHoriz=method-wrapper(...), alignText='center', alignVert=method-wrapper(...), anchorHoriz='center', anchorVert='center', antialias=True, autoDraw=False, autoLog=True, bold=False, color=array([1., 1., 1.]), colorSpace='rgb', contrast=1.0, depth=-1.0, draggable=False, flipHoriz=False, flipVert=False, font='Open Sans', fontFiles=[], height=0.04, italic=False, languageStyle='LTR', name='text_6', opacity=1.0, ori=0.0, pos=array([ 0.  , -0.35]), rgb=UNKNOWN, text='¡Bienvenido a un experimento de Open Brains!', units='height', win=Window(...), wrapWidth=1)
11.4304 	EXP 	window1: mouseVisible = True
11.4515 	EXP 	Created text_5 = TextStim(__class__=<class 'psychopy.visual.text.TextStim'>, alignHoriz=method-wrapper(...), alignText='center', alignVert=method-wrapper(...), anchorHoriz='center', anchorVert='center', antialias=True, autoDraw=False, autoLog=True, bold=False, color=array([1., 1., 1.]), colorSpace='rgb', contrast=1.0, depth=0.0, draggable=False, flipHoriz=False, flipVert=False, font='Open Sans', fontFiles=[], height=0.035, italic=False, languageStyle='LTR', name='text_5', opacity=1.0, ori=0.0, pos=array([0., 0.]), rgb=UNKNOWN, text=str(...), units='height', win=Window(...), wrapWidth=1)
11.4517 	EXP 	window1: mouseVisible = True
11.4536 	EXP 	Created text_7 = TextStim(__class__=<class 'psychopy.visual.text.TextStim'>, alignHoriz=method-wrapper(...), alignText='center', alignVert=method-wrapper(...), anchorHoriz='center', anchorVert='center', antialias=True, autoDraw=False, autoLog=True, bold=False, color=array([1., 1., 1.]), colorSpace='rgb', contrast=1.0, depth=0.0, draggable=False, flipHoriz=False, flipVert=False, font='Open Sans', fontFiles=[], height=0.05, italic=False, languageStyle='LTR', name='text_7', opacity=1.0, ori=0.0, pos=array([0., 0.]), rgb=UNKNOWN, text='', units='height', win=Window(...), wrapWidth=1)
11.4538 	EXP 	window1: mouseVisible = True
11.4778 	EXP 	Created MAR1 = ImageStim(__class__=<class 'psychopy.visual.image.ImageStim'>, anchor=('center', 'center'), autoLog=True, color=array([1., 1., 1.]), colorSpace='rgb', contrast=1.0, depth=-1.0, draggable=False, flipHoriz=False, flipVert=False, image='imgs/MAR.jpg', interpolate=True, mask=None, maskParams=None, name='MAR1', opacity=1.0, ori=0.0, pos=array([0., 0.]), size=array([2., 1.]), texRes=128.0, units='height', win=Window(...))
11.4779 	EXP 	window1: mouseVisible = True
11.4900 	EXP 	Created image = ImageStim(__class__=<class 'psychopy.visual.image.ImageStim'>, anchor=('center', 'center'), autoLog=True, color=array([1., 1., 1.]), colorSpace='rgb', contrast=1.0, depth=-2.0, draggable=False, flipHoriz=False, flipVert=False, image='default.png', interpolate=True, mask=None, maskParams=None, name='image', opacity=1.0, ori=0.0, pos=array([0., 0.]), size=array([0.3, 0.3]), texRes=128.0, units='height', win=Window(...))
11.4901 	EXP 	window1: mouseVisible = True
11.4911 	EXP 	Created text_8 = TextStim(__class__=<class 'psychopy.visual.text.TextStim'>, alignHoriz=method-wrapper(...), alignText='center', alignVert=method-wrapper(...), anchorHoriz='center', anchorVert='center', antialias=True, autoDraw=False, autoLog=True, bold=False, color=array([1., 1., 1.]), colorSpace='rgb', contrast=1.0, depth=0.0, draggable=False, flipHoriz=False, flipVert=False, font='Open Sans', fontFiles=[], height=0.05, italic=False, languageStyle='LTR', name='text_8', opacity=1.0, ori=0.0, pos=array([0., 0.]), rgb=UNKNOWN, text='', units='height', win=Window(...), wrapWidth=1)
12.3044 	EXP 	Sound musica_instrumental set volume 1.000
12.3046 	EXP 	window1: mouseVisible = True
12.3277 	EXP 	Created MAR2 = ImageStim(__class__=<class 'psychopy.visual.image.ImageStim'>, anchor=('center', 'center'), autoLog=True, color=array([1., 1., 1.]), colorSpace='rgb', contrast=1.0, depth=-1.0, draggable=False, flipHoriz=False, flipVert=False, image='imgs/MAR.jpg', interpolate=True, mask=None, maskParams=None, name='MAR2', opacity=1.0, ori=0.0, pos=array([0., 0.]), size=array([2., 1.]), texRes=128.0, units='height', win=Window(...))
12.3278 	EXP 	window1: mouseVisible = True
12.3413 	EXP 	Created image_2 = ImageStim(__class__=<class 'psychopy.visual.image.ImageStim'>, anchor=('center', 'center'), autoLog=True, color=array([1., 1., 1.]), colorSpace='rgb', contrast=1.0, depth=-2.0, draggable=False, flipHoriz=False, flipVert=False, image='default.png', interpolate=True, mask=None, maskParams=None, name='image_2', opacity=1.0, ori=0.0, pos=array([0., 0.]), size=array([0.3, 0.3]), texRes=128.0, units='height', win=Window(...))
12.3415 	EXP 	window1: mouseVisible = True
12.3423 	EXP 	Created text_9 = TextStim(__class__=<class 'psychopy.visual.text.TextStim'>, alignHoriz=method-wrapper(...), alignText='center', alignVert=method-wrapper(...), anchorHoriz='center', anchorVert='center', antialias=True, autoDraw=False, autoLog=True, bold=False, color=array([1., 1., 1.]), colorSpace='rgb', contrast=1.0, depth=0.0, draggable=False, flipHoriz=False, flipVert=False, font='Open Sans', fontFiles=[], height=0.05, italic=False, languageStyle='LTR', name='text_9', opacity=1.0, ori=0.0, pos=array([0., 0.]), rgb=UNKNOWN, text='', units='height', win=Window(...), wrapWidth=1)
12.4797 	EXP 	Created unnamed MovieStim3 = MovieStim3(__class__=<class 'psychopy.visual.movie3.MovieStim3'>, anchor=('center', 'center'), autoLog=True, color=UNKNOWN, colorSpace=UNKNOWN, depth=0.0, filename='imgs/titanic_spanish.mp4', flipHoriz=False, flipVert=False, fps=UNKNOWN, interpolate=True, loop=False, name='unnamed MovieStim3', noAudio=False, opacity=1, ori=method-wrapper(...), pos=array([0., 0.]), size=None, units='pix', vframe_callback=UNKNOWN, volume=UNKNOWN, win=Window(...))
14.3299 	WARNING 	1.8501059000845999: Video catchup needed, advancing self._nextFrameT from 0.0 to 0.04
14.3299 	WARNING 	1.8501530999783427: Video catchup needed, advancing self._nextFrameT from 0.04 to 0.08
14.3299 	WARNING 	1.8501709001138806: Video catchup needed, advancing self._nextFrameT from 0.08 to 0.12
14.3299 	WARNING 	1.8501850999891758: Video catchup needed, advancing self._nextFrameT from 0.12 to 0.16
14.3299 	WARNING 	1.8501983999740332: Video catchup needed, advancing self._nextFrameT from 0.16 to 0.2
14.3300 	WARNING 	1.8502446000929922: Video catchup needed, advancing self._nextFrameT from 0.2 to 0.24000000000000002
14.3300 	WARNING 	1.850299899931997: Video catchup needed, advancing self._nextFrameT from 0.24000000000000002 to 0.28
14.3301 	WARNING 	1.8503374999854714: Video catchup needed, advancing self._nextFrameT from 0.28 to 0.32
14.3301 	WARNING 	1.8503529999870807: Video catchup needed, advancing self._nextFrameT from 0.32 to 0.36
14.3301 	WARNING 	1.8503737999126315: Video catchup needed, advancing self._nextFrameT from 0.36 to 0.39999999999999997
14.3301 	WARNING 	Max reportNDroppedFrames reached, will not log any more dropped frames
14.4042 	EXP 	window1: mouseVisible = True
14.4200 	EXP 	Created image_3 = ImageStim(__class__=<class 'psychopy.visual.image.ImageStim'>, anchor=('center', 'center'), autoLog=True, color=array([1., 1., 1.]), colorSpace='rgb', contrast=1.0, depth=-1.0, draggable=False, flipHoriz=False, flipVert=False, image='default.png', interpolate=True, mask=None, maskParams=None, name='image_3', opacity=1.0, ori=0.0, pos=array([0., 0.]), size=array([0.3, 0.3]), texRes=128.0, units='height', win=Window(...))
14.4201 	EXP 	window1: mouseVisible = True
14.4508 	EXP 	Created MAR3 = ImageStim(__class__=<class 'psychopy.visual.image.ImageStim'>, anchor=('center', 'center'), autoLog=True, color=array([1., 1., 1.]), colorSpace='rgb', contrast=1.0, depth=-3.0, draggable=False, flipHoriz=False, flipVert=False, image='imgs/MAR.jpg', interpolate=True, mask=None, maskParams=None, name='MAR3', opacity=1.0, ori=0.0, pos=array([0., 0.]), size=array([1., 1.]), texRes=128.0, units='height', win=Window(...))
14.4510 	EXP 	window1: mouseVisible = True
14.4521 	EXP 	Created text_10 = TextStim(__class__=<class 'psychopy.visual.text.TextStim'>, alignHoriz=method-wrapper(...), alignText='center', alignVert=method-wrapper(...), anchorHoriz='center', anchorVert='center', antialias=True, autoDraw=False, autoLog=True, bold=False, color=array([1., 1., 1.]), colorSpace='rgb', contrast=1.0, depth=0.0, draggable=False, flipHoriz=False, flipVert=False, font='Open Sans', fontFiles=[], height=0.05, italic=False, languageStyle='LTR', name='text_10', opacity=1.0, ori=0.0, pos=array([0., 0.]), rgb=UNKNOWN, text='', units='height', win=Window(...), wrapWidth=1)
14.4524 	EXP 	Created unnamed MovieStim3 = MovieStim3(__class__=<class 'psychopy.visual.movie3.MovieStim3'>, anchor=('center', 'center'), autoLog=True, color=UNKNOWN, colorSpace=UNKNOWN, depth=0.0, filename='imgs/titanic_spanish.mp4', flipHoriz=False, flipVert=False, fps=UNKNOWN, interpolate=True, loop=False, name='unnamed MovieStim3', noAudio=False, opacity=1, ori=method-wrapper(...), pos=array([0., 0.]), size=None, units='pix', vframe_callback=UNKNOWN, volume=UNKNOWN, win=Window(...))
16.8029 	WARNING 	2.3504141999874264: Video catchup needed, advancing self._nextFrameT from 0.0 to 0.04
16.8030 	WARNING 	2.3504920001141727: Video catchup needed, advancing self._nextFrameT from 0.04 to 0.08
16.8030 	WARNING 	2.3505267000291497: Video catchup needed, advancing self._nextFrameT from 0.08 to 0.12
16.8030 	WARNING 	2.35055400012061: Video catchup needed, advancing self._nextFrameT from 0.12 to 0.16
16.8030 	WARNING 	2.350578699959442: Video catchup needed, advancing self._nextFrameT from 0.16 to 0.2
16.8031 	WARNING 	2.350602800026536: Video catchup needed, advancing self._nextFrameT from 0.2 to 0.24000000000000002
16.8031 	WARNING 	2.350629399996251: Video catchup needed, advancing self._nextFrameT from 0.24000000000000002 to 0.28
16.8031 	WARNING 	2.3506583999842405: Video catchup needed, advancing self._nextFrameT from 0.28 to 0.32
16.8032 	WARNING 	2.350685399957001: Video catchup needed, advancing self._nextFrameT from 0.32 to 0.36
16.8032 	WARNING 	2.3507111000362784: Video catchup needed, advancing self._nextFrameT from 0.36 to 0.39999999999999997
16.8032 	WARNING 	Max reportNDroppedFrames reached, will not log any more dropped frames
16.9464 	EXP 	Created unnamed MovieStim3 = MovieStim3(__class__=<class 'psychopy.visual.movie3.MovieStim3'>, anchor=('center', 'center'), autoLog=True, color=UNKNOWN, colorSpace=UNKNOWN, depth=0.0, filename='imgs/titanic.mp4', flipHoriz=False, flipVert=False, fps=UNKNOWN, interpolate=True, loop=False, name='unnamed MovieStim3', noAudio=False, opacity=1, ori=method-wrapper(...), pos=array([   0., -350.]), size=None, units='pix', vframe_callback=UNKNOWN, volume=UNKNOWN, win=Window(...))
19.0386 	WARNING 	2.092148599913344: Video catchup needed, advancing self._nextFrameT from 0.0 to 0.03336666666666667
19.0386 	WARNING 	2.092204499989748: Video catchup needed, advancing self._nextFrameT from 0.03336666666666667 to 0.06673333333333334
19.0387 	WARNING 	2.09222050011158: Video catchup needed, advancing self._nextFrameT from 0.06673333333333334 to 0.10010000000000001
19.0387 	WARNING 	2.0922354001086205: Video catchup needed, advancing self._nextFrameT from 0.10010000000000001 to 0.13346666666666668
19.0387 	WARNING 	2.0922495999839157: Video catchup needed, advancing self._nextFrameT from 0.13346666666666668 to 0.16683333333333333
19.0387 	WARNING 	2.092262899968773: Video catchup needed, advancing self._nextFrameT from 0.16683333333333333 to 0.2002
19.0387 	WARNING 	2.0922757000662386: Video catchup needed, advancing self._nextFrameT from 0.2002 to 0.23356666666666664
19.0387 	WARNING 	2.0922888999339193: Video catchup needed, advancing self._nextFrameT from 0.23356666666666664 to 0.2669333333333333
19.0387 	WARNING 	2.092301999917254: Video catchup needed, advancing self._nextFrameT from 0.2669333333333333 to 0.30029999999999996
19.0387 	WARNING 	2.092319800052792: Video catchup needed, advancing self._nextFrameT from 0.30029999999999996 to 0.3336666666666666
19.0388 	WARNING 	Max reportNDroppedFrames reached, will not log any more dropped frames
19.1161 	EXP 	window1: mouseVisible = True
19.1461 	EXP 	Created MAR4 = ImageStim(__class__=<class 'psychopy.visual.image.ImageStim'>, anchor=('center', 'center'), autoLog=True, color=array([1., 1., 1.]), colorSpace='rgb', contrast=1.0, depth=-3.0, draggable=False, flipHoriz=False, flipVert=False, image='imgs/MAR.jpg', interpolate=True, mask=None, maskParams=None, name='MAR4', opacity=1.0, ori=0.0, pos=array([0., 0.]), size=array([1., 1.]), texRes=128.0, units='height', win=Window(...))
19.1462 	EXP 	window1: mouseVisible = True
19.1607 	EXP 	Created image_4 = ImageStim(__class__=<class 'psychopy.visual.image.ImageStim'>, anchor=('center', 'center'), autoLog=True, color=array([1., 1., 1.]), colorSpace='rgb', contrast=1.0, depth=-4.0, draggable=False, flipHoriz=False, flipVert=False, image='default.png', interpolate=True, mask=None, maskParams=None, name='image_4', opacity=1.0, ori=0.0, pos=array([0., 0.]), size=array([0.3, 0.3]), texRes=128.0, units='height', win=Window(...))
19.1609 	EXP 	window1: mouseVisible = True
19.1793 	EXP 	Created text_4 = TextStim(__class__=<class 'psychopy.visual.text.TextStim'>, alignHoriz=method-wrapper(...), alignText='center', alignVert=method-wrapper(...), anchorHoriz='center', anchorVert='center', antialias=True, autoDraw=False, autoLog=True, bold=False, color=array([1., 1., 1.]), colorSpace='rgb', contrast=1.0, depth=0.0, draggable=False, flipHoriz=False, flipVert=False, font='Open Sans', fontFiles=[], height=0.05, italic=False, languageStyle='LTR', name='text_4', opacity=1.0, ori=0.0, pos=array([0., 0.]), rgb=UNKNOWN, text='¡Muchas gracias por participar!', units='height', win=Window(...), wrapWidth=1)
0.0032 	EXP 	unnamed MovieStim3: autoLog = True
0.0032 	EXP 	unnamed MovieStim3: movie = 'imgs/titanic_spanish.mp4'
0.0032 	EXP 	unnamed MovieStim3: ori = 0.0
0.0032 	EXP 	unnamed MovieStim3: autoLog = True
0.0032 	EXP 	unnamed MovieStim3: movie = 'imgs/titanic_spanish.mp4'
0.0032 	EXP 	unnamed MovieStim3: ori = 0.0
0.0032 	EXP 	unnamed MovieStim3: autoLog = True
0.0032 	EXP 	unnamed MovieStim3: movie = 'imgs/titanic.mp4'
0.0032 	EXP 	unnamed MovieStim3: ori = 0.0
0.0268 	EXP 	image_5: autoDraw = True
0.0268 	EXP 	text_6: autoDraw = True
3.0322 	EXP 	image_5: autoDraw = False
3.0322 	EXP 	text_6: autoDraw = False
3.0322 	EXP 	text_5: autoDraw = True
5.1175 	DATA 	Keypress: space
6.9990 	DATA 	Mouse: Left button down, pos=(1353,479)
7.0646 	DATA 	Mouse:  Left button up, pos=(1353,479)
8.0784 	DATA 	Keypress: space
8.0808 	EXP 	text_5: autoDraw = False
8.0808 	EXP 	text_7: height = 0.05
8.0808 	EXP 	text_7: height = 0.05
8.0808 	EXP 	text_7: height = 0.05
8.0808 	EXP 	text_7: text = 'Ronda 1/4\n\nPulsa "SPACE" para empezar'
8.0808 	EXP 	text_7: autoDraw = True
9.4108 	EXP 	Imported imgs/iceberg_times.xlsx as conditions, 3 conditions, 3 params
9.4112 	EXP 	Created sequence: sequential, trialTypes=3, nReps=1, seed=None
9.4114 	EXP 	New trial (rep=0, index=0): {'timepresentation': 13, 'posx': 0, 'posy': 0.05}
9.4180 	DATA 	Keypress: space
9.4244 	EXP 	text_7: autoDraw = False
9.4244 	EXP 	image: image = 'imgs/iceberg.png'
9.4244 	EXP 	MAR1: autoDraw = True
22.4027 	EXP 	image: autoDraw = True
22.8209 	EXP 	New trial (rep=0, index=1): {'timepresentation': 6, 'posx': 0.7, 'posy': 0.05}
22.8262 	DATA 	Keypress: space
22.8359 	EXP 	MAR1: autoDraw = False
22.8359 	EXP 	image: autoDraw = False
22.8359 	EXP 	image: image = 'imgs/iceberg.png'
22.8359 	EXP 	MAR1: autoDraw = True
28.8315 	EXP 	image: autoDraw = True
29.2324 	EXP 	New trial (rep=0, index=2): {'timepresentation': 12, 'posx': 0.5, 'posy': 0.05}
29.2375 	DATA 	Keypress: space
29.2481 	EXP 	MAR1: autoDraw = False
29.2481 	EXP 	image: autoDraw = False
29.2481 	EXP 	image: image = 'imgs/iceberg.png'
29.2481 	EXP 	MAR1: autoDraw = True
41.2404 	EXP 	image: autoDraw = True
41.7129 	EXP 	Sound musica_instrumental started
41.7146 	DATA 	Keypress: space
41.7167 	EXP 	MAR1: autoDraw = False
41.7167 	EXP 	image: autoDraw = False
41.7167 	EXP 	text_8: height = 0.05
41.7167 	EXP 	text_8: height = 0.05
41.7167 	EXP 	text_8: height = 0.05
41.7167 	EXP 	text_8: text = 'Ronda 2/4\n\nPulsa "SPACE" para empezar'
41.7167 	EXP 	text_8: autoDraw = True
43.7228 	EXP 	text_8: autoDraw = False
44.7534 	EXP 	Imported imgs/iceberg_times.xlsx as conditions, 3 conditions, 3 params
44.7540 	EXP 	Created sequence: sequential, trialTypes=3, nReps=1, seed=None
44.7542 	EXP 	New trial (rep=0, index=0): {'timepresentation': 13, 'posx': 0, 'posy': 0.05}
44.7603 	DATA 	Keypress: space
44.7651 	EXP 	text_8: autoDraw = False
44.7651 	EXP 	image_2: image = 'imgs/iceberg.png'
44.7651 	EXP 	MAR2: autoDraw = True
57.7470 	EXP 	image_2: autoDraw = True
58.4647 	EXP 	New trial (rep=0, index=1): {'timepresentation': 6, 'posx': 0.7, 'posy': 0.05}
58.4702 	DATA 	Keypress: space
58.4796 	EXP 	MAR2: autoDraw = False
58.4796 	EXP 	image_2: autoDraw = False
58.4796 	EXP 	image_2: image = 'imgs/iceberg.png'
58.4796 	EXP 	MAR2: autoDraw = True
64.4763 	EXP 	image_2: autoDraw = True
64.8603 	EXP 	New trial (rep=0, index=2): {'timepresentation': 12, 'posx': 0.5, 'posy': 0.05}
64.8675 	DATA 	Keypress: space
64.8756 	EXP 	MAR2: autoDraw = False
64.8756 	EXP 	image_2: autoDraw = False
64.8756 	EXP 	image_2: image = 'imgs/iceberg.png'
64.8756 	EXP 	MAR2: autoDraw = True
76.8678 	EXP 	image_2: autoDraw = True
77.2967 	EXP 	Sound musica_instrumental stopped
77.2988 	DATA 	Keypress: space
77.3005 	EXP 	MAR2: autoDraw = False
77.3005 	EXP 	image_2: autoDraw = False
77.3005 	EXP 	text_9: height = 0.05
77.3005 	EXP 	text_9: height = 0.05
77.3005 	EXP 	text_9: height = 0.05
77.3005 	EXP 	text_9: text = 'Ronda 3/4'
77.3005 	EXP 	text_9: autoDraw = True
79.2975 	EXP 	Imported imgs/iceberg_times.xlsx as conditions, 3 conditions, 3 params
79.2979 	EXP 	Created sequence: sequential, trialTypes=3, nReps=1, seed=None
79.2981 	EXP 	New trial (rep=0, index=0): {'timepresentation': 13, 'posx': 0, 'posy': 0.05}
79.2982 	EXP 	Sound  started
79.3109 	EXP 	text_9: autoDraw = False
79.3109 	EXP 	Set unnamed MovieStim3 playing
79.3109 	EXP 	image_3: image = 'imgs/iceberg.png'
79.3109 	EXP 	MAR3: autoDraw = True
80.4016 	DATA 	Keypress: escape
80.4343 	EXP 	tarea_iceberg: status = STOPPED
80.4489 	EXP 	MAR3: autoDraw = False
80.4490 	EXP 	tarea_iceberg: status = STOPPED
80.4996 	EXP 	window1: mouseVisible = True
