6.1137 	WARNING 	User requested fullscreen with size [1536  864], but screen is actually [1920, 1080]. Using actual size
6.7331 	EXP 	Created window1 = Window(allowGUI=True, allowStencil=False, autoLog=True, backendConf=UNKNOWN, backgroundFit=<method-wrapper '__getattribute__' of attributeSetter object at 0x000001F8C697DCD0>, backgroundImage=<method-wrapper '__getattribute__' of attributeSetter object at 0x000001F8C697DC70>, bitsMode=UNKNOWN, blendMode='avg', bpc=(8, 8, 8), color=array([0, 0, 0]), colorSpace='rgb', depthBits=8, fullscr=<method-wrapper '__getattribute__' of attributeSetter object at 0x000001F8C697DAF0>, gamma=None, gammaErrorPolicy='raise', lms=UNKNOWN, monitor=<psychopy.monitors.calibTools.Monitor object at 0x000001F8C6EB8E50>, multiSample=False, name='window1', numSamples=2, pos=(1920, 789), screen=0, size=array([1920, 1080]), stencilBits=0, stereo=False, title='PsychoPy', units='height', useFBO=True, useRetina=False, viewOri=0.0, viewPos=None, viewScale=None, waitBlanking=True, winType='pyglet')
6.7332 	EXP 	window1: mouseVisible = True
6.7333 	EXP 	window1: backgroundImage = ''
6.7333 	EXP 	window1: backgroundFit = 'none'
6.7346 	EXP 	window1: Attempting to measure frame rate of screen (0) ...
6.7347 	EXP 	window1: recordFrameIntervals = False
6.8985 	EXP 	window1: recordFrameIntervals = True
7.0543 	WARNING 	t of last frame was 21.91ms (=1/45)
7.2328 	EXP 	Screen (0) actual frame rate measured at 60.24Hz
7.2329 	EXP 	window1: recordFrameIntervals = False
7.2329 	EXP 	window1: mouseVisible = False
9.1126 	EXP 	tarea_iceberg: status = STARTED
9.1127 	EXP 	window1: mouseVisible = True
9.1303 	EXP 	Created image_5 = ImageStim(__class__=<class 'psychopy.visual.image.ImageStim'>, anchor=('center', 'center'), autoLog=True, color=array([1., 1., 1.]), colorSpace='rgb', contrast=1.0, depth=0.0, draggable=False, flipHoriz=False, flipVert=False, image='imgs/logo_OB.png', interpolate=True, mask=None, maskParams=None, name='image_5', opacity=1.0, ori=0.0, pos=array([0., 0.]), size=array([0.6, 0.7]), texRes=128.0, units='height', win=Window(...))
9.1306 	EXP 	window1: mouseVisible = True
9.1932 	EXP 	Created text_6 = TextStim(__class__=<class 'psychopy.visual.text.TextStim'>, alignHoriz=method-wrapper(...), alignText='center', alignVert=method-wrapper(...), anchorHoriz='center', anchorVert='center', antialias=True, autoDraw=False, autoLog=True, bold=False, color=array([1., 1., 1.]), colorSpace='rgb', contrast=1.0, depth=-1.0, draggable=False, flipHoriz=False, flipVert=False, font='Open Sans', fontFiles=[], height=0.04, italic=False, languageStyle='LTR', name='text_6', opacity=1.0, ori=0.0, pos=array([ 0.  , -0.35]), rgb=UNKNOWN, text='¡Bienvenido a un experimento de Open Brains!', units='height', win=Window(...), wrapWidth=1)
9.1933 	EXP 	window1: mouseVisible = True
9.2120 	EXP 	Created text_5 = TextStim(__class__=<class 'psychopy.visual.text.TextStim'>, alignHoriz=method-wrapper(...), alignText='center', alignVert=method-wrapper(...), anchorHoriz='center', anchorVert='center', antialias=True, autoDraw=False, autoLog=True, bold=False, color=array([1., 1., 1.]), colorSpace='rgb', contrast=1.0, depth=0.0, draggable=False, flipHoriz=False, flipVert=False, font='Open Sans', fontFiles=[], height=0.035, italic=False, languageStyle='LTR', name='text_5', opacity=1.0, ori=0.0, pos=array([0., 0.]), rgb=UNKNOWN, text=str(...), units='height', win=Window(...), wrapWidth=1)
9.2121 	EXP 	window1: mouseVisible = True
9.2133 	EXP 	Created text_7 = TextStim(__class__=<class 'psychopy.visual.text.TextStim'>, alignHoriz=method-wrapper(...), alignText='center', alignVert=method-wrapper(...), anchorHoriz='center', anchorVert='center', antialias=True, autoDraw=False, autoLog=True, bold=False, color=array([1., 1., 1.]), colorSpace='rgb', contrast=1.0, depth=0.0, draggable=False, flipHoriz=False, flipVert=False, font='Open Sans', fontFiles=[], height=0.05, italic=False, languageStyle='LTR', name='text_7', opacity=1.0, ori=0.0, pos=array([0., 0.]), rgb=UNKNOWN, text='', units='height', win=Window(...), wrapWidth=1)
9.2134 	EXP 	window1: mouseVisible = True
9.2221 	EXP 	Created image = ImageStim(__class__=<class 'psychopy.visual.image.ImageStim'>, anchor=('center', 'center'), autoLog=True, color=array([1., 1., 1.]), colorSpace='rgb', contrast=1.0, depth=-1.0, draggable=False, flipHoriz=False, flipVert=False, image='default.png', interpolate=True, mask=None, maskParams=None, name='image', opacity=1.0, ori=0.0, pos=array([0., 0.]), size=array([0.3, 0.3]), texRes=128.0, units='height', win=Window(...))
9.2222 	EXP 	window1: mouseVisible = True
9.2416 	EXP 	Created MAR1 = ImageStim(__class__=<class 'psychopy.visual.image.ImageStim'>, anchor=('center', 'center'), autoLog=True, color=array([1., 1., 1.]), colorSpace='rgb', contrast=1.0, depth=-3.0, draggable=False, flipHoriz=False, flipVert=False, image='imgs/MAR.jpg', interpolate=True, mask=None, maskParams=None, name='MAR1', opacity=1.0, ori=0.0, pos=array([0., 0.]), size=array([2., 1.]), texRes=128.0, units='height', win=Window(...))
9.2417 	EXP 	window1: mouseVisible = True
9.2425 	EXP 	Created text_8 = TextStim(__class__=<class 'psychopy.visual.text.TextStim'>, alignHoriz=method-wrapper(...), alignText='center', alignVert=method-wrapper(...), anchorHoriz='center', anchorVert='center', antialias=True, autoDraw=False, autoLog=True, bold=False, color=array([1., 1., 1.]), colorSpace='rgb', contrast=1.0, depth=0.0, draggable=False, flipHoriz=False, flipVert=False, font='Open Sans', fontFiles=[], height=0.05, italic=False, languageStyle='LTR', name='text_8', opacity=1.0, ori=0.0, pos=array([0., 0.]), rgb=UNKNOWN, text='', units='height', win=Window(...), wrapWidth=1)
9.2426 	EXP 	window1: mouseVisible = True
9.2511 	EXP 	Created image_2 = ImageStim(__class__=<class 'psychopy.visual.image.ImageStim'>, anchor=('center', 'center'), autoLog=True, color=array([1., 1., 1.]), colorSpace='rgb', contrast=1.0, depth=-1.0, draggable=False, flipHoriz=False, flipVert=False, image='default.png', interpolate=True, mask=None, maskParams=None, name='image_2', opacity=1.0, ori=0.0, pos=array([0., 0.]), size=array([0.3, 0.3]), texRes=128.0, units='height', win=Window(...))
9.3635 	EXP 	Created unnamed MovieStim3 = MovieStim3(__class__=<class 'psychopy.visual.movie3.MovieStim3'>, anchor=('center', 'center'), autoLog=True, color=UNKNOWN, colorSpace=UNKNOWN, depth=0.0, filename='imgs/song_titanic.mp4', flipHoriz=False, flipVert=False, fps=UNKNOWN, interpolate=True, loop=False, name='unnamed MovieStim3', noAudio=False, opacity=1, ori=method-wrapper(...), pos=array([0., 0.]), size=None, units='pix', vframe_callback=UNKNOWN, volume=UNKNOWN, win=Window(...))
10.8056 	WARNING 	1.4421173001173884: Video catchup needed, advancing self._nextFrameT from 0.0 to 0.041666666666666664
10.8056 	WARNING 	1.4421566999517381: Video catchup needed, advancing self._nextFrameT from 0.041666666666666664 to 0.08333333333333333
10.8057 	WARNING 	1.4421683999244124: Video catchup needed, advancing self._nextFrameT from 0.08333333333333333 to 0.125
10.8057 	WARNING 	1.4421779001131654: Video catchup needed, advancing self._nextFrameT from 0.125 to 0.16666666666666666
10.8057 	WARNING 	1.442187000066042: Video catchup needed, advancing self._nextFrameT from 0.16666666666666666 to 0.20833333333333331
10.8057 	WARNING 	1.4421965000219643: Video catchup needed, advancing self._nextFrameT from 0.20833333333333331 to 0.24999999999999997
10.8057 	WARNING 	1.4422063000965863: Video catchup needed, advancing self._nextFrameT from 0.24999999999999997 to 0.29166666666666663
10.8057 	WARNING 	1.4422170999459922: Video catchup needed, advancing self._nextFrameT from 0.29166666666666663 to 0.3333333333333333
10.8057 	WARNING 	1.442227799911052: Video catchup needed, advancing self._nextFrameT from 0.3333333333333333 to 0.375
10.8057 	WARNING 	1.4422369999811053: Video catchup needed, advancing self._nextFrameT from 0.375 to 0.4166666666666667
10.8057 	WARNING 	Max reportNDroppedFrames reached, will not log any more dropped frames
10.8322 	EXP 	window1: mouseVisible = True
10.8532 	EXP 	Created MAR2 = ImageStim(__class__=<class 'psychopy.visual.image.ImageStim'>, anchor=('center', 'center'), autoLog=True, color=array([1., 1., 1.]), colorSpace='rgb', contrast=1.0, depth=-4.0, draggable=False, flipHoriz=False, flipVert=False, image='imgs/MAR.jpg', interpolate=True, mask=None, maskParams=None, name='MAR2', opacity=1.0, ori=0.0, pos=array([0., 0.]), size=array([2., 1.]), texRes=128.0, units='height', win=Window(...))
10.8533 	EXP 	window1: mouseVisible = True
10.8541 	EXP 	Created text_9 = TextStim(__class__=<class 'psychopy.visual.text.TextStim'>, alignHoriz=method-wrapper(...), alignText='center', alignVert=method-wrapper(...), anchorHoriz='center', anchorVert='center', antialias=True, autoDraw=False, autoLog=True, bold=False, color=array([1., 1., 1.]), colorSpace='rgb', contrast=1.0, depth=0.0, draggable=False, flipHoriz=False, flipVert=False, font='Open Sans', fontFiles=[], height=0.05, italic=False, languageStyle='LTR', name='text_9', opacity=1.0, ori=0.0, pos=array([0., 0.]), rgb=UNKNOWN, text='', units='height', win=Window(...), wrapWidth=1)
10.8543 	EXP 	Created unnamed MovieStim3 = MovieStim3(__class__=<class 'psychopy.visual.movie3.MovieStim3'>, anchor=('center', 'center'), autoLog=True, color=UNKNOWN, colorSpace=UNKNOWN, depth=0.0, filename='imgs/titanic_spanish.mp4', flipHoriz=False, flipVert=False, fps=UNKNOWN, interpolate=True, loop=False, name='unnamed MovieStim3', noAudio=False, opacity=1, ori=method-wrapper(...), pos=array([0., 0.]), size=None, units='pix', vframe_callback=UNKNOWN, volume=UNKNOWN, win=Window(...))
12.1253 	WARNING 	1.2709317998960614: Video catchup needed, advancing self._nextFrameT from 0.0 to 0.04
12.1253 	WARNING 	1.2709800999145955: Video catchup needed, advancing self._nextFrameT from 0.04 to 0.08
12.1253 	WARNING 	1.2709905998781323: Video catchup needed, advancing self._nextFrameT from 0.08 to 0.12
12.1253 	WARNING 	1.271000900072977: Video catchup needed, advancing self._nextFrameT from 0.12 to 0.16
12.1254 	WARNING 	1.2710102000273764: Video catchup needed, advancing self._nextFrameT from 0.16 to 0.2
12.1254 	WARNING 	1.2710194000974298: Video catchup needed, advancing self._nextFrameT from 0.2 to 0.24000000000000002
12.1254 	WARNING 	1.2710412999149412: Video catchup needed, advancing self._nextFrameT from 0.24000000000000002 to 0.28
12.1254 	WARNING 	1.2710505998693407: Video catchup needed, advancing self._nextFrameT from 0.28 to 0.32
12.1254 	WARNING 	1.2710593999363482: Video catchup needed, advancing self._nextFrameT from 0.32 to 0.36
12.1254 	WARNING 	1.2710676998831332: Video catchup needed, advancing self._nextFrameT from 0.36 to 0.39999999999999997
12.1254 	WARNING 	Max reportNDroppedFrames reached, will not log any more dropped frames
12.1577 	EXP 	window1: mouseVisible = True
12.1687 	EXP 	Created image_3 = ImageStim(__class__=<class 'psychopy.visual.image.ImageStim'>, anchor=('center', 'center'), autoLog=True, color=array([1., 1., 1.]), colorSpace='rgb', contrast=1.0, depth=-2.0, draggable=False, flipHoriz=False, flipVert=False, image='default.png', interpolate=True, mask=None, maskParams=None, name='image_3', opacity=1.0, ori=0.0, pos=array([0., 0.]), size=array([0.3, 0.3]), texRes=128.0, units='height', win=Window(...))
12.1688 	EXP 	window1: mouseVisible = True
12.1934 	EXP 	Created MAR3 = ImageStim(__class__=<class 'psychopy.visual.image.ImageStim'>, anchor=('center', 'center'), autoLog=True, color=array([1., 1., 1.]), colorSpace='rgb', contrast=1.0, depth=-4.0, draggable=False, flipHoriz=False, flipVert=False, image='imgs/MAR.jpg', interpolate=True, mask=None, maskParams=None, name='MAR3', opacity=1.0, ori=0.0, pos=array([0., 0.]), size=array([1., 1.]), texRes=128.0, units='height', win=Window(...))
12.1936 	EXP 	window1: mouseVisible = True
12.1946 	EXP 	Created text_10 = TextStim(__class__=<class 'psychopy.visual.text.TextStim'>, alignHoriz=method-wrapper(...), alignText='center', alignVert=method-wrapper(...), anchorHoriz='center', anchorVert='center', antialias=True, autoDraw=False, autoLog=True, bold=False, color=array([1., 1., 1.]), colorSpace='rgb', contrast=1.0, depth=0.0, draggable=False, flipHoriz=False, flipVert=False, font='Open Sans', fontFiles=[], height=0.05, italic=False, languageStyle='LTR', name='text_10', opacity=1.0, ori=0.0, pos=array([0., 0.]), rgb=UNKNOWN, text='', units='height', win=Window(...), wrapWidth=1)
12.1948 	EXP 	Created unnamed MovieStim3 = MovieStim3(__class__=<class 'psychopy.visual.movie3.MovieStim3'>, anchor=('center', 'center'), autoLog=True, color=UNKNOWN, colorSpace=UNKNOWN, depth=0.0, filename='imgs/titanic_spanish.mp4', flipHoriz=False, flipVert=False, fps=UNKNOWN, interpolate=True, loop=False, name='unnamed MovieStim3', noAudio=False, opacity=1, ori=method-wrapper(...), pos=array([0., 0.]), size=None, units='pix', vframe_callback=UNKNOWN, volume=UNKNOWN, win=Window(...))
13.7145 	WARNING 	1.5196525999344885: Video catchup needed, advancing self._nextFrameT from 0.0 to 0.04
13.7145 	WARNING 	1.5197050999850035: Video catchup needed, advancing self._nextFrameT from 0.04 to 0.08
13.7146 	WARNING 	1.5197213999927044: Video catchup needed, advancing self._nextFrameT from 0.08 to 0.12
13.7146 	WARNING 	1.5197346999775618: Video catchup needed, advancing self._nextFrameT from 0.12 to 0.16
13.7146 	WARNING 	1.5197479000780731: Video catchup needed, advancing self._nextFrameT from 0.16 to 0.2
13.7146 	WARNING 	1.5197610999457538: Video catchup needed, advancing self._nextFrameT from 0.2 to 0.24000000000000002
13.7146 	WARNING 	1.5197739999275655: Video catchup needed, advancing self._nextFrameT from 0.24000000000000002 to 0.28
13.7146 	WARNING 	1.5197900999337435: Video catchup needed, advancing self._nextFrameT from 0.28 to 0.32
13.7146 	WARNING 	1.519803100032732: Video catchup needed, advancing self._nextFrameT from 0.32 to 0.36
13.7147 	WARNING 	1.5198228999506682: Video catchup needed, advancing self._nextFrameT from 0.36 to 0.39999999999999997
13.7147 	WARNING 	Max reportNDroppedFrames reached, will not log any more dropped frames
13.7924 	EXP 	Created unnamed MovieStim3 = MovieStim3(__class__=<class 'psychopy.visual.movie3.MovieStim3'>, anchor=('center', 'center'), autoLog=True, color=UNKNOWN, colorSpace=UNKNOWN, depth=0.0, filename='imgs/titanic.mp4', flipHoriz=False, flipVert=False, fps=UNKNOWN, interpolate=True, loop=False, name='unnamed MovieStim3', noAudio=False, opacity=1, ori=method-wrapper(...), pos=array([   0., -350.]), size=None, units='pix', vframe_callback=UNKNOWN, volume=UNKNOWN, win=Window(...))
15.5361 	WARNING 	1.7436530000995845: Video catchup needed, advancing self._nextFrameT from 0.0 to 0.03336666666666667
15.5361 	WARNING 	1.7436969000846148: Video catchup needed, advancing self._nextFrameT from 0.03336666666666667 to 0.06673333333333334
15.5361 	WARNING 	1.7437114999629557: Video catchup needed, advancing self._nextFrameT from 0.06673333333333334 to 0.10010000000000001
15.5361 	WARNING 	1.7437241999432445: Video catchup needed, advancing self._nextFrameT from 0.10010000000000001 to 0.13346666666666668
15.5361 	WARNING 	1.7437358000315726: Video catchup needed, advancing self._nextFrameT from 0.13346666666666668 to 0.16683333333333333
15.5361 	WARNING 	1.7437472001183778: Video catchup needed, advancing self._nextFrameT from 0.16683333333333333 to 0.2002
15.5362 	WARNING 	1.7437585000880063: Video catchup needed, advancing self._nextFrameT from 0.2002 to 0.23356666666666664
15.5362 	WARNING 	1.7437712999526411: Video catchup needed, advancing self._nextFrameT from 0.23356666666666664 to 0.2669333333333333
15.5362 	WARNING 	1.743787599960342: Video catchup needed, advancing self._nextFrameT from 0.2669333333333333 to 0.30029999999999996
15.5362 	WARNING 	1.7438020000699908: Video catchup needed, advancing self._nextFrameT from 0.30029999999999996 to 0.3336666666666666
15.5362 	WARNING 	Max reportNDroppedFrames reached, will not log any more dropped frames
15.5894 	EXP 	window1: mouseVisible = True
15.6020 	EXP 	Created image_4 = ImageStim(__class__=<class 'psychopy.visual.image.ImageStim'>, anchor=('center', 'center'), autoLog=True, color=array([1., 1., 1.]), colorSpace='rgb', contrast=1.0, depth=-3.0, draggable=False, flipHoriz=False, flipVert=False, image='default.png', interpolate=True, mask=None, maskParams=None, name='image_4', opacity=1.0, ori=0.0, pos=array([0., 0.]), size=array([0.3, 0.3]), texRes=128.0, units='height', win=Window(...))
15.6022 	EXP 	window1: mouseVisible = True
15.6304 	EXP 	Created MAR4 = ImageStim(__class__=<class 'psychopy.visual.image.ImageStim'>, anchor=('center', 'center'), autoLog=True, color=array([1., 1., 1.]), colorSpace='rgb', contrast=1.0, depth=-5.0, draggable=False, flipHoriz=False, flipVert=False, image='imgs/MAR.jpg', interpolate=True, mask=None, maskParams=None, name='MAR4', opacity=1.0, ori=0.0, pos=array([0., 0.]), size=array([1., 1.]), texRes=128.0, units='height', win=Window(...))
15.6306 	EXP 	window1: mouseVisible = True
15.6458 	EXP 	Created text_4 = TextStim(__class__=<class 'psychopy.visual.text.TextStim'>, alignHoriz=method-wrapper(...), alignText='center', alignVert=method-wrapper(...), anchorHoriz='center', anchorVert='center', antialias=True, autoDraw=False, autoLog=True, bold=False, color=array([1., 1., 1.]), colorSpace='rgb', contrast=1.0, depth=0.0, draggable=False, flipHoriz=False, flipVert=False, font='Open Sans', fontFiles=[], height=0.05, italic=False, languageStyle='LTR', name='text_4', opacity=1.0, ori=0.0, pos=array([0., 0.]), rgb=UNKNOWN, text='¡Muchas gracias por participar!', units='height', win=Window(...), wrapWidth=1)
0.0029 	EXP 	unnamed MovieStim3: autoLog = True
0.0029 	EXP 	unnamed MovieStim3: movie = 'imgs/song_titanic.mp4'
0.0029 	EXP 	unnamed MovieStim3: ori = 0.0
0.0029 	EXP 	unnamed MovieStim3: autoLog = True
0.0029 	EXP 	unnamed MovieStim3: movie = 'imgs/titanic_spanish.mp4'
0.0029 	EXP 	unnamed MovieStim3: ori = 0.0
0.0029 	EXP 	unnamed MovieStim3: autoLog = True
0.0029 	EXP 	unnamed MovieStim3: movie = 'imgs/titanic_spanish.mp4'
0.0029 	EXP 	unnamed MovieStim3: ori = 0.0
0.0029 	EXP 	unnamed MovieStim3: autoLog = True
0.0029 	EXP 	unnamed MovieStim3: movie = 'imgs/titanic.mp4'
0.0029 	EXP 	unnamed MovieStim3: ori = 0.0
0.0198 	EXP 	image_5: autoDraw = True
0.0198 	EXP 	text_6: autoDraw = True
3.0292 	EXP 	image_5: autoDraw = False
3.0292 	EXP 	text_6: autoDraw = False
3.0292 	EXP 	text_5: autoDraw = True
4.6630 	DATA 	Mouse: Left button down, pos=(375,866)
4.7989 	DATA 	Mouse:  Left button up, pos=(375,866)
8.3033 	EXP 	window1: mouseVisible = True
