6.9770 	WARNING 	User requested fullscreen with size [1536  864], but screen is actually [1920, 1080]. Using actual size
7.8019 	EXP 	Created window1 = Window(allowGUI=True, allowStencil=False, autoLog=True, backendConf=UNKNOWN, backgroundFit=<method-wrapper '__getattribute__' of attributeSetter object at 0x000002C1F2CCEC40>, backgroundImage=<method-wrapper '__getattribute__' of attributeSetter object at 0x000002C1F2CCEBE0>, bitsMode=UNKNOWN, blendMode='avg', bpc=(8, 8, 8), color=array([0, 0, 0]), colorSpace='rgb', depthBits=8, fullscr=<method-wrapper '__getattribute__' of attributeSetter object at 0x000002C1F2CCEA30>, gamma=None, gammaErrorPolicy='raise', lms=UNKNOWN, monitor=<psychopy.monitors.calibTools.Monitor object at 0x000002C1F3110A90>, multiSample=False, name='window1', numSamples=2, pos=(1920, 789), screen=0, size=array([1920, 1080]), stencilBits=0, stereo=False, title='PsychoPy', units='height', useFBO=True, useRetina=False, viewOri=0.0, viewPos=None, viewScale=None, waitBlanking=True, winType='pyglet')
7.8027 	EXP 	window1: mouseVisible = True
7.8027 	EXP 	window1: backgroundImage = ''
7.8027 	EXP 	window1: backgroundFit = 'none'
7.8042 	EXP 	window1: Attempting to measure frame rate of screen (0) ...
7.8042 	EXP 	window1: recordFrameIntervals = False
7.9671 	EXP 	window1: recordFrameIntervals = True
8.1504 	EXP 	Screen (0) actual frame rate measured at 60.14Hz
8.1504 	EXP 	window1: recordFrameIntervals = False
8.1507 	EXP 	window1: mouseVisible = False
11.0037 	EXP 	tarea_iceberg: status = STARTED
11.0041 	EXP 	window1: mouseVisible = True
11.0273 	EXP 	Created image_5 = ImageStim(__class__=<class 'psychopy.visual.image.ImageStim'>, anchor=('center', 'center'), autoLog=True, color=array([1., 1., 1.]), colorSpace='rgb', contrast=1.0, depth=0.0, draggable=False, flipHoriz=False, flipVert=False, image='imgs/logo_OB.png', interpolate=True, mask=None, maskParams=None, name='image_5', opacity=1.0, ori=0.0, pos=array([0., 0.]), size=array([0.6, 0.7]), texRes=128.0, units='height', win=Window(...))
11.0276 	EXP 	window1: mouseVisible = True
11.0966 	EXP 	Created text_6 = TextStim(__class__=<class 'psychopy.visual.text.TextStim'>, alignHoriz=method-wrapper(...), alignText='center', alignVert=method-wrapper(...), anchorHoriz='center', anchorVert='center', antialias=True, autoDraw=False, autoLog=True, bold=False, color=array([1., 1., 1.]), colorSpace='rgb', contrast=1.0, depth=-1.0, draggable=False, flipHoriz=False, flipVert=False, font='Open Sans', fontFiles=[], height=0.04, italic=False, languageStyle='LTR', name='text_6', opacity=1.0, ori=0.0, pos=array([ 0.  , -0.35]), rgb=UNKNOWN, text='¡Bienvenido a un experimento de Open Brains!', units='height', win=Window(...), wrapWidth=1)
11.0968 	EXP 	window1: mouseVisible = True
11.1178 	EXP 	Created text_5 = TextStim(__class__=<class 'psychopy.visual.text.TextStim'>, alignHoriz=method-wrapper(...), alignText='center', alignVert=method-wrapper(...), anchorHoriz='center', anchorVert='center', antialias=True, autoDraw=False, autoLog=True, bold=False, color=array([1., 1., 1.]), colorSpace='rgb', contrast=1.0, depth=0.0, draggable=False, flipHoriz=False, flipVert=False, font='Open Sans', fontFiles=[], height=0.035, italic=False, languageStyle='LTR', name='text_5', opacity=1.0, ori=0.0, pos=array([0., 0.]), rgb=UNKNOWN, text=str(...), units='height', win=Window(...), wrapWidth=1)
11.1179 	EXP 	window1: mouseVisible = True
11.1192 	EXP 	Created text_7 = TextStim(__class__=<class 'psychopy.visual.text.TextStim'>, alignHoriz=method-wrapper(...), alignText='center', alignVert=method-wrapper(...), anchorHoriz='center', anchorVert='center', antialias=True, autoDraw=False, autoLog=True, bold=False, color=array([1., 1., 1.]), colorSpace='rgb', contrast=1.0, depth=0.0, draggable=False, flipHoriz=False, flipVert=False, font='Open Sans', fontFiles=[], height=0.05, italic=False, languageStyle='LTR', name='text_7', opacity=1.0, ori=0.0, pos=array([0., 0.]), rgb=UNKNOWN, text='', units='height', win=Window(...), wrapWidth=1)
11.1193 	EXP 	window1: mouseVisible = True
11.1467 	EXP 	Created MAR1 = ImageStim(__class__=<class 'psychopy.visual.image.ImageStim'>, anchor=('center', 'center'), autoLog=True, color=array([1., 1., 1.]), colorSpace='rgb', contrast=1.0, depth=-1.0, draggable=False, flipHoriz=False, flipVert=False, image='imgs/MAR.jpg', interpolate=True, mask=None, maskParams=None, name='MAR1', opacity=1.0, ori=0.0, pos=array([0., 0.]), size=array([2., 1.]), texRes=128.0, units='height', win=Window(...))
11.1468 	EXP 	window1: mouseVisible = True
11.1584 	EXP 	Created image = ImageStim(__class__=<class 'psychopy.visual.image.ImageStim'>, anchor=('center', 'center'), autoLog=True, color=array([1., 1., 1.]), colorSpace='rgb', contrast=1.0, depth=-2.0, draggable=False, flipHoriz=False, flipVert=False, image='default.png', interpolate=True, mask=None, maskParams=None, name='image', opacity=1.0, ori=0.0, pos=array([0., 0.]), size=array([0.3, 0.3]), texRes=128.0, units='height', win=Window(...))
11.1586 	EXP 	window1: mouseVisible = True
11.1595 	EXP 	Created text_8 = TextStim(__class__=<class 'psychopy.visual.text.TextStim'>, alignHoriz=method-wrapper(...), alignText='center', alignVert=method-wrapper(...), anchorHoriz='center', anchorVert='center', antialias=True, autoDraw=False, autoLog=True, bold=False, color=array([1., 1., 1.]), colorSpace='rgb', contrast=1.0, depth=0.0, draggable=False, flipHoriz=False, flipVert=False, font='Open Sans', fontFiles=[], height=0.05, italic=False, languageStyle='LTR', name='text_8', opacity=1.0, ori=0.0, pos=array([0., 0.]), rgb=UNKNOWN, text='', units='height', win=Window(...), wrapWidth=1)
11.9861 	EXP 	Sound musica_instrumental set volume 1.000
11.9862 	EXP 	window1: mouseVisible = True
12.0067 	EXP 	Created MAR2 = ImageStim(__class__=<class 'psychopy.visual.image.ImageStim'>, anchor=('center', 'center'), autoLog=True, color=array([1., 1., 1.]), colorSpace='rgb', contrast=1.0, depth=-1.0, draggable=False, flipHoriz=False, flipVert=False, image='imgs/MAR.jpg', interpolate=True, mask=None, maskParams=None, name='MAR2', opacity=1.0, ori=0.0, pos=array([0., 0.]), size=array([2., 1.]), texRes=128.0, units='height', win=Window(...))
12.0068 	EXP 	window1: mouseVisible = True
12.0167 	EXP 	Created image_2 = ImageStim(__class__=<class 'psychopy.visual.image.ImageStim'>, anchor=('center', 'center'), autoLog=True, color=array([1., 1., 1.]), colorSpace='rgb', contrast=1.0, depth=-2.0, draggable=False, flipHoriz=False, flipVert=False, image='default.png', interpolate=True, mask=None, maskParams=None, name='image_2', opacity=1.0, ori=0.0, pos=array([0., 0.]), size=array([0.3, 0.3]), texRes=128.0, units='height', win=Window(...))
12.0168 	EXP 	window1: mouseVisible = True
12.0177 	EXP 	Created text_9 = TextStim(__class__=<class 'psychopy.visual.text.TextStim'>, alignHoriz=method-wrapper(...), alignText='center', alignVert=method-wrapper(...), anchorHoriz='center', anchorVert='center', antialias=True, autoDraw=False, autoLog=True, bold=False, color=array([1., 1., 1.]), colorSpace='rgb', contrast=1.0, depth=0.0, draggable=False, flipHoriz=False, flipVert=False, font='Open Sans', fontFiles=[], height=0.05, italic=False, languageStyle='LTR', name='text_9', opacity=1.0, ori=0.0, pos=array([0., 0.]), rgb=UNKNOWN, text='', units='height', win=Window(...), wrapWidth=1)
12.1348 	EXP 	Sound musica_letra set volume 1.000
12.1350 	EXP 	window1: mouseVisible = True
12.1711 	EXP 	Created MAR3 = ImageStim(__class__=<class 'psychopy.visual.image.ImageStim'>, anchor=('center', 'center'), autoLog=True, color=array([1., 1., 1.]), colorSpace='rgb', contrast=1.0, depth=-1.0, draggable=False, flipHoriz=False, flipVert=False, image='imgs/MAR.jpg', interpolate=True, mask=None, maskParams=None, name='MAR3', opacity=1.0, ori=0.0, pos=array([0., 0.]), size=array([1., 1.]), texRes=128.0, units='height', win=Window(...))
12.1717 	EXP 	window1: mouseVisible = True
12.1887 	EXP 	Created image_3 = ImageStim(__class__=<class 'psychopy.visual.image.ImageStim'>, anchor=('center', 'center'), autoLog=True, color=array([1., 1., 1.]), colorSpace='rgb', contrast=1.0, depth=-2.0, draggable=False, flipHoriz=False, flipVert=False, image='default.png', interpolate=True, mask=None, maskParams=None, name='image_3', opacity=1.0, ori=0.0, pos=array([0., 0.]), size=array([0.3, 0.3]), texRes=128.0, units='height', win=Window(...))
12.1889 	EXP 	window1: mouseVisible = True
12.1899 	EXP 	Created text_11 = TextStim(__class__=<class 'psychopy.visual.text.TextStim'>, alignHoriz=method-wrapper(...), alignText='center', alignVert=method-wrapper(...), anchorHoriz='center', anchorVert='center', antialias=True, autoDraw=False, autoLog=True, bold=False, color=array([1., 1., 1.]), colorSpace='rgb', contrast=1.0, depth=-1.0, draggable=False, flipHoriz=False, flipVert=False, font='Open Sans', fontFiles=[], height=0.05, italic=False, languageStyle='LTR', name='text_11', opacity=1.0, ori=0.0, pos=array([0., 0.]), rgb=UNKNOWN, text='', units='height', win=Window(...), wrapWidth=1)
12.1900 	EXP 	window1: mouseVisible = True
12.2325 	EXP 	Created MAR4 = ImageStim(__class__=<class 'psychopy.visual.image.ImageStim'>, anchor=('center', 'center'), autoLog=True, color=array([1., 1., 1.]), colorSpace='rgb', contrast=1.0, depth=-1.0, draggable=False, flipHoriz=False, flipVert=False, image='imgs/MAR.jpg', interpolate=True, mask=None, maskParams=None, name='MAR4', opacity=1.0, ori=0.0, pos=array([0., 0.]), size=array([1., 1.]), texRes=128.0, units='height', win=Window(...))
12.2327 	EXP 	window1: mouseVisible = True
12.2479 	EXP 	Created image_4 = ImageStim(__class__=<class 'psychopy.visual.image.ImageStim'>, anchor=('center', 'center'), autoLog=True, color=array([1., 1., 1.]), colorSpace='rgb', contrast=1.0, depth=-2.0, draggable=False, flipHoriz=False, flipVert=False, image='default.png', interpolate=True, mask=None, maskParams=None, name='image_4', opacity=1.0, ori=0.0, pos=array([0., 0.]), size=array([0.3, 0.3]), texRes=128.0, units='height', win=Window(...))
12.2480 	EXP 	window1: mouseVisible = True
12.2629 	EXP 	Created text_4 = TextStim(__class__=<class 'psychopy.visual.text.TextStim'>, alignHoriz=method-wrapper(...), alignText='center', alignVert=method-wrapper(...), anchorHoriz='center', anchorVert='center', antialias=True, autoDraw=False, autoLog=True, bold=False, color=array([1., 1., 1.]), colorSpace='rgb', contrast=1.0, depth=0.0, draggable=False, flipHoriz=False, flipVert=False, font='Open Sans', fontFiles=[], height=0.05, italic=False, languageStyle='LTR', name='text_4', opacity=1.0, ori=0.0, pos=array([0., 0.]), rgb=UNKNOWN, text='¡Muchas gracias por participar!', units='height', win=Window(...), wrapWidth=1)
0.0204 	EXP 	image_5: autoDraw = True
0.0204 	EXP 	text_6: autoDraw = True
3.0172 	EXP 	image_5: autoDraw = False
3.0172 	EXP 	text_6: autoDraw = False
3.0172 	EXP 	text_5: autoDraw = True
5.3994 	DATA 	Mouse: Left button down, pos=(869,738)
5.5160 	DATA 	Mouse:  Left button up, pos=(869,738)
5.9330 	DATA 	Keypress: space
7.3755 	DATA 	Keypress: space
7.3797 	EXP 	text_5: autoDraw = False
7.3797 	EXP 	text_7: height = 0.05
7.3797 	EXP 	text_7: height = 0.05
7.3797 	EXP 	text_7: height = 0.05
7.3797 	EXP 	text_7: text = 'Ronda 1/4\n\nPulsa "SPACE" para empezar'
7.3797 	EXP 	text_7: autoDraw = True
9.5269 	EXP 	Imported imgs/iceberg_times.xlsx as conditions, 3 conditions, 3 params
9.5275 	EXP 	Created sequence: sequential, trialTypes=3, nReps=1, seed=None
9.5277 	EXP 	New trial (rep=0, index=0): {'timepresentation': 12, 'posx': -0.1, 'posy': 0.05}
9.5336 	DATA 	Keypress: space
9.5399 	EXP 	text_7: autoDraw = False
9.5399 	EXP 	image: image = 'imgs/iceberg.png'
9.5399 	EXP 	MAR1: autoDraw = True
21.5206 	EXP 	image: autoDraw = True
21.8741 	EXP 	New trial (rep=0, index=1): {'timepresentation': 4, 'posx': -0.6, 'posy': 0.05}
21.8796 	DATA 	Keypress: space
21.8887 	EXP 	MAR1: autoDraw = False
21.8887 	EXP 	image: autoDraw = False
21.8887 	EXP 	image: image = 'imgs/iceberg.png'
21.8887 	EXP 	MAR1: autoDraw = True
25.8849 	EXP 	image: autoDraw = True
26.2527 	EXP 	New trial (rep=0, index=2): {'timepresentation': 10, 'posx': 0.7, 'posy': 0.05}
26.2580 	DATA 	Keypress: space
26.2685 	EXP 	MAR1: autoDraw = False
26.2685 	EXP 	image: autoDraw = False
26.2685 	EXP 	image: image = 'imgs/iceberg.png'
26.2685 	EXP 	MAR1: autoDraw = True
36.2617 	EXP 	image: autoDraw = True
36.7015 	EXP 	Sound musica_instrumental started
36.7033 	DATA 	Keypress: space
36.7067 	EXP 	MAR1: autoDraw = False
36.7067 	EXP 	image: autoDraw = False
36.7067 	EXP 	text_8: height = 0.05
36.7067 	EXP 	text_8: height = 0.05
36.7067 	EXP 	text_8: height = 0.05
36.7067 	EXP 	text_8: text = 'Ronda 2/4\n\nPulsa "SPACE" para empezar'
36.7067 	EXP 	text_8: autoDraw = True
40.3913 	EXP 	Imported imgs/iceberg_times.xlsx as conditions, 3 conditions, 3 params
40.3917 	EXP 	Created sequence: sequential, trialTypes=3, nReps=1, seed=None
40.3918 	EXP 	New trial (rep=0, index=0): {'timepresentation': 12, 'posx': -0.1, 'posy': 0.05}
40.3978 	DATA 	Keypress: space
40.4044 	EXP 	text_8: autoDraw = False
40.4044 	EXP 	image_2: image = 'imgs/iceberg.png'
40.4044 	EXP 	MAR2: autoDraw = True
52.3852 	EXP 	image_2: autoDraw = True
52.7371 	EXP 	New trial (rep=0, index=1): {'timepresentation': 4, 'posx': -0.6, 'posy': 0.05}
52.7441 	DATA 	Keypress: space
52.7526 	EXP 	MAR2: autoDraw = False
52.7526 	EXP 	image_2: autoDraw = False
52.7526 	EXP 	image_2: image = 'imgs/iceberg.png'
52.7526 	EXP 	MAR2: autoDraw = True
56.7482 	EXP 	image_2: autoDraw = True
57.0673 	EXP 	New trial (rep=0, index=2): {'timepresentation': 10, 'posx': 0.7, 'posy': 0.05}
57.0731 	DATA 	Keypress: space
57.0818 	EXP 	MAR2: autoDraw = False
57.0818 	EXP 	image_2: autoDraw = False
57.0818 	EXP 	image_2: image = 'imgs/iceberg.png'
57.0818 	EXP 	MAR2: autoDraw = True
67.0755 	EXP 	image_2: autoDraw = True
67.3975 	EXP 	Sound musica_instrumental stopped
67.5089 	EXP 	Sound musica_letra started
67.4966 	DATA 	Keypress: space
67.5013 	EXP 	MAR2: autoDraw = False
67.5013 	EXP 	image_2: autoDraw = False
67.5013 	EXP 	text_9: height = 0.05
67.5013 	EXP 	text_9: height = 0.05
67.5013 	EXP 	text_9: height = 0.05
67.5013 	EXP 	text_9: text = 'Ronda 3/4\n\nPulsa "SPACE" para empezar'
67.5013 	EXP 	text_9: autoDraw = True
70.8881 	EXP 	Imported imgs/iceberg_times.xlsx as conditions, 3 conditions, 3 params
70.8886 	EXP 	Created sequence: sequential, trialTypes=3, nReps=1, seed=None
70.8888 	EXP 	New trial (rep=0, index=0): {'timepresentation': 12, 'posx': -0.1, 'posy': 0.05}
70.8952 	DATA 	Keypress: space
70.9004 	EXP 	text_9: autoDraw = False
70.9004 	EXP 	image_3: image = 'imgs/iceberg.png'
70.9004 	EXP 	MAR3: autoDraw = True
76.3210 	DATA 	Keypress: escape
76.3873 	EXP 	tarea_iceberg: status = STOPPED
76.4032 	EXP 	MAR3: autoDraw = False
76.4033 	EXP 	tarea_iceberg: status = STOPPED
76.4575 	EXP 	window1: mouseVisible = True
