5.4152 	WARNING 	User requested fullscreen with size [1366  768], but screen is actually [1920, 1080]. Using actual size
6.8913 	EXP 	Created window1 = Window(allowGUI=False, allowStencil=False, args=UNKNOWN, autoLog=True, bitsMode=UNKNOWN, blendMode='avg', color=array([-1., -1., -1.]), colorSpace='rgb', fullscr=<method-wrapper '__getattribute__' of attributeSetter object at 0x0000025AC18A66D8>, gamma=None, gammaErrorPolicy='raise', kwargs=UNKNOWN, lms=UNKNOWN, monitor=<psychopy.monitors.calibTools.Monitor object at 0x0000025AC196B940>, multiSample=False, name='window1', numSamples=2, pos=[0.0, 0.0], screen=0, size=array([1920, 1080]), stereo=False, units='norm', useFBO=True, useRetina=False, viewOri=0.0, viewPos=None, viewScale=None, waitBlanking=True, winType='pyglet')
6.8914 	EXP 	window1: recordFrameIntervals = False
7.0575 	EXP 	window1: recordFrameIntervals = True
7.3085 	EXP 	window1: recordFrameIntervals = False
8.1712 	EXP 	Created image = ImageStim(__class__=<class 'psychopy.visual.image.ImageStim'>, autoLog=True, color=array([1., 1., 1.]), colorSpace='rgb', contrast=1.0, depth=0.0, flipHoriz=False, flipVert=False, image='imagenes/Title.png', interpolate=True, mask=None, maskParams=None, name='image', opacity=1.0, ori=1.0, pos=array([0., 0.]), size=array([1., 1.]), texRes=128, units='norm', win=Window(...))
8.3192 	EXP 	Created Bienvenida = TextStim(__class__=<class 'psychopy.visual.text.TextStim'>, alignHoriz='center', alignVert='center', antialias=True, autoLog=True, bold=False, color='white', colorSpace='named', contrast=1.0, depth=0.0, flipHoriz=False, flipVert=False, font='Arial', fontFiles=[], height=0.1, italic=False, languageStyle='LTR', name='Bienvenida', opacity=1.0, ori=0, pos=array([0., 0.]), rgb=array([255., 255., 255.]), text=str(...), units='norm', win=Window(...), wrapWidth=1)
8.3229 	EXP 	Created Banana = ImageStim(__class__=<class 'psychopy.visual.image.ImageStim'>, autoLog=True, color=array([1., 1., 1.]), colorSpace='rgb', contrast=1.0, depth=-2.0, flipHoriz=False, flipVert=False, image='banana.png', interpolate=True, mask=None, maskParams=None, name='Banana', opacity=1.0, ori=0.0, pos=array([0., 0.]), size=array([0.15, 0.4 ]), texRes=128, units='norm', win=Window(...))
8.3269 	EXP 	Created SplatBanana = ImageStim(__class__=<class 'psychopy.visual.image.ImageStim'>, autoLog=True, color=array([1., 1., 1.]), colorSpace='rgb', contrast=1.0, depth=-3.0, flipHoriz=False, flipVert=False, image='bansplat.png', interpolate=True, mask=None, maskParams=None, name='SplatBanana', opacity=1.0, ori=0.0, pos=array([0., 0.]), size=array([0.3, 0.4]), texRes=128, units='norm', win=Window(...))
8.7258 	WARNING 	Hamming was requested using the 'pygame' sound library but hamming is not supported there.
8.7463 	EXP 	Set Munch sound=A
8.7464 	EXP 	Set Sound Munch volume=1.000
8.7464 	WARNING 	Hamming was requested using the 'pygame' sound library but hamming is not supported there.
8.7475 	EXP 	Set Splat sound=splat.wav
8.7475 	EXP 	Set Sound Splat volume=1.000
8.7561 	EXP 	Created MonkeyMouth = ImageStim(__class__=<class 'psychopy.visual.image.ImageStim'>, autoLog=True, color=array([1., 1., 1.]), colorSpace='rgb', contrast=1.0, depth=-6.0, flipHoriz=False, flipVert=False, image='monkey.png', interpolate=True, mask=None, maskParams=None, name='MonkeyMouth', opacity=1.0, ori=0.0, pos=array([0., 0.]), size=array([0.5, 0.5]), texRes=128, units='norm', win=Window(...))
8.7619 	EXP 	Created MonkeyHappy = ImageStim(__class__=<class 'psychopy.visual.image.ImageStim'>, autoLog=True, color=array([1., 1., 1.]), colorSpace='rgb', contrast=1.0, depth=-7.0, flipHoriz=False, flipVert=False, image='monkeymunch.png', interpolate=True, mask=None, maskParams=None, name='MonkeyHappy', opacity=1.0, ori=0.0, pos=array([0., 0.]), size=array([0.5, 0.5]), texRes=128, units='norm', win=Window(...))
8.7673 	EXP 	Created MonkeySad = ImageStim(__class__=<class 'psychopy.visual.image.ImageStim'>, autoLog=True, color=array([1., 1., 1.]), colorSpace='rgb', contrast=1.0, depth=-8.0, flipHoriz=False, flipVert=False, image='monkeyno.png', interpolate=True, mask=None, maskParams=None, name='MonkeySad', opacity=1.0, ori=0.0, pos=array([0., 0.]), size=array([0.5, 0.5]), texRes=128, units='norm', win=Window(...))
8.7738 	EXP 	Created feedback_text = TextStim(__class__=<class 'psychopy.visual.text.TextStim'>, alignHoriz='center', alignVert='center', antialias=True, autoLog=True, bold=False, color='white', colorSpace='named', contrast=1.0, depth=0.0, flipHoriz=False, flipVert=False, font='Arial', fontFiles=[], height=0.1, italic=False, languageStyle='LTR', name='feedback_text', opacity=1.0, ori=0, pos=array([0., 0.]), rgb=array([255., 255., 255.]), text='default text', units='norm', win=Window(...), wrapWidth=1)
8.7738 	WARNING 	Hamming was requested using the 'pygame' sound library but hamming is not supported there.
8.7746 	EXP 	Set level_up_sound sound=level_up.wav
8.7746 	EXP 	Set Sound level_up_sound volume=1.000
8.7933 	EXP 	Created text = TextStim(__class__=<class 'psychopy.visual.text.TextStim'>, alignHoriz='center', alignVert='center', antialias=True, autoLog=True, bold=False, color='white', colorSpace='named', contrast=1.0, depth=0.0, flipHoriz=False, flipVert=False, font='Arial', fontFiles=[], height=0.1, italic=False, languageStyle='LTR', name='text', opacity=1.0, ori=0, pos=array([0., 0.]), rgb=array([255., 255., 255.]), text=str(...), units='norm', win=Window(...), wrapWidth=1)
8.8065 	EXP 	Created Adios = TextStim(__class__=<class 'psychopy.visual.text.TextStim'>, alignHoriz='center', alignVert='center', antialias=True, autoLog=True, bold=False, color='white', colorSpace='named', contrast=1.0, depth=0.0, flipHoriz=False, flipVert=False, font='Arial', fontFiles=[], height=0.1, italic=False, languageStyle='LTR', name='Adios', opacity=1.0, ori=0, pos=array([-0.1,  0. ]), rgb=array([255., 255., 255.]), text='¡Muchas gracias por participar!', units='norm', win=Window(...), wrapWidth=1)
8.8682 	EXP 	image: autoDraw = True
11.8290 	EXP 	image: autoDraw = False
11.8290 	EXP 	Bienvenida: autoDraw = True
15.7374 	EXP 	Created sequence: random, trialTypes=1, nReps=10, seed=None
15.7376 	EXP 	New trial (rep=0, index=0): None
15.7378 	EXP 	Created sequence: random, trialTypes=1, nReps=10, seed=None
15.7380 	EXP 	New trial (rep=0, index=0): None
15.7387 	EXP 	Set Munch sound=munch.wav
15.7392 	EXP 	Set Splat sound=splat.wav
15.7395 	DATA 	Keypress: space
15.7509 	EXP 	Bienvenida: autoDraw = False
15.7509 	EXP 	Banana: autoDraw = True
15.7509 	EXP 	SplatBanana: autoDraw = True
15.7509 	EXP 	MonkeyMouth: autoDraw = True
15.7509 	EXP 	MonkeyHappy: autoDraw = True
15.7509 	EXP 	MonkeySad: autoDraw = True
17.5044 	EXP 	Sound Munch started
18.4216 	EXP 	Sound Munch stopped
18.4216 	EXP 	Sound Splat stopped
18.4219 	EXP 	New trial (rep=1, index=0): None
18.4226 	EXP 	Set Munch sound=munch.wav
18.4233 	EXP 	Set Splat sound=splat.wav
18.4363 	EXP 	Banana: autoDraw = False
18.4363 	EXP 	SplatBanana: autoDraw = False
18.4363 	EXP 	MonkeyMouth: autoDraw = False
18.4363 	EXP 	MonkeyHappy: autoDraw = False
18.4363 	EXP 	MonkeySad: autoDraw = False
18.4363 	EXP 	Banana: autoDraw = True
18.4363 	EXP 	SplatBanana: autoDraw = True
18.4363 	EXP 	MonkeyMouth: autoDraw = True
18.4363 	EXP 	MonkeyHappy: autoDraw = True
18.4363 	EXP 	MonkeySad: autoDraw = True
20.0050 	EXP 	Sound Munch started
20.8246 	EXP 	Sound Munch stopped
20.8246 	EXP 	Sound Splat stopped
20.8251 	EXP 	New trial (rep=2, index=0): None
20.8257 	EXP 	Set Munch sound=munch.wav
20.8262 	EXP 	Set Splat sound=splat.wav
20.8391 	EXP 	Banana: autoDraw = False
20.8391 	EXP 	SplatBanana: autoDraw = False
20.8391 	EXP 	MonkeyMouth: autoDraw = False
20.8391 	EXP 	MonkeyHappy: autoDraw = False
20.8391 	EXP 	MonkeySad: autoDraw = False
20.8391 	EXP 	Banana: autoDraw = True
20.8391 	EXP 	SplatBanana: autoDraw = True
20.8391 	EXP 	MonkeyMouth: autoDraw = True
20.8391 	EXP 	MonkeyHappy: autoDraw = True
20.8391 	EXP 	MonkeySad: autoDraw = True
22.2741 	EXP 	Sound Munch started
23.0100 	EXP 	Sound Munch stopped
23.0100 	EXP 	Sound Splat stopped
23.0102 	EXP 	New trial (rep=3, index=0): None
23.0111 	EXP 	Set Munch sound=munch.wav
23.0116 	EXP 	Set Splat sound=splat.wav
23.0245 	EXP 	Banana: autoDraw = False
23.0245 	EXP 	SplatBanana: autoDraw = False
23.0245 	EXP 	MonkeyMouth: autoDraw = False
23.0245 	EXP 	MonkeyHappy: autoDraw = False
23.0245 	EXP 	MonkeySad: autoDraw = False
23.0245 	EXP 	Banana: autoDraw = True
23.0245 	EXP 	SplatBanana: autoDraw = True
23.0245 	EXP 	MonkeyMouth: autoDraw = True
23.0245 	EXP 	MonkeyHappy: autoDraw = True
23.0245 	EXP 	MonkeySad: autoDraw = True
24.3264 	EXP 	Sound Munch started
24.9949 	EXP 	Sound Munch stopped
24.9950 	EXP 	Sound Splat stopped
24.9953 	EXP 	New trial (rep=4, index=0): None
24.9960 	EXP 	Set Munch sound=munch.wav
24.9966 	EXP 	Set Splat sound=splat.wav
25.0096 	EXP 	Banana: autoDraw = False
25.0096 	EXP 	SplatBanana: autoDraw = False
25.0096 	EXP 	MonkeyMouth: autoDraw = False
25.0096 	EXP 	MonkeyHappy: autoDraw = False
25.0096 	EXP 	MonkeySad: autoDraw = False
25.0096 	EXP 	Banana: autoDraw = True
25.0096 	EXP 	SplatBanana: autoDraw = True
25.0096 	EXP 	MonkeyMouth: autoDraw = True
25.0096 	EXP 	MonkeyHappy: autoDraw = True
25.0096 	EXP 	MonkeySad: autoDraw = True
26.2113 	EXP 	Sound Munch started
26.8306 	EXP 	Sound Munch stopped
26.8306 	EXP 	Sound Splat stopped
26.8309 	EXP 	New trial (rep=5, index=0): None
26.8316 	EXP 	Set Munch sound=munch.wav
26.8321 	EXP 	Set Splat sound=splat.wav
26.8445 	EXP 	Banana: autoDraw = False
26.8445 	EXP 	SplatBanana: autoDraw = False
26.8445 	EXP 	MonkeyMouth: autoDraw = False
26.8445 	EXP 	MonkeyHappy: autoDraw = False
26.8445 	EXP 	MonkeySad: autoDraw = False
26.8445 	EXP 	Banana: autoDraw = True
26.8445 	EXP 	SplatBanana: autoDraw = True
26.8445 	EXP 	MonkeyMouth: autoDraw = True
26.8445 	EXP 	MonkeyHappy: autoDraw = True
26.8445 	EXP 	MonkeySad: autoDraw = True
27.9630 	EXP 	Sound Munch started
28.5318 	EXP 	Sound Munch stopped
28.5319 	EXP 	Sound Splat stopped
28.5324 	EXP 	New trial (rep=6, index=0): None
28.5339 	EXP 	Set Munch sound=munch.wav
28.5352 	EXP 	Set Splat sound=splat.wav
28.5466 	EXP 	Banana: autoDraw = False
28.5466 	EXP 	SplatBanana: autoDraw = False
28.5466 	EXP 	MonkeyMouth: autoDraw = False
28.5466 	EXP 	MonkeyHappy: autoDraw = False
28.5466 	EXP 	MonkeySad: autoDraw = False
28.5466 	EXP 	Banana: autoDraw = True
28.5466 	EXP 	SplatBanana: autoDraw = True
28.5466 	EXP 	MonkeyMouth: autoDraw = True
28.5466 	EXP 	MonkeyHappy: autoDraw = True
28.5466 	EXP 	MonkeySad: autoDraw = True
29.5982 	EXP 	Sound Munch started
30.1173 	EXP 	Sound Munch stopped
30.1173 	EXP 	Sound Splat stopped
30.1176 	EXP 	New trial (rep=7, index=0): None
30.1184 	EXP 	Set Munch sound=munch.wav
30.1191 	EXP 	Set Splat sound=splat.wav
30.1316 	EXP 	Banana: autoDraw = False
30.1316 	EXP 	SplatBanana: autoDraw = False
30.1316 	EXP 	MonkeyMouth: autoDraw = False
30.1316 	EXP 	MonkeyHappy: autoDraw = False
30.1316 	EXP 	MonkeySad: autoDraw = False
30.1316 	EXP 	Banana: autoDraw = True
30.1316 	EXP 	SplatBanana: autoDraw = True
30.1316 	EXP 	MonkeyMouth: autoDraw = True
30.1316 	EXP 	MonkeyHappy: autoDraw = True
30.1316 	EXP 	MonkeySad: autoDraw = True
31.1163 	EXP 	Sound Munch started
31.6014 	EXP 	Sound Munch stopped
31.6014 	EXP 	Sound Splat stopped
31.6017 	EXP 	New trial (rep=8, index=0): None
31.6024 	EXP 	Set Munch sound=munch.wav
31.6030 	EXP 	Set Splat sound=splat.wav
31.6160 	EXP 	Banana: autoDraw = False
31.6160 	EXP 	SplatBanana: autoDraw = False
31.6160 	EXP 	MonkeyMouth: autoDraw = False
31.6160 	EXP 	MonkeyHappy: autoDraw = False
31.6160 	EXP 	MonkeySad: autoDraw = False
31.6160 	EXP 	Banana: autoDraw = True
31.6160 	EXP 	SplatBanana: autoDraw = True
31.6160 	EXP 	MonkeyMouth: autoDraw = True
31.6160 	EXP 	MonkeyHappy: autoDraw = True
31.6160 	EXP 	MonkeySad: autoDraw = True
32.5344 	EXP 	Sound Munch started
33.0024 	EXP 	Sound Munch stopped
33.0024 	EXP 	Sound Splat stopped
33.0026 	EXP 	New trial (rep=9, index=0): None
33.0033 	EXP 	Set Munch sound=munch.wav
33.0038 	EXP 	Set Splat sound=splat.wav
33.0171 	EXP 	Banana: autoDraw = False
33.0171 	EXP 	SplatBanana: autoDraw = False
33.0171 	EXP 	MonkeyMouth: autoDraw = False
33.0171 	EXP 	MonkeyHappy: autoDraw = False
33.0171 	EXP 	MonkeySad: autoDraw = False
33.0171 	EXP 	Banana: autoDraw = True
33.0171 	EXP 	SplatBanana: autoDraw = True
33.0171 	EXP 	MonkeyMouth: autoDraw = True
33.0171 	EXP 	MonkeyHappy: autoDraw = True
33.0171 	EXP 	MonkeySad: autoDraw = True
33.9023 	EXP 	Sound Munch started
34.3220 	EXP 	Sound Munch stopped
34.3221 	EXP 	Sound Splat stopped
34.3231 	EXP 	Set level_up_sound sound=level_up.wav
34.3437 	EXP 	Banana: autoDraw = False
34.3437 	EXP 	SplatBanana: autoDraw = False
34.3437 	EXP 	MonkeyMouth: autoDraw = False
34.3437 	EXP 	MonkeyHappy: autoDraw = False
34.3437 	EXP 	MonkeySad: autoDraw = False
34.3437 	EXP 	feedback_text: autoDraw = True
35.3031 	EXP 	Sound level_up_sound started
39.3068 	EXP 	Sound level_up_sound stopped
39.3236 	EXP 	Sound level_up_sound stopped
39.3406 	EXP 	feedback_text: autoDraw = False
39.3406 	EXP 	text: autoDraw = True
41.3151 	DATA 	Keypress: s
41.3326 	EXP 	New trial (rep=1, index=0): None
41.3329 	EXP 	Created sequence: random, trialTypes=1, nReps=10, seed=None
41.3331 	EXP 	New trial (rep=0, index=0): None
41.3339 	EXP 	Set Munch sound=munch.wav
41.3345 	EXP 	Set Splat sound=splat.wav
41.3423 	EXP 	text: autoDraw = False
41.3423 	EXP 	Banana: autoDraw = True
41.3423 	EXP 	SplatBanana: autoDraw = True
41.3423 	EXP 	MonkeyMouth: autoDraw = True
41.3423 	EXP 	MonkeyHappy: autoDraw = True
41.3423 	EXP 	MonkeySad: autoDraw = True
42.1774 	EXP 	Sound Munch started
42.5791 	EXP 	Sound Munch stopped
42.5791 	EXP 	Sound Splat stopped
42.5795 	EXP 	New trial (rep=1, index=0): None
42.5805 	EXP 	Set Munch sound=munch.wav
42.5812 	EXP 	Set Splat sound=splat.wav
42.5934 	EXP 	Banana: autoDraw = False
42.5934 	EXP 	SplatBanana: autoDraw = False
42.5934 	EXP 	MonkeyMouth: autoDraw = False
42.5934 	EXP 	MonkeyHappy: autoDraw = False
42.5934 	EXP 	MonkeySad: autoDraw = False
42.5934 	EXP 	Banana: autoDraw = True
42.5934 	EXP 	SplatBanana: autoDraw = True
42.5934 	EXP 	MonkeyMouth: autoDraw = True
42.5934 	EXP 	MonkeyHappy: autoDraw = True
42.5934 	EXP 	MonkeySad: autoDraw = True
43.3952 	EXP 	Sound Munch started
43.7803 	EXP 	Sound Munch stopped
43.7803 	EXP 	Sound Splat stopped
43.7806 	EXP 	New trial (rep=2, index=0): None
43.7813 	EXP 	Set Munch sound=munch.wav
43.7819 	EXP 	Set Splat sound=splat.wav
43.7945 	EXP 	Banana: autoDraw = False
43.7945 	EXP 	SplatBanana: autoDraw = False
43.7945 	EXP 	MonkeyMouth: autoDraw = False
43.7945 	EXP 	MonkeyHappy: autoDraw = False
43.7945 	EXP 	MonkeySad: autoDraw = False
43.7945 	EXP 	Banana: autoDraw = True
43.7945 	EXP 	SplatBanana: autoDraw = True
43.7945 	EXP 	MonkeyMouth: autoDraw = True
43.7945 	EXP 	MonkeyHappy: autoDraw = True
43.7945 	EXP 	MonkeySad: autoDraw = True
44.5463 	EXP 	Sound Munch started
44.9150 	EXP 	Sound Munch stopped
44.9150 	EXP 	Sound Splat stopped
44.9153 	EXP 	New trial (rep=3, index=0): None
44.9161 	EXP 	Set Munch sound=munch.wav
44.9168 	EXP 	Set Splat sound=splat.wav
44.9293 	EXP 	Banana: autoDraw = False
44.9293 	EXP 	SplatBanana: autoDraw = False
44.9293 	EXP 	MonkeyMouth: autoDraw = False
44.9293 	EXP 	MonkeyHappy: autoDraw = False
44.9293 	EXP 	MonkeySad: autoDraw = False
44.9293 	EXP 	Banana: autoDraw = True
44.9293 	EXP 	SplatBanana: autoDraw = True
44.9293 	EXP 	MonkeyMouth: autoDraw = True
44.9293 	EXP 	MonkeyHappy: autoDraw = True
44.9293 	EXP 	MonkeySad: autoDraw = True
45.6644 	EXP 	Sound Munch started
46.0164 	EXP 	Sound Munch stopped
46.0164 	EXP 	Sound Splat stopped
46.0169 	EXP 	New trial (rep=4, index=0): None
46.0182 	EXP 	Set Munch sound=munch.wav
46.0192 	EXP 	Set Splat sound=splat.wav
46.0306 	EXP 	Banana: autoDraw = False
46.0306 	EXP 	SplatBanana: autoDraw = False
46.0306 	EXP 	MonkeyMouth: autoDraw = False
46.0306 	EXP 	MonkeyHappy: autoDraw = False
46.0306 	EXP 	MonkeySad: autoDraw = False
46.0306 	EXP 	Banana: autoDraw = True
46.0306 	EXP 	SplatBanana: autoDraw = True
46.0306 	EXP 	MonkeyMouth: autoDraw = True
46.0306 	EXP 	MonkeyHappy: autoDraw = True
46.0306 	EXP 	MonkeySad: autoDraw = True
46.7320 	EXP 	Sound Munch started
47.0674 	EXP 	Sound Munch stopped
47.0675 	EXP 	Sound Splat stopped
47.0677 	EXP 	New trial (rep=5, index=0): None
47.0684 	EXP 	Set Munch sound=munch.wav
47.0689 	EXP 	Set Splat sound=splat.wav
47.0821 	EXP 	Banana: autoDraw = False
47.0821 	EXP 	SplatBanana: autoDraw = False
47.0821 	EXP 	MonkeyMouth: autoDraw = False
47.0821 	EXP 	MonkeyHappy: autoDraw = False
47.0821 	EXP 	MonkeySad: autoDraw = False
47.0821 	EXP 	Banana: autoDraw = True
47.0821 	EXP 	SplatBanana: autoDraw = True
47.0821 	EXP 	MonkeyMouth: autoDraw = True
47.0821 	EXP 	MonkeyHappy: autoDraw = True
47.0821 	EXP 	MonkeySad: autoDraw = True
47.7490 	EXP 	Sound Munch started
48.0856 	EXP 	Sound Munch stopped
48.0857 	EXP 	Sound Splat stopped
48.0861 	EXP 	New trial (rep=6, index=0): None
48.0873 	EXP 	Set Munch sound=munch.wav
48.0883 	EXP 	Set Splat sound=splat.wav
48.0989 	EXP 	Banana: autoDraw = False
48.0989 	EXP 	SplatBanana: autoDraw = False
48.0989 	EXP 	MonkeyMouth: autoDraw = False
48.0989 	EXP 	MonkeyHappy: autoDraw = False
48.0989 	EXP 	MonkeySad: autoDraw = False
48.0989 	EXP 	Banana: autoDraw = True
48.0989 	EXP 	SplatBanana: autoDraw = True
48.0989 	EXP 	MonkeyMouth: autoDraw = True
48.0989 	EXP 	MonkeyHappy: autoDraw = True
48.0989 	EXP 	MonkeySad: autoDraw = True
48.7514 	EXP 	Sound Munch started
49.1030 	EXP 	Sound Munch stopped
49.1030 	EXP 	Sound Splat stopped
49.1033 	EXP 	New trial (rep=7, index=0): None
49.1041 	EXP 	Set Munch sound=munch.wav
49.1048 	EXP 	Set Splat sound=splat.wav
49.1166 	EXP 	Banana: autoDraw = False
49.1166 	EXP 	SplatBanana: autoDraw = False
49.1166 	EXP 	MonkeyMouth: autoDraw = False
49.1166 	EXP 	MonkeyHappy: autoDraw = False
49.1166 	EXP 	MonkeySad: autoDraw = False
49.1166 	EXP 	Banana: autoDraw = True
49.1166 	EXP 	SplatBanana: autoDraw = True
49.1166 	EXP 	MonkeyMouth: autoDraw = True
49.1166 	EXP 	MonkeyHappy: autoDraw = True
49.1166 	EXP 	MonkeySad: autoDraw = True
49.7342 	EXP 	Sound Munch started
50.1200 	EXP 	Sound Munch stopped
50.1200 	EXP 	Sound Splat stopped
50.1203 	EXP 	New trial (rep=8, index=0): None
50.1212 	EXP 	Set Munch sound=munch.wav
50.1219 	EXP 	Set Splat sound=splat.wav
50.1342 	EXP 	Banana: autoDraw = False
50.1342 	EXP 	SplatBanana: autoDraw = False
50.1342 	EXP 	MonkeyMouth: autoDraw = False
50.1342 	EXP 	MonkeyHappy: autoDraw = False
50.1342 	EXP 	MonkeySad: autoDraw = False
50.1342 	EXP 	Banana: autoDraw = True
50.1342 	EXP 	SplatBanana: autoDraw = True
50.1342 	EXP 	MonkeyMouth: autoDraw = True
50.1342 	EXP 	MonkeyHappy: autoDraw = True
50.1342 	EXP 	MonkeySad: autoDraw = True
50.7365 	EXP 	Sound Munch started
51.1376 	EXP 	Sound Munch stopped
51.1376 	EXP 	Sound Splat stopped
51.1379 	EXP 	New trial (rep=9, index=0): None
51.1386 	EXP 	Set Munch sound=munch.wav
51.1392 	EXP 	Set Splat sound=splat.wav
51.1524 	EXP 	Banana: autoDraw = False
51.1524 	EXP 	SplatBanana: autoDraw = False
51.1524 	EXP 	MonkeyMouth: autoDraw = False
51.1524 	EXP 	MonkeyHappy: autoDraw = False
51.1524 	EXP 	MonkeySad: autoDraw = False
51.1524 	EXP 	Banana: autoDraw = True
51.1524 	EXP 	SplatBanana: autoDraw = True
51.1524 	EXP 	MonkeyMouth: autoDraw = True
51.1524 	EXP 	MonkeyHappy: autoDraw = True
51.1524 	EXP 	MonkeySad: autoDraw = True
51.7368 	EXP 	Sound Munch started
52.1556 	EXP 	Sound Munch stopped
52.1556 	EXP 	Sound Splat stopped
52.1567 	EXP 	Set level_up_sound sound=level_up.wav
52.1764 	EXP 	Banana: autoDraw = False
52.1764 	EXP 	SplatBanana: autoDraw = False
52.1764 	EXP 	MonkeyMouth: autoDraw = False
52.1764 	EXP 	MonkeyHappy: autoDraw = False
52.1764 	EXP 	MonkeySad: autoDraw = False
52.1764 	EXP 	feedback_text: autoDraw = True
53.1373 	EXP 	Sound level_up_sound started
57.1415 	EXP 	Sound level_up_sound stopped
57.1582 	EXP 	Sound level_up_sound stopped
57.1744 	EXP 	feedback_text: autoDraw = False
57.1744 	EXP 	text: autoDraw = True
58.7155 	DATA 	Keypress: n
58.7424 	EXP 	text: autoDraw = False
58.7424 	EXP 	Adios: autoDraw = True
63.7473 	EXP 	Adios: autoDraw = False
63.7473 	EXP 	Adios: autoDraw = False
64.1724 	EXP 	window1: mouseVisible = True
