7.5881 	WARNING 	User requested fullscreen with size [1366  768], but screen is actually [1920, 1080]. Using actual size
10.3651 	EXP 	Created window1 = Window(allowGUI=False, allowStencil=False, args=UNKNOWN, autoLog=True, bitsMode=UNKNOWN, blendMode='avg', color=array([-1., -1., -1.]), colorSpace='rgb', fullscr=<method-wrapper '__getattribute__' of attributeSetter object at 0x000002E069192E80>, gamma=None, gammaErrorPolicy='raise', kwargs=UNKNOWN, lms=UNKNOWN, monitor=<psychopy.monitors.calibTools.Monitor object at 0x000002E06926A0F0>, multiSample=False, name='window1', numSamples=2, pos=[0.0, 0.0], screen=0, size=array([1920, 1080]), stereo=False, units='norm', useFBO=True, useRetina=False, viewOri=0.0, viewPos=None, viewScale=None, waitBlanking=True, winType='pyglet')
10.3652 	EXP 	window1: recordFrameIntervals = False
10.5313 	EXP 	window1: recordFrameIntervals = True
10.7151 	EXP 	window1: recordFrameIntervals = False
11.5919 	EXP 	Created image = ImageStim(__class__=<class 'psychopy.visual.image.ImageStim'>, autoLog=True, color=array([1., 1., 1.]), colorSpace='rgb', contrast=1.0, depth=0.0, flipHoriz=False, flipVert=False, image='imagenes/Title.png', interpolate=True, mask=None, maskParams=None, name='image', opacity=1.0, ori=0.0, pos=array([0., 0.]), size=array([0.5, 0.5]), texRes=128, units='norm', win=Window(...))
11.7868 	EXP 	Created Bienvenida = TextStim(__class__=<class 'psychopy.visual.text.TextStim'>, alignHoriz='center', alignVert='center', antialias=True, autoLog=True, bold=False, color='white', colorSpace='named', contrast=1.0, depth=0.0, flipHoriz=False, flipVert=False, font='Arial', fontFiles=[], height=0.1, italic=False, languageStyle='LTR', name='Bienvenida', opacity=1.0, ori=0, pos=array([0., 0.]), rgb=array([255., 255., 255.]), text=str(...), units='norm', win=Window(...), wrapWidth=1)
11.7904 	EXP 	Created Banana = ImageStim(__class__=<class 'psychopy.visual.image.ImageStim'>, autoLog=True, color=array([1., 1., 1.]), colorSpace='rgb', contrast=1.0, depth=-2.0, flipHoriz=False, flipVert=False, image='banana.png', interpolate=True, mask=None, maskParams=None, name='Banana', opacity=1.0, ori=0.0, pos=array([0., 0.]), size=array([0.15, 0.4 ]), texRes=128, units='norm', win=Window(...))
11.7937 	EXP 	Created SplatBanana = ImageStim(__class__=<class 'psychopy.visual.image.ImageStim'>, autoLog=True, color=array([1., 1., 1.]), colorSpace='rgb', contrast=1.0, depth=-3.0, flipHoriz=False, flipVert=False, image='bansplat.png', interpolate=True, mask=None, maskParams=None, name='SplatBanana', opacity=1.0, ori=0.0, pos=array([0., 0.]), size=array([0.3, 0.4]), texRes=128, units='norm', win=Window(...))
12.5205 	WARNING 	Hamming was requested using the 'pygame' sound library but hamming is not supported there.
12.5212 	EXP 	Set Munch sound=munch.wav
12.5213 	EXP 	Set Sound Munch volume=1.000
12.5213 	WARNING 	Hamming was requested using the 'pygame' sound library but hamming is not supported there.
12.5220 	EXP 	Set Splat sound=splat.wav
12.5220 	EXP 	Set Sound Splat volume=1.000
12.5275 	EXP 	Created MonkeyMouth = ImageStim(__class__=<class 'psychopy.visual.image.ImageStim'>, autoLog=True, color=array([1., 1., 1.]), colorSpace='rgb', contrast=1.0, depth=-6.0, flipHoriz=False, flipVert=False, image='monkey.png', interpolate=True, mask=None, maskParams=None, name='MonkeyMouth', opacity=1.0, ori=0.0, pos=array([0., 0.]), size=array([0.5, 0.5]), texRes=128, units='norm', win=Window(...))
12.5325 	EXP 	Created MonkeyHappy = ImageStim(__class__=<class 'psychopy.visual.image.ImageStim'>, autoLog=True, color=array([1., 1., 1.]), colorSpace='rgb', contrast=1.0, depth=-7.0, flipHoriz=False, flipVert=False, image='monkeymunch.png', interpolate=True, mask=None, maskParams=None, name='MonkeyHappy', opacity=1.0, ori=0.0, pos=array([0., 0.]), size=array([0.5, 0.5]), texRes=128, units='norm', win=Window(...))
12.5381 	EXP 	Created MonkeySad = ImageStim(__class__=<class 'psychopy.visual.image.ImageStim'>, autoLog=True, color=array([1., 1., 1.]), colorSpace='rgb', contrast=1.0, depth=-8.0, flipHoriz=False, flipVert=False, image='monkeyno.png', interpolate=True, mask=None, maskParams=None, name='MonkeySad', opacity=1.0, ori=0.0, pos=array([0., 0.]), size=array([0.5, 0.5]), texRes=128, units='norm', win=Window(...))
12.5506 	EXP 	Created Adios = TextStim(__class__=<class 'psychopy.visual.text.TextStim'>, alignHoriz='center', alignVert='center', antialias=True, autoLog=True, bold=False, color='white', colorSpace='named', contrast=1.0, depth=0.0, flipHoriz=False, flipVert=False, font='Arial', fontFiles=[], height=0.1, italic=False, languageStyle='LTR', name='Adios', opacity=1.0, ori=0, pos=array([0., 0.]), rgb=array([255., 255., 255.]), text='Muchas gracias por participar', units='norm', win=Window(...), wrapWidth=1)
12.6457 	EXP 	image: autoDraw = True
17.5720 	EXP 	image: autoDraw = False
17.5720 	EXP 	Bienvenida: autoDraw = True
22.5765 	EXP 	Bienvenida: autoDraw = False
28.0572 	EXP 	Created sequence: random, trialTypes=1, nReps=10, seed=None
28.0583 	EXP 	New trial (rep=0, index=0): None
28.0606 	EXP 	Set Munch sound=munch.wav
28.0627 	EXP 	Set Splat sound=splat.wav
28.0639 	DATA 	Keypress: space
28.0752 	EXP 	Bienvenida: autoDraw = False
28.0752 	EXP 	Banana: autoDraw = True
28.0752 	EXP 	SplatBanana: autoDraw = True
28.0752 	EXP 	MonkeyMouth: autoDraw = True
28.0752 	EXP 	MonkeyHappy: autoDraw = True
28.0752 	EXP 	MonkeySad: autoDraw = True
29.8186 	EXP 	Sound Munch started
33.0872 	EXP 	Banana: autoDraw = False
33.0872 	EXP 	SplatBanana: autoDraw = False
33.0872 	EXP 	MonkeyMouth: autoDraw = False
33.0872 	EXP 	MonkeyHappy: autoDraw = False
33.0872 	EXP 	MonkeySad: autoDraw = False
34.5725 	EXP 	Sound Splat started
46.5861 	DATA 	Keypress: space
54.1106 	DATA 	Keypress: escape
54.7833 	EXP 	window1: mouseVisible = True
