4.8912 	WARNING 	User requested fullscreen with size [1366  768], but screen is actually [1920, 1080]. Using actual size
6.5574 	EXP 	Created window1 = Window(allowGUI=False, allowStencil=False, args=UNKNOWN, autoLog=True, bitsMode=UNKNOWN, blendMode='avg', color=array([-1., -1., -1.]), colorSpace='rgb', fullscr=<method-wrapper '__getattribute__' of attributeSetter object at 0x0000013D231A2E48>, gamma=None, gammaErrorPolicy='raise', kwargs=UNKNOWN, lms=UNKNOWN, monitor=<psychopy.monitors.calibTools.Monitor object at 0x0000013D22FF72E8>, multiSample=False, name='window1', numSamples=2, pos=[0.0, 0.0], screen=0, size=array([1920, 1080]), stereo=False, units='norm', useFBO=True, useRetina=False, viewOri=0.0, viewPos=None, viewScale=None, waitBlanking=True, winType='pyglet')
6.5575 	EXP 	window1: recordFrameIntervals = False
6.7239 	EXP 	window1: recordFrameIntervals = True
6.9075 	EXP 	window1: recordFrameIntervals = False
7.6577 	EXP 	Created image = ImageStim(__class__=<class 'psychopy.visual.image.ImageStim'>, autoLog=True, color=array([1., 1., 1.]), colorSpace='rgb', contrast=1.0, depth=0.0, flipHoriz=False, flipVert=False, image='imagenes/Title.png', interpolate=True, mask=None, maskParams=None, name='image', opacity=1.0, ori=1.0, pos=array([0., 0.]), size=array([1., 1.]), texRes=128, units='norm', win=Window(...))
7.7783 	EXP 	Created Bienvenida = TextStim(__class__=<class 'psychopy.visual.text.TextStim'>, alignHoriz='center', alignVert='center', antialias=True, autoLog=True, bold=False, color='white', colorSpace='named', contrast=1.0, depth=0.0, flipHoriz=False, flipVert=False, font='Arial', fontFiles=[], height=0.1, italic=False, languageStyle='LTR', name='Bienvenida', opacity=1.0, ori=0, pos=array([0., 0.]), rgb=array([255., 255., 255.]), text=str(...), units='norm', win=Window(...), wrapWidth=1)
7.7836 	EXP 	Created Banana = ImageStim(__class__=<class 'psychopy.visual.image.ImageStim'>, autoLog=True, color=array([1., 1., 1.]), colorSpace='rgb', contrast=1.0, depth=-2.0, flipHoriz=False, flipVert=False, image='banana.png', interpolate=True, mask=None, maskParams=None, name='Banana', opacity=1.0, ori=0.0, pos=array([0., 0.]), size=array([0.15, 0.4 ]), texRes=128, units='norm', win=Window(...))
7.7878 	EXP 	Created SplatBanana = ImageStim(__class__=<class 'psychopy.visual.image.ImageStim'>, autoLog=True, color=array([1., 1., 1.]), colorSpace='rgb', contrast=1.0, depth=-3.0, flipHoriz=False, flipVert=False, image='bansplat.png', interpolate=True, mask=None, maskParams=None, name='SplatBanana', opacity=1.0, ori=0.0, pos=array([0., 0.]), size=array([0.3, 0.4]), texRes=128, units='norm', win=Window(...))
8.3025 	WARNING 	Hamming was requested using the 'pygame' sound library but hamming is not supported there.
8.3181 	EXP 	Set Munch sound=A
8.3181 	EXP 	Set Sound Munch volume=1.000
8.3181 	WARNING 	Hamming was requested using the 'pygame' sound library but hamming is not supported there.
8.3188 	EXP 	Set Splat sound=splat.wav
8.3188 	EXP 	Set Sound Splat volume=1.000
8.3242 	EXP 	Created MonkeyMouth = ImageStim(__class__=<class 'psychopy.visual.image.ImageStim'>, autoLog=True, color=array([1., 1., 1.]), colorSpace='rgb', contrast=1.0, depth=-6.0, flipHoriz=False, flipVert=False, image='monkey.png', interpolate=True, mask=None, maskParams=None, name='MonkeyMouth', opacity=1.0, ori=0.0, pos=array([0., 0.]), size=array([0.5, 0.5]), texRes=128, units='norm', win=Window(...))
8.3299 	EXP 	Created MonkeyHappy = ImageStim(__class__=<class 'psychopy.visual.image.ImageStim'>, autoLog=True, color=array([1., 1., 1.]), colorSpace='rgb', contrast=1.0, depth=-7.0, flipHoriz=False, flipVert=False, image='monkeymunch.png', interpolate=True, mask=None, maskParams=None, name='MonkeyHappy', opacity=1.0, ori=0.0, pos=array([0., 0.]), size=array([0.5, 0.5]), texRes=128, units='norm', win=Window(...))
8.3357 	EXP 	Created MonkeySad = ImageStim(__class__=<class 'psychopy.visual.image.ImageStim'>, autoLog=True, color=array([1., 1., 1.]), colorSpace='rgb', contrast=1.0, depth=-8.0, flipHoriz=False, flipVert=False, image='monkeyno.png', interpolate=True, mask=None, maskParams=None, name='MonkeySad', opacity=1.0, ori=0.0, pos=array([0., 0.]), size=array([0.5, 0.5]), texRes=128, units='norm', win=Window(...))
8.3521 	EXP 	Created Adios = TextStim(__class__=<class 'psychopy.visual.text.TextStim'>, alignHoriz='center', alignVert='center', antialias=True, autoLog=True, bold=False, color='white', colorSpace='named', contrast=1.0, depth=0.0, flipHoriz=False, flipVert=False, font='Arial', fontFiles=[], height=0.1, italic=False, languageStyle='LTR', name='Adios', opacity=1.0, ori=0, pos=array([0., 0.]), rgb=array([255., 255., 255.]), text='Muchas gracias por participar', units='norm', win=Window(...), wrapWidth=1)
8.4156 	EXP 	image: autoDraw = True
11.3788 	EXP 	image: autoDraw = False
11.3788 	EXP 	Bienvenida: autoDraw = True
12.4179 	DATA 	Keypress: space
12.4349 	EXP 	Created sequence: random, trialTypes=1, nReps=5, seed=None
12.4352 	EXP 	New trial (rep=0, index=0): None
12.4366 	EXP 	Set Munch sound=munch.wav
12.4375 	EXP 	Set Splat sound=splat.wav
12.4476 	EXP 	Bienvenida: autoDraw = False
12.4476 	EXP 	Banana: autoDraw = True
12.4476 	EXP 	SplatBanana: autoDraw = True
12.4476 	EXP 	MonkeyMouth: autoDraw = True
12.4476 	EXP 	MonkeyHappy: autoDraw = True
12.4476 	EXP 	MonkeySad: autoDraw = True
14.1997 	EXP 	Sound Munch started
14.3692 	EXP 	Sound Munch stopped
14.3693 	EXP 	Sound Splat stopped
14.3699 	EXP 	New trial (rep=1, index=0): None
14.3716 	EXP 	Set Munch sound=munch.wav
14.3730 	EXP 	Set Splat sound=splat.wav
14.3821 	EXP 	Banana: autoDraw = False
14.3821 	EXP 	SplatBanana: autoDraw = False
14.3821 	EXP 	MonkeyMouth: autoDraw = False
14.3821 	EXP 	MonkeyHappy: autoDraw = False
14.3821 	EXP 	MonkeySad: autoDraw = False
14.3821 	EXP 	Banana: autoDraw = True
14.3821 	EXP 	SplatBanana: autoDraw = True
14.3821 	EXP 	MonkeyMouth: autoDraw = True
14.3821 	EXP 	MonkeyHappy: autoDraw = True
14.3821 	EXP 	MonkeySad: autoDraw = True
14.7503 	EXP 	Sound Splat started
15.3861 	EXP 	Sound Munch stopped
15.3862 	EXP 	Sound Splat stopped
15.3866 	EXP 	New trial (rep=2, index=0): None
15.3877 	EXP 	Set Munch sound=munch.wav
15.3886 	EXP 	Set Splat sound=splat.wav
15.3997 	EXP 	Banana: autoDraw = False
15.3997 	EXP 	SplatBanana: autoDraw = False
15.3997 	EXP 	MonkeyMouth: autoDraw = False
15.3997 	EXP 	MonkeyHappy: autoDraw = False
15.3997 	EXP 	MonkeySad: autoDraw = False
15.3997 	EXP 	Banana: autoDraw = True
15.3997 	EXP 	SplatBanana: autoDraw = True
15.3997 	EXP 	MonkeyMouth: autoDraw = True
15.3997 	EXP 	MonkeyHappy: autoDraw = True
15.3997 	EXP 	MonkeySad: autoDraw = True
15.7679 	EXP 	Sound Splat started
16.4040 	EXP 	Sound Munch stopped
16.4040 	EXP 	Sound Splat stopped
16.4043 	EXP 	New trial (rep=3, index=0): None
16.4051 	EXP 	Set Munch sound=munch.wav
16.4056 	EXP 	Set Splat sound=splat.wav
16.4174 	EXP 	Banana: autoDraw = False
16.4174 	EXP 	SplatBanana: autoDraw = False
16.4174 	EXP 	MonkeyMouth: autoDraw = False
16.4174 	EXP 	MonkeyHappy: autoDraw = False
16.4174 	EXP 	MonkeySad: autoDraw = False
16.4174 	EXP 	Banana: autoDraw = True
16.4174 	EXP 	SplatBanana: autoDraw = True
16.4174 	EXP 	MonkeyMouth: autoDraw = True
16.4174 	EXP 	MonkeyHappy: autoDraw = True
16.4174 	EXP 	MonkeySad: autoDraw = True
16.7854 	EXP 	Sound Munch started
17.4215 	EXP 	Sound Munch stopped
17.4216 	EXP 	Sound Splat stopped
17.4219 	EXP 	New trial (rep=4, index=0): None
17.4229 	EXP 	Set Munch sound=munch.wav
17.4237 	EXP 	Set Splat sound=splat.wav
17.4355 	EXP 	Banana: autoDraw = False
17.4355 	EXP 	SplatBanana: autoDraw = False
17.4355 	EXP 	MonkeyMouth: autoDraw = False
17.4355 	EXP 	MonkeyHappy: autoDraw = False
17.4355 	EXP 	MonkeySad: autoDraw = False
17.4355 	EXP 	Banana: autoDraw = True
17.4355 	EXP 	SplatBanana: autoDraw = True
17.4355 	EXP 	MonkeyMouth: autoDraw = True
17.4355 	EXP 	MonkeyHappy: autoDraw = True
17.4355 	EXP 	MonkeySad: autoDraw = True
18.4398 	EXP 	Sound Munch stopped
18.4399 	EXP 	Sound Splat stopped
18.4525 	EXP 	Banana: autoDraw = False
18.4525 	EXP 	SplatBanana: autoDraw = False
18.4525 	EXP 	MonkeyMouth: autoDraw = False
18.4525 	EXP 	MonkeyHappy: autoDraw = False
18.4525 	EXP 	MonkeySad: autoDraw = False
18.4525 	EXP 	Adios: autoDraw = True
20.5576 	DATA 	Keypress: escape
20.9792 	EXP 	window1: mouseVisible = True
