6.6754 	WARNING 	User requested fullscreen with size [1366  768], but screen is actually [1920, 1080]. Using actual size
8.1581 	EXP 	Created window1 = Window(allowGUI=False, allowStencil=False, args=UNKNOWN, autoLog=True, bitsMode=UNKNOWN, blendMode='avg', color=array([-1., -1., -1.]), colorSpace='rgb', fullscr=<method-wrapper '__getattribute__' of attributeSetter object at 0x000002A752CD2E48>, gamma=None, gammaErrorPolicy='raise', kwargs=UNKNOWN, lms=UNKNOWN, monitor=<psychopy.monitors.calibTools.Monitor object at 0x000002A752DAA320>, multiSample=False, name='window1', numSamples=2, pos=[0.0, 0.0], screen=0, size=array([1920, 1080]), stereo=False, units='norm', useFBO=True, useRetina=False, viewOri=0.0, viewPos=None, viewScale=None, waitBlanking=True, winType='pyglet')
8.1581 	EXP 	window1: recordFrameIntervals = False
8.3242 	EXP 	window1: recordFrameIntervals = True
8.5080 	EXP 	window1: recordFrameIntervals = False
9.0815 	EXP 	Created image = ImageStim(__class__=<class 'psychopy.visual.image.ImageStim'>, autoLog=True, color=array([1., 1., 1.]), colorSpace='rgb', contrast=1.0, depth=0.0, flipHoriz=False, flipVert=False, image='imagenes/Title.png', interpolate=True, mask=None, maskParams=None, name='image', opacity=1.0, ori=1.0, pos=array([0., 0.]), size=array([1., 1.]), texRes=128, units='norm', win=Window(...))
9.1941 	EXP 	Created Bienvenida = TextStim(__class__=<class 'psychopy.visual.text.TextStim'>, alignHoriz='center', alignVert='center', antialias=True, autoLog=True, bold=False, color='white', colorSpace='named', contrast=1.0, depth=0.0, flipHoriz=False, flipVert=False, font='Arial', fontFiles=[], height=0.1, italic=False, languageStyle='LTR', name='Bienvenida', opacity=1.0, ori=0, pos=array([0., 0.]), rgb=array([255., 255., 255.]), text=str(...), units='norm', win=Window(...), wrapWidth=1)
9.1970 	EXP 	Created Banana = ImageStim(__class__=<class 'psychopy.visual.image.ImageStim'>, autoLog=True, color=array([1., 1., 1.]), colorSpace='rgb', contrast=1.0, depth=-2.0, flipHoriz=False, flipVert=False, image='banana.png', interpolate=True, mask=None, maskParams=None, name='Banana', opacity=1.0, ori=0.0, pos=array([0., 0.]), size=array([0.15, 0.4 ]), texRes=128, units='norm', win=Window(...))
9.2008 	EXP 	Created SplatBanana = ImageStim(__class__=<class 'psychopy.visual.image.ImageStim'>, autoLog=True, color=array([1., 1., 1.]), colorSpace='rgb', contrast=1.0, depth=-3.0, flipHoriz=False, flipVert=False, image='bansplat.png', interpolate=True, mask=None, maskParams=None, name='SplatBanana', opacity=1.0, ori=0.0, pos=array([0., 0.]), size=array([0.3, 0.4]), texRes=128, units='norm', win=Window(...))
9.7557 	WARNING 	Hamming was requested using the 'pygame' sound library but hamming is not supported there.
9.7806 	EXP 	Set Munch sound=A
9.7806 	EXP 	Set Sound Munch volume=1.000
9.7806 	WARNING 	Hamming was requested using the 'pygame' sound library but hamming is not supported there.
9.7818 	EXP 	Set Splat sound=splat.wav
9.7819 	EXP 	Set Sound Splat volume=1.000
9.7877 	EXP 	Created MonkeyMouth = ImageStim(__class__=<class 'psychopy.visual.image.ImageStim'>, autoLog=True, color=array([1., 1., 1.]), colorSpace='rgb', contrast=1.0, depth=-6.0, flipHoriz=False, flipVert=False, image='monkey.png', interpolate=True, mask=None, maskParams=None, name='MonkeyMouth', opacity=1.0, ori=0.0, pos=array([0., 0.]), size=array([0.5, 0.5]), texRes=128, units='norm', win=Window(...))
9.7917 	EXP 	Created MonkeyHappy = ImageStim(__class__=<class 'psychopy.visual.image.ImageStim'>, autoLog=True, color=array([1., 1., 1.]), colorSpace='rgb', contrast=1.0, depth=-7.0, flipHoriz=False, flipVert=False, image='monkeymunch.png', interpolate=True, mask=None, maskParams=None, name='MonkeyHappy', opacity=1.0, ori=0.0, pos=array([0., 0.]), size=array([0.5, 0.5]), texRes=128, units='norm', win=Window(...))
9.7953 	EXP 	Created MonkeySad = ImageStim(__class__=<class 'psychopy.visual.image.ImageStim'>, autoLog=True, color=array([1., 1., 1.]), colorSpace='rgb', contrast=1.0, depth=-8.0, flipHoriz=False, flipVert=False, image='monkeyno.png', interpolate=True, mask=None, maskParams=None, name='MonkeySad', opacity=1.0, ori=0.0, pos=array([0., 0.]), size=array([0.5, 0.5]), texRes=128, units='norm', win=Window(...))
9.8074 	EXP 	Created Adios = TextStim(__class__=<class 'psychopy.visual.text.TextStim'>, alignHoriz='center', alignVert='center', antialias=True, autoLog=True, bold=False, color='white', colorSpace='named', contrast=1.0, depth=0.0, flipHoriz=False, flipVert=False, font='Arial', fontFiles=[], height=0.1, italic=False, languageStyle='LTR', name='Adios', opacity=1.0, ori=0, pos=array([0., 0.]), rgb=array([255., 255., 255.]), text='Muchas gracias por participar', units='norm', win=Window(...), wrapWidth=1)
9.8714 	EXP 	image: autoDraw = True
12.8289 	EXP 	image: autoDraw = False
12.8289 	EXP 	Bienvenida: autoDraw = True
13.6347 	EXP 	Created sequence: random, trialTypes=1, nReps=10, seed=None
13.6349 	EXP 	New trial (rep=0, index=0): None
13.6358 	EXP 	Set Munch sound=munch.wav
13.6362 	EXP 	Set Splat sound=splat.wav
13.6367 	DATA 	Keypress: space
13.6480 	EXP 	Bienvenida: autoDraw = False
13.6480 	EXP 	Banana: autoDraw = True
13.6480 	EXP 	SplatBanana: autoDraw = True
13.6480 	EXP 	MonkeyMouth: autoDraw = True
13.6480 	EXP 	MonkeyHappy: autoDraw = True
13.6480 	EXP 	MonkeySad: autoDraw = True
15.3996 	EXP 	Sound Munch started
16.3187 	EXP 	Sound Munch stopped
16.3187 	EXP 	Sound Splat stopped
16.3189 	EXP 	New trial (rep=1, index=0): None
16.3195 	EXP 	Set Munch sound=munch.wav
16.3201 	EXP 	Set Splat sound=splat.wav
16.3333 	EXP 	Banana: autoDraw = False
16.3333 	EXP 	SplatBanana: autoDraw = False
16.3333 	EXP 	MonkeyMouth: autoDraw = False
16.3333 	EXP 	MonkeyHappy: autoDraw = False
16.3333 	EXP 	MonkeySad: autoDraw = False
16.3333 	EXP 	Banana: autoDraw = True
16.3333 	EXP 	SplatBanana: autoDraw = True
16.3333 	EXP 	MonkeyMouth: autoDraw = True
16.3333 	EXP 	MonkeyHappy: autoDraw = True
16.3333 	EXP 	MonkeySad: autoDraw = True
17.5353 	EXP 	Sound Munch started
18.1550 	EXP 	Sound Munch stopped
18.1550 	EXP 	Sound Splat stopped
18.1554 	EXP 	New trial (rep=2, index=0): None
18.1564 	EXP 	Set Munch sound=munch.wav
18.1573 	EXP 	Set Splat sound=splat.wav
18.1681 	EXP 	Banana: autoDraw = False
18.1681 	EXP 	SplatBanana: autoDraw = False
18.1681 	EXP 	MonkeyMouth: autoDraw = False
18.1681 	EXP 	MonkeyHappy: autoDraw = False
18.1681 	EXP 	MonkeySad: autoDraw = False
18.1681 	EXP 	Banana: autoDraw = True
18.1681 	EXP 	SplatBanana: autoDraw = True
18.1681 	EXP 	MonkeyMouth: autoDraw = True
18.1681 	EXP 	MonkeyHappy: autoDraw = True
18.1681 	EXP 	MonkeySad: autoDraw = True
19.0865 	EXP 	Sound Munch started
19.5579 	EXP 	Sound Munch stopped
19.5579 	EXP 	Sound Splat stopped
19.5581 	EXP 	New trial (rep=3, index=0): None
19.5588 	EXP 	Set Munch sound=munch.wav
19.5592 	EXP 	Set Splat sound=splat.wav
19.5694 	EXP 	Banana: autoDraw = False
19.5694 	EXP 	SplatBanana: autoDraw = False
19.5694 	EXP 	MonkeyMouth: autoDraw = False
19.5694 	EXP 	MonkeyHappy: autoDraw = False
19.5694 	EXP 	MonkeySad: autoDraw = False
19.5694 	EXP 	Banana: autoDraw = True
19.5694 	EXP 	SplatBanana: autoDraw = True
19.5694 	EXP 	MonkeyMouth: autoDraw = True
19.5694 	EXP 	MonkeyHappy: autoDraw = True
19.5694 	EXP 	MonkeySad: autoDraw = True
20.3211 	EXP 	Sound Munch started
20.6902 	EXP 	Sound Munch stopped
20.6902 	EXP 	Sound Splat stopped
20.6906 	EXP 	New trial (rep=4, index=0): None
20.6916 	EXP 	Set Munch sound=munch.wav
20.6924 	EXP 	Set Splat sound=splat.wav
20.7042 	EXP 	Banana: autoDraw = False
20.7042 	EXP 	SplatBanana: autoDraw = False
20.7042 	EXP 	MonkeyMouth: autoDraw = False
20.7042 	EXP 	MonkeyHappy: autoDraw = False
20.7042 	EXP 	MonkeySad: autoDraw = False
20.7042 	EXP 	Banana: autoDraw = True
20.7042 	EXP 	SplatBanana: autoDraw = True
20.7042 	EXP 	MonkeyMouth: autoDraw = True
20.7042 	EXP 	MonkeyHappy: autoDraw = True
20.7042 	EXP 	MonkeySad: autoDraw = True
21.3559 	EXP 	Sound Munch started
21.7074 	EXP 	Sound Munch stopped
21.7074 	EXP 	Sound Splat stopped
21.7076 	EXP 	New trial (rep=5, index=0): None
21.7084 	EXP 	Set Munch sound=munch.wav
21.7090 	EXP 	Set Splat sound=splat.wav
21.7221 	EXP 	Banana: autoDraw = False
21.7221 	EXP 	SplatBanana: autoDraw = False
21.7221 	EXP 	MonkeyMouth: autoDraw = False
21.7221 	EXP 	MonkeyHappy: autoDraw = False
21.7221 	EXP 	MonkeySad: autoDraw = False
21.7221 	EXP 	Banana: autoDraw = True
21.7221 	EXP 	SplatBanana: autoDraw = True
21.7221 	EXP 	MonkeyMouth: autoDraw = True
21.7221 	EXP 	MonkeyHappy: autoDraw = True
21.7221 	EXP 	MonkeySad: autoDraw = True
22.2901 	EXP 	Sound Splat started
22.7264 	EXP 	Sound Munch stopped
22.7264 	EXP 	Sound Splat stopped
22.7270 	EXP 	New trial (rep=6, index=0): None
22.7283 	EXP 	Set Munch sound=munch.wav
22.7295 	EXP 	Set Splat sound=splat.wav
22.7398 	EXP 	Banana: autoDraw = False
22.7398 	EXP 	SplatBanana: autoDraw = False
22.7398 	EXP 	MonkeyMouth: autoDraw = False
22.7398 	EXP 	MonkeyHappy: autoDraw = False
22.7398 	EXP 	MonkeySad: autoDraw = False
22.7398 	EXP 	Banana: autoDraw = True
22.7398 	EXP 	SplatBanana: autoDraw = True
22.7398 	EXP 	MonkeyMouth: autoDraw = True
22.7398 	EXP 	MonkeyHappy: autoDraw = True
22.7398 	EXP 	MonkeySad: autoDraw = True
23.3916 	EXP 	Sound Munch started
23.7431 	EXP 	Sound Munch stopped
23.7431 	EXP 	Sound Splat stopped
23.7436 	EXP 	New trial (rep=7, index=0): None
23.7448 	EXP 	Set Munch sound=munch.wav
23.7458 	EXP 	Set Splat sound=splat.wav
23.7569 	EXP 	Banana: autoDraw = False
23.7569 	EXP 	SplatBanana: autoDraw = False
23.7569 	EXP 	MonkeyMouth: autoDraw = False
23.7569 	EXP 	MonkeyHappy: autoDraw = False
23.7569 	EXP 	MonkeySad: autoDraw = False
23.7569 	EXP 	Banana: autoDraw = True
23.7569 	EXP 	SplatBanana: autoDraw = True
23.7569 	EXP 	MonkeyMouth: autoDraw = True
23.7569 	EXP 	MonkeyHappy: autoDraw = True
23.7569 	EXP 	MonkeySad: autoDraw = True
24.3249 	EXP 	Sound Munch started
24.7607 	EXP 	Sound Munch stopped
24.7607 	EXP 	Sound Splat stopped
24.7612 	EXP 	New trial (rep=8, index=0): None
24.7622 	EXP 	Set Munch sound=munch.wav
24.7633 	EXP 	Set Splat sound=splat.wav
24.7750 	EXP 	Banana: autoDraw = False
24.7750 	EXP 	SplatBanana: autoDraw = False
24.7750 	EXP 	MonkeyMouth: autoDraw = False
24.7750 	EXP 	MonkeyHappy: autoDraw = False
24.7750 	EXP 	MonkeySad: autoDraw = False
24.7750 	EXP 	Banana: autoDraw = True
24.7750 	EXP 	SplatBanana: autoDraw = True
24.7750 	EXP 	MonkeyMouth: autoDraw = True
24.7750 	EXP 	MonkeyHappy: autoDraw = True
24.7750 	EXP 	MonkeySad: autoDraw = True
25.2768 	EXP 	Sound Splat started
25.7787 	EXP 	Sound Munch stopped
25.7787 	EXP 	Sound Splat stopped
25.7790 	EXP 	New trial (rep=9, index=0): None
25.7798 	EXP 	Set Munch sound=munch.wav
25.7803 	EXP 	Set Splat sound=splat.wav
25.7924 	EXP 	Banana: autoDraw = False
25.7924 	EXP 	SplatBanana: autoDraw = False
25.7924 	EXP 	MonkeyMouth: autoDraw = False
25.7924 	EXP 	MonkeyHappy: autoDraw = False
25.7924 	EXP 	MonkeySad: autoDraw = False
25.7924 	EXP 	Banana: autoDraw = True
25.7924 	EXP 	SplatBanana: autoDraw = True
25.7924 	EXP 	MonkeyMouth: autoDraw = True
25.7924 	EXP 	MonkeyHappy: autoDraw = True
25.7924 	EXP 	MonkeySad: autoDraw = True
26.3599 	EXP 	Sound Munch started
26.7961 	EXP 	Sound Munch stopped
26.7961 	EXP 	Sound Splat stopped
26.8095 	EXP 	Banana: autoDraw = False
26.8095 	EXP 	SplatBanana: autoDraw = False
26.8095 	EXP 	MonkeyMouth: autoDraw = False
26.8095 	EXP 	MonkeyHappy: autoDraw = False
26.8095 	EXP 	MonkeySad: autoDraw = False
26.8095 	EXP 	Adios: autoDraw = True
31.8148 	EXP 	Adios: autoDraw = False
32.1682 	EXP 	window1: mouseVisible = True
